00:00:00.027104 VirtualBox VM 6.1.26 r145957 linux.amd64 (Jul 28 2021 20:08:35) release log
00:00:00.027106 Log opened 2021-11-12T07:00:54.405850000Z
00:00:00.027106 Build Type: release
00:00:00.027109 OS Product: Linux
00:00:00.027110 OS Release: 5.4.0-90-generic
00:00:00.027111 OS Version: #101~18.04.1-Ubuntu SMP Fri Oct 22 09:25:04 UTC 2021
00:00:00.027130 DMI Product Name: Predator G9-593
00:00:00.027136 DMI Product Version: V1.13
00:00:00.027141 Firmware type: UEFI
00:00:00.027724 Secure Boot: Disabled
00:00:00.027780 Host RAM: 15952MB (15.5GB) total, 13180MB (12.8GB) available
00:00:00.027784 Executable: /usr/lib/virtualbox/VBoxHeadless
00:00:00.027785 Process ID: 27668
00:00:00.027785 Package type: LINUX_64BITS_UBUNTU_18_04
00:00:00.068384 Installed Extension Packs:
00:00:00.068398   None installed!
00:00:00.069029 Console: Machine state changed to 'Starting'
00:00:00.095940 SUP: Opened VMMR0.r0 (/usr/lib/virtualbox/VMMR0.r0) at 0xXXXXXXXXXXXXXXXX.
00:00:00.099130 Guest OS type: 'Ubuntu_64'
00:00:00.100855 fHMForced=true - No raw-mode support in this build!
00:00:00.108753 File system of '/home/vamsi/Documents/Acads/Sem 7/Computer Networks/Lab/Lab9/lab9_network/VMImages/r2/Snapshots' (snapshots) is ext4
00:00:00.108768 File system of '/home/vamsi/Documents/Acads/Sem 7/Computer Networks/Lab/Lab9/lab9_network/VMImages/r2/Snapshots/{32c91fb6-605c-48f1-87f6-6cef9d384abb}.vdi' is ext4
00:00:00.136555 Shared Clipboard: Service loaded
00:00:00.136579 Shared Clipboard: Mode: Off
00:00:00.136628 Shared Clipboard: Service running in headless mode
00:00:00.137307 Drag and drop service loaded
00:00:00.137313 Drag and drop mode: Off
00:00:00.138684 ************************* CFGM dump *************************
00:00:00.138688 [/] (level 0)
00:00:00.138695   CpuExecutionCap   <integer> = 0x0000000000000064 (100)
00:00:00.138698   EnablePAE         <integer> = 0x0000000000000000 (0)
00:00:00.138699   HMEnabled         <integer> = 0x0000000000000001 (1)
00:00:00.138699   MemBalloonSize    <integer> = 0x0000000000000000 (0)
00:00:00.138700   Name              <string>  = "r2" (cb=3)
00:00:00.138701   NumCPUs           <integer> = 0x0000000000000001 (1)
00:00:00.138702   PageFusionAllowed <integer> = 0x0000000000000000 (0)
00:00:00.138702   RamHoleSize       <integer> = 0x0000000020000000 (536 870 912, 512 MB)
00:00:00.138704   RamSize           <integer> = 0x0000000040000000 (1 073 741 824, 1 024 MB)
00:00:00.138705   TimerMillies      <integer> = 0x000000000000000a (10)
00:00:00.138706   UUID              <bytes>   = "ae 67 be 62 70 f9 88 4f bd f6 ba b4 bf 94 65 2f" (cb=16)
00:00:00.138709 
00:00:00.138710 [/CPUM/] (level 1)
00:00:00.138711   GuestCpuName       <string>  = "host" (cb=5)
00:00:00.138712   NestedHWVirt       <integer> = 0x0000000000000000 (0)
00:00:00.138713   PortableCpuIdLevel <integer> = 0x0000000000000000 (0)
00:00:00.138713   SpecCtrl           <integer> = 0x0000000000000000 (0)
00:00:00.138714 
00:00:00.138714 [/CPUM/IsaExts/] (level 2)
00:00:00.138715 
00:00:00.138717 [/DBGC/] (level 1)
00:00:00.138718   GlobalInitScript <string>  = "/home/vamsi/.config/VirtualBox/dbgc-init" (cb=41)
00:00:00.138718   HistoryFile      <string>  = "/home/vamsi/.config/VirtualBox/dbgc-history" (cb=44)
00:00:00.138719   LocalInitScript  <string>  = "/home/vamsi/Documents/Acads/Sem 7/Computer Networks/Lab/Lab9/lab9_network/VMImages/r2/dbgc-init" (cb=96)
00:00:00.138719 
00:00:00.138720 [/DBGF/] (level 1)
00:00:00.138720   Path <string>  = "/home/vamsi/Documents/Acads/Sem 7/Computer Networks/Lab/Lab9/lab9_network/VMImages/r2/debug/;/home/vamsi/Documents/Acads/Sem 7/Computer Networks/Lab/Lab9/lab9_network/VMImages/r2/;cache*/home/vamsi/Documents/Acads/Sem 7/Computer Networks/Lab/Lab9/lab9_network/VMImages/r2/dbgcache/;/home/vamsi/" (cb=295)
00:00:00.138721 
00:00:00.138721 [/Devices/] (level 1)
00:00:00.138722 
00:00:00.138722 [/Devices/8237A/] (level 2)
00:00:00.138723 
00:00:00.138723 [/Devices/8237A/0/] (level 3)
00:00:00.138724   Trusted <integer> = 0x0000000000000001 (1)
00:00:00.138725 
00:00:00.138725 [/Devices/GIMDev/] (level 2)
00:00:00.138726 
00:00:00.138726 [/Devices/GIMDev/0/] (level 3)
00:00:00.138727   Trusted <integer> = 0x0000000000000001 (1)
00:00:00.138727 
00:00:00.138727 [/Devices/VMMDev/] (level 2)
00:00:00.138728 
00:00:00.138728 [/Devices/VMMDev/0/] (level 3)
00:00:00.138729   PCIBusNo      <integer> = 0x0000000000000000 (0)
00:00:00.138730   PCIDeviceNo   <integer> = 0x0000000000000004 (4)
00:00:00.138730   PCIFunctionNo <integer> = 0x0000000000000000 (0)
00:00:00.138731   Trusted       <integer> = 0x0000000000000001 (1)
00:00:00.138731 
00:00:00.138732 [/Devices/VMMDev/0/Config/] (level 4)
00:00:00.138733   GuestCoreDumpDir <string>  = "/home/vamsi/Documents/Acads/Sem 7/Computer Networks/Lab/Lab9/lab9_network/VMImages/r2/Snapshots" (cb=96)
00:00:00.138733 
00:00:00.138734 [/Devices/VMMDev/0/LUN#0/] (level 4)
00:00:00.138734   Driver <string>  = "HGCM" (cb=5)
00:00:00.138735 
00:00:00.138735 [/Devices/VMMDev/0/LUN#0/Config/] (level 5)
00:00:00.138736   Object <integer> = 0x00007f3d08000b70 (139 900 103 953 264)
00:00:00.138738 
00:00:00.138738 [/Devices/VMMDev/0/LUN#999/] (level 4)
00:00:00.138739   Driver <string>  = "MainStatus" (cb=11)
00:00:00.138739 
00:00:00.138739 [/Devices/VMMDev/0/LUN#999/Config/] (level 5)
00:00:00.138740   First   <integer> = 0x0000000000000000 (0)
00:00:00.138741   Last    <integer> = 0x0000000000000000 (0)
00:00:00.138742   papLeds <integer> = 0x00007f3d100027b8 (139 900 238 178 232)
00:00:00.138743 
00:00:00.138743 [/Devices/acpi/] (level 2)
00:00:00.138744 
00:00:00.138744 [/Devices/acpi/0/] (level 3)
00:00:00.138745   PCIBusNo      <integer> = 0x0000000000000000 (0)
00:00:00.138745   PCIDeviceNo   <integer> = 0x0000000000000007 (7)
00:00:00.138746   PCIFunctionNo <integer> = 0x0000000000000000 (0)
00:00:00.138746   Trusted       <integer> = 0x0000000000000001 (1)
00:00:00.138747 
00:00:00.138747 [/Devices/acpi/0/Config/] (level 4)
00:00:00.138748   CpuHotPlug          <integer> = 0x0000000000000000 (0)
00:00:00.138749   FdcEnabled          <integer> = 0x0000000000000000 (0)
00:00:00.138749   HostBusPciAddress   <integer> = 0x0000000000000000 (0)
00:00:00.138750   HpetEnabled         <integer> = 0x0000000000000000 (0)
00:00:00.138751   IOAPIC              <integer> = 0x0000000000000001 (1)
00:00:00.138751   IocPciAddress       <integer> = 0x0000000000010000 (65 536)
00:00:00.138752   NumCPUs             <integer> = 0x0000000000000001 (1)
00:00:00.138753   Parallel0IoPortBase <integer> = 0x0000000000000000 (0)
00:00:00.138753   Parallel0Irq        <integer> = 0x0000000000000000 (0)
00:00:00.138754   Parallel1IoPortBase <integer> = 0x0000000000000000 (0)
00:00:00.138754   Parallel1Irq        <integer> = 0x0000000000000000 (0)
00:00:00.138755   Serial0IoPortBase   <integer> = 0x0000000000000000 (0)
00:00:00.138755   Serial0Irq          <integer> = 0x0000000000000000 (0)
00:00:00.138756   Serial1IoPortBase   <integer> = 0x0000000000000000 (0)
00:00:00.138757   Serial1Irq          <integer> = 0x0000000000000000 (0)
00:00:00.138757   ShowCpu             <integer> = 0x0000000000000001 (1)
00:00:00.138758   ShowRtc             <integer> = 0x0000000000000000 (0)
00:00:00.138758   SmcEnabled          <integer> = 0x0000000000000000 (0)
00:00:00.138759 
00:00:00.138759 [/Devices/acpi/0/LUN#0/] (level 4)
00:00:00.138760   Driver <string>  = "ACPIHost" (cb=9)
00:00:00.138761 
00:00:00.138761 [/Devices/acpi/0/LUN#0/Config/] (level 5)
00:00:00.138762 
00:00:00.138762 [/Devices/ahci/] (level 2)
00:00:00.138763 
00:00:00.138763 [/Devices/ahci/0/] (level 3)
00:00:00.138764   PCIBusNo      <integer> = 0x0000000000000000 (0)
00:00:00.138764   PCIDeviceNo   <integer> = 0x000000000000000d (13)
00:00:00.138765   PCIFunctionNo <integer> = 0x0000000000000000 (0)
00:00:00.138765   Trusted       <integer> = 0x0000000000000001 (1)
00:00:00.138766 
00:00:00.138766 [/Devices/ahci/0/Config/] (level 4)
00:00:00.138767   Bootable  <integer> = 0x0000000000000001 (1)
00:00:00.138768   PortCount <integer> = 0x0000000000000001 (1)
00:00:00.138768 
00:00:00.138769 [/Devices/ahci/0/Config/Port0/] (level 5)
00:00:00.138769   Hotpluggable <integer> = 0x0000000000000000 (0)
00:00:00.138770 
00:00:00.138770 [/Devices/ahci/0/LUN#0/] (level 4)
00:00:00.138771   Driver <string>  = "VD" (cb=3)
00:00:00.138772 
00:00:00.138772 [/Devices/ahci/0/LUN#0/Config/] (level 5)
00:00:00.138773   BlockCache <integer> = 0x0000000000000001 (1)
00:00:00.138774   Format     <string>  = "VDI" (cb=4)
00:00:00.138774   Mountable  <integer> = 0x0000000000000000 (0)
00:00:00.138775   Path       <string>  = "/home/vamsi/Documents/Acads/Sem 7/Computer Networks/Lab/Lab9/lab9_network/VMImages/r2/Snapshots/{32c91fb6-605c-48f1-87f6-6cef9d384abb}.vdi" (cb=139)
00:00:00.138776   Type       <string>  = "HardDisk" (cb=9)
00:00:00.138776   UseNewIo   <integer> = 0x0000000000000001 (1)
00:00:00.138777 
00:00:00.138777 [/Devices/ahci/0/LUN#0/Config/Parent/] (level 6)
00:00:00.138778   Format <string>  = "VDI" (cb=4)
00:00:00.138779   Path   <string>  = "/home/vamsi/Documents/Acads/Sem 7/Computer Networks/Lab/Lab9/lab9_network/VMImages/base/Snapshots/{e22e9aa4-80c9-4e03-93d6-0caee39f6838}.vdi" (cb=141)
00:00:00.138779 
00:00:00.138779 [/Devices/ahci/0/LUN#0/Config/Parent/Parent/] (level 7)
00:00:00.138781   Format <string>  = "VDI" (cb=4)
00:00:00.138781   Path   <string>  = "/home/vamsi/Documents/Acads/Sem 7/Computer Networks/Lab/Lab9/lab9_network/VMImages/base/Snapshots/{9cf32156-823d-496b-b336-6898fee923b5}.vdi" (cb=141)
00:00:00.138781 
00:00:00.138782 [/Devices/ahci/0/LUN#0/Config/Parent/Parent/Parent/] (level 8)
00:00:00.138783   Format <string>  = "VDI" (cb=4)
00:00:00.138783   Path   <string>  = "/home/vamsi/Documents/Acads/Sem 7/Computer Networks/Lab/Lab9/lab9_network/VMImages/base/Snapshots/{460704c9-eba7-45f7-8877-3bd6e52bdccc}.vdi" (cb=141)
00:00:00.138784 
00:00:00.138784 [/Devices/ahci/0/LUN#0/Config/Parent/Parent/Parent/Parent/] (level 9)
00:00:00.138786   Format <string>  = "VDI" (cb=4)
00:00:00.138786   Path   <string>  = "/home/vamsi/Documents/Acads/Sem 7/Computer Networks/Lab/Lab9/lab9_network/VMImages/base/Snapshots/{ccd6ab89-9973-43d9-b6e3-1bbb050f93f6}.vdi" (cb=141)
00:00:00.138786 
00:00:00.138787 [/Devices/ahci/0/LUN#0/Config/Parent/Parent/Parent/Parent/Parent/] (level 10)
00:00:00.138788   Format <string>  = "VDI" (cb=4)
00:00:00.138789   Path   <string>  = "/home/vamsi/Documents/Acads/Sem 7/Computer Networks/Lab/Lab9/lab9_network/VMImages/base/Snapshots/{ca230307-de07-4ee1-b500-8daa8ed4ebc4}.vdi" (cb=141)
00:00:00.138789 
00:00:00.138789 [/Devices/ahci/0/LUN#0/Config/Parent/Parent/Parent/Parent/Parent/Parent/] (level 11)
00:00:00.138791   Format <string>  = "VDI" (cb=4)
00:00:00.138791   Path   <string>  = "/home/vamsi/Documents/Acads/Sem 7/Computer Networks/Lab/Lab9/lab9_network/VMImages/base/Snapshots/{8f83ab64-891d-4e29-8532-09d2e668c3dd}.vdi" (cb=141)
00:00:00.138792 
00:00:00.138792 [/Devices/ahci/0/LUN#0/Config/Parent/Parent/Parent/Parent/Parent/Parent/Parent/] (level 12)
00:00:00.138793   Format <string>  = "VDI" (cb=4)
00:00:00.138794   Path   <string>  = "/home/vamsi/Documents/Acads/Sem 7/Computer Networks/Lab/Lab9/lab9_network/VMImages/base/base.vdi" (cb=97)
00:00:00.138794 
00:00:00.138795 [/Devices/ahci/0/LUN#0/Config/Parent/Parent/Parent/Parent/Parent/Parent/Parent/VDConfig/] (level 13)
00:00:00.138796   AllocationBlockSize <string>  = "1048576" (cb=8)
00:00:00.138797 
00:00:00.138797 [/Devices/ahci/0/LUN#0/Config/Parent/Parent/Parent/Parent/Parent/Parent/VDConfig/] (level 12)
00:00:00.138799   AllocationBlockSize <string>  = "1048576" (cb=8)
00:00:00.138799 
00:00:00.138799 [/Devices/ahci/0/LUN#0/Config/Parent/Parent/Parent/Parent/Parent/VDConfig/] (level 11)
00:00:00.138801   AllocationBlockSize <string>  = "1048576" (cb=8)
00:00:00.138801 
00:00:00.138802 [/Devices/ahci/0/LUN#0/Config/Parent/Parent/Parent/Parent/VDConfig/] (level 10)
00:00:00.138803   AllocationBlockSize <string>  = "1048576" (cb=8)
00:00:00.138803 
00:00:00.138804 [/Devices/ahci/0/LUN#0/Config/Parent/Parent/Parent/VDConfig/] (level 9)
00:00:00.138805   AllocationBlockSize <string>  = "1048576" (cb=8)
00:00:00.138805 
00:00:00.138805 [/Devices/ahci/0/LUN#0/Config/Parent/Parent/VDConfig/] (level 8)
00:00:00.138807   AllocationBlockSize <string>  = "1048576" (cb=8)
00:00:00.138807 
00:00:00.138807 [/Devices/ahci/0/LUN#0/Config/Parent/VDConfig/] (level 7)
00:00:00.138808   AllocationBlockSize <string>  = "1048576" (cb=8)
00:00:00.138809 
00:00:00.138809 [/Devices/ahci/0/LUN#0/Config/VDConfig/] (level 6)
00:00:00.138810   AllocationBlockSize <string>  = "1048576" (cb=8)
00:00:00.138810 
00:00:00.138811 [/Devices/ahci/0/LUN#999/] (level 4)
00:00:00.138812   Driver <string>  = "MainStatus" (cb=11)
00:00:00.138812 
00:00:00.138812 [/Devices/ahci/0/LUN#999/Config/] (level 5)
00:00:00.138814   DeviceInstance        <string>  = "ahci/0" (cb=7)
00:00:00.138814   First                 <integer> = 0x0000000000000000 (0)
00:00:00.138815   Last                  <integer> = 0x0000000000000000 (0)
00:00:00.138815   pConsole              <integer> = 0x00007f3d100013e0 (139 900 238 173 152)
00:00:00.138817   papLeds               <integer> = 0x00007f3d10001bc0 (139 900 238 175 168)
00:00:00.138818   pmapMediumAttachments <integer> = 0x00007f3d100027d8 (139 900 238 178 264)
00:00:00.138819 
00:00:00.138819 [/Devices/apic/] (level 2)
00:00:00.138820 
00:00:00.138820 [/Devices/apic/0/] (level 3)
00:00:00.138821   Trusted <integer> = 0x0000000000000001 (1)
00:00:00.138822 
00:00:00.138822 [/Devices/apic/0/Config/] (level 4)
00:00:00.138823   IOAPIC  <integer> = 0x0000000000000001 (1)
00:00:00.138823   Mode    <integer> = 0x0000000000000003 (3)
00:00:00.138824   NumCPUs <integer> = 0x0000000000000001 (1)
00:00:00.138824 
00:00:00.138825 [/Devices/e1000/] (level 2)
00:00:00.138825 
00:00:00.138826 [/Devices/e1000/0/] (level 3)
00:00:00.138826   PCIBusNo      <integer> = 0x0000000000000000 (0)
00:00:00.138827   PCIDeviceNo   <integer> = 0x0000000000000003 (3)
00:00:00.138827   PCIFunctionNo <integer> = 0x0000000000000000 (0)
00:00:00.138828   Trusted       <integer> = 0x0000000000000001 (1)
00:00:00.138828 
00:00:00.138829 [/Devices/e1000/0/Config/] (level 4)
00:00:00.138830   AdapterType    <integer> = 0x0000000000000000 (0)
00:00:00.138830   CableConnected <integer> = 0x0000000000000001 (1)
00:00:00.138831   LineSpeed      <integer> = 0x0000000000000000 (0)
00:00:00.138831   MAC            <bytes>   = "08 00 27 24 97 41" (cb=6)
00:00:00.138833 
00:00:00.138833 [/Devices/e1000/0/LUN#0/] (level 4)
00:00:00.138834   Driver <string>  = "NAT" (cb=4)
00:00:00.138834 
00:00:00.138834 [/Devices/e1000/0/LUN#0/Config/] (level 5)
00:00:00.138835   AliasMode       <integer> = 0x0000000000000000 (0)
00:00:00.138836   BootFile        <string>  = "r2.pxe" (cb=7)
00:00:00.138837   DNSProxy        <integer> = 0x0000000000000000 (0)
00:00:00.138837   Network         <string>  = "10.0.2.0/24" (cb=12)
00:00:00.138838   PassDomain      <integer> = 0x0000000000000001 (1)
00:00:00.138838   TFTPPrefix      <string>  = "/home/vamsi/.config/VirtualBox/TFTP" (cb=36)
00:00:00.138839   UseHostResolver <integer> = 0x0000000000000000 (0)
00:00:00.138839 
00:00:00.138840 [/Devices/e1000/0/LUN#0/Config/PortForwarding/] (level 6)
00:00:00.138841 
00:00:00.138841 [/Devices/e1000/0/LUN#0/Config/PortForwarding/0/] (level 7)
00:00:00.138842   GuestPort <integer> = 0x0000000000000016 (22)
00:00:00.138843   HostPort  <integer> = 0x000000000000390a (14 602)
00:00:00.138844   Name      <string>  = "ssh" (cb=4)
00:00:00.138844   Protocol  <string>  = "TCP" (cb=4)
00:00:00.138845 
00:00:00.138845 [/Devices/e1000/0/LUN#999/] (level 4)
00:00:00.138846   Driver <string>  = "MainStatus" (cb=11)
00:00:00.138846 
00:00:00.138846 [/Devices/e1000/0/LUN#999/Config/] (level 5)
00:00:00.138847   First   <integer> = 0x0000000000000000 (0)
00:00:00.138848   Last    <integer> = 0x0000000000000000 (0)
00:00:00.138848   papLeds <integer> = 0x00007f3d10002698 (139 900 238 177 944)
00:00:00.138849 
00:00:00.138850 [/Devices/e1000/1/] (level 3)
00:00:00.138850   PCIBusNo      <integer> = 0x0000000000000000 (0)
00:00:00.138851   PCIDeviceNo   <integer> = 0x0000000000000008 (8)
00:00:00.138852   PCIFunctionNo <integer> = 0x0000000000000000 (0)
00:00:00.138852   Trusted       <integer> = 0x0000000000000001 (1)
00:00:00.138853 
00:00:00.138853 [/Devices/e1000/1/Config/] (level 4)
00:00:00.138854   AdapterType    <integer> = 0x0000000000000000 (0)
00:00:00.138854   CableConnected <integer> = 0x0000000000000001 (1)
00:00:00.138855   LineSpeed      <integer> = 0x0000000000000000 (0)
00:00:00.138855   MAC            <bytes>   = "08 00 27 03 03 21" (cb=6)
00:00:00.138856 
00:00:00.138857 [/Devices/e1000/1/LUN#0/] (level 4)
00:00:00.138858   Driver <string>  = "IntNet" (cb=7)
00:00:00.138859 
00:00:00.138859 [/Devices/e1000/1/LUN#0/Config/] (level 5)
00:00:00.138860   IfPolicyPromisc <string>  = "deny" (cb=5)
00:00:00.138860   Network         <string>  = "intnet2" (cb=8)
00:00:00.138861   TrunkType       <integer> = 0x0000000000000002 (2)
00:00:00.138861 
00:00:00.138862 [/Devices/e1000/1/LUN#999/] (level 4)
00:00:00.138863   Driver <string>  = "MainStatus" (cb=11)
00:00:00.138863 
00:00:00.138863 [/Devices/e1000/1/LUN#999/Config/] (level 5)
00:00:00.138864   First   <integer> = 0x0000000000000000 (0)
00:00:00.138865   Last    <integer> = 0x0000000000000000 (0)
00:00:00.138865   papLeds <integer> = 0x00007f3d100026a0 (139 900 238 177 952)
00:00:00.138866 
00:00:00.138866 [/Devices/e1000/2/] (level 3)
00:00:00.138867   PCIBusNo      <integer> = 0x0000000000000000 (0)
00:00:00.138868   PCIDeviceNo   <integer> = 0x0000000000000009 (9)
00:00:00.138868   PCIFunctionNo <integer> = 0x0000000000000000 (0)
00:00:00.138869   Trusted       <integer> = 0x0000000000000001 (1)
00:00:00.138869 
00:00:00.138870 [/Devices/e1000/2/Config/] (level 4)
00:00:00.138871   AdapterType    <integer> = 0x0000000000000000 (0)
00:00:00.138871   CableConnected <integer> = 0x0000000000000001 (1)
00:00:00.138872   LineSpeed      <integer> = 0x0000000000000000 (0)
00:00:00.138872   MAC            <bytes>   = "08 00 27 a6 ef 5d" (cb=6)
00:00:00.138873 
00:00:00.138873 [/Devices/e1000/2/LUN#0/] (level 4)
00:00:00.138874   Driver <string>  = "IntNet" (cb=7)
00:00:00.138875 
00:00:00.138875 [/Devices/e1000/2/LUN#0/Config/] (level 5)
00:00:00.138876   IfPolicyPromisc <string>  = "deny" (cb=5)
00:00:00.138876   Network         <string>  = "intnet101" (cb=10)
00:00:00.138877   TrunkType       <integer> = 0x0000000000000002 (2)
00:00:00.138877 
00:00:00.138878 [/Devices/e1000/2/LUN#999/] (level 4)
00:00:00.138879   Driver <string>  = "MainStatus" (cb=11)
00:00:00.138879 
00:00:00.138879 [/Devices/e1000/2/LUN#999/Config/] (level 5)
00:00:00.138880   First   <integer> = 0x0000000000000000 (0)
00:00:00.138881   Last    <integer> = 0x0000000000000000 (0)
00:00:00.138881   papLeds <integer> = 0x00007f3d100026a8 (139 900 238 177 960)
00:00:00.138882 
00:00:00.138883 [/Devices/e1000/3/] (level 3)
00:00:00.138883   PCIBusNo      <integer> = 0x0000000000000000 (0)
00:00:00.138884   PCIDeviceNo   <integer> = 0x000000000000000a (10)
00:00:00.138884   PCIFunctionNo <integer> = 0x0000000000000000 (0)
00:00:00.138885   Trusted       <integer> = 0x0000000000000001 (1)
00:00:00.138886 
00:00:00.138886 [/Devices/e1000/3/Config/] (level 4)
00:00:00.138887   AdapterType    <integer> = 0x0000000000000000 (0)
00:00:00.138887   CableConnected <integer> = 0x0000000000000001 (1)
00:00:00.138888   LineSpeed      <integer> = 0x0000000000000000 (0)
00:00:00.138888   MAC            <bytes>   = "08 00 27 c4 f2 be" (cb=6)
00:00:00.138889 
00:00:00.138889 [/Devices/e1000/3/LUN#0/] (level 4)
00:00:00.138890   Driver <string>  = "IntNet" (cb=7)
00:00:00.138891 
00:00:00.138891 [/Devices/e1000/3/LUN#0/Config/] (level 5)
00:00:00.138892   IfPolicyPromisc <string>  = "deny" (cb=5)
00:00:00.138892   Network         <string>  = "intnet103" (cb=10)
00:00:00.138893   TrunkType       <integer> = 0x0000000000000002 (2)
00:00:00.138894 
00:00:00.138894 [/Devices/e1000/3/LUN#999/] (level 4)
00:00:00.138895   Driver <string>  = "MainStatus" (cb=11)
00:00:00.138895 
00:00:00.138895 [/Devices/e1000/3/LUN#999/Config/] (level 5)
00:00:00.138896   First   <integer> = 0x0000000000000000 (0)
00:00:00.138897   Last    <integer> = 0x0000000000000000 (0)
00:00:00.138897   papLeds <integer> = 0x00007f3d100026b0 (139 900 238 177 968)
00:00:00.138898 
00:00:00.138899 [/Devices/i8254/] (level 2)
00:00:00.138899 
00:00:00.138899 [/Devices/i8254/0/] (level 3)
00:00:00.138900 
00:00:00.138901 [/Devices/i8254/0/Config/] (level 4)
00:00:00.138901 
00:00:00.138902 [/Devices/i8259/] (level 2)
00:00:00.138902 
00:00:00.138902 [/Devices/i8259/0/] (level 3)
00:00:00.138903   Trusted <integer> = 0x0000000000000001 (1)
00:00:00.138904 
00:00:00.138904 [/Devices/i8259/0/Config/] (level 4)
00:00:00.138905 
00:00:00.138905 [/Devices/ichac97/] (level 2)
00:00:00.138906 
00:00:00.138906 [/Devices/ichac97/0/] (level 3)
00:00:00.138907   PCIBusNo      <integer> = 0x0000000000000000 (0)
00:00:00.138907   PCIDeviceNo   <integer> = 0x0000000000000005 (5)
00:00:00.138908   PCIFunctionNo <integer> = 0x0000000000000000 (0)
00:00:00.138908   Trusted       <integer> = 0x0000000000000001 (1)
00:00:00.138909 
00:00:00.138909 [/Devices/ichac97/0/AudioConfig/] (level 4)
00:00:00.138910 
00:00:00.138910 [/Devices/ichac97/0/Config/] (level 4)
00:00:00.138911   Codec        <string>  = "AD1980" (cb=7)
00:00:00.138912   DebugEnabled <integer> = 0x0000000000000000 (0)
00:00:00.138912 
00:00:00.138913 [/Devices/ichac97/0/LUN#0/] (level 4)
00:00:00.138913   Driver <string>  = "AUDIO" (cb=6)
00:00:00.138914 
00:00:00.138914 [/Devices/ichac97/0/LUN#0/AttachedDriver/] (level 5)
00:00:00.138915   Driver <string>  = "PulseAudio" (cb=11)
00:00:00.138916 
00:00:00.138916 [/Devices/ichac97/0/LUN#0/AttachedDriver/Config/] (level 6)
00:00:00.138917   VmName <string>  = "r2" (cb=3)
00:00:00.138917 
00:00:00.138918 [/Devices/ichac97/0/LUN#0/Config/] (level 5)
00:00:00.138919   DriverName    <string>  = "PulseAudio" (cb=11)
00:00:00.138919   InputEnabled  <integer> = 0x0000000000000000 (0)
00:00:00.138920   OutputEnabled <integer> = 0x0000000000000001 (1)
00:00:00.138920 
00:00:00.138920 [/Devices/ichac97/0/LUN#1/] (level 4)
00:00:00.138921   Driver <string>  = "AUDIO" (cb=6)
00:00:00.138922 
00:00:00.138922 [/Devices/ichac97/0/LUN#2/] (level 4)
00:00:00.138923   Driver <string>  = "AUDIO" (cb=6)
00:00:00.138923 
00:00:00.138923 [/Devices/ioapic/] (level 2)
00:00:00.138924 
00:00:00.138924 [/Devices/ioapic/0/] (level 3)
00:00:00.138925   Trusted <integer> = 0x0000000000000001 (1)
00:00:00.138926 
00:00:00.138926 [/Devices/ioapic/0/Config/] (level 4)
00:00:00.138927   NumCPUs <integer> = 0x0000000000000001 (1)
00:00:00.138927 
00:00:00.138927 [/Devices/mc146818/] (level 2)
00:00:00.138928 
00:00:00.138928 [/Devices/mc146818/0/] (level 3)
00:00:00.138929 
00:00:00.138929 [/Devices/mc146818/0/Config/] (level 4)
00:00:00.138930   UseUTC <integer> = 0x0000000000000001 (1)
00:00:00.138931 
00:00:00.138931 [/Devices/parallel/] (level 2)
00:00:00.138932 
00:00:00.138932 [/Devices/pcarch/] (level 2)
00:00:00.138933 
00:00:00.138933 [/Devices/pcarch/0/] (level 3)
00:00:00.138933   Trusted <integer> = 0x0000000000000001 (1)
00:00:00.138934 
00:00:00.138934 [/Devices/pcarch/0/Config/] (level 4)
00:00:00.138935 
00:00:00.138935 [/Devices/pcbios/] (level 2)
00:00:00.138936 
00:00:00.138937 [/Devices/pcbios/0/] (level 3)
00:00:00.138937   Trusted <integer> = 0x0000000000000001 (1)
00:00:00.138938 
00:00:00.138938 [/Devices/pcbios/0/Config/] (level 4)
00:00:00.138939   APIC               <integer> = 0x0000000000000001 (1)
00:00:00.138940   BootDevice0        <string>  = "FLOPPY" (cb=7)
00:00:00.138941   BootDevice1        <string>  = "DVD" (cb=4)
00:00:00.138941   BootDevice2        <string>  = "IDE" (cb=4)
00:00:00.138942   BootDevice3        <string>  = "NONE" (cb=5)
00:00:00.138942   FloppyDevice       <string>  = "i82078" (cb=7)
00:00:00.138943   HardDiskDevice     <string>  = "piix3ide" (cb=9)
00:00:00.138943   IOAPIC             <integer> = 0x0000000000000001 (1)
00:00:00.138944   McfgBase           <integer> = 0x0000000000000000 (0)
00:00:00.138944   McfgLength         <integer> = 0x0000000000000000 (0)
00:00:00.138945   NumCPUs            <integer> = 0x0000000000000001 (1)
00:00:00.138946   PXEDebug           <integer> = 0x0000000000000000 (0)
00:00:00.138946   SataHardDiskDevice <string>  = "ahci" (cb=5)
00:00:00.138947   SataLUN1           <integer> = 0x0000000000000000 (0)
00:00:00.138947   UUID               <bytes>   = "ae 67 be 62 70 f9 88 4f bd f6 ba b4 bf 94 65 2f" (cb=16)
00:00:00.138949   UuidLe             <integer> = 0x0000000000000000 (0)
00:00:00.138950 
00:00:00.138950 [/Devices/pcbios/0/Config/NetBoot/] (level 5)
00:00:00.138951 
00:00:00.138951 [/Devices/pcbios/0/Config/NetBoot/0/] (level 6)
00:00:00.138952   NIC           <integer> = 0x0000000000000000 (0)
00:00:00.138953   PCIBusNo      <integer> = 0x0000000000000000 (0)
00:00:00.138953   PCIDeviceNo   <integer> = 0x0000000000000003 (3)
00:00:00.138954   PCIFunctionNo <integer> = 0x0000000000000000 (0)
00:00:00.138954 
00:00:00.138955 [/Devices/pci/] (level 2)
00:00:00.138955 
00:00:00.138956 [/Devices/pci/0/] (level 3)
00:00:00.138956   Trusted <integer> = 0x0000000000000001 (1)
00:00:00.138957 
00:00:00.138957 [/Devices/pci/0/Config/] (level 4)
00:00:00.138958   IOAPIC <integer> = 0x0000000000000001 (1)
00:00:00.138958 
00:00:00.138959 [/Devices/pcibridge/] (level 2)
00:00:00.138959 
00:00:00.138960 [/Devices/pckbd/] (level 2)
00:00:00.138960 
00:00:00.138960 [/Devices/pckbd/0/] (level 3)
00:00:00.138961   Trusted <integer> = 0x0000000000000001 (1)
00:00:00.138962 
00:00:00.138962 [/Devices/pckbd/0/Config/] (level 4)
00:00:00.138963 
00:00:00.138963 [/Devices/pckbd/0/LUN#0/] (level 4)
00:00:00.138964   Driver <string>  = "KeyboardQueue" (cb=14)
00:00:00.138964 
00:00:00.138965 [/Devices/pckbd/0/LUN#0/AttachedDriver/] (level 5)
00:00:00.138966   Driver <string>  = "MainKeyboard" (cb=13)
00:00:00.138966 
00:00:00.138966 [/Devices/pckbd/0/LUN#0/AttachedDriver/Config/] (level 6)
00:00:00.138967   Object <integer> = 0x000055e6a8780bc0 (94 449 157 278 656)
00:00:00.138968 
00:00:00.138969 [/Devices/pckbd/0/LUN#0/Config/] (level 5)
00:00:00.138969   QueueSize <integer> = 0x0000000000000040 (64)
00:00:00.138970 
00:00:00.138970 [/Devices/pckbd/0/LUN#1/] (level 4)
00:00:00.138971   Driver <string>  = "MouseQueue" (cb=11)
00:00:00.138972 
00:00:00.138972 [/Devices/pckbd/0/LUN#1/AttachedDriver/] (level 5)
00:00:00.138973   Driver <string>  = "MainMouse" (cb=10)
00:00:00.138973 
00:00:00.138974 [/Devices/pckbd/0/LUN#1/AttachedDriver/Config/] (level 6)
00:00:00.138975   Object <integer> = 0x00007f3d10006090 (139 900 238 192 784)
00:00:00.138976 
00:00:00.138976 [/Devices/pckbd/0/LUN#1/Config/] (level 5)
00:00:00.138977   QueueSize <integer> = 0x0000000000000080 (128)
00:00:00.138977 
00:00:00.138978 [/Devices/pcnet/] (level 2)
00:00:00.138978 
00:00:00.138979 [/Devices/piix3ide/] (level 2)
00:00:00.138979 
00:00:00.138980 [/Devices/piix3ide/0/] (level 3)
00:00:00.138980   PCIBusNo      <integer> = 0x0000000000000000 (0)
00:00:00.138981   PCIDeviceNo   <integer> = 0x0000000000000001 (1)
00:00:00.138981   PCIFunctionNo <integer> = 0x0000000000000001 (1)
00:00:00.138982   Trusted       <integer> = 0x0000000000000001 (1)
00:00:00.138983 
00:00:00.138983 [/Devices/piix3ide/0/Config/] (level 4)
00:00:00.138984   Type <string>  = "PIIX4" (cb=6)
00:00:00.138984 
00:00:00.138984 [/Devices/piix3ide/0/LUN#0/] (level 4)
00:00:00.138985   Driver <string>  = "VD" (cb=3)
00:00:00.138986 
00:00:00.138986 [/Devices/piix3ide/0/LUN#0/Config/] (level 5)
00:00:00.138987   EmptyDrive <integer> = 0x0000000000000001 (1)
00:00:00.138987   Mountable  <integer> = 0x0000000000000001 (1)
00:00:00.138988   Type       <string>  = "DVD" (cb=4)
00:00:00.138988 
00:00:00.138988 [/Devices/piix3ide/0/LUN#999/] (level 4)
00:00:00.138989   Driver <string>  = "MainStatus" (cb=11)
00:00:00.138990 
00:00:00.138990 [/Devices/piix3ide/0/LUN#999/Config/] (level 5)
00:00:00.138991   DeviceInstance        <string>  = "piix3ide/0" (cb=11)
00:00:00.138992   First                 <integer> = 0x0000000000000000 (0)
00:00:00.138992   Last                  <integer> = 0x0000000000000003 (3)
00:00:00.138993   pConsole              <integer> = 0x00007f3d100013e0 (139 900 238 173 152)
00:00:00.138994   papLeds               <integer> = 0x00007f3d10001ba0 (139 900 238 175 136)
00:00:00.138995   pmapMediumAttachments <integer> = 0x00007f3d100027d8 (139 900 238 178 264)
00:00:00.138996 
00:00:00.138996 [/Devices/serial/] (level 2)
00:00:00.138997 
00:00:00.138997 [/Devices/usb-ohci/] (level 2)
00:00:00.138998 
00:00:00.138998 [/Devices/usb-ohci/0/] (level 3)
00:00:00.138999   PCIBusNo      <integer> = 0x0000000000000000 (0)
00:00:00.139000   PCIDeviceNo   <integer> = 0x0000000000000006 (6)
00:00:00.139000   PCIFunctionNo <integer> = 0x0000000000000000 (0)
00:00:00.139001   Trusted       <integer> = 0x0000000000000001 (1)
00:00:00.139001 
00:00:00.139001 [/Devices/usb-ohci/0/Config/] (level 4)
00:00:00.139002 
00:00:00.139002 [/Devices/usb-ohci/0/LUN#0/] (level 4)
00:00:00.139003   Driver <string>  = "VUSBRootHub" (cb=12)
00:00:00.139004 
00:00:00.139004 [/Devices/usb-ohci/0/LUN#0/Config/] (level 5)
00:00:00.139005 
00:00:00.139005 [/Devices/usb-ohci/0/LUN#999/] (level 4)
00:00:00.139006   Driver <string>  = "MainStatus" (cb=11)
00:00:00.139007 
00:00:00.139007 [/Devices/usb-ohci/0/LUN#999/Config/] (level 5)
00:00:00.139008   First   <integer> = 0x0000000000000000 (0)
00:00:00.139008   Last    <integer> = 0x0000000000000000 (0)
00:00:00.139009   papLeds <integer> = 0x00007f3d100027c0 (139 900 238 178 240)
00:00:00.139010 
00:00:00.139010 [/Devices/vga/] (level 2)
00:00:00.139011 
00:00:00.139011 [/Devices/vga/0/] (level 3)
00:00:00.139012   PCIBusNo      <integer> = 0x0000000000000000 (0)
00:00:00.139012   PCIDeviceNo   <integer> = 0x0000000000000002 (2)
00:00:00.139013   PCIFunctionNo <integer> = 0x0000000000000000 (0)
00:00:00.139013   Trusted       <integer> = 0x0000000000000001 (1)
00:00:00.139014 
00:00:00.139014 [/Devices/vga/0/Config/] (level 4)
00:00:00.139015   3DEnabled          <integer> = 0x0000000000000000 (0)
00:00:00.139016   CustomVideoModes   <integer> = 0x0000000000000000 (0)
00:00:00.139017   FadeIn             <integer> = 0x0000000000000001 (1)
00:00:00.139017   FadeOut            <integer> = 0x0000000000000001 (1)
00:00:00.139018   HeightReduction    <integer> = 0x0000000000000000 (0)
00:00:00.139018   LogoFile           <string>  = "" (cb=1)
00:00:00.139019   LogoTime           <integer> = 0x0000000000000000 (0)
00:00:00.139020   MonitorCount       <integer> = 0x0000000000000001 (1)
00:00:00.139020   ShowBootMenu       <integer> = 0x0000000000000002 (2)
00:00:00.139021   VMSVGA3dEnabled    <integer> = 0x0000000000000000 (0)
00:00:00.139021   VMSVGAEnabled      <integer> = 0x0000000000000001 (1)
00:00:00.139022   VMSVGAPciBarLayout <integer> = 0x0000000000000001 (1)
00:00:00.139022   VMSVGAPciId        <integer> = 0x0000000000000001 (1)
00:00:00.139023   VRamSize           <integer> = 0x0000000001000000 (16 777 216, 16 MB)
00:00:00.139024 
00:00:00.139025 [/Devices/vga/0/LUN#0/] (level 4)
00:00:00.139025   Driver <string>  = "MainDisplay" (cb=12)
00:00:00.139026 
00:00:00.139026 [/Devices/vga/0/LUN#0/Config/] (level 5)
00:00:00.139027   Object <integer> = 0x00007f3d10006cd0 (139 900 238 195 920)
00:00:00.139028 
00:00:00.139028 [/Devices/vga/0/LUN#999/] (level 4)
00:00:00.139029   Driver <string>  = "MainStatus" (cb=11)
00:00:00.139030 
00:00:00.139030 [/Devices/vga/0/LUN#999/Config/] (level 5)
00:00:00.139031   First   <integer> = 0x0000000000000000 (0)
00:00:00.139031   Last    <integer> = 0x0000000000000000 (0)
00:00:00.139032   papLeds <integer> = 0x00007f3d100027d0 (139 900 238 178 256)
00:00:00.139033 
00:00:00.139033 [/Devices/virtio-net/] (level 2)
00:00:00.139034 
00:00:00.139034 [/EM/] (level 1)
00:00:00.139035   TripleFaultReset <integer> = 0x0000000000000000 (0)
00:00:00.139035 
00:00:00.139035 [/GIM/] (level 1)
00:00:00.139036   Provider <string>  = "KVM" (cb=4)
00:00:00.139036 
00:00:00.139037 [/HM/] (level 1)
00:00:00.139037   64bitEnabled            <integer> = 0x0000000000000001 (1)
00:00:00.139038   EnableLargePages        <integer> = 0x0000000000000000 (0)
00:00:00.139039   EnableNestedPaging      <integer> = 0x0000000000000001 (1)
00:00:00.139039   EnableUX                <integer> = 0x0000000000000001 (1)
00:00:00.139040   EnableVPID              <integer> = 0x0000000000000001 (1)
00:00:00.139041   Exclusive               <integer> = 0x0000000000000001 (1)
00:00:00.139041   HMForced                <integer> = 0x0000000000000001 (1)
00:00:00.139042   IBPBOnVMEntry           <integer> = 0x0000000000000000 (0)
00:00:00.139042   IBPBOnVMExit            <integer> = 0x0000000000000000 (0)
00:00:00.139043   L1DFlushOnSched         <integer> = 0x0000000000000001 (1)
00:00:00.139044   L1DFlushOnVMEntry       <integer> = 0x0000000000000000 (0)
00:00:00.139044   LovelyMesaDrvWorkaround <integer> = 0x0000000000000001 (1)
00:00:00.139045   MDSClearOnSched         <integer> = 0x0000000000000001 (1)
00:00:00.139045   MDSClearOnVMEntry       <integer> = 0x0000000000000000 (0)
00:00:00.139046   SpecCtrlByHost          <integer> = 0x0000000000000000 (0)
00:00:00.139046   UseNEMInstead           <integer> = 0x0000000000000000 (0)
00:00:00.139047 
00:00:00.139047 [/MM/] (level 1)
00:00:00.139048   CanUseLargerHeap <integer> = 0x0000000000000000 (0)
00:00:00.139048 
00:00:00.139049 [/NEM/] (level 1)
00:00:00.139049   Allow64BitGuests        <integer> = 0x0000000000000001 (1)
00:00:00.139050   LovelyMesaDrvWorkaround <integer> = 0x0000000000000001 (1)
00:00:00.139050 
00:00:00.139051 [/PDM/] (level 1)
00:00:00.139051 
00:00:00.139051 [/PDM/AsyncCompletion/] (level 2)
00:00:00.139052 
00:00:00.139052 [/PDM/AsyncCompletion/File/] (level 3)
00:00:00.139053 
00:00:00.139053 [/PDM/AsyncCompletion/File/BwGroups/] (level 4)
00:00:00.139054 
00:00:00.139054 [/PDM/BlkCache/] (level 2)
00:00:00.139055   CacheSize <integer> = 0x0000000000500000 (5 242 880, 5 MB)
00:00:00.139056 
00:00:00.139056 [/PDM/Devices/] (level 2)
00:00:00.139057 
00:00:00.139057 [/PDM/Drivers/] (level 2)
00:00:00.139058 
00:00:00.139058 [/PDM/Drivers/VBoxC/] (level 3)
00:00:00.139059   Path <string>  = "/usr/lib/virtualbox/components/VBoxC" (cb=37)
00:00:00.139059 
00:00:00.139060 [/PDM/NetworkShaper/] (level 2)
00:00:00.139060 
00:00:00.139061 [/PDM/NetworkShaper/BwGroups/] (level 3)
00:00:00.139061 
00:00:00.139062 [/TM/] (level 1)
00:00:00.139062   UTCOffset <integer> = 0x0000000000000000 (0)
00:00:00.139063 
00:00:00.139063 [/USB/] (level 1)
00:00:00.139063 
00:00:00.139064 [/USB/HidMouse/] (level 2)
00:00:00.139064 
00:00:00.139064 [/USB/HidMouse/0/] (level 3)
00:00:00.139065 
00:00:00.139065 [/USB/HidMouse/0/Config/] (level 4)
00:00:00.139066   Mode <string>  = "absolute" (cb=9)
00:00:00.139067 
00:00:00.139067 [/USB/HidMouse/0/LUN#0/] (level 4)
00:00:00.139068   Driver <string>  = "MouseQueue" (cb=11)
00:00:00.139068 
00:00:00.139068 [/USB/HidMouse/0/LUN#0/AttachedDriver/] (level 5)
00:00:00.139069   Driver <string>  = "MainMouse" (cb=10)
00:00:00.139070 
00:00:00.139070 [/USB/HidMouse/0/LUN#0/AttachedDriver/Config/] (level 6)
00:00:00.139071   Object <integer> = 0x00007f3d10006090 (139 900 238 192 784)
00:00:00.139072 
00:00:00.139072 [/USB/HidMouse/0/LUN#0/Config/] (level 5)
00:00:00.139073   QueueSize <integer> = 0x0000000000000080 (128)
00:00:00.139074 
00:00:00.139074 [/USB/USBProxy/] (level 2)
00:00:00.139075 
00:00:00.139075 [/USB/USBProxy/GlobalConfig/] (level 3)
00:00:00.139076 
00:00:00.139076 ********************* End of CFGM dump **********************
00:00:00.139144 HM: HMR3Init: VT-x w/ nested paging and unrestricted guest execution hw support
00:00:00.139185 MM: cbHyperHeap=0x200000 (2097152)
00:00:00.139972 CPUM: fXStateHostMask=0x7; initial: 0x7; host XCR0=0x1f
00:00:00.140717 CPUM: Matched host CPU INTEL 0x6/0x9e/0x9 Intel_Core7_KabyLake with CPU DB entry 'Intel Core i7-6700K' (INTEL 0x6/0x5e/0x3 Intel_Core7_Skylake)
00:00:00.140755 CPUM: MXCSR_MASK=0xffff (host: 0xffff)
00:00:00.140765 CPUM: Microcode revision 0x000000EA
00:00:00.140770 CPUM: Changing leaf 13[0]: EBX=0x440 -> 0x340, ECX=0x440 -> 0x340
00:00:00.140778 CPUM: MSR/CPUID reconciliation insert: 0x0000010b IA32_FLUSH_CMD
00:00:00.140865 PGM: Host paging mode: AMD64+PGE+NX
00:00:00.140871 PGM: PGMPool: cMaxPages=768 (u64MaxPages=545)
00:00:00.140873 PGM: pgmR3PoolInit: cMaxPages=0x300 cMaxUsers=0x600 cMaxPhysExts=0x600 fCacheEnable=true 
00:00:00.141240 PGM: /proc/sys/vm/max_map_count = 65530 (rc2=VWRN_TRAILING_CHARS); cGuessNeeded=16384
00:00:00.142584 TM: GIP - u32Mode=3 (Invariant) u32UpdateHz=62 u32UpdateIntervalNS=16000000 enmUseTscDelta=2 (Practically Zero) fGetGipCpu=0x1b cCpus=4
00:00:00.142601 TM: GIP - u64CpuHz=2 474 916 253 (0x9384399d)  SUPGetCpuHzFromGip => 2 474 916 253
00:00:00.142606 TM: GIP - CPU: iCpuSet=0x0 idCpu=0x0 idApic=0x0 iGipCpu=0x1 i64TSCDelta=0 enmState=3 u64CpuHz=2495974764(*) cErrors=0
00:00:00.142610 TM: GIP - CPU: iCpuSet=0x1 idCpu=0x1 idApic=0x2 iGipCpu=0x3 i64TSCDelta=0 enmState=3 u64CpuHz=2495975108(*) cErrors=0
00:00:00.142612 TM: GIP - CPU: iCpuSet=0x2 idCpu=0x2 idApic=0x4 iGipCpu=0x2 i64TSCDelta=0 enmState=3 u64CpuHz=2495975102(*) cErrors=0
00:00:00.142615 TM: GIP - CPU: iCpuSet=0x3 idCpu=0x3 idApic=0x6 iGipCpu=0x0 i64TSCDelta=0 enmState=3 u64CpuHz=2474916253(*) cErrors=0
00:00:00.142660 TM: cTSCTicksPerSecond=2 474 916 253 (0x9384399d) enmTSCMode=3 (Dynamic)
00:00:00.142661 TM: TSCTiedToExecution=false TSCNotTiedToHalt=false
00:00:00.143327 EMR3Init: fIemExecutesAll=false fGuruOnTripleFault=true 
00:00:00.143418 IEM: TargetCpu=CURRENT, Microarch=Intel_Core7_KabyLake
00:00:00.143468 GIM: Using provider 'KVM' (Implementation version: 0)
00:00:00.143472 CPUM: SetGuestCpuIdFeature: Enabled Hypervisor Present bit
00:00:00.193886 AIOMgr: Default manager type is 'Async'
00:00:00.193917 AIOMgr: Default file backend is 'NonBuffered'
00:00:00.194185 BlkCache: Cache successfully initialized. Cache size is 5242880 bytes
00:00:00.194193 BlkCache: Cache commit interval is 10000 ms
00:00:00.194195 BlkCache: Cache commit threshold is 2621440 bytes
00:00:00.195099 PcBios: [SMP] BIOS with 1 CPUs
00:00:00.195117 PcBios: Using the 386+ BIOS image.
00:00:00.195170 PcBios: MPS table at 000e1300
00:00:00.195468 PcBios: fCheckShutdownStatusForSoftReset=true   fClearShutdownStatusOnHardReset=true 
00:00:00.195604 SUP: Opened VBoxDDR0.r0 (/usr/lib/virtualbox/VBoxDDR0.r0) at 0xXXXXXXXXXXXXXXXX.
00:00:00.195747 CPUM: SetGuestCpuIdFeature: Enabled xAPIC
00:00:00.195751 CPUM: SetGuestCpuIdFeature: Enabled x2APIC
00:00:00.195908 IOAPIC: Using implementation 2.0! Chipset type ICH9
00:00:00.195944 PIT: mode=3 count=0x10000 (65536) - 18.20 Hz (ch=0)
00:00:00.196334 VMMDev: cbDefaultBudget: 261 373 632 (f943ec0)
00:00:00.197809 Shared Folders service loaded
00:00:00.198342 Guest Control service loaded
00:00:00.203671 VGA: Using the 386+ BIOS image.
00:00:00.204687 DrvVD: Flushes will be ignored
00:00:00.204693 DrvVD: Async flushes will be passed to the disk
00:00:00.206937 VD: VDInit finished with VINF_SUCCESS
00:00:00.207174 AIOMgr: Endpoint for file '/home/vamsi/Documents/Acads/Sem 7/Computer Networks/Lab/Lab9/lab9_network/VMImages/base/base.vdi' (flags 000c0781) created successfully
00:00:00.218951 AIOMgr: Endpoint for file '/home/vamsi/Documents/Acads/Sem 7/Computer Networks/Lab/Lab9/lab9_network/VMImages/base/Snapshots/{8f83ab64-891d-4e29-8532-09d2e668c3dd}.vdi' (flags 000c0781) created successfully
00:00:00.233190 AIOMgr: Endpoint for file '/home/vamsi/Documents/Acads/Sem 7/Computer Networks/Lab/Lab9/lab9_network/VMImages/base/Snapshots/{ca230307-de07-4ee1-b500-8daa8ed4ebc4}.vdi' (flags 000c0781) created successfully
00:00:00.250701 AIOMgr: Endpoint for file '/home/vamsi/Documents/Acads/Sem 7/Computer Networks/Lab/Lab9/lab9_network/VMImages/base/Snapshots/{ccd6ab89-9973-43d9-b6e3-1bbb050f93f6}.vdi' (flags 000c0781) created successfully
00:00:00.269713 AIOMgr: Endpoint for file '/home/vamsi/Documents/Acads/Sem 7/Computer Networks/Lab/Lab9/lab9_network/VMImages/base/Snapshots/{460704c9-eba7-45f7-8877-3bd6e52bdccc}.vdi' (flags 000c0781) created successfully
00:00:00.284248 AIOMgr: Endpoint for file '/home/vamsi/Documents/Acads/Sem 7/Computer Networks/Lab/Lab9/lab9_network/VMImages/base/Snapshots/{9cf32156-823d-496b-b336-6898fee923b5}.vdi' (flags 000c0781) created successfully
00:00:00.302267 AIOMgr: Endpoint for file '/home/vamsi/Documents/Acads/Sem 7/Computer Networks/Lab/Lab9/lab9_network/VMImages/base/Snapshots/{e22e9aa4-80c9-4e03-93d6-0caee39f6838}.vdi' (flags 000c0781) created successfully
00:00:00.302984 AIOMgr: Endpoint for file '/home/vamsi/Documents/Acads/Sem 7/Computer Networks/Lab/Lab9/lab9_network/VMImages/r2/Snapshots/{32c91fb6-605c-48f1-87f6-6cef9d384abb}.vdi' (flags 000c0723) created successfully
00:00:00.303232 VD: Opening the disk took 96373673 ns
00:00:00.303275 AHCI: LUN#0: disk, PCHS=2212/16/63, total number of sectors 2229702
00:00:00.303402 AHCI#0: Reset the HBA
00:00:00.303410 VD#0: Cancelling all active requests
00:00:00.303923 DrvVD: Flushes will be ignored
00:00:00.303928 DrvVD: Async flushes will be passed to the disk
00:00:00.303945 PIIX3 ATA: LUN#0: CD/DVD, total number of sectors 0, passthrough disabled
00:00:00.305808 PIIX3 ATA: LUN#1: no unit
00:00:00.305884 PIIX3 ATA: LUN#2: no unit
00:00:00.305891 PIIX3 ATA: LUN#3: no unit
00:00:00.305915 PIIX3 ATA: Ctl#0: finished processing RESET
00:00:00.305926 PIIX3 ATA: Ctl#1: finished processing RESET
00:00:00.305978 E1000#0: Chip=82540EM LinkUpDelay=3000ms EthernetCRC=on GSO=enabled Itr=disabled ItrRx=enabled TID=disabled R0=enabled RC=disabled
00:00:00.312299 NAT: Guest address guess set to 10.0.2.15 by initialization
00:00:00.312413 NAT: resolv.conf: nameserver 127.0.0.53
00:00:00.312424 NAT: DNS server 127.0.0.53 registration detected, switching to the DNS proxy
00:00:00.312427 NAT: DNS#0: 127.0.0.53
00:00:00.312475 NAT: Set redirect TCP 0.0.0.0:14602 -> 0.0.0.0:22
00:00:00.313060 E1000#1: Chip=82540EM LinkUpDelay=3000ms EthernetCRC=on GSO=enabled Itr=disabled ItrRx=enabled TID=disabled R0=enabled RC=disabled
00:00:00.313113 IntNet#0: szNetwork={intnet2} enmTrunkType=2 szTrunk={} fFlags=0x8000 cbRecv=325632 cbSend=196608 fIgnoreConnectFailure=false
00:00:00.313419 E1000#2: Chip=82540EM LinkUpDelay=3000ms EthernetCRC=on GSO=enabled Itr=disabled ItrRx=enabled TID=disabled R0=enabled RC=disabled
00:00:00.313458 IntNet#1: szNetwork={intnet101} enmTrunkType=2 szTrunk={} fFlags=0x8000 cbRecv=325632 cbSend=196608 fIgnoreConnectFailure=false
00:00:00.313739 E1000#3: Chip=82540EM LinkUpDelay=3000ms EthernetCRC=on GSO=enabled Itr=disabled ItrRx=enabled TID=disabled R0=enabled RC=disabled
00:00:00.313800 IntNet#2: szNetwork={intnet103} enmTrunkType=2 szTrunk={} fFlags=0x8000 cbRecv=325632 cbSend=196608 fIgnoreConnectFailure=false
00:00:00.314246 AC97: Using codec 'AD1980'
00:00:00.314292 Audio: Initializing PulseAudio driver
00:00:00.316004 PulseAudio: Using version 11.1.0
00:00:00.334506 PulseAudio: Retrieving server information ...
00:00:00.335093 Audio: Found 3 devices for driver 'PulseAudio'
00:00:00.335117 Audio: Device 'Built-in Audio Analog Stereo':
00:00:00.335118 Audio:   ID              = alsa_output.pci-0000_00_1f.3.analog-stereo
00:00:00.335118 Audio:   Usage           = output
00:00:00.335119 Audio:   Flags           = DEFAULT_OUT
00:00:00.335119 Audio:   Input channels  = 0
00:00:00.335119 Audio:   Output channels = 2
00:00:00.335122 Audio: Device 'Monitor of Built-in Audio Analog Stereo':
00:00:00.335122 Audio:   ID              = alsa_output.pci-0000_00_1f.3.analog-stereo.monitor
00:00:00.335122 Audio:   Usage           = input
00:00:00.335123 Audio:   Flags           = NONE
00:00:00.335123 Audio:   Input channels  = 2
00:00:00.335123 Audio:   Output channels = 0
00:00:00.335125 Audio: Device 'Built-in Audio Analog Stereo':
00:00:00.335125 Audio:   ID              = alsa_input.pci-0000_00_1f.3.analog-stereo
00:00:00.335126 Audio:   Usage           = input
00:00:00.335126 Audio:   Flags           = DEFAULT_IN
00:00:00.335126 Audio:   Input channels  = 2
00:00:00.335126 Audio:   Output channels = 0
00:00:00.335194 AC97: Reset
00:00:00.335198 AC97: Mixer reset (EAID=0x809, EACS=0x9)
00:00:00.335200 AC97: Record select to left=mic, right=mic
00:00:00.335845 VUSB: Attached 'HidMouse' to port 1 on RootHub#0 (FullSpeed)
00:00:00.335873 PGM: The CPU physical address width is 39 bits
00:00:00.335877 PGM: PGMR3InitFinalize: 4 MB PSE mask 0000007fffffffff -> VINF_SUCCESS
00:00:00.335895 TM: TMR3InitFinalize: fTSCModeSwitchAllowed=true 
00:00:00.335984 VMM: Enabled thread-context hooks
00:00:00.335988 VMM: RTThreadPreemptIsPending() can be trusted
00:00:00.335996 VMM: Kernel preemption is not possible it seems
00:00:00.336005 HM: fWorldSwitcher=0x0 (fIbpbOnVmExit=false fIbpbOnVmEntry=false fL1dFlushOnVmEntry=false); fL1dFlushOnSched=true  fMdsClearOnVmEntry=false
00:00:00.336009 HM: Using VT-x implementation 3.0
00:00:00.336010 HM: Max resume loops                  = 8192
00:00:00.336010 HM: Host CR4                          = 0x3606e0
00:00:00.336011 HM: Host EFER                         = 0xd01
00:00:00.336011 HM: MSR_IA32_SMM_MONITOR_CTL          = 0x0
00:00:00.336012 HM: MSR_IA32_FEATURE_CONTROL          = 0x5
00:00:00.336012 HM:   LOCK
00:00:00.336013 HM:   VMXON
00:00:00.336013 HM: MSR_IA32_VMX_BASIC                = 0xda040000000004
00:00:00.336014 HM:   VMCS id                           = 0x4
00:00:00.336014 HM:   VMCS size                         = 1024 bytes
00:00:00.336015 HM:   VMCS physical address limit       = None
00:00:00.336015 HM:   VMCS memory type                  = Write Back (WB)
00:00:00.336015 HM:   Dual-monitor treatment support    = true 
00:00:00.336016 HM:   OUTS & INS instruction-info       = true 
00:00:00.336016 HM:   Supports true-capability MSRs     = true 
00:00:00.336017 HM:   VM-entry Xcpt error-code optional = false
00:00:00.336017 HM: MSR_IA32_VMX_PINBASED_CTLS        = 0x7f00000016
00:00:00.336018 HM:   EXT_INT_EXIT
00:00:00.336018 HM:   NMI_EXIT
00:00:00.336018 HM:   VIRTUAL_NMI
00:00:00.336019 HM:   PREEMPT_TIMER
00:00:00.336019 HM:   POSTED_INT (must be cleared)
00:00:00.336019 HM: MSR_IA32_VMX_PROCBASED_CTLS       = 0xfff9fffe0401e172
00:00:00.336020 HM:   INT_WINDOW_EXIT
00:00:00.336021 HM:   USE_TSC_OFFSETTING
00:00:00.336021 HM:   HLT_EXIT
00:00:00.336021 HM:   INVLPG_EXIT
00:00:00.336022 HM:   MWAIT_EXIT
00:00:00.336022 HM:   RDPMC_EXIT
00:00:00.336023 HM:   RDTSC_EXIT
00:00:00.336023 HM:   CR3_LOAD_EXIT (must be set)
00:00:00.336023 HM:   CR3_STORE_EXIT (must be set)
00:00:00.336024 HM:   CR8_LOAD_EXIT
00:00:00.336024 HM:   CR8_STORE_EXIT
00:00:00.336024 HM:   USE_TPR_SHADOW
00:00:00.336024 HM:   NMI_WINDOW_EXIT
00:00:00.336025 HM:   MOV_DR_EXIT
00:00:00.336025 HM:   UNCOND_IO_EXIT
00:00:00.336026 HM:   USE_IO_BITMAPS
00:00:00.336026 HM:   MONITOR_TRAP_FLAG
00:00:00.336026 HM:   USE_MSR_BITMAPS
00:00:00.336026 HM:   MONITOR_EXIT
00:00:00.336027 HM:   PAUSE_EXIT
00:00:00.336027 HM:   USE_SECONDARY_CTLS
00:00:00.336027 HM: MSR_IA32_VMX_PROCBASED_CTLS2      = 0x5fbcff00000000
00:00:00.336028 HM:   VIRT_APIC_ACCESS
00:00:00.336029 HM:   EPT
00:00:00.336029 HM:   DESC_TABLE_EXIT
00:00:00.336029 HM:   RDTSCP
00:00:00.336030 HM:   VIRT_X2APIC_MODE
00:00:00.336030 HM:   VPID
00:00:00.336030 HM:   WBINVD_EXIT
00:00:00.336031 HM:   UNRESTRICTED_GUEST
00:00:00.336031 HM:   APIC_REG_VIRT (must be cleared)
00:00:00.336031 HM:   VIRT_INT_DELIVERY (must be cleared)
00:00:00.336031 HM:   PAUSE_LOOP_EXIT
00:00:00.336032 HM:   RDRAND_EXIT
00:00:00.336032 HM:   INVPCID
00:00:00.336032 HM:   VMFUNC
00:00:00.336033 HM:   VMCS_SHADOWING (must be cleared)
00:00:00.336033 HM:   ENCLS_EXIT
00:00:00.336033 HM:   RDSEED_EXIT
00:00:00.336034 HM:   PML
00:00:00.336034 HM:   EPT_VE
00:00:00.336034 HM:   CONCEAL_VMX_FROM_PT
00:00:00.336034 HM:   XSAVES_XRSTORS
00:00:00.336035 HM:   MODE_BASED_EPT_PERM
00:00:00.336035 HM:   SPPTP_EPT (must be cleared)
00:00:00.336035 HM:   PT_EPT (must be cleared)
00:00:00.336035 HM:   TSC_SCALING (must be cleared)
00:00:00.336036 HM:   USER_WAIT_PAUSE (must be cleared)
00:00:00.336036 HM:   ENCLV_EXIT (must be cleared)
00:00:00.336036 HM: MSR_IA32_VMX_ENTRY_CTLS           = 0x3ffff000011ff
00:00:00.336037 HM:   LOAD_DEBUG (must be set)
00:00:00.336037 HM:   IA32E_MODE_GUEST
00:00:00.336038 HM:   ENTRY_TO_SMM
00:00:00.336038 HM:   DEACTIVATE_DUAL_MON
00:00:00.336038 HM:   LOAD_PERF_MSR
00:00:00.336039 HM:   LOAD_PAT_MSR
00:00:00.336039 HM:   LOAD_EFER_MSR
00:00:00.336039 HM:   LOAD_BNDCFGS_MSR
00:00:00.336039 HM:   CONCEAL_VMX_FROM_PT
00:00:00.336040 HM:   LOAD_RTIT_CTL_MSR (must be cleared)
00:00:00.336040 HM: MSR_IA32_VMX_EXIT_CTLS            = 0x1ffffff00036dff
00:00:00.336041 HM:   SAVE_DEBUG (must be set)
00:00:00.336041 HM:   HOST_ADDR_SPACE_SIZE
00:00:00.336041 HM:   LOAD_PERF_MSR
00:00:00.336042 HM:   ACK_EXT_INT
00:00:00.336042 HM:   SAVE_PAT_MSR
00:00:00.336043 HM:   LOAD_PAT_MSR
00:00:00.336043 HM:   SAVE_EFER_MSR
00:00:00.336043 HM:   LOAD_EFER_MSR
00:00:00.336043 HM:   SAVE_PREEMPT_TIMER
00:00:00.336044 HM:   CLEAR_BNDCFGS_MSR
00:00:00.336044 HM:   CONCEAL_VMX_FROM_PT
00:00:00.336045 HM:   CLEAR_RTIT_CTL_MSR (must be cleared)
00:00:00.336045 HM: MSR_IA32_VMX_TRUE_PINBASED_CTLS   = 0x7f00000016
00:00:00.336045 HM: MSR_IA32_VMX_TRUE_PROCBASED_CTLS  = 0xfff9fffe04006172
00:00:00.336046 HM: MSR_IA32_VMX_TRUE_ENTRY_CTLS      = 0x3ffff000011fb
00:00:00.336047 HM: MSR_IA32_VMX_TRUE_EXIT_CTLS       = 0x1ffffff00036dfb
00:00:00.336048 HM: MSR_IA32_VMX_MISC                 = 0x7004c1e7
00:00:00.336048 HM:   PREEMPT_TIMER_TSC                 = 0x7
00:00:00.336049 HM:   EXIT_SAVE_EFER_LMA                = true 
00:00:00.336049 HM:   ACTIVITY_STATES                   = 0x7 ( HLT SHUTDOWN SIPI_WAIT )
00:00:00.336050 HM:   INTEL_PT                          = true 
00:00:00.336050 HM:   SMM_READ_SMBASE_MSR               = true 
00:00:00.336050 HM:   CR3_TARGET                        = 0x4
00:00:00.336051 HM:   MAX_MSR                           = 0x0 ( 512 )
00:00:00.336051 HM:   VMXOFF_BLOCK_SMI                  = true 
00:00:00.336052 HM:   VMWRITE_ALL                       = true 
00:00:00.336052 HM:   ENTRY_INJECT_SOFT_INT             = 0x1
00:00:00.336052 HM:   MSEG_ID                           = 0x0
00:00:00.336053 HM: MSR_IA32_VMX_VMCS_ENUM            = 0x2e
00:00:00.336053 HM:   HIGHEST_IDX                       = 0x17
00:00:00.336054 HM: MSR_IA32_VMX_EPT_VPID_CAP         = 0xf0106734141
00:00:00.336054 HM:   RWX_X_ONLY
00:00:00.336054 HM:   PAGE_WALK_LENGTH_4
00:00:00.336055 HM:   EMT_UC
00:00:00.336055 HM:   EMT_WB
00:00:00.336055 HM:   PDE_2M
00:00:00.336055 HM:   PDPTE_1G
00:00:00.336056 HM:   INVEPT
00:00:00.336056 HM:   EPT_ACCESS_DIRTY
00:00:00.336056 HM:   ADVEXITINFO_EPT
00:00:00.336056 HM:   INVEPT_SINGLE_CONTEXT
00:00:00.336057 HM:   INVEPT_ALL_CONTEXTS
00:00:00.336057 HM:   INVVPID
00:00:00.336057 HM:   INVVPID_INDIV_ADDR
00:00:00.336057 HM:   INVVPID_SINGLE_CONTEXT
00:00:00.336058 HM:   INVVPID_ALL_CONTEXTS
00:00:00.336058 HM:   INVVPID_SINGLE_CONTEXT_RETAIN_GLOBALS
00:00:00.336058 HM: MSR_IA32_VMX_VMFUNC               = 0x1
00:00:00.336059 HM:   EPTP_SWITCHING
00:00:00.336059 HM: MSR_IA32_VMX_CR0_FIXED0           = 0x80000021
00:00:00.336060 HM: MSR_IA32_VMX_CR0_FIXED1           = 0xffffffff
00:00:00.336060 HM: MSR_IA32_VMX_CR4_FIXED0           = 0x2000
00:00:00.336061 HM: MSR_IA32_VMX_CR4_FIXED1           = 0x3727ff
00:00:00.336061 HM: APIC-access page physaddr         = 0x00000003377db000
00:00:00.336062 HM: VCPU  0: MSR bitmap physaddr      = 0x0000000336c17000
00:00:00.336063 HM: VCPU  0: VMCS physaddr            = 0x00000003377dc000
00:00:00.336063 HM: Guest support: 32-bit and 64-bit
00:00:00.336066 HM: Supports VMCS EFER fields         = true 
00:00:00.336067 HM: Enabled VMX
00:00:00.336069 CPUM: SetGuestCpuIdFeature: Enabled SYSENTER/EXIT
00:00:00.336070 CPUM: SetGuestCpuIdFeature: Enabled PAE
00:00:00.336070 CPUM: SetGuestCpuIdFeature: Enabled LONG MODE
00:00:00.336070 CPUM: SetGuestCpuIdFeature: Enabled SYSCALL/RET
00:00:00.336071 CPUM: SetGuestCpuIdFeature: Enabled LAHF/SAHF
00:00:00.336071 CPUM: SetGuestCpuIdFeature: Enabled NX
00:00:00.336071 HM: Enabled nested paging
00:00:00.336072 HM:   EPT flush type                  = Single context
00:00:00.336072 HM: Enabled unrestricted guest execution
00:00:00.336072 HM: Enabled VPID
00:00:00.336072 HM:   VPID flush type                 = Single context
00:00:00.336073 HM: Enabled VMX-preemption timer (cPreemptTimerShift=7)
00:00:00.336073 HM: VT-x/AMD-V init method: Global
00:00:00.336074 EM: Exit history optimizations: enabled=true  enabled-r0=true  enabled-r0-no-preemption=false
00:00:00.336093 PcBios: SATA LUN#0 LCHS=553/64/63
00:00:00.336103 APIC: fPostedIntrsEnabled=false fVirtApicRegsEnabled=false fSupportsTscDeadline=false
00:00:00.336110 TMR3UtcNow: nsNow=1 636 700 454 714 779 000 nsPrev=0 -> cNsDelta=1 636 700 454 714 779 000 (offLag=0 offVirtualSync=0 offVirtualSyncGivenUp=0, NowAgain=1 636 700 454 714 779 000)
00:00:00.336116 VMM: fUsePeriodicPreemptionTimers=false
00:00:00.336193 CPUM: Logical host processors: 4 present, 4 max, 4 online, online mask: 000000000000000f
00:00:00.336248 CPUM: Physical host cores: 4
00:00:00.336248 ************************* CPUID dump ************************
00:00:00.336255          Raw Standard CPUID Leaves
00:00:00.336255      Leaf/sub-leaf  eax      ebx      ecx      edx
00:00:00.336256 Gst: 00000000/0000  00000016 756e6547 6c65746e 49656e69
00:00:00.336257 Hst:                00000016 756e6547 6c65746e 49656e69
00:00:00.336258 Gst: 00000001/0000  000906e9 00010800 d6fa220b 178bfbff
00:00:00.336259 Hst:                000906e9 00100800 7ffafbbf bfebfbff
00:00:00.336260 Gst: 00000002/0000  76036301 00f0b6ff 00000000 00c30000
00:00:00.336261 Hst:                76036301 00f0b6ff 00000000 00c30000
00:00:00.336262 Gst: 00000003/0000  00000000 00000000 00000000 00000000
00:00:00.336262 Hst:                00000000 00000000 00000000 00000000
00:00:00.336263 Gst: 00000004/0000  00000121 01c0003f 0000003f 00000000
00:00:00.336264 Hst:                1c004121 01c0003f 0000003f 00000000
00:00:00.336280 Gst: 00000004/0001  00000122 01c0003f 0000003f 00000000
00:00:00.336280 Hst:                1c004122 01c0003f 0000003f 00000000
00:00:00.336281 Gst: 00000004/0002  00000143 00c0003f 000003ff 00000000
00:00:00.336282 Hst:                1c004143 00c0003f 000003ff 00000000
00:00:00.336282 Gst: 00000004/0003  00000163 02c0003f 00001fff 00000006
00:00:00.336283 Hst:                1c03c163 02c0003f 00001fff 00000006
00:00:00.336284 Gst: 00000004/0004  00000000 00000000 00000000 00000000
00:00:00.336284 Hst:                00000000 00000000 00000000 00000000
00:00:00.336285 Gst: 00000005/0000  00000040 00000040 00000000 00000000
00:00:00.336285 Hst:                00000040 00000040 00000003 11142120
00:00:00.336286 Gst: 00000006/0000  00000000 00000000 00000000 00000000
00:00:00.336287 Hst:                000027f7 00000002 00000009 00000000
00:00:00.336288 Gst: 00000007/0000  00000000 00842421 00000000 10000400
00:00:00.336288 Hst:                00000000 029c67af 00000000 9c002e00
00:00:00.336289 Gst: 00000007/0001  00000000 00000000 00000000 00000000
00:00:00.336289 Hst:                00000000 00000000 00000000 00000000
00:00:00.336290 Gst: 00000008/0000  00000000 00000000 00000000 00000000
00:00:00.336291 Hst:                00000000 00000000 00000000 00000000
00:00:00.336291 Gst: 00000009/0000  00000000 00000000 00000000 00000000
00:00:00.336292 Hst:                00000000 00000000 00000000 00000000
00:00:00.336292 Gst: 0000000a/0000  00000000 00000000 00000000 00000000
00:00:00.336293 Hst:                07300804 00000000 00000000 00000603
00:00:00.336293 Gst: 0000000b/0000  00000000 00000001 00000100 00000000
00:00:00.336294 Hst:                00000001 00000001 00000100 00000000
00:00:00.336294 Gst: 0000000b/0001  00000001 00000001 00000201 00000000
00:00:00.336295 Hst:                00000004 00000004 00000201 00000000
00:00:00.336295 Gst: 0000000b/0002  00000000 00000000 00000002 00000000
00:00:00.336296 Hst:                00000000 00000000 00000002 00000000
00:00:00.336296 Gst: 0000000c/0000  00000000 00000000 00000000 00000000
00:00:00.336297 Hst:                00000000 00000000 00000000 00000000
00:00:00.336297 Gst: 0000000d/0000  00000007 00000340 00000340 00000000
00:00:00.336298 Hst:                0000001f 00000440 00000440 00000000
00:00:00.336299 Gst: 0000000d/0001  00000000 000003c0 00000000 00000000
00:00:00.336299 Hst:                0000000f 000003c0 00000100 00000000
00:00:00.336300 Gst: 0000000d/0002  00000100 00000240 00000000 00000000
00:00:00.336300 Hst:                00000100 00000240 00000000 00000000
00:00:00.336301 Gst: 0000000d/0003  00000000 00000000 00000000 00000000
00:00:00.336301 Hst:                00000040 000003c0 00000000 00000000
00:00:00.336302 Gst: 0000000d/0004  00000000 00000000 00000000 00000000
00:00:00.336302 Hst:                00000040 00000400 00000000 00000000
00:00:00.336303 Gst: 0000000d/0005  00000000 00000000 00000000 00000000
00:00:00.336303 Hst:                00000000 00000000 00000000 00000000
00:00:00.336304 Gst: 0000000d/0006  00000000 00000000 00000000 00000000
00:00:00.336305 Hst:                00000000 00000000 00000000 00000000
00:00:00.336305 Gst: 0000000d/0007  00000000 00000000 00000000 00000000
00:00:00.336306 Hst:                00000000 00000000 00000000 00000000
00:00:00.336306 Gst: 0000000d/0008  00000000 00000000 00000000 00000000
00:00:00.336307 Hst:                00000080 00000000 00000001 00000000
00:00:00.336307 Gst: 0000000d/0009  00000000 00000000 00000000 00000000
00:00:00.336308 Hst:                00000000 00000000 00000000 00000000
00:00:00.336326 Gst: 0000000e/0000  00000000 00000000 00000000 00000000
00:00:00.336326 Hst:                00000000 00000000 00000000 00000000
00:00:00.336327 Gst: 0000000f/0000  00000000 00000000 00000000 00000000
00:00:00.336327 Hst:                00000000 00000000 00000000 00000000
00:00:00.336328 Gst: 00000010/0000  00000000 00000000 00000000 00000000
00:00:00.336328 Hst:                00000000 00000000 00000000 00000000
00:00:00.336329 Gst: 00000011/0000  00000000 00000000 00000000 00000000
00:00:00.336329 Hst:                00000000 00000000 00000000 00000000
00:00:00.336330 Gst: 00000012/0000  00000000 00000000 00000000 00000000
00:00:00.336330 Hst:                00000000 00000000 00000000 00000000
00:00:00.336331 Gst: 00000013/0000  00000000 00000000 00000000 00000000
00:00:00.336332 Hst:                00000000 00000000 00000000 00000000
00:00:00.336332 Gst: 00000014/0000  00000000 00000000 00000000 00000000
00:00:00.336333 Hst:                00000001 0000000f 00000007 00000000
00:00:00.336333 Hst: 00000015/0000  00000002 000000d0 00000000 00000000
00:00:00.336334 Hst: 00000016/0000  000009c4 00000dac 00000064 00000000
00:00:00.336335                                Name: GenuineIntel
00:00:00.336336                            Supports: 0x00000000-0x00000016
00:00:00.336337                              Family:  6 	Extended: 0 	Effective: 6
00:00:00.336338                               Model: 14 	Extended: 9 	Effective: 158
00:00:00.336339                            Stepping: 9
00:00:00.336340                                Type: 0 (primary)
00:00:00.336341                             APIC ID: 0x00
00:00:00.336341                        Logical CPUs: 1
00:00:00.336342                        CLFLUSH Size: 8
00:00:00.336342                            Brand ID: 0x00
00:00:00.336343 Features
00:00:00.336344   Mnemonic - Description                                  = guest (host)
00:00:00.336344   FPU - x87 FPU on Chip                                   = 1 (1)
00:00:00.336345   VME - Virtual 8086 Mode Enhancements                    = 1 (1)
00:00:00.336346   DE - Debugging extensions                               = 1 (1)
00:00:00.336347   PSE - Page Size Extension                               = 1 (1)
00:00:00.336348   TSC - Time Stamp Counter                                = 1 (1)
00:00:00.336349   MSR - Model Specific Registers                          = 1 (1)
00:00:00.336350   PAE - Physical Address Extension                        = 1 (1)
00:00:00.336350   MCE - Machine Check Exception                           = 1 (1)
00:00:00.336351   CX8 - CMPXCHG8B instruction                             = 1 (1)
00:00:00.336352   APIC - APIC On-Chip                                     = 1 (1)
00:00:00.336353   SEP - SYSENTER and SYSEXIT Present                      = 1 (1)
00:00:00.336354   MTRR - Memory Type Range Registers                      = 1 (1)
00:00:00.336354   PGE - PTE Global Bit                                    = 1 (1)
00:00:00.336355   MCA - Machine Check Architecture                        = 1 (1)
00:00:00.336356   CMOV - Conditional Move instructions                    = 1 (1)
00:00:00.336357   PAT - Page Attribute Table                              = 1 (1)
00:00:00.336357   PSE-36 - 36-bit Page Size Extension                     = 1 (1)
00:00:00.336358   PSN - Processor Serial Number                           = 0 (0)
00:00:00.336359   CLFSH - CLFLUSH instruction                             = 1 (1)
00:00:00.336360   DS - Debug Store                                        = 0 (1)
00:00:00.336361   ACPI - Thermal Mon. & Soft. Clock Ctrl.                 = 0 (1)
00:00:00.336361   MMX - Intel MMX Technology                              = 1 (1)
00:00:00.336362   FXSR - FXSAVE and FXRSTOR instructions                  = 1 (1)
00:00:00.336363   SSE - SSE support                                       = 1 (1)
00:00:00.336364   SSE2 - SSE2 support                                     = 1 (1)
00:00:00.336364   SS - Self Snoop                                         = 0 (1)
00:00:00.336365   HTT - Hyper-Threading Technology                        = 1 (1)
00:00:00.336366   TM - Therm. Monitor                                     = 0 (1)
00:00:00.336367   PBE - Pending Break Enabled                             = 0 (1)
00:00:00.336368   SSE3 - SSE3 support                                     = 1 (1)
00:00:00.336369   PCLMUL - PCLMULQDQ support (for AES-GCM)                = 1 (1)
00:00:00.336369   DTES64 - DS Area 64-bit Layout                          = 0 (1)
00:00:00.336370   MONITOR - MONITOR/MWAIT instructions                    = 1 (1)
00:00:00.336371   CPL-DS - CPL Qualified Debug Store                      = 0 (1)
00:00:00.336371   VMX - Virtual Machine Extensions                        = 0 (1)
00:00:00.336372   SMX - Safer Mode Extensions                             = 0 (0)
00:00:00.336373   EST - Enhanced SpeedStep Technology                     = 0 (1)
00:00:00.336373   TM2 - Terminal Monitor 2                                = 0 (1)
00:00:00.336374   SSSE3 - Supplemental Streaming SIMD Extensions 3        = 1 (1)
00:00:00.336375   CNTX-ID - L1 Context ID                                 = 0 (0)
00:00:00.336376   SDBG - Silicon Debug interface                          = 0 (1)
00:00:00.336377   FMA - Fused Multiply Add extensions                     = 0 (1)
00:00:00.336377   CX16 - CMPXCHG16B instruction                           = 1 (1)
00:00:00.336378   TPRUPDATE - xTPR Update Control                         = 0 (1)
00:00:00.336379   PDCM - Perf/Debug Capability MSR                        = 0 (1)
00:00:00.336380   PCID - Process Context Identifiers                      = 1 (1)
00:00:00.336380   DCA - Direct Cache Access                               = 0 (0)
00:00:00.336381   SSE4_1 - SSE4_1 support                                 = 1 (1)
00:00:00.336382   SSE4_2 - SSE4_2 support                                 = 1 (1)
00:00:00.336383   X2APIC - x2APIC support                                 = 1 (1)
00:00:00.336383   MOVBE - MOVBE instruction                               = 1 (1)
00:00:00.336384   POPCNT - POPCNT instruction                             = 1 (1)
00:00:00.336385   TSCDEADL - Time Stamp Counter Deadline                  = 0 (1)
00:00:00.336386   AES - AES instructions                                  = 1 (1)
00:00:00.336387   XSAVE - XSAVE instruction                               = 1 (1)
00:00:00.336388   OSXSAVE - OSXSAVE instruction                           = 0 (1)
00:00:00.336388   AVX - AVX support                                       = 1 (1)
00:00:00.336389   F16C - 16-bit floating point conversion instructions    = 0 (1)
00:00:00.336390   RDRAND - RDRAND instruction                             = 1 (1)
00:00:00.336391   HVP - Hypervisor Present (we're a guest)                = 1 (0)
00:00:00.336391 Structured Extended Feature Flags Enumeration (leaf 7):
00:00:00.336392   Mnemonic - Description                                  = guest (host)
00:00:00.336392   FSGSBASE - RDFSBASE/RDGSBASE/WRFSBASE/WRGSBASE instr.   = 1 (1)
00:00:00.336393   TSCADJUST - Supports MSR_IA32_TSC_ADJUST                = 0 (1)
00:00:00.336393   SGX - Supports Software Guard Extensions                = 0 (1)
00:00:00.336394   BMI1 - Advanced Bit Manipulation extension 1            = 0 (1)
00:00:00.336395   HLE - Hardware Lock Elision                             = 0 (0)
00:00:00.336395   AVX2 - Advanced Vector Extensions 2                     = 1 (1)
00:00:00.336396   FDP_EXCPTN_ONLY - FPU DP only updated on exceptions     = 0 (0)
00:00:00.336397   SMEP - Supervisor Mode Execution Prevention             = 0 (1)
00:00:00.336397   BMI2 - Advanced Bit Manipulation extension 2            = 0 (1)
00:00:00.336398   ERMS - Enhanced REP MOVSB/STOSB instructions            = 0 (1)
00:00:00.336398   INVPCID - INVPCID instruction                           = 1 (1)
00:00:00.336399   RTM - Restricted Transactional Memory                   = 0 (0)
00:00:00.336400   PQM - Platform Quality of Service Monitoring            = 0 (0)
00:00:00.336400   DEPFPU_CS_DS - Deprecates FPU CS, FPU DS values if set  = 1 (1)
00:00:00.336401   MPE - Intel Memory Protection Extensions                = 0 (1)
00:00:00.336402   PQE - Platform Quality of Service Enforcement           = 0 (0)
00:00:00.336402   AVX512F - AVX512 Foundation instructions                = 0 (0)
00:00:00.336403   RDSEED - RDSEED instruction                             = 1 (1)
00:00:00.336404   ADX - ADCX/ADOX instructions                            = 0 (1)
00:00:00.336404   SMAP - Supervisor Mode Access Prevention                = 0 (1)
00:00:00.336405   CLFLUSHOPT - CLFLUSHOPT (Cache Line Flush) instruction  = 1 (1)
00:00:00.336406   INTEL_PT - Intel Processor Trace                        = 0 (1)
00:00:00.336406   AVX512PF - AVX512 Prefetch instructions                 = 0 (0)
00:00:00.336407   AVX512ER - AVX512 Exponential & Reciprocal instructions = 0 (0)
00:00:00.336407   AVX512CD - AVX512 Conflict Detection instructions       = 0 (0)
00:00:00.336408   SHA - Secure Hash Algorithm extensions                  = 0 (0)
00:00:00.336409   PREFETCHWT1 - PREFETCHWT1 instruction                   = 0 (0)
00:00:00.336409   UMIP - User mode insturction prevention                 = 0 (0)
00:00:00.336410   PKU - Protection Key for Usermode pages                 = 0 (0)
00:00:00.336411   OSPKE - CR4.PKU mirror                                  = 0 (0)
00:00:00.336412   MAWAU - Value used by BNDLDX & BNDSTX                   = 0x0 (0x0)
00:00:00.336413   RDPID - Read processor ID support                       = 0 (0)
00:00:00.336413   SGX_LC - Supports SGX Launch Configuration              = 0 (0)
00:00:00.336414    9 - Reserved                                           = 0 (1)
00:00:00.336415   MD_CLEAR - Supports MDS related buffer clearing         = 1 (1)
00:00:00.336416   11 - Reserved                                           = 0 (1)
00:00:00.336417   13 - Reserved                                           = 0 (1)
00:00:00.336417   IBRS_IBPB - IA32_SPEC_CTRL.IBRS and IA32_PRED_CMD.IBPB  = 0 (1)
00:00:00.336418   STIBP - Supports IA32_SPEC_CTRL.STIBP                   = 0 (1)
00:00:00.336419   FLUSH_CMD - Supports IA32_FLUSH_CMD                     = 1 (1)
00:00:00.336419   ARCHCAP - Supports IA32_ARCH_CAP                        = 0 (0)
00:00:00.336420   CORECAP - Supports IA32_CORE_CAP                        = 0 (0)
00:00:00.336421   SSBD - Supports IA32_SPEC_CTRL.SSBD                     = 0 (1)
00:00:00.336422 Processor Extended State Enumeration (leaf 0xd):
00:00:00.336422    XSAVE area cur/max size by XCR0, guest: 0x340/0x340
00:00:00.336423     XSAVE area cur/max size by XCR0, host: 0x440/0x440
00:00:00.336424                    Valid XCR0 bits, guest: 0x00000000`00000007 ( x87 SSE YMM_Hi128 )
00:00:00.336425                     Valid XCR0 bits, host: 0x00000000`0000001f ( x87 SSE YMM_Hi128 BNDREGS BNDCSR )
00:00:00.336427                     XSAVE features, guest:
00:00:00.336427                      XSAVE features, host: XSAVEOPT XSAVEC XGETBC1 XSAVES
00:00:00.336428       XSAVE area cur size XCR0|XSS, guest: 0x3c0
00:00:00.336429        XSAVE area cur size XCR0|XSS, host: 0x3c0
00:00:00.336429                Valid IA32_XSS bits, guest: 0x00000000`00000000
00:00:00.336430                 Valid IA32_XSS bits, host: 0x00000100`00000000 ( 40 )
00:00:00.336432   State #2, guest: off=0x0240, cb=0x0100 IA32_XSS-bit -- YMM_Hi128
00:00:00.336433   State #2, host:  off=0x0240, cb=0x0100 IA32_XSS-bit -- YMM_Hi128
00:00:00.336434   State #3, host:  off=0x03c0, cb=0x0040 IA32_XSS-bit -- BNDREGS
00:00:00.336435   State #4, host:  off=0x0400, cb=0x0040 IA32_XSS-bit -- BNDCSR
00:00:00.336436   State #8, host:  off=0x0000, cb=0x0080 XCR0-bit -- 8
00:00:00.336445          Unknown CPUID Leaves
00:00:00.336446      Leaf/sub-leaf  eax      ebx      ecx      edx
00:00:00.336446 Gst: 00000014/0001  00000000 00000000 00000000 00000000
00:00:00.336447 Hst:                02490002 003f3fff 00000000 00000000
00:00:00.336448 Gst: 00000014/0002  00000000 00000000 00000000 00000000
00:00:00.336448 Hst:                00000000 00000000 00000000 00000000
00:00:00.336449 Gst: 00000015/0000  00000000 00000000 00000000 00000000
00:00:00.336449 Hst:                00000002 000000d0 00000000 00000000
00:00:00.336450 Gst: 00000016/0000  00000000 00000000 00000000 00000000
00:00:00.336450 Hst:                000009c4 00000dac 00000064 00000000
00:00:00.336451          Raw Hypervisor CPUID Leaves
00:00:00.336452      Leaf/sub-leaf  eax      ebx      ecx      edx
00:00:00.336452 Gst: 40000000/0000  40000001 4b4d564b 564b4d56 0000004d
00:00:00.336453 Hst:                000009c4 00000dac 00000064 00000000
00:00:00.336454 Gst: 40000001/0000  01000089 00000000 00000000 00000000
00:00:00.336455 Hst:                000009c4 00000dac 00000064 00000000
00:00:00.336455          Raw Extended CPUID Leaves
00:00:00.336456      Leaf/sub-leaf  eax      ebx      ecx      edx
00:00:00.336456 Gst: 80000000/0000  80000008 00000000 00000000 00000000
00:00:00.336457 Hst:                80000008 00000000 00000000 00000000
00:00:00.336457 Gst: 80000001/0000  00000000 00000000 00000121 28100800
00:00:00.336458 Hst:                00000000 00000000 00000121 2c100800
00:00:00.336459 Gst: 80000002/0000  65746e49 2952286c 726f4320 4d542865
00:00:00.336460 Hst:                65746e49 2952286c 726f4320 4d542865
00:00:00.336461 Gst: 80000003/0000  35692029 3033372d 20514830 20555043
00:00:00.336462 Hst:                35692029 3033372d 20514830 20555043
00:00:00.336463 Gst: 80000004/0000  2e322040 48473035 0000007a 00000000
00:00:00.336464 Hst:                2e322040 48473035 0000007a 00000000
00:00:00.336465 Gst: 80000005/0000  00000000 00000000 00000000 00000000
00:00:00.336465 Hst:                00000000 00000000 00000000 00000000
00:00:00.336466 Gst: 80000006/0000  00000000 00000000 01006040 00000000
00:00:00.336467 Hst:                00000000 00000000 01006040 00000000
00:00:00.336467 Gst: 80000007/0000  00000000 00000000 00000000 00000100
00:00:00.336468 Hst:                00000000 00000000 00000000 00000100
00:00:00.336468 Gst: 80000008/0000  00003027 00000000 00000000 00000000
00:00:00.336469 Hst:                00003027 00000000 00000000 00000000
00:00:00.336470 Ext Name:                        
00:00:00.336470 Ext Supports:                    0x80000000-0x80000008
00:00:00.336471 Family:                          0  	Extended: 0 	Effective: 0
00:00:00.336471 Model:                           0  	Extended: 0 	Effective: 0
00:00:00.336472 Stepping:                        0
00:00:00.336472 Brand ID:                        0x000
00:00:00.336472 Ext Features
00:00:00.336473   Mnemonic - Description                                  = guest (host)
00:00:00.336473   FPU - x87 FPU on Chip                                   = 0 (0)
00:00:00.336474   VME - Virtual 8086 Mode Enhancements                    = 0 (0)
00:00:00.336475   DE - Debugging extensions                               = 0 (0)
00:00:00.336475   PSE - Page Size Extension                               = 0 (0)
00:00:00.336476   TSC - Time Stamp Counter                                = 0 (0)
00:00:00.336477   MSR - K86 Model Specific Registers                      = 0 (0)
00:00:00.336478   PAE - Physical Address Extension                        = 0 (0)
00:00:00.336478   MCE - Machine Check Exception                           = 0 (0)
00:00:00.336479   CX8 - CMPXCHG8B instruction                             = 0 (0)
00:00:00.336480   APIC - APIC On-Chip                                     = 0 (0)
00:00:00.336481   SEP - SYSCALL/SYSRET                                    = 1 (1)
00:00:00.336482   MTRR - Memory Type Range Registers                      = 0 (0)
00:00:00.336482   PGE - PTE Global Bit                                    = 0 (0)
00:00:00.336483   MCA - Machine Check Architecture                        = 0 (0)
00:00:00.336484   CMOV - Conditional Move instructions                    = 0 (0)
00:00:00.336484   PAT - Page Attribute Table                              = 0 (0)
00:00:00.336485   PSE-36 - 36-bit Page Size Extension                     = 0 (0)
00:00:00.336486   NX - No-Execute/Execute-Disable                         = 1 (1)
00:00:00.336487   AXMMX - AMD Extensions to MMX instructions              = 0 (0)
00:00:00.336487   MMX - Intel MMX Technology                              = 0 (0)
00:00:00.336488   FXSR - FXSAVE and FXRSTOR Instructions                  = 0 (0)
00:00:00.336489   FFXSR - AMD fast FXSAVE and FXRSTOR instructions        = 0 (0)
00:00:00.336489   Page1GB - 1 GB large page                               = 0 (1)
00:00:00.336490   RDTSCP - RDTSCP instruction                             = 1 (1)
00:00:00.336491   LM - AMD64 Long Mode                                    = 1 (1)
00:00:00.336492   3DNOWEXT - AMD Extensions to 3DNow                      = 0 (0)
00:00:00.336492   3DNOW - AMD 3DNow                                       = 0 (0)
00:00:00.336494   LahfSahf - LAHF/SAHF support in 64-bit mode             = 1 (1)
00:00:00.336494   CmpLegacy - Core multi-processing legacy mode           = 0 (0)
00:00:00.336495   SVM - AMD Secure Virtual Machine extensions             = 0 (0)
00:00:00.336495   EXTAPIC - AMD Extended APIC registers                   = 0 (0)
00:00:00.336496   CR8L - AMD LOCK MOV CR0 means MOV CR8                   = 0 (0)
00:00:00.336497   ABM - AMD Advanced Bit Manipulation                     = 1 (1)
00:00:00.336497   SSE4A - SSE4A instructions                              = 0 (0)
00:00:00.336498   MISALIGNSSE - AMD Misaligned SSE mode                   = 0 (0)
00:00:00.336499   3DNOWPRF - AMD PREFETCH and PREFETCHW instructions      = 1 (1)
00:00:00.336499   OSVW - AMD OS Visible Workaround                        = 0 (0)
00:00:00.336500   IBS - Instruct Based Sampling                           = 0 (0)
00:00:00.336501   XOP - Extended Operation support                        = 0 (0)
00:00:00.336502   SKINIT - SKINIT, STGI, and DEV support                  = 0 (0)
00:00:00.336502   WDT - AMD Watchdog Timer support                        = 0 (0)
00:00:00.336503   LWP - Lightweight Profiling support                     = 0 (0)
00:00:00.336504   FMA4 - Four operand FMA instruction support             = 0 (0)
00:00:00.336504   NodeId - NodeId in MSR C001_100C                        = 0 (0)
00:00:00.336505   TBM - Trailing Bit Manipulation instructions            = 0 (0)
00:00:00.336506   TOPOEXT - Topology Extensions                           = 0 (0)
00:00:00.336506   PRFEXTCORE - Performance Counter Extensions support     = 0 (0)
00:00:00.336507   PRFEXTNB - NB Performance Counter Extensions support    = 0 (0)
00:00:00.336508   DATABPEXT - Data-access Breakpoint Extension            = 0 (0)
00:00:00.336508   PERFTSC - Performance Time Stamp Counter                = 0 (0)
00:00:00.336509   PCX_L2I - L2I/L3 Performance Counter Extensions         = 0 (0)
00:00:00.336509   MWAITX - MWAITX and MONITORX instructions               = 0 (0)
00:00:00.336510 Full Name:                       "Intel(R) Core(TM) i5-7300HQ CPU @ 2.50GHz"
00:00:00.336511 TLB 2/4M Instr/Uni:              res0     0 entries
00:00:00.336511 TLB 2/4M Data:                   res0     0 entries
00:00:00.336512 TLB 4K Instr/Uni:                res0     0 entries
00:00:00.336512 TLB 4K Data:                     res0     0 entries
00:00:00.336513 L1 Instr Cache Line Size:        0 bytes
00:00:00.336513 L1 Instr Cache Lines Per Tag:    0
00:00:00.336513 L1 Instr Cache Associativity:    res0  
00:00:00.336514 L1 Instr Cache Size:             0 KB
00:00:00.336514 L1 Data Cache Line Size:         0 bytes
00:00:00.336514 L1 Data Cache Lines Per Tag:     0
00:00:00.336515 L1 Data Cache Associativity:     res0  
00:00:00.336515 L1 Data Cache Size:              0 KB
00:00:00.336515 L2 TLB 2/4M Instr/Uni:           off       0 entries
00:00:00.336516 L2 TLB 2/4M Data:                off       0 entries
00:00:00.336516 L2 TLB 4K Instr/Uni:             off       0 entries
00:00:00.336517 L2 TLB 4K Data:                  off       0 entries
00:00:00.336517 L2 Cache Line Size:              0 bytes
00:00:00.336517 L2 Cache Lines Per Tag:          0
00:00:00.336518 L2 Cache Associativity:          off   
00:00:00.336518 L2 Cache Size:                   0 KB
00:00:00.336518   TS - Temperature Sensor                                 = 0 (0)
00:00:00.336519   FID - Frequency ID control                              = 0 (0)
00:00:00.336520   VID - Voltage ID control                                = 0 (0)
00:00:00.336521   TscInvariant - Invariant Time Stamp Counter             = 1 (1)
00:00:00.336522   CBP - Core Performance Boost                            = 0 (0)
00:00:00.336522   EffFreqRO - Read-only Effective Frequency Interface     = 0 (0)
00:00:00.336523   ProcFdbkIf - Processor Feedback Interface               = 0 (0)
00:00:00.336523   ProcPwrRep - Core power reporting interface support     = 0 (0)
00:00:00.336524 Physical Address Width:          39 bits
00:00:00.336525 Virtual Address Width:           48 bits
00:00:00.336525 Guest Physical Address Width:    0 bits
00:00:00.336525 Physical Core Count:             1
00:00:00.336527 
00:00:00.336527 ******************** End of CPUID dump **********************
00:00:00.336527 *********************** VT-x features ***********************
00:00:00.336528 Nested hardware virtualization - VMX features
00:00:00.336528   Mnemonic - Description                                  = guest (host)
00:00:00.336529   VMX - Virtual-Machine Extensions                        = 0 (1)
00:00:00.336529   InsOutInfo - INS/OUTS instruction info.                 = 0 (1)
00:00:00.336530   ExtIntExit - External interrupt exiting                 = 0 (1)
00:00:00.336530   NmiExit - NMI exiting                                   = 0 (1)
00:00:00.336531   VirtNmi - Virtual NMIs                                  = 0 (1)
00:00:00.336531   PreemptTimer - VMX preemption timer                     = 0 (1)
00:00:00.336531   PostedInt - Posted interrupts                           = 0 (0)
00:00:00.336532   IntWindowExit - Interrupt-window exiting                = 0 (1)
00:00:00.336532   TscOffsetting - TSC offsetting                          = 0 (1)
00:00:00.336533   HltExit - HLT exiting                                   = 0 (1)
00:00:00.336533   InvlpgExit - INVLPG exiting                             = 0 (1)
00:00:00.336533   MwaitExit - MWAIT exiting                               = 0 (1)
00:00:00.336534   RdpmcExit - RDPMC exiting                               = 0 (1)
00:00:00.336534   RdtscExit - RDTSC exiting                               = 0 (1)
00:00:00.336535   Cr3LoadExit - CR3-load exiting                          = 0 (1)
00:00:00.336535   Cr3StoreExit - CR3-store exiting                        = 0 (1)
00:00:00.336535   Cr8LoadExit  - CR8-load exiting                         = 0 (1)
00:00:00.336536   Cr8StoreExit - CR8-store exiting                        = 0 (1)
00:00:00.336536   UseTprShadow - Use TPR shadow                           = 0 (1)
00:00:00.336537   NmiWindowExit - NMI-window exiting                      = 0 (1)
00:00:00.336537   MovDRxExit - Mov-DR exiting                             = 0 (1)
00:00:00.336537   UncondIoExit - Unconditional I/O exiting                = 0 (1)
00:00:00.336538   UseIoBitmaps - Use I/O bitmaps                          = 0 (1)
00:00:00.336538   MonitorTrapFlag - Monitor Trap Flag                     = 0 (1)
00:00:00.336538   UseMsrBitmaps - MSR bitmaps                             = 0 (1)
00:00:00.336539   MonitorExit - MONITOR exiting                           = 0 (1)
00:00:00.336539   PauseExit - PAUSE exiting                               = 0 (1)
00:00:00.336540   SecondaryExecCtl - Activate secondary controls          = 0 (1)
00:00:00.336540   VirtApic - Virtualize-APIC accesses                     = 0 (1)
00:00:00.336540   Ept - Extended Page Tables                              = 0 (1)
00:00:00.336541   DescTableExit - Descriptor-table exiting                = 0 (1)
00:00:00.336541   Rdtscp - Enable RDTSCP                                  = 0 (1)
00:00:00.336542   VirtX2ApicMode - Virtualize-x2APIC mode                 = 0 (1)
00:00:00.336542   Vpid - Enable VPID                                      = 0 (1)
00:00:00.336542   WbinvdExit - WBINVD exiting                             = 0 (1)
00:00:00.336543   UnrestrictedGuest - Unrestricted guest                  = 0 (1)
00:00:00.336543   ApicRegVirt - APIC-register virtualization              = 0 (0)
00:00:00.336544   VirtIntDelivery - Virtual-interrupt delivery            = 0 (0)
00:00:00.336544   PauseLoopExit - PAUSE-loop exiting                      = 0 (1)
00:00:00.336544   RdrandExit - RDRAND exiting                             = 0 (1)
00:00:00.336545   Invpcid - Enable INVPCID                                = 0 (1)
00:00:00.336545   VmFuncs - Enable VM Functions                           = 0 (1)
00:00:00.336545   VmcsShadowing - VMCS shadowing                          = 0 (0)
00:00:00.336546   RdseedExiting - RDSEED exiting                          = 0 (1)
00:00:00.336546   PML - Page-Modification Log (PML)                       = 0 (1)
00:00:00.336547   EptVe - EPT violations can cause #VE                    = 0 (1)
00:00:00.336547   XsavesXRstors - Enable XSAVES/XRSTORS                   = 0 (1)
00:00:00.336547   EntryLoadDebugCtls - Load debug controls on VM-entry    = 0 (1)
00:00:00.336548   Ia32eModeGuest - IA-32e mode guest                      = 0 (1)
00:00:00.336548   EntryLoadEferMsr - Load IA32_EFER MSR on VM-entry       = 0 (1)
00:00:00.336549   EntryLoadPatMsr - Load IA32_PAT MSR on VM-entry         = 0 (1)
00:00:00.336549   ExitSaveDebugCtls - Save debug controls on VM-exit      = 0 (1)
00:00:00.336549   HostAddrSpaceSize - Host address-space size             = 0 (1)
00:00:00.336550   ExitAckExtInt - Acknowledge interrupt on VM-exit        = 0 (1)
00:00:00.336550   ExitSavePatMsr - Save IA32_PAT MSR on VM-exit           = 0 (1)
00:00:00.336550   ExitLoadPatMsr - Load IA32_PAT MSR on VM-exit           = 0 (1)
00:00:00.336551   ExitSaveEferMsr - Save IA32_EFER MSR on VM-exit         = 0 (1)
00:00:00.336551   ExitLoadEferMsr - Load IA32_EFER MSR on VM-exit         = 0 (1)
00:00:00.336552   SavePreemptTimer - Save VMX-preemption timer            = 0 (1)
00:00:00.336552   ExitSaveEferLma - Save IA32_EFER.LMA on VM-exit         = 0 (1)
00:00:00.336552   IntelPt - Intel PT (Processor Trace) in VMX operation   = 0 (1)
00:00:00.336553   VmwriteAll - VMWRITE to any supported VMCS field        = 0 (1)
00:00:00.336553   EntryInjectSoftInt - Inject softint. with 0-len instr.  = 0 (1)
00:00:00.336554 
00:00:00.336554 ******************* End of VT-x features ********************
00:00:00.336570 VMEmt: Halt method global1 (5)
00:00:00.336594 VMEmt: HaltedGlobal1 config: cNsSpinBlockThresholdCfg=2000
00:00:00.336598 Changing the VM state from 'CREATING' to 'CREATED'
00:00:00.340168 Changing the VM state from 'CREATED' to 'POWERING_ON'
00:00:00.340424 AIOMgr: Endpoints without assigned bandwidth groups:
00:00:00.340429 AIOMgr:     /home/vamsi/Documents/Acads/Sem 7/Computer Networks/Lab/Lab9/lab9_network/VMImages/r2/Snapshots/{32c91fb6-605c-48f1-87f6-6cef9d384abb}.vdi
00:00:00.340437 AIOMgr:     /home/vamsi/Documents/Acads/Sem 7/Computer Networks/Lab/Lab9/lab9_network/VMImages/base/Snapshots/{e22e9aa4-80c9-4e03-93d6-0caee39f6838}.vdi
00:00:00.340440 AIOMgr:     /home/vamsi/Documents/Acads/Sem 7/Computer Networks/Lab/Lab9/lab9_network/VMImages/base/Snapshots/{9cf32156-823d-496b-b336-6898fee923b5}.vdi
00:00:00.340442 AIOMgr:     /home/vamsi/Documents/Acads/Sem 7/Computer Networks/Lab/Lab9/lab9_network/VMImages/base/Snapshots/{460704c9-eba7-45f7-8877-3bd6e52bdccc}.vdi
00:00:00.340444 AIOMgr:     /home/vamsi/Documents/Acads/Sem 7/Computer Networks/Lab/Lab9/lab9_network/VMImages/base/Snapshots/{ccd6ab89-9973-43d9-b6e3-1bbb050f93f6}.vdi
00:00:00.340452 AIOMgr:     /home/vamsi/Documents/Acads/Sem 7/Computer Networks/Lab/Lab9/lab9_network/VMImages/base/Snapshots/{ca230307-de07-4ee1-b500-8daa8ed4ebc4}.vdi
00:00:00.340454 AIOMgr:     /home/vamsi/Documents/Acads/Sem 7/Computer Networks/Lab/Lab9/lab9_network/VMImages/base/Snapshots/{8f83ab64-891d-4e29-8532-09d2e668c3dd}.vdi
00:00:00.340456 AIOMgr:     /home/vamsi/Documents/Acads/Sem 7/Computer Networks/Lab/Lab9/lab9_network/VMImages/base/base.vdi
00:00:00.341256 Changing the VM state from 'POWERING_ON' to 'RUNNING'
00:00:00.341265 Console: Machine state changed to 'Running'
00:00:00.341531 VBoxHeadless: starting event loop
00:00:00.343733 VMMDev: Guest Log: BIOS: VirtualBox 6.1.26
00:00:00.343792 PCI: Setting up resources and interrupts
00:00:00.344036 PIT: mode=2 count=0x10000 (65536) - 18.20 Hz (ch=0)
00:00:00.355524 Display::i_handleDisplayResize: uScreenId=0 pvVRAM=0000000000000000 w=720 h=400 bpp=0 cbLine=0x0 flags=0x0 origin=0,0
00:00:00.355815 VMMDev: Guest Log: CPUID EDX: 0x178bfbff
00:00:00.355867 PIIX3 ATA: Ctl#0: RESET, DevSel=0 AIOIf=0 CmdIf0=0x00 (-1 usec ago) CmdIf1=0x00 (-1 usec ago)
00:00:00.355900 PIIX3 ATA: Ctl#0: finished processing RESET
00:00:00.356630 AHCI#0: Reset the HBA
00:00:00.356636 VD#0: Cancelling all active requests
00:00:00.356677 AHCI#0: Port 0 reset
00:00:00.356694 VD#0: Cancelling all active requests
00:00:00.357156 VMMDev: Guest Log: BIOS: AHCI 0-P#0: PCHS=2212/16/63 LCHS=553/64/63 0x00000000002205c6 sectors
00:00:00.358226 PIT: mode=2 count=0x48d3 (18643) - 64.00 Hz (ch=0)
00:00:00.389603 Display::i_handleDisplayResize: uScreenId=0 pvVRAM=00007f3cfda14000 w=640 h=480 bpp=32 cbLine=0xA00 flags=0x0 origin=0,0
00:00:02.834340 PIT: mode=2 count=0x10000 (65536) - 18.20 Hz (ch=0)
00:00:02.834557 VMMDev: Guest Log: BIOS: Boot : bseqnr=1, bootseq=0231
00:00:02.834727 VMMDev: Guest Log: BIOS: Boot from Floppy 0 failed
00:00:02.834915 VMMDev: Guest Log: BIOS: Boot : bseqnr=2, bootseq=0023
00:00:02.835280 VMMDev: Guest Log: BIOS: CDROM boot failure code : 0003
00:00:02.835432 VMMDev: Guest Log: BIOS: Boot from CD-ROM failed
00:00:02.835621 VMMDev: Guest Log: BIOS: Boot : bseqnr=3, bootseq=0002
00:00:02.845950 VMMDev: Guest Log: BIOS: Booting from Hard Disk...
00:00:02.890610 Display::i_handleDisplayResize: uScreenId=0 pvVRAM=0000000000000000 w=720 h=400 bpp=0 cbLine=0x0 flags=0x0 origin=0,0
00:00:03.105640 VMMDev: Guest Log: BIOS: KBD: unsupported int 16h function 03
00:00:03.105894 VMMDev: Guest Log: BIOS: AX=0305 BX=0000 CX=0000 DX=0000 
00:00:03.219874 GIM: KVM: VCPU  0: Enabled system-time struct. at 0x00000000008d1000 - u32TscScale=0xcee02d06 i8TscShift=-1 uVersion=2 fFlags=0x1 uTsc=0x1a898d853 uVirtNanoTS=0xab8f673d TscKHz=2474916
00:00:03.219896 TM: Switching TSC mode from 'Dynamic' to 'RealTscOffset'
00:00:03.242095 GIM: KVM: Enabled wall-clock struct. at 0x00000000008d0004 - u32Sec=1636700457 u32Nano=620803323 uVersion=2
00:00:03.249565 PIT: mode=2 count=0xf89 (3977) - 300.02 Hz (ch=0)
00:00:03.360032 PIT: mode=0 count=0x10000 (65536) - 18.20 Hz (ch=0)
00:00:03.439536 OHCI: Software reset
00:00:03.602432 AHCI#0: Reset the HBA
00:00:03.602470 VD#0: Cancelling all active requests
00:00:03.603115 AHCI#0: Port 0 reset
00:00:03.604167 OHCI: USB Reset
00:00:03.604257 VD#0: Cancelling all active requests
00:00:03.604430 PIIX3 ATA: Ctl#0: RESET, DevSel=0 AIOIf=0 CmdIf0=0xa0 (-1 usec ago) CmdIf1=0x00 (-1 usec ago)
00:00:03.604478 PIIX3 ATA: Ctl#0: finished processing RESET
00:00:03.692065 OHCI: Software reset
00:00:03.692315 OHCI: USB Operational
00:00:04.202595 VMMDev: Guest Log: vboxguest: host-version: 6.1.26r145957 0x8000000f
00:00:04.208726 VMMDev: Guest Additions information report: Version 5.2.0 r68940 '5.2.0'
00:00:04.208766 VMMDev: Guest Additions information report: Interface = 0x00010004 osType = 0x00053000 (Linux >= 2.6, 32-bit)
00:00:04.208824 VMMDev: Guest Additions capability report: (0x0 -> 0x0) seamless: no, hostWindowMapping: no, graphics: no
00:00:04.208881 VMMDev: vmmDevReqHandler_HeartbeatConfigure: No change (fHeartbeatActive=false)
00:00:04.208904 VMMDev: Heartbeat flatline timer set to trigger after 4 000 000 000 ns
00:00:04.209290 VMMDev: Guest Log: vbg_heartbeat_init: Setting up heartbeat to trigger every 2000 milliseconds
00:00:04.223478 VMMDev: Guest Log: vboxguest: misc device minor 56, IRQ 20, I/O port d040, MMIO at 0xf0400000 (size 0x00400000)
00:00:07.612762 NAT: Link up
00:00:08.209042 VMMDev: vmmDevHeartbeatFlatlinedTimer: Guest seems to be unresponsive. Last heartbeat received 4 seconds ago
00:00:12.480310 NAT: resolv.conf: nameserver 127.0.0.53
00:00:12.480337 NAT: DNS server 127.0.0.53 registration detected, switching to the DNS proxy
00:00:12.480340 NAT: DNS#0: 127.0.0.53
00:00:12.480344 NAT: DHCP offered IP address 10.0.2.15
00:00:12.480578 NAT: DHCP offered IP address 10.0.2.15
00:00:48.384130 NAT: Old socket recv size: 128KB
00:00:48.384149 NAT: Old socket send size: 128KB
00:05:14.371037 VMMDev: GuestHeartBeat: Guest is alive (gone 310 162 132 470 ns)
