00:00:00.026517 VirtualBox VM 6.1.26 r145957 linux.amd64 (Jul 28 2021 20:08:35) release log
00:00:00.026518 Log opened 2021-08-29T06:26:49.359966000Z
00:00:00.026519 Build Type: release
00:00:00.026522 OS Product: Linux
00:00:00.026523 OS Release: 5.4.0-81-generic
00:00:00.026523 OS Version: #91~18.04.1-Ubuntu SMP Fri Jul 23 13:36:29 UTC 2021
00:00:00.026540 DMI Product Name: Predator G9-593
00:00:00.026545 DMI Product Version: V1.13
00:00:00.026551 Firmware type: UEFI
00:00:00.027161 Secure Boot: Disabled
00:00:00.027237 Host RAM: 15952MB (15.5GB) total, 10209MB (9.9GB) available
00:00:00.027241 Executable: /usr/lib/virtualbox/VBoxHeadless
00:00:00.027241 Process ID: 23230
00:00:00.027242 Package type: LINUX_64BITS_UBUNTU_18_04
00:00:00.091030 Installed Extension Packs:
00:00:00.091044   None installed!
00:00:00.091713 Console: Machine state changed to 'Starting'
00:00:00.121201 SUP: Opened VMMR0.r0 (/usr/lib/virtualbox/VMMR0.r0) at 0xXXXXXXXXXXXXXXXX.
00:00:00.122517 Guest OS type: 'Ubuntu_64'
00:00:00.124760 fHMForced=true - No raw-mode support in this build!
00:00:00.132817 File system of '/home/vamsi/Documents/Acads/Sem 7/Computer Networks/Lab/Lab1/lab1_network/VMImages/h5/Snapshots' (snapshots) is ext4
00:00:00.132825 File system of '/home/vamsi/Documents/Acads/Sem 7/Computer Networks/Lab/Lab1/lab1_network/VMImages/h5/Snapshots/{6db50129-4705-4920-a100-eeedc5eb8090}.vdi' is ext4
00:00:00.152888 Shared Clipboard: Service loaded
00:00:00.152900 Shared Clipboard: Mode: Off
00:00:00.152973 Shared Clipboard: Service running in headless mode
00:00:00.153654 Drag and drop service loaded
00:00:00.153662 Drag and drop mode: Off
00:00:00.155334 ************************* CFGM dump *************************
00:00:00.155337 [/] (level 0)
00:00:00.155344   CpuExecutionCap   <integer> = 0x0000000000000064 (100)
00:00:00.155351   EnablePAE         <integer> = 0x0000000000000000 (0)
00:00:00.155352   HMEnabled         <integer> = 0x0000000000000001 (1)
00:00:00.155353   MemBalloonSize    <integer> = 0x0000000000000000 (0)
00:00:00.155354   Name              <string>  = "h5" (cb=3)
00:00:00.155355   NumCPUs           <integer> = 0x0000000000000001 (1)
00:00:00.155355   PageFusionAllowed <integer> = 0x0000000000000000 (0)
00:00:00.155356   RamHoleSize       <integer> = 0x0000000020000000 (536 870 912, 512 MB)
00:00:00.155357   RamSize           <integer> = 0x0000000040000000 (1 073 741 824, 1 024 MB)
00:00:00.155359   TimerMillies      <integer> = 0x000000000000000a (10)
00:00:00.155359   UUID              <bytes>   = "82 1e 2c 33 51 df 1f 4e 8d 62 7a a7 6a 76 e9 63" (cb=16)
00:00:00.155362 
00:00:00.155364 [/CPUM/] (level 1)
00:00:00.155365   GuestCpuName       <string>  = "host" (cb=5)
00:00:00.155366   NestedHWVirt       <integer> = 0x0000000000000000 (0)
00:00:00.155366   PortableCpuIdLevel <integer> = 0x0000000000000000 (0)
00:00:00.155367   SpecCtrl           <integer> = 0x0000000000000000 (0)
00:00:00.155368 
00:00:00.155368 [/CPUM/IsaExts/] (level 2)
00:00:00.155369 
00:00:00.155370 [/DBGC/] (level 1)
00:00:00.155371   GlobalInitScript <string>  = "/home/vamsi/.config/VirtualBox/dbgc-init" (cb=41)
00:00:00.155372   HistoryFile      <string>  = "/home/vamsi/.config/VirtualBox/dbgc-history" (cb=44)
00:00:00.155372   LocalInitScript  <string>  = "/home/vamsi/Documents/Acads/Sem 7/Computer Networks/Lab/Lab1/lab1_network/VMImages/h5/dbgc-init" (cb=96)
00:00:00.155373 
00:00:00.155373 [/DBGF/] (level 1)
00:00:00.155374   Path <string>  = "/home/vamsi/Documents/Acads/Sem 7/Computer Networks/Lab/Lab1/lab1_network/VMImages/h5/debug/;/home/vamsi/Documents/Acads/Sem 7/Computer Networks/Lab/Lab1/lab1_network/VMImages/h5/;cache*/home/vamsi/Documents/Acads/Sem 7/Computer Networks/Lab/Lab1/lab1_network/VMImages/h5/dbgcache/;/home/vamsi/" (cb=295)
00:00:00.155375 
00:00:00.155375 [/Devices/] (level 1)
00:00:00.155375 
00:00:00.155376 [/Devices/8237A/] (level 2)
00:00:00.155376 
00:00:00.155377 [/Devices/8237A/0/] (level 3)
00:00:00.155378   Trusted <integer> = 0x0000000000000001 (1)
00:00:00.155378 
00:00:00.155379 [/Devices/GIMDev/] (level 2)
00:00:00.155379 
00:00:00.155380 [/Devices/GIMDev/0/] (level 3)
00:00:00.155380   Trusted <integer> = 0x0000000000000001 (1)
00:00:00.155381 
00:00:00.155381 [/Devices/VMMDev/] (level 2)
00:00:00.155382 
00:00:00.155382 [/Devices/VMMDev/0/] (level 3)
00:00:00.155383   PCIBusNo      <integer> = 0x0000000000000000 (0)
00:00:00.155384   PCIDeviceNo   <integer> = 0x0000000000000004 (4)
00:00:00.155384   PCIFunctionNo <integer> = 0x0000000000000000 (0)
00:00:00.155385   Trusted       <integer> = 0x0000000000000001 (1)
00:00:00.155385 
00:00:00.155385 [/Devices/VMMDev/0/Config/] (level 4)
00:00:00.155386   GuestCoreDumpDir <string>  = "/home/vamsi/Documents/Acads/Sem 7/Computer Networks/Lab/Lab1/lab1_network/VMImages/h5/Snapshots" (cb=96)
00:00:00.155387 
00:00:00.155387 [/Devices/VMMDev/0/LUN#0/] (level 4)
00:00:00.155388   Driver <string>  = "HGCM" (cb=5)
00:00:00.155389 
00:00:00.155389 [/Devices/VMMDev/0/LUN#0/Config/] (level 5)
00:00:00.155390   Object <integer> = 0x00007f0464000b70 (139 656 834 321 264)
00:00:00.155391 
00:00:00.155392 [/Devices/VMMDev/0/LUN#999/] (level 4)
00:00:00.155392   Driver <string>  = "MainStatus" (cb=11)
00:00:00.155393 
00:00:00.155393 [/Devices/VMMDev/0/LUN#999/Config/] (level 5)
00:00:00.155394   First   <integer> = 0x0000000000000000 (0)
00:00:00.155395   Last    <integer> = 0x0000000000000000 (0)
00:00:00.155395   papLeds <integer> = 0x00007f04700027b8 (139 657 035 655 096)
00:00:00.155397 
00:00:00.155397 [/Devices/acpi/] (level 2)
00:00:00.155398 
00:00:00.155398 [/Devices/acpi/0/] (level 3)
00:00:00.155399   PCIBusNo      <integer> = 0x0000000000000000 (0)
00:00:00.155399   PCIDeviceNo   <integer> = 0x0000000000000007 (7)
00:00:00.155400   PCIFunctionNo <integer> = 0x0000000000000000 (0)
00:00:00.155400   Trusted       <integer> = 0x0000000000000001 (1)
00:00:00.155401 
00:00:00.155401 [/Devices/acpi/0/Config/] (level 4)
00:00:00.155402   CpuHotPlug          <integer> = 0x0000000000000000 (0)
00:00:00.155403   FdcEnabled          <integer> = 0x0000000000000000 (0)
00:00:00.155403   HostBusPciAddress   <integer> = 0x0000000000000000 (0)
00:00:00.155404   HpetEnabled         <integer> = 0x0000000000000000 (0)
00:00:00.155405   IOAPIC              <integer> = 0x0000000000000001 (1)
00:00:00.155405   IocPciAddress       <integer> = 0x0000000000010000 (65 536)
00:00:00.155406   NumCPUs             <integer> = 0x0000000000000001 (1)
00:00:00.155407   Parallel0IoPortBase <integer> = 0x0000000000000000 (0)
00:00:00.155407   Parallel0Irq        <integer> = 0x0000000000000000 (0)
00:00:00.155408   Parallel1IoPortBase <integer> = 0x0000000000000000 (0)
00:00:00.155408   Parallel1Irq        <integer> = 0x0000000000000000 (0)
00:00:00.155409   Serial0IoPortBase   <integer> = 0x0000000000000000 (0)
00:00:00.155410   Serial0Irq          <integer> = 0x0000000000000000 (0)
00:00:00.155410   Serial1IoPortBase   <integer> = 0x0000000000000000 (0)
00:00:00.155411   Serial1Irq          <integer> = 0x0000000000000000 (0)
00:00:00.155411   ShowCpu             <integer> = 0x0000000000000001 (1)
00:00:00.155412   ShowRtc             <integer> = 0x0000000000000000 (0)
00:00:00.155413   SmcEnabled          <integer> = 0x0000000000000000 (0)
00:00:00.155413 
00:00:00.155413 [/Devices/acpi/0/LUN#0/] (level 4)
00:00:00.155414   Driver <string>  = "ACPIHost" (cb=9)
00:00:00.155415 
00:00:00.155415 [/Devices/acpi/0/LUN#0/Config/] (level 5)
00:00:00.155416 
00:00:00.155416 [/Devices/ahci/] (level 2)
00:00:00.155417 
00:00:00.155417 [/Devices/ahci/0/] (level 3)
00:00:00.155418   PCIBusNo      <integer> = 0x0000000000000000 (0)
00:00:00.155419   PCIDeviceNo   <integer> = 0x000000000000000d (13)
00:00:00.155419   PCIFunctionNo <integer> = 0x0000000000000000 (0)
00:00:00.155420   Trusted       <integer> = 0x0000000000000001 (1)
00:00:00.155421 
00:00:00.155421 [/Devices/ahci/0/Config/] (level 4)
00:00:00.155422   Bootable  <integer> = 0x0000000000000001 (1)
00:00:00.155422   PortCount <integer> = 0x0000000000000001 (1)
00:00:00.155423 
00:00:00.155423 [/Devices/ahci/0/Config/Port0/] (level 5)
00:00:00.155424   Hotpluggable <integer> = 0x0000000000000000 (0)
00:00:00.155425 
00:00:00.155425 [/Devices/ahci/0/LUN#0/] (level 4)
00:00:00.155426   Driver <string>  = "VD" (cb=3)
00:00:00.155426 
00:00:00.155426 [/Devices/ahci/0/LUN#0/Config/] (level 5)
00:00:00.155428   BlockCache <integer> = 0x0000000000000001 (1)
00:00:00.155428   Format     <string>  = "VDI" (cb=4)
00:00:00.155429   Mountable  <integer> = 0x0000000000000000 (0)
00:00:00.155429   Path       <string>  = "/home/vamsi/Documents/Acads/Sem 7/Computer Networks/Lab/Lab1/lab1_network/VMImages/h5/Snapshots/{6db50129-4705-4920-a100-eeedc5eb8090}.vdi" (cb=139)
00:00:00.155430   Type       <string>  = "HardDisk" (cb=9)
00:00:00.155431   UseNewIo   <integer> = 0x0000000000000001 (1)
00:00:00.155431 
00:00:00.155431 [/Devices/ahci/0/LUN#0/Config/Parent/] (level 6)
00:00:00.155433   Format <string>  = "VDI" (cb=4)
00:00:00.155433   Path   <string>  = "/home/vamsi/Documents/Acads/Sem 7/Computer Networks/Lab/Lab1/lab1_network/VMImages/base/Snapshots/{460704c9-eba7-45f7-8877-3bd6e52bdccc}.vdi" (cb=141)
00:00:00.155434 
00:00:00.155434 [/Devices/ahci/0/LUN#0/Config/Parent/Parent/] (level 7)
00:00:00.155435   Format <string>  = "VDI" (cb=4)
00:00:00.155436   Path   <string>  = "/home/vamsi/Documents/Acads/Sem 7/Computer Networks/Lab/Lab1/lab1_network/VMImages/base/Snapshots/{ccd6ab89-9973-43d9-b6e3-1bbb050f93f6}.vdi" (cb=141)
00:00:00.155437 
00:00:00.155437 [/Devices/ahci/0/LUN#0/Config/Parent/Parent/Parent/] (level 8)
00:00:00.155438   Format <string>  = "VDI" (cb=4)
00:00:00.155439   Path   <string>  = "/home/vamsi/Documents/Acads/Sem 7/Computer Networks/Lab/Lab1/lab1_network/VMImages/base/Snapshots/{ca230307-de07-4ee1-b500-8daa8ed4ebc4}.vdi" (cb=141)
00:00:00.155439 
00:00:00.155439 [/Devices/ahci/0/LUN#0/Config/Parent/Parent/Parent/Parent/] (level 9)
00:00:00.155441   Format <string>  = "VDI" (cb=4)
00:00:00.155441   Path   <string>  = "/home/vamsi/Documents/Acads/Sem 7/Computer Networks/Lab/Lab1/lab1_network/VMImages/base/Snapshots/{8f83ab64-891d-4e29-8532-09d2e668c3dd}.vdi" (cb=141)
00:00:00.155442 
00:00:00.155442 [/Devices/ahci/0/LUN#0/Config/Parent/Parent/Parent/Parent/Parent/] (level 10)
00:00:00.155443   Format <string>  = "VDI" (cb=4)
00:00:00.155444   Path   <string>  = "/home/vamsi/Documents/Acads/Sem 7/Computer Networks/Lab/Lab1/lab1_network/VMImages/base/base.vdi" (cb=97)
00:00:00.155444 
00:00:00.155445 [/Devices/ahci/0/LUN#0/Config/Parent/Parent/Parent/Parent/Parent/VDConfig/] (level 11)
00:00:00.155446   AllocationBlockSize <string>  = "1048576" (cb=8)
00:00:00.155447 
00:00:00.155447 [/Devices/ahci/0/LUN#0/Config/Parent/Parent/Parent/Parent/VDConfig/] (level 10)
00:00:00.155448   AllocationBlockSize <string>  = "1048576" (cb=8)
00:00:00.155449 
00:00:00.155449 [/Devices/ahci/0/LUN#0/Config/Parent/Parent/Parent/VDConfig/] (level 9)
00:00:00.155450   AllocationBlockSize <string>  = "1048576" (cb=8)
00:00:00.155451 
00:00:00.155451 [/Devices/ahci/0/LUN#0/Config/Parent/Parent/VDConfig/] (level 8)
00:00:00.155452   AllocationBlockSize <string>  = "1048576" (cb=8)
00:00:00.155453 
00:00:00.155453 [/Devices/ahci/0/LUN#0/Config/Parent/VDConfig/] (level 7)
00:00:00.155454   AllocationBlockSize <string>  = "1048576" (cb=8)
00:00:00.155455 
00:00:00.155455 [/Devices/ahci/0/LUN#0/Config/VDConfig/] (level 6)
00:00:00.155456   AllocationBlockSize <string>  = "1048576" (cb=8)
00:00:00.155456 
00:00:00.155456 [/Devices/ahci/0/LUN#999/] (level 4)
00:00:00.155457   Driver <string>  = "MainStatus" (cb=11)
00:00:00.155458 
00:00:00.155458 [/Devices/ahci/0/LUN#999/Config/] (level 5)
00:00:00.155459   DeviceInstance        <string>  = "ahci/0" (cb=7)
00:00:00.155460   First                 <integer> = 0x0000000000000000 (0)
00:00:00.155461   Last                  <integer> = 0x0000000000000000 (0)
00:00:00.155461   pConsole              <integer> = 0x00007f04700013e0 (139 657 035 650 016)
00:00:00.155463   papLeds               <integer> = 0x00007f0470001bc0 (139 657 035 652 032)
00:00:00.155464   pmapMediumAttachments <integer> = 0x00007f04700027d8 (139 657 035 655 128)
00:00:00.155465 
00:00:00.155465 [/Devices/apic/] (level 2)
00:00:00.155466 
00:00:00.155466 [/Devices/apic/0/] (level 3)
00:00:00.155467   Trusted <integer> = 0x0000000000000001 (1)
00:00:00.155467 
00:00:00.155468 [/Devices/apic/0/Config/] (level 4)
00:00:00.155469   IOAPIC  <integer> = 0x0000000000000001 (1)
00:00:00.155469   Mode    <integer> = 0x0000000000000003 (3)
00:00:00.155470   NumCPUs <integer> = 0x0000000000000001 (1)
00:00:00.155470 
00:00:00.155470 [/Devices/e1000/] (level 2)
00:00:00.155471 
00:00:00.155471 [/Devices/e1000/0/] (level 3)
00:00:00.155472   PCIBusNo      <integer> = 0x0000000000000000 (0)
00:00:00.155473   PCIDeviceNo   <integer> = 0x0000000000000003 (3)
00:00:00.155473   PCIFunctionNo <integer> = 0x0000000000000000 (0)
00:00:00.155474   Trusted       <integer> = 0x0000000000000001 (1)
00:00:00.155474 
00:00:00.155475 [/Devices/e1000/0/Config/] (level 4)
00:00:00.155476   AdapterType    <integer> = 0x0000000000000000 (0)
00:00:00.155476   CableConnected <integer> = 0x0000000000000001 (1)
00:00:00.155477   LineSpeed      <integer> = 0x0000000000000000 (0)
00:00:00.155477   MAC            <bytes>   = "08 00 27 c1 98 3f" (cb=6)
00:00:00.155478 
00:00:00.155479 [/Devices/e1000/0/LUN#0/] (level 4)
00:00:00.155480   Driver <string>  = "NAT" (cb=4)
00:00:00.155480 
00:00:00.155480 [/Devices/e1000/0/LUN#0/Config/] (level 5)
00:00:00.155482   AliasMode       <integer> = 0x0000000000000000 (0)
00:00:00.155482   BootFile        <string>  = "h5.pxe" (cb=7)
00:00:00.155483   DNSProxy        <integer> = 0x0000000000000000 (0)
00:00:00.155483   Network         <string>  = "10.0.2.0/24" (cb=12)
00:00:00.155484   PassDomain      <integer> = 0x0000000000000001 (1)
00:00:00.155484   TFTPPrefix      <string>  = "/home/vamsi/.config/VirtualBox/TFTP" (cb=36)
00:00:00.155485   UseHostResolver <integer> = 0x0000000000000000 (0)
00:00:00.155485 
00:00:00.155486 [/Devices/e1000/0/LUN#0/Config/PortForwarding/] (level 6)
00:00:00.155487 
00:00:00.155487 [/Devices/e1000/0/LUN#0/Config/PortForwarding/0/] (level 7)
00:00:00.155488   GuestPort <integer> = 0x0000000000000016 (22)
00:00:00.155489   HostPort  <integer> = 0x00000000000038a9 (14 505)
00:00:00.155490   Name      <string>  = "ssh" (cb=4)
00:00:00.155490   Protocol  <string>  = "TCP" (cb=4)
00:00:00.155491 
00:00:00.155491 [/Devices/e1000/0/LUN#999/] (level 4)
00:00:00.155492   Driver <string>  = "MainStatus" (cb=11)
00:00:00.155492 
00:00:00.155493 [/Devices/e1000/0/LUN#999/Config/] (level 5)
00:00:00.155494   First   <integer> = 0x0000000000000000 (0)
00:00:00.155494   Last    <integer> = 0x0000000000000000 (0)
00:00:00.155495   papLeds <integer> = 0x00007f0470002698 (139 657 035 654 808)
00:00:00.155496 
00:00:00.155496 [/Devices/e1000/1/] (level 3)
00:00:00.155497   PCIBusNo      <integer> = 0x0000000000000000 (0)
00:00:00.155498   PCIDeviceNo   <integer> = 0x0000000000000008 (8)
00:00:00.155498   PCIFunctionNo <integer> = 0x0000000000000000 (0)
00:00:00.155499   Trusted       <integer> = 0x0000000000000001 (1)
00:00:00.155499 
00:00:00.155499 [/Devices/e1000/1/Config/] (level 4)
00:00:00.155500   AdapterType    <integer> = 0x0000000000000000 (0)
00:00:00.155501   CableConnected <integer> = 0x0000000000000001 (1)
00:00:00.155501   LineSpeed      <integer> = 0x0000000000000000 (0)
00:00:00.155502   MAC            <bytes>   = "08 00 27 5d fb 8b" (cb=6)
00:00:00.155503 
00:00:00.155503 [/Devices/e1000/1/LUN#0/] (level 4)
00:00:00.155504   Driver <string>  = "IntNet" (cb=7)
00:00:00.155505 
00:00:00.155505 [/Devices/e1000/1/LUN#0/Config/] (level 5)
00:00:00.155506   IfPolicyPromisc <string>  = "deny" (cb=5)
00:00:00.155506   Network         <string>  = "intnet3" (cb=8)
00:00:00.155507   TrunkType       <integer> = 0x0000000000000002 (2)
00:00:00.155508 
00:00:00.155508 [/Devices/e1000/1/LUN#999/] (level 4)
00:00:00.155509   Driver <string>  = "MainStatus" (cb=11)
00:00:00.155509 
00:00:00.155509 [/Devices/e1000/1/LUN#999/Config/] (level 5)
00:00:00.155510   First   <integer> = 0x0000000000000000 (0)
00:00:00.155511   Last    <integer> = 0x0000000000000000 (0)
00:00:00.155511   papLeds <integer> = 0x00007f04700026a0 (139 657 035 654 816)
00:00:00.155512 
00:00:00.155513 [/Devices/i8254/] (level 2)
00:00:00.155514 
00:00:00.155514 [/Devices/i8254/0/] (level 3)
00:00:00.155514 
00:00:00.155515 [/Devices/i8254/0/Config/] (level 4)
00:00:00.155516 
00:00:00.155516 [/Devices/i8259/] (level 2)
00:00:00.155516 
00:00:00.155517 [/Devices/i8259/0/] (level 3)
00:00:00.155518   Trusted <integer> = 0x0000000000000001 (1)
00:00:00.155518 
00:00:00.155518 [/Devices/i8259/0/Config/] (level 4)
00:00:00.155519 
00:00:00.155519 [/Devices/ichac97/] (level 2)
00:00:00.155520 
00:00:00.155520 [/Devices/ichac97/0/] (level 3)
00:00:00.155521   PCIBusNo      <integer> = 0x0000000000000000 (0)
00:00:00.155522   PCIDeviceNo   <integer> = 0x0000000000000005 (5)
00:00:00.155523   PCIFunctionNo <integer> = 0x0000000000000000 (0)
00:00:00.155523   Trusted       <integer> = 0x0000000000000001 (1)
00:00:00.155524 
00:00:00.155524 [/Devices/ichac97/0/AudioConfig/] (level 4)
00:00:00.155525 
00:00:00.155525 [/Devices/ichac97/0/Config/] (level 4)
00:00:00.155526   Codec        <string>  = "AD1980" (cb=7)
00:00:00.155527   DebugEnabled <integer> = 0x0000000000000000 (0)
00:00:00.155527 
00:00:00.155527 [/Devices/ichac97/0/LUN#0/] (level 4)
00:00:00.155528   Driver <string>  = "AUDIO" (cb=6)
00:00:00.155529 
00:00:00.155529 [/Devices/ichac97/0/LUN#0/AttachedDriver/] (level 5)
00:00:00.155530   Driver <string>  = "PulseAudio" (cb=11)
00:00:00.155530 
00:00:00.155531 [/Devices/ichac97/0/LUN#0/AttachedDriver/Config/] (level 6)
00:00:00.155532   VmName <string>  = "h5" (cb=3)
00:00:00.155532 
00:00:00.155533 [/Devices/ichac97/0/LUN#0/Config/] (level 5)
00:00:00.155534   DriverName    <string>  = "PulseAudio" (cb=11)
00:00:00.155534   InputEnabled  <integer> = 0x0000000000000000 (0)
00:00:00.155535   OutputEnabled <integer> = 0x0000000000000001 (1)
00:00:00.155535 
00:00:00.155535 [/Devices/ichac97/0/LUN#1/] (level 4)
00:00:00.155536   Driver <string>  = "AUDIO" (cb=6)
00:00:00.155537 
00:00:00.155537 [/Devices/ichac97/0/LUN#2/] (level 4)
00:00:00.155538   Driver <string>  = "AUDIO" (cb=6)
00:00:00.155538 
00:00:00.155538 [/Devices/ioapic/] (level 2)
00:00:00.155539 
00:00:00.155539 [/Devices/ioapic/0/] (level 3)
00:00:00.155540   Trusted <integer> = 0x0000000000000001 (1)
00:00:00.155541 
00:00:00.155541 [/Devices/ioapic/0/Config/] (level 4)
00:00:00.155542   NumCPUs <integer> = 0x0000000000000001 (1)
00:00:00.155542 
00:00:00.155542 [/Devices/mc146818/] (level 2)
00:00:00.155543 
00:00:00.155543 [/Devices/mc146818/0/] (level 3)
00:00:00.155544 
00:00:00.155544 [/Devices/mc146818/0/Config/] (level 4)
00:00:00.155545   UseUTC <integer> = 0x0000000000000001 (1)
00:00:00.155546 
00:00:00.155546 [/Devices/parallel/] (level 2)
00:00:00.155547 
00:00:00.155547 [/Devices/pcarch/] (level 2)
00:00:00.155548 
00:00:00.155548 [/Devices/pcarch/0/] (level 3)
00:00:00.155549   Trusted <integer> = 0x0000000000000001 (1)
00:00:00.155549 
00:00:00.155549 [/Devices/pcarch/0/Config/] (level 4)
00:00:00.155550 
00:00:00.155550 [/Devices/pcbios/] (level 2)
00:00:00.155551 
00:00:00.155551 [/Devices/pcbios/0/] (level 3)
00:00:00.155552   Trusted <integer> = 0x0000000000000001 (1)
00:00:00.155553 
00:00:00.155553 [/Devices/pcbios/0/Config/] (level 4)
00:00:00.155554   APIC               <integer> = 0x0000000000000001 (1)
00:00:00.155555   BootDevice0        <string>  = "FLOPPY" (cb=7)
00:00:00.155555   BootDevice1        <string>  = "DVD" (cb=4)
00:00:00.155556   BootDevice2        <string>  = "IDE" (cb=4)
00:00:00.155556   BootDevice3        <string>  = "NONE" (cb=5)
00:00:00.155557   FloppyDevice       <string>  = "i82078" (cb=7)
00:00:00.155557   HardDiskDevice     <string>  = "piix3ide" (cb=9)
00:00:00.155558   IOAPIC             <integer> = 0x0000000000000001 (1)
00:00:00.155559   McfgBase           <integer> = 0x0000000000000000 (0)
00:00:00.155559   McfgLength         <integer> = 0x0000000000000000 (0)
00:00:00.155560   NumCPUs            <integer> = 0x0000000000000001 (1)
00:00:00.155560   PXEDebug           <integer> = 0x0000000000000000 (0)
00:00:00.155561   SataHardDiskDevice <string>  = "ahci" (cb=5)
00:00:00.155561   SataLUN1           <integer> = 0x0000000000000000 (0)
00:00:00.155562   UUID               <bytes>   = "82 1e 2c 33 51 df 1f 4e 8d 62 7a a7 6a 76 e9 63" (cb=16)
00:00:00.155564   UuidLe             <integer> = 0x0000000000000000 (0)
00:00:00.155565 
00:00:00.155565 [/Devices/pcbios/0/Config/NetBoot/] (level 5)
00:00:00.155566 
00:00:00.155566 [/Devices/pcbios/0/Config/NetBoot/0/] (level 6)
00:00:00.155567   NIC           <integer> = 0x0000000000000000 (0)
00:00:00.155568   PCIBusNo      <integer> = 0x0000000000000000 (0)
00:00:00.155568   PCIDeviceNo   <integer> = 0x0000000000000003 (3)
00:00:00.155569   PCIFunctionNo <integer> = 0x0000000000000000 (0)
00:00:00.155569 
00:00:00.155569 [/Devices/pci/] (level 2)
00:00:00.155570 
00:00:00.155570 [/Devices/pci/0/] (level 3)
00:00:00.155571   Trusted <integer> = 0x0000000000000001 (1)
00:00:00.155572 
00:00:00.155572 [/Devices/pci/0/Config/] (level 4)
00:00:00.155573   IOAPIC <integer> = 0x0000000000000001 (1)
00:00:00.155573 
00:00:00.155574 [/Devices/pcibridge/] (level 2)
00:00:00.155574 
00:00:00.155575 [/Devices/pckbd/] (level 2)
00:00:00.155575 
00:00:00.155576 [/Devices/pckbd/0/] (level 3)
00:00:00.155576   Trusted <integer> = 0x0000000000000001 (1)
00:00:00.155577 
00:00:00.155577 [/Devices/pckbd/0/Config/] (level 4)
00:00:00.155578 
00:00:00.155578 [/Devices/pckbd/0/LUN#0/] (level 4)
00:00:00.155579   Driver <string>  = "KeyboardQueue" (cb=14)
00:00:00.155579 
00:00:00.155580 [/Devices/pckbd/0/LUN#0/AttachedDriver/] (level 5)
00:00:00.155581   Driver <string>  = "MainKeyboard" (cb=13)
00:00:00.155581 
00:00:00.155581 [/Devices/pckbd/0/LUN#0/AttachedDriver/Config/] (level 6)
00:00:00.155582   Object <integer> = 0x000055cfc1218bc0 (94 350 786 792 384)
00:00:00.155584 
00:00:00.155584 [/Devices/pckbd/0/LUN#0/Config/] (level 5)
00:00:00.155585   QueueSize <integer> = 0x0000000000000040 (64)
00:00:00.155585 
00:00:00.155586 [/Devices/pckbd/0/LUN#1/] (level 4)
00:00:00.155586   Driver <string>  = "MouseQueue" (cb=11)
00:00:00.155587 
00:00:00.155587 [/Devices/pckbd/0/LUN#1/AttachedDriver/] (level 5)
00:00:00.155588   Driver <string>  = "MainMouse" (cb=10)
00:00:00.155589 
00:00:00.155589 [/Devices/pckbd/0/LUN#1/AttachedDriver/Config/] (level 6)
00:00:00.155590   Object <integer> = 0x00007f0470006090 (139 657 035 669 648)
00:00:00.155591 
00:00:00.155591 [/Devices/pckbd/0/LUN#1/Config/] (level 5)
00:00:00.155592   QueueSize <integer> = 0x0000000000000080 (128)
00:00:00.155593 
00:00:00.155593 [/Devices/pcnet/] (level 2)
00:00:00.155594 
00:00:00.155594 [/Devices/piix3ide/] (level 2)
00:00:00.155595 
00:00:00.155595 [/Devices/piix3ide/0/] (level 3)
00:00:00.155596   PCIBusNo      <integer> = 0x0000000000000000 (0)
00:00:00.155597   PCIDeviceNo   <integer> = 0x0000000000000001 (1)
00:00:00.155597   PCIFunctionNo <integer> = 0x0000000000000001 (1)
00:00:00.155598   Trusted       <integer> = 0x0000000000000001 (1)
00:00:00.155598 
00:00:00.155598 [/Devices/piix3ide/0/Config/] (level 4)
00:00:00.155599   Type <string>  = "PIIX4" (cb=6)
00:00:00.155600 
00:00:00.155600 [/Devices/piix3ide/0/LUN#0/] (level 4)
00:00:00.155601   Driver <string>  = "VD" (cb=3)
00:00:00.155601 
00:00:00.155602 [/Devices/piix3ide/0/LUN#0/Config/] (level 5)
00:00:00.155602   EmptyDrive <integer> = 0x0000000000000001 (1)
00:00:00.155603   Mountable  <integer> = 0x0000000000000001 (1)
00:00:00.155603   Type       <string>  = "DVD" (cb=4)
00:00:00.155604 
00:00:00.155604 [/Devices/piix3ide/0/LUN#999/] (level 4)
00:00:00.155605   Driver <string>  = "MainStatus" (cb=11)
00:00:00.155605 
00:00:00.155606 [/Devices/piix3ide/0/LUN#999/Config/] (level 5)
00:00:00.155607   DeviceInstance        <string>  = "piix3ide/0" (cb=11)
00:00:00.155607   First                 <integer> = 0x0000000000000000 (0)
00:00:00.155608   Last                  <integer> = 0x0000000000000003 (3)
00:00:00.155609   pConsole              <integer> = 0x00007f04700013e0 (139 657 035 650 016)
00:00:00.155610   papLeds               <integer> = 0x00007f0470001ba0 (139 657 035 652 000)
00:00:00.155611   pmapMediumAttachments <integer> = 0x00007f04700027d8 (139 657 035 655 128)
00:00:00.155612 
00:00:00.155612 [/Devices/serial/] (level 2)
00:00:00.155613 
00:00:00.155613 [/Devices/usb-ohci/] (level 2)
00:00:00.155614 
00:00:00.155614 [/Devices/usb-ohci/0/] (level 3)
00:00:00.155615   PCIBusNo      <integer> = 0x0000000000000000 (0)
00:00:00.155616   PCIDeviceNo   <integer> = 0x0000000000000006 (6)
00:00:00.155616   PCIFunctionNo <integer> = 0x0000000000000000 (0)
00:00:00.155617   Trusted       <integer> = 0x0000000000000001 (1)
00:00:00.155617 
00:00:00.155617 [/Devices/usb-ohci/0/Config/] (level 4)
00:00:00.155618 
00:00:00.155618 [/Devices/usb-ohci/0/LUN#0/] (level 4)
00:00:00.155619   Driver <string>  = "VUSBRootHub" (cb=12)
00:00:00.155620 
00:00:00.155620 [/Devices/usb-ohci/0/LUN#0/Config/] (level 5)
00:00:00.155621 
00:00:00.155621 [/Devices/usb-ohci/0/LUN#999/] (level 4)
00:00:00.155622   Driver <string>  = "MainStatus" (cb=11)
00:00:00.155622 
00:00:00.155623 [/Devices/usb-ohci/0/LUN#999/Config/] (level 5)
00:00:00.155624   First   <integer> = 0x0000000000000000 (0)
00:00:00.155624   Last    <integer> = 0x0000000000000000 (0)
00:00:00.155625   papLeds <integer> = 0x00007f04700027c0 (139 657 035 655 104)
00:00:00.155626 
00:00:00.155626 [/Devices/vga/] (level 2)
00:00:00.155627 
00:00:00.155627 [/Devices/vga/0/] (level 3)
00:00:00.155628   PCIBusNo      <integer> = 0x0000000000000000 (0)
00:00:00.155628   PCIDeviceNo   <integer> = 0x0000000000000002 (2)
00:00:00.155629   PCIFunctionNo <integer> = 0x0000000000000000 (0)
00:00:00.155629   Trusted       <integer> = 0x0000000000000001 (1)
00:00:00.155630 
00:00:00.155630 [/Devices/vga/0/Config/] (level 4)
00:00:00.155631   3DEnabled          <integer> = 0x0000000000000000 (0)
00:00:00.155632   CustomVideoModes   <integer> = 0x0000000000000000 (0)
00:00:00.155632   FadeIn             <integer> = 0x0000000000000001 (1)
00:00:00.155633   FadeOut            <integer> = 0x0000000000000001 (1)
00:00:00.155634   HeightReduction    <integer> = 0x0000000000000000 (0)
00:00:00.155634   LogoFile           <string>  = "" (cb=1)
00:00:00.155635   LogoTime           <integer> = 0x0000000000000000 (0)
00:00:00.155635   MonitorCount       <integer> = 0x0000000000000001 (1)
00:00:00.155636   ShowBootMenu       <integer> = 0x0000000000000002 (2)
00:00:00.155636   VMSVGA3dEnabled    <integer> = 0x0000000000000000 (0)
00:00:00.155637   VMSVGAEnabled      <integer> = 0x0000000000000001 (1)
00:00:00.155638   VMSVGAPciBarLayout <integer> = 0x0000000000000001 (1)
00:00:00.155638   VMSVGAPciId        <integer> = 0x0000000000000001 (1)
00:00:00.155639   VRamSize           <integer> = 0x0000000001000000 (16 777 216, 16 MB)
00:00:00.155640 
00:00:00.155640 [/Devices/vga/0/LUN#0/] (level 4)
00:00:00.155641   Driver <string>  = "MainDisplay" (cb=12)
00:00:00.155642 
00:00:00.155642 [/Devices/vga/0/LUN#0/Config/] (level 5)
00:00:00.155643   Object <integer> = 0x00007f0470006cd0 (139 657 035 672 784)
00:00:00.155644 
00:00:00.155644 [/Devices/vga/0/LUN#999/] (level 4)
00:00:00.155645   Driver <string>  = "MainStatus" (cb=11)
00:00:00.155645 
00:00:00.155645 [/Devices/vga/0/LUN#999/Config/] (level 5)
00:00:00.155646   First   <integer> = 0x0000000000000000 (0)
00:00:00.155647   Last    <integer> = 0x0000000000000000 (0)
00:00:00.155647   papLeds <integer> = 0x00007f04700027d0 (139 657 035 655 120)
00:00:00.155648 
00:00:00.155649 [/Devices/virtio-net/] (level 2)
00:00:00.155649 
00:00:00.155650 [/EM/] (level 1)
00:00:00.155650   TripleFaultReset <integer> = 0x0000000000000000 (0)
00:00:00.155651 
00:00:00.155651 [/GIM/] (level 1)
00:00:00.155652   Provider <string>  = "KVM" (cb=4)
00:00:00.155652 
00:00:00.155652 [/HM/] (level 1)
00:00:00.155654   64bitEnabled            <integer> = 0x0000000000000001 (1)
00:00:00.155654   EnableLargePages        <integer> = 0x0000000000000000 (0)
00:00:00.155663   EnableNestedPaging      <integer> = 0x0000000000000001 (1)
00:00:00.155664   EnableUX                <integer> = 0x0000000000000001 (1)
00:00:00.155665   EnableVPID              <integer> = 0x0000000000000001 (1)
00:00:00.155665   Exclusive               <integer> = 0x0000000000000001 (1)
00:00:00.155666   HMForced                <integer> = 0x0000000000000001 (1)
00:00:00.155667   IBPBOnVMEntry           <integer> = 0x0000000000000000 (0)
00:00:00.155667   IBPBOnVMExit            <integer> = 0x0000000000000000 (0)
00:00:00.155668   L1DFlushOnSched         <integer> = 0x0000000000000001 (1)
00:00:00.155668   L1DFlushOnVMEntry       <integer> = 0x0000000000000000 (0)
00:00:00.155669   LovelyMesaDrvWorkaround <integer> = 0x0000000000000001 (1)
00:00:00.155670   MDSClearOnSched         <integer> = 0x0000000000000001 (1)
00:00:00.155670   MDSClearOnVMEntry       <integer> = 0x0000000000000000 (0)
00:00:00.155671   SpecCtrlByHost          <integer> = 0x0000000000000000 (0)
00:00:00.155671   UseNEMInstead           <integer> = 0x0000000000000000 (0)
00:00:00.155672 
00:00:00.155672 [/MM/] (level 1)
00:00:00.155673   CanUseLargerHeap <integer> = 0x0000000000000000 (0)
00:00:00.155673 
00:00:00.155674 [/NEM/] (level 1)
00:00:00.155674   Allow64BitGuests        <integer> = 0x0000000000000001 (1)
00:00:00.155675   LovelyMesaDrvWorkaround <integer> = 0x0000000000000001 (1)
00:00:00.155675 
00:00:00.155676 [/PDM/] (level 1)
00:00:00.155676 
00:00:00.155676 [/PDM/AsyncCompletion/] (level 2)
00:00:00.155677 
00:00:00.155677 [/PDM/AsyncCompletion/File/] (level 3)
00:00:00.155678 
00:00:00.155678 [/PDM/AsyncCompletion/File/BwGroups/] (level 4)
00:00:00.155679 
00:00:00.155679 [/PDM/BlkCache/] (level 2)
00:00:00.155680   CacheSize <integer> = 0x0000000000500000 (5 242 880, 5 MB)
00:00:00.155681 
00:00:00.155681 [/PDM/Devices/] (level 2)
00:00:00.155682 
00:00:00.155682 [/PDM/Drivers/] (level 2)
00:00:00.155683 
00:00:00.155683 [/PDM/Drivers/VBoxC/] (level 3)
00:00:00.155684   Path <string>  = "/usr/lib/virtualbox/components/VBoxC" (cb=37)
00:00:00.155685 
00:00:00.155685 [/PDM/NetworkShaper/] (level 2)
00:00:00.155686 
00:00:00.155686 [/PDM/NetworkShaper/BwGroups/] (level 3)
00:00:00.155687 
00:00:00.155687 [/TM/] (level 1)
00:00:00.155687   UTCOffset <integer> = 0x0000000000000000 (0)
00:00:00.155688 
00:00:00.155688 [/USB/] (level 1)
00:00:00.155689 
00:00:00.155689 [/USB/HidMouse/] (level 2)
00:00:00.155690 
00:00:00.155690 [/USB/HidMouse/0/] (level 3)
00:00:00.155691 
00:00:00.155691 [/USB/HidMouse/0/Config/] (level 4)
00:00:00.155692   Mode <string>  = "absolute" (cb=9)
00:00:00.155692 
00:00:00.155692 [/USB/HidMouse/0/LUN#0/] (level 4)
00:00:00.155693   Driver <string>  = "MouseQueue" (cb=11)
00:00:00.155694 
00:00:00.155694 [/USB/HidMouse/0/LUN#0/AttachedDriver/] (level 5)
00:00:00.155695   Driver <string>  = "MainMouse" (cb=10)
00:00:00.155695 
00:00:00.155695 [/USB/HidMouse/0/LUN#0/AttachedDriver/Config/] (level 6)
00:00:00.155696   Object <integer> = 0x00007f0470006090 (139 657 035 669 648)
00:00:00.155697 
00:00:00.155698 [/USB/HidMouse/0/LUN#0/Config/] (level 5)
00:00:00.155698   QueueSize <integer> = 0x0000000000000080 (128)
00:00:00.155699 
00:00:00.155699 [/USB/USBProxy/] (level 2)
00:00:00.155700 
00:00:00.155700 [/USB/USBProxy/GlobalConfig/] (level 3)
00:00:00.155701 
00:00:00.155701 ********************* End of CFGM dump **********************
00:00:00.155766 HM: HMR3Init: VT-x w/ nested paging and unrestricted guest execution hw support
00:00:00.155803 MM: cbHyperHeap=0x200000 (2097152)
00:00:00.156568 CPUM: fXStateHostMask=0x7; initial: 0x7; host XCR0=0x1f
00:00:00.157275 CPUM: Matched host CPU INTEL 0x6/0x9e/0x9 Intel_Core7_KabyLake with CPU DB entry 'Intel Core i7-6700K' (INTEL 0x6/0x5e/0x3 Intel_Core7_Skylake)
00:00:00.157306 CPUM: MXCSR_MASK=0xffff (host: 0xffff)
00:00:00.157313 CPUM: Microcode revision 0x000000EA
00:00:00.157319 CPUM: Changing leaf 13[0]: EBX=0x440 -> 0x340, ECX=0x440 -> 0x340
00:00:00.157326 CPUM: MSR/CPUID reconciliation insert: 0x0000010b IA32_FLUSH_CMD
00:00:00.157402 PGM: Host paging mode: AMD64+PGE+NX
00:00:00.157408 PGM: PGMPool: cMaxPages=768 (u64MaxPages=545)
00:00:00.157410 PGM: pgmR3PoolInit: cMaxPages=0x300 cMaxUsers=0x600 cMaxPhysExts=0x600 fCacheEnable=true 
00:00:00.157795 PGM: /proc/sys/vm/max_map_count = 65530 (rc2=VWRN_TRAILING_CHARS); cGuessNeeded=16384
00:00:00.159089 TM: GIP - u32Mode=3 (Invariant) u32UpdateHz=62 u32UpdateIntervalNS=16000000 enmUseTscDelta=2 (Practically Zero) fGetGipCpu=0x1b cCpus=4
00:00:00.159103 TM: GIP - u64CpuHz=2 475 657 078 (0x938f8776)  SUPGetCpuHzFromGip => 2 475 657 078
00:00:00.159108 TM: GIP - CPU: iCpuSet=0x0 idCpu=0x0 idApic=0x0 iGipCpu=0x3 i64TSCDelta=0 enmState=3 u64CpuHz=2495975039(*) cErrors=0
00:00:00.159112 TM: GIP - CPU: iCpuSet=0x1 idCpu=0x1 idApic=0x2 iGipCpu=0x0 i64TSCDelta=0 enmState=3 u64CpuHz=2475657078(*) cErrors=0
00:00:00.159115 TM: GIP - CPU: iCpuSet=0x2 idCpu=0x2 idApic=0x4 iGipCpu=0x2 i64TSCDelta=0 enmState=3 u64CpuHz=2495975139(*) cErrors=0
00:00:00.159117 TM: GIP - CPU: iCpuSet=0x3 idCpu=0x3 idApic=0x6 iGipCpu=0x1 i64TSCDelta=0 enmState=3 u64CpuHz=2495974769(*) cErrors=0
00:00:00.159157 TM: cTSCTicksPerSecond=2 475 657 078 (0x938f8776) enmTSCMode=3 (Dynamic)
00:00:00.159158 TM: TSCTiedToExecution=false TSCNotTiedToHalt=false
00:00:00.159394 EMR3Init: fIemExecutesAll=false fGuruOnTripleFault=true 
00:00:00.159476 IEM: TargetCpu=CURRENT, Microarch=Intel_Core7_KabyLake
00:00:00.159521 GIM: Using provider 'KVM' (Implementation version: 0)
00:00:00.159525 CPUM: SetGuestCpuIdFeature: Enabled Hypervisor Present bit
00:00:00.191808 AIOMgr: Default manager type is 'Async'
00:00:00.191821 AIOMgr: Default file backend is 'NonBuffered'
00:00:00.192102 BlkCache: Cache successfully initialized. Cache size is 5242880 bytes
00:00:00.192109 BlkCache: Cache commit interval is 10000 ms
00:00:00.192111 BlkCache: Cache commit threshold is 2621440 bytes
00:00:00.193035 PcBios: [SMP] BIOS with 1 CPUs
00:00:00.193055 PcBios: Using the 386+ BIOS image.
00:00:00.193109 PcBios: MPS table at 000e1300
00:00:00.193423 PcBios: fCheckShutdownStatusForSoftReset=true   fClearShutdownStatusOnHardReset=true 
00:00:00.193557 SUP: Opened VBoxDDR0.r0 (/usr/lib/virtualbox/VBoxDDR0.r0) at 0xXXXXXXXXXXXXXXXX.
00:00:00.193708 CPUM: SetGuestCpuIdFeature: Enabled xAPIC
00:00:00.193712 CPUM: SetGuestCpuIdFeature: Enabled x2APIC
00:00:00.193873 IOAPIC: Using implementation 2.0! Chipset type ICH9
00:00:00.193909 PIT: mode=3 count=0x10000 (65536) - 18.20 Hz (ch=0)
00:00:00.194322 VMMDev: cbDefaultBudget: 261 373 696 (f943f00)
00:00:00.195932 Shared Folders service loaded
00:00:00.196621 Guest Control service loaded
00:00:00.201576 VGA: Using the 386+ BIOS image.
00:00:00.202624 DrvVD: Flushes will be ignored
00:00:00.202630 DrvVD: Async flushes will be passed to the disk
00:00:00.204780 VD: VDInit finished with VINF_SUCCESS
00:00:00.205038 AIOMgr: Endpoint for file '/home/vamsi/Documents/Acads/Sem 7/Computer Networks/Lab/Lab1/lab1_network/VMImages/base/base.vdi' (flags 000c0781) created successfully
00:00:00.230042 AIOMgr: Endpoint for file '/home/vamsi/Documents/Acads/Sem 7/Computer Networks/Lab/Lab1/lab1_network/VMImages/base/Snapshots/{8f83ab64-891d-4e29-8532-09d2e668c3dd}.vdi' (flags 000c0781) created successfully
00:00:00.250942 AIOMgr: Endpoint for file '/home/vamsi/Documents/Acads/Sem 7/Computer Networks/Lab/Lab1/lab1_network/VMImages/base/Snapshots/{ca230307-de07-4ee1-b500-8daa8ed4ebc4}.vdi' (flags 000c0781) created successfully
00:00:00.286404 AIOMgr: Endpoint for file '/home/vamsi/Documents/Acads/Sem 7/Computer Networks/Lab/Lab1/lab1_network/VMImages/base/Snapshots/{ccd6ab89-9973-43d9-b6e3-1bbb050f93f6}.vdi' (flags 000c0781) created successfully
00:00:00.305704 AIOMgr: Endpoint for file '/home/vamsi/Documents/Acads/Sem 7/Computer Networks/Lab/Lab1/lab1_network/VMImages/base/Snapshots/{460704c9-eba7-45f7-8877-3bd6e52bdccc}.vdi' (flags 000c0781) created successfully
00:00:00.345147 AIOMgr: Endpoint for file '/home/vamsi/Documents/Acads/Sem 7/Computer Networks/Lab/Lab1/lab1_network/VMImages/h5/Snapshots/{6db50129-4705-4920-a100-eeedc5eb8090}.vdi' (flags 000c0723) created successfully
00:00:00.346096 VD: Opening the disk took 141398991 ns
00:00:00.346176 AHCI: LUN#0: disk, PCHS=2212/16/63, total number of sectors 2229702
00:00:00.346486 AHCI#0: Reset the HBA
00:00:00.346507 VD#0: Cancelling all active requests
00:00:00.347396 DrvVD: Flushes will be ignored
00:00:00.347409 DrvVD: Async flushes will be passed to the disk
00:00:00.347444 PIIX3 ATA: LUN#0: CD/DVD, total number of sectors 0, passthrough disabled
00:00:00.350473 PIIX3 ATA: LUN#1: no unit
00:00:00.350647 PIIX3 ATA: LUN#2: no unit
00:00:00.350658 PIIX3 ATA: LUN#3: no unit
00:00:00.350698 PIIX3 ATA: Ctl#0: finished processing RESET
00:00:00.350722 PIIX3 ATA: Ctl#1: finished processing RESET
00:00:00.350826 E1000#0: Chip=82540EM LinkUpDelay=3000ms EthernetCRC=on GSO=enabled Itr=disabled ItrRx=enabled TID=disabled R0=enabled RC=disabled
00:00:00.360936 NAT: Guest address guess set to 10.0.2.15 by initialization
00:00:00.361046 NAT: resolv.conf: nameserver 127.0.0.53
00:00:00.361060 NAT: DNS server 127.0.0.53 registration detected, switching to the DNS proxy
00:00:00.361065 NAT: DNS#0: 127.0.0.53
00:00:00.361106 NAT: Set redirect TCP 0.0.0.0:14505 -> 0.0.0.0:22
00:00:00.361922 E1000#1: Chip=82540EM LinkUpDelay=3000ms EthernetCRC=on GSO=enabled Itr=disabled ItrRx=enabled TID=disabled R0=enabled RC=disabled
00:00:00.362001 IntNet#0: szNetwork={intnet3} enmTrunkType=2 szTrunk={} fFlags=0x8000 cbRecv=325632 cbSend=196608 fIgnoreConnectFailure=false
00:00:00.362610 AC97: Using codec 'AD1980'
00:00:00.362674 Audio: Initializing PulseAudio driver
00:00:00.365278 PulseAudio: Using version 11.1.0
00:00:00.368882 PulseAudio: Retrieving server information ...
00:00:00.369613 Audio: Found 3 devices for driver 'PulseAudio'
00:00:00.369628 Audio: Device 'Built-in Audio Analog Stereo':
00:00:00.369629 Audio:   ID              = alsa_output.pci-0000_00_1f.3.analog-stereo
00:00:00.369630 Audio:   Usage           = output
00:00:00.369631 Audio:   Flags           = DEFAULT_OUT
00:00:00.369631 Audio:   Input channels  = 0
00:00:00.369632 Audio:   Output channels = 2
00:00:00.369635 Audio: Device 'Monitor of Built-in Audio Analog Stereo':
00:00:00.369636 Audio:   ID              = alsa_output.pci-0000_00_1f.3.analog-stereo.monitor
00:00:00.369636 Audio:   Usage           = input
00:00:00.369637 Audio:   Flags           = NONE
00:00:00.369637 Audio:   Input channels  = 2
00:00:00.369638 Audio:   Output channels = 0
00:00:00.369641 Audio: Device 'Built-in Audio Analog Stereo':
00:00:00.369641 Audio:   ID              = alsa_input.pci-0000_00_1f.3.analog-stereo
00:00:00.369642 Audio:   Usage           = input
00:00:00.369642 Audio:   Flags           = DEFAULT_IN
00:00:00.369643 Audio:   Input channels  = 2
00:00:00.369643 Audio:   Output channels = 0
00:00:00.369739 AC97: Reset
00:00:00.369744 AC97: Mixer reset (EAID=0x809, EACS=0x9)
00:00:00.369748 AC97: Record select to left=mic, right=mic
00:00:00.370774 VUSB: Attached 'HidMouse' to port 1 on RootHub#0 (FullSpeed)
00:00:00.370814 PGM: The CPU physical address width is 39 bits
00:00:00.370820 PGM: PGMR3InitFinalize: 4 MB PSE mask 0000007fffffffff -> VINF_SUCCESS
00:00:00.370847 TM: TMR3InitFinalize: fTSCModeSwitchAllowed=true 
00:00:00.371010 VMM: Enabled thread-context hooks
00:00:00.371015 VMM: RTThreadPreemptIsPending() can be trusted
00:00:00.371018 VMM: Kernel preemption is not possible it seems
00:00:00.371030 HM: fWorldSwitcher=0x0 (fIbpbOnVmExit=false fIbpbOnVmEntry=false fL1dFlushOnVmEntry=false); fL1dFlushOnSched=true  fMdsClearOnVmEntry=false
00:00:00.371037 HM: Using VT-x implementation 3.0
00:00:00.371038 HM: Max resume loops                  = 8192
00:00:00.371038 HM: Host CR4                          = 0x3606e0
00:00:00.371040 HM: Host EFER                         = 0xd01
00:00:00.371041 HM: MSR_IA32_SMM_MONITOR_CTL          = 0x0
00:00:00.371042 HM: MSR_IA32_FEATURE_CONTROL          = 0x5
00:00:00.371042 HM:   LOCK
00:00:00.371043 HM:   VMXON
00:00:00.371043 HM: MSR_IA32_VMX_BASIC                = 0xda040000000004
00:00:00.371045 HM:   VMCS id                           = 0x4
00:00:00.371045 HM:   VMCS size                         = 1024 bytes
00:00:00.371046 HM:   VMCS physical address limit       = None
00:00:00.371047 HM:   VMCS memory type                  = Write Back (WB)
00:00:00.371047 HM:   Dual-monitor treatment support    = true 
00:00:00.371048 HM:   OUTS & INS instruction-info       = true 
00:00:00.371049 HM:   Supports true-capability MSRs     = true 
00:00:00.371049 HM:   VM-entry Xcpt error-code optional = false
00:00:00.371050 HM: MSR_IA32_VMX_PINBASED_CTLS        = 0x7f00000016
00:00:00.371051 HM:   EXT_INT_EXIT
00:00:00.371052 HM:   NMI_EXIT
00:00:00.371052 HM:   VIRTUAL_NMI
00:00:00.371053 HM:   PREEMPT_TIMER
00:00:00.371053 HM:   POSTED_INT (must be cleared)
00:00:00.371054 HM: MSR_IA32_VMX_PROCBASED_CTLS       = 0xfff9fffe0401e172
00:00:00.371055 HM:   INT_WINDOW_EXIT
00:00:00.371056 HM:   USE_TSC_OFFSETTING
00:00:00.371056 HM:   HLT_EXIT
00:00:00.371057 HM:   INVLPG_EXIT
00:00:00.371057 HM:   MWAIT_EXIT
00:00:00.371058 HM:   RDPMC_EXIT
00:00:00.371058 HM:   RDTSC_EXIT
00:00:00.371059 HM:   CR3_LOAD_EXIT (must be set)
00:00:00.371059 HM:   CR3_STORE_EXIT (must be set)
00:00:00.371060 HM:   CR8_LOAD_EXIT
00:00:00.371060 HM:   CR8_STORE_EXIT
00:00:00.371061 HM:   USE_TPR_SHADOW
00:00:00.371061 HM:   NMI_WINDOW_EXIT
00:00:00.371061 HM:   MOV_DR_EXIT
00:00:00.371062 HM:   UNCOND_IO_EXIT
00:00:00.371062 HM:   USE_IO_BITMAPS
00:00:00.371063 HM:   MONITOR_TRAP_FLAG
00:00:00.371063 HM:   USE_MSR_BITMAPS
00:00:00.371064 HM:   MONITOR_EXIT
00:00:00.371064 HM:   PAUSE_EXIT
00:00:00.371064 HM:   USE_SECONDARY_CTLS
00:00:00.371065 HM: MSR_IA32_VMX_PROCBASED_CTLS2      = 0x5fbcff00000000
00:00:00.371066 HM:   VIRT_APIC_ACCESS
00:00:00.371067 HM:   EPT
00:00:00.371067 HM:   DESC_TABLE_EXIT
00:00:00.371068 HM:   RDTSCP
00:00:00.371068 HM:   VIRT_X2APIC_MODE
00:00:00.371069 HM:   VPID
00:00:00.371069 HM:   WBINVD_EXIT
00:00:00.371070 HM:   UNRESTRICTED_GUEST
00:00:00.371070 HM:   APIC_REG_VIRT (must be cleared)
00:00:00.371071 HM:   VIRT_INT_DELIVERY (must be cleared)
00:00:00.371071 HM:   PAUSE_LOOP_EXIT
00:00:00.371072 HM:   RDRAND_EXIT
00:00:00.371072 HM:   INVPCID
00:00:00.371073 HM:   VMFUNC
00:00:00.371073 HM:   VMCS_SHADOWING (must be cleared)
00:00:00.371074 HM:   ENCLS_EXIT
00:00:00.371074 HM:   RDSEED_EXIT
00:00:00.371075 HM:   PML
00:00:00.371075 HM:   EPT_VE
00:00:00.371076 HM:   CONCEAL_VMX_FROM_PT
00:00:00.371076 HM:   XSAVES_XRSTORS
00:00:00.371076 HM:   MODE_BASED_EPT_PERM
00:00:00.371077 HM:   SPPTP_EPT (must be cleared)
00:00:00.371077 HM:   PT_EPT (must be cleared)
00:00:00.371078 HM:   TSC_SCALING (must be cleared)
00:00:00.371078 HM:   USER_WAIT_PAUSE (must be cleared)
00:00:00.371079 HM:   ENCLV_EXIT (must be cleared)
00:00:00.371079 HM: MSR_IA32_VMX_ENTRY_CTLS           = 0x3ffff000011ff
00:00:00.371080 HM:   LOAD_DEBUG (must be set)
00:00:00.371081 HM:   IA32E_MODE_GUEST
00:00:00.371081 HM:   ENTRY_TO_SMM
00:00:00.371082 HM:   DEACTIVATE_DUAL_MON
00:00:00.371082 HM:   LOAD_PERF_MSR
00:00:00.371083 HM:   LOAD_PAT_MSR
00:00:00.371083 HM:   LOAD_EFER_MSR
00:00:00.371084 HM:   LOAD_BNDCFGS_MSR
00:00:00.371084 HM:   CONCEAL_VMX_FROM_PT
00:00:00.371084 HM:   LOAD_RTIT_CTL_MSR (must be cleared)
00:00:00.371085 HM: MSR_IA32_VMX_EXIT_CTLS            = 0x1ffffff00036dff
00:00:00.371086 HM:   SAVE_DEBUG (must be set)
00:00:00.371087 HM:   HOST_ADDR_SPACE_SIZE
00:00:00.371087 HM:   LOAD_PERF_MSR
00:00:00.371088 HM:   ACK_EXT_INT
00:00:00.371088 HM:   SAVE_PAT_MSR
00:00:00.371088 HM:   LOAD_PAT_MSR
00:00:00.371089 HM:   SAVE_EFER_MSR
00:00:00.371089 HM:   LOAD_EFER_MSR
00:00:00.371090 HM:   SAVE_PREEMPT_TIMER
00:00:00.371090 HM:   CLEAR_BNDCFGS_MSR
00:00:00.371091 HM:   CONCEAL_VMX_FROM_PT
00:00:00.371091 HM:   CLEAR_RTIT_CTL_MSR (must be cleared)
00:00:00.371092 HM: MSR_IA32_VMX_TRUE_PINBASED_CTLS   = 0x7f00000016
00:00:00.371093 HM: MSR_IA32_VMX_TRUE_PROCBASED_CTLS  = 0xfff9fffe04006172
00:00:00.371094 HM: MSR_IA32_VMX_TRUE_ENTRY_CTLS      = 0x3ffff000011fb
00:00:00.371095 HM: MSR_IA32_VMX_TRUE_EXIT_CTLS       = 0x1ffffff00036dfb
00:00:00.371096 HM: MSR_IA32_VMX_MISC                 = 0x7004c1e7
00:00:00.371097 HM:   PREEMPT_TIMER_TSC                 = 0x7
00:00:00.371098 HM:   EXIT_SAVE_EFER_LMA                = true 
00:00:00.371099 HM:   ACTIVITY_STATES                   = 0x7 ( HLT SHUTDOWN SIPI_WAIT )
00:00:00.371100 HM:   INTEL_PT                          = true 
00:00:00.371100 HM:   SMM_READ_SMBASE_MSR               = true 
00:00:00.371101 HM:   CR3_TARGET                        = 0x4
00:00:00.371101 HM:   MAX_MSR                           = 0x0 ( 512 )
00:00:00.371102 HM:   VMXOFF_BLOCK_SMI                  = true 
00:00:00.371103 HM:   VMWRITE_ALL                       = true 
00:00:00.371104 HM:   ENTRY_INJECT_SOFT_INT             = 0x1
00:00:00.371104 HM:   MSEG_ID                           = 0x0
00:00:00.371105 HM: MSR_IA32_VMX_VMCS_ENUM            = 0x2e
00:00:00.371105 HM:   HIGHEST_IDX                       = 0x17
00:00:00.371106 HM: MSR_IA32_VMX_EPT_VPID_CAP         = 0xf0106734141
00:00:00.371107 HM:   RWX_X_ONLY
00:00:00.371108 HM:   PAGE_WALK_LENGTH_4
00:00:00.371108 HM:   EMT_UC
00:00:00.371108 HM:   EMT_WB
00:00:00.371109 HM:   PDE_2M
00:00:00.371109 HM:   PDPTE_1G
00:00:00.371110 HM:   INVEPT
00:00:00.371110 HM:   EPT_ACCESS_DIRTY
00:00:00.371110 HM:   ADVEXITINFO_EPT
00:00:00.371111 HM:   INVEPT_SINGLE_CONTEXT
00:00:00.371111 HM:   INVEPT_ALL_CONTEXTS
00:00:00.371112 HM:   INVVPID
00:00:00.371112 HM:   INVVPID_INDIV_ADDR
00:00:00.371113 HM:   INVVPID_SINGLE_CONTEXT
00:00:00.371113 HM:   INVVPID_ALL_CONTEXTS
00:00:00.371113 HM:   INVVPID_SINGLE_CONTEXT_RETAIN_GLOBALS
00:00:00.371114 HM: MSR_IA32_VMX_VMFUNC               = 0x1
00:00:00.371115 HM:   EPTP_SWITCHING
00:00:00.371115 HM: MSR_IA32_VMX_CR0_FIXED0           = 0x80000021
00:00:00.371116 HM: MSR_IA32_VMX_CR0_FIXED1           = 0xffffffff
00:00:00.371117 HM: MSR_IA32_VMX_CR4_FIXED0           = 0x2000
00:00:00.371118 HM: MSR_IA32_VMX_CR4_FIXED1           = 0x3727ff
00:00:00.371118 HM: APIC-access page physaddr         = 0x000000020d40a000
00:00:00.371120 HM: VCPU  0: MSR bitmap physaddr      = 0x000000020d40e000
00:00:00.371121 HM: VCPU  0: VMCS physaddr            = 0x000000020d40b000
00:00:00.371122 HM: Guest support: 32-bit and 64-bit
00:00:00.371126 HM: Supports VMCS EFER fields         = true 
00:00:00.371127 HM: Enabled VMX
00:00:00.371130 CPUM: SetGuestCpuIdFeature: Enabled SYSENTER/EXIT
00:00:00.371131 CPUM: SetGuestCpuIdFeature: Enabled PAE
00:00:00.371132 CPUM: SetGuestCpuIdFeature: Enabled LONG MODE
00:00:00.371132 CPUM: SetGuestCpuIdFeature: Enabled SYSCALL/RET
00:00:00.371133 CPUM: SetGuestCpuIdFeature: Enabled LAHF/SAHF
00:00:00.371133 CPUM: SetGuestCpuIdFeature: Enabled NX
00:00:00.371134 HM: Enabled nested paging
00:00:00.371134 HM:   EPT flush type                  = Single context
00:00:00.371134 HM: Enabled unrestricted guest execution
00:00:00.371135 HM: Enabled VPID
00:00:00.371135 HM:   VPID flush type                 = Single context
00:00:00.371136 HM: Enabled VMX-preemption timer (cPreemptTimerShift=7)
00:00:00.371137 HM: VT-x/AMD-V init method: Global
00:00:00.371137 EM: Exit history optimizations: enabled=true  enabled-r0=true  enabled-r0-no-preemption=false
00:00:00.371175 PcBios: SATA LUN#0 LCHS=553/64/63
00:00:00.371189 APIC: fPostedIntrsEnabled=false fVirtApicRegsEnabled=false fSupportsTscDeadline=false
00:00:00.371197 TMR3UtcNow: nsNow=1 630 218 409 704 595 000 nsPrev=0 -> cNsDelta=1 630 218 409 704 595 000 (offLag=0 offVirtualSync=0 offVirtualSyncGivenUp=0, NowAgain=1 630 218 409 704 596 000)
00:00:00.371207 VMM: fUsePeriodicPreemptionTimers=false
00:00:00.371326 CPUM: Logical host processors: 4 present, 4 max, 4 online, online mask: 000000000000000f
00:00:00.371402 CPUM: Physical host cores: 4
00:00:00.371403 ************************* CPUID dump ************************
00:00:00.371413          Raw Standard CPUID Leaves
00:00:00.371413      Leaf/sub-leaf  eax      ebx      ecx      edx
00:00:00.371414 Gst: 00000000/0000  00000016 756e6547 6c65746e 49656e69
00:00:00.371416 Hst:                00000016 756e6547 6c65746e 49656e69
00:00:00.371418 Gst: 00000001/0000  000906e9 00010800 d6fa220b 178bfbff
00:00:00.371419 Hst:                000906e9 00100800 7ffafbbf bfebfbff
00:00:00.371421 Gst: 00000002/0000  76036301 00f0b6ff 00000000 00c30000
00:00:00.371422 Hst:                76036301 00f0b6ff 00000000 00c30000
00:00:00.371424 Gst: 00000003/0000  00000000 00000000 00000000 00000000
00:00:00.371425 Hst:                00000000 00000000 00000000 00000000
00:00:00.371426 Gst: 00000004/0000  00000121 01c0003f 0000003f 00000000
00:00:00.371427 Hst:                1c004121 01c0003f 0000003f 00000000
00:00:00.371428 Gst: 00000004/0001  00000122 01c0003f 0000003f 00000000
00:00:00.371429 Hst:                1c004122 01c0003f 0000003f 00000000
00:00:00.371431 Gst: 00000004/0002  00000143 00c0003f 000003ff 00000000
00:00:00.371432 Hst:                1c004143 00c0003f 000003ff 00000000
00:00:00.371433 Gst: 00000004/0003  00000163 02c0003f 00001fff 00000006
00:00:00.371434 Hst:                1c03c163 02c0003f 00001fff 00000006
00:00:00.371435 Gst: 00000004/0004  00000000 00000000 00000000 00000000
00:00:00.371436 Hst:                00000000 00000000 00000000 00000000
00:00:00.371437 Gst: 00000005/0000  00000040 00000040 00000000 00000000
00:00:00.371438 Hst:                00000040 00000040 00000003 11142120
00:00:00.371440 Gst: 00000006/0000  00000000 00000000 00000000 00000000
00:00:00.371441 Hst:                000027f7 00000002 00000009 00000000
00:00:00.371442 Gst: 00000007/0000  00000000 00842421 00000000 10000400
00:00:00.371443 Hst:                00000000 029c67af 00000000 9c002e00
00:00:00.371444 Gst: 00000007/0001  00000000 00000000 00000000 00000000
00:00:00.371445 Hst:                00000000 00000000 00000000 00000000
00:00:00.371446 Gst: 00000008/0000  00000000 00000000 00000000 00000000
00:00:00.371447 Hst:                00000000 00000000 00000000 00000000
00:00:00.371448 Gst: 00000009/0000  00000000 00000000 00000000 00000000
00:00:00.371449 Hst:                00000000 00000000 00000000 00000000
00:00:00.371450 Gst: 0000000a/0000  00000000 00000000 00000000 00000000
00:00:00.371450 Hst:                07300804 00000000 00000000 00000603
00:00:00.371451 Gst: 0000000b/0000  00000000 00000001 00000100 00000000
00:00:00.371452 Hst:                00000001 00000001 00000100 00000000
00:00:00.371453 Gst: 0000000b/0001  00000001 00000001 00000201 00000000
00:00:00.371454 Hst:                00000004 00000004 00000201 00000000
00:00:00.371455 Gst: 0000000b/0002  00000000 00000000 00000002 00000000
00:00:00.371456 Hst:                00000000 00000000 00000002 00000000
00:00:00.371457 Gst: 0000000c/0000  00000000 00000000 00000000 00000000
00:00:00.371458 Hst:                00000000 00000000 00000000 00000000
00:00:00.371459 Gst: 0000000d/0000  00000007 00000340 00000340 00000000
00:00:00.371460 Hst:                0000001f 00000440 00000440 00000000
00:00:00.371461 Gst: 0000000d/0001  00000000 000003c0 00000000 00000000
00:00:00.371461 Hst:                0000000f 000003c0 00000100 00000000
00:00:00.371462 Gst: 0000000d/0002  00000100 00000240 00000000 00000000
00:00:00.371463 Hst:                00000100 00000240 00000000 00000000
00:00:00.371464 Gst: 0000000d/0003  00000000 00000000 00000000 00000000
00:00:00.371465 Hst:                00000040 000003c0 00000000 00000000
00:00:00.371466 Gst: 0000000d/0004  00000000 00000000 00000000 00000000
00:00:00.371467 Hst:                00000040 00000400 00000000 00000000
00:00:00.371468 Gst: 0000000d/0005  00000000 00000000 00000000 00000000
00:00:00.371469 Hst:                00000000 00000000 00000000 00000000
00:00:00.371470 Gst: 0000000d/0006  00000000 00000000 00000000 00000000
00:00:00.371470 Hst:                00000000 00000000 00000000 00000000
00:00:00.371471 Gst: 0000000d/0007  00000000 00000000 00000000 00000000
00:00:00.371472 Hst:                00000000 00000000 00000000 00000000
00:00:00.371473 Gst: 0000000d/0008  00000000 00000000 00000000 00000000
00:00:00.371474 Hst:                00000080 00000000 00000001 00000000
00:00:00.371475 Gst: 0000000d/0009  00000000 00000000 00000000 00000000
00:00:00.371476 Hst:                00000000 00000000 00000000 00000000
00:00:00.371506 Gst: 0000000e/0000  00000000 00000000 00000000 00000000
00:00:00.371507 Hst:                00000000 00000000 00000000 00000000
00:00:00.371508 Gst: 0000000f/0000  00000000 00000000 00000000 00000000
00:00:00.371509 Hst:                00000000 00000000 00000000 00000000
00:00:00.371510 Gst: 00000010/0000  00000000 00000000 00000000 00000000
00:00:00.371511 Hst:                00000000 00000000 00000000 00000000
00:00:00.371511 Gst: 00000011/0000  00000000 00000000 00000000 00000000
00:00:00.371512 Hst:                00000000 00000000 00000000 00000000
00:00:00.371513 Gst: 00000012/0000  00000000 00000000 00000000 00000000
00:00:00.371514 Hst:                00000000 00000000 00000000 00000000
00:00:00.371515 Gst: 00000013/0000  00000000 00000000 00000000 00000000
00:00:00.371516 Hst:                00000000 00000000 00000000 00000000
00:00:00.371517 Gst: 00000014/0000  00000000 00000000 00000000 00000000
00:00:00.371518 Hst:                00000001 0000000f 00000007 00000000
00:00:00.371518 Hst: 00000015/0000  00000002 000000d0 00000000 00000000
00:00:00.371520 Hst: 00000016/0000  000009c4 00000dac 00000064 00000000
00:00:00.371522                                Name: GenuineIntel
00:00:00.371523                            Supports: 0x00000000-0x00000016
00:00:00.371525                              Family:  6 	Extended: 0 	Effective: 6
00:00:00.371527                               Model: 14 	Extended: 9 	Effective: 158
00:00:00.371528                            Stepping: 9
00:00:00.371529                                Type: 0 (primary)
00:00:00.371531                             APIC ID: 0x00
00:00:00.371532                        Logical CPUs: 1
00:00:00.371533                        CLFLUSH Size: 8
00:00:00.371534                            Brand ID: 0x00
00:00:00.371535 Features
00:00:00.371536   Mnemonic - Description                                  = guest (host)
00:00:00.371537   FPU - x87 FPU on Chip                                   = 1 (1)
00:00:00.371539   VME - Virtual 8086 Mode Enhancements                    = 1 (1)
00:00:00.371540   DE - Debugging extensions                               = 1 (1)
00:00:00.371542   PSE - Page Size Extension                               = 1 (1)
00:00:00.371543   TSC - Time Stamp Counter                                = 1 (1)
00:00:00.371545   MSR - Model Specific Registers                          = 1 (1)
00:00:00.371546   PAE - Physical Address Extension                        = 1 (1)
00:00:00.371547   MCE - Machine Check Exception                           = 1 (1)
00:00:00.371548   CX8 - CMPXCHG8B instruction                             = 1 (1)
00:00:00.371550   APIC - APIC On-Chip                                     = 1 (1)
00:00:00.371551   SEP - SYSENTER and SYSEXIT Present                      = 1 (1)
00:00:00.371552   MTRR - Memory Type Range Registers                      = 1 (1)
00:00:00.371554   PGE - PTE Global Bit                                    = 1 (1)
00:00:00.371555   MCA - Machine Check Architecture                        = 1 (1)
00:00:00.371556   CMOV - Conditional Move instructions                    = 1 (1)
00:00:00.371557   PAT - Page Attribute Table                              = 1 (1)
00:00:00.371559   PSE-36 - 36-bit Page Size Extension                     = 1 (1)
00:00:00.371560   PSN - Processor Serial Number                           = 0 (0)
00:00:00.371561   CLFSH - CLFLUSH instruction                             = 1 (1)
00:00:00.371562   DS - Debug Store                                        = 0 (1)
00:00:00.371564   ACPI - Thermal Mon. & Soft. Clock Ctrl.                 = 0 (1)
00:00:00.371565   MMX - Intel MMX Technology                              = 1 (1)
00:00:00.371566   FXSR - FXSAVE and FXRSTOR instructions                  = 1 (1)
00:00:00.371567   SSE - SSE support                                       = 1 (1)
00:00:00.371569   SSE2 - SSE2 support                                     = 1 (1)
00:00:00.371570   SS - Self Snoop                                         = 0 (1)
00:00:00.371572   HTT - Hyper-Threading Technology                        = 1 (1)
00:00:00.371573   TM - Therm. Monitor                                     = 0 (1)
00:00:00.371575   PBE - Pending Break Enabled                             = 0 (1)
00:00:00.371576   SSE3 - SSE3 support                                     = 1 (1)
00:00:00.371577   PCLMUL - PCLMULQDQ support (for AES-GCM)                = 1 (1)
00:00:00.371579   DTES64 - DS Area 64-bit Layout                          = 0 (1)
00:00:00.371580   MONITOR - MONITOR/MWAIT instructions                    = 1 (1)
00:00:00.371581   CPL-DS - CPL Qualified Debug Store                      = 0 (1)
00:00:00.371582   VMX - Virtual Machine Extensions                        = 0 (1)
00:00:00.371583   SMX - Safer Mode Extensions                             = 0 (0)
00:00:00.371585   EST - Enhanced SpeedStep Technology                     = 0 (1)
00:00:00.371586   TM2 - Terminal Monitor 2                                = 0 (1)
00:00:00.371587   SSSE3 - Supplemental Streaming SIMD Extensions 3        = 1 (1)
00:00:00.371588   CNTX-ID - L1 Context ID                                 = 0 (0)
00:00:00.371590   SDBG - Silicon Debug interface                          = 0 (1)
00:00:00.371591   FMA - Fused Multiply Add extensions                     = 0 (1)
00:00:00.371592   CX16 - CMPXCHG16B instruction                           = 1 (1)
00:00:00.371593   TPRUPDATE - xTPR Update Control                         = 0 (1)
00:00:00.371595   PDCM - Perf/Debug Capability MSR                        = 0 (1)
00:00:00.371596   PCID - Process Context Identifiers                      = 1 (1)
00:00:00.371597   DCA - Direct Cache Access                               = 0 (0)
00:00:00.371598   SSE4_1 - SSE4_1 support                                 = 1 (1)
00:00:00.371600   SSE4_2 - SSE4_2 support                                 = 1 (1)
00:00:00.371601   X2APIC - x2APIC support                                 = 1 (1)
00:00:00.371603   MOVBE - MOVBE instruction                               = 1 (1)
00:00:00.371604   POPCNT - POPCNT instruction                             = 1 (1)
00:00:00.371605   TSCDEADL - Time Stamp Counter Deadline                  = 0 (1)
00:00:00.371606   AES - AES instructions                                  = 1 (1)
00:00:00.371608   XSAVE - XSAVE instruction                               = 1 (1)
00:00:00.371609   OSXSAVE - OSXSAVE instruction                           = 0 (1)
00:00:00.371610   AVX - AVX support                                       = 1 (1)
00:00:00.371612   F16C - 16-bit floating point conversion instructions    = 0 (1)
00:00:00.371613   RDRAND - RDRAND instruction                             = 1 (1)
00:00:00.371614   HVP - Hypervisor Present (we're a guest)                = 1 (0)
00:00:00.371615 Structured Extended Feature Flags Enumeration (leaf 7):
00:00:00.371616   Mnemonic - Description                                  = guest (host)
00:00:00.371617   FSGSBASE - RDFSBASE/RDGSBASE/WRFSBASE/WRGSBASE instr.   = 1 (1)
00:00:00.371618   TSCADJUST - Supports MSR_IA32_TSC_ADJUST                = 0 (1)
00:00:00.371619   SGX - Supports Software Guard Extensions                = 0 (1)
00:00:00.371620   BMI1 - Advanced Bit Manipulation extension 1            = 0 (1)
00:00:00.371621   HLE - Hardware Lock Elision                             = 0 (0)
00:00:00.371622   AVX2 - Advanced Vector Extensions 2                     = 1 (1)
00:00:00.371623   FDP_EXCPTN_ONLY - FPU DP only updated on exceptions     = 0 (0)
00:00:00.371624   SMEP - Supervisor Mode Execution Prevention             = 0 (1)
00:00:00.371625   BMI2 - Advanced Bit Manipulation extension 2            = 0 (1)
00:00:00.371626   ERMS - Enhanced REP MOVSB/STOSB instructions            = 0 (1)
00:00:00.371627   INVPCID - INVPCID instruction                           = 1 (1)
00:00:00.371629   RTM - Restricted Transactional Memory                   = 0 (0)
00:00:00.371630   PQM - Platform Quality of Service Monitoring            = 0 (0)
00:00:00.371631   DEPFPU_CS_DS - Deprecates FPU CS, FPU DS values if set  = 1 (1)
00:00:00.371632   MPE - Intel Memory Protection Extensions                = 0 (1)
00:00:00.371633   PQE - Platform Quality of Service Enforcement           = 0 (0)
00:00:00.371634   AVX512F - AVX512 Foundation instructions                = 0 (0)
00:00:00.371635   RDSEED - RDSEED instruction                             = 1 (1)
00:00:00.371636   ADX - ADCX/ADOX instructions                            = 0 (1)
00:00:00.371637   SMAP - Supervisor Mode Access Prevention                = 0 (1)
00:00:00.371638   CLFLUSHOPT - CLFLUSHOPT (Cache Line Flush) instruction  = 1 (1)
00:00:00.371639   INTEL_PT - Intel Processor Trace                        = 0 (1)
00:00:00.371640   AVX512PF - AVX512 Prefetch instructions                 = 0 (0)
00:00:00.371642   AVX512ER - AVX512 Exponential & Reciprocal instructions = 0 (0)
00:00:00.371642   AVX512CD - AVX512 Conflict Detection instructions       = 0 (0)
00:00:00.371643   SHA - Secure Hash Algorithm extensions                  = 0 (0)
00:00:00.371645   PREFETCHWT1 - PREFETCHWT1 instruction                   = 0 (0)
00:00:00.371646   UMIP - User mode insturction prevention                 = 0 (0)
00:00:00.371647   PKU - Protection Key for Usermode pages                 = 0 (0)
00:00:00.371648   OSPKE - CR4.PKU mirror                                  = 0 (0)
00:00:00.371649   MAWAU - Value used by BNDLDX & BNDSTX                   = 0x0 (0x0)
00:00:00.371651   RDPID - Read processor ID support                       = 0 (0)
00:00:00.371652   SGX_LC - Supports SGX Launch Configuration              = 0 (0)
00:00:00.371653    9 - Reserved                                           = 0 (1)
00:00:00.371655   MD_CLEAR - Supports MDS related buffer clearing         = 1 (1)
00:00:00.371656   11 - Reserved                                           = 0 (1)
00:00:00.371658   13 - Reserved                                           = 0 (1)
00:00:00.371659   IBRS_IBPB - IA32_SPEC_CTRL.IBRS and IA32_PRED_CMD.IBPB  = 0 (1)
00:00:00.371660   STIBP - Supports IA32_SPEC_CTRL.STIBP                   = 0 (1)
00:00:00.371662   FLUSH_CMD - Supports IA32_FLUSH_CMD                     = 1 (1)
00:00:00.371663   ARCHCAP - Supports IA32_ARCH_CAP                        = 0 (0)
00:00:00.371664   CORECAP - Supports IA32_CORE_CAP                        = 0 (0)
00:00:00.371665   SSBD - Supports IA32_SPEC_CTRL.SSBD                     = 0 (1)
00:00:00.371667 Processor Extended State Enumeration (leaf 0xd):
00:00:00.371667    XSAVE area cur/max size by XCR0, guest: 0x340/0x340
00:00:00.371669     XSAVE area cur/max size by XCR0, host: 0x440/0x440
00:00:00.371670                    Valid XCR0 bits, guest: 0x00000000`00000007 ( x87 SSE YMM_Hi128 )
00:00:00.371672                     Valid XCR0 bits, host: 0x00000000`0000001f ( x87 SSE YMM_Hi128 BNDREGS BNDCSR )
00:00:00.371675                     XSAVE features, guest:
00:00:00.371676                      XSAVE features, host: XSAVEOPT XSAVEC XGETBC1 XSAVES
00:00:00.371678       XSAVE area cur size XCR0|XSS, guest: 0x3c0
00:00:00.371679        XSAVE area cur size XCR0|XSS, host: 0x3c0
00:00:00.371680                Valid IA32_XSS bits, guest: 0x00000000`00000000
00:00:00.371681                 Valid IA32_XSS bits, host: 0x00000100`00000000 ( 40 )
00:00:00.371683   State #2, guest: off=0x0240, cb=0x0100 IA32_XSS-bit -- YMM_Hi128
00:00:00.371685   State #2, host:  off=0x0240, cb=0x0100 IA32_XSS-bit -- YMM_Hi128
00:00:00.371687   State #3, host:  off=0x03c0, cb=0x0040 IA32_XSS-bit -- BNDREGS
00:00:00.371689   State #4, host:  off=0x0400, cb=0x0040 IA32_XSS-bit -- BNDCSR
00:00:00.371691   State #8, host:  off=0x0000, cb=0x0080 XCR0-bit -- 8
00:00:00.371706          Unknown CPUID Leaves
00:00:00.371707      Leaf/sub-leaf  eax      ebx      ecx      edx
00:00:00.371708 Gst: 00000014/0001  00000000 00000000 00000000 00000000
00:00:00.371709 Hst:                02490002 003f3fff 00000000 00000000
00:00:00.371710 Gst: 00000014/0002  00000000 00000000 00000000 00000000
00:00:00.371711 Hst:                00000000 00000000 00000000 00000000
00:00:00.371712 Gst: 00000015/0000  00000000 00000000 00000000 00000000
00:00:00.371713 Hst:                00000002 000000d0 00000000 00000000
00:00:00.371714 Gst: 00000016/0000  00000000 00000000 00000000 00000000
00:00:00.371715 Hst:                000009c4 00000dac 00000064 00000000
00:00:00.371717          Raw Hypervisor CPUID Leaves
00:00:00.371717      Leaf/sub-leaf  eax      ebx      ecx      edx
00:00:00.371718 Gst: 40000000/0000  40000001 4b4d564b 564b4d56 0000004d
00:00:00.371739 Hst:                000009c4 00000dac 00000064 00000000
00:00:00.371741 Gst: 40000001/0000  01000089 00000000 00000000 00000000
00:00:00.371742 Hst:                000009c4 00000dac 00000064 00000000
00:00:00.371743          Raw Extended CPUID Leaves
00:00:00.371744      Leaf/sub-leaf  eax      ebx      ecx      edx
00:00:00.371744 Gst: 80000000/0000  80000008 00000000 00000000 00000000
00:00:00.371746 Hst:                80000008 00000000 00000000 00000000
00:00:00.371747 Gst: 80000001/0000  00000000 00000000 00000121 28100800
00:00:00.371748 Hst:                00000000 00000000 00000121 2c100800
00:00:00.371750 Gst: 80000002/0000  65746e49 2952286c 726f4320 4d542865
00:00:00.371751 Hst:                65746e49 2952286c 726f4320 4d542865
00:00:00.371753 Gst: 80000003/0000  35692029 3033372d 20514830 20555043
00:00:00.371754 Hst:                35692029 3033372d 20514830 20555043
00:00:00.371756 Gst: 80000004/0000  2e322040 48473035 0000007a 00000000
00:00:00.371758 Hst:                2e322040 48473035 0000007a 00000000
00:00:00.371759 Gst: 80000005/0000  00000000 00000000 00000000 00000000
00:00:00.371760 Hst:                00000000 00000000 00000000 00000000
00:00:00.371760 Gst: 80000006/0000  00000000 00000000 01006040 00000000
00:00:00.371762 Hst:                00000000 00000000 01006040 00000000
00:00:00.371763 Gst: 80000007/0000  00000000 00000000 00000000 00000100
00:00:00.371764 Hst:                00000000 00000000 00000000 00000100
00:00:00.371765 Gst: 80000008/0000  00003027 00000000 00000000 00000000
00:00:00.371766 Hst:                00003027 00000000 00000000 00000000
00:00:00.371767 Ext Name:                        
00:00:00.371767 Ext Supports:                    0x80000000-0x80000008
00:00:00.371768 Family:                          0  	Extended: 0 	Effective: 0
00:00:00.371769 Model:                           0  	Extended: 0 	Effective: 0
00:00:00.371770 Stepping:                        0
00:00:00.371771 Brand ID:                        0x000
00:00:00.371771 Ext Features
00:00:00.371772   Mnemonic - Description                                  = guest (host)
00:00:00.371773   FPU - x87 FPU on Chip                                   = 0 (0)
00:00:00.371774   VME - Virtual 8086 Mode Enhancements                    = 0 (0)
00:00:00.371775   DE - Debugging extensions                               = 0 (0)
00:00:00.371776   PSE - Page Size Extension                               = 0 (0)
00:00:00.371778   TSC - Time Stamp Counter                                = 0 (0)
00:00:00.371779   MSR - K86 Model Specific Registers                      = 0 (0)
00:00:00.371780   PAE - Physical Address Extension                        = 0 (0)
00:00:00.371781   MCE - Machine Check Exception                           = 0 (0)
00:00:00.371783   CX8 - CMPXCHG8B instruction                             = 0 (0)
00:00:00.371784   APIC - APIC On-Chip                                     = 0 (0)
00:00:00.371785   SEP - SYSCALL/SYSRET                                    = 1 (1)
00:00:00.371787   MTRR - Memory Type Range Registers                      = 0 (0)
00:00:00.371788   PGE - PTE Global Bit                                    = 0 (0)
00:00:00.371789   MCA - Machine Check Architecture                        = 0 (0)
00:00:00.371790   CMOV - Conditional Move instructions                    = 0 (0)
00:00:00.371792   PAT - Page Attribute Table                              = 0 (0)
00:00:00.371793   PSE-36 - 36-bit Page Size Extension                     = 0 (0)
00:00:00.371794   NX - No-Execute/Execute-Disable                         = 1 (1)
00:00:00.371795   AXMMX - AMD Extensions to MMX instructions              = 0 (0)
00:00:00.371796   MMX - Intel MMX Technology                              = 0 (0)
00:00:00.371798   FXSR - FXSAVE and FXRSTOR Instructions                  = 0 (0)
00:00:00.371799   FFXSR - AMD fast FXSAVE and FXRSTOR instructions        = 0 (0)
00:00:00.371800   Page1GB - 1 GB large page                               = 0 (1)
00:00:00.371801   RDTSCP - RDTSCP instruction                             = 1 (1)
00:00:00.371803   LM - AMD64 Long Mode                                    = 1 (1)
00:00:00.371804   3DNOWEXT - AMD Extensions to 3DNow                      = 0 (0)
00:00:00.371805   3DNOW - AMD 3DNow                                       = 0 (0)
00:00:00.371807   LahfSahf - LAHF/SAHF support in 64-bit mode             = 1 (1)
00:00:00.371808   CmpLegacy - Core multi-processing legacy mode           = 0 (0)
00:00:00.371809   SVM - AMD Secure Virtual Machine extensions             = 0 (0)
00:00:00.371810   EXTAPIC - AMD Extended APIC registers                   = 0 (0)
00:00:00.371811   CR8L - AMD LOCK MOV CR0 means MOV CR8                   = 0 (0)
00:00:00.371812   ABM - AMD Advanced Bit Manipulation                     = 1 (1)
00:00:00.371814   SSE4A - SSE4A instructions                              = 0 (0)
00:00:00.371815   MISALIGNSSE - AMD Misaligned SSE mode                   = 0 (0)
00:00:00.371816   3DNOWPRF - AMD PREFETCH and PREFETCHW instructions      = 1 (1)
00:00:00.371817   OSVW - AMD OS Visible Workaround                        = 0 (0)
00:00:00.371818   IBS - Instruct Based Sampling                           = 0 (0)
00:00:00.371819   XOP - Extended Operation support                        = 0 (0)
00:00:00.371821   SKINIT - SKINIT, STGI, and DEV support                  = 0 (0)
00:00:00.371822   WDT - AMD Watchdog Timer support                        = 0 (0)
00:00:00.371823   LWP - Lightweight Profiling support                     = 0 (0)
00:00:00.371824   FMA4 - Four operand FMA instruction support             = 0 (0)
00:00:00.371825   NodeId - NodeId in MSR C001_100C                        = 0 (0)
00:00:00.371827   TBM - Trailing Bit Manipulation instructions            = 0 (0)
00:00:00.371828   TOPOEXT - Topology Extensions                           = 0 (0)
00:00:00.371829   PRFEXTCORE - Performance Counter Extensions support     = 0 (0)
00:00:00.371830   PRFEXTNB - NB Performance Counter Extensions support    = 0 (0)
00:00:00.371831   DATABPEXT - Data-access Breakpoint Extension            = 0 (0)
00:00:00.371832   PERFTSC - Performance Time Stamp Counter                = 0 (0)
00:00:00.371833   PCX_L2I - L2I/L3 Performance Counter Extensions         = 0 (0)
00:00:00.371834   MWAITX - MWAITX and MONITORX instructions               = 0 (0)
00:00:00.371835 Full Name:                       "Intel(R) Core(TM) i5-7300HQ CPU @ 2.50GHz"
00:00:00.371836 TLB 2/4M Instr/Uni:              res0     0 entries
00:00:00.371837 TLB 2/4M Data:                   res0     0 entries
00:00:00.371838 TLB 4K Instr/Uni:                res0     0 entries
00:00:00.371839 TLB 4K Data:                     res0     0 entries
00:00:00.371839 L1 Instr Cache Line Size:        0 bytes
00:00:00.371840 L1 Instr Cache Lines Per Tag:    0
00:00:00.371840 L1 Instr Cache Associativity:    res0  
00:00:00.371841 L1 Instr Cache Size:             0 KB
00:00:00.371841 L1 Data Cache Line Size:         0 bytes
00:00:00.371842 L1 Data Cache Lines Per Tag:     0
00:00:00.371842 L1 Data Cache Associativity:     res0  
00:00:00.371843 L1 Data Cache Size:              0 KB
00:00:00.371844 L2 TLB 2/4M Instr/Uni:           off       0 entries
00:00:00.371844 L2 TLB 2/4M Data:                off       0 entries
00:00:00.371845 L2 TLB 4K Instr/Uni:             off       0 entries
00:00:00.371846 L2 TLB 4K Data:                  off       0 entries
00:00:00.371846 L2 Cache Line Size:              0 bytes
00:00:00.371847 L2 Cache Lines Per Tag:          0
00:00:00.371847 L2 Cache Associativity:          off   
00:00:00.371848 L2 Cache Size:                   0 KB
00:00:00.371849   TS - Temperature Sensor                                 = 0 (0)
00:00:00.371850   FID - Frequency ID control                              = 0 (0)
00:00:00.371851   VID - Voltage ID control                                = 0 (0)
00:00:00.371853   TscInvariant - Invariant Time Stamp Counter             = 1 (1)
00:00:00.371854   CBP - Core Performance Boost                            = 0 (0)
00:00:00.371855   EffFreqRO - Read-only Effective Frequency Interface     = 0 (0)
00:00:00.371856   ProcFdbkIf - Processor Feedback Interface               = 0 (0)
00:00:00.371857   ProcPwrRep - Core power reporting interface support     = 0 (0)
00:00:00.371859 Physical Address Width:          39 bits
00:00:00.371859 Virtual Address Width:           48 bits
00:00:00.371860 Guest Physical Address Width:    0 bits
00:00:00.371860 Physical Core Count:             1
00:00:00.371863 
00:00:00.371863 ******************** End of CPUID dump **********************
00:00:00.371864 *********************** VT-x features ***********************
00:00:00.371865 Nested hardware virtualization - VMX features
00:00:00.371866   Mnemonic - Description                                  = guest (host)
00:00:00.371866   VMX - Virtual-Machine Extensions                        = 0 (1)
00:00:00.371867   InsOutInfo - INS/OUTS instruction info.                 = 0 (1)
00:00:00.371868   ExtIntExit - External interrupt exiting                 = 0 (1)
00:00:00.371869   NmiExit - NMI exiting                                   = 0 (1)
00:00:00.371869   VirtNmi - Virtual NMIs                                  = 0 (1)
00:00:00.371870   PreemptTimer - VMX preemption timer                     = 0 (1)
00:00:00.371871   PostedInt - Posted interrupts                           = 0 (0)
00:00:00.371871   IntWindowExit - Interrupt-window exiting                = 0 (1)
00:00:00.371872   TscOffsetting - TSC offsetting                          = 0 (1)
00:00:00.371873   HltExit - HLT exiting                                   = 0 (1)
00:00:00.371873   InvlpgExit - INVLPG exiting                             = 0 (1)
00:00:00.371874   MwaitExit - MWAIT exiting                               = 0 (1)
00:00:00.371875   RdpmcExit - RDPMC exiting                               = 0 (1)
00:00:00.371875   RdtscExit - RDTSC exiting                               = 0 (1)
00:00:00.371876   Cr3LoadExit - CR3-load exiting                          = 0 (1)
00:00:00.371877   Cr3StoreExit - CR3-store exiting                        = 0 (1)
00:00:00.371877   Cr8LoadExit  - CR8-load exiting                         = 0 (1)
00:00:00.371878   Cr8StoreExit - CR8-store exiting                        = 0 (1)
00:00:00.371879   UseTprShadow - Use TPR shadow                           = 0 (1)
00:00:00.371879   NmiWindowExit - NMI-window exiting                      = 0 (1)
00:00:00.371880   MovDRxExit - Mov-DR exiting                             = 0 (1)
00:00:00.371881   UncondIoExit - Unconditional I/O exiting                = 0 (1)
00:00:00.371881   UseIoBitmaps - Use I/O bitmaps                          = 0 (1)
00:00:00.371882   MonitorTrapFlag - Monitor Trap Flag                     = 0 (1)
00:00:00.371882   UseMsrBitmaps - MSR bitmaps                             = 0 (1)
00:00:00.371883   MonitorExit - MONITOR exiting                           = 0 (1)
00:00:00.371884   PauseExit - PAUSE exiting                               = 0 (1)
00:00:00.371885   SecondaryExecCtl - Activate secondary controls          = 0 (1)
00:00:00.371885   VirtApic - Virtualize-APIC accesses                     = 0 (1)
00:00:00.371886   Ept - Extended Page Tables                              = 0 (1)
00:00:00.371886   DescTableExit - Descriptor-table exiting                = 0 (1)
00:00:00.371887   Rdtscp - Enable RDTSCP                                  = 0 (1)
00:00:00.371888   VirtX2ApicMode - Virtualize-x2APIC mode                 = 0 (1)
00:00:00.371888   Vpid - Enable VPID                                      = 0 (1)
00:00:00.371889   WbinvdExit - WBINVD exiting                             = 0 (1)
00:00:00.371890   UnrestrictedGuest - Unrestricted guest                  = 0 (1)
00:00:00.371890   ApicRegVirt - APIC-register virtualization              = 0 (0)
00:00:00.371891   VirtIntDelivery - Virtual-interrupt delivery            = 0 (0)
00:00:00.371892   PauseLoopExit - PAUSE-loop exiting                      = 0 (1)
00:00:00.371892   RdrandExit - RDRAND exiting                             = 0 (1)
00:00:00.371893   Invpcid - Enable INVPCID                                = 0 (1)
00:00:00.371893   VmFuncs - Enable VM Functions                           = 0 (1)
00:00:00.371894   VmcsShadowing - VMCS shadowing                          = 0 (0)
00:00:00.371895   RdseedExiting - RDSEED exiting                          = 0 (1)
00:00:00.371895   PML - Page-Modification Log (PML)                       = 0 (1)
00:00:00.371896   EptVe - EPT violations can cause #VE                    = 0 (1)
00:00:00.371897   XsavesXRstors - Enable XSAVES/XRSTORS                   = 0 (1)
00:00:00.371897   EntryLoadDebugCtls - Load debug controls on VM-entry    = 0 (1)
00:00:00.371898   Ia32eModeGuest - IA-32e mode guest                      = 0 (1)
00:00:00.371899   EntryLoadEferMsr - Load IA32_EFER MSR on VM-entry       = 0 (1)
00:00:00.371899   EntryLoadPatMsr - Load IA32_PAT MSR on VM-entry         = 0 (1)
00:00:00.371900   ExitSaveDebugCtls - Save debug controls on VM-exit      = 0 (1)
00:00:00.371901   HostAddrSpaceSize - Host address-space size             = 0 (1)
00:00:00.371901   ExitAckExtInt - Acknowledge interrupt on VM-exit        = 0 (1)
00:00:00.371902   ExitSavePatMsr - Save IA32_PAT MSR on VM-exit           = 0 (1)
00:00:00.371902   ExitLoadPatMsr - Load IA32_PAT MSR on VM-exit           = 0 (1)
00:00:00.371903   ExitSaveEferMsr - Save IA32_EFER MSR on VM-exit         = 0 (1)
00:00:00.371904   ExitLoadEferMsr - Load IA32_EFER MSR on VM-exit         = 0 (1)
00:00:00.371904   SavePreemptTimer - Save VMX-preemption timer            = 0 (1)
00:00:00.371905   ExitSaveEferLma - Save IA32_EFER.LMA on VM-exit         = 0 (1)
00:00:00.371906   IntelPt - Intel PT (Processor Trace) in VMX operation   = 0 (1)
00:00:00.371906   VmwriteAll - VMWRITE to any supported VMCS field        = 0 (1)
00:00:00.371907   EntryInjectSoftInt - Inject softint. with 0-len instr.  = 0 (1)
00:00:00.371908 
00:00:00.371908 ******************* End of VT-x features ********************
00:00:00.371932 VMEmt: Halt method global1 (5)
00:00:00.371972 VMEmt: HaltedGlobal1 config: cNsSpinBlockThresholdCfg=2000
00:00:00.371979 Changing the VM state from 'CREATING' to 'CREATED'
00:00:00.375629 Changing the VM state from 'CREATED' to 'POWERING_ON'
00:00:00.375680 AIOMgr: Endpoints without assigned bandwidth groups:
00:00:00.375685 AIOMgr:     /home/vamsi/Documents/Acads/Sem 7/Computer Networks/Lab/Lab1/lab1_network/VMImages/h5/Snapshots/{6db50129-4705-4920-a100-eeedc5eb8090}.vdi
00:00:00.375697 AIOMgr:     /home/vamsi/Documents/Acads/Sem 7/Computer Networks/Lab/Lab1/lab1_network/VMImages/base/Snapshots/{460704c9-eba7-45f7-8877-3bd6e52bdccc}.vdi
00:00:00.375702 AIOMgr:     /home/vamsi/Documents/Acads/Sem 7/Computer Networks/Lab/Lab1/lab1_network/VMImages/base/Snapshots/{ccd6ab89-9973-43d9-b6e3-1bbb050f93f6}.vdi
00:00:00.375706 AIOMgr:     /home/vamsi/Documents/Acads/Sem 7/Computer Networks/Lab/Lab1/lab1_network/VMImages/base/Snapshots/{ca230307-de07-4ee1-b500-8daa8ed4ebc4}.vdi
00:00:00.375709 AIOMgr:     /home/vamsi/Documents/Acads/Sem 7/Computer Networks/Lab/Lab1/lab1_network/VMImages/base/Snapshots/{8f83ab64-891d-4e29-8532-09d2e668c3dd}.vdi
00:00:00.375712 AIOMgr:     /home/vamsi/Documents/Acads/Sem 7/Computer Networks/Lab/Lab1/lab1_network/VMImages/base/base.vdi
00:00:00.375954 Changing the VM state from 'POWERING_ON' to 'RUNNING'
00:00:00.375964 Console: Machine state changed to 'Running'
00:00:00.376539 VBoxHeadless: starting event loop
00:00:00.378220 VMMDev: Guest Log: BIOS: VirtualBox 6.1.26
00:00:00.378297 PCI: Setting up resources and interrupts
00:00:00.378671 PIT: mode=2 count=0x10000 (65536) - 18.20 Hz (ch=0)
00:00:00.403823 Display::i_handleDisplayResize: uScreenId=0 pvVRAM=0000000000000000 w=720 h=400 bpp=0 cbLine=0x0 flags=0x0 origin=0,0
00:00:00.404156 VMMDev: Guest Log: CPUID EDX: 0x178bfbff
00:00:00.404214 PIIX3 ATA: Ctl#0: RESET, DevSel=0 AIOIf=0 CmdIf0=0x00 (-1 usec ago) CmdIf1=0x00 (-1 usec ago)
00:00:00.404241 PIIX3 ATA: Ctl#0: finished processing RESET
00:00:00.405075 AHCI#0: Reset the HBA
00:00:00.405080 VD#0: Cancelling all active requests
00:00:00.405125 AHCI#0: Port 0 reset
00:00:00.405149 VD#0: Cancelling all active requests
00:00:00.405670 VMMDev: Guest Log: BIOS: AHCI 0-P#0: PCHS=2212/16/63 LCHS=553/64/63 0x00000000002205c6 sectors
00:00:00.406858 PIT: mode=2 count=0x48d3 (18643) - 64.00 Hz (ch=0)
00:00:00.438208 Display::i_handleDisplayResize: uScreenId=0 pvVRAM=00007f044b000000 w=640 h=480 bpp=32 cbLine=0xA00 flags=0x0 origin=0,0
00:00:02.883193 PIT: mode=2 count=0x10000 (65536) - 18.20 Hz (ch=0)
00:00:02.883402 VMMDev: Guest Log: BIOS: Boot : bseqnr=1, bootseq=0231
00:00:02.883567 VMMDev: Guest Log: BIOS: Boot from Floppy 0 failed
00:00:02.883785 VMMDev: Guest Log: BIOS: Boot : bseqnr=2, bootseq=0023
00:00:02.884253 VMMDev: Guest Log: BIOS: CDROM boot failure code : 0003
00:00:02.884401 VMMDev: Guest Log: BIOS: Boot from CD-ROM failed
00:00:02.884582 VMMDev: Guest Log: BIOS: Boot : bseqnr=3, bootseq=0002
00:00:02.886849 VMMDev: Guest Log: BIOS: Booting from Hard Disk...
00:00:02.940618 Display::i_handleDisplayResize: uScreenId=0 pvVRAM=0000000000000000 w=720 h=400 bpp=0 cbLine=0x0 flags=0x0 origin=0,0
00:00:03.304050 VMMDev: Guest Log: BIOS: KBD: unsupported int 16h function 03
00:00:03.304249 VMMDev: Guest Log: BIOS: AX=0305 BX=0000 CX=0000 DX=0000 
00:00:03.410578 GIM: KVM: VCPU  0: Enabled system-time struct. at 0x00000000008d1000 - u32TscScale=0xced053ee i8TscShift=-1 uVersion=2 fFlags=0x1 uTsc=0x1bfb182f6 uVirtNanoTS=0xb4d69531 TscKHz=2475656
00:00:03.410599 TM: Switching TSC mode from 'Dynamic' to 'RealTscOffset'
00:00:03.431841 GIM: KVM: Enabled wall-clock struct. at 0x00000000008d0004 - u32Sec=1630218412 u32Nano=764849006 uVersion=2
00:00:03.438927 PIT: mode=2 count=0xf89 (3977) - 300.02 Hz (ch=0)
00:00:03.552809 PIT: mode=0 count=0x10000 (65536) - 18.20 Hz (ch=0)
00:00:03.620108 OHCI: Software reset
00:00:03.772320 AHCI#0: Reset the HBA
00:00:03.772333 VD#0: Cancelling all active requests
00:00:03.773078 AHCI#0: Port 0 reset
00:00:03.774059 OHCI: USB Reset
00:00:03.774252 VD#0: Cancelling all active requests
00:00:03.774413 PIIX3 ATA: Ctl#0: RESET, DevSel=0 AIOIf=0 CmdIf0=0xa0 (-1 usec ago) CmdIf1=0x00 (-1 usec ago)
00:00:03.774519 PIIX3 ATA: Ctl#0: finished processing RESET
00:00:03.862203 OHCI: Software reset
00:00:03.862312 OHCI: USB Operational
00:00:04.303158 VMMDev: Guest Log: vboxguest: host-version: 6.1.26r145957 0x8000000f
00:00:04.303190 VMMDev: Guest Additions information report: Version 5.2.0 r68940 '5.2.0'
00:00:04.303210 VMMDev: Guest Additions information report: Interface = 0x00010004 osType = 0x00053000 (Linux >= 2.6, 32-bit)
00:00:04.303264 VMMDev: Guest Additions capability report: (0x0 -> 0x0) seamless: no, hostWindowMapping: no, graphics: no
00:00:04.303309 VMMDev: vmmDevReqHandler_HeartbeatConfigure: No change (fHeartbeatActive=false)
00:00:04.303332 VMMDev: Heartbeat flatline timer set to trigger after 4 000 000 000 ns
00:00:04.303730 VMMDev: Guest Log: vbg_heartbeat_init: Setting up heartbeat to trigger every 2000 milliseconds
00:00:04.304342 VMMDev: Guest Log: vboxguest: misc device minor 56, IRQ 20, I/O port d040, MMIO at 0xf0400000 (size 0x00400000)
00:00:07.718984 NAT: Link up
00:00:08.303357 VMMDev: vmmDevHeartbeatFlatlinedTimer: Guest seems to be unresponsive. Last heartbeat received 4 seconds ago
00:01:25.365137 NAT: Old socket recv size: 128KB
00:01:25.365163 NAT: Old socket send size: 128KB
00:05:14.647063 VMMDev: GuestHeartBeat: Guest is alive (gone 310 343 731 440 ns)
