00:00:00.026116 VirtualBox VM 6.1.26 r145957 linux.amd64 (Jul 28 2021 20:08:35) release log
00:00:00.026119 Log opened 2021-11-19T05:22:13.810661000Z
00:00:00.026120 Build Type: release
00:00:00.026124 OS Product: Linux
00:00:00.026125 OS Release: 5.4.0-90-generic
00:00:00.026127 OS Version: #101~18.04.1-Ubuntu SMP Fri Oct 22 09:25:04 UTC 2021
00:00:00.026150 DMI Product Name: Predator G9-593
00:00:00.026159 DMI Product Version: V1.13
00:00:00.026167 Firmware type: UEFI
00:00:00.026958 Secure Boot: Disabled
00:00:00.027024 Host RAM: 15952MB (15.5GB) total, 11346MB (11.0GB) available
00:00:00.027030 Executable: /usr/lib/virtualbox/VBoxHeadless
00:00:00.027031 Process ID: 13800
00:00:00.027032 Package type: LINUX_64BITS_UBUNTU_18_04
00:00:00.094512 Installed Extension Packs:
00:00:00.094537   None installed!
00:00:00.095580 Console: Machine state changed to 'Starting'
00:00:00.470672 SUP: seg #0: R X 0x00000000 LB 0x00001000
00:00:00.470699 SUP: seg #1: R   0x00001000 LB 0x0004b000
00:00:00.470715 SUP: seg #2: R X 0x0004c000 LB 0x00115000
00:00:00.470717 SUP: seg #3: R   0x00161000 LB 0x00261000
00:00:00.470720 SUP: seg #4: RW  0x003c2000 LB 0x000350a0
00:00:00.472917 SUP: Loaded VMMR0.r0 (/usr/lib/virtualbox/VMMR0.r0) at 0xXXXXXXXXXXXXXXXX - ModuleInit at XXXXXXXXXXXXXXXX and ModuleTerm at XXXXXXXXXXXXXXXX
00:00:00.472942 SUP: VMMR0EntryEx located at XXXXXXXXXXXXXXXX and VMMR0EntryFast at XXXXXXXXXXXXXXXX
00:00:00.475001 Guest OS type: 'Ubuntu_64'
00:00:00.477311 fHMForced=true - No raw-mode support in this build!
00:00:00.486412 File system of '/home/vamsi/Documents/Acads/Sem 7/Computer Networks/Lab/Lab10/lab10_network/VMImages/r1/Snapshots' (snapshots) is ext4
00:00:00.486426 File system of '/home/vamsi/Documents/Acads/Sem 7/Computer Networks/Lab/Lab10/lab10_network/VMImages/r1/Snapshots/{1c9dd3cb-ae1e-4b51-b440-277139231194}.vdi' is ext4
00:00:00.507676 Shared Clipboard: Service loaded
00:00:00.507690 Shared Clipboard: Mode: Off
00:00:00.507721 Shared Clipboard: Service running in headless mode
00:00:00.508594 Drag and drop service loaded
00:00:00.508602 Drag and drop mode: Off
00:00:00.511254 ************************* CFGM dump *************************
00:00:00.511257 [/] (level 0)
00:00:00.511267   CpuExecutionCap   <integer> = 0x0000000000000064 (100)
00:00:00.511270   EnablePAE         <integer> = 0x0000000000000000 (0)
00:00:00.511271   HMEnabled         <integer> = 0x0000000000000001 (1)
00:00:00.511272   MemBalloonSize    <integer> = 0x0000000000000000 (0)
00:00:00.511272   Name              <string>  = "r1" (cb=3)
00:00:00.511273   NumCPUs           <integer> = 0x0000000000000001 (1)
00:00:00.511274   PageFusionAllowed <integer> = 0x0000000000000000 (0)
00:00:00.511274   RamHoleSize       <integer> = 0x0000000020000000 (536 870 912, 512 MB)
00:00:00.511276   RamSize           <integer> = 0x0000000040000000 (1 073 741 824, 1 024 MB)
00:00:00.511277   TimerMillies      <integer> = 0x000000000000000a (10)
00:00:00.511278   UUID              <bytes>   = "9e 82 15 02 be ea b7 40 b4 7b 0f a3 56 d3 a7 5e" (cb=16)
00:00:00.511281 
00:00:00.511282 [/CPUM/] (level 1)
00:00:00.511284   GuestCpuName       <string>  = "host" (cb=5)
00:00:00.511284   NestedHWVirt       <integer> = 0x0000000000000000 (0)
00:00:00.511285   PortableCpuIdLevel <integer> = 0x0000000000000000 (0)
00:00:00.511285   SpecCtrl           <integer> = 0x0000000000000000 (0)
00:00:00.511286 
00:00:00.511286 [/CPUM/IsaExts/] (level 2)
00:00:00.511287 
00:00:00.511289 [/DBGC/] (level 1)
00:00:00.511290   GlobalInitScript <string>  = "/home/vamsi/.config/VirtualBox/dbgc-init" (cb=41)
00:00:00.511291   HistoryFile      <string>  = "/home/vamsi/.config/VirtualBox/dbgc-history" (cb=44)
00:00:00.511291   LocalInitScript  <string>  = "/home/vamsi/Documents/Acads/Sem 7/Computer Networks/Lab/Lab10/lab10_network/VMImages/r1/dbgc-init" (cb=98)
00:00:00.511292 
00:00:00.511292 [/DBGF/] (level 1)
00:00:00.511293   Path <string>  = "/home/vamsi/Documents/Acads/Sem 7/Computer Networks/Lab/Lab10/lab10_network/VMImages/r1/debug/;/home/vamsi/Documents/Acads/Sem 7/Computer Networks/Lab/Lab10/lab10_network/VMImages/r1/;cache*/home/vamsi/Documents/Acads/Sem 7/Computer Networks/Lab/Lab10/lab10_network/VMImages/r1/dbgcache/;/home/vamsi/" (cb=301)
00:00:00.511294 
00:00:00.511294 [/Devices/] (level 1)
00:00:00.511295 
00:00:00.511295 [/Devices/8237A/] (level 2)
00:00:00.511296 
00:00:00.511296 [/Devices/8237A/0/] (level 3)
00:00:00.511297   Trusted <integer> = 0x0000000000000001 (1)
00:00:00.511297 
00:00:00.511298 [/Devices/GIMDev/] (level 2)
00:00:00.511298 
00:00:00.511299 [/Devices/GIMDev/0/] (level 3)
00:00:00.511299   Trusted <integer> = 0x0000000000000001 (1)
00:00:00.511300 
00:00:00.511300 [/Devices/VMMDev/] (level 2)
00:00:00.511301 
00:00:00.511301 [/Devices/VMMDev/0/] (level 3)
00:00:00.511302   PCIBusNo      <integer> = 0x0000000000000000 (0)
00:00:00.511302   PCIDeviceNo   <integer> = 0x0000000000000004 (4)
00:00:00.511303   PCIFunctionNo <integer> = 0x0000000000000000 (0)
00:00:00.511304   Trusted       <integer> = 0x0000000000000001 (1)
00:00:00.511304 
00:00:00.511304 [/Devices/VMMDev/0/Config/] (level 4)
00:00:00.511305   GuestCoreDumpDir <string>  = "/home/vamsi/Documents/Acads/Sem 7/Computer Networks/Lab/Lab10/lab10_network/VMImages/r1/Snapshots" (cb=98)
00:00:00.511306 
00:00:00.511306 [/Devices/VMMDev/0/LUN#0/] (level 4)
00:00:00.511307   Driver <string>  = "HGCM" (cb=5)
00:00:00.511308 
00:00:00.511308 [/Devices/VMMDev/0/LUN#0/Config/] (level 5)
00:00:00.511309   Object <integer> = 0x00007fb318000b70 (140 407 178 529 648)
00:00:00.511310 
00:00:00.511310 [/Devices/VMMDev/0/LUN#999/] (level 4)
00:00:00.511311   Driver <string>  = "MainStatus" (cb=11)
00:00:00.511312 
00:00:00.511312 [/Devices/VMMDev/0/LUN#999/Config/] (level 5)
00:00:00.511313   First   <integer> = 0x0000000000000000 (0)
00:00:00.511313   Last    <integer> = 0x0000000000000000 (0)
00:00:00.511314   papLeds <integer> = 0x00007fb3240027b8 (140 407 379 863 480)
00:00:00.511315 
00:00:00.511315 [/Devices/acpi/] (level 2)
00:00:00.511316 
00:00:00.511316 [/Devices/acpi/0/] (level 3)
00:00:00.511317   PCIBusNo      <integer> = 0x0000000000000000 (0)
00:00:00.511318   PCIDeviceNo   <integer> = 0x0000000000000007 (7)
00:00:00.511318   PCIFunctionNo <integer> = 0x0000000000000000 (0)
00:00:00.511319   Trusted       <integer> = 0x0000000000000001 (1)
00:00:00.511319 
00:00:00.511320 [/Devices/acpi/0/Config/] (level 4)
00:00:00.511321   CpuHotPlug          <integer> = 0x0000000000000000 (0)
00:00:00.511321   FdcEnabled          <integer> = 0x0000000000000000 (0)
00:00:00.511322   HostBusPciAddress   <integer> = 0x0000000000000000 (0)
00:00:00.511322   HpetEnabled         <integer> = 0x0000000000000000 (0)
00:00:00.511323   IOAPIC              <integer> = 0x0000000000000001 (1)
00:00:00.511324   IocPciAddress       <integer> = 0x0000000000010000 (65 536)
00:00:00.511325   NumCPUs             <integer> = 0x0000000000000001 (1)
00:00:00.511325   Parallel0IoPortBase <integer> = 0x0000000000000000 (0)
00:00:00.511326   Parallel0Irq        <integer> = 0x0000000000000000 (0)
00:00:00.511326   Parallel1IoPortBase <integer> = 0x0000000000000000 (0)
00:00:00.511327   Parallel1Irq        <integer> = 0x0000000000000000 (0)
00:00:00.511327   Serial0IoPortBase   <integer> = 0x0000000000000000 (0)
00:00:00.511328   Serial0Irq          <integer> = 0x0000000000000000 (0)
00:00:00.511328   Serial1IoPortBase   <integer> = 0x0000000000000000 (0)
00:00:00.511329   Serial1Irq          <integer> = 0x0000000000000000 (0)
00:00:00.511330   ShowCpu             <integer> = 0x0000000000000001 (1)
00:00:00.511330   ShowRtc             <integer> = 0x0000000000000000 (0)
00:00:00.511331   SmcEnabled          <integer> = 0x0000000000000000 (0)
00:00:00.511331 
00:00:00.511332 [/Devices/acpi/0/LUN#0/] (level 4)
00:00:00.511332   Driver <string>  = "ACPIHost" (cb=9)
00:00:00.511333 
00:00:00.511333 [/Devices/acpi/0/LUN#0/Config/] (level 5)
00:00:00.511334 
00:00:00.511334 [/Devices/ahci/] (level 2)
00:00:00.511335 
00:00:00.511335 [/Devices/ahci/0/] (level 3)
00:00:00.511336   PCIBusNo      <integer> = 0x0000000000000000 (0)
00:00:00.511337   PCIDeviceNo   <integer> = 0x000000000000000d (13)
00:00:00.511337   PCIFunctionNo <integer> = 0x0000000000000000 (0)
00:00:00.511338   Trusted       <integer> = 0x0000000000000001 (1)
00:00:00.511338 
00:00:00.511339 [/Devices/ahci/0/Config/] (level 4)
00:00:00.511340   Bootable  <integer> = 0x0000000000000001 (1)
00:00:00.511340   PortCount <integer> = 0x0000000000000001 (1)
00:00:00.511341 
00:00:00.511341 [/Devices/ahci/0/Config/Port0/] (level 5)
00:00:00.511342   Hotpluggable <integer> = 0x0000000000000000 (0)
00:00:00.511342 
00:00:00.511342 [/Devices/ahci/0/LUN#0/] (level 4)
00:00:00.511343   Driver <string>  = "VD" (cb=3)
00:00:00.511344 
00:00:00.511344 [/Devices/ahci/0/LUN#0/Config/] (level 5)
00:00:00.511345   BlockCache <integer> = 0x0000000000000001 (1)
00:00:00.511346   Format     <string>  = "VDI" (cb=4)
00:00:00.511347   Mountable  <integer> = 0x0000000000000000 (0)
00:00:00.511347   Path       <string>  = "/home/vamsi/Documents/Acads/Sem 7/Computer Networks/Lab/Lab10/lab10_network/VMImages/r1/Snapshots/{1c9dd3cb-ae1e-4b51-b440-277139231194}.vdi" (cb=141)
00:00:00.511348   Type       <string>  = "HardDisk" (cb=9)
00:00:00.511348   UseNewIo   <integer> = 0x0000000000000001 (1)
00:00:00.511349 
00:00:00.511349 [/Devices/ahci/0/LUN#0/Config/Parent/] (level 6)
00:00:00.511351   Format <string>  = "VDI" (cb=4)
00:00:00.511351   Path   <string>  = "/home/vamsi/Documents/Acads/Sem 7/Computer Networks/Lab/Lab10/lab10_network/VMImages/base/Snapshots/{9cf32156-823d-496b-b336-6898fee923b5}.vdi" (cb=143)
00:00:00.511352 
00:00:00.511352 [/Devices/ahci/0/LUN#0/Config/Parent/Parent/] (level 7)
00:00:00.511353   Format <string>  = "VDI" (cb=4)
00:00:00.511354   Path   <string>  = "/home/vamsi/Documents/Acads/Sem 7/Computer Networks/Lab/Lab10/lab10_network/VMImages/base/Snapshots/{460704c9-eba7-45f7-8877-3bd6e52bdccc}.vdi" (cb=143)
00:00:00.511354 
00:00:00.511354 [/Devices/ahci/0/LUN#0/Config/Parent/Parent/Parent/] (level 8)
00:00:00.511356   Format <string>  = "VDI" (cb=4)
00:00:00.511357   Path   <string>  = "/home/vamsi/Documents/Acads/Sem 7/Computer Networks/Lab/Lab10/lab10_network/VMImages/base/Snapshots/{ccd6ab89-9973-43d9-b6e3-1bbb050f93f6}.vdi" (cb=143)
00:00:00.511357 
00:00:00.511357 [/Devices/ahci/0/LUN#0/Config/Parent/Parent/Parent/Parent/] (level 9)
00:00:00.511359   Format <string>  = "VDI" (cb=4)
00:00:00.511359   Path   <string>  = "/home/vamsi/Documents/Acads/Sem 7/Computer Networks/Lab/Lab10/lab10_network/VMImages/base/Snapshots/{ca230307-de07-4ee1-b500-8daa8ed4ebc4}.vdi" (cb=143)
00:00:00.511360 
00:00:00.511360 [/Devices/ahci/0/LUN#0/Config/Parent/Parent/Parent/Parent/Parent/] (level 10)
00:00:00.511361   Format <string>  = "VDI" (cb=4)
00:00:00.511362   Path   <string>  = "/home/vamsi/Documents/Acads/Sem 7/Computer Networks/Lab/Lab10/lab10_network/VMImages/base/Snapshots/{8f83ab64-891d-4e29-8532-09d2e668c3dd}.vdi" (cb=143)
00:00:00.511362 
00:00:00.511362 [/Devices/ahci/0/LUN#0/Config/Parent/Parent/Parent/Parent/Parent/Parent/] (level 11)
00:00:00.511364   Format <string>  = "VDI" (cb=4)
00:00:00.511364   Path   <string>  = "/home/vamsi/Documents/Acads/Sem 7/Computer Networks/Lab/Lab10/lab10_network/VMImages/base/base.vdi" (cb=99)
00:00:00.511365 
00:00:00.511365 [/Devices/ahci/0/LUN#0/Config/Parent/Parent/Parent/Parent/Parent/Parent/VDConfig/] (level 12)
00:00:00.511367   AllocationBlockSize <string>  = "1048576" (cb=8)
00:00:00.511367 
00:00:00.511368 [/Devices/ahci/0/LUN#0/Config/Parent/Parent/Parent/Parent/Parent/VDConfig/] (level 11)
00:00:00.511369   AllocationBlockSize <string>  = "1048576" (cb=8)
00:00:00.511370 
00:00:00.511370 [/Devices/ahci/0/LUN#0/Config/Parent/Parent/Parent/Parent/VDConfig/] (level 10)
00:00:00.511371   AllocationBlockSize <string>  = "1048576" (cb=8)
00:00:00.511372 
00:00:00.511372 [/Devices/ahci/0/LUN#0/Config/Parent/Parent/Parent/VDConfig/] (level 9)
00:00:00.511373   AllocationBlockSize <string>  = "1048576" (cb=8)
00:00:00.511374 
00:00:00.511374 [/Devices/ahci/0/LUN#0/Config/Parent/Parent/VDConfig/] (level 8)
00:00:00.511375   AllocationBlockSize <string>  = "1048576" (cb=8)
00:00:00.511375 
00:00:00.511376 [/Devices/ahci/0/LUN#0/Config/Parent/VDConfig/] (level 7)
00:00:00.511377   AllocationBlockSize <string>  = "1048576" (cb=8)
00:00:00.511377 
00:00:00.511377 [/Devices/ahci/0/LUN#0/Config/VDConfig/] (level 6)
00:00:00.511378   AllocationBlockSize <string>  = "1048576" (cb=8)
00:00:00.511379 
00:00:00.511379 [/Devices/ahci/0/LUN#999/] (level 4)
00:00:00.511380   Driver <string>  = "MainStatus" (cb=11)
00:00:00.511380 
00:00:00.511381 [/Devices/ahci/0/LUN#999/Config/] (level 5)
00:00:00.511382   DeviceInstance        <string>  = "ahci/0" (cb=7)
00:00:00.511382   First                 <integer> = 0x0000000000000000 (0)
00:00:00.511383   Last                  <integer> = 0x0000000000000000 (0)
00:00:00.511384   pConsole              <integer> = 0x00007fb3240013e0 (140 407 379 858 400)
00:00:00.511385   papLeds               <integer> = 0x00007fb324001bc0 (140 407 379 860 416)
00:00:00.511386   pmapMediumAttachments <integer> = 0x00007fb3240027d8 (140 407 379 863 512)
00:00:00.511387 
00:00:00.511387 [/Devices/apic/] (level 2)
00:00:00.511388 
00:00:00.511388 [/Devices/apic/0/] (level 3)
00:00:00.511389   Trusted <integer> = 0x0000000000000001 (1)
00:00:00.511390 
00:00:00.511390 [/Devices/apic/0/Config/] (level 4)
00:00:00.511391   IOAPIC  <integer> = 0x0000000000000001 (1)
00:00:00.511391   Mode    <integer> = 0x0000000000000003 (3)
00:00:00.511392   NumCPUs <integer> = 0x0000000000000001 (1)
00:00:00.511392 
00:00:00.511393 [/Devices/e1000/] (level 2)
00:00:00.511393 
00:00:00.511393 [/Devices/e1000/0/] (level 3)
00:00:00.511394   PCIBusNo      <integer> = 0x0000000000000000 (0)
00:00:00.511395   PCIDeviceNo   <integer> = 0x0000000000000003 (3)
00:00:00.511395   PCIFunctionNo <integer> = 0x0000000000000000 (0)
00:00:00.511396   Trusted       <integer> = 0x0000000000000001 (1)
00:00:00.511396 
00:00:00.511397 [/Devices/e1000/0/Config/] (level 4)
00:00:00.511397   AdapterType    <integer> = 0x0000000000000000 (0)
00:00:00.511398   CableConnected <integer> = 0x0000000000000001 (1)
00:00:00.511399   LineSpeed      <integer> = 0x0000000000000000 (0)
00:00:00.511399   MAC            <bytes>   = "08 00 27 c9 61 5a" (cb=6)
00:00:00.511400 
00:00:00.511401 [/Devices/e1000/0/LUN#0/] (level 4)
00:00:00.511401   Driver <string>  = "NAT" (cb=4)
00:00:00.511402 
00:00:00.511402 [/Devices/e1000/0/LUN#0/Config/] (level 5)
00:00:00.511403   AliasMode       <integer> = 0x0000000000000000 (0)
00:00:00.511404   BootFile        <string>  = "r1.pxe" (cb=7)
00:00:00.511404   DNSProxy        <integer> = 0x0000000000000000 (0)
00:00:00.511405   Network         <string>  = "10.0.2.0/24" (cb=12)
00:00:00.511406   PassDomain      <integer> = 0x0000000000000001 (1)
00:00:00.511406   TFTPPrefix      <string>  = "/home/vamsi/.config/VirtualBox/TFTP" (cb=36)
00:00:00.511407   UseHostResolver <integer> = 0x0000000000000000 (0)
00:00:00.511407 
00:00:00.511407 [/Devices/e1000/0/LUN#0/Config/PortForwarding/] (level 6)
00:00:00.511409 
00:00:00.511409 [/Devices/e1000/0/LUN#0/Config/PortForwarding/0/] (level 7)
00:00:00.511410   GuestPort <integer> = 0x0000000000000016 (22)
00:00:00.511411   HostPort  <integer> = 0x0000000000003909 (14 601)
00:00:00.511411   Name      <string>  = "ssh" (cb=4)
00:00:00.511412   Protocol  <string>  = "TCP" (cb=4)
00:00:00.511412 
00:00:00.511413 [/Devices/e1000/0/LUN#999/] (level 4)
00:00:00.511413   Driver <string>  = "MainStatus" (cb=11)
00:00:00.511414 
00:00:00.511414 [/Devices/e1000/0/LUN#999/Config/] (level 5)
00:00:00.511415   First   <integer> = 0x0000000000000000 (0)
00:00:00.511416   Last    <integer> = 0x0000000000000000 (0)
00:00:00.511416   papLeds <integer> = 0x00007fb324002698 (140 407 379 863 192)
00:00:00.511417 
00:00:00.511417 [/Devices/e1000/1/] (level 3)
00:00:00.511418   PCIBusNo      <integer> = 0x0000000000000000 (0)
00:00:00.511419   PCIDeviceNo   <integer> = 0x0000000000000008 (8)
00:00:00.511419   PCIFunctionNo <integer> = 0x0000000000000000 (0)
00:00:00.511420   Trusted       <integer> = 0x0000000000000001 (1)
00:00:00.511420 
00:00:00.511421 [/Devices/e1000/1/Config/] (level 4)
00:00:00.511421   AdapterType    <integer> = 0x0000000000000000 (0)
00:00:00.511422   CableConnected <integer> = 0x0000000000000001 (1)
00:00:00.511422   LineSpeed      <integer> = 0x0000000000000000 (0)
00:00:00.511423   MAC            <bytes>   = "08 00 27 e5 d8 04" (cb=6)
00:00:00.511424 
00:00:00.511424 [/Devices/e1000/1/LUN#0/] (level 4)
00:00:00.511425   Driver <string>  = "IntNet" (cb=7)
00:00:00.511426 
00:00:00.511426 [/Devices/e1000/1/LUN#0/Config/] (level 5)
00:00:00.511427   IfPolicyPromisc <string>  = "deny" (cb=5)
00:00:00.511427   Network         <string>  = "intnet1" (cb=8)
00:00:00.511428   TrunkType       <integer> = 0x0000000000000002 (2)
00:00:00.511428 
00:00:00.511429 [/Devices/e1000/1/LUN#999/] (level 4)
00:00:00.511430   Driver <string>  = "MainStatus" (cb=11)
00:00:00.511430 
00:00:00.511430 [/Devices/e1000/1/LUN#999/Config/] (level 5)
00:00:00.511431   First   <integer> = 0x0000000000000000 (0)
00:00:00.511432   Last    <integer> = 0x0000000000000000 (0)
00:00:00.511432   papLeds <integer> = 0x00007fb3240026a0 (140 407 379 863 200)
00:00:00.511433 
00:00:00.511434 [/Devices/e1000/2/] (level 3)
00:00:00.511434   PCIBusNo      <integer> = 0x0000000000000000 (0)
00:00:00.511435   PCIDeviceNo   <integer> = 0x0000000000000009 (9)
00:00:00.511435   PCIFunctionNo <integer> = 0x0000000000000000 (0)
00:00:00.511436   Trusted       <integer> = 0x0000000000000001 (1)
00:00:00.511436 
00:00:00.511437 [/Devices/e1000/2/Config/] (level 4)
00:00:00.511437   AdapterType    <integer> = 0x0000000000000000 (0)
00:00:00.511438   CableConnected <integer> = 0x0000000000000001 (1)
00:00:00.511439   LineSpeed      <integer> = 0x0000000000000000 (0)
00:00:00.511439   MAC            <bytes>   = "08 00 27 d0 7c cd" (cb=6)
00:00:00.511440 
00:00:00.511440 [/Devices/e1000/2/LUN#0/] (level 4)
00:00:00.511441   Driver <string>  = "IntNet" (cb=7)
00:00:00.511442 
00:00:00.511442 [/Devices/e1000/2/LUN#0/Config/] (level 5)
00:00:00.511443   IfPolicyPromisc <string>  = "deny" (cb=5)
00:00:00.511443   Network         <string>  = "intnet101" (cb=10)
00:00:00.511444   TrunkType       <integer> = 0x0000000000000002 (2)
00:00:00.511444 
00:00:00.511445 [/Devices/e1000/2/LUN#999/] (level 4)
00:00:00.511446   Driver <string>  = "MainStatus" (cb=11)
00:00:00.511446 
00:00:00.511446 [/Devices/e1000/2/LUN#999/Config/] (level 5)
00:00:00.511447   First   <integer> = 0x0000000000000000 (0)
00:00:00.511448   Last    <integer> = 0x0000000000000000 (0)
00:00:00.511448   papLeds <integer> = 0x00007fb3240026a8 (140 407 379 863 208)
00:00:00.511449 
00:00:00.511449 [/Devices/i8254/] (level 2)
00:00:00.511450 
00:00:00.511450 [/Devices/i8254/0/] (level 3)
00:00:00.511451 
00:00:00.511451 [/Devices/i8254/0/Config/] (level 4)
00:00:00.511452 
00:00:00.511452 [/Devices/i8259/] (level 2)
00:00:00.511453 
00:00:00.511453 [/Devices/i8259/0/] (level 3)
00:00:00.511454   Trusted <integer> = 0x0000000000000001 (1)
00:00:00.511455 
00:00:00.511455 [/Devices/i8259/0/Config/] (level 4)
00:00:00.511456 
00:00:00.511456 [/Devices/ichac97/] (level 2)
00:00:00.511457 
00:00:00.511457 [/Devices/ichac97/0/] (level 3)
00:00:00.511458   PCIBusNo      <integer> = 0x0000000000000000 (0)
00:00:00.511458   PCIDeviceNo   <integer> = 0x0000000000000005 (5)
00:00:00.511459   PCIFunctionNo <integer> = 0x0000000000000000 (0)
00:00:00.511459   Trusted       <integer> = 0x0000000000000001 (1)
00:00:00.511460 
00:00:00.511460 [/Devices/ichac97/0/AudioConfig/] (level 4)
00:00:00.511461 
00:00:00.511461 [/Devices/ichac97/0/Config/] (level 4)
00:00:00.511462   Codec        <string>  = "AD1980" (cb=7)
00:00:00.511463   DebugEnabled <integer> = 0x0000000000000000 (0)
00:00:00.511463 
00:00:00.511463 [/Devices/ichac97/0/LUN#0/] (level 4)
00:00:00.511464   Driver <string>  = "AUDIO" (cb=6)
00:00:00.511465 
00:00:00.511465 [/Devices/ichac97/0/LUN#0/AttachedDriver/] (level 5)
00:00:00.511466   Driver <string>  = "PulseAudio" (cb=11)
00:00:00.511466 
00:00:00.511466 [/Devices/ichac97/0/LUN#0/AttachedDriver/Config/] (level 6)
00:00:00.511468   VmName <string>  = "r1" (cb=3)
00:00:00.511468 
00:00:00.511468 [/Devices/ichac97/0/LUN#0/Config/] (level 5)
00:00:00.511469   DriverName    <string>  = "PulseAudio" (cb=11)
00:00:00.511470   InputEnabled  <integer> = 0x0000000000000000 (0)
00:00:00.511470   OutputEnabled <integer> = 0x0000000000000001 (1)
00:00:00.511471 
00:00:00.511471 [/Devices/ichac97/0/LUN#1/] (level 4)
00:00:00.511472   Driver <string>  = "AUDIO" (cb=6)
00:00:00.511472 
00:00:00.511473 [/Devices/ichac97/0/LUN#2/] (level 4)
00:00:00.511473   Driver <string>  = "AUDIO" (cb=6)
00:00:00.511474 
00:00:00.511474 [/Devices/ioapic/] (level 2)
00:00:00.511475 
00:00:00.511475 [/Devices/ioapic/0/] (level 3)
00:00:00.511476   Trusted <integer> = 0x0000000000000001 (1)
00:00:00.511476 
00:00:00.511477 [/Devices/ioapic/0/Config/] (level 4)
00:00:00.511477   NumCPUs <integer> = 0x0000000000000001 (1)
00:00:00.511478 
00:00:00.511478 [/Devices/mc146818/] (level 2)
00:00:00.511479 
00:00:00.511479 [/Devices/mc146818/0/] (level 3)
00:00:00.511480 
00:00:00.511480 [/Devices/mc146818/0/Config/] (level 4)
00:00:00.511481   UseUTC <integer> = 0x0000000000000001 (1)
00:00:00.511481 
00:00:00.511482 [/Devices/parallel/] (level 2)
00:00:00.511482 
00:00:00.511483 [/Devices/pcarch/] (level 2)
00:00:00.511483 
00:00:00.511483 [/Devices/pcarch/0/] (level 3)
00:00:00.511484   Trusted <integer> = 0x0000000000000001 (1)
00:00:00.511485 
00:00:00.511485 [/Devices/pcarch/0/Config/] (level 4)
00:00:00.511486 
00:00:00.511486 [/Devices/pcbios/] (level 2)
00:00:00.511487 
00:00:00.511487 [/Devices/pcbios/0/] (level 3)
00:00:00.511488   Trusted <integer> = 0x0000000000000001 (1)
00:00:00.511488 
00:00:00.511488 [/Devices/pcbios/0/Config/] (level 4)
00:00:00.511490   APIC               <integer> = 0x0000000000000001 (1)
00:00:00.511490   BootDevice0        <string>  = "FLOPPY" (cb=7)
00:00:00.511491   BootDevice1        <string>  = "DVD" (cb=4)
00:00:00.511491   BootDevice2        <string>  = "IDE" (cb=4)
00:00:00.511492   BootDevice3        <string>  = "NONE" (cb=5)
00:00:00.511492   FloppyDevice       <string>  = "i82078" (cb=7)
00:00:00.511493   HardDiskDevice     <string>  = "piix3ide" (cb=9)
00:00:00.511493   IOAPIC             <integer> = 0x0000000000000001 (1)
00:00:00.511494   McfgBase           <integer> = 0x0000000000000000 (0)
00:00:00.511495   McfgLength         <integer> = 0x0000000000000000 (0)
00:00:00.511495   NumCPUs            <integer> = 0x0000000000000001 (1)
00:00:00.511496   PXEDebug           <integer> = 0x0000000000000000 (0)
00:00:00.511496   SataHardDiskDevice <string>  = "ahci" (cb=5)
00:00:00.511497   SataLUN1           <integer> = 0x0000000000000000 (0)
00:00:00.511497   UUID               <bytes>   = "9e 82 15 02 be ea b7 40 b4 7b 0f a3 56 d3 a7 5e" (cb=16)
00:00:00.511499   UuidLe             <integer> = 0x0000000000000000 (0)
00:00:00.511500 
00:00:00.511500 [/Devices/pcbios/0/Config/NetBoot/] (level 5)
00:00:00.511501 
00:00:00.511501 [/Devices/pcbios/0/Config/NetBoot/0/] (level 6)
00:00:00.511502   NIC           <integer> = 0x0000000000000000 (0)
00:00:00.511503   PCIBusNo      <integer> = 0x0000000000000000 (0)
00:00:00.511503   PCIDeviceNo   <integer> = 0x0000000000000003 (3)
00:00:00.511504   PCIFunctionNo <integer> = 0x0000000000000000 (0)
00:00:00.511505 
00:00:00.511505 [/Devices/pci/] (level 2)
00:00:00.511506 
00:00:00.511506 [/Devices/pci/0/] (level 3)
00:00:00.511507   Trusted <integer> = 0x0000000000000001 (1)
00:00:00.511507 
00:00:00.511507 [/Devices/pci/0/Config/] (level 4)
00:00:00.511508   IOAPIC <integer> = 0x0000000000000001 (1)
00:00:00.511509 
00:00:00.511509 [/Devices/pcibridge/] (level 2)
00:00:00.511510 
00:00:00.511510 [/Devices/pckbd/] (level 2)
00:00:00.511511 
00:00:00.511511 [/Devices/pckbd/0/] (level 3)
00:00:00.511512   Trusted <integer> = 0x0000000000000001 (1)
00:00:00.511512 
00:00:00.511512 [/Devices/pckbd/0/Config/] (level 4)
00:00:00.511513 
00:00:00.511513 [/Devices/pckbd/0/LUN#0/] (level 4)
00:00:00.511514   Driver <string>  = "KeyboardQueue" (cb=14)
00:00:00.511515 
00:00:00.511515 [/Devices/pckbd/0/LUN#0/AttachedDriver/] (level 5)
00:00:00.511516   Driver <string>  = "MainKeyboard" (cb=13)
00:00:00.511516 
00:00:00.511517 [/Devices/pckbd/0/LUN#0/AttachedDriver/Config/] (level 6)
00:00:00.511518   Object <integer> = 0x000055e783dedbc0 (94 452 838 226 880)
00:00:00.511519 
00:00:00.511519 [/Devices/pckbd/0/LUN#0/Config/] (level 5)
00:00:00.511520   QueueSize <integer> = 0x0000000000000040 (64)
00:00:00.511520 
00:00:00.511521 [/Devices/pckbd/0/LUN#1/] (level 4)
00:00:00.511522   Driver <string>  = "MouseQueue" (cb=11)
00:00:00.511522 
00:00:00.511522 [/Devices/pckbd/0/LUN#1/AttachedDriver/] (level 5)
00:00:00.511523   Driver <string>  = "MainMouse" (cb=10)
00:00:00.511524 
00:00:00.511524 [/Devices/pckbd/0/LUN#1/AttachedDriver/Config/] (level 6)
00:00:00.511525   Object <integer> = 0x00007fb324006090 (140 407 379 878 032)
00:00:00.511526 
00:00:00.511526 [/Devices/pckbd/0/LUN#1/Config/] (level 5)
00:00:00.511527   QueueSize <integer> = 0x0000000000000080 (128)
00:00:00.511528 
00:00:00.511528 [/Devices/pcnet/] (level 2)
00:00:00.511529 
00:00:00.511529 [/Devices/piix3ide/] (level 2)
00:00:00.511529 
00:00:00.511530 [/Devices/piix3ide/0/] (level 3)
00:00:00.511531   PCIBusNo      <integer> = 0x0000000000000000 (0)
00:00:00.511531   PCIDeviceNo   <integer> = 0x0000000000000001 (1)
00:00:00.511532   PCIFunctionNo <integer> = 0x0000000000000001 (1)
00:00:00.511532   Trusted       <integer> = 0x0000000000000001 (1)
00:00:00.511533 
00:00:00.511533 [/Devices/piix3ide/0/Config/] (level 4)
00:00:00.511534   Type <string>  = "PIIX4" (cb=6)
00:00:00.511534 
00:00:00.511534 [/Devices/piix3ide/0/LUN#0/] (level 4)
00:00:00.511535   Driver <string>  = "VD" (cb=3)
00:00:00.511536 
00:00:00.511536 [/Devices/piix3ide/0/LUN#0/Config/] (level 5)
00:00:00.511537   EmptyDrive <integer> = 0x0000000000000001 (1)
00:00:00.511537   Mountable  <integer> = 0x0000000000000001 (1)
00:00:00.511538   Type       <string>  = "DVD" (cb=4)
00:00:00.511538 
00:00:00.511539 [/Devices/piix3ide/0/LUN#999/] (level 4)
00:00:00.511539   Driver <string>  = "MainStatus" (cb=11)
00:00:00.511540 
00:00:00.511540 [/Devices/piix3ide/0/LUN#999/Config/] (level 5)
00:00:00.511541   DeviceInstance        <string>  = "piix3ide/0" (cb=11)
00:00:00.511542   First                 <integer> = 0x0000000000000000 (0)
00:00:00.511542   Last                  <integer> = 0x0000000000000003 (3)
00:00:00.511543   pConsole              <integer> = 0x00007fb3240013e0 (140 407 379 858 400)
00:00:00.511544   papLeds               <integer> = 0x00007fb324001ba0 (140 407 379 860 384)
00:00:00.511545   pmapMediumAttachments <integer> = 0x00007fb3240027d8 (140 407 379 863 512)
00:00:00.511546 
00:00:00.511546 [/Devices/serial/] (level 2)
00:00:00.511547 
00:00:00.511547 [/Devices/usb-ohci/] (level 2)
00:00:00.511548 
00:00:00.511548 [/Devices/usb-ohci/0/] (level 3)
00:00:00.511549   PCIBusNo      <integer> = 0x0000000000000000 (0)
00:00:00.511550   PCIDeviceNo   <integer> = 0x0000000000000006 (6)
00:00:00.511550   PCIFunctionNo <integer> = 0x0000000000000000 (0)
00:00:00.511551   Trusted       <integer> = 0x0000000000000001 (1)
00:00:00.511551 
00:00:00.511551 [/Devices/usb-ohci/0/Config/] (level 4)
00:00:00.511552 
00:00:00.511553 [/Devices/usb-ohci/0/LUN#0/] (level 4)
00:00:00.511553   Driver <string>  = "VUSBRootHub" (cb=12)
00:00:00.511554 
00:00:00.511554 [/Devices/usb-ohci/0/LUN#0/Config/] (level 5)
00:00:00.511555 
00:00:00.511555 [/Devices/usb-ohci/0/LUN#999/] (level 4)
00:00:00.511556   Driver <string>  = "MainStatus" (cb=11)
00:00:00.511556 
00:00:00.511557 [/Devices/usb-ohci/0/LUN#999/Config/] (level 5)
00:00:00.511558   First   <integer> = 0x0000000000000000 (0)
00:00:00.511558   Last    <integer> = 0x0000000000000000 (0)
00:00:00.511559   papLeds <integer> = 0x00007fb3240027c0 (140 407 379 863 488)
00:00:00.511560 
00:00:00.511560 [/Devices/vga/] (level 2)
00:00:00.511560 
00:00:00.511561 [/Devices/vga/0/] (level 3)
00:00:00.511562   PCIBusNo      <integer> = 0x0000000000000000 (0)
00:00:00.511562   PCIDeviceNo   <integer> = 0x0000000000000002 (2)
00:00:00.511563   PCIFunctionNo <integer> = 0x0000000000000000 (0)
00:00:00.511563   Trusted       <integer> = 0x0000000000000001 (1)
00:00:00.511564 
00:00:00.511564 [/Devices/vga/0/Config/] (level 4)
00:00:00.511565   3DEnabled          <integer> = 0x0000000000000000 (0)
00:00:00.511566   CustomVideoModes   <integer> = 0x0000000000000000 (0)
00:00:00.511566   FadeIn             <integer> = 0x0000000000000001 (1)
00:00:00.511567   FadeOut            <integer> = 0x0000000000000001 (1)
00:00:00.511567   HeightReduction    <integer> = 0x0000000000000000 (0)
00:00:00.511568   LogoFile           <string>  = "" (cb=1)
00:00:00.511569   LogoTime           <integer> = 0x0000000000000000 (0)
00:00:00.511569   MonitorCount       <integer> = 0x0000000000000001 (1)
00:00:00.511570   ShowBootMenu       <integer> = 0x0000000000000002 (2)
00:00:00.511570   VMSVGA3dEnabled    <integer> = 0x0000000000000000 (0)
00:00:00.511571   VMSVGAEnabled      <integer> = 0x0000000000000001 (1)
00:00:00.511571   VMSVGAPciBarLayout <integer> = 0x0000000000000001 (1)
00:00:00.511572   VMSVGAPciId        <integer> = 0x0000000000000001 (1)
00:00:00.511573   VRamSize           <integer> = 0x0000000001000000 (16 777 216, 16 MB)
00:00:00.511574 
00:00:00.511574 [/Devices/vga/0/LUN#0/] (level 4)
00:00:00.511575   Driver <string>  = "MainDisplay" (cb=12)
00:00:00.511575 
00:00:00.511576 [/Devices/vga/0/LUN#0/Config/] (level 5)
00:00:00.511576   Object <integer> = 0x00007fb324006cd0 (140 407 379 881 168)
00:00:00.511577 
00:00:00.511578 [/Devices/vga/0/LUN#999/] (level 4)
00:00:00.511579   Driver <string>  = "MainStatus" (cb=11)
00:00:00.511579 
00:00:00.511579 [/Devices/vga/0/LUN#999/Config/] (level 5)
00:00:00.511580   First   <integer> = 0x0000000000000000 (0)
00:00:00.511581   Last    <integer> = 0x0000000000000000 (0)
00:00:00.511581   papLeds <integer> = 0x00007fb3240027d0 (140 407 379 863 504)
00:00:00.511582 
00:00:00.511582 [/Devices/virtio-net/] (level 2)
00:00:00.511583 
00:00:00.511583 [/EM/] (level 1)
00:00:00.511584   TripleFaultReset <integer> = 0x0000000000000000 (0)
00:00:00.511585 
00:00:00.511585 [/GIM/] (level 1)
00:00:00.511585   Provider <string>  = "KVM" (cb=4)
00:00:00.511586 
00:00:00.511586 [/HM/] (level 1)
00:00:00.511587   64bitEnabled            <integer> = 0x0000000000000001 (1)
00:00:00.511588   EnableLargePages        <integer> = 0x0000000000000000 (0)
00:00:00.511588   EnableNestedPaging      <integer> = 0x0000000000000001 (1)
00:00:00.511589   EnableUX                <integer> = 0x0000000000000001 (1)
00:00:00.511590   EnableVPID              <integer> = 0x0000000000000001 (1)
00:00:00.511590   Exclusive               <integer> = 0x0000000000000001 (1)
00:00:00.511591   HMForced                <integer> = 0x0000000000000001 (1)
00:00:00.511591   IBPBOnVMEntry           <integer> = 0x0000000000000000 (0)
00:00:00.511592   IBPBOnVMExit            <integer> = 0x0000000000000000 (0)
00:00:00.511593   L1DFlushOnSched         <integer> = 0x0000000000000001 (1)
00:00:00.511593   L1DFlushOnVMEntry       <integer> = 0x0000000000000000 (0)
00:00:00.511594   LovelyMesaDrvWorkaround <integer> = 0x0000000000000001 (1)
00:00:00.511594   MDSClearOnSched         <integer> = 0x0000000000000001 (1)
00:00:00.511595   MDSClearOnVMEntry       <integer> = 0x0000000000000000 (0)
00:00:00.511596   SpecCtrlByHost          <integer> = 0x0000000000000000 (0)
00:00:00.511596   UseNEMInstead           <integer> = 0x0000000000000000 (0)
00:00:00.511597 
00:00:00.511597 [/MM/] (level 1)
00:00:00.511598   CanUseLargerHeap <integer> = 0x0000000000000000 (0)
00:00:00.511598 
00:00:00.511598 [/NEM/] (level 1)
00:00:00.511599   Allow64BitGuests        <integer> = 0x0000000000000001 (1)
00:00:00.511600   LovelyMesaDrvWorkaround <integer> = 0x0000000000000001 (1)
00:00:00.511600 
00:00:00.511600 [/PDM/] (level 1)
00:00:00.511601 
00:00:00.511601 [/PDM/AsyncCompletion/] (level 2)
00:00:00.511602 
00:00:00.511602 [/PDM/AsyncCompletion/File/] (level 3)
00:00:00.511603 
00:00:00.511603 [/PDM/AsyncCompletion/File/BwGroups/] (level 4)
00:00:00.511604 
00:00:00.511604 [/PDM/BlkCache/] (level 2)
00:00:00.511605   CacheSize <integer> = 0x0000000000500000 (5 242 880, 5 MB)
00:00:00.511606 
00:00:00.511606 [/PDM/Devices/] (level 2)
00:00:00.511607 
00:00:00.511607 [/PDM/Drivers/] (level 2)
00:00:00.511608 
00:00:00.511608 [/PDM/Drivers/VBoxC/] (level 3)
00:00:00.511609   Path <string>  = "/usr/lib/virtualbox/components/VBoxC" (cb=37)
00:00:00.511609 
00:00:00.511610 [/PDM/NetworkShaper/] (level 2)
00:00:00.511610 
00:00:00.511610 [/PDM/NetworkShaper/BwGroups/] (level 3)
00:00:00.511611 
00:00:00.511611 [/TM/] (level 1)
00:00:00.511612   UTCOffset <integer> = 0x0000000000000000 (0)
00:00:00.511613 
00:00:00.511613 [/USB/] (level 1)
00:00:00.511613 
00:00:00.511614 [/USB/HidMouse/] (level 2)
00:00:00.511614 
00:00:00.511614 [/USB/HidMouse/0/] (level 3)
00:00:00.511615 
00:00:00.511615 [/USB/HidMouse/0/Config/] (level 4)
00:00:00.511616   Mode <string>  = "absolute" (cb=9)
00:00:00.511617 
00:00:00.511617 [/USB/HidMouse/0/LUN#0/] (level 4)
00:00:00.511618   Driver <string>  = "MouseQueue" (cb=11)
00:00:00.511618 
00:00:00.511618 [/USB/HidMouse/0/LUN#0/AttachedDriver/] (level 5)
00:00:00.511619   Driver <string>  = "MainMouse" (cb=10)
00:00:00.511620 
00:00:00.511620 [/USB/HidMouse/0/LUN#0/AttachedDriver/Config/] (level 6)
00:00:00.511621   Object <integer> = 0x00007fb324006090 (140 407 379 878 032)
00:00:00.511622 
00:00:00.511622 [/USB/HidMouse/0/LUN#0/Config/] (level 5)
00:00:00.511623   QueueSize <integer> = 0x0000000000000080 (128)
00:00:00.511624 
00:00:00.511624 [/USB/USBProxy/] (level 2)
00:00:00.511625 
00:00:00.511625 [/USB/USBProxy/GlobalConfig/] (level 3)
00:00:00.511626 
00:00:00.511626 ********************* End of CFGM dump **********************
00:00:00.512364 HM: HMR3Init: VT-x w/ nested paging and unrestricted guest execution hw support
00:00:00.512771 MM: cbHyperHeap=0x200000 (2097152)
00:00:00.514128 CPUM: fXStateHostMask=0x7; initial: 0x7; host XCR0=0x1f
00:00:00.515197 CPUM: Matched host CPU INTEL 0x6/0x9e/0x9 Intel_Core7_KabyLake with CPU DB entry 'Intel Core i7-6700K' (INTEL 0x6/0x5e/0x3 Intel_Core7_Skylake)
00:00:00.515234 CPUM: MXCSR_MASK=0xffff (host: 0xffff)
00:00:00.515244 CPUM: Microcode revision 0x000000EA
00:00:00.515250 CPUM: Changing leaf 13[0]: EBX=0x440 -> 0x340, ECX=0x440 -> 0x340
00:00:00.515258 CPUM: MSR/CPUID reconciliation insert: 0x0000010b IA32_FLUSH_CMD
00:00:00.515779 PGM: Host paging mode: AMD64+PGE+NX
00:00:00.515787 PGM: PGMPool: cMaxPages=768 (u64MaxPages=545)
00:00:00.515790 PGM: pgmR3PoolInit: cMaxPages=0x300 cMaxUsers=0x600 cMaxPhysExts=0x600 fCacheEnable=true 
00:00:00.516775 PGM: /proc/sys/vm/max_map_count = 65530 (rc2=VWRN_TRAILING_CHARS); cGuessNeeded=16384
00:00:00.517940 TM: GIP - u32Mode=3 (Invariant) u32UpdateHz=62 u32UpdateIntervalNS=16000000 enmUseTscDelta=2 (Practically Zero) fGetGipCpu=0x1b cCpus=4
00:00:00.517955 TM: GIP - u64CpuHz=2 465 332 957 (0x92f1fedd)  SUPGetCpuHzFromGip => 2 465 332 957
00:00:00.517961 TM: GIP - CPU: iCpuSet=0x0 idCpu=0x0 idApic=0x0 iGipCpu=0x3 i64TSCDelta=0 enmState=3 u64CpuHz=2495972816(*) cErrors=0
00:00:00.517965 TM: GIP - CPU: iCpuSet=0x1 idCpu=0x1 idApic=0x2 iGipCpu=0x2 i64TSCDelta=0 enmState=3 u64CpuHz=2495972894(*) cErrors=0
00:00:00.517969 TM: GIP - CPU: iCpuSet=0x2 idCpu=0x2 idApic=0x4 iGipCpu=0x0 i64TSCDelta=0 enmState=3 u64CpuHz=2465332957(*) cErrors=0
00:00:00.517972 TM: GIP - CPU: iCpuSet=0x3 idCpu=0x3 idApic=0x6 iGipCpu=0x1 i64TSCDelta=0 enmState=3 u64CpuHz=2495963417(*) cErrors=0
00:00:00.518012 TM: cTSCTicksPerSecond=2 465 332 957 (0x92f1fedd) enmTSCMode=3 (Dynamic)
00:00:00.518014 TM: TSCTiedToExecution=false TSCNotTiedToHalt=false
00:00:00.518437 EMR3Init: fIemExecutesAll=false fGuruOnTripleFault=true 
00:00:00.518527 IEM: TargetCpu=CURRENT, Microarch=Intel_Core7_KabyLake
00:00:00.518770 GIM: Using provider 'KVM' (Implementation version: 0)
00:00:00.518777 CPUM: SetGuestCpuIdFeature: Enabled Hypervisor Present bit
00:00:00.564026 AIOMgr: Default manager type is 'Async'
00:00:00.564042 AIOMgr: Default file backend is 'NonBuffered'
00:00:00.564301 BlkCache: Cache successfully initialized. Cache size is 5242880 bytes
00:00:00.564311 BlkCache: Cache commit interval is 10000 ms
00:00:00.564319 BlkCache: Cache commit threshold is 2621440 bytes
00:00:00.567389 PcBios: [SMP] BIOS with 1 CPUs
00:00:00.568291 PcBios: Using the 386+ BIOS image.
00:00:00.575373 PcBios: MPS table at 000e1300
00:00:00.575761 PcBios: fCheckShutdownStatusForSoftReset=true   fClearShutdownStatusOnHardReset=true 
00:00:00.576968 SUP: seg #0: R X 0x00000000 LB 0x00001000
00:00:00.576984 SUP: seg #1: R   0x00001000 LB 0x00007000
00:00:00.577005 SUP: seg #2: R X 0x00008000 LB 0x00020000
00:00:00.577008 SUP: seg #3: R   0x00028000 LB 0x0020c000
00:00:00.577011 SUP: seg #4: RW  0x00234000 LB 0x000074d8
00:00:00.578116 SUP: Loaded VBoxDDR0.r0 (/usr/lib/virtualbox/VBoxDDR0.r0) at 0xXXXXXXXXXXXXXXXX - ModuleInit at XXXXXXXXXXXXXXXX and ModuleTerm at XXXXXXXXXXXXXXXX
00:00:00.578589 CPUM: SetGuestCpuIdFeature: Enabled xAPIC
00:00:00.578595 CPUM: SetGuestCpuIdFeature: Enabled x2APIC
00:00:00.578784 IOAPIC: Using implementation 2.0! Chipset type ICH9
00:00:00.578831 PIT: mode=3 count=0x10000 (65536) - 18.20 Hz (ch=0)
00:00:00.579245 VMMDev: cbDefaultBudget: 261 373 632 (f943ec0)
00:00:00.587697 Shared Folders service loaded
00:00:00.595475 Guest Control service loaded
00:00:00.601063 VGA: Using the 386+ BIOS image.
00:00:00.604358 DrvVD: Flushes will be ignored
00:00:00.604375 DrvVD: Async flushes will be passed to the disk
00:00:00.606621 VD: VDInit finished with VINF_SUCCESS
00:00:00.606795 AIOMgr: Endpoint for file '/home/vamsi/Documents/Acads/Sem 7/Computer Networks/Lab/Lab10/lab10_network/VMImages/base/base.vdi' (flags 000c0781) created successfully
00:00:00.634996 AIOMgr: Endpoint for file '/home/vamsi/Documents/Acads/Sem 7/Computer Networks/Lab/Lab10/lab10_network/VMImages/base/Snapshots/{8f83ab64-891d-4e29-8532-09d2e668c3dd}.vdi' (flags 000c0781) created successfully
00:00:00.648346 AIOMgr: Endpoint for file '/home/vamsi/Documents/Acads/Sem 7/Computer Networks/Lab/Lab10/lab10_network/VMImages/base/Snapshots/{ca230307-de07-4ee1-b500-8daa8ed4ebc4}.vdi' (flags 000c0781) created successfully
00:00:00.659759 AIOMgr: Endpoint for file '/home/vamsi/Documents/Acads/Sem 7/Computer Networks/Lab/Lab10/lab10_network/VMImages/base/Snapshots/{ccd6ab89-9973-43d9-b6e3-1bbb050f93f6}.vdi' (flags 000c0781) created successfully
00:00:00.683896 AIOMgr: Endpoint for file '/home/vamsi/Documents/Acads/Sem 7/Computer Networks/Lab/Lab10/lab10_network/VMImages/base/Snapshots/{460704c9-eba7-45f7-8877-3bd6e52bdccc}.vdi' (flags 000c0781) created successfully
00:00:00.695177 AIOMgr: Endpoint for file '/home/vamsi/Documents/Acads/Sem 7/Computer Networks/Lab/Lab10/lab10_network/VMImages/base/Snapshots/{9cf32156-823d-496b-b336-6898fee923b5}.vdi' (flags 000c0781) created successfully
00:00:00.695946 AIOMgr: Endpoint for file '/home/vamsi/Documents/Acads/Sem 7/Computer Networks/Lab/Lab10/lab10_network/VMImages/r1/Snapshots/{1c9dd3cb-ae1e-4b51-b440-277139231194}.vdi' (flags 000c0723) created successfully
00:00:00.714917 VD: Opening the disk took 108371633 ns
00:00:00.715017 AHCI: LUN#0: disk, PCHS=2212/16/63, total number of sectors 2229702
00:00:00.715423 AHCI#0: Reset the HBA
00:00:00.715445 VD#0: Cancelling all active requests
00:00:00.716484 DrvVD: Flushes will be ignored
00:00:00.716506 DrvVD: Async flushes will be passed to the disk
00:00:00.716540 PIIX3 ATA: LUN#0: CD/DVD, total number of sectors 0, passthrough disabled
00:00:00.719543 PIIX3 ATA: LUN#1: no unit
00:00:00.719633 PIIX3 ATA: LUN#2: no unit
00:00:00.719645 PIIX3 ATA: LUN#3: no unit
00:00:00.719712 PIIX3 ATA: Ctl#0: finished processing RESET
00:00:00.719789 PIIX3 ATA: Ctl#1: finished processing RESET
00:00:00.720393 E1000#0: Chip=82540EM LinkUpDelay=3000ms EthernetCRC=on GSO=enabled Itr=disabled ItrRx=enabled TID=disabled R0=enabled RC=disabled
00:00:00.730986 NAT: Guest address guess set to 10.0.2.15 by initialization
00:00:00.731118 NAT: resolv.conf: nameserver 127.0.0.53
00:00:00.731135 NAT: DNS server 127.0.0.53 registration detected, switching to the DNS proxy
00:00:00.731141 NAT: DNS#0: 127.0.0.53
00:00:00.731187 NAT: Set redirect TCP 0.0.0.0:14601 -> 0.0.0.0:22
00:00:00.731978 E1000#1: Chip=82540EM LinkUpDelay=3000ms EthernetCRC=on GSO=enabled Itr=disabled ItrRx=enabled TID=disabled R0=enabled RC=disabled
00:00:00.732070 IntNet#0: szNetwork={intnet1} enmTrunkType=2 szTrunk={} fFlags=0x8000 cbRecv=325632 cbSend=196608 fIgnoreConnectFailure=false
00:00:00.732572 E1000#2: Chip=82540EM LinkUpDelay=3000ms EthernetCRC=on GSO=enabled Itr=disabled ItrRx=enabled TID=disabled R0=enabled RC=disabled
00:00:00.732636 IntNet#1: szNetwork={intnet101} enmTrunkType=2 szTrunk={} fFlags=0x8000 cbRecv=325632 cbSend=196608 fIgnoreConnectFailure=false
00:00:00.733671 AC97: Using codec 'AD1980'
00:00:00.734031 Audio: Initializing PulseAudio driver
00:00:00.736656 PulseAudio: Using version 11.1.0
00:00:00.739022 PulseAudio: Retrieving server information ...
00:00:00.739531 Audio: Found 3 devices for driver 'PulseAudio'
00:00:00.739548 Audio: Device 'Built-in Audio Analog Stereo':
00:00:00.739549 Audio:   ID              = alsa_output.pci-0000_00_1f.3.analog-stereo
00:00:00.739550 Audio:   Usage           = output
00:00:00.739551 Audio:   Flags           = DEFAULT_OUT
00:00:00.739551 Audio:   Input channels  = 0
00:00:00.739552 Audio:   Output channels = 2
00:00:00.739557 Audio: Device 'Monitor of Built-in Audio Analog Stereo':
00:00:00.739558 Audio:   ID              = alsa_output.pci-0000_00_1f.3.analog-stereo.monitor
00:00:00.739558 Audio:   Usage           = input
00:00:00.739559 Audio:   Flags           = NONE
00:00:00.739559 Audio:   Input channels  = 2
00:00:00.739560 Audio:   Output channels = 0
00:00:00.739564 Audio: Device 'Built-in Audio Analog Stereo':
00:00:00.739565 Audio:   ID              = alsa_input.pci-0000_00_1f.3.analog-stereo
00:00:00.739565 Audio:   Usage           = input
00:00:00.739566 Audio:   Flags           = DEFAULT_IN
00:00:00.739566 Audio:   Input channels  = 2
00:00:00.739567 Audio:   Output channels = 0
00:00:00.739669 AC97: Reset
00:00:00.739676 AC97: Mixer reset (EAID=0x809, EACS=0x9)
00:00:00.739681 AC97: Record select to left=mic, right=mic
00:00:00.744047 VUSB: Attached 'HidMouse' to port 1 on RootHub#0 (FullSpeed)
00:00:00.744117 PGM: The CPU physical address width is 39 bits
00:00:00.744125 PGM: PGMR3InitFinalize: 4 MB PSE mask 0000007fffffffff -> VINF_SUCCESS
00:00:00.744156 TM: TMR3InitFinalize: fTSCModeSwitchAllowed=true 
00:00:00.744304 VMM: Enabled thread-context hooks
00:00:00.744311 VMM: RTThreadPreemptIsPending() can be trusted
00:00:00.744315 VMM: Kernel preemption is not possible it seems
00:00:00.744350 HM: fWorldSwitcher=0x0 (fIbpbOnVmExit=false fIbpbOnVmEntry=false fL1dFlushOnVmEntry=false); fL1dFlushOnSched=true  fMdsClearOnVmEntry=false
00:00:00.744361 HM: Using VT-x implementation 3.0
00:00:00.744362 HM: Max resume loops                  = 8192
00:00:00.744363 HM: Host CR4                          = 0x3606e0
00:00:00.744364 HM: Host EFER                         = 0xd01
00:00:00.744365 HM: MSR_IA32_SMM_MONITOR_CTL          = 0x0
00:00:00.744366 HM: MSR_IA32_FEATURE_CONTROL          = 0x5
00:00:00.744366 HM:   LOCK
00:00:00.744367 HM:   VMXON
00:00:00.744367 HM: MSR_IA32_VMX_BASIC                = 0xda040000000004
00:00:00.744369 HM:   VMCS id                           = 0x4
00:00:00.744369 HM:   VMCS size                         = 1024 bytes
00:00:00.744370 HM:   VMCS physical address limit       = None
00:00:00.744371 HM:   VMCS memory type                  = Write Back (WB)
00:00:00.744372 HM:   Dual-monitor treatment support    = true 
00:00:00.744372 HM:   OUTS & INS instruction-info       = true 
00:00:00.744373 HM:   Supports true-capability MSRs     = true 
00:00:00.744373 HM:   VM-entry Xcpt error-code optional = false
00:00:00.744374 HM: MSR_IA32_VMX_PINBASED_CTLS        = 0x7f00000016
00:00:00.744375 HM:   EXT_INT_EXIT
00:00:00.744376 HM:   NMI_EXIT
00:00:00.744376 HM:   VIRTUAL_NMI
00:00:00.744377 HM:   PREEMPT_TIMER
00:00:00.744377 HM:   POSTED_INT (must be cleared)
00:00:00.744378 HM: MSR_IA32_VMX_PROCBASED_CTLS       = 0xfff9fffe0401e172
00:00:00.744379 HM:   INT_WINDOW_EXIT
00:00:00.744380 HM:   USE_TSC_OFFSETTING
00:00:00.744381 HM:   HLT_EXIT
00:00:00.744381 HM:   INVLPG_EXIT
00:00:00.744382 HM:   MWAIT_EXIT
00:00:00.744382 HM:   RDPMC_EXIT
00:00:00.744383 HM:   RDTSC_EXIT
00:00:00.744383 HM:   CR3_LOAD_EXIT (must be set)
00:00:00.744383 HM:   CR3_STORE_EXIT (must be set)
00:00:00.744384 HM:   CR8_LOAD_EXIT
00:00:00.744384 HM:   CR8_STORE_EXIT
00:00:00.744385 HM:   USE_TPR_SHADOW
00:00:00.744385 HM:   NMI_WINDOW_EXIT
00:00:00.744386 HM:   MOV_DR_EXIT
00:00:00.744386 HM:   UNCOND_IO_EXIT
00:00:00.744386 HM:   USE_IO_BITMAPS
00:00:00.744387 HM:   MONITOR_TRAP_FLAG
00:00:00.744387 HM:   USE_MSR_BITMAPS
00:00:00.744388 HM:   MONITOR_EXIT
00:00:00.744388 HM:   PAUSE_EXIT
00:00:00.744388 HM:   USE_SECONDARY_CTLS
00:00:00.744389 HM: MSR_IA32_VMX_PROCBASED_CTLS2      = 0x5fbcff00000000
00:00:00.744390 HM:   VIRT_APIC_ACCESS
00:00:00.744391 HM:   EPT
00:00:00.744391 HM:   DESC_TABLE_EXIT
00:00:00.744392 HM:   RDTSCP
00:00:00.744392 HM:   VIRT_X2APIC_MODE
00:00:00.744393 HM:   VPID
00:00:00.744393 HM:   WBINVD_EXIT
00:00:00.744394 HM:   UNRESTRICTED_GUEST
00:00:00.744395 HM:   APIC_REG_VIRT (must be cleared)
00:00:00.744395 HM:   VIRT_INT_DELIVERY (must be cleared)
00:00:00.744396 HM:   PAUSE_LOOP_EXIT
00:00:00.744396 HM:   RDRAND_EXIT
00:00:00.744397 HM:   INVPCID
00:00:00.744397 HM:   VMFUNC
00:00:00.744398 HM:   VMCS_SHADOWING (must be cleared)
00:00:00.744398 HM:   ENCLS_EXIT
00:00:00.744399 HM:   RDSEED_EXIT
00:00:00.744399 HM:   PML
00:00:00.744400 HM:   EPT_VE
00:00:00.744400 HM:   CONCEAL_VMX_FROM_PT
00:00:00.744401 HM:   XSAVES_XRSTORS
00:00:00.744401 HM:   MODE_BASED_EPT_PERM
00:00:00.744402 HM:   SPPTP_EPT (must be cleared)
00:00:00.744402 HM:   PT_EPT (must be cleared)
00:00:00.744403 HM:   TSC_SCALING (must be cleared)
00:00:00.744403 HM:   USER_WAIT_PAUSE (must be cleared)
00:00:00.744404 HM:   ENCLV_EXIT (must be cleared)
00:00:00.744404 HM: MSR_IA32_VMX_ENTRY_CTLS           = 0x3ffff000011ff
00:00:00.744405 HM:   LOAD_DEBUG (must be set)
00:00:00.744406 HM:   IA32E_MODE_GUEST
00:00:00.744406 HM:   ENTRY_TO_SMM
00:00:00.744406 HM:   DEACTIVATE_DUAL_MON
00:00:00.744407 HM:   LOAD_PERF_MSR
00:00:00.744407 HM:   LOAD_PAT_MSR
00:00:00.744408 HM:   LOAD_EFER_MSR
00:00:00.744408 HM:   LOAD_BNDCFGS_MSR
00:00:00.744409 HM:   CONCEAL_VMX_FROM_PT
00:00:00.744409 HM:   LOAD_RTIT_CTL_MSR (must be cleared)
00:00:00.744410 HM: MSR_IA32_VMX_EXIT_CTLS            = 0x1ffffff00036dff
00:00:00.744411 HM:   SAVE_DEBUG (must be set)
00:00:00.744411 HM:   HOST_ADDR_SPACE_SIZE
00:00:00.744412 HM:   LOAD_PERF_MSR
00:00:00.744412 HM:   ACK_EXT_INT
00:00:00.744413 HM:   SAVE_PAT_MSR
00:00:00.744413 HM:   LOAD_PAT_MSR
00:00:00.744413 HM:   SAVE_EFER_MSR
00:00:00.744414 HM:   LOAD_EFER_MSR
00:00:00.744414 HM:   SAVE_PREEMPT_TIMER
00:00:00.744415 HM:   CLEAR_BNDCFGS_MSR
00:00:00.744415 HM:   CONCEAL_VMX_FROM_PT
00:00:00.744416 HM:   CLEAR_RTIT_CTL_MSR (must be cleared)
00:00:00.744416 HM: MSR_IA32_VMX_TRUE_PINBASED_CTLS   = 0x7f00000016
00:00:00.744417 HM: MSR_IA32_VMX_TRUE_PROCBASED_CTLS  = 0xfff9fffe04006172
00:00:00.744419 HM: MSR_IA32_VMX_TRUE_ENTRY_CTLS      = 0x3ffff000011fb
00:00:00.744420 HM: MSR_IA32_VMX_TRUE_EXIT_CTLS       = 0x1ffffff00036dfb
00:00:00.744421 HM: MSR_IA32_VMX_MISC                 = 0x7004c1e7
00:00:00.744422 HM:   PREEMPT_TIMER_TSC                 = 0x7
00:00:00.744422 HM:   EXIT_SAVE_EFER_LMA                = true 
00:00:00.744423 HM:   ACTIVITY_STATES                   = 0x7 ( HLT SHUTDOWN SIPI_WAIT )
00:00:00.744424 HM:   INTEL_PT                          = true 
00:00:00.744425 HM:   SMM_READ_SMBASE_MSR               = true 
00:00:00.744425 HM:   CR3_TARGET                        = 0x4
00:00:00.744426 HM:   MAX_MSR                           = 0x0 ( 512 )
00:00:00.744427 HM:   VMXOFF_BLOCK_SMI                  = true 
00:00:00.744427 HM:   VMWRITE_ALL                       = true 
00:00:00.744428 HM:   ENTRY_INJECT_SOFT_INT             = 0x1
00:00:00.744429 HM:   MSEG_ID                           = 0x0
00:00:00.744429 HM: MSR_IA32_VMX_VMCS_ENUM            = 0x2e
00:00:00.744430 HM:   HIGHEST_IDX                       = 0x17
00:00:00.744431 HM: MSR_IA32_VMX_EPT_VPID_CAP         = 0xf0106734141
00:00:00.744432 HM:   RWX_X_ONLY
00:00:00.744432 HM:   PAGE_WALK_LENGTH_4
00:00:00.744433 HM:   EMT_UC
00:00:00.744433 HM:   EMT_WB
00:00:00.744433 HM:   PDE_2M
00:00:00.744434 HM:   PDPTE_1G
00:00:00.744434 HM:   INVEPT
00:00:00.744435 HM:   EPT_ACCESS_DIRTY
00:00:00.744435 HM:   ADVEXITINFO_EPT
00:00:00.744435 HM:   INVEPT_SINGLE_CONTEXT
00:00:00.744436 HM:   INVEPT_ALL_CONTEXTS
00:00:00.744436 HM:   INVVPID
00:00:00.744437 HM:   INVVPID_INDIV_ADDR
00:00:00.744437 HM:   INVVPID_SINGLE_CONTEXT
00:00:00.744438 HM:   INVVPID_ALL_CONTEXTS
00:00:00.744438 HM:   INVVPID_SINGLE_CONTEXT_RETAIN_GLOBALS
00:00:00.744438 HM: MSR_IA32_VMX_VMFUNC               = 0x1
00:00:00.744439 HM:   EPTP_SWITCHING
00:00:00.744440 HM: MSR_IA32_VMX_CR0_FIXED0           = 0x80000021
00:00:00.744440 HM: MSR_IA32_VMX_CR0_FIXED1           = 0xffffffff
00:00:00.744441 HM: MSR_IA32_VMX_CR4_FIXED0           = 0x2000
00:00:00.744442 HM: MSR_IA32_VMX_CR4_FIXED1           = 0x3727ff
00:00:00.744443 HM: APIC-access page physaddr         = 0x000000025349b000
00:00:00.744444 HM: VCPU  0: MSR bitmap physaddr      = 0x000000024fcdc000
00:00:00.744446 HM: VCPU  0: VMCS physaddr            = 0x000000025349c000
00:00:00.744447 HM: Guest support: 32-bit and 64-bit
00:00:00.744451 HM: Supports VMCS EFER fields         = true 
00:00:00.744452 HM: Enabled VMX
00:00:00.744456 CPUM: SetGuestCpuIdFeature: Enabled SYSENTER/EXIT
00:00:00.744456 CPUM: SetGuestCpuIdFeature: Enabled PAE
00:00:00.744457 CPUM: SetGuestCpuIdFeature: Enabled LONG MODE
00:00:00.744458 CPUM: SetGuestCpuIdFeature: Enabled SYSCALL/RET
00:00:00.744458 CPUM: SetGuestCpuIdFeature: Enabled LAHF/SAHF
00:00:00.744459 CPUM: SetGuestCpuIdFeature: Enabled NX
00:00:00.744459 HM: Enabled nested paging
00:00:00.744459 HM:   EPT flush type                  = Single context
00:00:00.744460 HM: Enabled unrestricted guest execution
00:00:00.744460 HM: Enabled VPID
00:00:00.744461 HM:   VPID flush type                 = Single context
00:00:00.744461 HM: Enabled VMX-preemption timer (cPreemptTimerShift=7)
00:00:00.744462 HM: VT-x/AMD-V init method: Global
00:00:00.744463 EM: Exit history optimizations: enabled=true  enabled-r0=true  enabled-r0-no-preemption=false
00:00:00.744503 PcBios: SATA LUN#0 LCHS=553/64/63
00:00:00.744530 APIC: fPostedIntrsEnabled=false fVirtApicRegsEnabled=false fSupportsTscDeadline=false
00:00:00.744539 TMR3UtcNow: nsNow=1 637 299 334 529 050 000 nsPrev=0 -> cNsDelta=1 637 299 334 529 050 000 (offLag=0 offVirtualSync=0 offVirtualSyncGivenUp=0, NowAgain=1 637 299 334 529 050 000)
00:00:00.744551 VMM: fUsePeriodicPreemptionTimers=false
00:00:00.744675 CPUM: Logical host processors: 4 present, 4 max, 4 online, online mask: 000000000000000f
00:00:00.744752 CPUM: Physical host cores: 4
00:00:00.744753 ************************* CPUID dump ************************
00:00:00.744763          Raw Standard CPUID Leaves
00:00:00.744764      Leaf/sub-leaf  eax      ebx      ecx      edx
00:00:00.744764 Gst: 00000000/0000  00000016 756e6547 6c65746e 49656e69
00:00:00.744767 Hst:                00000016 756e6547 6c65746e 49656e69
00:00:00.744768 Gst: 00000001/0000  000906e9 00010800 d6fa220b 178bfbff
00:00:00.744770 Hst:                000906e9 06100800 7ffafbbf bfebfbff
00:00:00.744771 Gst: 00000002/0000  76036301 00f0b6ff 00000000 00c30000
00:00:00.744773 Hst:                76036301 00f0b6ff 00000000 00c30000
00:00:00.744774 Gst: 00000003/0000  00000000 00000000 00000000 00000000
00:00:00.744775 Hst:                00000000 00000000 00000000 00000000
00:00:00.744777 Gst: 00000004/0000  00000121 01c0003f 0000003f 00000000
00:00:00.744778 Hst:                1c004121 01c0003f 0000003f 00000000
00:00:00.744779 Gst: 00000004/0001  00000122 01c0003f 0000003f 00000000
00:00:00.744780 Hst:                1c004122 01c0003f 0000003f 00000000
00:00:00.744781 Gst: 00000004/0002  00000143 00c0003f 000003ff 00000000
00:00:00.744782 Hst:                1c004143 00c0003f 000003ff 00000000
00:00:00.744783 Gst: 00000004/0003  00000163 02c0003f 00001fff 00000006
00:00:00.744785 Hst:                1c03c163 02c0003f 00001fff 00000006
00:00:00.744786 Gst: 00000004/0004  00000000 00000000 00000000 00000000
00:00:00.744787 Hst:                00000000 00000000 00000000 00000000
00:00:00.744788 Gst: 00000005/0000  00000040 00000040 00000000 00000000
00:00:00.744788 Hst:                00000040 00000040 00000003 11142120
00:00:00.744790 Gst: 00000006/0000  00000000 00000000 00000000 00000000
00:00:00.744791 Hst:                000027f7 00000002 00000009 00000000
00:00:00.744792 Gst: 00000007/0000  00000000 00842421 00000000 10000400
00:00:00.744793 Hst:                00000000 029c67af 00000000 9c002e00
00:00:00.744794 Gst: 00000007/0001  00000000 00000000 00000000 00000000
00:00:00.744795 Hst:                00000000 00000000 00000000 00000000
00:00:00.744796 Gst: 00000008/0000  00000000 00000000 00000000 00000000
00:00:00.744797 Hst:                00000000 00000000 00000000 00000000
00:00:00.744798 Gst: 00000009/0000  00000000 00000000 00000000 00000000
00:00:00.744799 Hst:                00000000 00000000 00000000 00000000
00:00:00.744800 Gst: 0000000a/0000  00000000 00000000 00000000 00000000
00:00:00.744801 Hst:                07300804 00000000 00000000 00000603
00:00:00.744802 Gst: 0000000b/0000  00000000 00000001 00000100 00000000
00:00:00.744803 Hst:                00000001 00000001 00000100 00000006
00:00:00.744804 Gst: 0000000b/0001  00000001 00000001 00000201 00000000
00:00:00.744804 Hst:                00000004 00000004 00000201 00000006
00:00:00.744805 Gst: 0000000b/0002  00000000 00000000 00000002 00000000
00:00:00.744806 Hst:                00000000 00000000 00000002 00000006
00:00:00.744807 Gst: 0000000c/0000  00000000 00000000 00000000 00000000
00:00:00.744808 Hst:                00000000 00000000 00000000 00000000
00:00:00.744809 Gst: 0000000d/0000  00000007 00000340 00000340 00000000
00:00:00.744810 Hst:                0000001f 00000440 00000440 00000000
00:00:00.744811 Gst: 0000000d/0001  00000000 000003c0 00000000 00000000
00:00:00.744812 Hst:                0000000f 000003c0 00000100 00000000
00:00:00.744813 Gst: 0000000d/0002  00000100 00000240 00000000 00000000
00:00:00.744813 Hst:                00000100 00000240 00000000 00000000
00:00:00.744814 Gst: 0000000d/0003  00000000 00000000 00000000 00000000
00:00:00.744815 Hst:                00000040 000003c0 00000000 00000000
00:00:00.744816 Gst: 0000000d/0004  00000000 00000000 00000000 00000000
00:00:00.744817 Hst:                00000040 00000400 00000000 00000000
00:00:00.744818 Gst: 0000000d/0005  00000000 00000000 00000000 00000000
00:00:00.744819 Hst:                00000000 00000000 00000000 00000000
00:00:00.744820 Gst: 0000000d/0006  00000000 00000000 00000000 00000000
00:00:00.744821 Hst:                00000000 00000000 00000000 00000000
00:00:00.744822 Gst: 0000000d/0007  00000000 00000000 00000000 00000000
00:00:00.744822 Hst:                00000000 00000000 00000000 00000000
00:00:00.744823 Gst: 0000000d/0008  00000000 00000000 00000000 00000000
00:00:00.744824 Hst:                00000080 00000000 00000001 00000000
00:00:00.744825 Gst: 0000000d/0009  00000000 00000000 00000000 00000000
00:00:00.744826 Hst:                00000000 00000000 00000000 00000000
00:00:00.744856 Gst: 0000000e/0000  00000000 00000000 00000000 00000000
00:00:00.744857 Hst:                00000000 00000000 00000000 00000000
00:00:00.744858 Gst: 0000000f/0000  00000000 00000000 00000000 00000000
00:00:00.744859 Hst:                00000000 00000000 00000000 00000000
00:00:00.744860 Gst: 00000010/0000  00000000 00000000 00000000 00000000
00:00:00.744861 Hst:                00000000 00000000 00000000 00000000
00:00:00.744862 Gst: 00000011/0000  00000000 00000000 00000000 00000000
00:00:00.744863 Hst:                00000000 00000000 00000000 00000000
00:00:00.744864 Gst: 00000012/0000  00000000 00000000 00000000 00000000
00:00:00.744864 Hst:                00000000 00000000 00000000 00000000
00:00:00.744865 Gst: 00000013/0000  00000000 00000000 00000000 00000000
00:00:00.744866 Hst:                00000000 00000000 00000000 00000000
00:00:00.744867 Gst: 00000014/0000  00000000 00000000 00000000 00000000
00:00:00.744868 Hst:                00000001 0000000f 00000007 00000000
00:00:00.744869 Hst: 00000015/0000  00000002 000000d0 00000000 00000000
00:00:00.744871 Hst: 00000016/0000  000009c4 00000dac 00000064 00000000
00:00:00.744872                                Name: GenuineIntel
00:00:00.744874                            Supports: 0x00000000-0x00000016
00:00:00.744875                              Family:  6 	Extended: 0 	Effective: 6
00:00:00.744877                               Model: 14 	Extended: 9 	Effective: 158
00:00:00.744879                            Stepping: 9
00:00:00.744880                                Type: 0 (primary)
00:00:00.744882                             APIC ID: 0x00
00:00:00.744883                        Logical CPUs: 1
00:00:00.744884                        CLFLUSH Size: 8
00:00:00.744884                            Brand ID: 0x00
00:00:00.744886 Features
00:00:00.744886   Mnemonic - Description                                  = guest (host)
00:00:00.744887   FPU - x87 FPU on Chip                                   = 1 (1)
00:00:00.744889   VME - Virtual 8086 Mode Enhancements                    = 1 (1)
00:00:00.744891   DE - Debugging extensions                               = 1 (1)
00:00:00.744892   PSE - Page Size Extension                               = 1 (1)
00:00:00.744894   TSC - Time Stamp Counter                                = 1 (1)
00:00:00.744895   MSR - Model Specific Registers                          = 1 (1)
00:00:00.744896   PAE - Physical Address Extension                        = 1 (1)
00:00:00.744898   MCE - Machine Check Exception                           = 1 (1)
00:00:00.744899   CX8 - CMPXCHG8B instruction                             = 1 (1)
00:00:00.744900   APIC - APIC On-Chip                                     = 1 (1)
00:00:00.744902   SEP - SYSENTER and SYSEXIT Present                      = 1 (1)
00:00:00.744903   MTRR - Memory Type Range Registers                      = 1 (1)
00:00:00.744904   PGE - PTE Global Bit                                    = 1 (1)
00:00:00.744906   MCA - Machine Check Architecture                        = 1 (1)
00:00:00.744907   CMOV - Conditional Move instructions                    = 1 (1)
00:00:00.744908   PAT - Page Attribute Table                              = 1 (1)
00:00:00.744909   PSE-36 - 36-bit Page Size Extension                     = 1 (1)
00:00:00.744910   PSN - Processor Serial Number                           = 0 (0)
00:00:00.744912   CLFSH - CLFLUSH instruction                             = 1 (1)
00:00:00.744913   DS - Debug Store                                        = 0 (1)
00:00:00.744914   ACPI - Thermal Mon. & Soft. Clock Ctrl.                 = 0 (1)
00:00:00.744916   MMX - Intel MMX Technology                              = 1 (1)
00:00:00.744917   FXSR - FXSAVE and FXRSTOR instructions                  = 1 (1)
00:00:00.744918   SSE - SSE support                                       = 1 (1)
00:00:00.744920   SSE2 - SSE2 support                                     = 1 (1)
00:00:00.744921   SS - Self Snoop                                         = 0 (1)
00:00:00.744922   HTT - Hyper-Threading Technology                        = 1 (1)
00:00:00.744924   TM - Therm. Monitor                                     = 0 (1)
00:00:00.744925   PBE - Pending Break Enabled                             = 0 (1)
00:00:00.744927   SSE3 - SSE3 support                                     = 1 (1)
00:00:00.744928   PCLMUL - PCLMULQDQ support (for AES-GCM)                = 1 (1)
00:00:00.744929   DTES64 - DS Area 64-bit Layout                          = 0 (1)
00:00:00.744930   MONITOR - MONITOR/MWAIT instructions                    = 1 (1)
00:00:00.744932   CPL-DS - CPL Qualified Debug Store                      = 0 (1)
00:00:00.744933   VMX - Virtual Machine Extensions                        = 0 (1)
00:00:00.744934   SMX - Safer Mode Extensions                             = 0 (0)
00:00:00.744935   EST - Enhanced SpeedStep Technology                     = 0 (1)
00:00:00.744936   TM2 - Terminal Monitor 2                                = 0 (1)
00:00:00.744938   SSSE3 - Supplemental Streaming SIMD Extensions 3        = 1 (1)
00:00:00.744939   CNTX-ID - L1 Context ID                                 = 0 (0)
00:00:00.744940   SDBG - Silicon Debug interface                          = 0 (1)
00:00:00.744942   FMA - Fused Multiply Add extensions                     = 0 (1)
00:00:00.744943   CX16 - CMPXCHG16B instruction                           = 1 (1)
00:00:00.744944   TPRUPDATE - xTPR Update Control                         = 0 (1)
00:00:00.744945   PDCM - Perf/Debug Capability MSR                        = 0 (1)
00:00:00.744947   PCID - Process Context Identifiers                      = 1 (1)
00:00:00.744948   DCA - Direct Cache Access                               = 0 (0)
00:00:00.744949   SSE4_1 - SSE4_1 support                                 = 1 (1)
00:00:00.744951   SSE4_2 - SSE4_2 support                                 = 1 (1)
00:00:00.744952   X2APIC - x2APIC support                                 = 1 (1)
00:00:00.744953   MOVBE - MOVBE instruction                               = 1 (1)
00:00:00.744955   POPCNT - POPCNT instruction                             = 1 (1)
00:00:00.744956   TSCDEADL - Time Stamp Counter Deadline                  = 0 (1)
00:00:00.744957   AES - AES instructions                                  = 1 (1)
00:00:00.744959   XSAVE - XSAVE instruction                               = 1 (1)
00:00:00.744960   OSXSAVE - OSXSAVE instruction                           = 0 (1)
00:00:00.744961   AVX - AVX support                                       = 1 (1)
00:00:00.744963   F16C - 16-bit floating point conversion instructions    = 0 (1)
00:00:00.744964   RDRAND - RDRAND instruction                             = 1 (1)
00:00:00.744965   HVP - Hypervisor Present (we're a guest)                = 1 (0)
00:00:00.744966 Structured Extended Feature Flags Enumeration (leaf 7):
00:00:00.744967   Mnemonic - Description                                  = guest (host)
00:00:00.744967   FSGSBASE - RDFSBASE/RDGSBASE/WRFSBASE/WRGSBASE instr.   = 1 (1)
00:00:00.744968   TSCADJUST - Supports MSR_IA32_TSC_ADJUST                = 0 (1)
00:00:00.744969   SGX - Supports Software Guard Extensions                = 0 (1)
00:00:00.744971   BMI1 - Advanced Bit Manipulation extension 1            = 0 (1)
00:00:00.744972   HLE - Hardware Lock Elision                             = 0 (0)
00:00:00.744973   AVX2 - Advanced Vector Extensions 2                     = 1 (1)
00:00:00.744974   FDP_EXCPTN_ONLY - FPU DP only updated on exceptions     = 0 (0)
00:00:00.744975   SMEP - Supervisor Mode Execution Prevention             = 0 (1)
00:00:00.744976   BMI2 - Advanced Bit Manipulation extension 2            = 0 (1)
00:00:00.744977   ERMS - Enhanced REP MOVSB/STOSB instructions            = 0 (1)
00:00:00.744978   INVPCID - INVPCID instruction                           = 1 (1)
00:00:00.744979   RTM - Restricted Transactional Memory                   = 0 (0)
00:00:00.744980   PQM - Platform Quality of Service Monitoring            = 0 (0)
00:00:00.744981   DEPFPU_CS_DS - Deprecates FPU CS, FPU DS values if set  = 1 (1)
00:00:00.744982   MPE - Intel Memory Protection Extensions                = 0 (1)
00:00:00.744983   PQE - Platform Quality of Service Enforcement           = 0 (0)
00:00:00.744984   AVX512F - AVX512 Foundation instructions                = 0 (0)
00:00:00.744985   RDSEED - RDSEED instruction                             = 1 (1)
00:00:00.744987   ADX - ADCX/ADOX instructions                            = 0 (1)
00:00:00.744988   SMAP - Supervisor Mode Access Prevention                = 0 (1)
00:00:00.744989   CLFLUSHOPT - CLFLUSHOPT (Cache Line Flush) instruction  = 1 (1)
00:00:00.744990   INTEL_PT - Intel Processor Trace                        = 0 (1)
00:00:00.744991   AVX512PF - AVX512 Prefetch instructions                 = 0 (0)
00:00:00.744992   AVX512ER - AVX512 Exponential & Reciprocal instructions = 0 (0)
00:00:00.744993   AVX512CD - AVX512 Conflict Detection instructions       = 0 (0)
00:00:00.744994   SHA - Secure Hash Algorithm extensions                  = 0 (0)
00:00:00.744996   PREFETCHWT1 - PREFETCHWT1 instruction                   = 0 (0)
00:00:00.744997   UMIP - User mode insturction prevention                 = 0 (0)
00:00:00.744998   PKU - Protection Key for Usermode pages                 = 0 (0)
00:00:00.744999   OSPKE - CR4.PKU mirror                                  = 0 (0)
00:00:00.745000   MAWAU - Value used by BNDLDX & BNDSTX                   = 0x0 (0x0)
00:00:00.745002   RDPID - Read processor ID support                       = 0 (0)
00:00:00.745003   SGX_LC - Supports SGX Launch Configuration              = 0 (0)
00:00:00.745004    9 - Reserved                                           = 0 (1)
00:00:00.745006   MD_CLEAR - Supports MDS related buffer clearing         = 1 (1)
00:00:00.745007   11 - Reserved                                           = 0 (1)
00:00:00.745009   13 - Reserved                                           = 0 (1)
00:00:00.745010   IBRS_IBPB - IA32_SPEC_CTRL.IBRS and IA32_PRED_CMD.IBPB  = 0 (1)
00:00:00.745011   STIBP - Supports IA32_SPEC_CTRL.STIBP                   = 0 (1)
00:00:00.745012   FLUSH_CMD - Supports IA32_FLUSH_CMD                     = 1 (1)
00:00:00.745014   ARCHCAP - Supports IA32_ARCH_CAP                        = 0 (0)
00:00:00.745015   CORECAP - Supports IA32_CORE_CAP                        = 0 (0)
00:00:00.745016   SSBD - Supports IA32_SPEC_CTRL.SSBD                     = 0 (1)
00:00:00.745017 Processor Extended State Enumeration (leaf 0xd):
00:00:00.745018    XSAVE area cur/max size by XCR0, guest: 0x340/0x340
00:00:00.745020     XSAVE area cur/max size by XCR0, host: 0x440/0x440
00:00:00.745021                    Valid XCR0 bits, guest: 0x00000000`00000007 ( x87 SSE YMM_Hi128 )
00:00:00.745023                     Valid XCR0 bits, host: 0x00000000`0000001f ( x87 SSE YMM_Hi128 BNDREGS BNDCSR )
00:00:00.745026                     XSAVE features, guest:
00:00:00.745027                      XSAVE features, host: XSAVEOPT XSAVEC XGETBC1 XSAVES
00:00:00.745029       XSAVE area cur size XCR0|XSS, guest: 0x3c0
00:00:00.745030        XSAVE area cur size XCR0|XSS, host: 0x3c0
00:00:00.745031                Valid IA32_XSS bits, guest: 0x00000000`00000000
00:00:00.745032                 Valid IA32_XSS bits, host: 0x00000100`00000000 ( 40 )
00:00:00.745035   State #2, guest: off=0x0240, cb=0x0100 IA32_XSS-bit -- YMM_Hi128
00:00:00.745037   State #2, host:  off=0x0240, cb=0x0100 IA32_XSS-bit -- YMM_Hi128
00:00:00.745038   State #3, host:  off=0x03c0, cb=0x0040 IA32_XSS-bit -- BNDREGS
00:00:00.745040   State #4, host:  off=0x0400, cb=0x0040 IA32_XSS-bit -- BNDCSR
00:00:00.745042   State #8, host:  off=0x0000, cb=0x0080 XCR0-bit -- 8
00:00:00.745058          Unknown CPUID Leaves
00:00:00.745059      Leaf/sub-leaf  eax      ebx      ecx      edx
00:00:00.745059 Gst: 00000014/0001  00000000 00000000 00000000 00000000
00:00:00.745061 Hst:                02490002 003f3fff 00000000 00000000
00:00:00.745062 Gst: 00000014/0002  00000000 00000000 00000000 00000000
00:00:00.745063 Hst:                00000000 00000000 00000000 00000000
00:00:00.745064 Gst: 00000015/0000  00000000 00000000 00000000 00000000
00:00:00.745065 Hst:                00000002 000000d0 00000000 00000000
00:00:00.745066 Gst: 00000016/0000  00000000 00000000 00000000 00000000
00:00:00.745067 Hst:                000009c4 00000dac 00000064 00000000
00:00:00.745068          Raw Hypervisor CPUID Leaves
00:00:00.745069      Leaf/sub-leaf  eax      ebx      ecx      edx
00:00:00.745070 Gst: 40000000/0000  40000001 4b4d564b 564b4d56 0000004d
00:00:00.745072 Hst:                000009c4 00000dac 00000064 00000000
00:00:00.745073 Gst: 40000001/0000  01000089 00000000 00000000 00000000
00:00:00.745074 Hst:                000009c4 00000dac 00000064 00000000
00:00:00.745075          Raw Extended CPUID Leaves
00:00:00.745075      Leaf/sub-leaf  eax      ebx      ecx      edx
00:00:00.745076 Gst: 80000000/0000  80000008 00000000 00000000 00000000
00:00:00.745077 Hst:                80000008 00000000 00000000 00000000
00:00:00.745078 Gst: 80000001/0000  00000000 00000000 00000121 28100800
00:00:00.745080 Hst:                00000000 00000000 00000121 2c100800
00:00:00.745081 Gst: 80000002/0000  65746e49 2952286c 726f4320 4d542865
00:00:00.745083 Hst:                65746e49 2952286c 726f4320 4d542865
00:00:00.745085 Gst: 80000003/0000  35692029 3033372d 20514830 20555043
00:00:00.745086 Hst:                35692029 3033372d 20514830 20555043
00:00:00.745088 Gst: 80000004/0000  2e322040 48473035 0000007a 00000000
00:00:00.745089 Hst:                2e322040 48473035 0000007a 00000000
00:00:00.745091 Gst: 80000005/0000  00000000 00000000 00000000 00000000
00:00:00.745091 Hst:                00000000 00000000 00000000 00000000
00:00:00.745092 Gst: 80000006/0000  00000000 00000000 01006040 00000000
00:00:00.745093 Hst:                00000000 00000000 01006040 00000000
00:00:00.745095 Gst: 80000007/0000  00000000 00000000 00000000 00000100
00:00:00.745096 Hst:                00000000 00000000 00000000 00000100
00:00:00.745097 Gst: 80000008/0000  00003027 00000000 00000000 00000000
00:00:00.745098 Hst:                00003027 00000000 00000000 00000000
00:00:00.745099 Ext Name:                        
00:00:00.745099 Ext Supports:                    0x80000000-0x80000008
00:00:00.745100 Family:                          0  	Extended: 0 	Effective: 0
00:00:00.745101 Model:                           0  	Extended: 0 	Effective: 0
00:00:00.745102 Stepping:                        0
00:00:00.745102 Brand ID:                        0x000
00:00:00.745103 Ext Features
00:00:00.745104   Mnemonic - Description                                  = guest (host)
00:00:00.745104   FPU - x87 FPU on Chip                                   = 0 (0)
00:00:00.745106   VME - Virtual 8086 Mode Enhancements                    = 0 (0)
00:00:00.745107   DE - Debugging extensions                               = 0 (0)
00:00:00.745108   PSE - Page Size Extension                               = 0 (0)
00:00:00.745110   TSC - Time Stamp Counter                                = 0 (0)
00:00:00.745111   MSR - K86 Model Specific Registers                      = 0 (0)
00:00:00.745112   PAE - Physical Address Extension                        = 0 (0)
00:00:00.745113   MCE - Machine Check Exception                           = 0 (0)
00:00:00.745114   CX8 - CMPXCHG8B instruction                             = 0 (0)
00:00:00.745116   APIC - APIC On-Chip                                     = 0 (0)
00:00:00.745117   SEP - SYSCALL/SYSRET                                    = 1 (1)
00:00:00.745119   MTRR - Memory Type Range Registers                      = 0 (0)
00:00:00.745120   PGE - PTE Global Bit                                    = 0 (0)
00:00:00.745121   MCA - Machine Check Architecture                        = 0 (0)
00:00:00.745122   CMOV - Conditional Move instructions                    = 0 (0)
00:00:00.745124   PAT - Page Attribute Table                              = 0 (0)
00:00:00.745125   PSE-36 - 36-bit Page Size Extension                     = 0 (0)
00:00:00.745126   NX - No-Execute/Execute-Disable                         = 1 (1)
00:00:00.745127   AXMMX - AMD Extensions to MMX instructions              = 0 (0)
00:00:00.745128   MMX - Intel MMX Technology                              = 0 (0)
00:00:00.745130   FXSR - FXSAVE and FXRSTOR Instructions                  = 0 (0)
00:00:00.745131   FFXSR - AMD fast FXSAVE and FXRSTOR instructions        = 0 (0)
00:00:00.745132   Page1GB - 1 GB large page                               = 0 (1)
00:00:00.745133   RDTSCP - RDTSCP instruction                             = 1 (1)
00:00:00.745135   LM - AMD64 Long Mode                                    = 1 (1)
00:00:00.745136   3DNOWEXT - AMD Extensions to 3DNow                      = 0 (0)
00:00:00.745137   3DNOW - AMD 3DNow                                       = 0 (0)
00:00:00.745139   LahfSahf - LAHF/SAHF support in 64-bit mode             = 1 (1)
00:00:00.745140   CmpLegacy - Core multi-processing legacy mode           = 0 (0)
00:00:00.745141   SVM - AMD Secure Virtual Machine extensions             = 0 (0)
00:00:00.745142   EXTAPIC - AMD Extended APIC registers                   = 0 (0)
00:00:00.745143   CR8L - AMD LOCK MOV CR0 means MOV CR8                   = 0 (0)
00:00:00.745144   ABM - AMD Advanced Bit Manipulation                     = 1 (1)
00:00:00.745145   SSE4A - SSE4A instructions                              = 0 (0)
00:00:00.745146   MISALIGNSSE - AMD Misaligned SSE mode                   = 0 (0)
00:00:00.745148   3DNOWPRF - AMD PREFETCH and PREFETCHW instructions      = 1 (1)
00:00:00.745149   OSVW - AMD OS Visible Workaround                        = 0 (0)
00:00:00.745150   IBS - Instruct Based Sampling                           = 0 (0)
00:00:00.745151   XOP - Extended Operation support                        = 0 (0)
00:00:00.745152   SKINIT - SKINIT, STGI, and DEV support                  = 0 (0)
00:00:00.745153   WDT - AMD Watchdog Timer support                        = 0 (0)
00:00:00.745155   LWP - Lightweight Profiling support                     = 0 (0)
00:00:00.745156   FMA4 - Four operand FMA instruction support             = 0 (0)
00:00:00.745157   NodeId - NodeId in MSR C001_100C                        = 0 (0)
00:00:00.745158   TBM - Trailing Bit Manipulation instructions            = 0 (0)
00:00:00.745159   TOPOEXT - Topology Extensions                           = 0 (0)
00:00:00.745161   PRFEXTCORE - Performance Counter Extensions support     = 0 (0)
00:00:00.745162   PRFEXTNB - NB Performance Counter Extensions support    = 0 (0)
00:00:00.745163   DATABPEXT - Data-access Breakpoint Extension            = 0 (0)
00:00:00.745164   PERFTSC - Performance Time Stamp Counter                = 0 (0)
00:00:00.745165   PCX_L2I - L2I/L3 Performance Counter Extensions         = 0 (0)
00:00:00.745166   MWAITX - MWAITX and MONITORX instructions               = 0 (0)
00:00:00.745167 Full Name:                       "Intel(R) Core(TM) i5-7300HQ CPU @ 2.50GHz"
00:00:00.745168 TLB 2/4M Instr/Uni:              res0     0 entries
00:00:00.745169 TLB 2/4M Data:                   res0     0 entries
00:00:00.745170 TLB 4K Instr/Uni:                res0     0 entries
00:00:00.745171 TLB 4K Data:                     res0     0 entries
00:00:00.745171 L1 Instr Cache Line Size:        0 bytes
00:00:00.745172 L1 Instr Cache Lines Per Tag:    0
00:00:00.745172 L1 Instr Cache Associativity:    res0  
00:00:00.745173 L1 Instr Cache Size:             0 KB
00:00:00.745173 L1 Data Cache Line Size:         0 bytes
00:00:00.745174 L1 Data Cache Lines Per Tag:     0
00:00:00.745174 L1 Data Cache Associativity:     res0  
00:00:00.745175 L1 Data Cache Size:              0 KB
00:00:00.745176 L2 TLB 2/4M Instr/Uni:           off       0 entries
00:00:00.745177 L2 TLB 2/4M Data:                off       0 entries
00:00:00.745177 L2 TLB 4K Instr/Uni:             off       0 entries
00:00:00.745178 L2 TLB 4K Data:                  off       0 entries
00:00:00.745179 L2 Cache Line Size:              0 bytes
00:00:00.745179 L2 Cache Lines Per Tag:          0
00:00:00.745179 L2 Cache Associativity:          off   
00:00:00.745180 L2 Cache Size:                   0 KB
00:00:00.745181   TS - Temperature Sensor                                 = 0 (0)
00:00:00.745182   FID - Frequency ID control                              = 0 (0)
00:00:00.745184   VID - Voltage ID control                                = 0 (0)
00:00:00.745185   TscInvariant - Invariant Time Stamp Counter             = 1 (1)
00:00:00.745186   CBP - Core Performance Boost                            = 0 (0)
00:00:00.745187   EffFreqRO - Read-only Effective Frequency Interface     = 0 (0)
00:00:00.745188   ProcFdbkIf - Processor Feedback Interface               = 0 (0)
00:00:00.745189   ProcPwrRep - Core power reporting interface support     = 0 (0)
00:00:00.745191 Physical Address Width:          39 bits
00:00:00.745191 Virtual Address Width:           48 bits
00:00:00.745192 Guest Physical Address Width:    0 bits
00:00:00.745192 Physical Core Count:             1
00:00:00.745195 
00:00:00.745195 ******************** End of CPUID dump **********************
00:00:00.745196 *********************** VT-x features ***********************
00:00:00.745197 Nested hardware virtualization - VMX features
00:00:00.745198   Mnemonic - Description                                  = guest (host)
00:00:00.745198   VMX - Virtual-Machine Extensions                        = 0 (1)
00:00:00.745199   InsOutInfo - INS/OUTS instruction info.                 = 0 (1)
00:00:00.745200   ExtIntExit - External interrupt exiting                 = 0 (1)
00:00:00.745200   NmiExit - NMI exiting                                   = 0 (1)
00:00:00.745201   VirtNmi - Virtual NMIs                                  = 0 (1)
00:00:00.745202   PreemptTimer - VMX preemption timer                     = 0 (1)
00:00:00.745202   PostedInt - Posted interrupts                           = 0 (0)
00:00:00.745203   IntWindowExit - Interrupt-window exiting                = 0 (1)
00:00:00.745204   TscOffsetting - TSC offsetting                          = 0 (1)
00:00:00.745204   HltExit - HLT exiting                                   = 0 (1)
00:00:00.745205   InvlpgExit - INVLPG exiting                             = 0 (1)
00:00:00.745206   MwaitExit - MWAIT exiting                               = 0 (1)
00:00:00.745206   RdpmcExit - RDPMC exiting                               = 0 (1)
00:00:00.745207   RdtscExit - RDTSC exiting                               = 0 (1)
00:00:00.745208   Cr3LoadExit - CR3-load exiting                          = 0 (1)
00:00:00.745208   Cr3StoreExit - CR3-store exiting                        = 0 (1)
00:00:00.745209   Cr8LoadExit  - CR8-load exiting                         = 0 (1)
00:00:00.745210   Cr8StoreExit - CR8-store exiting                        = 0 (1)
00:00:00.745210   UseTprShadow - Use TPR shadow                           = 0 (1)
00:00:00.745211   NmiWindowExit - NMI-window exiting                      = 0 (1)
00:00:00.745212   MovDRxExit - Mov-DR exiting                             = 0 (1)
00:00:00.745212   UncondIoExit - Unconditional I/O exiting                = 0 (1)
00:00:00.745213   UseIoBitmaps - Use I/O bitmaps                          = 0 (1)
00:00:00.745213   MonitorTrapFlag - Monitor Trap Flag                     = 0 (1)
00:00:00.745214   UseMsrBitmaps - MSR bitmaps                             = 0 (1)
00:00:00.745215   MonitorExit - MONITOR exiting                           = 0 (1)
00:00:00.745215   PauseExit - PAUSE exiting                               = 0 (1)
00:00:00.745216   SecondaryExecCtl - Activate secondary controls          = 0 (1)
00:00:00.745217   VirtApic - Virtualize-APIC accesses                     = 0 (1)
00:00:00.745217   Ept - Extended Page Tables                              = 0 (1)
00:00:00.745218   DescTableExit - Descriptor-table exiting                = 0 (1)
00:00:00.745219   Rdtscp - Enable RDTSCP                                  = 0 (1)
00:00:00.745219   VirtX2ApicMode - Virtualize-x2APIC mode                 = 0 (1)
00:00:00.745220   Vpid - Enable VPID                                      = 0 (1)
00:00:00.745221   WbinvdExit - WBINVD exiting                             = 0 (1)
00:00:00.745221   UnrestrictedGuest - Unrestricted guest                  = 0 (1)
00:00:00.745222   ApicRegVirt - APIC-register virtualization              = 0 (0)
00:00:00.745222   VirtIntDelivery - Virtual-interrupt delivery            = 0 (0)
00:00:00.745223   PauseLoopExit - PAUSE-loop exiting                      = 0 (1)
00:00:00.745224   RdrandExit - RDRAND exiting                             = 0 (1)
00:00:00.745224   Invpcid - Enable INVPCID                                = 0 (1)
00:00:00.745225   VmFuncs - Enable VM Functions                           = 0 (1)
00:00:00.745226   VmcsShadowing - VMCS shadowing                          = 0 (0)
00:00:00.745226   RdseedExiting - RDSEED exiting                          = 0 (1)
00:00:00.745227   PML - Page-Modification Log (PML)                       = 0 (1)
00:00:00.745228   EptVe - EPT violations can cause #VE                    = 0 (1)
00:00:00.745228   XsavesXRstors - Enable XSAVES/XRSTORS                   = 0 (1)
00:00:00.745229   EntryLoadDebugCtls - Load debug controls on VM-entry    = 0 (1)
00:00:00.745230   Ia32eModeGuest - IA-32e mode guest                      = 0 (1)
00:00:00.745230   EntryLoadEferMsr - Load IA32_EFER MSR on VM-entry       = 0 (1)
00:00:00.745231   EntryLoadPatMsr - Load IA32_PAT MSR on VM-entry         = 0 (1)
00:00:00.745231   ExitSaveDebugCtls - Save debug controls on VM-exit      = 0 (1)
00:00:00.745232   HostAddrSpaceSize - Host address-space size             = 0 (1)
00:00:00.745233   ExitAckExtInt - Acknowledge interrupt on VM-exit        = 0 (1)
00:00:00.745233   ExitSavePatMsr - Save IA32_PAT MSR on VM-exit           = 0 (1)
00:00:00.745234   ExitLoadPatMsr - Load IA32_PAT MSR on VM-exit           = 0 (1)
00:00:00.745235   ExitSaveEferMsr - Save IA32_EFER MSR on VM-exit         = 0 (1)
00:00:00.745235   ExitLoadEferMsr - Load IA32_EFER MSR on VM-exit         = 0 (1)
00:00:00.745236   SavePreemptTimer - Save VMX-preemption timer            = 0 (1)
00:00:00.745237   ExitSaveEferLma - Save IA32_EFER.LMA on VM-exit         = 0 (1)
00:00:00.745237   IntelPt - Intel PT (Processor Trace) in VMX operation   = 0 (1)
00:00:00.745238   VmwriteAll - VMWRITE to any supported VMCS field        = 0 (1)
00:00:00.745238   EntryInjectSoftInt - Inject softint. with 0-len instr.  = 0 (1)
00:00:00.745239 
00:00:00.745240 ******************* End of VT-x features ********************
00:00:00.745267 VMEmt: Halt method global1 (5)
00:00:00.745354 VMEmt: HaltedGlobal1 config: cNsSpinBlockThresholdCfg=2000
00:00:00.745363 Changing the VM state from 'CREATING' to 'CREATED'
00:00:00.749859 Changing the VM state from 'CREATED' to 'POWERING_ON'
00:00:00.749937 AIOMgr: Endpoints without assigned bandwidth groups:
00:00:00.749944 AIOMgr:     /home/vamsi/Documents/Acads/Sem 7/Computer Networks/Lab/Lab10/lab10_network/VMImages/r1/Snapshots/{1c9dd3cb-ae1e-4b51-b440-277139231194}.vdi
00:00:00.749949 AIOMgr:     /home/vamsi/Documents/Acads/Sem 7/Computer Networks/Lab/Lab10/lab10_network/VMImages/base/Snapshots/{9cf32156-823d-496b-b336-6898fee923b5}.vdi
00:00:00.749953 AIOMgr:     /home/vamsi/Documents/Acads/Sem 7/Computer Networks/Lab/Lab10/lab10_network/VMImages/base/Snapshots/{460704c9-eba7-45f7-8877-3bd6e52bdccc}.vdi
00:00:00.749957 AIOMgr:     /home/vamsi/Documents/Acads/Sem 7/Computer Networks/Lab/Lab10/lab10_network/VMImages/base/Snapshots/{ccd6ab89-9973-43d9-b6e3-1bbb050f93f6}.vdi
00:00:00.749961 AIOMgr:     /home/vamsi/Documents/Acads/Sem 7/Computer Networks/Lab/Lab10/lab10_network/VMImages/base/Snapshots/{ca230307-de07-4ee1-b500-8daa8ed4ebc4}.vdi
00:00:00.749965 AIOMgr:     /home/vamsi/Documents/Acads/Sem 7/Computer Networks/Lab/Lab10/lab10_network/VMImages/base/Snapshots/{8f83ab64-891d-4e29-8532-09d2e668c3dd}.vdi
00:00:00.749969 AIOMgr:     /home/vamsi/Documents/Acads/Sem 7/Computer Networks/Lab/Lab10/lab10_network/VMImages/base/base.vdi
00:00:00.750724 Changing the VM state from 'POWERING_ON' to 'RUNNING'
00:00:00.750740 Console: Machine state changed to 'Running'
00:00:00.751370 VBoxHeadless: starting event loop
00:00:00.753323 VMMDev: Guest Log: BIOS: VirtualBox 6.1.26
00:00:00.753415 PCI: Setting up resources and interrupts
00:00:00.753825 PIT: mode=2 count=0x10000 (65536) - 18.20 Hz (ch=0)
00:00:00.777956 Display::i_handleDisplayResize: uScreenId=0 pvVRAM=0000000000000000 w=720 h=400 bpp=0 cbLine=0x0 flags=0x0 origin=0,0
00:00:00.778295 VMMDev: Guest Log: CPUID EDX: 0x178bfbff
00:00:00.778353 PIIX3 ATA: Ctl#0: RESET, DevSel=0 AIOIf=0 CmdIf0=0x00 (-1 usec ago) CmdIf1=0x00 (-1 usec ago)
00:00:00.778382 PIIX3 ATA: Ctl#0: finished processing RESET
00:00:00.779208 AHCI#0: Reset the HBA
00:00:00.779215 VD#0: Cancelling all active requests
00:00:00.779260 AHCI#0: Port 0 reset
00:00:00.779284 VD#0: Cancelling all active requests
00:00:00.779792 VMMDev: Guest Log: BIOS: AHCI 0-P#0: PCHS=2212/16/63 LCHS=553/64/63 0x00000000002205c6 sectors
00:00:00.781026 PIT: mode=2 count=0x48d3 (18643) - 64.00 Hz (ch=0)
00:00:00.812492 Display::i_handleDisplayResize: uScreenId=0 pvVRAM=00007fb2ff000000 w=640 h=480 bpp=32 cbLine=0xA00 flags=0x0 origin=0,0
00:00:03.259269 PIT: mode=2 count=0x10000 (65536) - 18.20 Hz (ch=0)
00:00:03.259484 VMMDev: Guest Log: BIOS: Boot : bseqnr=1, bootseq=0231
00:00:03.259700 VMMDev: Guest Log: BIOS: Boot from Floppy 0 failed
00:00:03.259929 VMMDev: Guest Log: BIOS: Boot : bseqnr=2, bootseq=0023
00:00:03.260553 VMMDev: Guest Log: BIOS: CDROM boot failure code : 0003
00:00:03.260719 VMMDev: Guest Log: BIOS: Boot from CD-ROM failed
00:00:03.260901 VMMDev: Guest Log: BIOS: Boot : bseqnr=3, bootseq=0002
00:00:03.271662 VMMDev: Guest Log: BIOS: Booting from Hard Disk...
00:00:03.314561 Display::i_handleDisplayResize: uScreenId=0 pvVRAM=0000000000000000 w=720 h=400 bpp=0 cbLine=0x0 flags=0x0 origin=0,0
00:00:05.295020 VMMDev: Guest Log: BIOS: KBD: unsupported int 16h function 03
00:00:05.295278 VMMDev: Guest Log: BIOS: AX=0305 BX=0000 CX=0000 DX=0000 
00:00:05.398436 GIM: KVM: VCPU  0: Enabled system-time struct. at 0x00000000008d1000 - u32TscScale=0xcfae0b38 i8TscShift=-1 uVersion=2 fFlags=0x1 uTsc=0x2aac83ed6 uVirtNanoTS=0x114f40e69 TscKHz=2465332
00:00:05.398481 TM: Switching TSC mode from 'Dynamic' to 'RealTscOffset'
00:00:05.420340 GIM: KVM: Enabled wall-clock struct. at 0x00000000008d0004 - u32Sec=1637299339 u32Nano=204294980 uVersion=2
00:00:05.427349 PIT: mode=2 count=0xf89 (3977) - 300.02 Hz (ch=0)
00:00:05.540638 PIT: mode=0 count=0x10000 (65536) - 18.20 Hz (ch=0)
00:00:05.606895 OHCI: Software reset
00:00:05.754269 AHCI#0: Reset the HBA
00:00:05.754287 VD#0: Cancelling all active requests
00:00:05.754990 AHCI#0: Port 0 reset
00:00:05.756066 OHCI: USB Reset
00:00:05.756175 VD#0: Cancelling all active requests
00:00:05.756369 PIIX3 ATA: Ctl#0: RESET, DevSel=0 AIOIf=0 CmdIf0=0xa0 (-1 usec ago) CmdIf1=0x00 (-1 usec ago)
00:00:05.756482 PIIX3 ATA: Ctl#0: finished processing RESET
00:00:05.843606 OHCI: Software reset
00:00:05.843736 OHCI: USB Operational
00:00:06.297085 VMMDev: Guest Log: vboxguest: host-version: 6.1.26r145957 0x8000000f
00:00:06.297110 VMMDev: Guest Additions information report: Version 5.2.0 r68940 '5.2.0'
00:00:06.297131 VMMDev: Guest Additions information report: Interface = 0x00010004 osType = 0x00053000 (Linux >= 2.6, 32-bit)
00:00:06.297236 VMMDev: Guest Additions capability report: (0x0 -> 0x0) seamless: no, hostWindowMapping: no, graphics: no
00:00:06.297273 VMMDev: vmmDevReqHandler_HeartbeatConfigure: No change (fHeartbeatActive=false)
00:00:06.297314 VMMDev: Heartbeat flatline timer set to trigger after 4 000 000 000 ns
00:00:06.297813 VMMDev: Guest Log: vbg_heartbeat_init: Setting up heartbeat to trigger every 2000 milliseconds
00:00:06.298549 VMMDev: Guest Log: vboxguest: misc device minor 56, IRQ 20, I/O port d040, MMIO at 0xf0400000 (size 0x00400000)
00:00:09.686642 NAT: Link up
00:00:10.303030 VMMDev: vmmDevHeartbeatFlatlinedTimer: Guest seems to be unresponsive. Last heartbeat received 4 seconds ago
00:00:15.817644 NAT: resolv.conf: nameserver 127.0.0.53
00:00:15.817689 NAT: DNS server 127.0.0.53 registration detected, switching to the DNS proxy
00:00:15.817694 NAT: DNS#0: 127.0.0.53
00:00:15.817699 NAT: DHCP offered IP address 10.0.2.15
00:00:15.818627 NAT: DHCP offered IP address 10.0.2.15
00:01:32.988552 NAT: Old socket recv size: 128KB
00:01:32.988587 NAT: Old socket send size: 128KB
00:05:15.349463 VMMDev: GuestHeartBeat: Guest is alive (gone 309 052 148 607 ns)
11:51:25.658539 NAT: resolv.conf: nameserver 127.0.0.53
11:51:25.658575 NAT: DNS#0: 127.0.0.53
11:51:25.658583 NAT: DHCP offered IP address 10.0.2.15
