00:00:00.040916 VirtualBox VM 6.1.26 r145957 linux.amd64 (Jul 28 2021 20:08:35) release log
00:00:00.040919 Log opened 2021-08-29T06:26:42.904599000Z
00:00:00.040919 Build Type: release
00:00:00.040922 OS Product: Linux
00:00:00.040923 OS Release: 5.4.0-81-generic
00:00:00.040924 OS Version: #91~18.04.1-Ubuntu SMP Fri Jul 23 13:36:29 UTC 2021
00:00:00.040955 DMI Product Name: Predator G9-593
00:00:00.040961 DMI Product Version: V1.13
00:00:00.040967 Firmware type: UEFI
00:00:00.041536 Secure Boot: Disabled
00:00:00.041597 Host RAM: 15952MB (15.5GB) total, 10562MB (10.3GB) available
00:00:00.041601 Executable: /usr/lib/virtualbox/VBoxHeadless
00:00:00.041602 Process ID: 23107
00:00:00.041602 Package type: LINUX_64BITS_UBUNTU_18_04
00:00:00.145344 Installed Extension Packs:
00:00:00.145357   None installed!
00:00:00.146002 Console: Machine state changed to 'Starting'
00:00:00.196182 SUP: Opened VMMR0.r0 (/usr/lib/virtualbox/VMMR0.r0) at 0xXXXXXXXXXXXXXXXX.
00:00:00.198037 Guest OS type: 'Ubuntu_64'
00:00:00.200891 fHMForced=true - No raw-mode support in this build!
00:00:00.208877 File system of '/home/vamsi/Documents/Acads/Sem 7/Computer Networks/Lab/Lab1/lab1_network/VMImages/h3/Snapshots' (snapshots) is ext4
00:00:00.208886 File system of '/home/vamsi/Documents/Acads/Sem 7/Computer Networks/Lab/Lab1/lab1_network/VMImages/h3/Snapshots/{02ffefb6-eda2-4ed4-8873-dda50f8bdeb1}.vdi' is ext4
00:00:00.226570 Shared Clipboard: Service loaded
00:00:00.226581 Shared Clipboard: Mode: Off
00:00:00.226610 Shared Clipboard: Service running in headless mode
00:00:00.227093 Drag and drop service loaded
00:00:00.227098 Drag and drop mode: Off
00:00:00.228235 ************************* CFGM dump *************************
00:00:00.228238 [/] (level 0)
00:00:00.228248   CpuExecutionCap   <integer> = 0x0000000000000064 (100)
00:00:00.228251   EnablePAE         <integer> = 0x0000000000000000 (0)
00:00:00.228252   HMEnabled         <integer> = 0x0000000000000001 (1)
00:00:00.228253   MemBalloonSize    <integer> = 0x0000000000000000 (0)
00:00:00.228253   Name              <string>  = "h3" (cb=3)
00:00:00.228254   NumCPUs           <integer> = 0x0000000000000001 (1)
00:00:00.228255   PageFusionAllowed <integer> = 0x0000000000000000 (0)
00:00:00.228256   RamHoleSize       <integer> = 0x0000000020000000 (536 870 912, 512 MB)
00:00:00.228257   RamSize           <integer> = 0x0000000040000000 (1 073 741 824, 1 024 MB)
00:00:00.228259   TimerMillies      <integer> = 0x000000000000000a (10)
00:00:00.228259   UUID              <bytes>   = "db 10 f5 08 f7 c3 e1 4a 8a 97 0d 3a b3 64 9e 5e" (cb=16)
00:00:00.228262 
00:00:00.228263 [/CPUM/] (level 1)
00:00:00.228264   GuestCpuName       <string>  = "host" (cb=5)
00:00:00.228265   NestedHWVirt       <integer> = 0x0000000000000000 (0)
00:00:00.228266   PortableCpuIdLevel <integer> = 0x0000000000000000 (0)
00:00:00.228266   SpecCtrl           <integer> = 0x0000000000000000 (0)
00:00:00.228267 
00:00:00.228267 [/CPUM/IsaExts/] (level 2)
00:00:00.228268 
00:00:00.228269 [/DBGC/] (level 1)
00:00:00.228270   GlobalInitScript <string>  = "/home/vamsi/.config/VirtualBox/dbgc-init" (cb=41)
00:00:00.228271   HistoryFile      <string>  = "/home/vamsi/.config/VirtualBox/dbgc-history" (cb=44)
00:00:00.228271   LocalInitScript  <string>  = "/home/vamsi/Documents/Acads/Sem 7/Computer Networks/Lab/Lab1/lab1_network/VMImages/h3/dbgc-init" (cb=96)
00:00:00.228272 
00:00:00.228272 [/DBGF/] (level 1)
00:00:00.228273   Path <string>  = "/home/vamsi/Documents/Acads/Sem 7/Computer Networks/Lab/Lab1/lab1_network/VMImages/h3/debug/;/home/vamsi/Documents/Acads/Sem 7/Computer Networks/Lab/Lab1/lab1_network/VMImages/h3/;cache*/home/vamsi/Documents/Acads/Sem 7/Computer Networks/Lab/Lab1/lab1_network/VMImages/h3/dbgcache/;/home/vamsi/" (cb=295)
00:00:00.228273 
00:00:00.228274 [/Devices/] (level 1)
00:00:00.228274 
00:00:00.228275 [/Devices/8237A/] (level 2)
00:00:00.228275 
00:00:00.228275 [/Devices/8237A/0/] (level 3)
00:00:00.228276   Trusted <integer> = 0x0000000000000001 (1)
00:00:00.228277 
00:00:00.228277 [/Devices/GIMDev/] (level 2)
00:00:00.228278 
00:00:00.228278 [/Devices/GIMDev/0/] (level 3)
00:00:00.228279   Trusted <integer> = 0x0000000000000001 (1)
00:00:00.228279 
00:00:00.228280 [/Devices/VMMDev/] (level 2)
00:00:00.228280 
00:00:00.228280 [/Devices/VMMDev/0/] (level 3)
00:00:00.228281   PCIBusNo      <integer> = 0x0000000000000000 (0)
00:00:00.228282   PCIDeviceNo   <integer> = 0x0000000000000004 (4)
00:00:00.228283   PCIFunctionNo <integer> = 0x0000000000000000 (0)
00:00:00.228283   Trusted       <integer> = 0x0000000000000001 (1)
00:00:00.228284 
00:00:00.228284 [/Devices/VMMDev/0/Config/] (level 4)
00:00:00.228285   GuestCoreDumpDir <string>  = "/home/vamsi/Documents/Acads/Sem 7/Computer Networks/Lab/Lab1/lab1_network/VMImages/h3/Snapshots" (cb=96)
00:00:00.228285 
00:00:00.228286 [/Devices/VMMDev/0/LUN#0/] (level 4)
00:00:00.228287   Driver <string>  = "HGCM" (cb=5)
00:00:00.228287 
00:00:00.228287 [/Devices/VMMDev/0/LUN#0/Config/] (level 5)
00:00:00.228288   Object <integer> = 0x00007f190c000b70 (139 745 552 239 472)
00:00:00.228290 
00:00:00.228290 [/Devices/VMMDev/0/LUN#999/] (level 4)
00:00:00.228291   Driver <string>  = "MainStatus" (cb=11)
00:00:00.228291 
00:00:00.228291 [/Devices/VMMDev/0/LUN#999/Config/] (level 5)
00:00:00.228292   First   <integer> = 0x0000000000000000 (0)
00:00:00.228293   Last    <integer> = 0x0000000000000000 (0)
00:00:00.228293   papLeds <integer> = 0x00007f19140027b8 (139 745 686 464 440)
00:00:00.228295 
00:00:00.228295 [/Devices/acpi/] (level 2)
00:00:00.228295 
00:00:00.228296 [/Devices/acpi/0/] (level 3)
00:00:00.228296   PCIBusNo      <integer> = 0x0000000000000000 (0)
00:00:00.228297   PCIDeviceNo   <integer> = 0x0000000000000007 (7)
00:00:00.228298   PCIFunctionNo <integer> = 0x0000000000000000 (0)
00:00:00.228298   Trusted       <integer> = 0x0000000000000001 (1)
00:00:00.228299 
00:00:00.228299 [/Devices/acpi/0/Config/] (level 4)
00:00:00.228300   CpuHotPlug          <integer> = 0x0000000000000000 (0)
00:00:00.228301   FdcEnabled          <integer> = 0x0000000000000000 (0)
00:00:00.228301   HostBusPciAddress   <integer> = 0x0000000000000000 (0)
00:00:00.228302   HpetEnabled         <integer> = 0x0000000000000000 (0)
00:00:00.228302   IOAPIC              <integer> = 0x0000000000000001 (1)
00:00:00.228303   IocPciAddress       <integer> = 0x0000000000010000 (65 536)
00:00:00.228304   NumCPUs             <integer> = 0x0000000000000001 (1)
00:00:00.228304   Parallel0IoPortBase <integer> = 0x0000000000000000 (0)
00:00:00.228305   Parallel0Irq        <integer> = 0x0000000000000000 (0)
00:00:00.228306   Parallel1IoPortBase <integer> = 0x0000000000000000 (0)
00:00:00.228306   Parallel1Irq        <integer> = 0x0000000000000000 (0)
00:00:00.228307   Serial0IoPortBase   <integer> = 0x0000000000000000 (0)
00:00:00.228307   Serial0Irq          <integer> = 0x0000000000000000 (0)
00:00:00.228308   Serial1IoPortBase   <integer> = 0x0000000000000000 (0)
00:00:00.228308   Serial1Irq          <integer> = 0x0000000000000000 (0)
00:00:00.228309   ShowCpu             <integer> = 0x0000000000000001 (1)
00:00:00.228309   ShowRtc             <integer> = 0x0000000000000000 (0)
00:00:00.228310   SmcEnabled          <integer> = 0x0000000000000000 (0)
00:00:00.228311 
00:00:00.228311 [/Devices/acpi/0/LUN#0/] (level 4)
00:00:00.228312   Driver <string>  = "ACPIHost" (cb=9)
00:00:00.228312 
00:00:00.228312 [/Devices/acpi/0/LUN#0/Config/] (level 5)
00:00:00.228313 
00:00:00.228314 [/Devices/ahci/] (level 2)
00:00:00.228314 
00:00:00.228314 [/Devices/ahci/0/] (level 3)
00:00:00.228315   PCIBusNo      <integer> = 0x0000000000000000 (0)
00:00:00.228316   PCIDeviceNo   <integer> = 0x000000000000000d (13)
00:00:00.228316   PCIFunctionNo <integer> = 0x0000000000000000 (0)
00:00:00.228317   Trusted       <integer> = 0x0000000000000001 (1)
00:00:00.228317 
00:00:00.228318 [/Devices/ahci/0/Config/] (level 4)
00:00:00.228319   Bootable  <integer> = 0x0000000000000001 (1)
00:00:00.228319   PortCount <integer> = 0x0000000000000001 (1)
00:00:00.228320 
00:00:00.228320 [/Devices/ahci/0/Config/Port0/] (level 5)
00:00:00.228321   Hotpluggable <integer> = 0x0000000000000000 (0)
00:00:00.228321 
00:00:00.228322 [/Devices/ahci/0/LUN#0/] (level 4)
00:00:00.228323   Driver <string>  = "VD" (cb=3)
00:00:00.228323 
00:00:00.228323 [/Devices/ahci/0/LUN#0/Config/] (level 5)
00:00:00.228325   BlockCache <integer> = 0x0000000000000001 (1)
00:00:00.228325   Format     <string>  = "VDI" (cb=4)
00:00:00.228326   Mountable  <integer> = 0x0000000000000000 (0)
00:00:00.228326   Path       <string>  = "/home/vamsi/Documents/Acads/Sem 7/Computer Networks/Lab/Lab1/lab1_network/VMImages/h3/Snapshots/{02ffefb6-eda2-4ed4-8873-dda50f8bdeb1}.vdi" (cb=139)
00:00:00.228327   Type       <string>  = "HardDisk" (cb=9)
00:00:00.228327   UseNewIo   <integer> = 0x0000000000000001 (1)
00:00:00.228328 
00:00:00.228328 [/Devices/ahci/0/LUN#0/Config/Parent/] (level 6)
00:00:00.228329   Format <string>  = "VDI" (cb=4)
00:00:00.228330   Path   <string>  = "/home/vamsi/Documents/Acads/Sem 7/Computer Networks/Lab/Lab1/lab1_network/VMImages/base/Snapshots/{ca230307-de07-4ee1-b500-8daa8ed4ebc4}.vdi" (cb=141)
00:00:00.228330 
00:00:00.228331 [/Devices/ahci/0/LUN#0/Config/Parent/Parent/] (level 7)
00:00:00.228332   Format <string>  = "VDI" (cb=4)
00:00:00.228332   Path   <string>  = "/home/vamsi/Documents/Acads/Sem 7/Computer Networks/Lab/Lab1/lab1_network/VMImages/base/Snapshots/{8f83ab64-891d-4e29-8532-09d2e668c3dd}.vdi" (cb=141)
00:00:00.228333 
00:00:00.228333 [/Devices/ahci/0/LUN#0/Config/Parent/Parent/Parent/] (level 8)
00:00:00.228334   Format <string>  = "VDI" (cb=4)
00:00:00.228335   Path   <string>  = "/home/vamsi/Documents/Acads/Sem 7/Computer Networks/Lab/Lab1/lab1_network/VMImages/base/base.vdi" (cb=97)
00:00:00.228335 
00:00:00.228336 [/Devices/ahci/0/LUN#0/Config/Parent/Parent/Parent/VDConfig/] (level 9)
00:00:00.228337   AllocationBlockSize <string>  = "1048576" (cb=8)
00:00:00.228337 
00:00:00.228338 [/Devices/ahci/0/LUN#0/Config/Parent/Parent/VDConfig/] (level 8)
00:00:00.228339   AllocationBlockSize <string>  = "1048576" (cb=8)
00:00:00.228339 
00:00:00.228339 [/Devices/ahci/0/LUN#0/Config/Parent/VDConfig/] (level 7)
00:00:00.228341   AllocationBlockSize <string>  = "1048576" (cb=8)
00:00:00.228341 
00:00:00.228341 [/Devices/ahci/0/LUN#0/Config/VDConfig/] (level 6)
00:00:00.228342   AllocationBlockSize <string>  = "1048576" (cb=8)
00:00:00.228343 
00:00:00.228343 [/Devices/ahci/0/LUN#999/] (level 4)
00:00:00.228344   Driver <string>  = "MainStatus" (cb=11)
00:00:00.228344 
00:00:00.228345 [/Devices/ahci/0/LUN#999/Config/] (level 5)
00:00:00.228346   DeviceInstance        <string>  = "ahci/0" (cb=7)
00:00:00.228346   First                 <integer> = 0x0000000000000000 (0)
00:00:00.228347   Last                  <integer> = 0x0000000000000000 (0)
00:00:00.228348   pConsole              <integer> = 0x00007f19140013e0 (139 745 686 459 360)
00:00:00.228349   papLeds               <integer> = 0x00007f1914001bc0 (139 745 686 461 376)
00:00:00.228350   pmapMediumAttachments <integer> = 0x00007f19140027d8 (139 745 686 464 472)
00:00:00.228351 
00:00:00.228351 [/Devices/apic/] (level 2)
00:00:00.228352 
00:00:00.228352 [/Devices/apic/0/] (level 3)
00:00:00.228353   Trusted <integer> = 0x0000000000000001 (1)
00:00:00.228354 
00:00:00.228354 [/Devices/apic/0/Config/] (level 4)
00:00:00.228355   IOAPIC  <integer> = 0x0000000000000001 (1)
00:00:00.228355   Mode    <integer> = 0x0000000000000003 (3)
00:00:00.228356   NumCPUs <integer> = 0x0000000000000001 (1)
00:00:00.228356 
00:00:00.228357 [/Devices/e1000/] (level 2)
00:00:00.228357 
00:00:00.228357 [/Devices/e1000/0/] (level 3)
00:00:00.228358   PCIBusNo      <integer> = 0x0000000000000000 (0)
00:00:00.228359   PCIDeviceNo   <integer> = 0x0000000000000003 (3)
00:00:00.228359   PCIFunctionNo <integer> = 0x0000000000000000 (0)
00:00:00.228360   Trusted       <integer> = 0x0000000000000001 (1)
00:00:00.228360 
00:00:00.228361 [/Devices/e1000/0/Config/] (level 4)
00:00:00.228361   AdapterType    <integer> = 0x0000000000000000 (0)
00:00:00.228362   CableConnected <integer> = 0x0000000000000001 (1)
00:00:00.228363   LineSpeed      <integer> = 0x0000000000000000 (0)
00:00:00.228363   MAC            <bytes>   = "08 00 27 86 f0 a4" (cb=6)
00:00:00.228364 
00:00:00.228365 [/Devices/e1000/0/LUN#0/] (level 4)
00:00:00.228365   Driver <string>  = "NAT" (cb=4)
00:00:00.228366 
00:00:00.228366 [/Devices/e1000/0/LUN#0/Config/] (level 5)
00:00:00.228367   AliasMode       <integer> = 0x0000000000000000 (0)
00:00:00.228368   BootFile        <string>  = "h3.pxe" (cb=7)
00:00:00.228368   DNSProxy        <integer> = 0x0000000000000000 (0)
00:00:00.228369   Network         <string>  = "10.0.2.0/24" (cb=12)
00:00:00.228369   PassDomain      <integer> = 0x0000000000000001 (1)
00:00:00.228370   TFTPPrefix      <string>  = "/home/vamsi/.config/VirtualBox/TFTP" (cb=36)
00:00:00.228370   UseHostResolver <integer> = 0x0000000000000000 (0)
00:00:00.228371 
00:00:00.228371 [/Devices/e1000/0/LUN#0/Config/PortForwarding/] (level 6)
00:00:00.228372 
00:00:00.228373 [/Devices/e1000/0/LUN#0/Config/PortForwarding/0/] (level 7)
00:00:00.228374   GuestPort <integer> = 0x0000000000000016 (22)
00:00:00.228374   HostPort  <integer> = 0x00000000000038a7 (14 503)
00:00:00.228375   Name      <string>  = "ssh" (cb=4)
00:00:00.228376   Protocol  <string>  = "TCP" (cb=4)
00:00:00.228376 
00:00:00.228376 [/Devices/e1000/0/LUN#999/] (level 4)
00:00:00.228377   Driver <string>  = "MainStatus" (cb=11)
00:00:00.228378 
00:00:00.228378 [/Devices/e1000/0/LUN#999/Config/] (level 5)
00:00:00.228379   First   <integer> = 0x0000000000000000 (0)
00:00:00.228379   Last    <integer> = 0x0000000000000000 (0)
00:00:00.228380   papLeds <integer> = 0x00007f1914002698 (139 745 686 464 152)
00:00:00.228381 
00:00:00.228381 [/Devices/e1000/1/] (level 3)
00:00:00.228382   PCIBusNo      <integer> = 0x0000000000000000 (0)
00:00:00.228383   PCIDeviceNo   <integer> = 0x0000000000000008 (8)
00:00:00.228383   PCIFunctionNo <integer> = 0x0000000000000000 (0)
00:00:00.228384   Trusted       <integer> = 0x0000000000000001 (1)
00:00:00.228384 
00:00:00.228384 [/Devices/e1000/1/Config/] (level 4)
00:00:00.228385   AdapterType    <integer> = 0x0000000000000000 (0)
00:00:00.228386   CableConnected <integer> = 0x0000000000000001 (1)
00:00:00.228386   LineSpeed      <integer> = 0x0000000000000000 (0)
00:00:00.228387   MAC            <bytes>   = "08 00 27 47 0d b8" (cb=6)
00:00:00.228388 
00:00:00.228388 [/Devices/e1000/1/LUN#0/] (level 4)
00:00:00.228389   Driver <string>  = "IntNet" (cb=7)
00:00:00.228389 
00:00:00.228390 [/Devices/e1000/1/LUN#0/Config/] (level 5)
00:00:00.228391   IfPolicyPromisc <string>  = "deny" (cb=5)
00:00:00.228391   Network         <string>  = "intnet2" (cb=8)
00:00:00.228392   TrunkType       <integer> = 0x0000000000000002 (2)
00:00:00.228392 
00:00:00.228392 [/Devices/e1000/1/LUN#999/] (level 4)
00:00:00.228393   Driver <string>  = "MainStatus" (cb=11)
00:00:00.228394 
00:00:00.228394 [/Devices/e1000/1/LUN#999/Config/] (level 5)
00:00:00.228395   First   <integer> = 0x0000000000000000 (0)
00:00:00.228395   Last    <integer> = 0x0000000000000000 (0)
00:00:00.228396   papLeds <integer> = 0x00007f19140026a0 (139 745 686 464 160)
00:00:00.228397 
00:00:00.228397 [/Devices/i8254/] (level 2)
00:00:00.228398 
00:00:00.228398 [/Devices/i8254/0/] (level 3)
00:00:00.228399 
00:00:00.228399 [/Devices/i8254/0/Config/] (level 4)
00:00:00.228400 
00:00:00.228400 [/Devices/i8259/] (level 2)
00:00:00.228401 
00:00:00.228401 [/Devices/i8259/0/] (level 3)
00:00:00.228402   Trusted <integer> = 0x0000000000000001 (1)
00:00:00.228402 
00:00:00.228402 [/Devices/i8259/0/Config/] (level 4)
00:00:00.228403 
00:00:00.228403 [/Devices/ichac97/] (level 2)
00:00:00.228404 
00:00:00.228404 [/Devices/ichac97/0/] (level 3)
00:00:00.228405   PCIBusNo      <integer> = 0x0000000000000000 (0)
00:00:00.228406   PCIDeviceNo   <integer> = 0x0000000000000005 (5)
00:00:00.228406   PCIFunctionNo <integer> = 0x0000000000000000 (0)
00:00:00.228407   Trusted       <integer> = 0x0000000000000001 (1)
00:00:00.228407 
00:00:00.228407 [/Devices/ichac97/0/AudioConfig/] (level 4)
00:00:00.228408 
00:00:00.228409 [/Devices/ichac97/0/Config/] (level 4)
00:00:00.228409   Codec        <string>  = "AD1980" (cb=7)
00:00:00.228410   DebugEnabled <integer> = 0x0000000000000000 (0)
00:00:00.228411 
00:00:00.228411 [/Devices/ichac97/0/LUN#0/] (level 4)
00:00:00.228412   Driver <string>  = "AUDIO" (cb=6)
00:00:00.228412 
00:00:00.228412 [/Devices/ichac97/0/LUN#0/AttachedDriver/] (level 5)
00:00:00.228413   Driver <string>  = "PulseAudio" (cb=11)
00:00:00.228414 
00:00:00.228414 [/Devices/ichac97/0/LUN#0/AttachedDriver/Config/] (level 6)
00:00:00.228415   VmName <string>  = "h3" (cb=3)
00:00:00.228415 
00:00:00.228416 [/Devices/ichac97/0/LUN#0/Config/] (level 5)
00:00:00.228417   DriverName    <string>  = "PulseAudio" (cb=11)
00:00:00.228417   InputEnabled  <integer> = 0x0000000000000000 (0)
00:00:00.228418   OutputEnabled <integer> = 0x0000000000000001 (1)
00:00:00.228418 
00:00:00.228418 [/Devices/ichac97/0/LUN#1/] (level 4)
00:00:00.228419   Driver <string>  = "AUDIO" (cb=6)
00:00:00.228420 
00:00:00.228420 [/Devices/ichac97/0/LUN#2/] (level 4)
00:00:00.228421   Driver <string>  = "AUDIO" (cb=6)
00:00:00.228421 
00:00:00.228421 [/Devices/ioapic/] (level 2)
00:00:00.228422 
00:00:00.228422 [/Devices/ioapic/0/] (level 3)
00:00:00.228423   Trusted <integer> = 0x0000000000000001 (1)
00:00:00.228424 
00:00:00.228424 [/Devices/ioapic/0/Config/] (level 4)
00:00:00.228425   NumCPUs <integer> = 0x0000000000000001 (1)
00:00:00.228425 
00:00:00.228425 [/Devices/mc146818/] (level 2)
00:00:00.228426 
00:00:00.228426 [/Devices/mc146818/0/] (level 3)
00:00:00.228427 
00:00:00.228427 [/Devices/mc146818/0/Config/] (level 4)
00:00:00.228428   UseUTC <integer> = 0x0000000000000001 (1)
00:00:00.228429 
00:00:00.228429 [/Devices/parallel/] (level 2)
00:00:00.228429 
00:00:00.228430 [/Devices/pcarch/] (level 2)
00:00:00.228430 
00:00:00.228431 [/Devices/pcarch/0/] (level 3)
00:00:00.228431   Trusted <integer> = 0x0000000000000001 (1)
00:00:00.228432 
00:00:00.228432 [/Devices/pcarch/0/Config/] (level 4)
00:00:00.228433 
00:00:00.228433 [/Devices/pcbios/] (level 2)
00:00:00.228434 
00:00:00.228434 [/Devices/pcbios/0/] (level 3)
00:00:00.228435   Trusted <integer> = 0x0000000000000001 (1)
00:00:00.228435 
00:00:00.228436 [/Devices/pcbios/0/Config/] (level 4)
00:00:00.228437   APIC               <integer> = 0x0000000000000001 (1)
00:00:00.228438   BootDevice0        <string>  = "FLOPPY" (cb=7)
00:00:00.228438   BootDevice1        <string>  = "DVD" (cb=4)
00:00:00.228439   BootDevice2        <string>  = "IDE" (cb=4)
00:00:00.228439   BootDevice3        <string>  = "NONE" (cb=5)
00:00:00.228440   FloppyDevice       <string>  = "i82078" (cb=7)
00:00:00.228440   HardDiskDevice     <string>  = "piix3ide" (cb=9)
00:00:00.228441   IOAPIC             <integer> = 0x0000000000000001 (1)
00:00:00.228441   McfgBase           <integer> = 0x0000000000000000 (0)
00:00:00.228442   McfgLength         <integer> = 0x0000000000000000 (0)
00:00:00.228443   NumCPUs            <integer> = 0x0000000000000001 (1)
00:00:00.228443   PXEDebug           <integer> = 0x0000000000000000 (0)
00:00:00.228444   SataHardDiskDevice <string>  = "ahci" (cb=5)
00:00:00.228445   SataLUN1           <integer> = 0x0000000000000000 (0)
00:00:00.228445   UUID               <bytes>   = "db 10 f5 08 f7 c3 e1 4a 8a 97 0d 3a b3 64 9e 5e" (cb=16)
00:00:00.228447   UuidLe             <integer> = 0x0000000000000000 (0)
00:00:00.228447 
00:00:00.228448 [/Devices/pcbios/0/Config/NetBoot/] (level 5)
00:00:00.228449 
00:00:00.228449 [/Devices/pcbios/0/Config/NetBoot/0/] (level 6)
00:00:00.228450   NIC           <integer> = 0x0000000000000000 (0)
00:00:00.228451   PCIBusNo      <integer> = 0x0000000000000000 (0)
00:00:00.228451   PCIDeviceNo   <integer> = 0x0000000000000003 (3)
00:00:00.228452   PCIFunctionNo <integer> = 0x0000000000000000 (0)
00:00:00.228452 
00:00:00.228453 [/Devices/pci/] (level 2)
00:00:00.228453 
00:00:00.228453 [/Devices/pci/0/] (level 3)
00:00:00.228454   Trusted <integer> = 0x0000000000000001 (1)
00:00:00.228455 
00:00:00.228455 [/Devices/pci/0/Config/] (level 4)
00:00:00.228456   IOAPIC <integer> = 0x0000000000000001 (1)
00:00:00.228456 
00:00:00.228456 [/Devices/pcibridge/] (level 2)
00:00:00.228457 
00:00:00.228457 [/Devices/pckbd/] (level 2)
00:00:00.228458 
00:00:00.228458 [/Devices/pckbd/0/] (level 3)
00:00:00.228459   Trusted <integer> = 0x0000000000000001 (1)
00:00:00.228460 
00:00:00.228460 [/Devices/pckbd/0/Config/] (level 4)
00:00:00.228461 
00:00:00.228461 [/Devices/pckbd/0/LUN#0/] (level 4)
00:00:00.228462   Driver <string>  = "KeyboardQueue" (cb=14)
00:00:00.228462 
00:00:00.228462 [/Devices/pckbd/0/LUN#0/AttachedDriver/] (level 5)
00:00:00.228463   Driver <string>  = "MainKeyboard" (cb=13)
00:00:00.228464 
00:00:00.228464 [/Devices/pckbd/0/LUN#0/AttachedDriver/Config/] (level 6)
00:00:00.228465   Object <integer> = 0x000055e6277dabc0 (94 446 993 386 432)
00:00:00.228466 
00:00:00.228467 [/Devices/pckbd/0/LUN#0/Config/] (level 5)
00:00:00.228467   QueueSize <integer> = 0x0000000000000040 (64)
00:00:00.228468 
00:00:00.228468 [/Devices/pckbd/0/LUN#1/] (level 4)
00:00:00.228469   Driver <string>  = "MouseQueue" (cb=11)
00:00:00.228470 
00:00:00.228470 [/Devices/pckbd/0/LUN#1/AttachedDriver/] (level 5)
00:00:00.228471   Driver <string>  = "MainMouse" (cb=10)
00:00:00.228471 
00:00:00.228471 [/Devices/pckbd/0/LUN#1/AttachedDriver/Config/] (level 6)
00:00:00.228473   Object <integer> = 0x00007f1914006090 (139 745 686 478 992)
00:00:00.228474 
00:00:00.228474 [/Devices/pckbd/0/LUN#1/Config/] (level 5)
00:00:00.228475   QueueSize <integer> = 0x0000000000000080 (128)
00:00:00.228475 
00:00:00.228476 [/Devices/pcnet/] (level 2)
00:00:00.228476 
00:00:00.228476 [/Devices/piix3ide/] (level 2)
00:00:00.228477 
00:00:00.228477 [/Devices/piix3ide/0/] (level 3)
00:00:00.228478   PCIBusNo      <integer> = 0x0000000000000000 (0)
00:00:00.228479   PCIDeviceNo   <integer> = 0x0000000000000001 (1)
00:00:00.228479   PCIFunctionNo <integer> = 0x0000000000000001 (1)
00:00:00.228480   Trusted       <integer> = 0x0000000000000001 (1)
00:00:00.228480 
00:00:00.228481 [/Devices/piix3ide/0/Config/] (level 4)
00:00:00.228481   Type <string>  = "PIIX4" (cb=6)
00:00:00.228482 
00:00:00.228482 [/Devices/piix3ide/0/LUN#0/] (level 4)
00:00:00.228483   Driver <string>  = "VD" (cb=3)
00:00:00.228484 
00:00:00.228484 [/Devices/piix3ide/0/LUN#0/Config/] (level 5)
00:00:00.228485   EmptyDrive <integer> = 0x0000000000000001 (1)
00:00:00.228485   Mountable  <integer> = 0x0000000000000001 (1)
00:00:00.228486   Type       <string>  = "DVD" (cb=4)
00:00:00.228486 
00:00:00.228487 [/Devices/piix3ide/0/LUN#999/] (level 4)
00:00:00.228487   Driver <string>  = "MainStatus" (cb=11)
00:00:00.228488 
00:00:00.228488 [/Devices/piix3ide/0/LUN#999/Config/] (level 5)
00:00:00.228489   DeviceInstance        <string>  = "piix3ide/0" (cb=11)
00:00:00.228490   First                 <integer> = 0x0000000000000000 (0)
00:00:00.228490   Last                  <integer> = 0x0000000000000003 (3)
00:00:00.228491   pConsole              <integer> = 0x00007f19140013e0 (139 745 686 459 360)
00:00:00.228492   papLeds               <integer> = 0x00007f1914001ba0 (139 745 686 461 344)
00:00:00.228493   pmapMediumAttachments <integer> = 0x00007f19140027d8 (139 745 686 464 472)
00:00:00.228494 
00:00:00.228494 [/Devices/serial/] (level 2)
00:00:00.228495 
00:00:00.228495 [/Devices/usb-ohci/] (level 2)
00:00:00.228496 
00:00:00.228496 [/Devices/usb-ohci/0/] (level 3)
00:00:00.228497   PCIBusNo      <integer> = 0x0000000000000000 (0)
00:00:00.228498   PCIDeviceNo   <integer> = 0x0000000000000006 (6)
00:00:00.228498   PCIFunctionNo <integer> = 0x0000000000000000 (0)
00:00:00.228498   Trusted       <integer> = 0x0000000000000001 (1)
00:00:00.228499 
00:00:00.228499 [/Devices/usb-ohci/0/Config/] (level 4)
00:00:00.228500 
00:00:00.228500 [/Devices/usb-ohci/0/LUN#0/] (level 4)
00:00:00.228501   Driver <string>  = "VUSBRootHub" (cb=12)
00:00:00.228502 
00:00:00.228502 [/Devices/usb-ohci/0/LUN#0/Config/] (level 5)
00:00:00.228503 
00:00:00.228503 [/Devices/usb-ohci/0/LUN#999/] (level 4)
00:00:00.228504   Driver <string>  = "MainStatus" (cb=11)
00:00:00.228504 
00:00:00.228504 [/Devices/usb-ohci/0/LUN#999/Config/] (level 5)
00:00:00.228505   First   <integer> = 0x0000000000000000 (0)
00:00:00.228506   Last    <integer> = 0x0000000000000000 (0)
00:00:00.228506   papLeds <integer> = 0x00007f19140027c0 (139 745 686 464 448)
00:00:00.228507 
00:00:00.228508 [/Devices/vga/] (level 2)
00:00:00.228508 
00:00:00.228508 [/Devices/vga/0/] (level 3)
00:00:00.228509   PCIBusNo      <integer> = 0x0000000000000000 (0)
00:00:00.228510   PCIDeviceNo   <integer> = 0x0000000000000002 (2)
00:00:00.228510   PCIFunctionNo <integer> = 0x0000000000000000 (0)
00:00:00.228511   Trusted       <integer> = 0x0000000000000001 (1)
00:00:00.228511 
00:00:00.228512 [/Devices/vga/0/Config/] (level 4)
00:00:00.228513   3DEnabled          <integer> = 0x0000000000000000 (0)
00:00:00.228513   CustomVideoModes   <integer> = 0x0000000000000000 (0)
00:00:00.228514   FadeIn             <integer> = 0x0000000000000001 (1)
00:00:00.228515   FadeOut            <integer> = 0x0000000000000001 (1)
00:00:00.228515   HeightReduction    <integer> = 0x0000000000000000 (0)
00:00:00.228516   LogoFile           <string>  = "" (cb=1)
00:00:00.228516   LogoTime           <integer> = 0x0000000000000000 (0)
00:00:00.228517   MonitorCount       <integer> = 0x0000000000000001 (1)
00:00:00.228518   ShowBootMenu       <integer> = 0x0000000000000002 (2)
00:00:00.228518   VMSVGA3dEnabled    <integer> = 0x0000000000000000 (0)
00:00:00.228519   VMSVGAEnabled      <integer> = 0x0000000000000001 (1)
00:00:00.228519   VMSVGAPciBarLayout <integer> = 0x0000000000000001 (1)
00:00:00.228520   VMSVGAPciId        <integer> = 0x0000000000000001 (1)
00:00:00.228520   VRamSize           <integer> = 0x0000000001000000 (16 777 216, 16 MB)
00:00:00.228522 
00:00:00.228522 [/Devices/vga/0/LUN#0/] (level 4)
00:00:00.228523   Driver <string>  = "MainDisplay" (cb=12)
00:00:00.228523 
00:00:00.228523 [/Devices/vga/0/LUN#0/Config/] (level 5)
00:00:00.228524   Object <integer> = 0x00007f1914006cd0 (139 745 686 482 128)
00:00:00.228525 
00:00:00.228525 [/Devices/vga/0/LUN#999/] (level 4)
00:00:00.228526   Driver <string>  = "MainStatus" (cb=11)
00:00:00.228527 
00:00:00.228527 [/Devices/vga/0/LUN#999/Config/] (level 5)
00:00:00.228528   First   <integer> = 0x0000000000000000 (0)
00:00:00.228528   Last    <integer> = 0x0000000000000000 (0)
00:00:00.228529   papLeds <integer> = 0x00007f19140027d0 (139 745 686 464 464)
00:00:00.228530 
00:00:00.228530 [/Devices/virtio-net/] (level 2)
00:00:00.228531 
00:00:00.228531 [/EM/] (level 1)
00:00:00.228532   TripleFaultReset <integer> = 0x0000000000000000 (0)
00:00:00.228532 
00:00:00.228532 [/GIM/] (level 1)
00:00:00.228533   Provider <string>  = "KVM" (cb=4)
00:00:00.228533 
00:00:00.228534 [/HM/] (level 1)
00:00:00.228535   64bitEnabled            <integer> = 0x0000000000000001 (1)
00:00:00.228535   EnableLargePages        <integer> = 0x0000000000000000 (0)
00:00:00.228536   EnableNestedPaging      <integer> = 0x0000000000000001 (1)
00:00:00.228536   EnableUX                <integer> = 0x0000000000000001 (1)
00:00:00.228537   EnableVPID              <integer> = 0x0000000000000001 (1)
00:00:00.228538   Exclusive               <integer> = 0x0000000000000001 (1)
00:00:00.228538   HMForced                <integer> = 0x0000000000000001 (1)
00:00:00.228539   IBPBOnVMEntry           <integer> = 0x0000000000000000 (0)
00:00:00.228539   IBPBOnVMExit            <integer> = 0x0000000000000000 (0)
00:00:00.228540   L1DFlushOnSched         <integer> = 0x0000000000000001 (1)
00:00:00.228541   L1DFlushOnVMEntry       <integer> = 0x0000000000000000 (0)
00:00:00.228541   LovelyMesaDrvWorkaround <integer> = 0x0000000000000001 (1)
00:00:00.228542   MDSClearOnSched         <integer> = 0x0000000000000001 (1)
00:00:00.228542   MDSClearOnVMEntry       <integer> = 0x0000000000000000 (0)
00:00:00.228543   SpecCtrlByHost          <integer> = 0x0000000000000000 (0)
00:00:00.228543   UseNEMInstead           <integer> = 0x0000000000000000 (0)
00:00:00.228544 
00:00:00.228544 [/MM/] (level 1)
00:00:00.228545   CanUseLargerHeap <integer> = 0x0000000000000000 (0)
00:00:00.228545 
00:00:00.228546 [/NEM/] (level 1)
00:00:00.228546   Allow64BitGuests        <integer> = 0x0000000000000001 (1)
00:00:00.228547   LovelyMesaDrvWorkaround <integer> = 0x0000000000000001 (1)
00:00:00.228547 
00:00:00.228548 [/PDM/] (level 1)
00:00:00.228548 
00:00:00.228548 [/PDM/AsyncCompletion/] (level 2)
00:00:00.228549 
00:00:00.228549 [/PDM/AsyncCompletion/File/] (level 3)
00:00:00.228550 
00:00:00.228550 [/PDM/AsyncCompletion/File/BwGroups/] (level 4)
00:00:00.228551 
00:00:00.228551 [/PDM/BlkCache/] (level 2)
00:00:00.228552   CacheSize <integer> = 0x0000000000500000 (5 242 880, 5 MB)
00:00:00.228553 
00:00:00.228553 [/PDM/Devices/] (level 2)
00:00:00.228554 
00:00:00.228554 [/PDM/Drivers/] (level 2)
00:00:00.228555 
00:00:00.228555 [/PDM/Drivers/VBoxC/] (level 3)
00:00:00.228556   Path <string>  = "/usr/lib/virtualbox/components/VBoxC" (cb=37)
00:00:00.228556 
00:00:00.228557 [/PDM/NetworkShaper/] (level 2)
00:00:00.228557 
00:00:00.228558 [/PDM/NetworkShaper/BwGroups/] (level 3)
00:00:00.228558 
00:00:00.228559 [/TM/] (level 1)
00:00:00.228559   UTCOffset <integer> = 0x0000000000000000 (0)
00:00:00.228560 
00:00:00.228560 [/USB/] (level 1)
00:00:00.228560 
00:00:00.228561 [/USB/HidMouse/] (level 2)
00:00:00.228561 
00:00:00.228561 [/USB/HidMouse/0/] (level 3)
00:00:00.228562 
00:00:00.228562 [/USB/HidMouse/0/Config/] (level 4)
00:00:00.228563   Mode <string>  = "absolute" (cb=9)
00:00:00.228564 
00:00:00.228564 [/USB/HidMouse/0/LUN#0/] (level 4)
00:00:00.228565   Driver <string>  = "MouseQueue" (cb=11)
00:00:00.228565 
00:00:00.228565 [/USB/HidMouse/0/LUN#0/AttachedDriver/] (level 5)
00:00:00.228566   Driver <string>  = "MainMouse" (cb=10)
00:00:00.228567 
00:00:00.228567 [/USB/HidMouse/0/LUN#0/AttachedDriver/Config/] (level 6)
00:00:00.228568   Object <integer> = 0x00007f1914006090 (139 745 686 478 992)
00:00:00.228569 
00:00:00.228569 [/USB/HidMouse/0/LUN#0/Config/] (level 5)
00:00:00.228570   QueueSize <integer> = 0x0000000000000080 (128)
00:00:00.228571 
00:00:00.228571 [/USB/USBProxy/] (level 2)
00:00:00.228572 
00:00:00.228572 [/USB/USBProxy/GlobalConfig/] (level 3)
00:00:00.228573 
00:00:00.228573 ********************* End of CFGM dump **********************
00:00:00.228624 HM: HMR3Init: VT-x w/ nested paging and unrestricted guest execution hw support
00:00:00.228652 MM: cbHyperHeap=0x200000 (2097152)
00:00:00.229565 CPUM: fXStateHostMask=0x7; initial: 0x7; host XCR0=0x1f
00:00:00.230373 CPUM: Matched host CPU INTEL 0x6/0x9e/0x9 Intel_Core7_KabyLake with CPU DB entry 'Intel Core i7-6700K' (INTEL 0x6/0x5e/0x3 Intel_Core7_Skylake)
00:00:00.230425 CPUM: MXCSR_MASK=0xffff (host: 0xffff)
00:00:00.230434 CPUM: Microcode revision 0x000000EA
00:00:00.230440 CPUM: Changing leaf 13[0]: EBX=0x440 -> 0x340, ECX=0x440 -> 0x340
00:00:00.230447 CPUM: MSR/CPUID reconciliation insert: 0x0000010b IA32_FLUSH_CMD
00:00:00.230532 PGM: Host paging mode: AMD64+PGE+NX
00:00:00.230537 PGM: PGMPool: cMaxPages=768 (u64MaxPages=545)
00:00:00.230540 PGM: pgmR3PoolInit: cMaxPages=0x300 cMaxUsers=0x600 cMaxPhysExts=0x600 fCacheEnable=true 
00:00:00.231051 PGM: /proc/sys/vm/max_map_count = 65530 (rc2=VWRN_TRAILING_CHARS); cGuessNeeded=16384
00:00:00.232236 TM: GIP - u32Mode=3 (Invariant) u32UpdateHz=62 u32UpdateIntervalNS=16000000 enmUseTscDelta=2 (Practically Zero) fGetGipCpu=0x1b cCpus=4
00:00:00.232246 TM: GIP - u64CpuHz=2 475 657 078 (0x938f8776)  SUPGetCpuHzFromGip => 2 475 657 078
00:00:00.232250 TM: GIP - CPU: iCpuSet=0x0 idCpu=0x0 idApic=0x0 iGipCpu=0x3 i64TSCDelta=0 enmState=3 u64CpuHz=2495975039(*) cErrors=0
00:00:00.232254 TM: GIP - CPU: iCpuSet=0x1 idCpu=0x1 idApic=0x2 iGipCpu=0x0 i64TSCDelta=0 enmState=3 u64CpuHz=2475657078(*) cErrors=0
00:00:00.232256 TM: GIP - CPU: iCpuSet=0x2 idCpu=0x2 idApic=0x4 iGipCpu=0x2 i64TSCDelta=0 enmState=3 u64CpuHz=2495975139(*) cErrors=0
00:00:00.232259 TM: GIP - CPU: iCpuSet=0x3 idCpu=0x3 idApic=0x6 iGipCpu=0x1 i64TSCDelta=0 enmState=3 u64CpuHz=2495974769(*) cErrors=0
00:00:00.232307 TM: cTSCTicksPerSecond=2 475 657 078 (0x938f8776) enmTSCMode=3 (Dynamic)
00:00:00.232309 TM: TSCTiedToExecution=false TSCNotTiedToHalt=false
00:00:00.232668 EMR3Init: fIemExecutesAll=false fGuruOnTripleFault=true 
00:00:00.232765 IEM: TargetCpu=CURRENT, Microarch=Intel_Core7_KabyLake
00:00:00.232810 GIM: Using provider 'KVM' (Implementation version: 0)
00:00:00.232814 CPUM: SetGuestCpuIdFeature: Enabled Hypervisor Present bit
00:00:00.277514 AIOMgr: Default manager type is 'Async'
00:00:00.277538 AIOMgr: Default file backend is 'NonBuffered'
00:00:00.277917 BlkCache: Cache successfully initialized. Cache size is 5242880 bytes
00:00:00.277932 BlkCache: Cache commit interval is 10000 ms
00:00:00.277936 BlkCache: Cache commit threshold is 2621440 bytes
00:00:00.279415 PcBios: [SMP] BIOS with 1 CPUs
00:00:00.279445 PcBios: Using the 386+ BIOS image.
00:00:00.279530 PcBios: MPS table at 000e1300
00:00:00.280027 PcBios: fCheckShutdownStatusForSoftReset=true   fClearShutdownStatusOnHardReset=true 
00:00:00.280937 SUP: Opened VBoxDDR0.r0 (/usr/lib/virtualbox/VBoxDDR0.r0) at 0xXXXXXXXXXXXXXXXX.
00:00:00.281167 CPUM: SetGuestCpuIdFeature: Enabled xAPIC
00:00:00.281174 CPUM: SetGuestCpuIdFeature: Enabled x2APIC
00:00:00.281444 IOAPIC: Using implementation 2.0! Chipset type ICH9
00:00:00.281508 PIT: mode=3 count=0x10000 (65536) - 18.20 Hz (ch=0)
00:00:00.282130 VMMDev: cbDefaultBudget: 261 373 696 (f943f00)
00:00:00.284430 Shared Folders service loaded
00:00:00.285264 Guest Control service loaded
00:00:00.292048 VGA: Using the 386+ BIOS image.
00:00:00.293693 DrvVD: Flushes will be ignored
00:00:00.293708 DrvVD: Async flushes will be passed to the disk
00:00:00.297174 VD: VDInit finished with VINF_SUCCESS
00:00:00.297371 AIOMgr: Endpoint for file '/home/vamsi/Documents/Acads/Sem 7/Computer Networks/Lab/Lab1/lab1_network/VMImages/base/base.vdi' (flags 000c0781) created successfully
00:00:00.442796 AIOMgr: Endpoint for file '/home/vamsi/Documents/Acads/Sem 7/Computer Networks/Lab/Lab1/lab1_network/VMImages/base/Snapshots/{8f83ab64-891d-4e29-8532-09d2e668c3dd}.vdi' (flags 000c0781) created successfully
00:00:00.625246 AIOMgr: Endpoint for file '/home/vamsi/Documents/Acads/Sem 7/Computer Networks/Lab/Lab1/lab1_network/VMImages/base/Snapshots/{ca230307-de07-4ee1-b500-8daa8ed4ebc4}.vdi' (flags 000c0781) created successfully
00:00:00.889321 AIOMgr: Endpoint for file '/home/vamsi/Documents/Acads/Sem 7/Computer Networks/Lab/Lab1/lab1_network/VMImages/h3/Snapshots/{02ffefb6-eda2-4ed4-8873-dda50f8bdeb1}.vdi' (flags 000c0723) created successfully
00:00:01.045122 VD: Opening the disk took 748064283 ns
00:00:01.045184 AHCI: LUN#0: disk, PCHS=2212/16/63, total number of sectors 2229702
00:00:01.045300 AHCI#0: Reset the HBA
00:00:01.045308 VD#0: Cancelling all active requests
00:00:01.046207 DrvVD: Flushes will be ignored
00:00:01.046216 DrvVD: Async flushes will be passed to the disk
00:00:01.046236 PIIX3 ATA: LUN#0: CD/DVD, total number of sectors 0, passthrough disabled
00:00:01.048146 PIIX3 ATA: LUN#1: no unit
00:00:01.048253 PIIX3 ATA: LUN#2: no unit
00:00:01.048260 PIIX3 ATA: LUN#3: no unit
00:00:01.048313 PIIX3 ATA: Ctl#1: finished processing RESET
00:00:01.048319 PIIX3 ATA: Ctl#0: finished processing RESET
00:00:01.048435 E1000#0: Chip=82540EM LinkUpDelay=3000ms EthernetCRC=on GSO=enabled Itr=disabled ItrRx=enabled TID=disabled R0=enabled RC=disabled
00:00:01.054483 NAT: Guest address guess set to 10.0.2.15 by initialization
00:00:01.054558 NAT: resolv.conf: nameserver 127.0.0.53
00:00:01.054567 NAT: DNS server 127.0.0.53 registration detected, switching to the DNS proxy
00:00:01.054570 NAT: DNS#0: 127.0.0.53
00:00:01.054600 NAT: Set redirect TCP 0.0.0.0:14503 -> 0.0.0.0:22
00:00:01.055507 E1000#1: Chip=82540EM LinkUpDelay=3000ms EthernetCRC=on GSO=enabled Itr=disabled ItrRx=enabled TID=disabled R0=enabled RC=disabled
00:00:01.055559 IntNet#0: szNetwork={intnet2} enmTrunkType=2 szTrunk={} fFlags=0x8000 cbRecv=325632 cbSend=196608 fIgnoreConnectFailure=false
00:00:01.057567 AC97: Using codec 'AD1980'
00:00:01.057610 Audio: Initializing PulseAudio driver
00:00:01.059163 PulseAudio: Using version 11.1.0
00:00:01.060590 PulseAudio: Retrieving server information ...
00:00:01.060967 Audio: Found 3 devices for driver 'PulseAudio'
00:00:01.060980 Audio: Device 'Built-in Audio Analog Stereo':
00:00:01.060980 Audio:   ID              = alsa_output.pci-0000_00_1f.3.analog-stereo
00:00:01.060981 Audio:   Usage           = output
00:00:01.060981 Audio:   Flags           = DEFAULT_OUT
00:00:01.060981 Audio:   Input channels  = 0
00:00:01.060982 Audio:   Output channels = 2
00:00:01.060984 Audio: Device 'Monitor of Built-in Audio Analog Stereo':
00:00:01.060984 Audio:   ID              = alsa_output.pci-0000_00_1f.3.analog-stereo.monitor
00:00:01.060985 Audio:   Usage           = input
00:00:01.060985 Audio:   Flags           = NONE
00:00:01.060985 Audio:   Input channels  = 2
00:00:01.060985 Audio:   Output channels = 0
00:00:01.060987 Audio: Device 'Built-in Audio Analog Stereo':
00:00:01.060988 Audio:   ID              = alsa_input.pci-0000_00_1f.3.analog-stereo
00:00:01.060988 Audio:   Usage           = input
00:00:01.060988 Audio:   Flags           = DEFAULT_IN
00:00:01.060988 Audio:   Input channels  = 2
00:00:01.060989 Audio:   Output channels = 0
00:00:01.061040 AC97: Reset
00:00:01.061043 AC97: Mixer reset (EAID=0x809, EACS=0x9)
00:00:01.061046 AC97: Record select to left=mic, right=mic
00:00:01.068566 VUSB: Attached 'HidMouse' to port 1 on RootHub#0 (FullSpeed)
00:00:01.068610 PGM: The CPU physical address width is 39 bits
00:00:01.068613 PGM: PGMR3InitFinalize: 4 MB PSE mask 0000007fffffffff -> VINF_SUCCESS
00:00:01.068631 TM: TMR3InitFinalize: fTSCModeSwitchAllowed=true 
00:00:01.068748 VMM: Enabled thread-context hooks
00:00:01.068751 VMM: RTThreadPreemptIsPending() can be trusted
00:00:01.068753 VMM: Kernel preemption is not possible it seems
00:00:01.068762 HM: fWorldSwitcher=0x0 (fIbpbOnVmExit=false fIbpbOnVmEntry=false fL1dFlushOnVmEntry=false); fL1dFlushOnSched=true  fMdsClearOnVmEntry=false
00:00:01.068778 HM: Using VT-x implementation 3.0
00:00:01.068778 HM: Max resume loops                  = 8192
00:00:01.068779 HM: Host CR4                          = 0x3606e0
00:00:01.068780 HM: Host EFER                         = 0xd01
00:00:01.068780 HM: MSR_IA32_SMM_MONITOR_CTL          = 0x0
00:00:01.068781 HM: MSR_IA32_FEATURE_CONTROL          = 0x5
00:00:01.068782 HM:   LOCK
00:00:01.068782 HM:   VMXON
00:00:01.068782 HM: MSR_IA32_VMX_BASIC                = 0xda040000000004
00:00:01.068783 HM:   VMCS id                           = 0x4
00:00:01.068783 HM:   VMCS size                         = 1024 bytes
00:00:01.068784 HM:   VMCS physical address limit       = None
00:00:01.068784 HM:   VMCS memory type                  = Write Back (WB)
00:00:01.068785 HM:   Dual-monitor treatment support    = true 
00:00:01.068785 HM:   OUTS & INS instruction-info       = true 
00:00:01.068785 HM:   Supports true-capability MSRs     = true 
00:00:01.068786 HM:   VM-entry Xcpt error-code optional = false
00:00:01.068786 HM: MSR_IA32_VMX_PINBASED_CTLS        = 0x7f00000016
00:00:01.068787 HM:   EXT_INT_EXIT
00:00:01.068787 HM:   NMI_EXIT
00:00:01.068787 HM:   VIRTUAL_NMI
00:00:01.068788 HM:   PREEMPT_TIMER
00:00:01.068788 HM:   POSTED_INT (must be cleared)
00:00:01.068788 HM: MSR_IA32_VMX_PROCBASED_CTLS       = 0xfff9fffe0401e172
00:00:01.068789 HM:   INT_WINDOW_EXIT
00:00:01.068790 HM:   USE_TSC_OFFSETTING
00:00:01.068790 HM:   HLT_EXIT
00:00:01.068790 HM:   INVLPG_EXIT
00:00:01.068791 HM:   MWAIT_EXIT
00:00:01.068791 HM:   RDPMC_EXIT
00:00:01.068791 HM:   RDTSC_EXIT
00:00:01.068792 HM:   CR3_LOAD_EXIT (must be set)
00:00:01.068792 HM:   CR3_STORE_EXIT (must be set)
00:00:01.068792 HM:   CR8_LOAD_EXIT
00:00:01.068792 HM:   CR8_STORE_EXIT
00:00:01.068792 HM:   USE_TPR_SHADOW
00:00:01.068793 HM:   NMI_WINDOW_EXIT
00:00:01.068793 HM:   MOV_DR_EXIT
00:00:01.068793 HM:   UNCOND_IO_EXIT
00:00:01.068793 HM:   USE_IO_BITMAPS
00:00:01.068794 HM:   MONITOR_TRAP_FLAG
00:00:01.068794 HM:   USE_MSR_BITMAPS
00:00:01.068794 HM:   MONITOR_EXIT
00:00:01.068794 HM:   PAUSE_EXIT
00:00:01.068795 HM:   USE_SECONDARY_CTLS
00:00:01.068795 HM: MSR_IA32_VMX_PROCBASED_CTLS2      = 0x5fbcff00000000
00:00:01.068796 HM:   VIRT_APIC_ACCESS
00:00:01.068796 HM:   EPT
00:00:01.068796 HM:   DESC_TABLE_EXIT
00:00:01.068797 HM:   RDTSCP
00:00:01.068797 HM:   VIRT_X2APIC_MODE
00:00:01.068797 HM:   VPID
00:00:01.068798 HM:   WBINVD_EXIT
00:00:01.068798 HM:   UNRESTRICTED_GUEST
00:00:01.068798 HM:   APIC_REG_VIRT (must be cleared)
00:00:01.068799 HM:   VIRT_INT_DELIVERY (must be cleared)
00:00:01.068799 HM:   PAUSE_LOOP_EXIT
00:00:01.068799 HM:   RDRAND_EXIT
00:00:01.068800 HM:   INVPCID
00:00:01.068800 HM:   VMFUNC
00:00:01.068800 HM:   VMCS_SHADOWING (must be cleared)
00:00:01.068800 HM:   ENCLS_EXIT
00:00:01.068801 HM:   RDSEED_EXIT
00:00:01.068801 HM:   PML
00:00:01.068801 HM:   EPT_VE
00:00:01.068801 HM:   CONCEAL_VMX_FROM_PT
00:00:01.068802 HM:   XSAVES_XRSTORS
00:00:01.068802 HM:   MODE_BASED_EPT_PERM
00:00:01.068802 HM:   SPPTP_EPT (must be cleared)
00:00:01.068802 HM:   PT_EPT (must be cleared)
00:00:01.068803 HM:   TSC_SCALING (must be cleared)
00:00:01.068803 HM:   USER_WAIT_PAUSE (must be cleared)
00:00:01.068803 HM:   ENCLV_EXIT (must be cleared)
00:00:01.068803 HM: MSR_IA32_VMX_ENTRY_CTLS           = 0x3ffff000011ff
00:00:01.068804 HM:   LOAD_DEBUG (must be set)
00:00:01.068804 HM:   IA32E_MODE_GUEST
00:00:01.068805 HM:   ENTRY_TO_SMM
00:00:01.068805 HM:   DEACTIVATE_DUAL_MON
00:00:01.068806 HM:   LOAD_PERF_MSR
00:00:01.068806 HM:   LOAD_PAT_MSR
00:00:01.068806 HM:   LOAD_EFER_MSR
00:00:01.068806 HM:   LOAD_BNDCFGS_MSR
00:00:01.068807 HM:   CONCEAL_VMX_FROM_PT
00:00:01.068807 HM:   LOAD_RTIT_CTL_MSR (must be cleared)
00:00:01.068807 HM: MSR_IA32_VMX_EXIT_CTLS            = 0x1ffffff00036dff
00:00:01.068808 HM:   SAVE_DEBUG (must be set)
00:00:01.068808 HM:   HOST_ADDR_SPACE_SIZE
00:00:01.068808 HM:   LOAD_PERF_MSR
00:00:01.068809 HM:   ACK_EXT_INT
00:00:01.068809 HM:   SAVE_PAT_MSR
00:00:01.068809 HM:   LOAD_PAT_MSR
00:00:01.068809 HM:   SAVE_EFER_MSR
00:00:01.068810 HM:   LOAD_EFER_MSR
00:00:01.068810 HM:   SAVE_PREEMPT_TIMER
00:00:01.068810 HM:   CLEAR_BNDCFGS_MSR
00:00:01.068810 HM:   CONCEAL_VMX_FROM_PT
00:00:01.068811 HM:   CLEAR_RTIT_CTL_MSR (must be cleared)
00:00:01.068811 HM: MSR_IA32_VMX_TRUE_PINBASED_CTLS   = 0x7f00000016
00:00:01.068812 HM: MSR_IA32_VMX_TRUE_PROCBASED_CTLS  = 0xfff9fffe04006172
00:00:01.068812 HM: MSR_IA32_VMX_TRUE_ENTRY_CTLS      = 0x3ffff000011fb
00:00:01.068813 HM: MSR_IA32_VMX_TRUE_EXIT_CTLS       = 0x1ffffff00036dfb
00:00:01.068814 HM: MSR_IA32_VMX_MISC                 = 0x7004c1e7
00:00:01.068814 HM:   PREEMPT_TIMER_TSC                 = 0x7
00:00:01.068815 HM:   EXIT_SAVE_EFER_LMA                = true 
00:00:01.068815 HM:   ACTIVITY_STATES                   = 0x7 ( HLT SHUTDOWN SIPI_WAIT )
00:00:01.068816 HM:   INTEL_PT                          = true 
00:00:01.068816 HM:   SMM_READ_SMBASE_MSR               = true 
00:00:01.068816 HM:   CR3_TARGET                        = 0x4
00:00:01.068817 HM:   MAX_MSR                           = 0x0 ( 512 )
00:00:01.068817 HM:   VMXOFF_BLOCK_SMI                  = true 
00:00:01.068817 HM:   VMWRITE_ALL                       = true 
00:00:01.068818 HM:   ENTRY_INJECT_SOFT_INT             = 0x1
00:00:01.068818 HM:   MSEG_ID                           = 0x0
00:00:01.068819 HM: MSR_IA32_VMX_VMCS_ENUM            = 0x2e
00:00:01.068819 HM:   HIGHEST_IDX                       = 0x17
00:00:01.068819 HM: MSR_IA32_VMX_EPT_VPID_CAP         = 0xf0106734141
00:00:01.068820 HM:   RWX_X_ONLY
00:00:01.068820 HM:   PAGE_WALK_LENGTH_4
00:00:01.068821 HM:   EMT_UC
00:00:01.068821 HM:   EMT_WB
00:00:01.068821 HM:   PDE_2M
00:00:01.068821 HM:   PDPTE_1G
00:00:01.068822 HM:   INVEPT
00:00:01.068822 HM:   EPT_ACCESS_DIRTY
00:00:01.068822 HM:   ADVEXITINFO_EPT
00:00:01.068822 HM:   INVEPT_SINGLE_CONTEXT
00:00:01.068822 HM:   INVEPT_ALL_CONTEXTS
00:00:01.068823 HM:   INVVPID
00:00:01.068823 HM:   INVVPID_INDIV_ADDR
00:00:01.068823 HM:   INVVPID_SINGLE_CONTEXT
00:00:01.068823 HM:   INVVPID_ALL_CONTEXTS
00:00:01.068824 HM:   INVVPID_SINGLE_CONTEXT_RETAIN_GLOBALS
00:00:01.068824 HM: MSR_IA32_VMX_VMFUNC               = 0x1
00:00:01.068824 HM:   EPTP_SWITCHING
00:00:01.068825 HM: MSR_IA32_VMX_CR0_FIXED0           = 0x80000021
00:00:01.068825 HM: MSR_IA32_VMX_CR0_FIXED1           = 0xffffffff
00:00:01.068826 HM: MSR_IA32_VMX_CR4_FIXED0           = 0x2000
00:00:01.068826 HM: MSR_IA32_VMX_CR4_FIXED1           = 0x3727ff
00:00:01.068827 HM: APIC-access page physaddr         = 0x000000021fbaf000
00:00:01.068827 HM: VCPU  0: MSR bitmap physaddr      = 0x000000021fbb3000
00:00:01.068828 HM: VCPU  0: VMCS physaddr            = 0x000000021fbb0000
00:00:01.068829 HM: Guest support: 32-bit and 64-bit
00:00:01.068831 HM: Supports VMCS EFER fields         = true 
00:00:01.068832 HM: Enabled VMX
00:00:01.068834 CPUM: SetGuestCpuIdFeature: Enabled SYSENTER/EXIT
00:00:01.068835 CPUM: SetGuestCpuIdFeature: Enabled PAE
00:00:01.068835 CPUM: SetGuestCpuIdFeature: Enabled LONG MODE
00:00:01.068835 CPUM: SetGuestCpuIdFeature: Enabled SYSCALL/RET
00:00:01.068836 CPUM: SetGuestCpuIdFeature: Enabled LAHF/SAHF
00:00:01.068836 CPUM: SetGuestCpuIdFeature: Enabled NX
00:00:01.068836 HM: Enabled nested paging
00:00:01.068836 HM:   EPT flush type                  = Single context
00:00:01.068837 HM: Enabled unrestricted guest execution
00:00:01.068837 HM: Enabled VPID
00:00:01.068837 HM:   VPID flush type                 = Single context
00:00:01.068837 HM: Enabled VMX-preemption timer (cPreemptTimerShift=7)
00:00:01.068838 HM: VT-x/AMD-V init method: Global
00:00:01.068838 EM: Exit history optimizations: enabled=true  enabled-r0=true  enabled-r0-no-preemption=false
00:00:01.068863 PcBios: SATA LUN#0 LCHS=553/64/63
00:00:01.068872 APIC: fPostedIntrsEnabled=false fVirtApicRegsEnabled=false fSupportsTscDeadline=false
00:00:01.068877 TMR3UtcNow: nsNow=1 630 218 403 932 600 000 nsPrev=0 -> cNsDelta=1 630 218 403 932 600 000 (offLag=0 offVirtualSync=0 offVirtualSyncGivenUp=0, NowAgain=1 630 218 403 932 600 000)
00:00:01.068883 VMM: fUsePeriodicPreemptionTimers=false
00:00:01.068957 CPUM: Logical host processors: 4 present, 4 max, 4 online, online mask: 000000000000000f
00:00:01.069005 CPUM: Physical host cores: 4
00:00:01.069005 ************************* CPUID dump ************************
00:00:01.069011          Raw Standard CPUID Leaves
00:00:01.069011      Leaf/sub-leaf  eax      ebx      ecx      edx
00:00:01.069012 Gst: 00000000/0000  00000016 756e6547 6c65746e 49656e69
00:00:01.069013 Hst:                00000016 756e6547 6c65746e 49656e69
00:00:01.069014 Gst: 00000001/0000  000906e9 00010800 d6fa220b 178bfbff
00:00:01.069015 Hst:                000906e9 02100800 7ffafbbf bfebfbff
00:00:01.069016 Gst: 00000002/0000  76036301 00f0b6ff 00000000 00c30000
00:00:01.069017 Hst:                76036301 00f0b6ff 00000000 00c30000
00:00:01.069017 Gst: 00000003/0000  00000000 00000000 00000000 00000000
00:00:01.069018 Hst:                00000000 00000000 00000000 00000000
00:00:01.069019 Gst: 00000004/0000  00000121 01c0003f 0000003f 00000000
00:00:01.069019 Hst:                1c004121 01c0003f 0000003f 00000000
00:00:01.069020 Gst: 00000004/0001  00000122 01c0003f 0000003f 00000000
00:00:01.069021 Hst:                1c004122 01c0003f 0000003f 00000000
00:00:01.069021 Gst: 00000004/0002  00000143 00c0003f 000003ff 00000000
00:00:01.069022 Hst:                1c004143 00c0003f 000003ff 00000000
00:00:01.069023 Gst: 00000004/0003  00000163 02c0003f 00001fff 00000006
00:00:01.069024 Hst:                1c03c163 02c0003f 00001fff 00000006
00:00:01.069024 Gst: 00000004/0004  00000000 00000000 00000000 00000000
00:00:01.069025 Hst:                00000000 00000000 00000000 00000000
00:00:01.069025 Gst: 00000005/0000  00000040 00000040 00000000 00000000
00:00:01.069026 Hst:                00000040 00000040 00000003 11142120
00:00:01.069027 Gst: 00000006/0000  00000000 00000000 00000000 00000000
00:00:01.069027 Hst:                000027f7 00000002 00000009 00000000
00:00:01.069028 Gst: 00000007/0000  00000000 00842421 00000000 10000400
00:00:01.069029 Hst:                00000000 029c67af 00000000 9c002e00
00:00:01.069029 Gst: 00000007/0001  00000000 00000000 00000000 00000000
00:00:01.069030 Hst:                00000000 00000000 00000000 00000000
00:00:01.069031 Gst: 00000008/0000  00000000 00000000 00000000 00000000
00:00:01.069031 Hst:                00000000 00000000 00000000 00000000
00:00:01.069032 Gst: 00000009/0000  00000000 00000000 00000000 00000000
00:00:01.069032 Hst:                00000000 00000000 00000000 00000000
00:00:01.069033 Gst: 0000000a/0000  00000000 00000000 00000000 00000000
00:00:01.069033 Hst:                07300804 00000000 00000000 00000603
00:00:01.069034 Gst: 0000000b/0000  00000000 00000001 00000100 00000000
00:00:01.069034 Hst:                00000001 00000001 00000100 00000002
00:00:01.069035 Gst: 0000000b/0001  00000001 00000001 00000201 00000000
00:00:01.069035 Hst:                00000004 00000004 00000201 00000002
00:00:01.069036 Gst: 0000000b/0002  00000000 00000000 00000002 00000000
00:00:01.069036 Hst:                00000000 00000000 00000002 00000002
00:00:01.069037 Gst: 0000000c/0000  00000000 00000000 00000000 00000000
00:00:01.069037 Hst:                00000000 00000000 00000000 00000000
00:00:01.069038 Gst: 0000000d/0000  00000007 00000340 00000340 00000000
00:00:01.069038 Hst:                0000001f 00000440 00000440 00000000
00:00:01.069039 Gst: 0000000d/0001  00000000 000003c0 00000000 00000000
00:00:01.069039 Hst:                0000000f 000003c0 00000100 00000000
00:00:01.069040 Gst: 0000000d/0002  00000100 00000240 00000000 00000000
00:00:01.069040 Hst:                00000100 00000240 00000000 00000000
00:00:01.069041 Gst: 0000000d/0003  00000000 00000000 00000000 00000000
00:00:01.069042 Hst:                00000040 000003c0 00000000 00000000
00:00:01.069042 Gst: 0000000d/0004  00000000 00000000 00000000 00000000
00:00:01.069043 Hst:                00000040 00000400 00000000 00000000
00:00:01.069043 Gst: 0000000d/0005  00000000 00000000 00000000 00000000
00:00:01.069044 Hst:                00000000 00000000 00000000 00000000
00:00:01.069044 Gst: 0000000d/0006  00000000 00000000 00000000 00000000
00:00:01.069045 Hst:                00000000 00000000 00000000 00000000
00:00:01.069045 Gst: 0000000d/0007  00000000 00000000 00000000 00000000
00:00:01.069046 Hst:                00000000 00000000 00000000 00000000
00:00:01.069046 Gst: 0000000d/0008  00000000 00000000 00000000 00000000
00:00:01.069047 Hst:                00000080 00000000 00000001 00000000
00:00:01.069047 Gst: 0000000d/0009  00000000 00000000 00000000 00000000
00:00:01.069048 Hst:                00000000 00000000 00000000 00000000
00:00:01.069066 Gst: 0000000e/0000  00000000 00000000 00000000 00000000
00:00:01.069066 Hst:                00000000 00000000 00000000 00000000
00:00:01.069067 Gst: 0000000f/0000  00000000 00000000 00000000 00000000
00:00:01.069067 Hst:                00000000 00000000 00000000 00000000
00:00:01.069068 Gst: 00000010/0000  00000000 00000000 00000000 00000000
00:00:01.069068 Hst:                00000000 00000000 00000000 00000000
00:00:01.069069 Gst: 00000011/0000  00000000 00000000 00000000 00000000
00:00:01.069070 Hst:                00000000 00000000 00000000 00000000
00:00:01.069070 Gst: 00000012/0000  00000000 00000000 00000000 00000000
00:00:01.069071 Hst:                00000000 00000000 00000000 00000000
00:00:01.069071 Gst: 00000013/0000  00000000 00000000 00000000 00000000
00:00:01.069072 Hst:                00000000 00000000 00000000 00000000
00:00:01.069072 Gst: 00000014/0000  00000000 00000000 00000000 00000000
00:00:01.069073 Hst:                00000001 0000000f 00000007 00000000
00:00:01.069073 Hst: 00000015/0000  00000002 000000d0 00000000 00000000
00:00:01.069074 Hst: 00000016/0000  000009c4 00000dac 00000064 00000000
00:00:01.069075                                Name: GenuineIntel
00:00:01.069076                            Supports: 0x00000000-0x00000016
00:00:01.069077                              Family:  6 	Extended: 0 	Effective: 6
00:00:01.069078                               Model: 14 	Extended: 9 	Effective: 158
00:00:01.069079                            Stepping: 9
00:00:01.069080                                Type: 0 (primary)
00:00:01.069081                             APIC ID: 0x00
00:00:01.069081                        Logical CPUs: 1
00:00:01.069082                        CLFLUSH Size: 8
00:00:01.069083                            Brand ID: 0x00
00:00:01.069083 Features
00:00:01.069084   Mnemonic - Description                                  = guest (host)
00:00:01.069084   FPU - x87 FPU on Chip                                   = 1 (1)
00:00:01.069086   VME - Virtual 8086 Mode Enhancements                    = 1 (1)
00:00:01.069086   DE - Debugging extensions                               = 1 (1)
00:00:01.069087   PSE - Page Size Extension                               = 1 (1)
00:00:01.069088   TSC - Time Stamp Counter                                = 1 (1)
00:00:01.069089   MSR - Model Specific Registers                          = 1 (1)
00:00:01.069090   PAE - Physical Address Extension                        = 1 (1)
00:00:01.069090   MCE - Machine Check Exception                           = 1 (1)
00:00:01.069091   CX8 - CMPXCHG8B instruction                             = 1 (1)
00:00:01.069092   APIC - APIC On-Chip                                     = 1 (1)
00:00:01.069093   SEP - SYSENTER and SYSEXIT Present                      = 1 (1)
00:00:01.069093   MTRR - Memory Type Range Registers                      = 1 (1)
00:00:01.069094   PGE - PTE Global Bit                                    = 1 (1)
00:00:01.069095   MCA - Machine Check Architecture                        = 1 (1)
00:00:01.069096   CMOV - Conditional Move instructions                    = 1 (1)
00:00:01.069096   PAT - Page Attribute Table                              = 1 (1)
00:00:01.069097   PSE-36 - 36-bit Page Size Extension                     = 1 (1)
00:00:01.069098   PSN - Processor Serial Number                           = 0 (0)
00:00:01.069099   CLFSH - CLFLUSH instruction                             = 1 (1)
00:00:01.069099   DS - Debug Store                                        = 0 (1)
00:00:01.069100   ACPI - Thermal Mon. & Soft. Clock Ctrl.                 = 0 (1)
00:00:01.069101   MMX - Intel MMX Technology                              = 1 (1)
00:00:01.069102   FXSR - FXSAVE and FXRSTOR instructions                  = 1 (1)
00:00:01.069102   SSE - SSE support                                       = 1 (1)
00:00:01.069103   SSE2 - SSE2 support                                     = 1 (1)
00:00:01.069104   SS - Self Snoop                                         = 0 (1)
00:00:01.069105   HTT - Hyper-Threading Technology                        = 1 (1)
00:00:01.069106   TM - Therm. Monitor                                     = 0 (1)
00:00:01.069106   PBE - Pending Break Enabled                             = 0 (1)
00:00:01.069107   SSE3 - SSE3 support                                     = 1 (1)
00:00:01.069108   PCLMUL - PCLMULQDQ support (for AES-GCM)                = 1 (1)
00:00:01.069109   DTES64 - DS Area 64-bit Layout                          = 0 (1)
00:00:01.069110   MONITOR - MONITOR/MWAIT instructions                    = 1 (1)
00:00:01.069110   CPL-DS - CPL Qualified Debug Store                      = 0 (1)
00:00:01.069111   VMX - Virtual Machine Extensions                        = 0 (1)
00:00:01.069112   SMX - Safer Mode Extensions                             = 0 (0)
00:00:01.069112   EST - Enhanced SpeedStep Technology                     = 0 (1)
00:00:01.069113   TM2 - Terminal Monitor 2                                = 0 (1)
00:00:01.069114   SSSE3 - Supplemental Streaming SIMD Extensions 3        = 1 (1)
00:00:01.069115   CNTX-ID - L1 Context ID                                 = 0 (0)
00:00:01.069115   SDBG - Silicon Debug interface                          = 0 (1)
00:00:01.069116   FMA - Fused Multiply Add extensions                     = 0 (1)
00:00:01.069117   CX16 - CMPXCHG16B instruction                           = 1 (1)
00:00:01.069118   TPRUPDATE - xTPR Update Control                         = 0 (1)
00:00:01.069118   PDCM - Perf/Debug Capability MSR                        = 0 (1)
00:00:01.069119   PCID - Process Context Identifiers                      = 1 (1)
00:00:01.069120   DCA - Direct Cache Access                               = 0 (0)
00:00:01.069121   SSE4_1 - SSE4_1 support                                 = 1 (1)
00:00:01.069121   SSE4_2 - SSE4_2 support                                 = 1 (1)
00:00:01.069122   X2APIC - x2APIC support                                 = 1 (1)
00:00:01.069123   MOVBE - MOVBE instruction                               = 1 (1)
00:00:01.069124   POPCNT - POPCNT instruction                             = 1 (1)
00:00:01.069125   TSCDEADL - Time Stamp Counter Deadline                  = 0 (1)
00:00:01.069125   AES - AES instructions                                  = 1 (1)
00:00:01.069126   XSAVE - XSAVE instruction                               = 1 (1)
00:00:01.069127   OSXSAVE - OSXSAVE instruction                           = 0 (1)
00:00:01.069128   AVX - AVX support                                       = 1 (1)
00:00:01.069129   F16C - 16-bit floating point conversion instructions    = 0 (1)
00:00:01.069129   RDRAND - RDRAND instruction                             = 1 (1)
00:00:01.069130   HVP - Hypervisor Present (we're a guest)                = 1 (0)
00:00:01.069131 Structured Extended Feature Flags Enumeration (leaf 7):
00:00:01.069131   Mnemonic - Description                                  = guest (host)
00:00:01.069131   FSGSBASE - RDFSBASE/RDGSBASE/WRFSBASE/WRGSBASE instr.   = 1 (1)
00:00:01.069132   TSCADJUST - Supports MSR_IA32_TSC_ADJUST                = 0 (1)
00:00:01.069133   SGX - Supports Software Guard Extensions                = 0 (1)
00:00:01.069133   BMI1 - Advanced Bit Manipulation extension 1            = 0 (1)
00:00:01.069134   HLE - Hardware Lock Elision                             = 0 (0)
00:00:01.069135   AVX2 - Advanced Vector Extensions 2                     = 1 (1)
00:00:01.069135   FDP_EXCPTN_ONLY - FPU DP only updated on exceptions     = 0 (0)
00:00:01.069136   SMEP - Supervisor Mode Execution Prevention             = 0 (1)
00:00:01.069136   BMI2 - Advanced Bit Manipulation extension 2            = 0 (1)
00:00:01.069137   ERMS - Enhanced REP MOVSB/STOSB instructions            = 0 (1)
00:00:01.069138   INVPCID - INVPCID instruction                           = 1 (1)
00:00:01.069138   RTM - Restricted Transactional Memory                   = 0 (0)
00:00:01.069139   PQM - Platform Quality of Service Monitoring            = 0 (0)
00:00:01.069140   DEPFPU_CS_DS - Deprecates FPU CS, FPU DS values if set  = 1 (1)
00:00:01.069140   MPE - Intel Memory Protection Extensions                = 0 (1)
00:00:01.069141   PQE - Platform Quality of Service Enforcement           = 0 (0)
00:00:01.069141   AVX512F - AVX512 Foundation instructions                = 0 (0)
00:00:01.069142   RDSEED - RDSEED instruction                             = 1 (1)
00:00:01.069143   ADX - ADCX/ADOX instructions                            = 0 (1)
00:00:01.069143   SMAP - Supervisor Mode Access Prevention                = 0 (1)
00:00:01.069144   CLFLUSHOPT - CLFLUSHOPT (Cache Line Flush) instruction  = 1 (1)
00:00:01.069145   INTEL_PT - Intel Processor Trace                        = 0 (1)
00:00:01.069145   AVX512PF - AVX512 Prefetch instructions                 = 0 (0)
00:00:01.069146   AVX512ER - AVX512 Exponential & Reciprocal instructions = 0 (0)
00:00:01.069147   AVX512CD - AVX512 Conflict Detection instructions       = 0 (0)
00:00:01.069147   SHA - Secure Hash Algorithm extensions                  = 0 (0)
00:00:01.069148   PREFETCHWT1 - PREFETCHWT1 instruction                   = 0 (0)
00:00:01.069149   UMIP - User mode insturction prevention                 = 0 (0)
00:00:01.069149   PKU - Protection Key for Usermode pages                 = 0 (0)
00:00:01.069150   OSPKE - CR4.PKU mirror                                  = 0 (0)
00:00:01.069151   MAWAU - Value used by BNDLDX & BNDSTX                   = 0x0 (0x0)
00:00:01.069152   RDPID - Read processor ID support                       = 0 (0)
00:00:01.069152   SGX_LC - Supports SGX Launch Configuration              = 0 (0)
00:00:01.069153    9 - Reserved                                           = 0 (1)
00:00:01.069154   MD_CLEAR - Supports MDS related buffer clearing         = 1 (1)
00:00:01.069155   11 - Reserved                                           = 0 (1)
00:00:01.069156   13 - Reserved                                           = 0 (1)
00:00:01.069156   IBRS_IBPB - IA32_SPEC_CTRL.IBRS and IA32_PRED_CMD.IBPB  = 0 (1)
00:00:01.069157   STIBP - Supports IA32_SPEC_CTRL.STIBP                   = 0 (1)
00:00:01.069158   FLUSH_CMD - Supports IA32_FLUSH_CMD                     = 1 (1)
00:00:01.069158   ARCHCAP - Supports IA32_ARCH_CAP                        = 0 (0)
00:00:01.069159   CORECAP - Supports IA32_CORE_CAP                        = 0 (0)
00:00:01.069160   SSBD - Supports IA32_SPEC_CTRL.SSBD                     = 0 (1)
00:00:01.069161 Processor Extended State Enumeration (leaf 0xd):
00:00:01.069161    XSAVE area cur/max size by XCR0, guest: 0x340/0x340
00:00:01.069162     XSAVE area cur/max size by XCR0, host: 0x440/0x440
00:00:01.069162                    Valid XCR0 bits, guest: 0x00000000`00000007 ( x87 SSE YMM_Hi128 )
00:00:01.069164                     Valid XCR0 bits, host: 0x00000000`0000001f ( x87 SSE YMM_Hi128 BNDREGS BNDCSR )
00:00:01.069166                     XSAVE features, guest:
00:00:01.069166                      XSAVE features, host: XSAVEOPT XSAVEC XGETBC1 XSAVES
00:00:01.069167       XSAVE area cur size XCR0|XSS, guest: 0x3c0
00:00:01.069168        XSAVE area cur size XCR0|XSS, host: 0x3c0
00:00:01.069168                Valid IA32_XSS bits, guest: 0x00000000`00000000
00:00:01.069169                 Valid IA32_XSS bits, host: 0x00000100`00000000 ( 40 )
00:00:01.069170   State #2, guest: off=0x0240, cb=0x0100 IA32_XSS-bit -- YMM_Hi128
00:00:01.069172   State #2, host:  off=0x0240, cb=0x0100 IA32_XSS-bit -- YMM_Hi128
00:00:01.069173   State #3, host:  off=0x03c0, cb=0x0040 IA32_XSS-bit -- BNDREGS
00:00:01.069174   State #4, host:  off=0x0400, cb=0x0040 IA32_XSS-bit -- BNDCSR
00:00:01.069175   State #8, host:  off=0x0000, cb=0x0080 XCR0-bit -- 8
00:00:01.069184          Unknown CPUID Leaves
00:00:01.069185      Leaf/sub-leaf  eax      ebx      ecx      edx
00:00:01.069185 Gst: 00000014/0001  00000000 00000000 00000000 00000000
00:00:01.069186 Hst:                02490002 003f3fff 00000000 00000000
00:00:01.069187 Gst: 00000014/0002  00000000 00000000 00000000 00000000
00:00:01.069187 Hst:                00000000 00000000 00000000 00000000
00:00:01.069188 Gst: 00000015/0000  00000000 00000000 00000000 00000000
00:00:01.069188 Hst:                00000002 000000d0 00000000 00000000
00:00:01.069189 Gst: 00000016/0000  00000000 00000000 00000000 00000000
00:00:01.069190 Hst:                000009c4 00000dac 00000064 00000000
00:00:01.069190          Raw Hypervisor CPUID Leaves
00:00:01.069191      Leaf/sub-leaf  eax      ebx      ecx      edx
00:00:01.069191 Gst: 40000000/0000  40000001 4b4d564b 564b4d56 0000004d
00:00:01.069192 Hst:                000009c4 00000dac 00000064 00000000
00:00:01.069193 Gst: 40000001/0000  01000089 00000000 00000000 00000000
00:00:01.069194 Hst:                000009c4 00000dac 00000064 00000000
00:00:01.069195          Raw Extended CPUID Leaves
00:00:01.069195      Leaf/sub-leaf  eax      ebx      ecx      edx
00:00:01.069195 Gst: 80000000/0000  80000008 00000000 00000000 00000000
00:00:01.069196 Hst:                80000008 00000000 00000000 00000000
00:00:01.069197 Gst: 80000001/0000  00000000 00000000 00000121 28100800
00:00:01.069197 Hst:                00000000 00000000 00000121 2c100800
00:00:01.069198 Gst: 80000002/0000  65746e49 2952286c 726f4320 4d542865
00:00:01.069199 Hst:                65746e49 2952286c 726f4320 4d542865
00:00:01.069200 Gst: 80000003/0000  35692029 3033372d 20514830 20555043
00:00:01.069201 Hst:                35692029 3033372d 20514830 20555043
00:00:01.069202 Gst: 80000004/0000  2e322040 48473035 0000007a 00000000
00:00:01.069203 Hst:                2e322040 48473035 0000007a 00000000
00:00:01.069204 Gst: 80000005/0000  00000000 00000000 00000000 00000000
00:00:01.069204 Hst:                00000000 00000000 00000000 00000000
00:00:01.069205 Gst: 80000006/0000  00000000 00000000 01006040 00000000
00:00:01.069206 Hst:                00000000 00000000 01006040 00000000
00:00:01.069206 Gst: 80000007/0000  00000000 00000000 00000000 00000100
00:00:01.069207 Hst:                00000000 00000000 00000000 00000100
00:00:01.069207 Gst: 80000008/0000  00003027 00000000 00000000 00000000
00:00:01.069208 Hst:                00003027 00000000 00000000 00000000
00:00:01.069209 Ext Name:                        
00:00:01.069209 Ext Supports:                    0x80000000-0x80000008
00:00:01.069210 Family:                          0  	Extended: 0 	Effective: 0
00:00:01.069210 Model:                           0  	Extended: 0 	Effective: 0
00:00:01.069210 Stepping:                        0
00:00:01.069211 Brand ID:                        0x000
00:00:01.069211 Ext Features
00:00:01.069212   Mnemonic - Description                                  = guest (host)
00:00:01.069212   FPU - x87 FPU on Chip                                   = 0 (0)
00:00:01.069213   VME - Virtual 8086 Mode Enhancements                    = 0 (0)
00:00:01.069213   DE - Debugging extensions                               = 0 (0)
00:00:01.069214   PSE - Page Size Extension                               = 0 (0)
00:00:01.069215   TSC - Time Stamp Counter                                = 0 (0)
00:00:01.069216   MSR - K86 Model Specific Registers                      = 0 (0)
00:00:01.069216   PAE - Physical Address Extension                        = 0 (0)
00:00:01.069217   MCE - Machine Check Exception                           = 0 (0)
00:00:01.069218   CX8 - CMPXCHG8B instruction                             = 0 (0)
00:00:01.069219   APIC - APIC On-Chip                                     = 0 (0)
00:00:01.069219   SEP - SYSCALL/SYSRET                                    = 1 (1)
00:00:01.069220   MTRR - Memory Type Range Registers                      = 0 (0)
00:00:01.069221   PGE - PTE Global Bit                                    = 0 (0)
00:00:01.069222   MCA - Machine Check Architecture                        = 0 (0)
00:00:01.069222   CMOV - Conditional Move instructions                    = 0 (0)
00:00:01.069223   PAT - Page Attribute Table                              = 0 (0)
00:00:01.069224   PSE-36 - 36-bit Page Size Extension                     = 0 (0)
00:00:01.069225   NX - No-Execute/Execute-Disable                         = 1 (1)
00:00:01.069225   AXMMX - AMD Extensions to MMX instructions              = 0 (0)
00:00:01.069226   MMX - Intel MMX Technology                              = 0 (0)
00:00:01.069227   FXSR - FXSAVE and FXRSTOR Instructions                  = 0 (0)
00:00:01.069227   FFXSR - AMD fast FXSAVE and FXRSTOR instructions        = 0 (0)
00:00:01.069228   Page1GB - 1 GB large page                               = 0 (1)
00:00:01.069229   RDTSCP - RDTSCP instruction                             = 1 (1)
00:00:01.069230   LM - AMD64 Long Mode                                    = 1 (1)
00:00:01.069230   3DNOWEXT - AMD Extensions to 3DNow                      = 0 (0)
00:00:01.069231   3DNOW - AMD 3DNow                                       = 0 (0)
00:00:01.069232   LahfSahf - LAHF/SAHF support in 64-bit mode             = 1 (1)
00:00:01.069233   CmpLegacy - Core multi-processing legacy mode           = 0 (0)
00:00:01.069233   SVM - AMD Secure Virtual Machine extensions             = 0 (0)
00:00:01.069234   EXTAPIC - AMD Extended APIC registers                   = 0 (0)
00:00:01.069235   CR8L - AMD LOCK MOV CR0 means MOV CR8                   = 0 (0)
00:00:01.069235   ABM - AMD Advanced Bit Manipulation                     = 1 (1)
00:00:01.069236   SSE4A - SSE4A instructions                              = 0 (0)
00:00:01.069237   MISALIGNSSE - AMD Misaligned SSE mode                   = 0 (0)
00:00:01.069237   3DNOWPRF - AMD PREFETCH and PREFETCHW instructions      = 1 (1)
00:00:01.069238   OSVW - AMD OS Visible Workaround                        = 0 (0)
00:00:01.069239   IBS - Instruct Based Sampling                           = 0 (0)
00:00:01.069239   XOP - Extended Operation support                        = 0 (0)
00:00:01.069240   SKINIT - SKINIT, STGI, and DEV support                  = 0 (0)
00:00:01.069241   WDT - AMD Watchdog Timer support                        = 0 (0)
00:00:01.069241   LWP - Lightweight Profiling support                     = 0 (0)
00:00:01.069242   FMA4 - Four operand FMA instruction support             = 0 (0)
00:00:01.069243   NodeId - NodeId in MSR C001_100C                        = 0 (0)
00:00:01.069243   TBM - Trailing Bit Manipulation instructions            = 0 (0)
00:00:01.069244   TOPOEXT - Topology Extensions                           = 0 (0)
00:00:01.069245   PRFEXTCORE - Performance Counter Extensions support     = 0 (0)
00:00:01.069245   PRFEXTNB - NB Performance Counter Extensions support    = 0 (0)
00:00:01.069246   DATABPEXT - Data-access Breakpoint Extension            = 0 (0)
00:00:01.069246   PERFTSC - Performance Time Stamp Counter                = 0 (0)
00:00:01.069247   PCX_L2I - L2I/L3 Performance Counter Extensions         = 0 (0)
00:00:01.069248   MWAITX - MWAITX and MONITORX instructions               = 0 (0)
00:00:01.069248 Full Name:                       "Intel(R) Core(TM) i5-7300HQ CPU @ 2.50GHz"
00:00:01.069249 TLB 2/4M Instr/Uni:              res0     0 entries
00:00:01.069249 TLB 2/4M Data:                   res0     0 entries
00:00:01.069250 TLB 4K Instr/Uni:                res0     0 entries
00:00:01.069250 TLB 4K Data:                     res0     0 entries
00:00:01.069251 L1 Instr Cache Line Size:        0 bytes
00:00:01.069251 L1 Instr Cache Lines Per Tag:    0
00:00:01.069251 L1 Instr Cache Associativity:    res0  
00:00:01.069252 L1 Instr Cache Size:             0 KB
00:00:01.069252 L1 Data Cache Line Size:         0 bytes
00:00:01.069252 L1 Data Cache Lines Per Tag:     0
00:00:01.069252 L1 Data Cache Associativity:     res0  
00:00:01.069253 L1 Data Cache Size:              0 KB
00:00:01.069253 L2 TLB 2/4M Instr/Uni:           off       0 entries
00:00:01.069254 L2 TLB 2/4M Data:                off       0 entries
00:00:01.069254 L2 TLB 4K Instr/Uni:             off       0 entries
00:00:01.069254 L2 TLB 4K Data:                  off       0 entries
00:00:01.069255 L2 Cache Line Size:              0 bytes
00:00:01.069255 L2 Cache Lines Per Tag:          0
00:00:01.069255 L2 Cache Associativity:          off   
00:00:01.069255 L2 Cache Size:                   0 KB
00:00:01.069256   TS - Temperature Sensor                                 = 0 (0)
00:00:01.069257   FID - Frequency ID control                              = 0 (0)
00:00:01.069258   VID - Voltage ID control                                = 0 (0)
00:00:01.069258   TscInvariant - Invariant Time Stamp Counter             = 1 (1)
00:00:01.069259   CBP - Core Performance Boost                            = 0 (0)
00:00:01.069260   EffFreqRO - Read-only Effective Frequency Interface     = 0 (0)
00:00:01.069260   ProcFdbkIf - Processor Feedback Interface               = 0 (0)
00:00:01.069261   ProcPwrRep - Core power reporting interface support     = 0 (0)
00:00:01.069262 Physical Address Width:          39 bits
00:00:01.069262 Virtual Address Width:           48 bits
00:00:01.069262 Guest Physical Address Width:    0 bits
00:00:01.069263 Physical Core Count:             1
00:00:01.069264 
00:00:01.069265 ******************** End of CPUID dump **********************
00:00:01.069265 *********************** VT-x features ***********************
00:00:01.069266 Nested hardware virtualization - VMX features
00:00:01.069266   Mnemonic - Description                                  = guest (host)
00:00:01.069266   VMX - Virtual-Machine Extensions                        = 0 (1)
00:00:01.069267   InsOutInfo - INS/OUTS instruction info.                 = 0 (1)
00:00:01.069267   ExtIntExit - External interrupt exiting                 = 0 (1)
00:00:01.069268   NmiExit - NMI exiting                                   = 0 (1)
00:00:01.069268   VirtNmi - Virtual NMIs                                  = 0 (1)
00:00:01.069268   PreemptTimer - VMX preemption timer                     = 0 (1)
00:00:01.069269   PostedInt - Posted interrupts                           = 0 (0)
00:00:01.069269   IntWindowExit - Interrupt-window exiting                = 0 (1)
00:00:01.069269   TscOffsetting - TSC offsetting                          = 0 (1)
00:00:01.069270   HltExit - HLT exiting                                   = 0 (1)
00:00:01.069270   InvlpgExit - INVLPG exiting                             = 0 (1)
00:00:01.069271   MwaitExit - MWAIT exiting                               = 0 (1)
00:00:01.069271   RdpmcExit - RDPMC exiting                               = 0 (1)
00:00:01.069271   RdtscExit - RDTSC exiting                               = 0 (1)
00:00:01.069272   Cr3LoadExit - CR3-load exiting                          = 0 (1)
00:00:01.069272   Cr3StoreExit - CR3-store exiting                        = 0 (1)
00:00:01.069272   Cr8LoadExit  - CR8-load exiting                         = 0 (1)
00:00:01.069273   Cr8StoreExit - CR8-store exiting                        = 0 (1)
00:00:01.069273   UseTprShadow - Use TPR shadow                           = 0 (1)
00:00:01.069274   NmiWindowExit - NMI-window exiting                      = 0 (1)
00:00:01.069274   MovDRxExit - Mov-DR exiting                             = 0 (1)
00:00:01.069274   UncondIoExit - Unconditional I/O exiting                = 0 (1)
00:00:01.069275   UseIoBitmaps - Use I/O bitmaps                          = 0 (1)
00:00:01.069275   MonitorTrapFlag - Monitor Trap Flag                     = 0 (1)
00:00:01.069275   UseMsrBitmaps - MSR bitmaps                             = 0 (1)
00:00:01.069276   MonitorExit - MONITOR exiting                           = 0 (1)
00:00:01.069276   PauseExit - PAUSE exiting                               = 0 (1)
00:00:01.069277   SecondaryExecCtl - Activate secondary controls          = 0 (1)
00:00:01.069277   VirtApic - Virtualize-APIC accesses                     = 0 (1)
00:00:01.069277   Ept - Extended Page Tables                              = 0 (1)
00:00:01.069278   DescTableExit - Descriptor-table exiting                = 0 (1)
00:00:01.069278   Rdtscp - Enable RDTSCP                                  = 0 (1)
00:00:01.069279   VirtX2ApicMode - Virtualize-x2APIC mode                 = 0 (1)
00:00:01.069279   Vpid - Enable VPID                                      = 0 (1)
00:00:01.069279   WbinvdExit - WBINVD exiting                             = 0 (1)
00:00:01.069280   UnrestrictedGuest - Unrestricted guest                  = 0 (1)
00:00:01.069280   ApicRegVirt - APIC-register virtualization              = 0 (0)
00:00:01.069280   VirtIntDelivery - Virtual-interrupt delivery            = 0 (0)
00:00:01.069281   PauseLoopExit - PAUSE-loop exiting                      = 0 (1)
00:00:01.069281   RdrandExit - RDRAND exiting                             = 0 (1)
00:00:01.069282   Invpcid - Enable INVPCID                                = 0 (1)
00:00:01.069282   VmFuncs - Enable VM Functions                           = 0 (1)
00:00:01.069282   VmcsShadowing - VMCS shadowing                          = 0 (0)
00:00:01.069283   RdseedExiting - RDSEED exiting                          = 0 (1)
00:00:01.069283   PML - Page-Modification Log (PML)                       = 0 (1)
00:00:01.069284   EptVe - EPT violations can cause #VE                    = 0 (1)
00:00:01.069284   XsavesXRstors - Enable XSAVES/XRSTORS                   = 0 (1)
00:00:01.069284   EntryLoadDebugCtls - Load debug controls on VM-entry    = 0 (1)
00:00:01.069285   Ia32eModeGuest - IA-32e mode guest                      = 0 (1)
00:00:01.069285   EntryLoadEferMsr - Load IA32_EFER MSR on VM-entry       = 0 (1)
00:00:01.069285   EntryLoadPatMsr - Load IA32_PAT MSR on VM-entry         = 0 (1)
00:00:01.069286   ExitSaveDebugCtls - Save debug controls on VM-exit      = 0 (1)
00:00:01.069286   HostAddrSpaceSize - Host address-space size             = 0 (1)
00:00:01.069286   ExitAckExtInt - Acknowledge interrupt on VM-exit        = 0 (1)
00:00:01.069287   ExitSavePatMsr - Save IA32_PAT MSR on VM-exit           = 0 (1)
00:00:01.069287   ExitLoadPatMsr - Load IA32_PAT MSR on VM-exit           = 0 (1)
00:00:01.069288   ExitSaveEferMsr - Save IA32_EFER MSR on VM-exit         = 0 (1)
00:00:01.069288   ExitLoadEferMsr - Load IA32_EFER MSR on VM-exit         = 0 (1)
00:00:01.069288   SavePreemptTimer - Save VMX-preemption timer            = 0 (1)
00:00:01.069289   ExitSaveEferLma - Save IA32_EFER.LMA on VM-exit         = 0 (1)
00:00:01.069289   IntelPt - Intel PT (Processor Trace) in VMX operation   = 0 (1)
00:00:01.069289   VmwriteAll - VMWRITE to any supported VMCS field        = 0 (1)
00:00:01.069290   EntryInjectSoftInt - Inject softint. with 0-len instr.  = 0 (1)
00:00:01.069290 
00:00:01.069291 ******************* End of VT-x features ********************
00:00:01.069305 VMEmt: Halt method global1 (5)
00:00:01.069326 VMEmt: HaltedGlobal1 config: cNsSpinBlockThresholdCfg=2000
00:00:01.069330 Changing the VM state from 'CREATING' to 'CREATED'
00:00:01.072279 Changing the VM state from 'CREATED' to 'POWERING_ON'
00:00:01.072310 AIOMgr: Endpoints without assigned bandwidth groups:
00:00:01.072313 AIOMgr:     /home/vamsi/Documents/Acads/Sem 7/Computer Networks/Lab/Lab1/lab1_network/VMImages/h3/Snapshots/{02ffefb6-eda2-4ed4-8873-dda50f8bdeb1}.vdi
00:00:01.072315 AIOMgr:     /home/vamsi/Documents/Acads/Sem 7/Computer Networks/Lab/Lab1/lab1_network/VMImages/base/Snapshots/{ca230307-de07-4ee1-b500-8daa8ed4ebc4}.vdi
00:00:01.072317 AIOMgr:     /home/vamsi/Documents/Acads/Sem 7/Computer Networks/Lab/Lab1/lab1_network/VMImages/base/Snapshots/{8f83ab64-891d-4e29-8532-09d2e668c3dd}.vdi
00:00:01.072319 AIOMgr:     /home/vamsi/Documents/Acads/Sem 7/Computer Networks/Lab/Lab1/lab1_network/VMImages/base/base.vdi
00:00:01.073046 Changing the VM state from 'POWERING_ON' to 'RUNNING'
00:00:01.073053 Console: Machine state changed to 'Running'
00:00:01.073254 VBoxHeadless: starting event loop
00:00:01.074392 VMMDev: Guest Log: BIOS: VirtualBox 6.1.26
00:00:01.074444 PCI: Setting up resources and interrupts
00:00:01.074675 PIT: mode=2 count=0x10000 (65536) - 18.20 Hz (ch=0)
00:00:01.085467 Display::i_handleDisplayResize: uScreenId=0 pvVRAM=0000000000000000 w=720 h=400 bpp=0 cbLine=0x0 flags=0x0 origin=0,0
00:00:01.085750 VMMDev: Guest Log: CPUID EDX: 0x178bfbff
00:00:01.085799 PIIX3 ATA: Ctl#0: RESET, DevSel=0 AIOIf=0 CmdIf0=0x00 (-1 usec ago) CmdIf1=0x00 (-1 usec ago)
00:00:01.085844 PIIX3 ATA: Ctl#0: finished processing RESET
00:00:01.086666 AHCI#0: Reset the HBA
00:00:01.086671 VD#0: Cancelling all active requests
00:00:01.086710 AHCI#0: Port 0 reset
00:00:01.086753 VD#0: Cancelling all active requests
00:00:01.087233 VMMDev: Guest Log: BIOS: AHCI 0-P#0: PCHS=2212/16/63 LCHS=553/64/63 0x00000000002205c6 sectors
00:00:01.088246 PIT: mode=2 count=0x48d3 (18643) - 64.00 Hz (ch=0)
00:00:01.105813 Display::i_handleDisplayResize: uScreenId=0 pvVRAM=00007f18f923e000 w=640 h=480 bpp=32 cbLine=0xA00 flags=0x0 origin=0,0
00:00:03.564709 PIT: mode=2 count=0x10000 (65536) - 18.20 Hz (ch=0)
00:00:03.564909 VMMDev: Guest Log: BIOS: Boot : bseqnr=1, bootseq=0231
00:00:03.565066 VMMDev: Guest Log: BIOS: Boot from Floppy 0 failed
00:00:03.565240 VMMDev: Guest Log: BIOS: Boot : bseqnr=2, bootseq=0023
00:00:03.565624 VMMDev: Guest Log: BIOS: CDROM boot failure code : 0003
00:00:03.565765 VMMDev: Guest Log: BIOS: Boot from CD-ROM failed
00:00:03.565939 VMMDev: Guest Log: BIOS: Boot : bseqnr=3, bootseq=0002
00:00:03.622462 Display::i_handleDisplayResize: uScreenId=0 pvVRAM=0000000000000000 w=720 h=400 bpp=0 cbLine=0x0 flags=0x0 origin=0,0
00:00:03.671384 VMMDev: Guest Log: BIOS: Booting from Hard Disk...
00:00:04.807110 VMMDev: Guest Log: BIOS: KBD: unsupported int 16h function 03
00:00:04.807306 VMMDev: Guest Log: BIOS: AX=0305 BX=0000 CX=0000 DX=0000 
00:00:04.912736 GIM: KVM: VCPU  0: Enabled system-time struct. at 0x00000000008d1000 - u32TscScale=0xced053ee i8TscShift=-1 uVersion=2 fFlags=0x1 uTsc=0x23692d0aa uVirtNanoTS=0xe4db9a79 TscKHz=2475656
00:00:04.912756 TM: Switching TSC mode from 'Dynamic' to 'RealTscOffset'
00:00:04.935040 GIM: KVM: Enabled wall-clock struct. at 0x00000000008d0004 - u32Sec=1630218407 u32Nano=798714000 uVersion=2
00:00:04.942047 PIT: mode=2 count=0xf89 (3977) - 300.02 Hz (ch=0)
00:00:05.053158 PIT: mode=0 count=0x10000 (65536) - 18.20 Hz (ch=0)
00:00:05.123025 OHCI: Software reset
00:00:05.581686 AHCI#0: Reset the HBA
00:00:05.581702 VD#0: Cancelling all active requests
00:00:05.582244 AHCI#0: Port 0 reset
00:00:05.583225 OHCI: USB Reset
00:00:05.583512 PIIX3 ATA: Ctl#0: RESET, DevSel=0 AIOIf=0 CmdIf0=0xa0 (-1 usec ago) CmdIf1=0x00 (-1 usec ago)
00:00:05.583629 PIIX3 ATA: Ctl#0: finished processing RESET
00:01:20.813841 NAT: Old socket recv size: 128KB
00:01:20.813868 NAT: Old socket send size: 128KB
