00:00:00.014369 VirtualBox VM 6.1.26 r145957 linux.amd64 (Jul 28 2021 20:08:35) release log
00:00:00.014371 Log opened 2021-09-01T17:57:03.248652000Z
00:00:00.014372 Build Type: release
00:00:00.014375 OS Product: Linux
00:00:00.014376 OS Release: 5.4.0-81-generic
00:00:00.014377 OS Version: #91~18.04.1-Ubuntu SMP Fri Jul 23 13:36:29 UTC 2021
00:00:00.014397 DMI Product Name: Predator G9-593
00:00:00.014405 DMI Product Version: V1.13
00:00:00.014412 Firmware type: UEFI
00:00:00.015103 Secure Boot: Disabled
00:00:00.015166 Host RAM: 15952MB (15.5GB) total, 8846MB (8.6GB) available
00:00:00.015171 Executable: /usr/lib/virtualbox/VBoxHeadless
00:00:00.015171 Process ID: 16988
00:00:00.015172 Package type: LINUX_64BITS_UBUNTU_18_04
00:00:00.034032 Installed Extension Packs:
00:00:00.034032   None installed!
00:00:00.038762 Console: Machine state changed to 'Restoring'
00:00:00.053149 SUP: Opened VMMR0.r0 (/usr/lib/virtualbox/VMMR0.r0) at 0xXXXXXXXXXXXXXXXX.
00:00:00.056498 Guest OS type: 'Ubuntu_64'
00:00:00.059192 fHMForced=true - No raw-mode support in this build!
00:00:00.072361 File system of '/home/vamsi/Documents/Acads/Sem 7/Computer Networks/Lab/Lab2/lab2_network/VMImages/h4/Snapshots' (snapshots) is ext4
00:00:00.072375 File system of '/home/vamsi/Documents/Acads/Sem 7/Computer Networks/Lab/Lab2/lab2_network/VMImages/h4/Snapshots/{170081f4-e4b5-4d8a-9667-6e495138442b}.vdi' is ext4
00:00:00.102594 Shared Clipboard: Service loaded
00:00:00.102611 Shared Clipboard: Mode: Off
00:00:00.102692 Shared Clipboard: Service running in headless mode
00:00:00.103840 Drag and drop service loaded
00:00:00.103850 Drag and drop mode: Off
00:00:00.106074 ************************* CFGM dump *************************
00:00:00.106079 [/] (level 0)
00:00:00.106095   CpuExecutionCap   <integer> = 0x0000000000000064 (100)
00:00:00.106105   EnablePAE         <integer> = 0x0000000000000000 (0)
00:00:00.106107   HMEnabled         <integer> = 0x0000000000000001 (1)
00:00:00.106108   MemBalloonSize    <integer> = 0x0000000000000000 (0)
00:00:00.106109   Name              <string>  = "h4" (cb=3)
00:00:00.106110   NumCPUs           <integer> = 0x0000000000000001 (1)
00:00:00.106111   PageFusionAllowed <integer> = 0x0000000000000000 (0)
00:00:00.106112   RamHoleSize       <integer> = 0x0000000020000000 (536 870 912, 512 MB)
00:00:00.106115   RamSize           <integer> = 0x0000000040000000 (1 073 741 824, 1 024 MB)
00:00:00.106117   TimerMillies      <integer> = 0x000000000000000a (10)
00:00:00.106118   UUID              <bytes>   = "bf 23 8b b5 7a 33 e4 41 97 50 34 2e c0 6e d4 63" (cb=16)
00:00:00.106123 
00:00:00.106125 [/CPUM/] (level 1)
00:00:00.106126   GuestCpuName       <string>  = "host" (cb=5)
00:00:00.106127   NestedHWVirt       <integer> = 0x0000000000000000 (0)
00:00:00.106128   PortableCpuIdLevel <integer> = 0x0000000000000000 (0)
00:00:00.106129   SpecCtrl           <integer> = 0x0000000000000000 (0)
00:00:00.106130 
00:00:00.106131 [/CPUM/IsaExts/] (level 2)
00:00:00.106132 
00:00:00.106135 [/DBGC/] (level 1)
00:00:00.106136   GlobalInitScript <string>  = "/home/vamsi/.config/VirtualBox/dbgc-init" (cb=41)
00:00:00.106137   HistoryFile      <string>  = "/home/vamsi/.config/VirtualBox/dbgc-history" (cb=44)
00:00:00.106138   LocalInitScript  <string>  = "/home/vamsi/Documents/Acads/Sem 7/Computer Networks/Lab/Lab2/lab2_network/VMImages/h4/dbgc-init" (cb=96)
00:00:00.106139 
00:00:00.106139 [/DBGF/] (level 1)
00:00:00.106140   Path <string>  = "/home/vamsi/Documents/Acads/Sem 7/Computer Networks/Lab/Lab2/lab2_network/VMImages/h4/debug/;/home/vamsi/Documents/Acads/Sem 7/Computer Networks/Lab/Lab2/lab2_network/VMImages/h4/;cache*/home/vamsi/Documents/Acads/Sem 7/Computer Networks/Lab/Lab2/lab2_network/VMImages/h4/dbgcache/;/home/vamsi/" (cb=295)
00:00:00.106141 
00:00:00.106142 [/Devices/] (level 1)
00:00:00.106143 
00:00:00.106143 [/Devices/8237A/] (level 2)
00:00:00.106144 
00:00:00.106144 [/Devices/8237A/0/] (level 3)
00:00:00.106146   Trusted <integer> = 0x0000000000000001 (1)
00:00:00.106147 
00:00:00.106147 [/Devices/GIMDev/] (level 2)
00:00:00.106148 
00:00:00.106149 [/Devices/GIMDev/0/] (level 3)
00:00:00.106150   Trusted <integer> = 0x0000000000000001 (1)
00:00:00.106151 
00:00:00.106151 [/Devices/VMMDev/] (level 2)
00:00:00.106152 
00:00:00.106153 [/Devices/VMMDev/0/] (level 3)
00:00:00.106154   PCIBusNo      <integer> = 0x0000000000000000 (0)
00:00:00.106155   PCIDeviceNo   <integer> = 0x0000000000000004 (4)
00:00:00.106156   PCIFunctionNo <integer> = 0x0000000000000000 (0)
00:00:00.106157   Trusted       <integer> = 0x0000000000000001 (1)
00:00:00.106158 
00:00:00.106158 [/Devices/VMMDev/0/Config/] (level 4)
00:00:00.106160   GuestCoreDumpDir <string>  = "/home/vamsi/Documents/Acads/Sem 7/Computer Networks/Lab/Lab2/lab2_network/VMImages/h4/Snapshots" (cb=96)
00:00:00.106161 
00:00:00.106161 [/Devices/VMMDev/0/LUN#0/] (level 4)
00:00:00.106163   Driver <string>  = "HGCM" (cb=5)
00:00:00.106163 
00:00:00.106164 [/Devices/VMMDev/0/LUN#0/Config/] (level 5)
00:00:00.106165   Object <integer> = 0x00007f6054000b70 (140 051 702 877 040)
00:00:00.106168 
00:00:00.106168 [/Devices/VMMDev/0/LUN#999/] (level 4)
00:00:00.106169   Driver <string>  = "MainStatus" (cb=11)
00:00:00.106170 
00:00:00.106170 [/Devices/VMMDev/0/LUN#999/Config/] (level 5)
00:00:00.106172   First   <integer> = 0x0000000000000000 (0)
00:00:00.106173   Last    <integer> = 0x0000000000000000 (0)
00:00:00.106174   papLeds <integer> = 0x00007f60600028e8 (140 051 904 211 176)
00:00:00.106176 
00:00:00.106176 [/Devices/acpi/] (level 2)
00:00:00.106177 
00:00:00.106178 [/Devices/acpi/0/] (level 3)
00:00:00.106179   PCIBusNo      <integer> = 0x0000000000000000 (0)
00:00:00.106180   PCIDeviceNo   <integer> = 0x0000000000000007 (7)
00:00:00.106181   PCIFunctionNo <integer> = 0x0000000000000000 (0)
00:00:00.106182   Trusted       <integer> = 0x0000000000000001 (1)
00:00:00.106183 
00:00:00.106183 [/Devices/acpi/0/Config/] (level 4)
00:00:00.106185   CpuHotPlug          <integer> = 0x0000000000000000 (0)
00:00:00.106186   FdcEnabled          <integer> = 0x0000000000000000 (0)
00:00:00.106187   HostBusPciAddress   <integer> = 0x0000000000000000 (0)
00:00:00.106188   HpetEnabled         <integer> = 0x0000000000000000 (0)
00:00:00.106189   IOAPIC              <integer> = 0x0000000000000001 (1)
00:00:00.106190   IocPciAddress       <integer> = 0x0000000000010000 (65 536)
00:00:00.106191   NumCPUs             <integer> = 0x0000000000000001 (1)
00:00:00.106193   Parallel0IoPortBase <integer> = 0x0000000000000000 (0)
00:00:00.106193   Parallel0Irq        <integer> = 0x0000000000000000 (0)
00:00:00.106194   Parallel1IoPortBase <integer> = 0x0000000000000000 (0)
00:00:00.106195   Parallel1Irq        <integer> = 0x0000000000000000 (0)
00:00:00.106196   Serial0IoPortBase   <integer> = 0x0000000000000000 (0)
00:00:00.106197   Serial0Irq          <integer> = 0x0000000000000000 (0)
00:00:00.106198   Serial1IoPortBase   <integer> = 0x0000000000000000 (0)
00:00:00.106199   Serial1Irq          <integer> = 0x0000000000000000 (0)
00:00:00.106200   ShowCpu             <integer> = 0x0000000000000001 (1)
00:00:00.106201   ShowRtc             <integer> = 0x0000000000000000 (0)
00:00:00.106202   SmcEnabled          <integer> = 0x0000000000000000 (0)
00:00:00.106203 
00:00:00.106203 [/Devices/acpi/0/LUN#0/] (level 4)
00:00:00.106204   Driver <string>  = "ACPIHost" (cb=9)
00:00:00.106205 
00:00:00.106206 [/Devices/acpi/0/LUN#0/Config/] (level 5)
00:00:00.106207 
00:00:00.106207 [/Devices/ahci/] (level 2)
00:00:00.106209 
00:00:00.106209 [/Devices/ahci/0/] (level 3)
00:00:00.106210   PCIBusNo      <integer> = 0x0000000000000000 (0)
00:00:00.106211   PCIDeviceNo   <integer> = 0x000000000000000d (13)
00:00:00.106212   PCIFunctionNo <integer> = 0x0000000000000000 (0)
00:00:00.106213   Trusted       <integer> = 0x0000000000000001 (1)
00:00:00.106214 
00:00:00.106214 [/Devices/ahci/0/Config/] (level 4)
00:00:00.106216   Bootable  <integer> = 0x0000000000000001 (1)
00:00:00.106217   PortCount <integer> = 0x0000000000000001 (1)
00:00:00.106218 
00:00:00.106218 [/Devices/ahci/0/Config/Port0/] (level 5)
00:00:00.106220   Hotpluggable <integer> = 0x0000000000000000 (0)
00:00:00.106220 
00:00:00.106221 [/Devices/ahci/0/LUN#0/] (level 4)
00:00:00.106222   Driver <string>  = "VD" (cb=3)
00:00:00.106223 
00:00:00.106223 [/Devices/ahci/0/LUN#0/Config/] (level 5)
00:00:00.106226   BlockCache <integer> = 0x0000000000000001 (1)
00:00:00.106226   Format     <string>  = "VDI" (cb=4)
00:00:00.106227   Mountable  <integer> = 0x0000000000000000 (0)
00:00:00.106228   Path       <string>  = "/home/vamsi/Documents/Acads/Sem 7/Computer Networks/Lab/Lab2/lab2_network/VMImages/h4/Snapshots/{170081f4-e4b5-4d8a-9667-6e495138442b}.vdi" (cb=139)
00:00:00.106230   Type       <string>  = "HardDisk" (cb=9)
00:00:00.106230   UseNewIo   <integer> = 0x0000000000000001 (1)
00:00:00.106231 
00:00:00.106232 [/Devices/ahci/0/LUN#0/Config/Parent/] (level 6)
00:00:00.106233   Format <string>  = "VDI" (cb=4)
00:00:00.106234   Path   <string>  = "/home/vamsi/Documents/Acads/Sem 7/Computer Networks/Lab/Lab2/lab2_network/VMImages/base/Snapshots/{ccd6ab89-9973-43d9-b6e3-1bbb050f93f6}.vdi" (cb=141)
00:00:00.106235 
00:00:00.106235 [/Devices/ahci/0/LUN#0/Config/Parent/Parent/] (level 7)
00:00:00.106237   Format <string>  = "VDI" (cb=4)
00:00:00.106238   Path   <string>  = "/home/vamsi/Documents/Acads/Sem 7/Computer Networks/Lab/Lab2/lab2_network/VMImages/base/Snapshots/{ca230307-de07-4ee1-b500-8daa8ed4ebc4}.vdi" (cb=141)
00:00:00.106239 
00:00:00.106239 [/Devices/ahci/0/LUN#0/Config/Parent/Parent/Parent/] (level 8)
00:00:00.106241   Format <string>  = "VDI" (cb=4)
00:00:00.106242   Path   <string>  = "/home/vamsi/Documents/Acads/Sem 7/Computer Networks/Lab/Lab2/lab2_network/VMImages/base/Snapshots/{8f83ab64-891d-4e29-8532-09d2e668c3dd}.vdi" (cb=141)
00:00:00.106243 
00:00:00.106243 [/Devices/ahci/0/LUN#0/Config/Parent/Parent/Parent/Parent/] (level 9)
00:00:00.106245   Format <string>  = "VDI" (cb=4)
00:00:00.106246   Path   <string>  = "/home/vamsi/Documents/Acads/Sem 7/Computer Networks/Lab/Lab2/lab2_network/VMImages/base/base.vdi" (cb=97)
00:00:00.106247 
00:00:00.106247 [/Devices/ahci/0/LUN#0/Config/Parent/Parent/Parent/Parent/VDConfig/] (level 10)
00:00:00.106250   AllocationBlockSize <string>  = "1048576" (cb=8)
00:00:00.106250 
00:00:00.106251 [/Devices/ahci/0/LUN#0/Config/Parent/Parent/Parent/VDConfig/] (level 9)
00:00:00.106253   AllocationBlockSize <string>  = "1048576" (cb=8)
00:00:00.106254 
00:00:00.106254 [/Devices/ahci/0/LUN#0/Config/Parent/Parent/VDConfig/] (level 8)
00:00:00.106256   AllocationBlockSize <string>  = "1048576" (cb=8)
00:00:00.106257 
00:00:00.106257 [/Devices/ahci/0/LUN#0/Config/Parent/VDConfig/] (level 7)
00:00:00.106259   AllocationBlockSize <string>  = "1048576" (cb=8)
00:00:00.106259 
00:00:00.106260 [/Devices/ahci/0/LUN#0/Config/VDConfig/] (level 6)
00:00:00.106262   AllocationBlockSize <string>  = "1048576" (cb=8)
00:00:00.106262 
00:00:00.106263 [/Devices/ahci/0/LUN#999/] (level 4)
00:00:00.106264   Driver <string>  = "MainStatus" (cb=11)
00:00:00.106265 
00:00:00.106265 [/Devices/ahci/0/LUN#999/Config/] (level 5)
00:00:00.106267   DeviceInstance        <string>  = "ahci/0" (cb=7)
00:00:00.106268   First                 <integer> = 0x0000000000000000 (0)
00:00:00.106269   Last                  <integer> = 0x0000000000000000 (0)
00:00:00.106270   pConsole              <integer> = 0x00007f6060001510 (140 051 904 206 096)
00:00:00.106273   papLeds               <integer> = 0x00007f6060001cf0 (140 051 904 208 112)
00:00:00.106274   pmapMediumAttachments <integer> = 0x00007f6060002908 (140 051 904 211 208)
00:00:00.106276 
00:00:00.106277 [/Devices/apic/] (level 2)
00:00:00.106278 
00:00:00.106278 [/Devices/apic/0/] (level 3)
00:00:00.106280   Trusted <integer> = 0x0000000000000001 (1)
00:00:00.106281 
00:00:00.106281 [/Devices/apic/0/Config/] (level 4)
00:00:00.106282   IOAPIC  <integer> = 0x0000000000000001 (1)
00:00:00.106283   Mode    <integer> = 0x0000000000000003 (3)
00:00:00.106284   NumCPUs <integer> = 0x0000000000000001 (1)
00:00:00.106285 
00:00:00.106285 [/Devices/e1000/] (level 2)
00:00:00.106286 
00:00:00.106287 [/Devices/e1000/0/] (level 3)
00:00:00.106288   PCIBusNo      <integer> = 0x0000000000000000 (0)
00:00:00.106289   PCIDeviceNo   <integer> = 0x0000000000000003 (3)
00:00:00.106290   PCIFunctionNo <integer> = 0x0000000000000000 (0)
00:00:00.106291   Trusted       <integer> = 0x0000000000000001 (1)
00:00:00.106292 
00:00:00.106292 [/Devices/e1000/0/Config/] (level 4)
00:00:00.106293   AdapterType    <integer> = 0x0000000000000000 (0)
00:00:00.106294   CableConnected <integer> = 0x0000000000000001 (1)
00:00:00.106295   LineSpeed      <integer> = 0x0000000000000000 (0)
00:00:00.106296   MAC            <bytes>   = "08 00 27 0c 62 2b" (cb=6)
00:00:00.106298 
00:00:00.106298 [/Devices/e1000/0/LUN#0/] (level 4)
00:00:00.106300   Driver <string>  = "NAT" (cb=4)
00:00:00.106301 
00:00:00.106301 [/Devices/e1000/0/LUN#0/Config/] (level 5)
00:00:00.106303   AliasMode       <integer> = 0x0000000000000000 (0)
00:00:00.106304   BootFile        <string>  = "h4.pxe" (cb=7)
00:00:00.106305   DNSProxy        <integer> = 0x0000000000000000 (0)
00:00:00.106306   Network         <string>  = "10.0.2.0/24" (cb=12)
00:00:00.106307   PassDomain      <integer> = 0x0000000000000001 (1)
00:00:00.106307   TFTPPrefix      <string>  = "/home/vamsi/.config/VirtualBox/TFTP" (cb=36)
00:00:00.106308   UseHostResolver <integer> = 0x0000000000000000 (0)
00:00:00.106309 
00:00:00.106310 [/Devices/e1000/0/LUN#0/Config/PortForwarding/] (level 6)
00:00:00.106311 
00:00:00.106312 [/Devices/e1000/0/LUN#0/Config/PortForwarding/0/] (level 7)
00:00:00.106314   GuestPort <integer> = 0x0000000000000016 (22)
00:00:00.106315   HostPort  <integer> = 0x00000000000038a8 (14 504)
00:00:00.106316   Name      <string>  = "ssh" (cb=4)
00:00:00.106317   Protocol  <string>  = "TCP" (cb=4)
00:00:00.106317 
00:00:00.106318 [/Devices/e1000/0/LUN#999/] (level 4)
00:00:00.106319   Driver <string>  = "MainStatus" (cb=11)
00:00:00.106320 
00:00:00.106320 [/Devices/e1000/0/LUN#999/Config/] (level 5)
00:00:00.106322   First   <integer> = 0x0000000000000000 (0)
00:00:00.106323   Last    <integer> = 0x0000000000000000 (0)
00:00:00.106324   papLeds <integer> = 0x00007f60600027c8 (140 051 904 210 888)
00:00:00.106325 
00:00:00.106326 [/Devices/e1000/1/] (level 3)
00:00:00.106327   PCIBusNo      <integer> = 0x0000000000000000 (0)
00:00:00.106328   PCIDeviceNo   <integer> = 0x0000000000000008 (8)
00:00:00.106329   PCIFunctionNo <integer> = 0x0000000000000000 (0)
00:00:00.106330   Trusted       <integer> = 0x0000000000000001 (1)
00:00:00.106331 
00:00:00.106331 [/Devices/e1000/1/Config/] (level 4)
00:00:00.106332   AdapterType    <integer> = 0x0000000000000000 (0)
00:00:00.106333   CableConnected <integer> = 0x0000000000000001 (1)
00:00:00.106334   LineSpeed      <integer> = 0x0000000000000000 (0)
00:00:00.106335   MAC            <bytes>   = "08 00 27 7f 48 c9" (cb=6)
00:00:00.106337 
00:00:00.106337 [/Devices/e1000/1/LUN#0/] (level 4)
00:00:00.106338   Driver <string>  = "IntNet" (cb=7)
00:00:00.106339 
00:00:00.106339 [/Devices/e1000/1/LUN#0/Config/] (level 5)
00:00:00.106341   IfPolicyPromisc <string>  = "deny" (cb=5)
00:00:00.106342   Network         <string>  = "intnet2" (cb=8)
00:00:00.106343   TrunkType       <integer> = 0x0000000000000002 (2)
00:00:00.106344 
00:00:00.106344 [/Devices/e1000/1/LUN#999/] (level 4)
00:00:00.106345   Driver <string>  = "MainStatus" (cb=11)
00:00:00.106346 
00:00:00.106347 [/Devices/e1000/1/LUN#999/Config/] (level 5)
00:00:00.106348   First   <integer> = 0x0000000000000000 (0)
00:00:00.106349   Last    <integer> = 0x0000000000000000 (0)
00:00:00.106350   papLeds <integer> = 0x00007f60600027d0 (140 051 904 210 896)
00:00:00.106351 
00:00:00.106352 [/Devices/i8254/] (level 2)
00:00:00.106353 
00:00:00.106353 [/Devices/i8254/0/] (level 3)
00:00:00.106355 
00:00:00.106355 [/Devices/i8254/0/Config/] (level 4)
00:00:00.106356 
00:00:00.106357 [/Devices/i8259/] (level 2)
00:00:00.106358 
00:00:00.106358 [/Devices/i8259/0/] (level 3)
00:00:00.106359   Trusted <integer> = 0x0000000000000001 (1)
00:00:00.106360 
00:00:00.106361 [/Devices/i8259/0/Config/] (level 4)
00:00:00.106362 
00:00:00.106362 [/Devices/ichac97/] (level 2)
00:00:00.106363 
00:00:00.106364 [/Devices/ichac97/0/] (level 3)
00:00:00.106365   PCIBusNo      <integer> = 0x0000000000000000 (0)
00:00:00.106366   PCIDeviceNo   <integer> = 0x0000000000000005 (5)
00:00:00.106367   PCIFunctionNo <integer> = 0x0000000000000000 (0)
00:00:00.106368   Trusted       <integer> = 0x0000000000000001 (1)
00:00:00.106369 
00:00:00.106369 [/Devices/ichac97/0/AudioConfig/] (level 4)
00:00:00.106370 
00:00:00.106371 [/Devices/ichac97/0/Config/] (level 4)
00:00:00.106372   Codec        <string>  = "AD1980" (cb=7)
00:00:00.106373   DebugEnabled <integer> = 0x0000000000000000 (0)
00:00:00.106374 
00:00:00.106374 [/Devices/ichac97/0/LUN#0/] (level 4)
00:00:00.106376   Driver <string>  = "AUDIO" (cb=6)
00:00:00.106376 
00:00:00.106377 [/Devices/ichac97/0/LUN#0/AttachedDriver/] (level 5)
00:00:00.106378   Driver <string>  = "PulseAudio" (cb=11)
00:00:00.106379 
00:00:00.106380 [/Devices/ichac97/0/LUN#0/AttachedDriver/Config/] (level 6)
00:00:00.106381   VmName <string>  = "h4" (cb=3)
00:00:00.106382 
00:00:00.106382 [/Devices/ichac97/0/LUN#0/Config/] (level 5)
00:00:00.106384   DriverName    <string>  = "PulseAudio" (cb=11)
00:00:00.106385   InputEnabled  <integer> = 0x0000000000000000 (0)
00:00:00.106386   OutputEnabled <integer> = 0x0000000000000001 (1)
00:00:00.106386 
00:00:00.106387 [/Devices/ichac97/0/LUN#1/] (level 4)
00:00:00.106388   Driver <string>  = "AUDIO" (cb=6)
00:00:00.106389 
00:00:00.106389 [/Devices/ichac97/0/LUN#2/] (level 4)
00:00:00.106390   Driver <string>  = "AUDIO" (cb=6)
00:00:00.106391 
00:00:00.106391 [/Devices/ioapic/] (level 2)
00:00:00.106393 
00:00:00.106393 [/Devices/ioapic/0/] (level 3)
00:00:00.106394   Trusted <integer> = 0x0000000000000001 (1)
00:00:00.106395 
00:00:00.106395 [/Devices/ioapic/0/Config/] (level 4)
00:00:00.106397   NumCPUs <integer> = 0x0000000000000001 (1)
00:00:00.106398 
00:00:00.106398 [/Devices/mc146818/] (level 2)
00:00:00.106399 
00:00:00.106399 [/Devices/mc146818/0/] (level 3)
00:00:00.106401 
00:00:00.106401 [/Devices/mc146818/0/Config/] (level 4)
00:00:00.106402   UseUTC <integer> = 0x0000000000000001 (1)
00:00:00.106403 
00:00:00.106403 [/Devices/parallel/] (level 2)
00:00:00.106404 
00:00:00.106405 [/Devices/pcarch/] (level 2)
00:00:00.106406 
00:00:00.106406 [/Devices/pcarch/0/] (level 3)
00:00:00.106407   Trusted <integer> = 0x0000000000000001 (1)
00:00:00.106408 
00:00:00.106409 [/Devices/pcarch/0/Config/] (level 4)
00:00:00.106410 
00:00:00.106410 [/Devices/pcbios/] (level 2)
00:00:00.106412 
00:00:00.106412 [/Devices/pcbios/0/] (level 3)
00:00:00.106413   Trusted <integer> = 0x0000000000000001 (1)
00:00:00.106414 
00:00:00.106414 [/Devices/pcbios/0/Config/] (level 4)
00:00:00.106416   APIC               <integer> = 0x0000000000000001 (1)
00:00:00.106417   BootDevice0        <string>  = "FLOPPY" (cb=7)
00:00:00.106418   BootDevice1        <string>  = "DVD" (cb=4)
00:00:00.106419   BootDevice2        <string>  = "IDE" (cb=4)
00:00:00.106420   BootDevice3        <string>  = "NONE" (cb=5)
00:00:00.106420   FloppyDevice       <string>  = "i82078" (cb=7)
00:00:00.106421   HardDiskDevice     <string>  = "piix3ide" (cb=9)
00:00:00.106422   IOAPIC             <integer> = 0x0000000000000001 (1)
00:00:00.106423   McfgBase           <integer> = 0x0000000000000000 (0)
00:00:00.106424   McfgLength         <integer> = 0x0000000000000000 (0)
00:00:00.106425   NumCPUs            <integer> = 0x0000000000000001 (1)
00:00:00.106426   PXEDebug           <integer> = 0x0000000000000000 (0)
00:00:00.106427   SataHardDiskDevice <string>  = "ahci" (cb=5)
00:00:00.106428   SataLUN1           <integer> = 0x0000000000000000 (0)
00:00:00.106429   UUID               <bytes>   = "bf 23 8b b5 7a 33 e4 41 97 50 34 2e c0 6e d4 63" (cb=16)
00:00:00.106431   UuidLe             <integer> = 0x0000000000000000 (0)
00:00:00.106432 
00:00:00.106433 [/Devices/pcbios/0/Config/NetBoot/] (level 5)
00:00:00.106434 
00:00:00.106435 [/Devices/pcbios/0/Config/NetBoot/0/] (level 6)
00:00:00.106436   NIC           <integer> = 0x0000000000000000 (0)
00:00:00.106437   PCIBusNo      <integer> = 0x0000000000000000 (0)
00:00:00.106438   PCIDeviceNo   <integer> = 0x0000000000000003 (3)
00:00:00.106439   PCIFunctionNo <integer> = 0x0000000000000000 (0)
00:00:00.106440 
00:00:00.106441 [/Devices/pci/] (level 2)
00:00:00.106442 
00:00:00.106442 [/Devices/pci/0/] (level 3)
00:00:00.106443   Trusted <integer> = 0x0000000000000001 (1)
00:00:00.106444 
00:00:00.106444 [/Devices/pci/0/Config/] (level 4)
00:00:00.106446   IOAPIC <integer> = 0x0000000000000001 (1)
00:00:00.106447 
00:00:00.106447 [/Devices/pcibridge/] (level 2)
00:00:00.106448 
00:00:00.106448 [/Devices/pckbd/] (level 2)
00:00:00.106449 
00:00:00.106450 [/Devices/pckbd/0/] (level 3)
00:00:00.106451   Trusted <integer> = 0x0000000000000001 (1)
00:00:00.106452 
00:00:00.106452 [/Devices/pckbd/0/Config/] (level 4)
00:00:00.106454 
00:00:00.106454 [/Devices/pckbd/0/LUN#0/] (level 4)
00:00:00.106455   Driver <string>  = "KeyboardQueue" (cb=14)
00:00:00.106456 
00:00:00.106456 [/Devices/pckbd/0/LUN#0/AttachedDriver/] (level 5)
00:00:00.106458   Driver <string>  = "MainKeyboard" (cb=13)
00:00:00.106459 
00:00:00.106459 [/Devices/pckbd/0/LUN#0/AttachedDriver/Config/] (level 6)
00:00:00.106461   Object <integer> = 0x000055f087063bc0 (94 491 545 844 672)
00:00:00.106463 
00:00:00.106463 [/Devices/pckbd/0/LUN#0/Config/] (level 5)
00:00:00.106465   QueueSize <integer> = 0x0000000000000040 (64)
00:00:00.106466 
00:00:00.106466 [/Devices/pckbd/0/LUN#1/] (level 4)
00:00:00.106467   Driver <string>  = "MouseQueue" (cb=11)
00:00:00.106468 
00:00:00.106469 [/Devices/pckbd/0/LUN#1/AttachedDriver/] (level 5)
00:00:00.106470   Driver <string>  = "MainMouse" (cb=10)
00:00:00.106471 
00:00:00.106471 [/Devices/pckbd/0/LUN#1/AttachedDriver/Config/] (level 6)
00:00:00.106473   Object <integer> = 0x00007f60600061c0 (140 051 904 225 728)
00:00:00.106475 
00:00:00.106475 [/Devices/pckbd/0/LUN#1/Config/] (level 5)
00:00:00.106477   QueueSize <integer> = 0x0000000000000080 (128)
00:00:00.106478 
00:00:00.106478 [/Devices/pcnet/] (level 2)
00:00:00.106479 
00:00:00.106479 [/Devices/piix3ide/] (level 2)
00:00:00.106481 
00:00:00.106481 [/Devices/piix3ide/0/] (level 3)
00:00:00.106482   PCIBusNo      <integer> = 0x0000000000000000 (0)
00:00:00.106483   PCIDeviceNo   <integer> = 0x0000000000000001 (1)
00:00:00.106484   PCIFunctionNo <integer> = 0x0000000000000001 (1)
00:00:00.106485   Trusted       <integer> = 0x0000000000000001 (1)
00:00:00.106486 
00:00:00.106486 [/Devices/piix3ide/0/Config/] (level 4)
00:00:00.106487   Type <string>  = "PIIX4" (cb=6)
00:00:00.106488 
00:00:00.106488 [/Devices/piix3ide/0/LUN#0/] (level 4)
00:00:00.106490   Driver <string>  = "VD" (cb=3)
00:00:00.106490 
00:00:00.106491 [/Devices/piix3ide/0/LUN#0/Config/] (level 5)
00:00:00.106492   EmptyDrive <integer> = 0x0000000000000001 (1)
00:00:00.106493   Mountable  <integer> = 0x0000000000000001 (1)
00:00:00.106494   Type       <string>  = "DVD" (cb=4)
00:00:00.106495 
00:00:00.106495 [/Devices/piix3ide/0/LUN#999/] (level 4)
00:00:00.106497   Driver <string>  = "MainStatus" (cb=11)
00:00:00.106497 
00:00:00.106498 [/Devices/piix3ide/0/LUN#999/Config/] (level 5)
00:00:00.106499   DeviceInstance        <string>  = "piix3ide/0" (cb=11)
00:00:00.106500   First                 <integer> = 0x0000000000000000 (0)
00:00:00.106501   Last                  <integer> = 0x0000000000000003 (3)
00:00:00.106503   pConsole              <integer> = 0x00007f6060001510 (140 051 904 206 096)
00:00:00.106504   papLeds               <integer> = 0x00007f6060001cd0 (140 051 904 208 080)
00:00:00.106506   pmapMediumAttachments <integer> = 0x00007f6060002908 (140 051 904 211 208)
00:00:00.106508 
00:00:00.106508 [/Devices/serial/] (level 2)
00:00:00.106509 
00:00:00.106510 [/Devices/usb-ohci/] (level 2)
00:00:00.106511 
00:00:00.106511 [/Devices/usb-ohci/0/] (level 3)
00:00:00.106512   PCIBusNo      <integer> = 0x0000000000000000 (0)
00:00:00.106513   PCIDeviceNo   <integer> = 0x0000000000000006 (6)
00:00:00.106514   PCIFunctionNo <integer> = 0x0000000000000000 (0)
00:00:00.106515   Trusted       <integer> = 0x0000000000000001 (1)
00:00:00.106516 
00:00:00.106516 [/Devices/usb-ohci/0/Config/] (level 4)
00:00:00.106518 
00:00:00.106518 [/Devices/usb-ohci/0/LUN#0/] (level 4)
00:00:00.106519   Driver <string>  = "VUSBRootHub" (cb=12)
00:00:00.106520 
00:00:00.106520 [/Devices/usb-ohci/0/LUN#0/Config/] (level 5)
00:00:00.106522 
00:00:00.106522 [/Devices/usb-ohci/0/LUN#999/] (level 4)
00:00:00.106524   Driver <string>  = "MainStatus" (cb=11)
00:00:00.106524 
00:00:00.106525 [/Devices/usb-ohci/0/LUN#999/Config/] (level 5)
00:00:00.106526   First   <integer> = 0x0000000000000000 (0)
00:00:00.106527   Last    <integer> = 0x0000000000000000 (0)
00:00:00.106534   papLeds <integer> = 0x00007f60600028f0 (140 051 904 211 184)
00:00:00.106535 
00:00:00.106536 [/Devices/vga/] (level 2)
00:00:00.106537 
00:00:00.106537 [/Devices/vga/0/] (level 3)
00:00:00.106539   PCIBusNo      <integer> = 0x0000000000000000 (0)
00:00:00.106540   PCIDeviceNo   <integer> = 0x0000000000000002 (2)
00:00:00.106540   PCIFunctionNo <integer> = 0x0000000000000000 (0)
00:00:00.106541   Trusted       <integer> = 0x0000000000000001 (1)
00:00:00.106542 
00:00:00.106542 [/Devices/vga/0/Config/] (level 4)
00:00:00.106545   3DEnabled          <integer> = 0x0000000000000000 (0)
00:00:00.106546   CustomVideoModes   <integer> = 0x0000000000000000 (0)
00:00:00.106546   FadeIn             <integer> = 0x0000000000000001 (1)
00:00:00.106548   FadeOut            <integer> = 0x0000000000000001 (1)
00:00:00.106549   HeightReduction    <integer> = 0x0000000000000000 (0)
00:00:00.106549   LogoFile           <string>  = "" (cb=1)
00:00:00.106550   LogoTime           <integer> = 0x0000000000000000 (0)
00:00:00.106551   MonitorCount       <integer> = 0x0000000000000001 (1)
00:00:00.106552   ShowBootMenu       <integer> = 0x0000000000000002 (2)
00:00:00.106553   VMSVGA3dEnabled    <integer> = 0x0000000000000000 (0)
00:00:00.106554   VMSVGAEnabled      <integer> = 0x0000000000000001 (1)
00:00:00.106555   VMSVGAPciBarLayout <integer> = 0x0000000000000001 (1)
00:00:00.106556   VMSVGAPciId        <integer> = 0x0000000000000001 (1)
00:00:00.106557   VRamSize           <integer> = 0x0000000001000000 (16 777 216, 16 MB)
00:00:00.106559 
00:00:00.106559 [/Devices/vga/0/LUN#0/] (level 4)
00:00:00.106561   Driver <string>  = "MainDisplay" (cb=12)
00:00:00.106561 
00:00:00.106562 [/Devices/vga/0/LUN#0/Config/] (level 5)
00:00:00.106563   Object <integer> = 0x00007f6060006e00 (140 051 904 228 864)
00:00:00.106565 
00:00:00.106565 [/Devices/vga/0/LUN#999/] (level 4)
00:00:00.106567   Driver <string>  = "MainStatus" (cb=11)
00:00:00.106567 
00:00:00.106568 [/Devices/vga/0/LUN#999/Config/] (level 5)
00:00:00.106569   First   <integer> = 0x0000000000000000 (0)
00:00:00.106570   Last    <integer> = 0x0000000000000000 (0)
00:00:00.106571   papLeds <integer> = 0x00007f6060002900 (140 051 904 211 200)
00:00:00.106573 
00:00:00.106573 [/Devices/virtio-net/] (level 2)
00:00:00.106574 
00:00:00.106575 [/EM/] (level 1)
00:00:00.106576   TripleFaultReset <integer> = 0x0000000000000000 (0)
00:00:00.106577 
00:00:00.106577 [/GIM/] (level 1)
00:00:00.106578   Provider <string>  = "KVM" (cb=4)
00:00:00.106579 
00:00:00.106579 [/HM/] (level 1)
00:00:00.106580   64bitEnabled            <integer> = 0x0000000000000001 (1)
00:00:00.106581   EnableLargePages        <integer> = 0x0000000000000000 (0)
00:00:00.106582   EnableNestedPaging      <integer> = 0x0000000000000001 (1)
00:00:00.106583   EnableUX                <integer> = 0x0000000000000001 (1)
00:00:00.106584   EnableVPID              <integer> = 0x0000000000000001 (1)
00:00:00.106585   Exclusive               <integer> = 0x0000000000000001 (1)
00:00:00.106586   HMForced                <integer> = 0x0000000000000001 (1)
00:00:00.106587   IBPBOnVMEntry           <integer> = 0x0000000000000000 (0)
00:00:00.106588   IBPBOnVMExit            <integer> = 0x0000000000000000 (0)
00:00:00.106589   L1DFlushOnSched         <integer> = 0x0000000000000001 (1)
00:00:00.106590   L1DFlushOnVMEntry       <integer> = 0x0000000000000000 (0)
00:00:00.106591   LovelyMesaDrvWorkaround <integer> = 0x0000000000000001 (1)
00:00:00.106592   MDSClearOnSched         <integer> = 0x0000000000000001 (1)
00:00:00.106593   MDSClearOnVMEntry       <integer> = 0x0000000000000000 (0)
00:00:00.106594   SpecCtrlByHost          <integer> = 0x0000000000000000 (0)
00:00:00.106595   UseNEMInstead           <integer> = 0x0000000000000000 (0)
00:00:00.106596 
00:00:00.106596 [/MM/] (level 1)
00:00:00.106597   CanUseLargerHeap <integer> = 0x0000000000000000 (0)
00:00:00.106598 
00:00:00.106598 [/NEM/] (level 1)
00:00:00.106599   Allow64BitGuests        <integer> = 0x0000000000000001 (1)
00:00:00.106600   LovelyMesaDrvWorkaround <integer> = 0x0000000000000001 (1)
00:00:00.106601 
00:00:00.106601 [/PDM/] (level 1)
00:00:00.106602 
00:00:00.106603 [/PDM/AsyncCompletion/] (level 2)
00:00:00.106604 
00:00:00.106604 [/PDM/AsyncCompletion/File/] (level 3)
00:00:00.106605 
00:00:00.106606 [/PDM/AsyncCompletion/File/BwGroups/] (level 4)
00:00:00.106607 
00:00:00.106608 [/PDM/BlkCache/] (level 2)
00:00:00.106609   CacheSize <integer> = 0x0000000000500000 (5 242 880, 5 MB)
00:00:00.106611 
00:00:00.106611 [/PDM/Devices/] (level 2)
00:00:00.106612 
00:00:00.106612 [/PDM/Drivers/] (level 2)
00:00:00.106613 
00:00:00.106614 [/PDM/Drivers/VBoxC/] (level 3)
00:00:00.106615   Path <string>  = "/usr/lib/virtualbox/components/VBoxC" (cb=37)
00:00:00.106616 
00:00:00.106616 [/PDM/NetworkShaper/] (level 2)
00:00:00.106617 
00:00:00.106618 [/PDM/NetworkShaper/BwGroups/] (level 3)
00:00:00.106619 
00:00:00.106619 [/TM/] (level 1)
00:00:00.106620   UTCOffset <integer> = 0x0000000000000000 (0)
00:00:00.106621 
00:00:00.106622 [/USB/] (level 1)
00:00:00.106622 
00:00:00.106623 [/USB/HidMouse/] (level 2)
00:00:00.106624 
00:00:00.106624 [/USB/HidMouse/0/] (level 3)
00:00:00.106625 
00:00:00.106626 [/USB/HidMouse/0/Config/] (level 4)
00:00:00.106627   Mode <string>  = "absolute" (cb=9)
00:00:00.106628 
00:00:00.106628 [/USB/HidMouse/0/LUN#0/] (level 4)
00:00:00.106629   Driver <string>  = "MouseQueue" (cb=11)
00:00:00.106630 
00:00:00.106631 [/USB/HidMouse/0/LUN#0/AttachedDriver/] (level 5)
00:00:00.106632   Driver <string>  = "MainMouse" (cb=10)
00:00:00.106633 
00:00:00.106633 [/USB/HidMouse/0/LUN#0/AttachedDriver/Config/] (level 6)
00:00:00.106635   Object <integer> = 0x00007f60600061c0 (140 051 904 225 728)
00:00:00.106636 
00:00:00.106637 [/USB/HidMouse/0/LUN#0/Config/] (level 5)
00:00:00.106638   QueueSize <integer> = 0x0000000000000080 (128)
00:00:00.106639 
00:00:00.106640 [/USB/USBProxy/] (level 2)
00:00:00.106641 
00:00:00.106641 [/USB/USBProxy/GlobalConfig/] (level 3)
00:00:00.106642 
00:00:00.106643 ********************* End of CFGM dump **********************
00:00:00.106725 HM: HMR3Init: VT-x w/ nested paging and unrestricted guest execution hw support
00:00:00.106778 MM: cbHyperHeap=0x200000 (2097152)
00:00:00.107961 CPUM: fXStateHostMask=0x7; initial: 0x7; host XCR0=0x1f
00:00:00.109064 CPUM: Matched host CPU INTEL 0x6/0x9e/0x9 Intel_Core7_KabyLake with CPU DB entry 'Intel Core i7-6700K' (INTEL 0x6/0x5e/0x3 Intel_Core7_Skylake)
00:00:00.109110 CPUM: MXCSR_MASK=0xffff (host: 0xffff)
00:00:00.109122 CPUM: Microcode revision 0x000000EA
00:00:00.109131 CPUM: Changing leaf 13[0]: EBX=0x440 -> 0x340, ECX=0x440 -> 0x340
00:00:00.109141 CPUM: MSR/CPUID reconciliation insert: 0x0000010b IA32_FLUSH_CMD
00:00:00.109252 PGM: Host paging mode: AMD64+PGE+NX
00:00:00.109260 PGM: PGMPool: cMaxPages=768 (u64MaxPages=545)
00:00:00.109265 PGM: pgmR3PoolInit: cMaxPages=0x300 cMaxUsers=0x600 cMaxPhysExts=0x600 fCacheEnable=true 
00:00:00.109802 PGM: /proc/sys/vm/max_map_count = 65530 (rc2=VWRN_TRAILING_CHARS); cGuessNeeded=16384
00:00:00.111557 TM: GIP - u32Mode=3 (Invariant) u32UpdateHz=62 u32UpdateIntervalNS=16000000 enmUseTscDelta=2 (Practically Zero) fGetGipCpu=0x1b cCpus=4
00:00:00.111573 TM: GIP - u64CpuHz=2 495 955 266 (0x94c54142)  SUPGetCpuHzFromGip => 2 495 955 266
00:00:00.111579 TM: GIP - CPU: iCpuSet=0x0 idCpu=0x0 idApic=0x0 iGipCpu=0x2 i64TSCDelta=0 enmState=3 u64CpuHz=2495997469(*) cErrors=0
00:00:00.111585 TM: GIP - CPU: iCpuSet=0x1 idCpu=0x1 idApic=0x2 iGipCpu=0x0 i64TSCDelta=0 enmState=3 u64CpuHz=2495955266(*) cErrors=0
00:00:00.111604 TM: GIP - CPU: iCpuSet=0x2 idCpu=0x2 idApic=0x4 iGipCpu=0x1 i64TSCDelta=0 enmState=3 u64CpuHz=2495997754(*) cErrors=0
00:00:00.111609 TM: GIP - CPU: iCpuSet=0x3 idCpu=0x3 idApic=0x6 iGipCpu=0x3 i64TSCDelta=0 enmState=3 u64CpuHz=2495998159(*) cErrors=0
00:00:00.111659 TM: cTSCTicksPerSecond=2 495 955 266 (0x94c54142) enmTSCMode=3 (Dynamic)
00:00:00.111661 TM: TSCTiedToExecution=false TSCNotTiedToHalt=false
00:00:00.112128 EMR3Init: fIemExecutesAll=false fGuruOnTripleFault=true 
00:00:00.112259 IEM: TargetCpu=CURRENT, Microarch=Intel_Core7_KabyLake
00:00:00.112330 GIM: Using provider 'KVM' (Implementation version: 0)
00:00:00.112336 CPUM: SetGuestCpuIdFeature: Enabled Hypervisor Present bit
00:00:00.146126 AIOMgr: Default manager type is 'Async'
00:00:00.146149 AIOMgr: Default file backend is 'NonBuffered'
00:00:00.146444 BlkCache: Cache successfully initialized. Cache size is 5242880 bytes
00:00:00.146460 BlkCache: Cache commit interval is 10000 ms
00:00:00.146464 BlkCache: Cache commit threshold is 2621440 bytes
00:00:00.148058 PcBios: [SMP] BIOS with 1 CPUs
00:00:00.148095 PcBios: Using the 386+ BIOS image.
00:00:00.148183 PcBios: MPS table at 000e1300
00:00:00.148678 PcBios: fCheckShutdownStatusForSoftReset=true   fClearShutdownStatusOnHardReset=true 
00:00:00.148895 SUP: Opened VBoxDDR0.r0 (/usr/lib/virtualbox/VBoxDDR0.r0) at 0xXXXXXXXXXXXXXXXX.
00:00:00.149112 CPUM: SetGuestCpuIdFeature: Enabled xAPIC
00:00:00.149119 CPUM: SetGuestCpuIdFeature: Enabled x2APIC
00:00:00.149372 IOAPIC: Using implementation 2.0! Chipset type ICH9
00:00:00.149436 PIT: mode=3 count=0x10000 (65536) - 18.20 Hz (ch=0)
00:00:00.150095 VMMDev: cbDefaultBudget: 261 373 696 (f943f00)
00:00:00.152516 Shared Folders service loaded
00:00:00.153706 Guest Control service loaded
00:00:00.160889 VGA: Using the 386+ BIOS image.
00:00:00.162094 DrvVD: Flushes will be ignored
00:00:00.162094 DrvVD: Async flushes will be passed to the disk
00:00:00.166229 VD: VDInit finished with VINF_SUCCESS
00:00:00.166522 AIOMgr: Endpoint for file '/home/vamsi/Documents/Acads/Sem 7/Computer Networks/Lab/Lab2/lab2_network/VMImages/base/base.vdi' (flags 000c0781) created successfully
00:00:00.184734 AIOMgr: Endpoint for file '/home/vamsi/Documents/Acads/Sem 7/Computer Networks/Lab/Lab2/lab2_network/VMImages/base/Snapshots/{8f83ab64-891d-4e29-8532-09d2e668c3dd}.vdi' (flags 000c0781) created successfully
00:00:00.208169 AIOMgr: Endpoint for file '/home/vamsi/Documents/Acads/Sem 7/Computer Networks/Lab/Lab2/lab2_network/VMImages/base/Snapshots/{ca230307-de07-4ee1-b500-8daa8ed4ebc4}.vdi' (flags 000c0781) created successfully
00:00:00.226500 AIOMgr: Endpoint for file '/home/vamsi/Documents/Acads/Sem 7/Computer Networks/Lab/Lab2/lab2_network/VMImages/base/Snapshots/{ccd6ab89-9973-43d9-b6e3-1bbb050f93f6}.vdi' (flags 000c0781) created successfully
00:00:00.246561 AIOMgr: Endpoint for file '/home/vamsi/Documents/Acads/Sem 7/Computer Networks/Lab/Lab2/lab2_network/VMImages/h4/Snapshots/{170081f4-e4b5-4d8a-9667-6e495138442b}.vdi' (flags 000c0723) created successfully
00:00:00.247387 VD: Opening the disk took 81279791 ns
00:00:00.247465 AHCI: LUN#0: disk, PCHS=2212/16/63, total number of sectors 2229702
00:00:00.247683 AHCI#0: Reset the HBA
00:00:00.247695 VD#0: Cancelling all active requests
00:00:00.248575 DrvVD: Flushes will be ignored
00:00:00.248586 DrvVD: Async flushes will be passed to the disk
00:00:00.248620 PIIX3 ATA: LUN#0: CD/DVD, total number of sectors 0, passthrough disabled
00:00:00.251640 PIIX3 ATA: LUN#1: no unit
00:00:00.251774 PIIX3 ATA: LUN#2: no unit
00:00:00.251781 PIIX3 ATA: LUN#3: no unit
00:00:00.251819 PIIX3 ATA: Ctl#1: finished processing RESET
00:00:00.251844 PIIX3 ATA: Ctl#0: finished processing RESET
00:00:00.251937 E1000#0: Chip=82540EM LinkUpDelay=3000ms EthernetCRC=on GSO=enabled Itr=disabled ItrRx=enabled TID=disabled R0=enabled RC=disabled
00:00:00.262337 NAT: Guest address guess set to 10.0.2.15 by initialization
00:00:00.262460 NAT: resolv.conf: nameserver 127.0.0.53
00:00:00.262484 NAT: DNS server 127.0.0.53 registration detected, switching to the DNS proxy
00:00:00.262489 NAT: DNS#0: 127.0.0.53
00:00:00.262531 NAT: Set redirect TCP 0.0.0.0:14504 -> 0.0.0.0:22
00:00:00.263654 E1000#1: Chip=82540EM LinkUpDelay=3000ms EthernetCRC=on GSO=enabled Itr=disabled ItrRx=enabled TID=disabled R0=enabled RC=disabled
00:00:00.263731 IntNet#0: szNetwork={intnet2} enmTrunkType=2 szTrunk={} fFlags=0x8000 cbRecv=325632 cbSend=196608 fIgnoreConnectFailure=false
00:00:00.264457 AC97: Using codec 'AD1980'
00:00:00.264535 Audio: Initializing PulseAudio driver
00:00:00.267151 PulseAudio: Using version 11.1.0
00:00:00.269210 PulseAudio: Retrieving server information ...
00:00:00.269760 Audio: Found 3 devices for driver 'PulseAudio'
00:00:00.269773 Audio: Device 'Built-in Audio Analog Stereo':
00:00:00.269774 Audio:   ID              = alsa_output.pci-0000_00_1f.3.analog-stereo
00:00:00.269774 Audio:   Usage           = output
00:00:00.269775 Audio:   Flags           = DEFAULT_OUT
00:00:00.269775 Audio:   Input channels  = 0
00:00:00.269776 Audio:   Output channels = 2
00:00:00.269780 Audio: Device 'Monitor of Built-in Audio Analog Stereo':
00:00:00.269780 Audio:   ID              = alsa_output.pci-0000_00_1f.3.analog-stereo.monitor
00:00:00.269781 Audio:   Usage           = input
00:00:00.269781 Audio:   Flags           = NONE
00:00:00.269782 Audio:   Input channels  = 2
00:00:00.269782 Audio:   Output channels = 0
00:00:00.269785 Audio: Device 'Built-in Audio Analog Stereo':
00:00:00.269786 Audio:   ID              = alsa_input.pci-0000_00_1f.3.analog-stereo
00:00:00.269786 Audio:   Usage           = input
00:00:00.269787 Audio:   Flags           = DEFAULT_IN
00:00:00.269787 Audio:   Input channels  = 2
00:00:00.269788 Audio:   Output channels = 0
00:00:00.269891 AC97: Reset
00:00:00.269897 AC97: Mixer reset (EAID=0x809, EACS=0x9)
00:00:00.269901 AC97: Record select to left=mic, right=mic
00:00:00.270722 VUSB: Attached 'HidMouse' to port 1 on RootHub#0 (FullSpeed)
00:00:00.270764 PGM: The CPU physical address width is 39 bits
00:00:00.270770 PGM: PGMR3InitFinalize: 4 MB PSE mask 0000007fffffffff -> VINF_SUCCESS
00:00:00.270796 TM: TMR3InitFinalize: fTSCModeSwitchAllowed=true 
00:00:00.270959 VMM: Enabled thread-context hooks
00:00:00.270964 VMM: RTThreadPreemptIsPending() can be trusted
00:00:00.270967 VMM: Kernel preemption is not possible it seems
00:00:00.270980 HM: fWorldSwitcher=0x0 (fIbpbOnVmExit=false fIbpbOnVmEntry=false fL1dFlushOnVmEntry=false); fL1dFlushOnSched=true  fMdsClearOnVmEntry=false
00:00:00.270987 HM: Using VT-x implementation 3.0
00:00:00.270987 HM: Max resume loops                  = 8192
00:00:00.270988 HM: Host CR4                          = 0x3606e0
00:00:00.270989 HM: Host EFER                         = 0xd01
00:00:00.270990 HM: MSR_IA32_SMM_MONITOR_CTL          = 0x0
00:00:00.270991 HM: MSR_IA32_FEATURE_CONTROL          = 0x5
00:00:00.270992 HM:   LOCK
00:00:00.270992 HM:   VMXON
00:00:00.270993 HM: MSR_IA32_VMX_BASIC                = 0xda040000000004
00:00:00.270994 HM:   VMCS id                           = 0x4
00:00:00.270995 HM:   VMCS size                         = 1024 bytes
00:00:00.270995 HM:   VMCS physical address limit       = None
00:00:00.270996 HM:   VMCS memory type                  = Write Back (WB)
00:00:00.270997 HM:   Dual-monitor treatment support    = true 
00:00:00.270998 HM:   OUTS & INS instruction-info       = true 
00:00:00.270998 HM:   Supports true-capability MSRs     = true 
00:00:00.270999 HM:   VM-entry Xcpt error-code optional = false
00:00:00.270999 HM: MSR_IA32_VMX_PINBASED_CTLS        = 0x7f00000016
00:00:00.271000 HM:   EXT_INT_EXIT
00:00:00.271001 HM:   NMI_EXIT
00:00:00.271002 HM:   VIRTUAL_NMI
00:00:00.271002 HM:   PREEMPT_TIMER
00:00:00.271003 HM:   POSTED_INT (must be cleared)
00:00:00.271003 HM: MSR_IA32_VMX_PROCBASED_CTLS       = 0xfff9fffe0401e172
00:00:00.271005 HM:   INT_WINDOW_EXIT
00:00:00.271005 HM:   USE_TSC_OFFSETTING
00:00:00.271006 HM:   HLT_EXIT
00:00:00.271006 HM:   INVLPG_EXIT
00:00:00.271007 HM:   MWAIT_EXIT
00:00:00.271007 HM:   RDPMC_EXIT
00:00:00.271008 HM:   RDTSC_EXIT
00:00:00.271008 HM:   CR3_LOAD_EXIT (must be set)
00:00:00.271009 HM:   CR3_STORE_EXIT (must be set)
00:00:00.271009 HM:   CR8_LOAD_EXIT
00:00:00.271010 HM:   CR8_STORE_EXIT
00:00:00.271010 HM:   USE_TPR_SHADOW
00:00:00.271011 HM:   NMI_WINDOW_EXIT
00:00:00.271011 HM:   MOV_DR_EXIT
00:00:00.271011 HM:   UNCOND_IO_EXIT
00:00:00.271012 HM:   USE_IO_BITMAPS
00:00:00.271012 HM:   MONITOR_TRAP_FLAG
00:00:00.271013 HM:   USE_MSR_BITMAPS
00:00:00.271013 HM:   MONITOR_EXIT
00:00:00.271014 HM:   PAUSE_EXIT
00:00:00.271014 HM:   USE_SECONDARY_CTLS
00:00:00.271015 HM: MSR_IA32_VMX_PROCBASED_CTLS2      = 0x5fbcff00000000
00:00:00.271016 HM:   VIRT_APIC_ACCESS
00:00:00.271017 HM:   EPT
00:00:00.271017 HM:   DESC_TABLE_EXIT
00:00:00.271018 HM:   RDTSCP
00:00:00.271018 HM:   VIRT_X2APIC_MODE
00:00:00.271019 HM:   VPID
00:00:00.271019 HM:   WBINVD_EXIT
00:00:00.271020 HM:   UNRESTRICTED_GUEST
00:00:00.271021 HM:   APIC_REG_VIRT (must be cleared)
00:00:00.271021 HM:   VIRT_INT_DELIVERY (must be cleared)
00:00:00.271022 HM:   PAUSE_LOOP_EXIT
00:00:00.271022 HM:   RDRAND_EXIT
00:00:00.271023 HM:   INVPCID
00:00:00.271023 HM:   VMFUNC
00:00:00.271024 HM:   VMCS_SHADOWING (must be cleared)
00:00:00.271024 HM:   ENCLS_EXIT
00:00:00.271024 HM:   RDSEED_EXIT
00:00:00.271025 HM:   PML
00:00:00.271025 HM:   EPT_VE
00:00:00.271026 HM:   CONCEAL_VMX_FROM_PT
00:00:00.271027 HM:   XSAVES_XRSTORS
00:00:00.271027 HM:   MODE_BASED_EPT_PERM
00:00:00.271027 HM:   SPPTP_EPT (must be cleared)
00:00:00.271028 HM:   PT_EPT (must be cleared)
00:00:00.271028 HM:   TSC_SCALING (must be cleared)
00:00:00.271029 HM:   USER_WAIT_PAUSE (must be cleared)
00:00:00.271029 HM:   ENCLV_EXIT (must be cleared)
00:00:00.271030 HM: MSR_IA32_VMX_ENTRY_CTLS           = 0x3ffff000011ff
00:00:00.271031 HM:   LOAD_DEBUG (must be set)
00:00:00.271031 HM:   IA32E_MODE_GUEST
00:00:00.271032 HM:   ENTRY_TO_SMM
00:00:00.271032 HM:   DEACTIVATE_DUAL_MON
00:00:00.271033 HM:   LOAD_PERF_MSR
00:00:00.271033 HM:   LOAD_PAT_MSR
00:00:00.271034 HM:   LOAD_EFER_MSR
00:00:00.271034 HM:   LOAD_BNDCFGS_MSR
00:00:00.271035 HM:   CONCEAL_VMX_FROM_PT
00:00:00.271035 HM:   LOAD_RTIT_CTL_MSR (must be cleared)
00:00:00.271035 HM: MSR_IA32_VMX_EXIT_CTLS            = 0x1ffffff00036dff
00:00:00.271037 HM:   SAVE_DEBUG (must be set)
00:00:00.271037 HM:   HOST_ADDR_SPACE_SIZE
00:00:00.271038 HM:   LOAD_PERF_MSR
00:00:00.271038 HM:   ACK_EXT_INT
00:00:00.271039 HM:   SAVE_PAT_MSR
00:00:00.271039 HM:   LOAD_PAT_MSR
00:00:00.271039 HM:   SAVE_EFER_MSR
00:00:00.271040 HM:   LOAD_EFER_MSR
00:00:00.271040 HM:   SAVE_PREEMPT_TIMER
00:00:00.271041 HM:   CLEAR_BNDCFGS_MSR
00:00:00.271041 HM:   CONCEAL_VMX_FROM_PT
00:00:00.271042 HM:   CLEAR_RTIT_CTL_MSR (must be cleared)
00:00:00.271042 HM: MSR_IA32_VMX_TRUE_PINBASED_CTLS   = 0x7f00000016
00:00:00.271043 HM: MSR_IA32_VMX_TRUE_PROCBASED_CTLS  = 0xfff9fffe04006172
00:00:00.271044 HM: MSR_IA32_VMX_TRUE_ENTRY_CTLS      = 0x3ffff000011fb
00:00:00.271045 HM: MSR_IA32_VMX_TRUE_EXIT_CTLS       = 0x1ffffff00036dfb
00:00:00.271047 HM: MSR_IA32_VMX_MISC                 = 0x7004c1e7
00:00:00.271048 HM:   PREEMPT_TIMER_TSC                 = 0x7
00:00:00.271048 HM:   EXIT_SAVE_EFER_LMA                = true 
00:00:00.271049 HM:   ACTIVITY_STATES                   = 0x7 ( HLT SHUTDOWN SIPI_WAIT )
00:00:00.271050 HM:   INTEL_PT                          = true 
00:00:00.271051 HM:   SMM_READ_SMBASE_MSR               = true 
00:00:00.271051 HM:   CR3_TARGET                        = 0x4
00:00:00.271052 HM:   MAX_MSR                           = 0x0 ( 512 )
00:00:00.271053 HM:   VMXOFF_BLOCK_SMI                  = true 
00:00:00.271053 HM:   VMWRITE_ALL                       = true 
00:00:00.271054 HM:   ENTRY_INJECT_SOFT_INT             = 0x1
00:00:00.271054 HM:   MSEG_ID                           = 0x0
00:00:00.271055 HM: MSR_IA32_VMX_VMCS_ENUM            = 0x2e
00:00:00.271056 HM:   HIGHEST_IDX                       = 0x17
00:00:00.271056 HM: MSR_IA32_VMX_EPT_VPID_CAP         = 0xf0106734141
00:00:00.271057 HM:   RWX_X_ONLY
00:00:00.271058 HM:   PAGE_WALK_LENGTH_4
00:00:00.271058 HM:   EMT_UC
00:00:00.271059 HM:   EMT_WB
00:00:00.271059 HM:   PDE_2M
00:00:00.271060 HM:   PDPTE_1G
00:00:00.271060 HM:   INVEPT
00:00:00.271060 HM:   EPT_ACCESS_DIRTY
00:00:00.271061 HM:   ADVEXITINFO_EPT
00:00:00.271061 HM:   INVEPT_SINGLE_CONTEXT
00:00:00.271062 HM:   INVEPT_ALL_CONTEXTS
00:00:00.271062 HM:   INVVPID
00:00:00.271062 HM:   INVVPID_INDIV_ADDR
00:00:00.271063 HM:   INVVPID_SINGLE_CONTEXT
00:00:00.271063 HM:   INVVPID_ALL_CONTEXTS
00:00:00.271064 HM:   INVVPID_SINGLE_CONTEXT_RETAIN_GLOBALS
00:00:00.271064 HM: MSR_IA32_VMX_VMFUNC               = 0x1
00:00:00.271065 HM:   EPTP_SWITCHING
00:00:00.271065 HM: MSR_IA32_VMX_CR0_FIXED0           = 0x80000021
00:00:00.271066 HM: MSR_IA32_VMX_CR0_FIXED1           = 0xffffffff
00:00:00.271067 HM: MSR_IA32_VMX_CR4_FIXED0           = 0x2000
00:00:00.271068 HM: MSR_IA32_VMX_CR4_FIXED1           = 0x3727ff
00:00:00.271069 HM: APIC-access page physaddr         = 0x0000000278af2000
00:00:00.271070 HM: VCPU  0: MSR bitmap physaddr      = 0x0000000278af6000
00:00:00.271072 HM: VCPU  0: VMCS physaddr            = 0x0000000278af3000
00:00:00.271073 HM: Guest support: 32-bit and 64-bit
00:00:00.271077 HM: Supports VMCS EFER fields         = true 
00:00:00.271078 HM: Enabled VMX
00:00:00.271081 CPUM: SetGuestCpuIdFeature: Enabled SYSENTER/EXIT
00:00:00.271082 CPUM: SetGuestCpuIdFeature: Enabled PAE
00:00:00.271082 CPUM: SetGuestCpuIdFeature: Enabled LONG MODE
00:00:00.271083 CPUM: SetGuestCpuIdFeature: Enabled SYSCALL/RET
00:00:00.271083 CPUM: SetGuestCpuIdFeature: Enabled LAHF/SAHF
00:00:00.271084 CPUM: SetGuestCpuIdFeature: Enabled NX
00:00:00.271084 HM: Enabled nested paging
00:00:00.271085 HM:   EPT flush type                  = Single context
00:00:00.271085 HM: Enabled unrestricted guest execution
00:00:00.271086 HM: Enabled VPID
00:00:00.271086 HM:   VPID flush type                 = Single context
00:00:00.271086 HM: Enabled VMX-preemption timer (cPreemptTimerShift=7)
00:00:00.271087 HM: VT-x/AMD-V init method: Global
00:00:00.271088 EM: Exit history optimizations: enabled=true  enabled-r0=true  enabled-r0-no-preemption=false
00:00:00.271131 PcBios: SATA LUN#0 LCHS=553/64/63
00:00:00.271146 APIC: fPostedIntrsEnabled=false fVirtApicRegsEnabled=false fSupportsTscDeadline=false
00:00:00.271154 TMR3UtcNow: nsNow=1 630 519 023 505 452 000 nsPrev=0 -> cNsDelta=1 630 519 023 505 452 000 (offLag=0 offVirtualSync=0 offVirtualSyncGivenUp=0, NowAgain=1 630 519 023 505 453 000)
00:00:00.271164 VMM: fUsePeriodicPreemptionTimers=false
00:00:00.271281 CPUM: Logical host processors: 4 present, 4 max, 4 online, online mask: 000000000000000f
00:00:00.271356 CPUM: Physical host cores: 4
00:00:00.271357 ************************* CPUID dump ************************
00:00:00.271367          Raw Standard CPUID Leaves
00:00:00.271367      Leaf/sub-leaf  eax      ebx      ecx      edx
00:00:00.271368 Gst: 00000000/0000  00000016 756e6547 6c65746e 49656e69
00:00:00.271370 Hst:                00000016 756e6547 6c65746e 49656e69
00:00:00.271371 Gst: 00000001/0000  000906e9 00010800 d6fa220b 178bfbff
00:00:00.271373 Hst:                000906e9 02100800 7ffafbbf bfebfbff
00:00:00.271375 Gst: 00000002/0000  76036301 00f0b6ff 00000000 00c30000
00:00:00.271376 Hst:                76036301 00f0b6ff 00000000 00c30000
00:00:00.271378 Gst: 00000003/0000  00000000 00000000 00000000 00000000
00:00:00.271379 Hst:                00000000 00000000 00000000 00000000
00:00:00.271380 Gst: 00000004/0000  00000121 01c0003f 0000003f 00000000
00:00:00.271381 Hst:                1c004121 01c0003f 0000003f 00000000
00:00:00.271382 Gst: 00000004/0001  00000122 01c0003f 0000003f 00000000
00:00:00.271383 Hst:                1c004122 01c0003f 0000003f 00000000
00:00:00.271384 Gst: 00000004/0002  00000143 00c0003f 000003ff 00000000
00:00:00.271385 Hst:                1c004143 00c0003f 000003ff 00000000
00:00:00.271387 Gst: 00000004/0003  00000163 02c0003f 00001fff 00000006
00:00:00.271388 Hst:                1c03c163 02c0003f 00001fff 00000006
00:00:00.271389 Gst: 00000004/0004  00000000 00000000 00000000 00000000
00:00:00.271390 Hst:                00000000 00000000 00000000 00000000
00:00:00.271391 Gst: 00000005/0000  00000040 00000040 00000000 00000000
00:00:00.271392 Hst:                00000040 00000040 00000003 11142120
00:00:00.271393 Gst: 00000006/0000  00000000 00000000 00000000 00000000
00:00:00.271394 Hst:                000027f7 00000002 00000009 00000000
00:00:00.271395 Gst: 00000007/0000  00000000 00842421 00000000 10000400
00:00:00.271396 Hst:                00000000 029c67af 00000000 9c002e00
00:00:00.271398 Gst: 00000007/0001  00000000 00000000 00000000 00000000
00:00:00.271398 Hst:                00000000 00000000 00000000 00000000
00:00:00.271399 Gst: 00000008/0000  00000000 00000000 00000000 00000000
00:00:00.271400 Hst:                00000000 00000000 00000000 00000000
00:00:00.271401 Gst: 00000009/0000  00000000 00000000 00000000 00000000
00:00:00.271402 Hst:                00000000 00000000 00000000 00000000
00:00:00.271403 Gst: 0000000a/0000  00000000 00000000 00000000 00000000
00:00:00.271404 Hst:                07300804 00000000 00000000 00000603
00:00:00.271405 Gst: 0000000b/0000  00000000 00000001 00000100 00000000
00:00:00.271406 Hst:                00000001 00000001 00000100 00000002
00:00:00.271407 Gst: 0000000b/0001  00000001 00000001 00000201 00000000
00:00:00.271407 Hst:                00000004 00000004 00000201 00000002
00:00:00.271408 Gst: 0000000b/0002  00000000 00000000 00000002 00000000
00:00:00.271409 Hst:                00000000 00000000 00000002 00000002
00:00:00.271410 Gst: 0000000c/0000  00000000 00000000 00000000 00000000
00:00:00.271411 Hst:                00000000 00000000 00000000 00000000
00:00:00.271412 Gst: 0000000d/0000  00000007 00000340 00000340 00000000
00:00:00.271413 Hst:                0000001f 00000440 00000440 00000000
00:00:00.271414 Gst: 0000000d/0001  00000000 000003c0 00000000 00000000
00:00:00.271415 Hst:                0000000f 000003c0 00000100 00000000
00:00:00.271416 Gst: 0000000d/0002  00000100 00000240 00000000 00000000
00:00:00.271417 Hst:                00000100 00000240 00000000 00000000
00:00:00.271418 Gst: 0000000d/0003  00000000 00000000 00000000 00000000
00:00:00.271418 Hst:                00000040 000003c0 00000000 00000000
00:00:00.271419 Gst: 0000000d/0004  00000000 00000000 00000000 00000000
00:00:00.271420 Hst:                00000040 00000400 00000000 00000000
00:00:00.271421 Gst: 0000000d/0005  00000000 00000000 00000000 00000000
00:00:00.271422 Hst:                00000000 00000000 00000000 00000000
00:00:00.271423 Gst: 0000000d/0006  00000000 00000000 00000000 00000000
00:00:00.271424 Hst:                00000000 00000000 00000000 00000000
00:00:00.271425 Gst: 0000000d/0007  00000000 00000000 00000000 00000000
00:00:00.271426 Hst:                00000000 00000000 00000000 00000000
00:00:00.271426 Gst: 0000000d/0008  00000000 00000000 00000000 00000000
00:00:00.271427 Hst:                00000080 00000000 00000001 00000000
00:00:00.271428 Gst: 0000000d/0009  00000000 00000000 00000000 00000000
00:00:00.271429 Hst:                00000000 00000000 00000000 00000000
00:00:00.271459 Gst: 0000000e/0000  00000000 00000000 00000000 00000000
00:00:00.271460 Hst:                00000000 00000000 00000000 00000000
00:00:00.271461 Gst: 0000000f/0000  00000000 00000000 00000000 00000000
00:00:00.271462 Hst:                00000000 00000000 00000000 00000000
00:00:00.271463 Gst: 00000010/0000  00000000 00000000 00000000 00000000
00:00:00.271464 Hst:                00000000 00000000 00000000 00000000
00:00:00.271465 Gst: 00000011/0000  00000000 00000000 00000000 00000000
00:00:00.271466 Hst:                00000000 00000000 00000000 00000000
00:00:00.271467 Gst: 00000012/0000  00000000 00000000 00000000 00000000
00:00:00.271467 Hst:                00000000 00000000 00000000 00000000
00:00:00.271468 Gst: 00000013/0000  00000000 00000000 00000000 00000000
00:00:00.271469 Hst:                00000000 00000000 00000000 00000000
00:00:00.271470 Gst: 00000014/0000  00000000 00000000 00000000 00000000
00:00:00.271471 Hst:                00000001 0000000f 00000007 00000000
00:00:00.271472 Hst: 00000015/0000  00000002 000000d0 00000000 00000000
00:00:00.271474 Hst: 00000016/0000  000009c4 00000dac 00000064 00000000
00:00:00.271475                                Name: GenuineIntel
00:00:00.271477                            Supports: 0x00000000-0x00000016
00:00:00.271478                              Family:  6 	Extended: 0 	Effective: 6
00:00:00.271480                               Model: 14 	Extended: 9 	Effective: 158
00:00:00.271482                            Stepping: 9
00:00:00.271483                                Type: 0 (primary)
00:00:00.271484                             APIC ID: 0x00
00:00:00.271485                        Logical CPUs: 1
00:00:00.271486                        CLFLUSH Size: 8
00:00:00.271487                            Brand ID: 0x00
00:00:00.271489 Features
00:00:00.271489   Mnemonic - Description                                  = guest (host)
00:00:00.271490   FPU - x87 FPU on Chip                                   = 1 (1)
00:00:00.271492   VME - Virtual 8086 Mode Enhancements                    = 1 (1)
00:00:00.271493   DE - Debugging extensions                               = 1 (1)
00:00:00.271495   PSE - Page Size Extension                               = 1 (1)
00:00:00.271496   TSC - Time Stamp Counter                                = 1 (1)
00:00:00.271498   MSR - Model Specific Registers                          = 1 (1)
00:00:00.271499   PAE - Physical Address Extension                        = 1 (1)
00:00:00.271500   MCE - Machine Check Exception                           = 1 (1)
00:00:00.271501   CX8 - CMPXCHG8B instruction                             = 1 (1)
00:00:00.271503   APIC - APIC On-Chip                                     = 1 (1)
00:00:00.271504   SEP - SYSENTER and SYSEXIT Present                      = 1 (1)
00:00:00.271505   MTRR - Memory Type Range Registers                      = 1 (1)
00:00:00.271506   PGE - PTE Global Bit                                    = 1 (1)
00:00:00.271508   MCA - Machine Check Architecture                        = 1 (1)
00:00:00.271509   CMOV - Conditional Move instructions                    = 1 (1)
00:00:00.271510   PAT - Page Attribute Table                              = 1 (1)
00:00:00.271512   PSE-36 - 36-bit Page Size Extension                     = 1 (1)
00:00:00.271513   PSN - Processor Serial Number                           = 0 (0)
00:00:00.271514   CLFSH - CLFLUSH instruction                             = 1 (1)
00:00:00.271515   DS - Debug Store                                        = 0 (1)
00:00:00.271517   ACPI - Thermal Mon. & Soft. Clock Ctrl.                 = 0 (1)
00:00:00.271518   MMX - Intel MMX Technology                              = 1 (1)
00:00:00.271519   FXSR - FXSAVE and FXRSTOR instructions                  = 1 (1)
00:00:00.271520   SSE - SSE support                                       = 1 (1)
00:00:00.271522   SSE2 - SSE2 support                                     = 1 (1)
00:00:00.271523   SS - Self Snoop                                         = 0 (1)
00:00:00.271525   HTT - Hyper-Threading Technology                        = 1 (1)
00:00:00.271526   TM - Therm. Monitor                                     = 0 (1)
00:00:00.271528   PBE - Pending Break Enabled                             = 0 (1)
00:00:00.271529   SSE3 - SSE3 support                                     = 1 (1)
00:00:00.271531   PCLMUL - PCLMULQDQ support (for AES-GCM)                = 1 (1)
00:00:00.271532   DTES64 - DS Area 64-bit Layout                          = 0 (1)
00:00:00.271533   MONITOR - MONITOR/MWAIT instructions                    = 1 (1)
00:00:00.271534   CPL-DS - CPL Qualified Debug Store                      = 0 (1)
00:00:00.271535   VMX - Virtual Machine Extensions                        = 0 (1)
00:00:00.271537   SMX - Safer Mode Extensions                             = 0 (0)
00:00:00.271538   EST - Enhanced SpeedStep Technology                     = 0 (1)
00:00:00.271539   TM2 - Terminal Monitor 2                                = 0 (1)
00:00:00.271540   SSSE3 - Supplemental Streaming SIMD Extensions 3        = 1 (1)
00:00:00.271541   CNTX-ID - L1 Context ID                                 = 0 (0)
00:00:00.271543   SDBG - Silicon Debug interface                          = 0 (1)
00:00:00.271544   FMA - Fused Multiply Add extensions                     = 0 (1)
00:00:00.271545   CX16 - CMPXCHG16B instruction                           = 1 (1)
00:00:00.271546   TPRUPDATE - xTPR Update Control                         = 0 (1)
00:00:00.271548   PDCM - Perf/Debug Capability MSR                        = 0 (1)
00:00:00.271549   PCID - Process Context Identifiers                      = 1 (1)
00:00:00.271550   DCA - Direct Cache Access                               = 0 (0)
00:00:00.271552   SSE4_1 - SSE4_1 support                                 = 1 (1)
00:00:00.271553   SSE4_2 - SSE4_2 support                                 = 1 (1)
00:00:00.271554   X2APIC - x2APIC support                                 = 1 (1)
00:00:00.271556   MOVBE - MOVBE instruction                               = 1 (1)
00:00:00.271557   POPCNT - POPCNT instruction                             = 1 (1)
00:00:00.271558   TSCDEADL - Time Stamp Counter Deadline                  = 0 (1)
00:00:00.271560   AES - AES instructions                                  = 1 (1)
00:00:00.271561   XSAVE - XSAVE instruction                               = 1 (1)
00:00:00.271562   OSXSAVE - OSXSAVE instruction                           = 0 (1)
00:00:00.271563   AVX - AVX support                                       = 1 (1)
00:00:00.271565   F16C - 16-bit floating point conversion instructions    = 0 (1)
00:00:00.271566   RDRAND - RDRAND instruction                             = 1 (1)
00:00:00.271567   HVP - Hypervisor Present (we're a guest)                = 1 (0)
00:00:00.271569 Structured Extended Feature Flags Enumeration (leaf 7):
00:00:00.271569   Mnemonic - Description                                  = guest (host)
00:00:00.271570   FSGSBASE - RDFSBASE/RDGSBASE/WRFSBASE/WRGSBASE instr.   = 1 (1)
00:00:00.271571   TSCADJUST - Supports MSR_IA32_TSC_ADJUST                = 0 (1)
00:00:00.271572   SGX - Supports Software Guard Extensions                = 0 (1)
00:00:00.271573   BMI1 - Advanced Bit Manipulation extension 1            = 0 (1)
00:00:00.271574   HLE - Hardware Lock Elision                             = 0 (0)
00:00:00.271575   AVX2 - Advanced Vector Extensions 2                     = 1 (1)
00:00:00.271577   FDP_EXCPTN_ONLY - FPU DP only updated on exceptions     = 0 (0)
00:00:00.271577   SMEP - Supervisor Mode Execution Prevention             = 0 (1)
00:00:00.271578   BMI2 - Advanced Bit Manipulation extension 2            = 0 (1)
00:00:00.271579   ERMS - Enhanced REP MOVSB/STOSB instructions            = 0 (1)
00:00:00.271580   INVPCID - INVPCID instruction                           = 1 (1)
00:00:00.271582   RTM - Restricted Transactional Memory                   = 0 (0)
00:00:00.271583   PQM - Platform Quality of Service Monitoring            = 0 (0)
00:00:00.271584   DEPFPU_CS_DS - Deprecates FPU CS, FPU DS values if set  = 1 (1)
00:00:00.271585   MPE - Intel Memory Protection Extensions                = 0 (1)
00:00:00.271586   PQE - Platform Quality of Service Enforcement           = 0 (0)
00:00:00.271587   AVX512F - AVX512 Foundation instructions                = 0 (0)
00:00:00.271588   RDSEED - RDSEED instruction                             = 1 (1)
00:00:00.271589   ADX - ADCX/ADOX instructions                            = 0 (1)
00:00:00.271591   SMAP - Supervisor Mode Access Prevention                = 0 (1)
00:00:00.271592   CLFLUSHOPT - CLFLUSHOPT (Cache Line Flush) instruction  = 1 (1)
00:00:00.271593   INTEL_PT - Intel Processor Trace                        = 0 (1)
00:00:00.271594   AVX512PF - AVX512 Prefetch instructions                 = 0 (0)
00:00:00.271595   AVX512ER - AVX512 Exponential & Reciprocal instructions = 0 (0)
00:00:00.271596   AVX512CD - AVX512 Conflict Detection instructions       = 0 (0)
00:00:00.271597   SHA - Secure Hash Algorithm extensions                  = 0 (0)
00:00:00.271598   PREFETCHWT1 - PREFETCHWT1 instruction                   = 0 (0)
00:00:00.271599   UMIP - User mode insturction prevention                 = 0 (0)
00:00:00.271600   PKU - Protection Key for Usermode pages                 = 0 (0)
00:00:00.271601   OSPKE - CR4.PKU mirror                                  = 0 (0)
00:00:00.271603   MAWAU - Value used by BNDLDX & BNDSTX                   = 0x0 (0x0)
00:00:00.271604   RDPID - Read processor ID support                       = 0 (0)
00:00:00.271605   SGX_LC - Supports SGX Launch Configuration              = 0 (0)
00:00:00.271607    9 - Reserved                                           = 0 (1)
00:00:00.271608   MD_CLEAR - Supports MDS related buffer clearing         = 1 (1)
00:00:00.271609   11 - Reserved                                           = 0 (1)
00:00:00.271611   13 - Reserved                                           = 0 (1)
00:00:00.271612   IBRS_IBPB - IA32_SPEC_CTRL.IBRS and IA32_PRED_CMD.IBPB  = 0 (1)
00:00:00.271613   STIBP - Supports IA32_SPEC_CTRL.STIBP                   = 0 (1)
00:00:00.271614   FLUSH_CMD - Supports IA32_FLUSH_CMD                     = 1 (1)
00:00:00.271616   ARCHCAP - Supports IA32_ARCH_CAP                        = 0 (0)
00:00:00.271617   CORECAP - Supports IA32_CORE_CAP                        = 0 (0)
00:00:00.271618   SSBD - Supports IA32_SPEC_CTRL.SSBD                     = 0 (1)
00:00:00.271620 Processor Extended State Enumeration (leaf 0xd):
00:00:00.271620    XSAVE area cur/max size by XCR0, guest: 0x340/0x340
00:00:00.271622     XSAVE area cur/max size by XCR0, host: 0x440/0x440
00:00:00.271623                    Valid XCR0 bits, guest: 0x00000000`00000007 ( x87 SSE YMM_Hi128 )
00:00:00.271625                     Valid XCR0 bits, host: 0x00000000`0000001f ( x87 SSE YMM_Hi128 BNDREGS BNDCSR )
00:00:00.271628                     XSAVE features, guest:
00:00:00.271629                      XSAVE features, host: XSAVEOPT XSAVEC XGETBC1 XSAVES
00:00:00.271631       XSAVE area cur size XCR0|XSS, guest: 0x3c0
00:00:00.271632        XSAVE area cur size XCR0|XSS, host: 0x3c0
00:00:00.271633                Valid IA32_XSS bits, guest: 0x00000000`00000000
00:00:00.271634                 Valid IA32_XSS bits, host: 0x00000100`00000000 ( 40 )
00:00:00.271636   State #2, guest: off=0x0240, cb=0x0100 IA32_XSS-bit -- YMM_Hi128
00:00:00.271638   State #2, host:  off=0x0240, cb=0x0100 IA32_XSS-bit -- YMM_Hi128
00:00:00.271640   State #3, host:  off=0x03c0, cb=0x0040 IA32_XSS-bit -- BNDREGS
00:00:00.271642   State #4, host:  off=0x0400, cb=0x0040 IA32_XSS-bit -- BNDCSR
00:00:00.271644   State #8, host:  off=0x0000, cb=0x0080 XCR0-bit -- 8
00:00:00.271659          Unknown CPUID Leaves
00:00:00.271660      Leaf/sub-leaf  eax      ebx      ecx      edx
00:00:00.271661 Gst: 00000014/0001  00000000 00000000 00000000 00000000
00:00:00.271662 Hst:                02490002 003f3fff 00000000 00000000
00:00:00.271663 Gst: 00000014/0002  00000000 00000000 00000000 00000000
00:00:00.271664 Hst:                00000000 00000000 00000000 00000000
00:00:00.271665 Gst: 00000015/0000  00000000 00000000 00000000 00000000
00:00:00.271666 Hst:                00000002 000000d0 00000000 00000000
00:00:00.271667 Gst: 00000016/0000  00000000 00000000 00000000 00000000
00:00:00.271668 Hst:                000009c4 00000dac 00000064 00000000
00:00:00.271670          Raw Hypervisor CPUID Leaves
00:00:00.271670      Leaf/sub-leaf  eax      ebx      ecx      edx
00:00:00.271671 Gst: 40000000/0000  40000001 4b4d564b 564b4d56 0000004d
00:00:00.271673 Hst:                000009c4 00000dac 00000064 00000000
00:00:00.271674 Gst: 40000001/0000  01000089 00000000 00000000 00000000
00:00:00.271675 Hst:                000009c4 00000dac 00000064 00000000
00:00:00.271676          Raw Extended CPUID Leaves
00:00:00.271677      Leaf/sub-leaf  eax      ebx      ecx      edx
00:00:00.271677 Gst: 80000000/0000  80000008 00000000 00000000 00000000
00:00:00.271678 Hst:                80000008 00000000 00000000 00000000
00:00:00.271680 Gst: 80000001/0000  00000000 00000000 00000121 28100800
00:00:00.271681 Hst:                00000000 00000000 00000121 2c100800
00:00:00.271683 Gst: 80000002/0000  65746e49 2952286c 726f4320 4d542865
00:00:00.271684 Hst:                65746e49 2952286c 726f4320 4d542865
00:00:00.271686 Gst: 80000003/0000  35692029 3033372d 20514830 20555043
00:00:00.271687 Hst:                35692029 3033372d 20514830 20555043
00:00:00.271689 Gst: 80000004/0000  2e322040 48473035 0000007a 00000000
00:00:00.271691 Hst:                2e322040 48473035 0000007a 00000000
00:00:00.271692 Gst: 80000005/0000  00000000 00000000 00000000 00000000
00:00:00.271693 Hst:                00000000 00000000 00000000 00000000
00:00:00.271694 Gst: 80000006/0000  00000000 00000000 01006040 00000000
00:00:00.271695 Hst:                00000000 00000000 01006040 00000000
00:00:00.271696 Gst: 80000007/0000  00000000 00000000 00000000 00000100
00:00:00.271697 Hst:                00000000 00000000 00000000 00000100
00:00:00.271698 Gst: 80000008/0000  00003027 00000000 00000000 00000000
00:00:00.271699 Hst:                00003027 00000000 00000000 00000000
00:00:00.271700 Ext Name:                        
00:00:00.271701 Ext Supports:                    0x80000000-0x80000008
00:00:00.271702 Family:                          0  	Extended: 0 	Effective: 0
00:00:00.271703 Model:                           0  	Extended: 0 	Effective: 0
00:00:00.271703 Stepping:                        0
00:00:00.271704 Brand ID:                        0x000
00:00:00.271705 Ext Features
00:00:00.271705   Mnemonic - Description                                  = guest (host)
00:00:00.271706   FPU - x87 FPU on Chip                                   = 0 (0)
00:00:00.271707   VME - Virtual 8086 Mode Enhancements                    = 0 (0)
00:00:00.271708   DE - Debugging extensions                               = 0 (0)
00:00:00.271710   PSE - Page Size Extension                               = 0 (0)
00:00:00.271711   TSC - Time Stamp Counter                                = 0 (0)
00:00:00.271713   MSR - K86 Model Specific Registers                      = 0 (0)
00:00:00.271714   PAE - Physical Address Extension                        = 0 (0)
00:00:00.271715   MCE - Machine Check Exception                           = 0 (0)
00:00:00.271716   CX8 - CMPXCHG8B instruction                             = 0 (0)
00:00:00.271717   APIC - APIC On-Chip                                     = 0 (0)
00:00:00.271719   SEP - SYSCALL/SYSRET                                    = 1 (1)
00:00:00.271720   MTRR - Memory Type Range Registers                      = 0 (0)
00:00:00.271721   PGE - PTE Global Bit                                    = 0 (0)
00:00:00.271723   MCA - Machine Check Architecture                        = 0 (0)
00:00:00.271724   CMOV - Conditional Move instructions                    = 0 (0)
00:00:00.271725   PAT - Page Attribute Table                              = 0 (0)
00:00:00.271726   PSE-36 - 36-bit Page Size Extension                     = 0 (0)
00:00:00.271727   NX - No-Execute/Execute-Disable                         = 1 (1)
00:00:00.271729   AXMMX - AMD Extensions to MMX instructions              = 0 (0)
00:00:00.271730   MMX - Intel MMX Technology                              = 0 (0)
00:00:00.271731   FXSR - FXSAVE and FXRSTOR Instructions                  = 0 (0)
00:00:00.271732   FFXSR - AMD fast FXSAVE and FXRSTOR instructions        = 0 (0)
00:00:00.271733   Page1GB - 1 GB large page                               = 0 (1)
00:00:00.271734   RDTSCP - RDTSCP instruction                             = 1 (1)
00:00:00.271736   LM - AMD64 Long Mode                                    = 1 (1)
00:00:00.271737   3DNOWEXT - AMD Extensions to 3DNow                      = 0 (0)
00:00:00.271738   3DNOW - AMD 3DNow                                       = 0 (0)
00:00:00.271740   LahfSahf - LAHF/SAHF support in 64-bit mode             = 1 (1)
00:00:00.271741   CmpLegacy - Core multi-processing legacy mode           = 0 (0)
00:00:00.271742   SVM - AMD Secure Virtual Machine extensions             = 0 (0)
00:00:00.271743   EXTAPIC - AMD Extended APIC registers                   = 0 (0)
00:00:00.271744   CR8L - AMD LOCK MOV CR0 means MOV CR8                   = 0 (0)
00:00:00.271745   ABM - AMD Advanced Bit Manipulation                     = 1 (1)
00:00:00.271746   SSE4A - SSE4A instructions                              = 0 (0)
00:00:00.271748   MISALIGNSSE - AMD Misaligned SSE mode                   = 0 (0)
00:00:00.271749   3DNOWPRF - AMD PREFETCH and PREFETCHW instructions      = 1 (1)
00:00:00.271750   OSVW - AMD OS Visible Workaround                        = 0 (0)
00:00:00.271751   IBS - Instruct Based Sampling                           = 0 (0)
00:00:00.271753   XOP - Extended Operation support                        = 0 (0)
00:00:00.271754   SKINIT - SKINIT, STGI, and DEV support                  = 0 (0)
00:00:00.271755   WDT - AMD Watchdog Timer support                        = 0 (0)
00:00:00.271756   LWP - Lightweight Profiling support                     = 0 (0)
00:00:00.271757   FMA4 - Four operand FMA instruction support             = 0 (0)
00:00:00.271758   NodeId - NodeId in MSR C001_100C                        = 0 (0)
00:00:00.271760   TBM - Trailing Bit Manipulation instructions            = 0 (0)
00:00:00.271761   TOPOEXT - Topology Extensions                           = 0 (0)
00:00:00.271762   PRFEXTCORE - Performance Counter Extensions support     = 0 (0)
00:00:00.271763   PRFEXTNB - NB Performance Counter Extensions support    = 0 (0)
00:00:00.271764   DATABPEXT - Data-access Breakpoint Extension            = 0 (0)
00:00:00.271765   PERFTSC - Performance Time Stamp Counter                = 0 (0)
00:00:00.271766   PCX_L2I - L2I/L3 Performance Counter Extensions         = 0 (0)
00:00:00.271767   MWAITX - MWAITX and MONITORX instructions               = 0 (0)
00:00:00.271768 Full Name:                       "Intel(R) Core(TM) i5-7300HQ CPU @ 2.50GHz"
00:00:00.271769 TLB 2/4M Instr/Uni:              res0     0 entries
00:00:00.271770 TLB 2/4M Data:                   res0     0 entries
00:00:00.271771 TLB 4K Instr/Uni:                res0     0 entries
00:00:00.271772 TLB 4K Data:                     res0     0 entries
00:00:00.271772 L1 Instr Cache Line Size:        0 bytes
00:00:00.271773 L1 Instr Cache Lines Per Tag:    0
00:00:00.271773 L1 Instr Cache Associativity:    res0  
00:00:00.271774 L1 Instr Cache Size:             0 KB
00:00:00.271774 L1 Data Cache Line Size:         0 bytes
00:00:00.271775 L1 Data Cache Lines Per Tag:     0
00:00:00.271775 L1 Data Cache Associativity:     res0  
00:00:00.271776 L1 Data Cache Size:              0 KB
00:00:00.271777 L2 TLB 2/4M Instr/Uni:           off       0 entries
00:00:00.271777 L2 TLB 2/4M Data:                off       0 entries
00:00:00.271778 L2 TLB 4K Instr/Uni:             off       0 entries
00:00:00.271779 L2 TLB 4K Data:                  off       0 entries
00:00:00.271779 L2 Cache Line Size:              0 bytes
00:00:00.271780 L2 Cache Lines Per Tag:          0
00:00:00.271780 L2 Cache Associativity:          off   
00:00:00.271781 L2 Cache Size:                   0 KB
00:00:00.271781   TS - Temperature Sensor                                 = 0 (0)
00:00:00.271783   FID - Frequency ID control                              = 0 (0)
00:00:00.271784   VID - Voltage ID control                                = 0 (0)
00:00:00.271786   TscInvariant - Invariant Time Stamp Counter             = 1 (1)
00:00:00.271787   CBP - Core Performance Boost                            = 0 (0)
00:00:00.271788   EffFreqRO - Read-only Effective Frequency Interface     = 0 (0)
00:00:00.271789   ProcFdbkIf - Processor Feedback Interface               = 0 (0)
00:00:00.271790   ProcPwrRep - Core power reporting interface support     = 0 (0)
00:00:00.271791 Physical Address Width:          39 bits
00:00:00.271792 Virtual Address Width:           48 bits
00:00:00.271792 Guest Physical Address Width:    0 bits
00:00:00.271793 Physical Core Count:             1
00:00:00.271795 
00:00:00.271796 ******************** End of CPUID dump **********************
00:00:00.271796 *********************** VT-x features ***********************
00:00:00.271798 Nested hardware virtualization - VMX features
00:00:00.271798   Mnemonic - Description                                  = guest (host)
00:00:00.271798   VMX - Virtual-Machine Extensions                        = 0 (1)
00:00:00.271799   InsOutInfo - INS/OUTS instruction info.                 = 0 (1)
00:00:00.271800   ExtIntExit - External interrupt exiting                 = 0 (1)
00:00:00.271801   NmiExit - NMI exiting                                   = 0 (1)
00:00:00.271801   VirtNmi - Virtual NMIs                                  = 0 (1)
00:00:00.271802   PreemptTimer - VMX preemption timer                     = 0 (1)
00:00:00.271803   PostedInt - Posted interrupts                           = 0 (0)
00:00:00.271803   IntWindowExit - Interrupt-window exiting                = 0 (1)
00:00:00.271804   TscOffsetting - TSC offsetting                          = 0 (1)
00:00:00.271805   HltExit - HLT exiting                                   = 0 (1)
00:00:00.271805   InvlpgExit - INVLPG exiting                             = 0 (1)
00:00:00.271806   MwaitExit - MWAIT exiting                               = 0 (1)
00:00:00.271807   RdpmcExit - RDPMC exiting                               = 0 (1)
00:00:00.271807   RdtscExit - RDTSC exiting                               = 0 (1)
00:00:00.271808   Cr3LoadExit - CR3-load exiting                          = 0 (1)
00:00:00.271809   Cr3StoreExit - CR3-store exiting                        = 0 (1)
00:00:00.271809   Cr8LoadExit  - CR8-load exiting                         = 0 (1)
00:00:00.271810   Cr8StoreExit - CR8-store exiting                        = 0 (1)
00:00:00.271811   UseTprShadow - Use TPR shadow                           = 0 (1)
00:00:00.271811   NmiWindowExit - NMI-window exiting                      = 0 (1)
00:00:00.271812   MovDRxExit - Mov-DR exiting                             = 0 (1)
00:00:00.271812   UncondIoExit - Unconditional I/O exiting                = 0 (1)
00:00:00.271813   UseIoBitmaps - Use I/O bitmaps                          = 0 (1)
00:00:00.271814   MonitorTrapFlag - Monitor Trap Flag                     = 0 (1)
00:00:00.271814   UseMsrBitmaps - MSR bitmaps                             = 0 (1)
00:00:00.271815   MonitorExit - MONITOR exiting                           = 0 (1)
00:00:00.271816   PauseExit - PAUSE exiting                               = 0 (1)
00:00:00.271816   SecondaryExecCtl - Activate secondary controls          = 0 (1)
00:00:00.271817   VirtApic - Virtualize-APIC accesses                     = 0 (1)
00:00:00.271818   Ept - Extended Page Tables                              = 0 (1)
00:00:00.271818   DescTableExit - Descriptor-table exiting                = 0 (1)
00:00:00.271819   Rdtscp - Enable RDTSCP                                  = 0 (1)
00:00:00.271820   VirtX2ApicMode - Virtualize-x2APIC mode                 = 0 (1)
00:00:00.271820   Vpid - Enable VPID                                      = 0 (1)
00:00:00.271821   WbinvdExit - WBINVD exiting                             = 0 (1)
00:00:00.271821   UnrestrictedGuest - Unrestricted guest                  = 0 (1)
00:00:00.271822   ApicRegVirt - APIC-register virtualization              = 0 (0)
00:00:00.271823   VirtIntDelivery - Virtual-interrupt delivery            = 0 (0)
00:00:00.271823   PauseLoopExit - PAUSE-loop exiting                      = 0 (1)
00:00:00.271824   RdrandExit - RDRAND exiting                             = 0 (1)
00:00:00.271825   Invpcid - Enable INVPCID                                = 0 (1)
00:00:00.271825   VmFuncs - Enable VM Functions                           = 0 (1)
00:00:00.271826   VmcsShadowing - VMCS shadowing                          = 0 (0)
00:00:00.271826   RdseedExiting - RDSEED exiting                          = 0 (1)
00:00:00.271827   PML - Page-Modification Log (PML)                       = 0 (1)
00:00:00.271828   EptVe - EPT violations can cause #VE                    = 0 (1)
00:00:00.271828   XsavesXRstors - Enable XSAVES/XRSTORS                   = 0 (1)
00:00:00.271829   EntryLoadDebugCtls - Load debug controls on VM-entry    = 0 (1)
00:00:00.271830   Ia32eModeGuest - IA-32e mode guest                      = 0 (1)
00:00:00.271830   EntryLoadEferMsr - Load IA32_EFER MSR on VM-entry       = 0 (1)
00:00:00.271831   EntryLoadPatMsr - Load IA32_PAT MSR on VM-entry         = 0 (1)
00:00:00.271832   ExitSaveDebugCtls - Save debug controls on VM-exit      = 0 (1)
00:00:00.271832   HostAddrSpaceSize - Host address-space size             = 0 (1)
00:00:00.271833   ExitAckExtInt - Acknowledge interrupt on VM-exit        = 0 (1)
00:00:00.271833   ExitSavePatMsr - Save IA32_PAT MSR on VM-exit           = 0 (1)
00:00:00.271834   ExitLoadPatMsr - Load IA32_PAT MSR on VM-exit           = 0 (1)
00:00:00.271835   ExitSaveEferMsr - Save IA32_EFER MSR on VM-exit         = 0 (1)
00:00:00.271835   ExitLoadEferMsr - Load IA32_EFER MSR on VM-exit         = 0 (1)
00:00:00.271836   SavePreemptTimer - Save VMX-preemption timer            = 0 (1)
00:00:00.271837   ExitSaveEferLma - Save IA32_EFER.LMA on VM-exit         = 0 (1)
00:00:00.271837   IntelPt - Intel PT (Processor Trace) in VMX operation   = 0 (1)
00:00:00.271838   VmwriteAll - VMWRITE to any supported VMCS field        = 0 (1)
00:00:00.271838   EntryInjectSoftInt - Inject softint. with 0-len instr.  = 0 (1)
00:00:00.271839 
00:00:00.271840 ******************* End of VT-x features ********************
00:00:00.271861 VMEmt: Halt method global1 (5)
00:00:00.271898 VMEmt: HaltedGlobal1 config: cNsSpinBlockThresholdCfg=2000
00:00:00.271905 Changing the VM state from 'CREATING' to 'CREATED'
00:00:00.275625 Changing the VM state from 'CREATED' to 'LOADING'
00:00:00.276096 SSM: File header: Format 2.0, VirtualBox Version 6.1.26 r145957, 64-bit host, cbGCPhys=8, cbGCPtr=8
00:00:00.276686 VUSB: Detached 'HidMouse' from port 1 on RootHub#0
00:00:00.276764 SSM: Saved state info:
00:00:00.276770 SSM:   Build Type: release
00:00:00.276773 SSM:   Host OS: linux.amd64
00:00:00.276863 PCI:    PIIX3/0: register 60: 80 -> 8b
00:00:00.276869 PCI:    PIIX3/0: register 61: 00 -> 8a
00:00:00.276873 PCI:    PIIX3/0: register 62: 00 -> 89
00:00:00.276876 PCI:    PIIX3/0: register 63: 00 -> 8b
00:00:00.276880 PCI:    PIIX3/0: register ad: 00 -> ef
00:00:00.276883 PCI:    PIIX3/0: register de: 00 -> be
00:00:00.276891 PCI: piix3ide/0:  8-bit field LATENCY_TIMER: 0 -> 40
00:00:00.276895 PCI: piix3ide/0: 32-bit field BASE_ADDRESS_4: 1 -> d001
00:00:00.276902 PCI: piix3ide/0: register 40: 00 -> 03
00:00:00.276905 PCI: piix3ide/0: register 41: 80 -> e3
00:00:00.276909 PCI: piix3ide/0: register 43: 80 -> c0
00:00:00.276912 PCI: piix3ide/0: register 48: 00 -> 01
00:00:00.276915 PCI: piix3ide/0: register 4a: 00 -> 02
00:00:00.276923 PCI:      vga/0: 32-bit field BASE_ADDRESS_0: 1 -> d011
00:00:00.276928 PCI:      vga/0: 32-bit field BASE_ADDRESS_1: 8 -> e0000008
00:00:00.276931 PCI:      vga/0: 32-bit field BASE_ADDRESS_2: 0 -> f0000000
00:00:00.276935 PCI:      vga/0:  8-bit field INTERRUPT_LINE: 0 -> a
00:00:00.276939 PCI:      vga/0: 16-bit field COMMAND: 0 -> 3
00:00:00.277233 PCI:    e1000/0:  8-bit field LATENCY_TIMER: 0 -> 40
00:00:00.277238 PCI:    e1000/0: 32-bit field BASE_ADDRESS_0: 0 -> f0200000
00:00:00.277242 PCI:    e1000/0: 32-bit field BASE_ADDRESS_2: 1 -> d021
00:00:00.277246 PCI:    e1000/0:  8-bit field INTERRUPT_LINE: 0 -> 9
00:00:00.277249 PCI:    e1000/0: 16-bit field COMMAND: 0 -> 7
00:00:00.277264 PCI:   VMMDev/0: 32-bit field BASE_ADDRESS_0: 1 -> d041
00:00:00.277268 PCI:   VMMDev/0: 32-bit field BASE_ADDRESS_1: 0 -> f0400000
00:00:00.277272 PCI:   VMMDev/0: 32-bit field BASE_ADDRESS_2: 8 -> f0800008
00:00:00.277275 PCI:   VMMDev/0:  8-bit field INTERRUPT_LINE: 0 -> b
00:00:00.277279 PCI:   VMMDev/0: 16-bit field COMMAND: 0 -> 3
00:00:00.277294 PCI:  ichac97/0: 32-bit field BASE_ADDRESS_0: 1 -> d101
00:00:00.277298 PCI:  ichac97/0: 32-bit field BASE_ADDRESS_1: 1 -> d201
00:00:00.277301 PCI:  ichac97/0:  8-bit field INTERRUPT_LINE: 0 -> b
00:00:00.277305 PCI:  ichac97/0: 16-bit field COMMAND: 0 -> 1
00:00:00.277314 PCI: usb-ohci/0:  8-bit field LATENCY_TIMER: 0 -> 40
00:00:00.277318 PCI: usb-ohci/0: 32-bit field BASE_ADDRESS_0: 0 -> f0804000
00:00:00.277331 PCI: usb-ohci/0:  8-bit field INTERRUPT_LINE: 0 -> a
00:00:00.277334 PCI: usb-ohci/0: 16-bit field COMMAND: 0 -> 6
00:00:00.277351 PCI:    e1000/1:  8-bit field LATENCY_TIMER: 0 -> 40
00:00:00.277355 PCI:    e1000/1: 32-bit field BASE_ADDRESS_0: 0 -> f0820000
00:00:00.277359 PCI:    e1000/1: 32-bit field BASE_ADDRESS_2: 1 -> d241
00:00:00.277362 PCI:    e1000/1:  8-bit field INTERRUPT_LINE: 0 -> b
00:00:00.277366 PCI:    e1000/1: 16-bit field COMMAND: 0 -> 7
00:00:00.277379 PCI:     ahci/0:  8-bit field LATENCY_TIMER: 0 -> 40
00:00:00.277383 PCI:     ahci/0: 32-bit field BASE_ADDRESS_0: 1 -> d249
00:00:00.277387 PCI:     ahci/0: 32-bit field BASE_ADDRESS_1: 1 -> d251
00:00:00.277390 PCI:     ahci/0: 32-bit field BASE_ADDRESS_2: 1 -> d259
00:00:00.277394 PCI:     ahci/0: 32-bit field BASE_ADDRESS_3: 1 -> d261
00:00:00.277397 PCI:     ahci/0: 32-bit field BASE_ADDRESS_4: 1 -> d271
00:00:00.277401 PCI:     ahci/0: 32-bit field BASE_ADDRESS_5: 0 -> f0840000
00:00:00.277404 PCI:     ahci/0:  8-bit field INTERRUPT_LINE: 0 -> b
00:00:00.277408 PCI:     ahci/0: 16-bit field COMMAND: 0 -> 7
00:00:00.611582 TM: cTSCTicksPerSecond=0x94c54142 (2 495 955 266) enmTSCMode=3 (Dynamic) (state load)
00:00:00.611608 GIM: KVM: VCPU  0: Enabled system-time struct. at 0x00000000008d1000 - u32TscScale=0xcd21c2fd i8TscShift=-1 uVersion=2 fFlags=0x1 uTsc=0x1b7632c7f uVirtNanoTS=0xb00a2e8b TscKHz=2495954
00:00:00.611614 TM: Switching TSC mode from 'Dynamic' to 'RealTscOffset'
00:00:00.611653 PIT: mode=0 count=0x10000 (65536) - 18.20 Hz (ch=0) (restore)
00:00:00.611660 RTC: Stopped the periodic timer (restore)
00:00:00.611721 HGCM: Restoring [VBoxGuestPropSvc]
00:00:00.611729 HGCM: Restoring [VBoxGuestControlSvc]
00:00:00.611731 HGCM: Restoring [VBoxSharedFolders]
00:00:00.611733 HGCM: Restoring [VBoxDragAndDropSvc]
00:00:00.611735 HGCM: Restoring [VBoxSharedClipboard]
00:00:00.611778 VMMDev: Guest Additions information report: Interface = 0x00010004 osType = 0x00053000 (Linux >= 2.6, 32-bit)
00:00:00.612690 E1000#0: Interrupt attempts: 0
00:00:00.612695 E1000#0: Interrupts raised : 0
00:00:00.612696 E1000#0: Interrupts lowered: 0
00:00:00.612698 E1000#0: ICR outside ISR   : 0
00:00:00.612700 E1000#0: IMS raised ints   : 0
00:00:00.612701 E1000#0: Interrupts skipped: 0
00:00:00.612703 E1000#0: Masked interrupts : 0
00:00:00.612705 E1000#0: Early interrupts  : 0
00:00:00.612706 E1000#0: Late interrupts   : 0
00:00:00.612708 E1000#0: Lost interrupts   : 0
00:00:00.612710 E1000#0: Interrupts by RX  : 0
00:00:00.612711 E1000#0: Interrupts by TX  : 0
00:00:00.612713 E1000#0: Interrupts by ICS : 0
00:00:00.612715 E1000#0: Interrupts by RDTR: 0
00:00:00.612716 E1000#0: Interrupts by RDMT: 0
00:00:00.612718 E1000#0: Interrupts by TXQE: 0
00:00:00.612720 E1000#0: TX int delay asked: 0
00:00:00.612721 E1000#0: TX delayed:         0
00:00:00.612723 E1000#0: TX delay expired:   0
00:00:00.612725 E1000#0: TX no report asked: 0
00:00:00.612726 E1000#0: TX abs timer expd : 0
00:00:00.612728 E1000#0: TX int timer expd : 0
00:00:00.612730 E1000#0: RX abs timer expd : 0
00:00:00.612731 E1000#0: RX int timer expd : 0
00:00:00.612733 E1000#0: TX CTX descriptors: 0
00:00:00.612734 E1000#0: TX DAT descriptors: 0
00:00:00.612736 E1000#0: TX LEG descriptors: 0
00:00:00.612738 E1000#0: Received frames   : 0
00:00:00.612739 E1000#0: Transmitted frames: 0
00:00:00.612741 E1000#0: TX frames up to 1514: 0
00:00:00.612743 E1000#0: TX frames up to 2962: 0
00:00:00.612744 E1000#0: TX frames up to 4410: 0
00:00:00.612746 E1000#0: TX frames up to 5858: 0
00:00:00.612748 E1000#0: TX frames up to 7306: 0
00:00:00.612749 E1000#0: TX frames up to 8754: 0
00:00:00.612751 E1000#0: TX frames up to 16384: 0
00:00:00.612753 E1000#0: TX frames up to 32768: 0
00:00:00.612754 E1000#0: Larger TX frames    : 0
00:00:00.612756 E1000#0: Max TX Delay        : 0
00:00:00.612761 E1000#1: Interrupt attempts: 0
00:00:00.612763 E1000#1: Interrupts raised : 0
00:00:00.612764 E1000#1: Interrupts lowered: 0
00:00:00.612766 E1000#1: ICR outside ISR   : 0
00:00:00.612768 E1000#1: IMS raised ints   : 0
00:00:00.612778 E1000#1: Interrupts skipped: 0
00:00:00.612780 E1000#1: Masked interrupts : 0
00:00:00.612781 E1000#1: Early interrupts  : 0
00:00:00.612783 E1000#1: Late interrupts   : 0
00:00:00.612784 E1000#1: Lost interrupts   : 0
00:00:00.612786 E1000#1: Interrupts by RX  : 0
00:00:00.612788 E1000#1: Interrupts by TX  : 0
00:00:00.612790 E1000#1: Interrupts by ICS : 0
00:00:00.612791 E1000#1: Interrupts by RDTR: 0
00:00:00.612793 E1000#1: Interrupts by RDMT: 0
00:00:00.612794 E1000#1: Interrupts by TXQE: 0
00:00:00.612796 E1000#1: TX int delay asked: 0
00:00:00.612798 E1000#1: TX delayed:         0
00:00:00.612799 E1000#1: TX delay expired:   0
00:00:00.612801 E1000#1: TX no report asked: 0
00:00:00.612803 E1000#1: TX abs timer expd : 0
00:00:00.612804 E1000#1: TX int timer expd : 0
00:00:00.612806 E1000#1: RX abs timer expd : 0
00:00:00.612808 E1000#1: RX int timer expd : 0
00:00:00.612809 E1000#1: TX CTX descriptors: 0
00:00:00.612811 E1000#1: TX DAT descriptors: 0
00:00:00.612812 E1000#1: TX LEG descriptors: 0
00:00:00.612814 E1000#1: Received frames   : 0
00:00:00.612816 E1000#1: Transmitted frames: 0
00:00:00.612817 E1000#1: TX frames up to 1514: 0
00:00:00.612819 E1000#1: TX frames up to 2962: 0
00:00:00.612821 E1000#1: TX frames up to 4410: 0
00:00:00.612822 E1000#1: TX frames up to 5858: 0
00:00:00.612824 E1000#1: TX frames up to 7306: 0
00:00:00.612826 E1000#1: TX frames up to 8754: 0
00:00:00.612827 E1000#1: TX frames up to 16384: 0
00:00:00.612829 E1000#1: TX frames up to 32768: 0
00:00:00.612831 E1000#1: Larger TX frames    : 0
00:00:00.612832 E1000#1: Max TX Delay        : 0
00:00:00.612837 AC97: Record select to left=mic, right=mic
00:00:00.612983 Changing the VM state from 'LOADING' to 'SUSPENDED'
00:00:00.613046 Changing the VM state from 'SUSPENDED' to 'RESUMING'
00:00:00.613727 NAT: Link down
00:00:00.614364 Changing the VM state from 'RESUMING' to 'RUNNING'
00:00:00.614372 Console: Machine state changed to 'Running'
00:00:00.679620 VBoxHeadless: starting event loop
00:00:00.821776 OHCI: USB Suspended
00:00:00.929515 VUSB: Attached 'HidMouse' to port 1 on RootHub#0 (FullSpeed)
00:00:00.981777 OHCI: USB Operational
00:00:03.679344 NAT: Link up
00:00:03.679408 NAT: resolv.conf: nameserver 127.0.0.53
00:00:03.679425 NAT: DNS server 127.0.0.53 registration detected, switching to the DNS proxy
00:00:03.679430 NAT: DNS#0: 127.0.0.53
