00:00:00.018848 VirtualBox VM 6.1.26 r145957 linux.amd64 (Jul 28 2021 20:08:35) release log
00:00:00.018851 Log opened 2021-09-01T17:58:57.444894000Z
00:00:00.018852 Build Type: release
00:00:00.018856 OS Product: Linux
00:00:00.018857 OS Release: 5.4.0-81-generic
00:00:00.018859 OS Version: #91~18.04.1-Ubuntu SMP Fri Jul 23 13:36:29 UTC 2021
00:00:00.018882 DMI Product Name: Predator G9-593
00:00:00.018891 DMI Product Version: V1.13
00:00:00.018898 Firmware type: UEFI
00:00:00.019730 Secure Boot: Disabled
00:00:00.019801 Host RAM: 15952MB (15.5GB) total, 8660MB (8.4GB) available
00:00:00.019807 Executable: /usr/lib/virtualbox/VBoxHeadless
00:00:00.019808 Process ID: 22429
00:00:00.019808 Package type: LINUX_64BITS_UBUNTU_18_04
00:00:00.042783 Installed Extension Packs:
00:00:00.042806   None installed!
00:00:00.043894 Console: Machine state changed to 'Starting'
00:00:00.046481 SUP: Opened VMMR0.r0 (/usr/lib/virtualbox/VMMR0.r0) at 0xXXXXXXXXXXXXXXXX.
00:00:00.049119 Guest OS type: 'Ubuntu_64'
00:00:00.050206 fHMForced=true - No raw-mode support in this build!
00:00:00.065491 File system of '/home/vamsi/Documents/Acads/Sem 7/Computer Networks/Lab/Lab2/lab2_network/VMImages/h3/Snapshots' (snapshots) is ext4
00:00:00.065505 File system of '/home/vamsi/Documents/Acads/Sem 7/Computer Networks/Lab/Lab2/lab2_network/VMImages/h3/Snapshots/{02ffefb6-eda2-4ed4-8873-dda50f8bdeb1}.vdi' is ext4
00:00:00.094687 Shared Clipboard: Service loaded
00:00:00.094703 Shared Clipboard: Mode: Off
00:00:00.094803 Shared Clipboard: Service running in headless mode
00:00:00.095820 Drag and drop service loaded
00:00:00.095829 Drag and drop mode: Off
00:00:00.098514 ************************* CFGM dump *************************
00:00:00.098520 [/] (level 0)
00:00:00.098529   CpuExecutionCap   <integer> = 0x0000000000000064 (100)
00:00:00.098541   EnablePAE         <integer> = 0x0000000000000000 (0)
00:00:00.098543   HMEnabled         <integer> = 0x0000000000000001 (1)
00:00:00.098544   MemBalloonSize    <integer> = 0x0000000000000000 (0)
00:00:00.098545   Name              <string>  = "h3" (cb=3)
00:00:00.098547   NumCPUs           <integer> = 0x0000000000000001 (1)
00:00:00.098548   PageFusionAllowed <integer> = 0x0000000000000000 (0)
00:00:00.098549   RamHoleSize       <integer> = 0x0000000020000000 (536 870 912, 512 MB)
00:00:00.098551   RamSize           <integer> = 0x0000000040000000 (1 073 741 824, 1 024 MB)
00:00:00.098553   TimerMillies      <integer> = 0x000000000000000a (10)
00:00:00.098555   UUID              <bytes>   = "db 10 f5 08 f7 c3 e1 4a 8a 97 0d 3a b3 64 9e 5e" (cb=16)
00:00:00.098559 
00:00:00.098562 [/CPUM/] (level 1)
00:00:00.098563   GuestCpuName       <string>  = "host" (cb=5)
00:00:00.098564   NestedHWVirt       <integer> = 0x0000000000000000 (0)
00:00:00.098565   PortableCpuIdLevel <integer> = 0x0000000000000000 (0)
00:00:00.098566   SpecCtrl           <integer> = 0x0000000000000000 (0)
00:00:00.098567 
00:00:00.098568 [/CPUM/IsaExts/] (level 2)
00:00:00.098569 
00:00:00.098572 [/DBGC/] (level 1)
00:00:00.098573   GlobalInitScript <string>  = "/home/vamsi/.config/VirtualBox/dbgc-init" (cb=41)
00:00:00.098574   HistoryFile      <string>  = "/home/vamsi/.config/VirtualBox/dbgc-history" (cb=44)
00:00:00.098575   LocalInitScript  <string>  = "/home/vamsi/Documents/Acads/Sem 7/Computer Networks/Lab/Lab2/lab2_network/VMImages/h3/dbgc-init" (cb=96)
00:00:00.098576 
00:00:00.098576 [/DBGF/] (level 1)
00:00:00.098577   Path <string>  = "/home/vamsi/Documents/Acads/Sem 7/Computer Networks/Lab/Lab2/lab2_network/VMImages/h3/debug/;/home/vamsi/Documents/Acads/Sem 7/Computer Networks/Lab/Lab2/lab2_network/VMImages/h3/;cache*/home/vamsi/Documents/Acads/Sem 7/Computer Networks/Lab/Lab2/lab2_network/VMImages/h3/dbgcache/;/home/vamsi/" (cb=295)
00:00:00.098579 
00:00:00.098579 [/Devices/] (level 1)
00:00:00.098581 
00:00:00.098581 [/Devices/8237A/] (level 2)
00:00:00.098582 
00:00:00.098583 [/Devices/8237A/0/] (level 3)
00:00:00.098584   Trusted <integer> = 0x0000000000000001 (1)
00:00:00.098585 
00:00:00.098585 [/Devices/GIMDev/] (level 2)
00:00:00.098587 
00:00:00.098587 [/Devices/GIMDev/0/] (level 3)
00:00:00.098588   Trusted <integer> = 0x0000000000000001 (1)
00:00:00.098589 
00:00:00.098589 [/Devices/VMMDev/] (level 2)
00:00:00.098591 
00:00:00.098591 [/Devices/VMMDev/0/] (level 3)
00:00:00.098592   PCIBusNo      <integer> = 0x0000000000000000 (0)
00:00:00.098593   PCIDeviceNo   <integer> = 0x0000000000000004 (4)
00:00:00.098594   PCIFunctionNo <integer> = 0x0000000000000000 (0)
00:00:00.098595   Trusted       <integer> = 0x0000000000000001 (1)
00:00:00.098596 
00:00:00.098596 [/Devices/VMMDev/0/Config/] (level 4)
00:00:00.098598   GuestCoreDumpDir <string>  = "/home/vamsi/Documents/Acads/Sem 7/Computer Networks/Lab/Lab2/lab2_network/VMImages/h3/Snapshots" (cb=96)
00:00:00.098599 
00:00:00.098599 [/Devices/VMMDev/0/LUN#0/] (level 4)
00:00:00.098601   Driver <string>  = "HGCM" (cb=5)
00:00:00.098601 
00:00:00.098602 [/Devices/VMMDev/0/LUN#0/Config/] (level 5)
00:00:00.098604   Object <integer> = 0x00007f6988000b70 (140 091 229 997 936)
00:00:00.098606 
00:00:00.098606 [/Devices/VMMDev/0/LUN#999/] (level 4)
00:00:00.098607   Driver <string>  = "MainStatus" (cb=11)
00:00:00.098608 
00:00:00.098609 [/Devices/VMMDev/0/LUN#999/Config/] (level 5)
00:00:00.098610   First   <integer> = 0x0000000000000000 (0)
00:00:00.098611   Last    <integer> = 0x0000000000000000 (0)
00:00:00.098612   papLeds <integer> = 0x00007f69940027b8 (140 091 431 331 768)
00:00:00.098614 
00:00:00.098614 [/Devices/acpi/] (level 2)
00:00:00.098616 
00:00:00.098616 [/Devices/acpi/0/] (level 3)
00:00:00.098617   PCIBusNo      <integer> = 0x0000000000000000 (0)
00:00:00.098618   PCIDeviceNo   <integer> = 0x0000000000000007 (7)
00:00:00.098619   PCIFunctionNo <integer> = 0x0000000000000000 (0)
00:00:00.098620   Trusted       <integer> = 0x0000000000000001 (1)
00:00:00.098621 
00:00:00.098621 [/Devices/acpi/0/Config/] (level 4)
00:00:00.098623   CpuHotPlug          <integer> = 0x0000000000000000 (0)
00:00:00.098624   FdcEnabled          <integer> = 0x0000000000000000 (0)
00:00:00.098625   HostBusPciAddress   <integer> = 0x0000000000000000 (0)
00:00:00.098626   HpetEnabled         <integer> = 0x0000000000000000 (0)
00:00:00.098627   IOAPIC              <integer> = 0x0000000000000001 (1)
00:00:00.098628   IocPciAddress       <integer> = 0x0000000000010000 (65 536)
00:00:00.098630   NumCPUs             <integer> = 0x0000000000000001 (1)
00:00:00.098631   Parallel0IoPortBase <integer> = 0x0000000000000000 (0)
00:00:00.098632   Parallel0Irq        <integer> = 0x0000000000000000 (0)
00:00:00.098632   Parallel1IoPortBase <integer> = 0x0000000000000000 (0)
00:00:00.098633   Parallel1Irq        <integer> = 0x0000000000000000 (0)
00:00:00.098634   Serial0IoPortBase   <integer> = 0x0000000000000000 (0)
00:00:00.098635   Serial0Irq          <integer> = 0x0000000000000000 (0)
00:00:00.098636   Serial1IoPortBase   <integer> = 0x0000000000000000 (0)
00:00:00.098637   Serial1Irq          <integer> = 0x0000000000000000 (0)
00:00:00.098638   ShowCpu             <integer> = 0x0000000000000001 (1)
00:00:00.098639   ShowRtc             <integer> = 0x0000000000000000 (0)
00:00:00.098640   SmcEnabled          <integer> = 0x0000000000000000 (0)
00:00:00.098641 
00:00:00.098641 [/Devices/acpi/0/LUN#0/] (level 4)
00:00:00.098642   Driver <string>  = "ACPIHost" (cb=9)
00:00:00.098643 
00:00:00.098644 [/Devices/acpi/0/LUN#0/Config/] (level 5)
00:00:00.098645 
00:00:00.098646 [/Devices/ahci/] (level 2)
00:00:00.098647 
00:00:00.098647 [/Devices/ahci/0/] (level 3)
00:00:00.098648   PCIBusNo      <integer> = 0x0000000000000000 (0)
00:00:00.098649   PCIDeviceNo   <integer> = 0x000000000000000d (13)
00:00:00.098650   PCIFunctionNo <integer> = 0x0000000000000000 (0)
00:00:00.098651   Trusted       <integer> = 0x0000000000000001 (1)
00:00:00.098652 
00:00:00.098652 [/Devices/ahci/0/Config/] (level 4)
00:00:00.098654   Bootable  <integer> = 0x0000000000000001 (1)
00:00:00.098655   PortCount <integer> = 0x0000000000000001 (1)
00:00:00.098656 
00:00:00.098656 [/Devices/ahci/0/Config/Port0/] (level 5)
00:00:00.098658   Hotpluggable <integer> = 0x0000000000000000 (0)
00:00:00.098658 
00:00:00.098659 [/Devices/ahci/0/LUN#0/] (level 4)
00:00:00.098660   Driver <string>  = "VD" (cb=3)
00:00:00.098661 
00:00:00.098661 [/Devices/ahci/0/LUN#0/Config/] (level 5)
00:00:00.098664   BlockCache <integer> = 0x0000000000000001 (1)
00:00:00.098664   Format     <string>  = "VDI" (cb=4)
00:00:00.098665   Mountable  <integer> = 0x0000000000000000 (0)
00:00:00.098666   Path       <string>  = "/home/vamsi/Documents/Acads/Sem 7/Computer Networks/Lab/Lab2/lab2_network/VMImages/h3/Snapshots/{02ffefb6-eda2-4ed4-8873-dda50f8bdeb1}.vdi" (cb=139)
00:00:00.098667   Type       <string>  = "HardDisk" (cb=9)
00:00:00.098668   UseNewIo   <integer> = 0x0000000000000001 (1)
00:00:00.098669 
00:00:00.098669 [/Devices/ahci/0/LUN#0/Config/Parent/] (level 6)
00:00:00.098671   Format <string>  = "VDI" (cb=4)
00:00:00.098672   Path   <string>  = "/home/vamsi/Documents/Acads/Sem 7/Computer Networks/Lab/Lab2/lab2_network/VMImages/base/Snapshots/{ca230307-de07-4ee1-b500-8daa8ed4ebc4}.vdi" (cb=141)
00:00:00.098673 
00:00:00.098673 [/Devices/ahci/0/LUN#0/Config/Parent/Parent/] (level 7)
00:00:00.098675   Format <string>  = "VDI" (cb=4)
00:00:00.098676   Path   <string>  = "/home/vamsi/Documents/Acads/Sem 7/Computer Networks/Lab/Lab2/lab2_network/VMImages/base/Snapshots/{8f83ab64-891d-4e29-8532-09d2e668c3dd}.vdi" (cb=141)
00:00:00.098677 
00:00:00.098677 [/Devices/ahci/0/LUN#0/Config/Parent/Parent/Parent/] (level 8)
00:00:00.098679   Format <string>  = "VDI" (cb=4)
00:00:00.098680   Path   <string>  = "/home/vamsi/Documents/Acads/Sem 7/Computer Networks/Lab/Lab2/lab2_network/VMImages/base/base.vdi" (cb=97)
00:00:00.098681 
00:00:00.098681 [/Devices/ahci/0/LUN#0/Config/Parent/Parent/Parent/VDConfig/] (level 9)
00:00:00.098684   AllocationBlockSize <string>  = "1048576" (cb=8)
00:00:00.098684 
00:00:00.098685 [/Devices/ahci/0/LUN#0/Config/Parent/Parent/VDConfig/] (level 8)
00:00:00.098687   AllocationBlockSize <string>  = "1048576" (cb=8)
00:00:00.098687 
00:00:00.098688 [/Devices/ahci/0/LUN#0/Config/Parent/VDConfig/] (level 7)
00:00:00.098690   AllocationBlockSize <string>  = "1048576" (cb=8)
00:00:00.098690 
00:00:00.098691 [/Devices/ahci/0/LUN#0/Config/VDConfig/] (level 6)
00:00:00.098692   AllocationBlockSize <string>  = "1048576" (cb=8)
00:00:00.098693 
00:00:00.098693 [/Devices/ahci/0/LUN#999/] (level 4)
00:00:00.098695   Driver <string>  = "MainStatus" (cb=11)
00:00:00.098695 
00:00:00.098696 [/Devices/ahci/0/LUN#999/Config/] (level 5)
00:00:00.098698   DeviceInstance        <string>  = "ahci/0" (cb=7)
00:00:00.098698   First                 <integer> = 0x0000000000000000 (0)
00:00:00.098700   Last                  <integer> = 0x0000000000000000 (0)
00:00:00.098701   pConsole              <integer> = 0x00007f69940013e0 (140 091 431 326 688)
00:00:00.098703   papLeds               <integer> = 0x00007f6994001bc0 (140 091 431 328 704)
00:00:00.098705   pmapMediumAttachments <integer> = 0x00007f69940027d8 (140 091 431 331 800)
00:00:00.098706 
00:00:00.098707 [/Devices/apic/] (level 2)
00:00:00.098708 
00:00:00.098708 [/Devices/apic/0/] (level 3)
00:00:00.098710   Trusted <integer> = 0x0000000000000001 (1)
00:00:00.098711 
00:00:00.098711 [/Devices/apic/0/Config/] (level 4)
00:00:00.098712   IOAPIC  <integer> = 0x0000000000000001 (1)
00:00:00.098713   Mode    <integer> = 0x0000000000000003 (3)
00:00:00.098714   NumCPUs <integer> = 0x0000000000000001 (1)
00:00:00.098715 
00:00:00.098715 [/Devices/e1000/] (level 2)
00:00:00.098717 
00:00:00.098717 [/Devices/e1000/0/] (level 3)
00:00:00.098718   PCIBusNo      <integer> = 0x0000000000000000 (0)
00:00:00.098719   PCIDeviceNo   <integer> = 0x0000000000000003 (3)
00:00:00.098720   PCIFunctionNo <integer> = 0x0000000000000000 (0)
00:00:00.098721   Trusted       <integer> = 0x0000000000000001 (1)
00:00:00.098722 
00:00:00.098722 [/Devices/e1000/0/Config/] (level 4)
00:00:00.098723   AdapterType    <integer> = 0x0000000000000000 (0)
00:00:00.098724   CableConnected <integer> = 0x0000000000000001 (1)
00:00:00.098725   LineSpeed      <integer> = 0x0000000000000000 (0)
00:00:00.098726   MAC            <bytes>   = "08 00 27 86 f0 a4" (cb=6)
00:00:00.098728 
00:00:00.098728 [/Devices/e1000/0/LUN#0/] (level 4)
00:00:00.098730   Driver <string>  = "NAT" (cb=4)
00:00:00.098731 
00:00:00.098731 [/Devices/e1000/0/LUN#0/Config/] (level 5)
00:00:00.098733   AliasMode       <integer> = 0x0000000000000000 (0)
00:00:00.098734   BootFile        <string>  = "h3.pxe" (cb=7)
00:00:00.098734   DNSProxy        <integer> = 0x0000000000000000 (0)
00:00:00.098735   Network         <string>  = "10.0.2.0/24" (cb=12)
00:00:00.098736   PassDomain      <integer> = 0x0000000000000001 (1)
00:00:00.098737   TFTPPrefix      <string>  = "/home/vamsi/.config/VirtualBox/TFTP" (cb=36)
00:00:00.098738   UseHostResolver <integer> = 0x0000000000000000 (0)
00:00:00.098739 
00:00:00.098740 [/Devices/e1000/0/LUN#0/Config/PortForwarding/] (level 6)
00:00:00.098741 
00:00:00.098742 [/Devices/e1000/0/LUN#0/Config/PortForwarding/0/] (level 7)
00:00:00.098744   GuestPort <integer> = 0x0000000000000016 (22)
00:00:00.098745   HostPort  <integer> = 0x00000000000038a7 (14 503)
00:00:00.098746   Name      <string>  = "ssh" (cb=4)
00:00:00.098747   Protocol  <string>  = "TCP" (cb=4)
00:00:00.098748 
00:00:00.098748 [/Devices/e1000/0/LUN#999/] (level 4)
00:00:00.098749   Driver <string>  = "MainStatus" (cb=11)
00:00:00.098750 
00:00:00.098750 [/Devices/e1000/0/LUN#999/Config/] (level 5)
00:00:00.098752   First   <integer> = 0x0000000000000000 (0)
00:00:00.098753   Last    <integer> = 0x0000000000000000 (0)
00:00:00.098754   papLeds <integer> = 0x00007f6994002698 (140 091 431 331 480)
00:00:00.098755 
00:00:00.098756 [/Devices/e1000/1/] (level 3)
00:00:00.098757   PCIBusNo      <integer> = 0x0000000000000000 (0)
00:00:00.098758   PCIDeviceNo   <integer> = 0x0000000000000008 (8)
00:00:00.098759   PCIFunctionNo <integer> = 0x0000000000000000 (0)
00:00:00.098760   Trusted       <integer> = 0x0000000000000001 (1)
00:00:00.098760 
00:00:00.098761 [/Devices/e1000/1/Config/] (level 4)
00:00:00.098762   AdapterType    <integer> = 0x0000000000000000 (0)
00:00:00.098763   CableConnected <integer> = 0x0000000000000001 (1)
00:00:00.098764   LineSpeed      <integer> = 0x0000000000000000 (0)
00:00:00.098765   MAC            <bytes>   = "08 00 27 47 0d b8" (cb=6)
00:00:00.098767 
00:00:00.098767 [/Devices/e1000/1/LUN#0/] (level 4)
00:00:00.098768   Driver <string>  = "IntNet" (cb=7)
00:00:00.098769 
00:00:00.098770 [/Devices/e1000/1/LUN#0/Config/] (level 5)
00:00:00.098771   IfPolicyPromisc <string>  = "deny" (cb=5)
00:00:00.098772   Network         <string>  = "intnet2" (cb=8)
00:00:00.098773   TrunkType       <integer> = 0x0000000000000002 (2)
00:00:00.098774 
00:00:00.098774 [/Devices/e1000/1/LUN#999/] (level 4)
00:00:00.098776   Driver <string>  = "MainStatus" (cb=11)
00:00:00.098776 
00:00:00.098777 [/Devices/e1000/1/LUN#999/Config/] (level 5)
00:00:00.098778   First   <integer> = 0x0000000000000000 (0)
00:00:00.098779   Last    <integer> = 0x0000000000000000 (0)
00:00:00.098780   papLeds <integer> = 0x00007f69940026a0 (140 091 431 331 488)
00:00:00.098782 
00:00:00.098782 [/Devices/i8254/] (level 2)
00:00:00.098783 
00:00:00.098784 [/Devices/i8254/0/] (level 3)
00:00:00.098785 
00:00:00.098785 [/Devices/i8254/0/Config/] (level 4)
00:00:00.098786 
00:00:00.098787 [/Devices/i8259/] (level 2)
00:00:00.098788 
00:00:00.098788 [/Devices/i8259/0/] (level 3)
00:00:00.098790   Trusted <integer> = 0x0000000000000001 (1)
00:00:00.098790 
00:00:00.098791 [/Devices/i8259/0/Config/] (level 4)
00:00:00.098792 
00:00:00.098792 [/Devices/ichac97/] (level 2)
00:00:00.098794 
00:00:00.098794 [/Devices/ichac97/0/] (level 3)
00:00:00.098795   PCIBusNo      <integer> = 0x0000000000000000 (0)
00:00:00.098796   PCIDeviceNo   <integer> = 0x0000000000000005 (5)
00:00:00.098797   PCIFunctionNo <integer> = 0x0000000000000000 (0)
00:00:00.098798   Trusted       <integer> = 0x0000000000000001 (1)
00:00:00.098799 
00:00:00.098799 [/Devices/ichac97/0/AudioConfig/] (level 4)
00:00:00.098801 
00:00:00.098801 [/Devices/ichac97/0/Config/] (level 4)
00:00:00.098802   Codec        <string>  = "AD1980" (cb=7)
00:00:00.098803   DebugEnabled <integer> = 0x0000000000000000 (0)
00:00:00.098804 
00:00:00.098804 [/Devices/ichac97/0/LUN#0/] (level 4)
00:00:00.098806   Driver <string>  = "AUDIO" (cb=6)
00:00:00.098806 
00:00:00.098807 [/Devices/ichac97/0/LUN#0/AttachedDriver/] (level 5)
00:00:00.098808   Driver <string>  = "PulseAudio" (cb=11)
00:00:00.098809 
00:00:00.098810 [/Devices/ichac97/0/LUN#0/AttachedDriver/Config/] (level 6)
00:00:00.098811   VmName <string>  = "h3" (cb=3)
00:00:00.098812 
00:00:00.098812 [/Devices/ichac97/0/LUN#0/Config/] (level 5)
00:00:00.098814   DriverName    <string>  = "PulseAudio" (cb=11)
00:00:00.098815   InputEnabled  <integer> = 0x0000000000000000 (0)
00:00:00.098816   OutputEnabled <integer> = 0x0000000000000001 (1)
00:00:00.098816 
00:00:00.098817 [/Devices/ichac97/0/LUN#1/] (level 4)
00:00:00.098818   Driver <string>  = "AUDIO" (cb=6)
00:00:00.098819 
00:00:00.098819 [/Devices/ichac97/0/LUN#2/] (level 4)
00:00:00.098820   Driver <string>  = "AUDIO" (cb=6)
00:00:00.098821 
00:00:00.098821 [/Devices/ioapic/] (level 2)
00:00:00.098822 
00:00:00.098823 [/Devices/ioapic/0/] (level 3)
00:00:00.098824   Trusted <integer> = 0x0000000000000001 (1)
00:00:00.098825 
00:00:00.098825 [/Devices/ioapic/0/Config/] (level 4)
00:00:00.098827   NumCPUs <integer> = 0x0000000000000001 (1)
00:00:00.098827 
00:00:00.098828 [/Devices/mc146818/] (level 2)
00:00:00.098829 
00:00:00.098829 [/Devices/mc146818/0/] (level 3)
00:00:00.098831 
00:00:00.098831 [/Devices/mc146818/0/Config/] (level 4)
00:00:00.098832   UseUTC <integer> = 0x0000000000000001 (1)
00:00:00.098833 
00:00:00.098833 [/Devices/parallel/] (level 2)
00:00:00.098835 
00:00:00.098835 [/Devices/pcarch/] (level 2)
00:00:00.098836 
00:00:00.098836 [/Devices/pcarch/0/] (level 3)
00:00:00.098838   Trusted <integer> = 0x0000000000000001 (1)
00:00:00.098838 
00:00:00.098839 [/Devices/pcarch/0/Config/] (level 4)
00:00:00.098840 
00:00:00.098840 [/Devices/pcbios/] (level 2)
00:00:00.098842 
00:00:00.098842 [/Devices/pcbios/0/] (level 3)
00:00:00.098843   Trusted <integer> = 0x0000000000000001 (1)
00:00:00.098844 
00:00:00.098844 [/Devices/pcbios/0/Config/] (level 4)
00:00:00.098846   APIC               <integer> = 0x0000000000000001 (1)
00:00:00.098847   BootDevice0        <string>  = "FLOPPY" (cb=7)
00:00:00.098848   BootDevice1        <string>  = "DVD" (cb=4)
00:00:00.098849   BootDevice2        <string>  = "IDE" (cb=4)
00:00:00.098849   BootDevice3        <string>  = "NONE" (cb=5)
00:00:00.098850   FloppyDevice       <string>  = "i82078" (cb=7)
00:00:00.098851   HardDiskDevice     <string>  = "piix3ide" (cb=9)
00:00:00.098852   IOAPIC             <integer> = 0x0000000000000001 (1)
00:00:00.098853   McfgBase           <integer> = 0x0000000000000000 (0)
00:00:00.098854   McfgLength         <integer> = 0x0000000000000000 (0)
00:00:00.098855   NumCPUs            <integer> = 0x0000000000000001 (1)
00:00:00.098856   PXEDebug           <integer> = 0x0000000000000000 (0)
00:00:00.098857   SataHardDiskDevice <string>  = "ahci" (cb=5)
00:00:00.098858   SataLUN1           <integer> = 0x0000000000000000 (0)
00:00:00.098859   UUID               <bytes>   = "db 10 f5 08 f7 c3 e1 4a 8a 97 0d 3a b3 64 9e 5e" (cb=16)
00:00:00.098861   UuidLe             <integer> = 0x0000000000000000 (0)
00:00:00.098862 
00:00:00.098863 [/Devices/pcbios/0/Config/NetBoot/] (level 5)
00:00:00.098864 
00:00:00.098865 [/Devices/pcbios/0/Config/NetBoot/0/] (level 6)
00:00:00.098866   NIC           <integer> = 0x0000000000000000 (0)
00:00:00.098867   PCIBusNo      <integer> = 0x0000000000000000 (0)
00:00:00.098868   PCIDeviceNo   <integer> = 0x0000000000000003 (3)
00:00:00.098869   PCIFunctionNo <integer> = 0x0000000000000000 (0)
00:00:00.098870 
00:00:00.098870 [/Devices/pci/] (level 2)
00:00:00.098871 
00:00:00.098872 [/Devices/pci/0/] (level 3)
00:00:00.098873   Trusted <integer> = 0x0000000000000001 (1)
00:00:00.098874 
00:00:00.098874 [/Devices/pci/0/Config/] (level 4)
00:00:00.098876   IOAPIC <integer> = 0x0000000000000001 (1)
00:00:00.098876 
00:00:00.098877 [/Devices/pcibridge/] (level 2)
00:00:00.098878 
00:00:00.098878 [/Devices/pckbd/] (level 2)
00:00:00.098880 
00:00:00.098880 [/Devices/pckbd/0/] (level 3)
00:00:00.098881   Trusted <integer> = 0x0000000000000001 (1)
00:00:00.098882 
00:00:00.098882 [/Devices/pckbd/0/Config/] (level 4)
00:00:00.098884 
00:00:00.098884 [/Devices/pckbd/0/LUN#0/] (level 4)
00:00:00.098885   Driver <string>  = "KeyboardQueue" (cb=14)
00:00:00.098886 
00:00:00.098886 [/Devices/pckbd/0/LUN#0/AttachedDriver/] (level 5)
00:00:00.098888   Driver <string>  = "MainKeyboard" (cb=13)
00:00:00.098889 
00:00:00.098889 [/Devices/pckbd/0/LUN#0/AttachedDriver/Config/] (level 6)
00:00:00.098891   Object <integer> = 0x00005564b6952bc0 (93 891 048 319 936)
00:00:00.098892 
00:00:00.098893 [/Devices/pckbd/0/LUN#0/Config/] (level 5)
00:00:00.098894   QueueSize <integer> = 0x0000000000000040 (64)
00:00:00.098895 
00:00:00.098896 [/Devices/pckbd/0/LUN#1/] (level 4)
00:00:00.098897   Driver <string>  = "MouseQueue" (cb=11)
00:00:00.098898 
00:00:00.098898 [/Devices/pckbd/0/LUN#1/AttachedDriver/] (level 5)
00:00:00.098900   Driver <string>  = "MainMouse" (cb=10)
00:00:00.098900 
00:00:00.098901 [/Devices/pckbd/0/LUN#1/AttachedDriver/Config/] (level 6)
00:00:00.098902   Object <integer> = 0x00007f6994006090 (140 091 431 346 320)
00:00:00.098904 
00:00:00.098904 [/Devices/pckbd/0/LUN#1/Config/] (level 5)
00:00:00.098906   QueueSize <integer> = 0x0000000000000080 (128)
00:00:00.098907 
00:00:00.098907 [/Devices/pcnet/] (level 2)
00:00:00.098908 
00:00:00.098909 [/Devices/piix3ide/] (level 2)
00:00:00.098910 
00:00:00.098910 [/Devices/piix3ide/0/] (level 3)
00:00:00.098912   PCIBusNo      <integer> = 0x0000000000000000 (0)
00:00:00.098913   PCIDeviceNo   <integer> = 0x0000000000000001 (1)
00:00:00.098913   PCIFunctionNo <integer> = 0x0000000000000001 (1)
00:00:00.098914   Trusted       <integer> = 0x0000000000000001 (1)
00:00:00.098915 
00:00:00.098915 [/Devices/piix3ide/0/Config/] (level 4)
00:00:00.098917   Type <string>  = "PIIX4" (cb=6)
00:00:00.098918 
00:00:00.098918 [/Devices/piix3ide/0/LUN#0/] (level 4)
00:00:00.098919   Driver <string>  = "VD" (cb=3)
00:00:00.098920 
00:00:00.098920 [/Devices/piix3ide/0/LUN#0/Config/] (level 5)
00:00:00.098922   EmptyDrive <integer> = 0x0000000000000001 (1)
00:00:00.098922   Mountable  <integer> = 0x0000000000000001 (1)
00:00:00.098923   Type       <string>  = "DVD" (cb=4)
00:00:00.098924 
00:00:00.098924 [/Devices/piix3ide/0/LUN#999/] (level 4)
00:00:00.098926   Driver <string>  = "MainStatus" (cb=11)
00:00:00.098926 
00:00:00.098927 [/Devices/piix3ide/0/LUN#999/Config/] (level 5)
00:00:00.098928   DeviceInstance        <string>  = "piix3ide/0" (cb=11)
00:00:00.098929   First                 <integer> = 0x0000000000000000 (0)
00:00:00.098930   Last                  <integer> = 0x0000000000000003 (3)
00:00:00.098931   pConsole              <integer> = 0x00007f69940013e0 (140 091 431 326 688)
00:00:00.098933   papLeds               <integer> = 0x00007f6994001ba0 (140 091 431 328 672)
00:00:00.098935   pmapMediumAttachments <integer> = 0x00007f69940027d8 (140 091 431 331 800)
00:00:00.098937 
00:00:00.098937 [/Devices/serial/] (level 2)
00:00:00.098938 
00:00:00.098939 [/Devices/usb-ohci/] (level 2)
00:00:00.098940 
00:00:00.098940 [/Devices/usb-ohci/0/] (level 3)
00:00:00.098941   PCIBusNo      <integer> = 0x0000000000000000 (0)
00:00:00.098942   PCIDeviceNo   <integer> = 0x0000000000000006 (6)
00:00:00.098943   PCIFunctionNo <integer> = 0x0000000000000000 (0)
00:00:00.098944   Trusted       <integer> = 0x0000000000000001 (1)
00:00:00.098945 
00:00:00.098945 [/Devices/usb-ohci/0/Config/] (level 4)
00:00:00.098946 
00:00:00.098947 [/Devices/usb-ohci/0/LUN#0/] (level 4)
00:00:00.098948   Driver <string>  = "VUSBRootHub" (cb=12)
00:00:00.098949 
00:00:00.098949 [/Devices/usb-ohci/0/LUN#0/Config/] (level 5)
00:00:00.098951 
00:00:00.098951 [/Devices/usb-ohci/0/LUN#999/] (level 4)
00:00:00.098952   Driver <string>  = "MainStatus" (cb=11)
00:00:00.098953 
00:00:00.098953 [/Devices/usb-ohci/0/LUN#999/Config/] (level 5)
00:00:00.098955   First   <integer> = 0x0000000000000000 (0)
00:00:00.098956   Last    <integer> = 0x0000000000000000 (0)
00:00:00.098957   papLeds <integer> = 0x00007f69940027c0 (140 091 431 331 776)
00:00:00.098958 
00:00:00.098958 [/Devices/vga/] (level 2)
00:00:00.098960 
00:00:00.098960 [/Devices/vga/0/] (level 3)
00:00:00.098961   PCIBusNo      <integer> = 0x0000000000000000 (0)
00:00:00.098962   PCIDeviceNo   <integer> = 0x0000000000000002 (2)
00:00:00.098963   PCIFunctionNo <integer> = 0x0000000000000000 (0)
00:00:00.098964   Trusted       <integer> = 0x0000000000000001 (1)
00:00:00.098965 
00:00:00.098965 [/Devices/vga/0/Config/] (level 4)
00:00:00.098967   3DEnabled          <integer> = 0x0000000000000000 (0)
00:00:00.098968   CustomVideoModes   <integer> = 0x0000000000000000 (0)
00:00:00.098969   FadeIn             <integer> = 0x0000000000000001 (1)
00:00:00.098970   FadeOut            <integer> = 0x0000000000000001 (1)
00:00:00.098971   HeightReduction    <integer> = 0x0000000000000000 (0)
00:00:00.098972   LogoFile           <string>  = "" (cb=1)
00:00:00.098973   LogoTime           <integer> = 0x0000000000000000 (0)
00:00:00.098974   MonitorCount       <integer> = 0x0000000000000001 (1)
00:00:00.098975   ShowBootMenu       <integer> = 0x0000000000000002 (2)
00:00:00.098976   VMSVGA3dEnabled    <integer> = 0x0000000000000000 (0)
00:00:00.098977   VMSVGAEnabled      <integer> = 0x0000000000000001 (1)
00:00:00.098977   VMSVGAPciBarLayout <integer> = 0x0000000000000001 (1)
00:00:00.098978   VMSVGAPciId        <integer> = 0x0000000000000001 (1)
00:00:00.098979   VRamSize           <integer> = 0x0000000001000000 (16 777 216, 16 MB)
00:00:00.098981 
00:00:00.098982 [/Devices/vga/0/LUN#0/] (level 4)
00:00:00.098983   Driver <string>  = "MainDisplay" (cb=12)
00:00:00.098984 
00:00:00.098984 [/Devices/vga/0/LUN#0/Config/] (level 5)
00:00:00.098986   Object <integer> = 0x00007f6994006cd0 (140 091 431 349 456)
00:00:00.098987 
00:00:00.098988 [/Devices/vga/0/LUN#999/] (level 4)
00:00:00.098989   Driver <string>  = "MainStatus" (cb=11)
00:00:00.098990 
00:00:00.098990 [/Devices/vga/0/LUN#999/Config/] (level 5)
00:00:00.098992   First   <integer> = 0x0000000000000000 (0)
00:00:00.098992   Last    <integer> = 0x0000000000000000 (0)
00:00:00.098993   papLeds <integer> = 0x00007f69940027d0 (140 091 431 331 792)
00:00:00.098995 
00:00:00.098995 [/Devices/virtio-net/] (level 2)
00:00:00.098997 
00:00:00.098997 [/EM/] (level 1)
00:00:00.098998   TripleFaultReset <integer> = 0x0000000000000000 (0)
00:00:00.098999 
00:00:00.098999 [/GIM/] (level 1)
00:00:00.099000   Provider <string>  = "KVM" (cb=4)
00:00:00.099001 
00:00:00.099001 [/HM/] (level 1)
00:00:00.099002   64bitEnabled            <integer> = 0x0000000000000001 (1)
00:00:00.099003   EnableLargePages        <integer> = 0x0000000000000000 (0)
00:00:00.099004   EnableNestedPaging      <integer> = 0x0000000000000001 (1)
00:00:00.099005   EnableUX                <integer> = 0x0000000000000001 (1)
00:00:00.099006   EnableVPID              <integer> = 0x0000000000000001 (1)
00:00:00.099007   Exclusive               <integer> = 0x0000000000000001 (1)
00:00:00.099008   HMForced                <integer> = 0x0000000000000001 (1)
00:00:00.099010   IBPBOnVMEntry           <integer> = 0x0000000000000000 (0)
00:00:00.099010   IBPBOnVMExit            <integer> = 0x0000000000000000 (0)
00:00:00.099011   L1DFlushOnSched         <integer> = 0x0000000000000001 (1)
00:00:00.099012   L1DFlushOnVMEntry       <integer> = 0x0000000000000000 (0)
00:00:00.099013   LovelyMesaDrvWorkaround <integer> = 0x0000000000000001 (1)
00:00:00.099014   MDSClearOnSched         <integer> = 0x0000000000000001 (1)
00:00:00.099015   MDSClearOnVMEntry       <integer> = 0x0000000000000000 (0)
00:00:00.099016   SpecCtrlByHost          <integer> = 0x0000000000000000 (0)
00:00:00.099017   UseNEMInstead           <integer> = 0x0000000000000000 (0)
00:00:00.099018 
00:00:00.099018 [/MM/] (level 1)
00:00:00.099019   CanUseLargerHeap <integer> = 0x0000000000000000 (0)
00:00:00.099020 
00:00:00.099021 [/NEM/] (level 1)
00:00:00.099022   Allow64BitGuests        <integer> = 0x0000000000000001 (1)
00:00:00.099023   LovelyMesaDrvWorkaround <integer> = 0x0000000000000001 (1)
00:00:00.099023 
00:00:00.099024 [/PDM/] (level 1)
00:00:00.099025 
00:00:00.099025 [/PDM/AsyncCompletion/] (level 2)
00:00:00.099026 
00:00:00.099027 [/PDM/AsyncCompletion/File/] (level 3)
00:00:00.099028 
00:00:00.099028 [/PDM/AsyncCompletion/File/BwGroups/] (level 4)
00:00:00.099030 
00:00:00.099030 [/PDM/BlkCache/] (level 2)
00:00:00.099031   CacheSize <integer> = 0x0000000000500000 (5 242 880, 5 MB)
00:00:00.099033 
00:00:00.099033 [/PDM/Devices/] (level 2)
00:00:00.099034 
00:00:00.099035 [/PDM/Drivers/] (level 2)
00:00:00.099036 
00:00:00.099036 [/PDM/Drivers/VBoxC/] (level 3)
00:00:00.099037   Path <string>  = "/usr/lib/virtualbox/components/VBoxC" (cb=37)
00:00:00.099038 
00:00:00.099039 [/PDM/NetworkShaper/] (level 2)
00:00:00.099040 
00:00:00.099040 [/PDM/NetworkShaper/BwGroups/] (level 3)
00:00:00.099041 
00:00:00.099042 [/TM/] (level 1)
00:00:00.099043   UTCOffset <integer> = 0x0000000000000000 (0)
00:00:00.099044 
00:00:00.099044 [/USB/] (level 1)
00:00:00.099045 
00:00:00.099045 [/USB/HidMouse/] (level 2)
00:00:00.099046 
00:00:00.099047 [/USB/HidMouse/0/] (level 3)
00:00:00.099048 
00:00:00.099048 [/USB/HidMouse/0/Config/] (level 4)
00:00:00.099050   Mode <string>  = "absolute" (cb=9)
00:00:00.099050 
00:00:00.099051 [/USB/HidMouse/0/LUN#0/] (level 4)
00:00:00.099052   Driver <string>  = "MouseQueue" (cb=11)
00:00:00.099053 
00:00:00.099053 [/USB/HidMouse/0/LUN#0/AttachedDriver/] (level 5)
00:00:00.099054   Driver <string>  = "MainMouse" (cb=10)
00:00:00.099055 
00:00:00.099055 [/USB/HidMouse/0/LUN#0/AttachedDriver/Config/] (level 6)
00:00:00.099057   Object <integer> = 0x00007f6994006090 (140 091 431 346 320)
00:00:00.099059 
00:00:00.099059 [/USB/HidMouse/0/LUN#0/Config/] (level 5)
00:00:00.099060   QueueSize <integer> = 0x0000000000000080 (128)
00:00:00.099062 
00:00:00.099062 [/USB/USBProxy/] (level 2)
00:00:00.099063 
00:00:00.099063 [/USB/USBProxy/GlobalConfig/] (level 3)
00:00:00.099065 
00:00:00.099065 ********************* End of CFGM dump **********************
00:00:00.099142 HM: HMR3Init: VT-x w/ nested paging and unrestricted guest execution hw support
00:00:00.099194 MM: cbHyperHeap=0x200000 (2097152)
00:00:00.100457 CPUM: fXStateHostMask=0x7; initial: 0x7; host XCR0=0x1f
00:00:00.101580 CPUM: Matched host CPU INTEL 0x6/0x9e/0x9 Intel_Core7_KabyLake with CPU DB entry 'Intel Core i7-6700K' (INTEL 0x6/0x5e/0x3 Intel_Core7_Skylake)
00:00:00.101627 CPUM: MXCSR_MASK=0xffff (host: 0xffff)
00:00:00.101639 CPUM: Microcode revision 0x000000EA
00:00:00.101648 CPUM: Changing leaf 13[0]: EBX=0x440 -> 0x340, ECX=0x440 -> 0x340
00:00:00.101659 CPUM: MSR/CPUID reconciliation insert: 0x0000010b IA32_FLUSH_CMD
00:00:00.101775 PGM: Host paging mode: AMD64+PGE+NX
00:00:00.101784 PGM: PGMPool: cMaxPages=768 (u64MaxPages=545)
00:00:00.101789 PGM: pgmR3PoolInit: cMaxPages=0x300 cMaxUsers=0x600 cMaxPhysExts=0x600 fCacheEnable=true 
00:00:00.102382 PGM: /proc/sys/vm/max_map_count = 65530 (rc2=VWRN_TRAILING_CHARS); cGuessNeeded=16384
00:00:00.104134 TM: GIP - u32Mode=3 (Invariant) u32UpdateHz=62 u32UpdateIntervalNS=16000000 enmUseTscDelta=2 (Practically Zero) fGetGipCpu=0x1b cCpus=4
00:00:00.104148 TM: GIP - u64CpuHz=2 495 955 266 (0x94c54142)  SUPGetCpuHzFromGip => 2 495 955 266
00:00:00.104154 TM: GIP - CPU: iCpuSet=0x0 idCpu=0x0 idApic=0x0 iGipCpu=0x2 i64TSCDelta=0 enmState=3 u64CpuHz=2495997469(*) cErrors=0
00:00:00.104160 TM: GIP - CPU: iCpuSet=0x1 idCpu=0x1 idApic=0x2 iGipCpu=0x0 i64TSCDelta=0 enmState=3 u64CpuHz=2495955266(*) cErrors=0
00:00:00.104164 TM: GIP - CPU: iCpuSet=0x2 idCpu=0x2 idApic=0x4 iGipCpu=0x1 i64TSCDelta=0 enmState=3 u64CpuHz=2495997754(*) cErrors=0
00:00:00.104168 TM: GIP - CPU: iCpuSet=0x3 idCpu=0x3 idApic=0x6 iGipCpu=0x3 i64TSCDelta=0 enmState=3 u64CpuHz=2495998159(*) cErrors=0
00:00:00.104215 TM: cTSCTicksPerSecond=2 495 955 266 (0x94c54142) enmTSCMode=3 (Dynamic)
00:00:00.104218 TM: TSCTiedToExecution=false TSCNotTiedToHalt=false
00:00:00.104608 EMR3Init: fIemExecutesAll=false fGuruOnTripleFault=true 
00:00:00.104758 IEM: TargetCpu=CURRENT, Microarch=Intel_Core7_KabyLake
00:00:00.104827 GIM: Using provider 'KVM' (Implementation version: 0)
00:00:00.104834 CPUM: SetGuestCpuIdFeature: Enabled Hypervisor Present bit
00:00:00.146234 AIOMgr: Default manager type is 'Async'
00:00:00.146257 AIOMgr: Default file backend is 'NonBuffered'
00:00:00.146603 BlkCache: Cache successfully initialized. Cache size is 5242880 bytes
00:00:00.146619 BlkCache: Cache commit interval is 10000 ms
00:00:00.146623 BlkCache: Cache commit threshold is 2621440 bytes
00:00:00.148115 PcBios: [SMP] BIOS with 1 CPUs
00:00:00.148151 PcBios: Using the 386+ BIOS image.
00:00:00.148237 PcBios: MPS table at 000e1300
00:00:00.148721 PcBios: fCheckShutdownStatusForSoftReset=true   fClearShutdownStatusOnHardReset=true 
00:00:00.148960 SUP: Opened VBoxDDR0.r0 (/usr/lib/virtualbox/VBoxDDR0.r0) at 0xXXXXXXXXXXXXXXXX.
00:00:00.149195 CPUM: SetGuestCpuIdFeature: Enabled xAPIC
00:00:00.149202 CPUM: SetGuestCpuIdFeature: Enabled x2APIC
00:00:00.149466 IOAPIC: Using implementation 2.0! Chipset type ICH9
00:00:00.149527 PIT: mode=3 count=0x10000 (65536) - 18.20 Hz (ch=0)
00:00:00.150206 VMMDev: cbDefaultBudget: 261 373 696 (f943f00)
00:00:00.152687 Shared Folders service loaded
00:00:00.153729 Guest Control service loaded
00:00:00.161016 VGA: Using the 386+ BIOS image.
00:00:00.162208 DrvVD: Flushes will be ignored
00:00:00.162208 DrvVD: Async flushes will be passed to the disk
00:00:00.166341 VD: VDInit finished with VINF_SUCCESS
00:00:00.166678 AIOMgr: Endpoint for file '/home/vamsi/Documents/Acads/Sem 7/Computer Networks/Lab/Lab2/lab2_network/VMImages/base/base.vdi' (flags 000c0781) created successfully
00:00:00.185336 AIOMgr: Endpoint for file '/home/vamsi/Documents/Acads/Sem 7/Computer Networks/Lab/Lab2/lab2_network/VMImages/base/Snapshots/{8f83ab64-891d-4e29-8532-09d2e668c3dd}.vdi' (flags 000c0781) created successfully
00:00:00.208793 AIOMgr: Endpoint for file '/home/vamsi/Documents/Acads/Sem 7/Computer Networks/Lab/Lab2/lab2_network/VMImages/base/Snapshots/{ca230307-de07-4ee1-b500-8daa8ed4ebc4}.vdi' (flags 000c0781) created successfully
00:00:00.227070 AIOMgr: Endpoint for file '/home/vamsi/Documents/Acads/Sem 7/Computer Networks/Lab/Lab2/lab2_network/VMImages/h3/Snapshots/{02ffefb6-eda2-4ed4-8873-dda50f8bdeb1}.vdi' (flags 000c0723) created successfully
00:00:00.242227 VD: Opening the disk took 76013566 ns
00:00:00.242227 AHCI: LUN#0: disk, PCHS=2212/16/63, total number of sectors 2229702
00:00:00.242227 AHCI#0: Reset the HBA
00:00:00.242227 VD#0: Cancelling all active requests
00:00:00.246963 DrvVD: Flushes will be ignored
00:00:00.246978 DrvVD: Async flushes will be passed to the disk
00:00:00.247014 PIIX3 ATA: LUN#0: CD/DVD, total number of sectors 0, passthrough disabled
00:00:00.250045 PIIX3 ATA: LUN#1: no unit
00:00:00.250173 PIIX3 ATA: LUN#2: no unit
00:00:00.250181 PIIX3 ATA: LUN#3: no unit
00:00:00.250223 PIIX3 ATA: Ctl#0: finished processing RESET
00:00:00.250283 PIIX3 ATA: Ctl#1: finished processing RESET
00:00:00.250414 E1000#0: Chip=82540EM LinkUpDelay=3000ms EthernetCRC=on GSO=enabled Itr=disabled ItrRx=enabled TID=disabled R0=enabled RC=disabled
00:00:00.261119 NAT: Guest address guess set to 10.0.2.15 by initialization
00:00:00.261238 NAT: resolv.conf: nameserver 127.0.0.53
00:00:00.261253 NAT: DNS server 127.0.0.53 registration detected, switching to the DNS proxy
00:00:00.261258 NAT: DNS#0: 127.0.0.53
00:00:00.261299 NAT: Set redirect TCP 0.0.0.0:14503 -> 0.0.0.0:22
00:00:00.262297 E1000#1: Chip=82540EM LinkUpDelay=3000ms EthernetCRC=on GSO=enabled Itr=disabled ItrRx=enabled TID=disabled R0=enabled RC=disabled
00:00:00.262378 IntNet#0: szNetwork={intnet2} enmTrunkType=2 szTrunk={} fFlags=0x8000 cbRecv=325632 cbSend=196608 fIgnoreConnectFailure=false
00:00:00.263001 AC97: Using codec 'AD1980'
00:00:00.263066 Audio: Initializing PulseAudio driver
00:00:00.265697 PulseAudio: Using version 11.1.0
00:00:00.268078 PulseAudio: Retrieving server information ...
00:00:00.268806 Audio: Found 3 devices for driver 'PulseAudio'
00:00:00.268831 Audio: Device 'Built-in Audio Analog Stereo':
00:00:00.268832 Audio:   ID              = alsa_output.pci-0000_00_1f.3.analog-stereo
00:00:00.268833 Audio:   Usage           = output
00:00:00.268834 Audio:   Flags           = DEFAULT_OUT
00:00:00.268835 Audio:   Input channels  = 0
00:00:00.268835 Audio:   Output channels = 2
00:00:00.268839 Audio: Device 'Monitor of Built-in Audio Analog Stereo':
00:00:00.268840 Audio:   ID              = alsa_output.pci-0000_00_1f.3.analog-stereo.monitor
00:00:00.268840 Audio:   Usage           = input
00:00:00.268841 Audio:   Flags           = NONE
00:00:00.268841 Audio:   Input channels  = 2
00:00:00.268842 Audio:   Output channels = 0
00:00:00.268845 Audio: Device 'Built-in Audio Analog Stereo':
00:00:00.268845 Audio:   ID              = alsa_input.pci-0000_00_1f.3.analog-stereo
00:00:00.268846 Audio:   Usage           = input
00:00:00.268846 Audio:   Flags           = DEFAULT_IN
00:00:00.268847 Audio:   Input channels  = 2
00:00:00.268847 Audio:   Output channels = 0
00:00:00.268939 AC97: Reset
00:00:00.268945 AC97: Mixer reset (EAID=0x809, EACS=0x9)
00:00:00.268950 AC97: Record select to left=mic, right=mic
00:00:00.269939 VUSB: Attached 'HidMouse' to port 1 on RootHub#0 (FullSpeed)
00:00:00.269976 PGM: The CPU physical address width is 39 bits
00:00:00.269983 PGM: PGMR3InitFinalize: 4 MB PSE mask 0000007fffffffff -> VINF_SUCCESS
00:00:00.270009 TM: TMR3InitFinalize: fTSCModeSwitchAllowed=true 
00:00:00.270187 VMM: Enabled thread-context hooks
00:00:00.270195 VMM: RTThreadPreemptIsPending() can be trusted
00:00:00.270198 VMM: Kernel preemption is not possible it seems
00:00:00.270211 HM: fWorldSwitcher=0x0 (fIbpbOnVmExit=false fIbpbOnVmEntry=false fL1dFlushOnVmEntry=false); fL1dFlushOnSched=true  fMdsClearOnVmEntry=false
00:00:00.270218 HM: Using VT-x implementation 3.0
00:00:00.270219 HM: Max resume loops                  = 8192
00:00:00.270220 HM: Host CR4                          = 0x3606e0
00:00:00.270221 HM: Host EFER                         = 0xd01
00:00:00.270222 HM: MSR_IA32_SMM_MONITOR_CTL          = 0x0
00:00:00.270223 HM: MSR_IA32_FEATURE_CONTROL          = 0x5
00:00:00.270223 HM:   LOCK
00:00:00.270224 HM:   VMXON
00:00:00.270224 HM: MSR_IA32_VMX_BASIC                = 0xda040000000004
00:00:00.270226 HM:   VMCS id                           = 0x4
00:00:00.270226 HM:   VMCS size                         = 1024 bytes
00:00:00.270227 HM:   VMCS physical address limit       = None
00:00:00.270228 HM:   VMCS memory type                  = Write Back (WB)
00:00:00.270228 HM:   Dual-monitor treatment support    = true 
00:00:00.270229 HM:   OUTS & INS instruction-info       = true 
00:00:00.270230 HM:   Supports true-capability MSRs     = true 
00:00:00.270230 HM:   VM-entry Xcpt error-code optional = false
00:00:00.270231 HM: MSR_IA32_VMX_PINBASED_CTLS        = 0x7f00000016
00:00:00.270232 HM:   EXT_INT_EXIT
00:00:00.270233 HM:   NMI_EXIT
00:00:00.270233 HM:   VIRTUAL_NMI
00:00:00.270234 HM:   PREEMPT_TIMER
00:00:00.270234 HM:   POSTED_INT (must be cleared)
00:00:00.270235 HM: MSR_IA32_VMX_PROCBASED_CTLS       = 0xfff9fffe0401e172
00:00:00.270236 HM:   INT_WINDOW_EXIT
00:00:00.270237 HM:   USE_TSC_OFFSETTING
00:00:00.270237 HM:   HLT_EXIT
00:00:00.270238 HM:   INVLPG_EXIT
00:00:00.270239 HM:   MWAIT_EXIT
00:00:00.270239 HM:   RDPMC_EXIT
00:00:00.270240 HM:   RDTSC_EXIT
00:00:00.270240 HM:   CR3_LOAD_EXIT (must be set)
00:00:00.270241 HM:   CR3_STORE_EXIT (must be set)
00:00:00.270241 HM:   CR8_LOAD_EXIT
00:00:00.270241 HM:   CR8_STORE_EXIT
00:00:00.270242 HM:   USE_TPR_SHADOW
00:00:00.270242 HM:   NMI_WINDOW_EXIT
00:00:00.270243 HM:   MOV_DR_EXIT
00:00:00.270243 HM:   UNCOND_IO_EXIT
00:00:00.270243 HM:   USE_IO_BITMAPS
00:00:00.270244 HM:   MONITOR_TRAP_FLAG
00:00:00.270244 HM:   USE_MSR_BITMAPS
00:00:00.270245 HM:   MONITOR_EXIT
00:00:00.270245 HM:   PAUSE_EXIT
00:00:00.270245 HM:   USE_SECONDARY_CTLS
00:00:00.270246 HM: MSR_IA32_VMX_PROCBASED_CTLS2      = 0x5fbcff00000000
00:00:00.270247 HM:   VIRT_APIC_ACCESS
00:00:00.270248 HM:   EPT
00:00:00.270248 HM:   DESC_TABLE_EXIT
00:00:00.270249 HM:   RDTSCP
00:00:00.270249 HM:   VIRT_X2APIC_MODE
00:00:00.270250 HM:   VPID
00:00:00.270250 HM:   WBINVD_EXIT
00:00:00.270251 HM:   UNRESTRICTED_GUEST
00:00:00.270251 HM:   APIC_REG_VIRT (must be cleared)
00:00:00.270252 HM:   VIRT_INT_DELIVERY (must be cleared)
00:00:00.270252 HM:   PAUSE_LOOP_EXIT
00:00:00.270253 HM:   RDRAND_EXIT
00:00:00.270253 HM:   INVPCID
00:00:00.270254 HM:   VMFUNC
00:00:00.270254 HM:   VMCS_SHADOWING (must be cleared)
00:00:00.270255 HM:   ENCLS_EXIT
00:00:00.270255 HM:   RDSEED_EXIT
00:00:00.270256 HM:   PML
00:00:00.270256 HM:   EPT_VE
00:00:00.270257 HM:   CONCEAL_VMX_FROM_PT
00:00:00.270257 HM:   XSAVES_XRSTORS
00:00:00.270257 HM:   MODE_BASED_EPT_PERM
00:00:00.270258 HM:   SPPTP_EPT (must be cleared)
00:00:00.270258 HM:   PT_EPT (must be cleared)
00:00:00.270259 HM:   TSC_SCALING (must be cleared)
00:00:00.270259 HM:   USER_WAIT_PAUSE (must be cleared)
00:00:00.270260 HM:   ENCLV_EXIT (must be cleared)
00:00:00.270260 HM: MSR_IA32_VMX_ENTRY_CTLS           = 0x3ffff000011ff
00:00:00.270261 HM:   LOAD_DEBUG (must be set)
00:00:00.270262 HM:   IA32E_MODE_GUEST
00:00:00.270262 HM:   ENTRY_TO_SMM
00:00:00.270263 HM:   DEACTIVATE_DUAL_MON
00:00:00.270263 HM:   LOAD_PERF_MSR
00:00:00.270264 HM:   LOAD_PAT_MSR
00:00:00.270264 HM:   LOAD_EFER_MSR
00:00:00.270264 HM:   LOAD_BNDCFGS_MSR
00:00:00.270265 HM:   CONCEAL_VMX_FROM_PT
00:00:00.270265 HM:   LOAD_RTIT_CTL_MSR (must be cleared)
00:00:00.270266 HM: MSR_IA32_VMX_EXIT_CTLS            = 0x1ffffff00036dff
00:00:00.270267 HM:   SAVE_DEBUG (must be set)
00:00:00.270268 HM:   HOST_ADDR_SPACE_SIZE
00:00:00.270268 HM:   LOAD_PERF_MSR
00:00:00.270269 HM:   ACK_EXT_INT
00:00:00.270269 HM:   SAVE_PAT_MSR
00:00:00.270269 HM:   LOAD_PAT_MSR
00:00:00.270270 HM:   SAVE_EFER_MSR
00:00:00.270270 HM:   LOAD_EFER_MSR
00:00:00.270271 HM:   SAVE_PREEMPT_TIMER
00:00:00.270271 HM:   CLEAR_BNDCFGS_MSR
00:00:00.270272 HM:   CONCEAL_VMX_FROM_PT
00:00:00.270272 HM:   CLEAR_RTIT_CTL_MSR (must be cleared)
00:00:00.270273 HM: MSR_IA32_VMX_TRUE_PINBASED_CTLS   = 0x7f00000016
00:00:00.270274 HM: MSR_IA32_VMX_TRUE_PROCBASED_CTLS  = 0xfff9fffe04006172
00:00:00.270275 HM: MSR_IA32_VMX_TRUE_ENTRY_CTLS      = 0x3ffff000011fb
00:00:00.270276 HM: MSR_IA32_VMX_TRUE_EXIT_CTLS       = 0x1ffffff00036dfb
00:00:00.270277 HM: MSR_IA32_VMX_MISC                 = 0x7004c1e7
00:00:00.270278 HM:   PREEMPT_TIMER_TSC                 = 0x7
00:00:00.270279 HM:   EXIT_SAVE_EFER_LMA                = true 
00:00:00.270280 HM:   ACTIVITY_STATES                   = 0x7 ( HLT SHUTDOWN SIPI_WAIT )
00:00:00.270281 HM:   INTEL_PT                          = true 
00:00:00.270281 HM:   SMM_READ_SMBASE_MSR               = true 
00:00:00.270282 HM:   CR3_TARGET                        = 0x4
00:00:00.270282 HM:   MAX_MSR                           = 0x0 ( 512 )
00:00:00.270283 HM:   VMXOFF_BLOCK_SMI                  = true 
00:00:00.270284 HM:   VMWRITE_ALL                       = true 
00:00:00.270284 HM:   ENTRY_INJECT_SOFT_INT             = 0x1
00:00:00.270285 HM:   MSEG_ID                           = 0x0
00:00:00.270286 HM: MSR_IA32_VMX_VMCS_ENUM            = 0x2e
00:00:00.270286 HM:   HIGHEST_IDX                       = 0x17
00:00:00.270287 HM: MSR_IA32_VMX_EPT_VPID_CAP         = 0xf0106734141
00:00:00.270288 HM:   RWX_X_ONLY
00:00:00.270289 HM:   PAGE_WALK_LENGTH_4
00:00:00.270289 HM:   EMT_UC
00:00:00.270290 HM:   EMT_WB
00:00:00.270290 HM:   PDE_2M
00:00:00.270290 HM:   PDPTE_1G
00:00:00.270291 HM:   INVEPT
00:00:00.270291 HM:   EPT_ACCESS_DIRTY
00:00:00.270292 HM:   ADVEXITINFO_EPT
00:00:00.270292 HM:   INVEPT_SINGLE_CONTEXT
00:00:00.270293 HM:   INVEPT_ALL_CONTEXTS
00:00:00.270293 HM:   INVVPID
00:00:00.270294 HM:   INVVPID_INDIV_ADDR
00:00:00.270294 HM:   INVVPID_SINGLE_CONTEXT
00:00:00.270295 HM:   INVVPID_ALL_CONTEXTS
00:00:00.270295 HM:   INVVPID_SINGLE_CONTEXT_RETAIN_GLOBALS
00:00:00.270295 HM: MSR_IA32_VMX_VMFUNC               = 0x1
00:00:00.270296 HM:   EPTP_SWITCHING
00:00:00.270297 HM: MSR_IA32_VMX_CR0_FIXED0           = 0x80000021
00:00:00.270297 HM: MSR_IA32_VMX_CR0_FIXED1           = 0xffffffff
00:00:00.270298 HM: MSR_IA32_VMX_CR4_FIXED0           = 0x2000
00:00:00.270299 HM: MSR_IA32_VMX_CR4_FIXED1           = 0x3727ff
00:00:00.270300 HM: APIC-access page physaddr         = 0x00000002429e1000
00:00:00.270301 HM: VCPU  0: MSR bitmap physaddr      = 0x00000002429e5000
00:00:00.270303 HM: VCPU  0: VMCS physaddr            = 0x00000002429e2000
00:00:00.270304 HM: Guest support: 32-bit and 64-bit
00:00:00.270308 HM: Supports VMCS EFER fields         = true 
00:00:00.270309 HM: Enabled VMX
00:00:00.270312 CPUM: SetGuestCpuIdFeature: Enabled SYSENTER/EXIT
00:00:00.270313 CPUM: SetGuestCpuIdFeature: Enabled PAE
00:00:00.270313 CPUM: SetGuestCpuIdFeature: Enabled LONG MODE
00:00:00.270314 CPUM: SetGuestCpuIdFeature: Enabled SYSCALL/RET
00:00:00.270314 CPUM: SetGuestCpuIdFeature: Enabled LAHF/SAHF
00:00:00.270315 CPUM: SetGuestCpuIdFeature: Enabled NX
00:00:00.270315 HM: Enabled nested paging
00:00:00.270316 HM:   EPT flush type                  = Single context
00:00:00.270316 HM: Enabled unrestricted guest execution
00:00:00.270317 HM: Enabled VPID
00:00:00.270317 HM:   VPID flush type                 = Single context
00:00:00.270318 HM: Enabled VMX-preemption timer (cPreemptTimerShift=7)
00:00:00.270318 HM: VT-x/AMD-V init method: Global
00:00:00.270319 EM: Exit history optimizations: enabled=true  enabled-r0=true  enabled-r0-no-preemption=false
00:00:00.270354 PcBios: SATA LUN#0 LCHS=553/64/63
00:00:00.270369 APIC: fPostedIntrsEnabled=false fVirtApicRegsEnabled=false fSupportsTscDeadline=false
00:00:00.270377 TMR3UtcNow: nsNow=1 630 519 137 696 526 000 nsPrev=0 -> cNsDelta=1 630 519 137 696 526 000 (offLag=0 offVirtualSync=0 offVirtualSyncGivenUp=0, NowAgain=1 630 519 137 696 527 000)
00:00:00.270387 VMM: fUsePeriodicPreemptionTimers=false
00:00:00.270504 CPUM: Logical host processors: 4 present, 4 max, 4 online, online mask: 000000000000000f
00:00:00.270581 CPUM: Physical host cores: 4
00:00:00.270582 ************************* CPUID dump ************************
00:00:00.270591          Raw Standard CPUID Leaves
00:00:00.270591      Leaf/sub-leaf  eax      ebx      ecx      edx
00:00:00.270592 Gst: 00000000/0000  00000016 756e6547 6c65746e 49656e69
00:00:00.270594 Hst:                00000016 756e6547 6c65746e 49656e69
00:00:00.270596 Gst: 00000001/0000  000906e9 00010800 d6fa220b 178bfbff
00:00:00.270598 Hst:                000906e9 00100800 7ffafbbf bfebfbff
00:00:00.270599 Gst: 00000002/0000  76036301 00f0b6ff 00000000 00c30000
00:00:00.270601 Hst:                76036301 00f0b6ff 00000000 00c30000
00:00:00.270602 Gst: 00000003/0000  00000000 00000000 00000000 00000000
00:00:00.270603 Hst:                00000000 00000000 00000000 00000000
00:00:00.270604 Gst: 00000004/0000  00000121 01c0003f 0000003f 00000000
00:00:00.270605 Hst:                1c004121 01c0003f 0000003f 00000000
00:00:00.270607 Gst: 00000004/0001  00000122 01c0003f 0000003f 00000000
00:00:00.270608 Hst:                1c004122 01c0003f 0000003f 00000000
00:00:00.270609 Gst: 00000004/0002  00000143 00c0003f 000003ff 00000000
00:00:00.270610 Hst:                1c004143 00c0003f 000003ff 00000000
00:00:00.270611 Gst: 00000004/0003  00000163 02c0003f 00001fff 00000006
00:00:00.270612 Hst:                1c03c163 02c0003f 00001fff 00000006
00:00:00.270614 Gst: 00000004/0004  00000000 00000000 00000000 00000000
00:00:00.270615 Hst:                00000000 00000000 00000000 00000000
00:00:00.270616 Gst: 00000005/0000  00000040 00000040 00000000 00000000
00:00:00.270616 Hst:                00000040 00000040 00000003 11142120
00:00:00.270618 Gst: 00000006/0000  00000000 00000000 00000000 00000000
00:00:00.270619 Hst:                000027f7 00000002 00000009 00000000
00:00:00.270620 Gst: 00000007/0000  00000000 00842421 00000000 10000400
00:00:00.270621 Hst:                00000000 029c67af 00000000 9c002e00
00:00:00.270622 Gst: 00000007/0001  00000000 00000000 00000000 00000000
00:00:00.270623 Hst:                00000000 00000000 00000000 00000000
00:00:00.270624 Gst: 00000008/0000  00000000 00000000 00000000 00000000
00:00:00.270625 Hst:                00000000 00000000 00000000 00000000
00:00:00.270626 Gst: 00000009/0000  00000000 00000000 00000000 00000000
00:00:00.270627 Hst:                00000000 00000000 00000000 00000000
00:00:00.270628 Gst: 0000000a/0000  00000000 00000000 00000000 00000000
00:00:00.270628 Hst:                07300804 00000000 00000000 00000603
00:00:00.270630 Gst: 0000000b/0000  00000000 00000001 00000100 00000000
00:00:00.270630 Hst:                00000001 00000001 00000100 00000000
00:00:00.270631 Gst: 0000000b/0001  00000001 00000001 00000201 00000000
00:00:00.270632 Hst:                00000004 00000004 00000201 00000000
00:00:00.270633 Gst: 0000000b/0002  00000000 00000000 00000002 00000000
00:00:00.270634 Hst:                00000000 00000000 00000002 00000000
00:00:00.270635 Gst: 0000000c/0000  00000000 00000000 00000000 00000000
00:00:00.270636 Hst:                00000000 00000000 00000000 00000000
00:00:00.270637 Gst: 0000000d/0000  00000007 00000340 00000340 00000000
00:00:00.270638 Hst:                0000001f 00000440 00000440 00000000
00:00:00.270639 Gst: 0000000d/0001  00000000 000003c0 00000000 00000000
00:00:00.270639 Hst:                0000000f 000003c0 00000100 00000000
00:00:00.270640 Gst: 0000000d/0002  00000100 00000240 00000000 00000000
00:00:00.270641 Hst:                00000100 00000240 00000000 00000000
00:00:00.270642 Gst: 0000000d/0003  00000000 00000000 00000000 00000000
00:00:00.270643 Hst:                00000040 000003c0 00000000 00000000
00:00:00.270644 Gst: 0000000d/0004  00000000 00000000 00000000 00000000
00:00:00.270645 Hst:                00000040 00000400 00000000 00000000
00:00:00.270646 Gst: 0000000d/0005  00000000 00000000 00000000 00000000
00:00:00.270647 Hst:                00000000 00000000 00000000 00000000
00:00:00.270648 Gst: 0000000d/0006  00000000 00000000 00000000 00000000
00:00:00.270649 Hst:                00000000 00000000 00000000 00000000
00:00:00.270650 Gst: 0000000d/0007  00000000 00000000 00000000 00000000
00:00:00.270650 Hst:                00000000 00000000 00000000 00000000
00:00:00.270651 Gst: 0000000d/0008  00000000 00000000 00000000 00000000
00:00:00.270652 Hst:                00000080 00000000 00000001 00000000
00:00:00.270653 Gst: 0000000d/0009  00000000 00000000 00000000 00000000
00:00:00.270654 Hst:                00000000 00000000 00000000 00000000
00:00:00.270684 Gst: 0000000e/0000  00000000 00000000 00000000 00000000
00:00:00.270685 Hst:                00000000 00000000 00000000 00000000
00:00:00.270686 Gst: 0000000f/0000  00000000 00000000 00000000 00000000
00:00:00.270687 Hst:                00000000 00000000 00000000 00000000
00:00:00.270688 Gst: 00000010/0000  00000000 00000000 00000000 00000000
00:00:00.270689 Hst:                00000000 00000000 00000000 00000000
00:00:00.270689 Gst: 00000011/0000  00000000 00000000 00000000 00000000
00:00:00.270690 Hst:                00000000 00000000 00000000 00000000
00:00:00.270691 Gst: 00000012/0000  00000000 00000000 00000000 00000000
00:00:00.270692 Hst:                00000000 00000000 00000000 00000000
00:00:00.270693 Gst: 00000013/0000  00000000 00000000 00000000 00000000
00:00:00.270694 Hst:                00000000 00000000 00000000 00000000
00:00:00.270695 Gst: 00000014/0000  00000000 00000000 00000000 00000000
00:00:00.270696 Hst:                00000001 0000000f 00000007 00000000
00:00:00.270696 Hst: 00000015/0000  00000002 000000d0 00000000 00000000
00:00:00.270698 Hst: 00000016/0000  000009c4 00000dac 00000064 00000000
00:00:00.270700                                Name: GenuineIntel
00:00:00.270701                            Supports: 0x00000000-0x00000016
00:00:00.270703                              Family:  6 	Extended: 0 	Effective: 6
00:00:00.270705                               Model: 14 	Extended: 9 	Effective: 158
00:00:00.270706                            Stepping: 9
00:00:00.270707                                Type: 0 (primary)
00:00:00.270709                             APIC ID: 0x00
00:00:00.270710                        Logical CPUs: 1
00:00:00.270711                        CLFLUSH Size: 8
00:00:00.270712                            Brand ID: 0x00
00:00:00.270713 Features
00:00:00.270714   Mnemonic - Description                                  = guest (host)
00:00:00.270715   FPU - x87 FPU on Chip                                   = 1 (1)
00:00:00.270717   VME - Virtual 8086 Mode Enhancements                    = 1 (1)
00:00:00.270718   DE - Debugging extensions                               = 1 (1)
00:00:00.270720   PSE - Page Size Extension                               = 1 (1)
00:00:00.270721   TSC - Time Stamp Counter                                = 1 (1)
00:00:00.270723   MSR - Model Specific Registers                          = 1 (1)
00:00:00.270724   PAE - Physical Address Extension                        = 1 (1)
00:00:00.270725   MCE - Machine Check Exception                           = 1 (1)
00:00:00.270726   CX8 - CMPXCHG8B instruction                             = 1 (1)
00:00:00.270728   APIC - APIC On-Chip                                     = 1 (1)
00:00:00.270729   SEP - SYSENTER and SYSEXIT Present                      = 1 (1)
00:00:00.270730   MTRR - Memory Type Range Registers                      = 1 (1)
00:00:00.270732   PGE - PTE Global Bit                                    = 1 (1)
00:00:00.270733   MCA - Machine Check Architecture                        = 1 (1)
00:00:00.270734   CMOV - Conditional Move instructions                    = 1 (1)
00:00:00.270735   PAT - Page Attribute Table                              = 1 (1)
00:00:00.270737   PSE-36 - 36-bit Page Size Extension                     = 1 (1)
00:00:00.270738   PSN - Processor Serial Number                           = 0 (0)
00:00:00.270739   CLFSH - CLFLUSH instruction                             = 1 (1)
00:00:00.270741   DS - Debug Store                                        = 0 (1)
00:00:00.270742   ACPI - Thermal Mon. & Soft. Clock Ctrl.                 = 0 (1)
00:00:00.270743   MMX - Intel MMX Technology                              = 1 (1)
00:00:00.270744   FXSR - FXSAVE and FXRSTOR instructions                  = 1 (1)
00:00:00.270746   SSE - SSE support                                       = 1 (1)
00:00:00.270747   SSE2 - SSE2 support                                     = 1 (1)
00:00:00.270748   SS - Self Snoop                                         = 0 (1)
00:00:00.270750   HTT - Hyper-Threading Technology                        = 1 (1)
00:00:00.270751   TM - Therm. Monitor                                     = 0 (1)
00:00:00.270752   PBE - Pending Break Enabled                             = 0 (1)
00:00:00.270754   SSE3 - SSE3 support                                     = 1 (1)
00:00:00.270755   PCLMUL - PCLMULQDQ support (for AES-GCM)                = 1 (1)
00:00:00.270757   DTES64 - DS Area 64-bit Layout                          = 0 (1)
00:00:00.270758   MONITOR - MONITOR/MWAIT instructions                    = 1 (1)
00:00:00.270759   CPL-DS - CPL Qualified Debug Store                      = 0 (1)
00:00:00.270760   VMX - Virtual Machine Extensions                        = 0 (1)
00:00:00.270761   SMX - Safer Mode Extensions                             = 0 (0)
00:00:00.270763   EST - Enhanced SpeedStep Technology                     = 0 (1)
00:00:00.270764   TM2 - Terminal Monitor 2                                = 0 (1)
00:00:00.270765   SSSE3 - Supplemental Streaming SIMD Extensions 3        = 1 (1)
00:00:00.270766   CNTX-ID - L1 Context ID                                 = 0 (0)
00:00:00.270768   SDBG - Silicon Debug interface                          = 0 (1)
00:00:00.270769   FMA - Fused Multiply Add extensions                     = 0 (1)
00:00:00.270770   CX16 - CMPXCHG16B instruction                           = 1 (1)
00:00:00.270771   TPRUPDATE - xTPR Update Control                         = 0 (1)
00:00:00.270773   PDCM - Perf/Debug Capability MSR                        = 0 (1)
00:00:00.270774   PCID - Process Context Identifiers                      = 1 (1)
00:00:00.270775   DCA - Direct Cache Access                               = 0 (0)
00:00:00.270776   SSE4_1 - SSE4_1 support                                 = 1 (1)
00:00:00.270778   SSE4_2 - SSE4_2 support                                 = 1 (1)
00:00:00.270779   X2APIC - x2APIC support                                 = 1 (1)
00:00:00.270781   MOVBE - MOVBE instruction                               = 1 (1)
00:00:00.270782   POPCNT - POPCNT instruction                             = 1 (1)
00:00:00.270783   TSCDEADL - Time Stamp Counter Deadline                  = 0 (1)
00:00:00.270784   AES - AES instructions                                  = 1 (1)
00:00:00.270786   XSAVE - XSAVE instruction                               = 1 (1)
00:00:00.270787   OSXSAVE - OSXSAVE instruction                           = 0 (1)
00:00:00.270788   AVX - AVX support                                       = 1 (1)
00:00:00.270790   F16C - 16-bit floating point conversion instructions    = 0 (1)
00:00:00.270791   RDRAND - RDRAND instruction                             = 1 (1)
00:00:00.270792   HVP - Hypervisor Present (we're a guest)                = 1 (0)
00:00:00.270793 Structured Extended Feature Flags Enumeration (leaf 7):
00:00:00.270794   Mnemonic - Description                                  = guest (host)
00:00:00.270795   FSGSBASE - RDFSBASE/RDGSBASE/WRFSBASE/WRGSBASE instr.   = 1 (1)
00:00:00.270795   TSCADJUST - Supports MSR_IA32_TSC_ADJUST                = 0 (1)
00:00:00.270797   SGX - Supports Software Guard Extensions                = 0 (1)
00:00:00.270798   BMI1 - Advanced Bit Manipulation extension 1            = 0 (1)
00:00:00.270799   HLE - Hardware Lock Elision                             = 0 (0)
00:00:00.270800   AVX2 - Advanced Vector Extensions 2                     = 1 (1)
00:00:00.270801   FDP_EXCPTN_ONLY - FPU DP only updated on exceptions     = 0 (0)
00:00:00.270802   SMEP - Supervisor Mode Execution Prevention             = 0 (1)
00:00:00.270803   BMI2 - Advanced Bit Manipulation extension 2            = 0 (1)
00:00:00.270804   ERMS - Enhanced REP MOVSB/STOSB instructions            = 0 (1)
00:00:00.270805   INVPCID - INVPCID instruction                           = 1 (1)
00:00:00.270806   RTM - Restricted Transactional Memory                   = 0 (0)
00:00:00.270807   PQM - Platform Quality of Service Monitoring            = 0 (0)
00:00:00.270808   DEPFPU_CS_DS - Deprecates FPU CS, FPU DS values if set  = 1 (1)
00:00:00.270809   MPE - Intel Memory Protection Extensions                = 0 (1)
00:00:00.270810   PQE - Platform Quality of Service Enforcement           = 0 (0)
00:00:00.270811   AVX512F - AVX512 Foundation instructions                = 0 (0)
00:00:00.270812   RDSEED - RDSEED instruction                             = 1 (1)
00:00:00.270814   ADX - ADCX/ADOX instructions                            = 0 (1)
00:00:00.270815   SMAP - Supervisor Mode Access Prevention                = 0 (1)
00:00:00.270816   CLFLUSHOPT - CLFLUSHOPT (Cache Line Flush) instruction  = 1 (1)
00:00:00.270817   INTEL_PT - Intel Processor Trace                        = 0 (1)
00:00:00.270818   AVX512PF - AVX512 Prefetch instructions                 = 0 (0)
00:00:00.270819   AVX512ER - AVX512 Exponential & Reciprocal instructions = 0 (0)
00:00:00.270820   AVX512CD - AVX512 Conflict Detection instructions       = 0 (0)
00:00:00.270821   SHA - Secure Hash Algorithm extensions                  = 0 (0)
00:00:00.270822   PREFETCHWT1 - PREFETCHWT1 instruction                   = 0 (0)
00:00:00.270824   UMIP - User mode insturction prevention                 = 0 (0)
00:00:00.270825   PKU - Protection Key for Usermode pages                 = 0 (0)
00:00:00.270826   OSPKE - CR4.PKU mirror                                  = 0 (0)
00:00:00.270827   MAWAU - Value used by BNDLDX & BNDSTX                   = 0x0 (0x0)
00:00:00.270829   RDPID - Read processor ID support                       = 0 (0)
00:00:00.270830   SGX_LC - Supports SGX Launch Configuration              = 0 (0)
00:00:00.270831    9 - Reserved                                           = 0 (1)
00:00:00.270833   MD_CLEAR - Supports MDS related buffer clearing         = 1 (1)
00:00:00.270834   11 - Reserved                                           = 0 (1)
00:00:00.270836   13 - Reserved                                           = 0 (1)
00:00:00.270837   IBRS_IBPB - IA32_SPEC_CTRL.IBRS and IA32_PRED_CMD.IBPB  = 0 (1)
00:00:00.270838   STIBP - Supports IA32_SPEC_CTRL.STIBP                   = 0 (1)
00:00:00.270839   FLUSH_CMD - Supports IA32_FLUSH_CMD                     = 1 (1)
00:00:00.270841   ARCHCAP - Supports IA32_ARCH_CAP                        = 0 (0)
00:00:00.270842   CORECAP - Supports IA32_CORE_CAP                        = 0 (0)
00:00:00.270843   SSBD - Supports IA32_SPEC_CTRL.SSBD                     = 0 (1)
00:00:00.270844 Processor Extended State Enumeration (leaf 0xd):
00:00:00.270845    XSAVE area cur/max size by XCR0, guest: 0x340/0x340
00:00:00.270846     XSAVE area cur/max size by XCR0, host: 0x440/0x440
00:00:00.270847                    Valid XCR0 bits, guest: 0x00000000`00000007 ( x87 SSE YMM_Hi128 )
00:00:00.270850                     Valid XCR0 bits, host: 0x00000000`0000001f ( x87 SSE YMM_Hi128 BNDREGS BNDCSR )
00:00:00.270853                     XSAVE features, guest:
00:00:00.270854                      XSAVE features, host: XSAVEOPT XSAVEC XGETBC1 XSAVES
00:00:00.270856       XSAVE area cur size XCR0|XSS, guest: 0x3c0
00:00:00.270857        XSAVE area cur size XCR0|XSS, host: 0x3c0
00:00:00.270858                Valid IA32_XSS bits, guest: 0x00000000`00000000
00:00:00.270859                 Valid IA32_XSS bits, host: 0x00000100`00000000 ( 40 )
00:00:00.270861   State #2, guest: off=0x0240, cb=0x0100 IA32_XSS-bit -- YMM_Hi128
00:00:00.270863   State #2, host:  off=0x0240, cb=0x0100 IA32_XSS-bit -- YMM_Hi128
00:00:00.270865   State #3, host:  off=0x03c0, cb=0x0040 IA32_XSS-bit -- BNDREGS
00:00:00.270866   State #4, host:  off=0x0400, cb=0x0040 IA32_XSS-bit -- BNDCSR
00:00:00.270869   State #8, host:  off=0x0000, cb=0x0080 XCR0-bit -- 8
00:00:00.270884          Unknown CPUID Leaves
00:00:00.270885      Leaf/sub-leaf  eax      ebx      ecx      edx
00:00:00.270885 Gst: 00000014/0001  00000000 00000000 00000000 00000000
00:00:00.270887 Hst:                02490002 003f3fff 00000000 00000000
00:00:00.270888 Gst: 00000014/0002  00000000 00000000 00000000 00000000
00:00:00.270889 Hst:                00000000 00000000 00000000 00000000
00:00:00.270890 Gst: 00000015/0000  00000000 00000000 00000000 00000000
00:00:00.270891 Hst:                00000002 000000d0 00000000 00000000
00:00:00.270892 Gst: 00000016/0000  00000000 00000000 00000000 00000000
00:00:00.270893 Hst:                000009c4 00000dac 00000064 00000000
00:00:00.270894          Raw Hypervisor CPUID Leaves
00:00:00.270895      Leaf/sub-leaf  eax      ebx      ecx      edx
00:00:00.270896 Gst: 40000000/0000  40000001 4b4d564b 564b4d56 0000004d
00:00:00.270898 Hst:                000009c4 00000dac 00000064 00000000
00:00:00.270899 Gst: 40000001/0000  01000089 00000000 00000000 00000000
00:00:00.270900 Hst:                000009c4 00000dac 00000064 00000000
00:00:00.270901          Raw Extended CPUID Leaves
00:00:00.270902      Leaf/sub-leaf  eax      ebx      ecx      edx
00:00:00.270902 Gst: 80000000/0000  80000008 00000000 00000000 00000000
00:00:00.270903 Hst:                80000008 00000000 00000000 00000000
00:00:00.270905 Gst: 80000001/0000  00000000 00000000 00000121 28100800
00:00:00.270906 Hst:                00000000 00000000 00000121 2c100800
00:00:00.270908 Gst: 80000002/0000  65746e49 2952286c 726f4320 4d542865
00:00:00.270909 Hst:                65746e49 2952286c 726f4320 4d542865
00:00:00.270911 Gst: 80000003/0000  35692029 3033372d 20514830 20555043
00:00:00.270912 Hst:                35692029 3033372d 20514830 20555043
00:00:00.270914 Gst: 80000004/0000  2e322040 48473035 0000007a 00000000
00:00:00.270915 Hst:                2e322040 48473035 0000007a 00000000
00:00:00.270917 Gst: 80000005/0000  00000000 00000000 00000000 00000000
00:00:00.270917 Hst:                00000000 00000000 00000000 00000000
00:00:00.270918 Gst: 80000006/0000  00000000 00000000 01006040 00000000
00:00:00.270919 Hst:                00000000 00000000 01006040 00000000
00:00:00.270921 Gst: 80000007/0000  00000000 00000000 00000000 00000100
00:00:00.270922 Hst:                00000000 00000000 00000000 00000100
00:00:00.270923 Gst: 80000008/0000  00003027 00000000 00000000 00000000
00:00:00.270924 Hst:                00003027 00000000 00000000 00000000
00:00:00.270925 Ext Name:                        
00:00:00.270925 Ext Supports:                    0x80000000-0x80000008
00:00:00.270926 Family:                          0  	Extended: 0 	Effective: 0
00:00:00.270927 Model:                           0  	Extended: 0 	Effective: 0
00:00:00.270928 Stepping:                        0
00:00:00.270928 Brand ID:                        0x000
00:00:00.270929 Ext Features
00:00:00.270930   Mnemonic - Description                                  = guest (host)
00:00:00.270930   FPU - x87 FPU on Chip                                   = 0 (0)
00:00:00.270932   VME - Virtual 8086 Mode Enhancements                    = 0 (0)
00:00:00.270933   DE - Debugging extensions                               = 0 (0)
00:00:00.270935   PSE - Page Size Extension                               = 0 (0)
00:00:00.270936   TSC - Time Stamp Counter                                = 0 (0)
00:00:00.270937   MSR - K86 Model Specific Registers                      = 0 (0)
00:00:00.270938   PAE - Physical Address Extension                        = 0 (0)
00:00:00.270940   MCE - Machine Check Exception                           = 0 (0)
00:00:00.270941   CX8 - CMPXCHG8B instruction                             = 0 (0)
00:00:00.270942   APIC - APIC On-Chip                                     = 0 (0)
00:00:00.270944   SEP - SYSCALL/SYSRET                                    = 1 (1)
00:00:00.270945   MTRR - Memory Type Range Registers                      = 0 (0)
00:00:00.270946   PGE - PTE Global Bit                                    = 0 (0)
00:00:00.270947   MCA - Machine Check Architecture                        = 0 (0)
00:00:00.270949   CMOV - Conditional Move instructions                    = 0 (0)
00:00:00.270950   PAT - Page Attribute Table                              = 0 (0)
00:00:00.270951   PSE-36 - 36-bit Page Size Extension                     = 0 (0)
00:00:00.270952   NX - No-Execute/Execute-Disable                         = 1 (1)
00:00:00.270953   AXMMX - AMD Extensions to MMX instructions              = 0 (0)
00:00:00.270954   MMX - Intel MMX Technology                              = 0 (0)
00:00:00.270956   FXSR - FXSAVE and FXRSTOR Instructions                  = 0 (0)
00:00:00.270957   FFXSR - AMD fast FXSAVE and FXRSTOR instructions        = 0 (0)
00:00:00.270958   Page1GB - 1 GB large page                               = 0 (1)
00:00:00.270959   RDTSCP - RDTSCP instruction                             = 1 (1)
00:00:00.270961   LM - AMD64 Long Mode                                    = 1 (1)
00:00:00.270962   3DNOWEXT - AMD Extensions to 3DNow                      = 0 (0)
00:00:00.270963   3DNOW - AMD 3DNow                                       = 0 (0)
00:00:00.270965   LahfSahf - LAHF/SAHF support in 64-bit mode             = 1 (1)
00:00:00.270966   CmpLegacy - Core multi-processing legacy mode           = 0 (0)
00:00:00.270967   SVM - AMD Secure Virtual Machine extensions             = 0 (0)
00:00:00.270968   EXTAPIC - AMD Extended APIC registers                   = 0 (0)
00:00:00.270969   CR8L - AMD LOCK MOV CR0 means MOV CR8                   = 0 (0)
00:00:00.270970   ABM - AMD Advanced Bit Manipulation                     = 1 (1)
00:00:00.270971   SSE4A - SSE4A instructions                              = 0 (0)
00:00:00.270973   MISALIGNSSE - AMD Misaligned SSE mode                   = 0 (0)
00:00:00.270974   3DNOWPRF - AMD PREFETCH and PREFETCHW instructions      = 1 (1)
00:00:00.270975   OSVW - AMD OS Visible Workaround                        = 0 (0)
00:00:00.270976   IBS - Instruct Based Sampling                           = 0 (0)
00:00:00.270977   XOP - Extended Operation support                        = 0 (0)
00:00:00.270978   SKINIT - SKINIT, STGI, and DEV support                  = 0 (0)
00:00:00.270979   WDT - AMD Watchdog Timer support                        = 0 (0)
00:00:00.270981   LWP - Lightweight Profiling support                     = 0 (0)
00:00:00.270982   FMA4 - Four operand FMA instruction support             = 0 (0)
00:00:00.270983   NodeId - NodeId in MSR C001_100C                        = 0 (0)
00:00:00.270984   TBM - Trailing Bit Manipulation instructions            = 0 (0)
00:00:00.270985   TOPOEXT - Topology Extensions                           = 0 (0)
00:00:00.270986   PRFEXTCORE - Performance Counter Extensions support     = 0 (0)
00:00:00.270987   PRFEXTNB - NB Performance Counter Extensions support    = 0 (0)
00:00:00.270988   DATABPEXT - Data-access Breakpoint Extension            = 0 (0)
00:00:00.270989   PERFTSC - Performance Time Stamp Counter                = 0 (0)
00:00:00.270990   PCX_L2I - L2I/L3 Performance Counter Extensions         = 0 (0)
00:00:00.270991   MWAITX - MWAITX and MONITORX instructions               = 0 (0)
00:00:00.270993 Full Name:                       "Intel(R) Core(TM) i5-7300HQ CPU @ 2.50GHz"
00:00:00.270994 TLB 2/4M Instr/Uni:              res0     0 entries
00:00:00.270994 TLB 2/4M Data:                   res0     0 entries
00:00:00.270995 TLB 4K Instr/Uni:                res0     0 entries
00:00:00.270996 TLB 4K Data:                     res0     0 entries
00:00:00.270997 L1 Instr Cache Line Size:        0 bytes
00:00:00.270997 L1 Instr Cache Lines Per Tag:    0
00:00:00.270998 L1 Instr Cache Associativity:    res0  
00:00:00.270998 L1 Instr Cache Size:             0 KB
00:00:00.270999 L1 Data Cache Line Size:         0 bytes
00:00:00.270999 L1 Data Cache Lines Per Tag:     0
00:00:00.271000 L1 Data Cache Associativity:     res0  
00:00:00.271000 L1 Data Cache Size:              0 KB
00:00:00.271001 L2 TLB 2/4M Instr/Uni:           off       0 entries
00:00:00.271002 L2 TLB 2/4M Data:                off       0 entries
00:00:00.271002 L2 TLB 4K Instr/Uni:             off       0 entries
00:00:00.271003 L2 TLB 4K Data:                  off       0 entries
00:00:00.271004 L2 Cache Line Size:              0 bytes
00:00:00.271004 L2 Cache Lines Per Tag:          0
00:00:00.271005 L2 Cache Associativity:          off   
00:00:00.271005 L2 Cache Size:                   0 KB
00:00:00.271006   TS - Temperature Sensor                                 = 0 (0)
00:00:00.271007   FID - Frequency ID control                              = 0 (0)
00:00:00.271009   VID - Voltage ID control                                = 0 (0)
00:00:00.271010   TscInvariant - Invariant Time Stamp Counter             = 1 (1)
00:00:00.271011   CBP - Core Performance Boost                            = 0 (0)
00:00:00.271013   EffFreqRO - Read-only Effective Frequency Interface     = 0 (0)
00:00:00.271014   ProcFdbkIf - Processor Feedback Interface               = 0 (0)
00:00:00.271015   ProcPwrRep - Core power reporting interface support     = 0 (0)
00:00:00.271016 Physical Address Width:          39 bits
00:00:00.271017 Virtual Address Width:           48 bits
00:00:00.271017 Guest Physical Address Width:    0 bits
00:00:00.271018 Physical Core Count:             1
00:00:00.271020 
00:00:00.271020 ******************** End of CPUID dump **********************
00:00:00.271021 *********************** VT-x features ***********************
00:00:00.271022 Nested hardware virtualization - VMX features
00:00:00.271023   Mnemonic - Description                                  = guest (host)
00:00:00.271023   VMX - Virtual-Machine Extensions                        = 0 (1)
00:00:00.271024   InsOutInfo - INS/OUTS instruction info.                 = 0 (1)
00:00:00.271025   ExtIntExit - External interrupt exiting                 = 0 (1)
00:00:00.271025   NmiExit - NMI exiting                                   = 0 (1)
00:00:00.271026   VirtNmi - Virtual NMIs                                  = 0 (1)
00:00:00.271027   PreemptTimer - VMX preemption timer                     = 0 (1)
00:00:00.271027   PostedInt - Posted interrupts                           = 0 (0)
00:00:00.271028   IntWindowExit - Interrupt-window exiting                = 0 (1)
00:00:00.271029   TscOffsetting - TSC offsetting                          = 0 (1)
00:00:00.271029   HltExit - HLT exiting                                   = 0 (1)
00:00:00.271030   InvlpgExit - INVLPG exiting                             = 0 (1)
00:00:00.271031   MwaitExit - MWAIT exiting                               = 0 (1)
00:00:00.271031   RdpmcExit - RDPMC exiting                               = 0 (1)
00:00:00.271032   RdtscExit - RDTSC exiting                               = 0 (1)
00:00:00.271033   Cr3LoadExit - CR3-load exiting                          = 0 (1)
00:00:00.271033   Cr3StoreExit - CR3-store exiting                        = 0 (1)
00:00:00.271034   Cr8LoadExit  - CR8-load exiting                         = 0 (1)
00:00:00.271035   Cr8StoreExit - CR8-store exiting                        = 0 (1)
00:00:00.271035   UseTprShadow - Use TPR shadow                           = 0 (1)
00:00:00.271036   NmiWindowExit - NMI-window exiting                      = 0 (1)
00:00:00.271037   MovDRxExit - Mov-DR exiting                             = 0 (1)
00:00:00.271037   UncondIoExit - Unconditional I/O exiting                = 0 (1)
00:00:00.271038   UseIoBitmaps - Use I/O bitmaps                          = 0 (1)
00:00:00.271039   MonitorTrapFlag - Monitor Trap Flag                     = 0 (1)
00:00:00.271039   UseMsrBitmaps - MSR bitmaps                             = 0 (1)
00:00:00.271040   MonitorExit - MONITOR exiting                           = 0 (1)
00:00:00.271040   PauseExit - PAUSE exiting                               = 0 (1)
00:00:00.271041   SecondaryExecCtl - Activate secondary controls          = 0 (1)
00:00:00.271042   VirtApic - Virtualize-APIC accesses                     = 0 (1)
00:00:00.271042   Ept - Extended Page Tables                              = 0 (1)
00:00:00.271043   DescTableExit - Descriptor-table exiting                = 0 (1)
00:00:00.271044   Rdtscp - Enable RDTSCP                                  = 0 (1)
00:00:00.271044   VirtX2ApicMode - Virtualize-x2APIC mode                 = 0 (1)
00:00:00.271045   Vpid - Enable VPID                                      = 0 (1)
00:00:00.271046   WbinvdExit - WBINVD exiting                             = 0 (1)
00:00:00.271046   UnrestrictedGuest - Unrestricted guest                  = 0 (1)
00:00:00.271047   ApicRegVirt - APIC-register virtualization              = 0 (0)
00:00:00.271048   VirtIntDelivery - Virtual-interrupt delivery            = 0 (0)
00:00:00.271048   PauseLoopExit - PAUSE-loop exiting                      = 0 (1)
00:00:00.271049   RdrandExit - RDRAND exiting                             = 0 (1)
00:00:00.271049   Invpcid - Enable INVPCID                                = 0 (1)
00:00:00.271050   VmFuncs - Enable VM Functions                           = 0 (1)
00:00:00.271051   VmcsShadowing - VMCS shadowing                          = 0 (0)
00:00:00.271051   RdseedExiting - RDSEED exiting                          = 0 (1)
00:00:00.271052   PML - Page-Modification Log (PML)                       = 0 (1)
00:00:00.271053   EptVe - EPT violations can cause #VE                    = 0 (1)
00:00:00.271053   XsavesXRstors - Enable XSAVES/XRSTORS                   = 0 (1)
00:00:00.271054   EntryLoadDebugCtls - Load debug controls on VM-entry    = 0 (1)
00:00:00.271055   Ia32eModeGuest - IA-32e mode guest                      = 0 (1)
00:00:00.271055   EntryLoadEferMsr - Load IA32_EFER MSR on VM-entry       = 0 (1)
00:00:00.271056   EntryLoadPatMsr - Load IA32_PAT MSR on VM-entry         = 0 (1)
00:00:00.271056   ExitSaveDebugCtls - Save debug controls on VM-exit      = 0 (1)
00:00:00.271057   HostAddrSpaceSize - Host address-space size             = 0 (1)
00:00:00.271058   ExitAckExtInt - Acknowledge interrupt on VM-exit        = 0 (1)
00:00:00.271058   ExitSavePatMsr - Save IA32_PAT MSR on VM-exit           = 0 (1)
00:00:00.271059   ExitLoadPatMsr - Load IA32_PAT MSR on VM-exit           = 0 (1)
00:00:00.271060   ExitSaveEferMsr - Save IA32_EFER MSR on VM-exit         = 0 (1)
00:00:00.271060   ExitLoadEferMsr - Load IA32_EFER MSR on VM-exit         = 0 (1)
00:00:00.271061   SavePreemptTimer - Save VMX-preemption timer            = 0 (1)
00:00:00.271062   ExitSaveEferLma - Save IA32_EFER.LMA on VM-exit         = 0 (1)
00:00:00.271062   IntelPt - Intel PT (Processor Trace) in VMX operation   = 0 (1)
00:00:00.271063   VmwriteAll - VMWRITE to any supported VMCS field        = 0 (1)
00:00:00.271063   EntryInjectSoftInt - Inject softint. with 0-len instr.  = 0 (1)
00:00:00.271064 
00:00:00.271065 ******************* End of VT-x features ********************
00:00:00.271086 VMEmt: Halt method global1 (5)
00:00:00.271127 VMEmt: HaltedGlobal1 config: cNsSpinBlockThresholdCfg=2000
00:00:00.271134 Changing the VM state from 'CREATING' to 'CREATED'
00:00:00.275176 Changing the VM state from 'CREATED' to 'POWERING_ON'
00:00:00.275228 AIOMgr: Endpoints without assigned bandwidth groups:
00:00:00.275232 AIOMgr:     /home/vamsi/Documents/Acads/Sem 7/Computer Networks/Lab/Lab2/lab2_network/VMImages/h3/Snapshots/{02ffefb6-eda2-4ed4-8873-dda50f8bdeb1}.vdi
00:00:00.275236 AIOMgr:     /home/vamsi/Documents/Acads/Sem 7/Computer Networks/Lab/Lab2/lab2_network/VMImages/base/Snapshots/{ca230307-de07-4ee1-b500-8daa8ed4ebc4}.vdi
00:00:00.275239 AIOMgr:     /home/vamsi/Documents/Acads/Sem 7/Computer Networks/Lab/Lab2/lab2_network/VMImages/base/Snapshots/{8f83ab64-891d-4e29-8532-09d2e668c3dd}.vdi
00:00:00.275243 AIOMgr:     /home/vamsi/Documents/Acads/Sem 7/Computer Networks/Lab/Lab2/lab2_network/VMImages/base/base.vdi
00:00:00.275577 Changing the VM state from 'POWERING_ON' to 'RUNNING'
00:00:00.275592 Console: Machine state changed to 'Running'
00:00:00.276173 VBoxHeadless: starting event loop
00:00:00.277869 VMMDev: Guest Log: BIOS: VirtualBox 6.1.26
00:00:00.277946 PCI: Setting up resources and interrupts
00:00:00.278330 PIT: mode=2 count=0x10000 (65536) - 18.20 Hz (ch=0)
00:00:00.293709 Display::i_handleDisplayResize: uScreenId=0 pvVRAM=0000000000000000 w=720 h=400 bpp=0 cbLine=0x0 flags=0x0 origin=0,0
00:00:00.294148 VMMDev: Guest Log: CPUID EDX: 0x178bfbff
00:00:00.294230 PIIX3 ATA: Ctl#0: RESET, DevSel=0 AIOIf=0 CmdIf0=0x00 (-1 usec ago) CmdIf1=0x00 (-1 usec ago)
00:00:00.294267 PIIX3 ATA: Ctl#0: finished processing RESET
00:00:00.295342 AHCI#0: Reset the HBA
00:00:00.295347 VD#0: Cancelling all active requests
00:00:00.295400 AHCI#0: Port 0 reset
00:00:00.295453 VD#0: Cancelling all active requests
00:00:00.296044 VMMDev: Guest Log: BIOS: AHCI 0-P#0: PCHS=2212/16/63 LCHS=553/64/63 0x00000000002205c6 sectors
00:00:00.297446 PIT: mode=2 count=0x48d3 (18643) - 64.00 Hz (ch=0)
00:00:00.328845 Display::i_handleDisplayResize: uScreenId=0 pvVRAM=00007f6975986000 w=640 h=480 bpp=32 cbLine=0xA00 flags=0x0 origin=0,0
00:00:02.778581 PIT: mode=2 count=0x10000 (65536) - 18.20 Hz (ch=0)
00:00:02.778924 VMMDev: Guest Log: BIOS: Boot : bseqnr=1, bootseq=0231
00:00:02.779196 VMMDev: Guest Log: BIOS: Boot from Floppy 0 failed
00:00:02.779499 VMMDev: Guest Log: BIOS: Boot : bseqnr=2, bootseq=0023
00:00:02.780178 VMMDev: Guest Log: BIOS: CDROM boot failure code : 0003
00:00:02.780421 VMMDev: Guest Log: BIOS: Boot from CD-ROM failed
00:00:02.780724 VMMDev: Guest Log: BIOS: Boot : bseqnr=3, bootseq=0002
00:00:02.781366 VMMDev: Guest Log: BIOS: Booting from Hard Disk...
00:00:02.834654 Display::i_handleDisplayResize: uScreenId=0 pvVRAM=0000000000000000 w=720 h=400 bpp=0 cbLine=0x0 flags=0x0 origin=0,0
00:00:02.998579 VMMDev: Guest Log: BIOS: KBD: unsupported int 16h function 03
00:00:02.998791 VMMDev: Guest Log: BIOS: AX=0305 BX=0000 CX=0000 DX=0000 
00:00:03.105384 GIM: KVM: VCPU  0: Enabled system-time struct. at 0x00000000008d1000 - u32TscScale=0xcd21c2fd i8TscShift=-1 uVersion=2 fFlags=0x1 uTsc=0x1a4e1eb5e uVirtNanoTS=0xa8a03596 TscKHz=2495954
00:00:03.105405 TM: Switching TSC mode from 'Dynamic' to 'RealTscOffset'
00:00:03.126881 GIM: KVM: Enabled wall-clock struct. at 0x00000000008d0004 - u32Sec=1630519140 u32Nano=552558877 uVersion=2
00:00:03.134231 PIT: mode=2 count=0xf89 (3977) - 300.02 Hz (ch=0)
00:00:03.249082 PIT: mode=0 count=0x10000 (65536) - 18.20 Hz (ch=0)
00:00:03.319180 OHCI: Software reset
00:00:03.471855 AHCI#0: Reset the HBA
00:00:03.471869 VD#0: Cancelling all active requests
00:00:03.472434 AHCI#0: Port 0 reset
00:00:03.473448 OHCI: USB Reset
00:00:03.473604 VD#0: Cancelling all active requests
00:00:03.473756 PIIX3 ATA: Ctl#0: RESET, DevSel=0 AIOIf=0 CmdIf0=0xa0 (-1 usec ago) CmdIf1=0x00 (-1 usec ago)
00:00:03.473801 PIIX3 ATA: Ctl#0: finished processing RESET
00:00:03.562500 OHCI: Software reset
00:00:03.562769 OHCI: USB Operational
00:00:04.000003 VMMDev: Guest Log: vboxguest: host-version: 6.1.26r145957 0x8000000f
00:00:04.017767 VMMDev: Guest Additions information report: Version 5.2.0 r68940 '5.2.0'
00:00:04.017798 VMMDev: Guest Additions information report: Interface = 0x00010004 osType = 0x00053000 (Linux >= 2.6, 32-bit)
00:00:04.017851 VMMDev: Guest Additions capability report: (0x0 -> 0x0) seamless: no, hostWindowMapping: no, graphics: no
00:00:04.017897 VMMDev: vmmDevReqHandler_HeartbeatConfigure: No change (fHeartbeatActive=false)
00:00:04.017927 VMMDev: Heartbeat flatline timer set to trigger after 4 000 000 000 ns
00:00:04.018416 VMMDev: Guest Log: vbg_heartbeat_init: Setting up heartbeat to trigger every 2000 milliseconds
00:00:04.018966 VMMDev: Guest Log: vboxguest: misc device minor 56, IRQ 20, I/O port d040, MMIO at 0xf0400000 (size 0x00400000)
00:00:07.436795 NAT: Link up
00:00:08.017996 VMMDev: vmmDevHeartbeatFlatlinedTimer: Guest seems to be unresponsive. Last heartbeat received 4 seconds ago
00:05:16.896796 VMMDev: GuestHeartBeat: Guest is alive (gone 312 878 868 742 ns)
