00:00:00.022390 VirtualBox VM 6.1.26 r145957 linux.amd64 (Jul 28 2021 20:08:35) release log
00:00:00.022393 Log opened 2021-08-29T06:26:46.044399000Z
00:00:00.022393 Build Type: release
00:00:00.022396 OS Product: Linux
00:00:00.022396 OS Release: 5.4.0-81-generic
00:00:00.022397 OS Version: #91~18.04.1-Ubuntu SMP Fri Jul 23 13:36:29 UTC 2021
00:00:00.022413 DMI Product Name: Predator G9-593
00:00:00.022419 DMI Product Version: V1.13
00:00:00.022424 Firmware type: UEFI
00:00:00.023115 Secure Boot: Disabled
00:00:00.023174 Host RAM: 15952MB (15.5GB) total, 10384MB (10.1GB) available
00:00:00.023178 Executable: /usr/lib/virtualbox/VBoxHeadless
00:00:00.023179 Process ID: 23167
00:00:00.023179 Package type: LINUX_64BITS_UBUNTU_18_04
00:00:00.122609 Installed Extension Packs:
00:00:00.122624   None installed!
00:00:00.123321 Console: Machine state changed to 'Starting'
00:00:00.142592 SUP: Opened VMMR0.r0 (/usr/lib/virtualbox/VMMR0.r0) at 0xXXXXXXXXXXXXXXXX.
00:00:00.144307 Guest OS type: 'Ubuntu_64'
00:00:00.150581 fHMForced=true - No raw-mode support in this build!
00:00:00.161545 File system of '/home/vamsi/Documents/Acads/Sem 7/Computer Networks/Lab/Lab1/lab1_network/VMImages/h4/Snapshots' (snapshots) is ext4
00:00:00.161555 File system of '/home/vamsi/Documents/Acads/Sem 7/Computer Networks/Lab/Lab1/lab1_network/VMImages/h4/Snapshots/{170081f4-e4b5-4d8a-9667-6e495138442b}.vdi' is ext4
00:00:00.190312 Shared Clipboard: Service loaded
00:00:00.190325 Shared Clipboard: Mode: Off
00:00:00.190355 Shared Clipboard: Service running in headless mode
00:00:00.191572 Drag and drop service loaded
00:00:00.191585 Drag and drop mode: Off
00:00:00.193743 ************************* CFGM dump *************************
00:00:00.193747 [/] (level 0)
00:00:00.193754   CpuExecutionCap   <integer> = 0x0000000000000064 (100)
00:00:00.193762   EnablePAE         <integer> = 0x0000000000000000 (0)
00:00:00.193763   HMEnabled         <integer> = 0x0000000000000001 (1)
00:00:00.193764   MemBalloonSize    <integer> = 0x0000000000000000 (0)
00:00:00.193764   Name              <string>  = "h4" (cb=3)
00:00:00.193765   NumCPUs           <integer> = 0x0000000000000001 (1)
00:00:00.193766   PageFusionAllowed <integer> = 0x0000000000000000 (0)
00:00:00.193766   RamHoleSize       <integer> = 0x0000000020000000 (536 870 912, 512 MB)
00:00:00.193768   RamSize           <integer> = 0x0000000040000000 (1 073 741 824, 1 024 MB)
00:00:00.193769   TimerMillies      <integer> = 0x000000000000000a (10)
00:00:00.193770   UUID              <bytes>   = "bf 23 8b b5 7a 33 e4 41 97 50 34 2e c0 6e d4 63" (cb=16)
00:00:00.193773 
00:00:00.193775 [/CPUM/] (level 1)
00:00:00.193776   GuestCpuName       <string>  = "host" (cb=5)
00:00:00.193776   NestedHWVirt       <integer> = 0x0000000000000000 (0)
00:00:00.193777   PortableCpuIdLevel <integer> = 0x0000000000000000 (0)
00:00:00.193778   SpecCtrl           <integer> = 0x0000000000000000 (0)
00:00:00.193778 
00:00:00.193778 [/CPUM/IsaExts/] (level 2)
00:00:00.193779 
00:00:00.193782 [/DBGC/] (level 1)
00:00:00.193782   GlobalInitScript <string>  = "/home/vamsi/.config/VirtualBox/dbgc-init" (cb=41)
00:00:00.193783   HistoryFile      <string>  = "/home/vamsi/.config/VirtualBox/dbgc-history" (cb=44)
00:00:00.193783   LocalInitScript  <string>  = "/home/vamsi/Documents/Acads/Sem 7/Computer Networks/Lab/Lab1/lab1_network/VMImages/h4/dbgc-init" (cb=96)
00:00:00.193784 
00:00:00.193784 [/DBGF/] (level 1)
00:00:00.193785   Path <string>  = "/home/vamsi/Documents/Acads/Sem 7/Computer Networks/Lab/Lab1/lab1_network/VMImages/h4/debug/;/home/vamsi/Documents/Acads/Sem 7/Computer Networks/Lab/Lab1/lab1_network/VMImages/h4/;cache*/home/vamsi/Documents/Acads/Sem 7/Computer Networks/Lab/Lab1/lab1_network/VMImages/h4/dbgcache/;/home/vamsi/" (cb=295)
00:00:00.193786 
00:00:00.193786 [/Devices/] (level 1)
00:00:00.193787 
00:00:00.193787 [/Devices/8237A/] (level 2)
00:00:00.193788 
00:00:00.193788 [/Devices/8237A/0/] (level 3)
00:00:00.193789   Trusted <integer> = 0x0000000000000001 (1)
00:00:00.193789 
00:00:00.193790 [/Devices/GIMDev/] (level 2)
00:00:00.193790 
00:00:00.193791 [/Devices/GIMDev/0/] (level 3)
00:00:00.193791   Trusted <integer> = 0x0000000000000001 (1)
00:00:00.193792 
00:00:00.193792 [/Devices/VMMDev/] (level 2)
00:00:00.193793 
00:00:00.193793 [/Devices/VMMDev/0/] (level 3)
00:00:00.193794   PCIBusNo      <integer> = 0x0000000000000000 (0)
00:00:00.193795   PCIDeviceNo   <integer> = 0x0000000000000004 (4)
00:00:00.193795   PCIFunctionNo <integer> = 0x0000000000000000 (0)
00:00:00.193796   Trusted       <integer> = 0x0000000000000001 (1)
00:00:00.193796 
00:00:00.193796 [/Devices/VMMDev/0/Config/] (level 4)
00:00:00.193797   GuestCoreDumpDir <string>  = "/home/vamsi/Documents/Acads/Sem 7/Computer Networks/Lab/Lab1/lab1_network/VMImages/h4/Snapshots" (cb=96)
00:00:00.193798 
00:00:00.193798 [/Devices/VMMDev/0/LUN#0/] (level 4)
00:00:00.193799   Driver <string>  = "HGCM" (cb=5)
00:00:00.193800 
00:00:00.193800 [/Devices/VMMDev/0/LUN#0/Config/] (level 5)
00:00:00.193801   Object <integer> = 0x00007f1f9c000b70 (139 773 737 962 352)
00:00:00.193802 
00:00:00.193802 [/Devices/VMMDev/0/LUN#999/] (level 4)
00:00:00.193803   Driver <string>  = "MainStatus" (cb=11)
00:00:00.193804 
00:00:00.193804 [/Devices/VMMDev/0/LUN#999/Config/] (level 5)
00:00:00.193805   First   <integer> = 0x0000000000000000 (0)
00:00:00.193806   Last    <integer> = 0x0000000000000000 (0)
00:00:00.193806   papLeds <integer> = 0x00007f1f980027b8 (139 773 670 860 728)
00:00:00.193807 
00:00:00.193808 [/Devices/acpi/] (level 2)
00:00:00.193808 
00:00:00.193809 [/Devices/acpi/0/] (level 3)
00:00:00.193809   PCIBusNo      <integer> = 0x0000000000000000 (0)
00:00:00.193810   PCIDeviceNo   <integer> = 0x0000000000000007 (7)
00:00:00.193811   PCIFunctionNo <integer> = 0x0000000000000000 (0)
00:00:00.193811   Trusted       <integer> = 0x0000000000000001 (1)
00:00:00.193812 
00:00:00.193812 [/Devices/acpi/0/Config/] (level 4)
00:00:00.193813   CpuHotPlug          <integer> = 0x0000000000000000 (0)
00:00:00.193814   FdcEnabled          <integer> = 0x0000000000000000 (0)
00:00:00.193814   HostBusPciAddress   <integer> = 0x0000000000000000 (0)
00:00:00.193815   HpetEnabled         <integer> = 0x0000000000000000 (0)
00:00:00.193815   IOAPIC              <integer> = 0x0000000000000001 (1)
00:00:00.193816   IocPciAddress       <integer> = 0x0000000000010000 (65 536)
00:00:00.193817   NumCPUs             <integer> = 0x0000000000000001 (1)
00:00:00.193818   Parallel0IoPortBase <integer> = 0x0000000000000000 (0)
00:00:00.193818   Parallel0Irq        <integer> = 0x0000000000000000 (0)
00:00:00.193819   Parallel1IoPortBase <integer> = 0x0000000000000000 (0)
00:00:00.193819   Parallel1Irq        <integer> = 0x0000000000000000 (0)
00:00:00.193820   Serial0IoPortBase   <integer> = 0x0000000000000000 (0)
00:00:00.193820   Serial0Irq          <integer> = 0x0000000000000000 (0)
00:00:00.193821   Serial1IoPortBase   <integer> = 0x0000000000000000 (0)
00:00:00.193821   Serial1Irq          <integer> = 0x0000000000000000 (0)
00:00:00.193822   ShowCpu             <integer> = 0x0000000000000001 (1)
00:00:00.193823   ShowRtc             <integer> = 0x0000000000000000 (0)
00:00:00.193823   SmcEnabled          <integer> = 0x0000000000000000 (0)
00:00:00.193824 
00:00:00.193824 [/Devices/acpi/0/LUN#0/] (level 4)
00:00:00.193825   Driver <string>  = "ACPIHost" (cb=9)
00:00:00.193825 
00:00:00.193826 [/Devices/acpi/0/LUN#0/Config/] (level 5)
00:00:00.193826 
00:00:00.193827 [/Devices/ahci/] (level 2)
00:00:00.193827 
00:00:00.193828 [/Devices/ahci/0/] (level 3)
00:00:00.193829   PCIBusNo      <integer> = 0x0000000000000000 (0)
00:00:00.193829   PCIDeviceNo   <integer> = 0x000000000000000d (13)
00:00:00.193830   PCIFunctionNo <integer> = 0x0000000000000000 (0)
00:00:00.193830   Trusted       <integer> = 0x0000000000000001 (1)
00:00:00.193831 
00:00:00.193831 [/Devices/ahci/0/Config/] (level 4)
00:00:00.193832   Bootable  <integer> = 0x0000000000000001 (1)
00:00:00.193832   PortCount <integer> = 0x0000000000000001 (1)
00:00:00.193833 
00:00:00.193833 [/Devices/ahci/0/Config/Port0/] (level 5)
00:00:00.193834   Hotpluggable <integer> = 0x0000000000000000 (0)
00:00:00.193835 
00:00:00.193835 [/Devices/ahci/0/LUN#0/] (level 4)
00:00:00.193836   Driver <string>  = "VD" (cb=3)
00:00:00.193836 
00:00:00.193837 [/Devices/ahci/0/LUN#0/Config/] (level 5)
00:00:00.193838   BlockCache <integer> = 0x0000000000000001 (1)
00:00:00.193838   Format     <string>  = "VDI" (cb=4)
00:00:00.193839   Mountable  <integer> = 0x0000000000000000 (0)
00:00:00.193839   Path       <string>  = "/home/vamsi/Documents/Acads/Sem 7/Computer Networks/Lab/Lab1/lab1_network/VMImages/h4/Snapshots/{170081f4-e4b5-4d8a-9667-6e495138442b}.vdi" (cb=139)
00:00:00.193840   Type       <string>  = "HardDisk" (cb=9)
00:00:00.193841   UseNewIo   <integer> = 0x0000000000000001 (1)
00:00:00.193841 
00:00:00.193842 [/Devices/ahci/0/LUN#0/Config/Parent/] (level 6)
00:00:00.193843   Format <string>  = "VDI" (cb=4)
00:00:00.193843   Path   <string>  = "/home/vamsi/Documents/Acads/Sem 7/Computer Networks/Lab/Lab1/lab1_network/VMImages/base/Snapshots/{ccd6ab89-9973-43d9-b6e3-1bbb050f93f6}.vdi" (cb=141)
00:00:00.193844 
00:00:00.193844 [/Devices/ahci/0/LUN#0/Config/Parent/Parent/] (level 7)
00:00:00.193845   Format <string>  = "VDI" (cb=4)
00:00:00.193845   Path   <string>  = "/home/vamsi/Documents/Acads/Sem 7/Computer Networks/Lab/Lab1/lab1_network/VMImages/base/Snapshots/{ca230307-de07-4ee1-b500-8daa8ed4ebc4}.vdi" (cb=141)
00:00:00.193846 
00:00:00.193846 [/Devices/ahci/0/LUN#0/Config/Parent/Parent/Parent/] (level 8)
00:00:00.193847   Format <string>  = "VDI" (cb=4)
00:00:00.193848   Path   <string>  = "/home/vamsi/Documents/Acads/Sem 7/Computer Networks/Lab/Lab1/lab1_network/VMImages/base/Snapshots/{8f83ab64-891d-4e29-8532-09d2e668c3dd}.vdi" (cb=141)
00:00:00.193848 
00:00:00.193849 [/Devices/ahci/0/LUN#0/Config/Parent/Parent/Parent/Parent/] (level 9)
00:00:00.193850   Format <string>  = "VDI" (cb=4)
00:00:00.193850   Path   <string>  = "/home/vamsi/Documents/Acads/Sem 7/Computer Networks/Lab/Lab1/lab1_network/VMImages/base/base.vdi" (cb=97)
00:00:00.193851 
00:00:00.193851 [/Devices/ahci/0/LUN#0/Config/Parent/Parent/Parent/Parent/VDConfig/] (level 10)
00:00:00.193853   AllocationBlockSize <string>  = "1048576" (cb=8)
00:00:00.193853 
00:00:00.193854 [/Devices/ahci/0/LUN#0/Config/Parent/Parent/Parent/VDConfig/] (level 9)
00:00:00.193855   AllocationBlockSize <string>  = "1048576" (cb=8)
00:00:00.193855 
00:00:00.193856 [/Devices/ahci/0/LUN#0/Config/Parent/Parent/VDConfig/] (level 8)
00:00:00.193857   AllocationBlockSize <string>  = "1048576" (cb=8)
00:00:00.193857 
00:00:00.193857 [/Devices/ahci/0/LUN#0/Config/Parent/VDConfig/] (level 7)
00:00:00.193858   AllocationBlockSize <string>  = "1048576" (cb=8)
00:00:00.193859 
00:00:00.193859 [/Devices/ahci/0/LUN#0/Config/VDConfig/] (level 6)
00:00:00.193860   AllocationBlockSize <string>  = "1048576" (cb=8)
00:00:00.193861 
00:00:00.193861 [/Devices/ahci/0/LUN#999/] (level 4)
00:00:00.193862   Driver <string>  = "MainStatus" (cb=11)
00:00:00.193862 
00:00:00.193862 [/Devices/ahci/0/LUN#999/Config/] (level 5)
00:00:00.193864   DeviceInstance        <string>  = "ahci/0" (cb=7)
00:00:00.193864   First                 <integer> = 0x0000000000000000 (0)
00:00:00.193865   Last                  <integer> = 0x0000000000000000 (0)
00:00:00.193866   pConsole              <integer> = 0x00007f1f980013e0 (139 773 670 855 648)
00:00:00.193867   papLeds               <integer> = 0x00007f1f98001bc0 (139 773 670 857 664)
00:00:00.193868   pmapMediumAttachments <integer> = 0x00007f1f980027d8 (139 773 670 860 760)
00:00:00.193869 
00:00:00.193869 [/Devices/apic/] (level 2)
00:00:00.193870 
00:00:00.193870 [/Devices/apic/0/] (level 3)
00:00:00.193871   Trusted <integer> = 0x0000000000000001 (1)
00:00:00.193872 
00:00:00.193872 [/Devices/apic/0/Config/] (level 4)
00:00:00.193873   IOAPIC  <integer> = 0x0000000000000001 (1)
00:00:00.193873   Mode    <integer> = 0x0000000000000003 (3)
00:00:00.193874   NumCPUs <integer> = 0x0000000000000001 (1)
00:00:00.193874 
00:00:00.193875 [/Devices/e1000/] (level 2)
00:00:00.193875 
00:00:00.193875 [/Devices/e1000/0/] (level 3)
00:00:00.193876   PCIBusNo      <integer> = 0x0000000000000000 (0)
00:00:00.193877   PCIDeviceNo   <integer> = 0x0000000000000003 (3)
00:00:00.193877   PCIFunctionNo <integer> = 0x0000000000000000 (0)
00:00:00.193878   Trusted       <integer> = 0x0000000000000001 (1)
00:00:00.193878 
00:00:00.193879 [/Devices/e1000/0/Config/] (level 4)
00:00:00.193879   AdapterType    <integer> = 0x0000000000000000 (0)
00:00:00.193880   CableConnected <integer> = 0x0000000000000001 (1)
00:00:00.193881   LineSpeed      <integer> = 0x0000000000000000 (0)
00:00:00.193881   MAC            <bytes>   = "08 00 27 0c 62 2b" (cb=6)
00:00:00.193882 
00:00:00.193883 [/Devices/e1000/0/LUN#0/] (level 4)
00:00:00.193884   Driver <string>  = "NAT" (cb=4)
00:00:00.193884 
00:00:00.193884 [/Devices/e1000/0/LUN#0/Config/] (level 5)
00:00:00.193885   AliasMode       <integer> = 0x0000000000000000 (0)
00:00:00.193886   BootFile        <string>  = "h4.pxe" (cb=7)
00:00:00.193886   DNSProxy        <integer> = 0x0000000000000000 (0)
00:00:00.193887   Network         <string>  = "10.0.2.0/24" (cb=12)
00:00:00.193888   PassDomain      <integer> = 0x0000000000000001 (1)
00:00:00.193888   TFTPPrefix      <string>  = "/home/vamsi/.config/VirtualBox/TFTP" (cb=36)
00:00:00.193889   UseHostResolver <integer> = 0x0000000000000000 (0)
00:00:00.193889 
00:00:00.193889 [/Devices/e1000/0/LUN#0/Config/PortForwarding/] (level 6)
00:00:00.193890 
00:00:00.193891 [/Devices/e1000/0/LUN#0/Config/PortForwarding/0/] (level 7)
00:00:00.193892   GuestPort <integer> = 0x0000000000000016 (22)
00:00:00.193893   HostPort  <integer> = 0x00000000000038a8 (14 504)
00:00:00.193893   Name      <string>  = "ssh" (cb=4)
00:00:00.193894   Protocol  <string>  = "TCP" (cb=4)
00:00:00.193894 
00:00:00.193895 [/Devices/e1000/0/LUN#999/] (level 4)
00:00:00.193895   Driver <string>  = "MainStatus" (cb=11)
00:00:00.193896 
00:00:00.193896 [/Devices/e1000/0/LUN#999/Config/] (level 5)
00:00:00.193897   First   <integer> = 0x0000000000000000 (0)
00:00:00.193898   Last    <integer> = 0x0000000000000000 (0)
00:00:00.193898   papLeds <integer> = 0x00007f1f98002698 (139 773 670 860 440)
00:00:00.193899 
00:00:00.193900 [/Devices/e1000/1/] (level 3)
00:00:00.193900   PCIBusNo      <integer> = 0x0000000000000000 (0)
00:00:00.193901   PCIDeviceNo   <integer> = 0x0000000000000008 (8)
00:00:00.193901   PCIFunctionNo <integer> = 0x0000000000000000 (0)
00:00:00.193902   Trusted       <integer> = 0x0000000000000001 (1)
00:00:00.193903 
00:00:00.193903 [/Devices/e1000/1/Config/] (level 4)
00:00:00.193904   AdapterType    <integer> = 0x0000000000000000 (0)
00:00:00.193904   CableConnected <integer> = 0x0000000000000001 (1)
00:00:00.193905   LineSpeed      <integer> = 0x0000000000000000 (0)
00:00:00.193905   MAC            <bytes>   = "08 00 27 7f 48 c9" (cb=6)
00:00:00.193906 
00:00:00.193906 [/Devices/e1000/1/LUN#0/] (level 4)
00:00:00.193907   Driver <string>  = "IntNet" (cb=7)
00:00:00.193908 
00:00:00.193908 [/Devices/e1000/1/LUN#0/Config/] (level 5)
00:00:00.193909   IfPolicyPromisc <string>  = "deny" (cb=5)
00:00:00.193910   Network         <string>  = "intnet2" (cb=8)
00:00:00.193910   TrunkType       <integer> = 0x0000000000000002 (2)
00:00:00.193911 
00:00:00.193911 [/Devices/e1000/1/LUN#999/] (level 4)
00:00:00.193912   Driver <string>  = "MainStatus" (cb=11)
00:00:00.193912 
00:00:00.193912 [/Devices/e1000/1/LUN#999/Config/] (level 5)
00:00:00.193913   First   <integer> = 0x0000000000000000 (0)
00:00:00.193914   Last    <integer> = 0x0000000000000000 (0)
00:00:00.193914   papLeds <integer> = 0x00007f1f980026a0 (139 773 670 860 448)
00:00:00.193915 
00:00:00.193916 [/Devices/i8254/] (level 2)
00:00:00.193916 
00:00:00.193917 [/Devices/i8254/0/] (level 3)
00:00:00.193917 
00:00:00.193918 [/Devices/i8254/0/Config/] (level 4)
00:00:00.193918 
00:00:00.193919 [/Devices/i8259/] (level 2)
00:00:00.193919 
00:00:00.193920 [/Devices/i8259/0/] (level 3)
00:00:00.193920   Trusted <integer> = 0x0000000000000001 (1)
00:00:00.193921 
00:00:00.193921 [/Devices/i8259/0/Config/] (level 4)
00:00:00.193922 
00:00:00.193922 [/Devices/ichac97/] (level 2)
00:00:00.193923 
00:00:00.193923 [/Devices/ichac97/0/] (level 3)
00:00:00.193924   PCIBusNo      <integer> = 0x0000000000000000 (0)
00:00:00.193924   PCIDeviceNo   <integer> = 0x0000000000000005 (5)
00:00:00.193925   PCIFunctionNo <integer> = 0x0000000000000000 (0)
00:00:00.193925   Trusted       <integer> = 0x0000000000000001 (1)
00:00:00.193926 
00:00:00.193926 [/Devices/ichac97/0/AudioConfig/] (level 4)
00:00:00.193927 
00:00:00.193927 [/Devices/ichac97/0/Config/] (level 4)
00:00:00.193928   Codec        <string>  = "AD1980" (cb=7)
00:00:00.193929   DebugEnabled <integer> = 0x0000000000000000 (0)
00:00:00.193929 
00:00:00.193930 [/Devices/ichac97/0/LUN#0/] (level 4)
00:00:00.193930   Driver <string>  = "AUDIO" (cb=6)
00:00:00.193931 
00:00:00.193931 [/Devices/ichac97/0/LUN#0/AttachedDriver/] (level 5)
00:00:00.193932   Driver <string>  = "PulseAudio" (cb=11)
00:00:00.193933 
00:00:00.193933 [/Devices/ichac97/0/LUN#0/AttachedDriver/Config/] (level 6)
00:00:00.193934   VmName <string>  = "h4" (cb=3)
00:00:00.193935 
00:00:00.193935 [/Devices/ichac97/0/LUN#0/Config/] (level 5)
00:00:00.193936   DriverName    <string>  = "PulseAudio" (cb=11)
00:00:00.193936   InputEnabled  <integer> = 0x0000000000000000 (0)
00:00:00.193937   OutputEnabled <integer> = 0x0000000000000001 (1)
00:00:00.193937 
00:00:00.193938 [/Devices/ichac97/0/LUN#1/] (level 4)
00:00:00.193938   Driver <string>  = "AUDIO" (cb=6)
00:00:00.193939 
00:00:00.193939 [/Devices/ichac97/0/LUN#2/] (level 4)
00:00:00.193940   Driver <string>  = "AUDIO" (cb=6)
00:00:00.193940 
00:00:00.193941 [/Devices/ioapic/] (level 2)
00:00:00.193941 
00:00:00.193941 [/Devices/ioapic/0/] (level 3)
00:00:00.193942   Trusted <integer> = 0x0000000000000001 (1)
00:00:00.193943 
00:00:00.193943 [/Devices/ioapic/0/Config/] (level 4)
00:00:00.193944   NumCPUs <integer> = 0x0000000000000001 (1)
00:00:00.193944 
00:00:00.193945 [/Devices/mc146818/] (level 2)
00:00:00.193945 
00:00:00.193945 [/Devices/mc146818/0/] (level 3)
00:00:00.193946 
00:00:00.193946 [/Devices/mc146818/0/Config/] (level 4)
00:00:00.193947   UseUTC <integer> = 0x0000000000000001 (1)
00:00:00.193948 
00:00:00.193948 [/Devices/parallel/] (level 2)
00:00:00.193949 
00:00:00.193949 [/Devices/pcarch/] (level 2)
00:00:00.193950 
00:00:00.193950 [/Devices/pcarch/0/] (level 3)
00:00:00.193951   Trusted <integer> = 0x0000000000000001 (1)
00:00:00.193951 
00:00:00.193951 [/Devices/pcarch/0/Config/] (level 4)
00:00:00.193952 
00:00:00.193952 [/Devices/pcbios/] (level 2)
00:00:00.193953 
00:00:00.193953 [/Devices/pcbios/0/] (level 3)
00:00:00.193954   Trusted <integer> = 0x0000000000000001 (1)
00:00:00.193955 
00:00:00.193955 [/Devices/pcbios/0/Config/] (level 4)
00:00:00.193956   APIC               <integer> = 0x0000000000000001 (1)
00:00:00.193957   BootDevice0        <string>  = "FLOPPY" (cb=7)
00:00:00.193957   BootDevice1        <string>  = "DVD" (cb=4)
00:00:00.193958   BootDevice2        <string>  = "IDE" (cb=4)
00:00:00.193958   BootDevice3        <string>  = "NONE" (cb=5)
00:00:00.193959   FloppyDevice       <string>  = "i82078" (cb=7)
00:00:00.193959   HardDiskDevice     <string>  = "piix3ide" (cb=9)
00:00:00.193960   IOAPIC             <integer> = 0x0000000000000001 (1)
00:00:00.193960   McfgBase           <integer> = 0x0000000000000000 (0)
00:00:00.193961   McfgLength         <integer> = 0x0000000000000000 (0)
00:00:00.193962   NumCPUs            <integer> = 0x0000000000000001 (1)
00:00:00.193962   PXEDebug           <integer> = 0x0000000000000000 (0)
00:00:00.193963   SataHardDiskDevice <string>  = "ahci" (cb=5)
00:00:00.193963   SataLUN1           <integer> = 0x0000000000000000 (0)
00:00:00.193964   UUID               <bytes>   = "bf 23 8b b5 7a 33 e4 41 97 50 34 2e c0 6e d4 63" (cb=16)
00:00:00.193966   UuidLe             <integer> = 0x0000000000000000 (0)
00:00:00.193966 
00:00:00.193966 [/Devices/pcbios/0/Config/NetBoot/] (level 5)
00:00:00.193967 
00:00:00.193968 [/Devices/pcbios/0/Config/NetBoot/0/] (level 6)
00:00:00.193969   NIC           <integer> = 0x0000000000000000 (0)
00:00:00.193969   PCIBusNo      <integer> = 0x0000000000000000 (0)
00:00:00.193970   PCIDeviceNo   <integer> = 0x0000000000000003 (3)
00:00:00.193970   PCIFunctionNo <integer> = 0x0000000000000000 (0)
00:00:00.193971 
00:00:00.193971 [/Devices/pci/] (level 2)
00:00:00.193972 
00:00:00.193972 [/Devices/pci/0/] (level 3)
00:00:00.193973   Trusted <integer> = 0x0000000000000001 (1)
00:00:00.193973 
00:00:00.193974 [/Devices/pci/0/Config/] (level 4)
00:00:00.193974   IOAPIC <integer> = 0x0000000000000001 (1)
00:00:00.193975 
00:00:00.193975 [/Devices/pcibridge/] (level 2)
00:00:00.193976 
00:00:00.193976 [/Devices/pckbd/] (level 2)
00:00:00.193977 
00:00:00.193977 [/Devices/pckbd/0/] (level 3)
00:00:00.193978   Trusted <integer> = 0x0000000000000001 (1)
00:00:00.193978 
00:00:00.193978 [/Devices/pckbd/0/Config/] (level 4)
00:00:00.193979 
00:00:00.193980 [/Devices/pckbd/0/LUN#0/] (level 4)
00:00:00.193980   Driver <string>  = "KeyboardQueue" (cb=14)
00:00:00.193981 
00:00:00.193981 [/Devices/pckbd/0/LUN#0/AttachedDriver/] (level 5)
00:00:00.193982   Driver <string>  = "MainKeyboard" (cb=13)
00:00:00.193983 
00:00:00.193983 [/Devices/pckbd/0/LUN#0/AttachedDriver/Config/] (level 6)
00:00:00.193984   Object <integer> = 0x000055c06e4dbbc0 (94 284 972 669 888)
00:00:00.193985 
00:00:00.193985 [/Devices/pckbd/0/LUN#0/Config/] (level 5)
00:00:00.193986   QueueSize <integer> = 0x0000000000000040 (64)
00:00:00.193987 
00:00:00.193987 [/Devices/pckbd/0/LUN#1/] (level 4)
00:00:00.193988   Driver <string>  = "MouseQueue" (cb=11)
00:00:00.193988 
00:00:00.193988 [/Devices/pckbd/0/LUN#1/AttachedDriver/] (level 5)
00:00:00.193989   Driver <string>  = "MainMouse" (cb=10)
00:00:00.193990 
00:00:00.193990 [/Devices/pckbd/0/LUN#1/AttachedDriver/Config/] (level 6)
00:00:00.193991   Object <integer> = 0x00007f1f98006090 (139 773 670 875 280)
00:00:00.193992 
00:00:00.193992 [/Devices/pckbd/0/LUN#1/Config/] (level 5)
00:00:00.193993   QueueSize <integer> = 0x0000000000000080 (128)
00:00:00.193994 
00:00:00.193994 [/Devices/pcnet/] (level 2)
00:00:00.193995 
00:00:00.193995 [/Devices/piix3ide/] (level 2)
00:00:00.193996 
00:00:00.193996 [/Devices/piix3ide/0/] (level 3)
00:00:00.193997   PCIBusNo      <integer> = 0x0000000000000000 (0)
00:00:00.193998   PCIDeviceNo   <integer> = 0x0000000000000001 (1)
00:00:00.193998   PCIFunctionNo <integer> = 0x0000000000000001 (1)
00:00:00.193999   Trusted       <integer> = 0x0000000000000001 (1)
00:00:00.193999 
00:00:00.193999 [/Devices/piix3ide/0/Config/] (level 4)
00:00:00.194000   Type <string>  = "PIIX4" (cb=6)
00:00:00.194001 
00:00:00.194001 [/Devices/piix3ide/0/LUN#0/] (level 4)
00:00:00.194002   Driver <string>  = "VD" (cb=3)
00:00:00.194002 
00:00:00.194002 [/Devices/piix3ide/0/LUN#0/Config/] (level 5)
00:00:00.194003   EmptyDrive <integer> = 0x0000000000000001 (1)
00:00:00.194004   Mountable  <integer> = 0x0000000000000001 (1)
00:00:00.194004   Type       <string>  = "DVD" (cb=4)
00:00:00.194005 
00:00:00.194005 [/Devices/piix3ide/0/LUN#999/] (level 4)
00:00:00.194006   Driver <string>  = "MainStatus" (cb=11)
00:00:00.194006 
00:00:00.194007 [/Devices/piix3ide/0/LUN#999/Config/] (level 5)
00:00:00.194008   DeviceInstance        <string>  = "piix3ide/0" (cb=11)
00:00:00.194008   First                 <integer> = 0x0000000000000000 (0)
00:00:00.194009   Last                  <integer> = 0x0000000000000003 (3)
00:00:00.194009   pConsole              <integer> = 0x00007f1f980013e0 (139 773 670 855 648)
00:00:00.194011   papLeds               <integer> = 0x00007f1f98001ba0 (139 773 670 857 632)
00:00:00.194012   pmapMediumAttachments <integer> = 0x00007f1f980027d8 (139 773 670 860 760)
00:00:00.194013 
00:00:00.194013 [/Devices/serial/] (level 2)
00:00:00.194014 
00:00:00.194014 [/Devices/usb-ohci/] (level 2)
00:00:00.194015 
00:00:00.194015 [/Devices/usb-ohci/0/] (level 3)
00:00:00.194016   PCIBusNo      <integer> = 0x0000000000000000 (0)
00:00:00.194016   PCIDeviceNo   <integer> = 0x0000000000000006 (6)
00:00:00.194017   PCIFunctionNo <integer> = 0x0000000000000000 (0)
00:00:00.194017   Trusted       <integer> = 0x0000000000000001 (1)
00:00:00.194018 
00:00:00.194018 [/Devices/usb-ohci/0/Config/] (level 4)
00:00:00.194019 
00:00:00.194019 [/Devices/usb-ohci/0/LUN#0/] (level 4)
00:00:00.194020   Driver <string>  = "VUSBRootHub" (cb=12)
00:00:00.194020 
00:00:00.194021 [/Devices/usb-ohci/0/LUN#0/Config/] (level 5)
00:00:00.194021 
00:00:00.194022 [/Devices/usb-ohci/0/LUN#999/] (level 4)
00:00:00.194023   Driver <string>  = "MainStatus" (cb=11)
00:00:00.194023 
00:00:00.194023 [/Devices/usb-ohci/0/LUN#999/Config/] (level 5)
00:00:00.194024   First   <integer> = 0x0000000000000000 (0)
00:00:00.194025   Last    <integer> = 0x0000000000000000 (0)
00:00:00.194025   papLeds <integer> = 0x00007f1f980027c0 (139 773 670 860 736)
00:00:00.194026 
00:00:00.194026 [/Devices/vga/] (level 2)
00:00:00.194027 
00:00:00.194027 [/Devices/vga/0/] (level 3)
00:00:00.194028   PCIBusNo      <integer> = 0x0000000000000000 (0)
00:00:00.194029   PCIDeviceNo   <integer> = 0x0000000000000002 (2)
00:00:00.194029   PCIFunctionNo <integer> = 0x0000000000000000 (0)
00:00:00.194030   Trusted       <integer> = 0x0000000000000001 (1)
00:00:00.194030 
00:00:00.194030 [/Devices/vga/0/Config/] (level 4)
00:00:00.194032   3DEnabled          <integer> = 0x0000000000000000 (0)
00:00:00.194032   CustomVideoModes   <integer> = 0x0000000000000000 (0)
00:00:00.194033   FadeIn             <integer> = 0x0000000000000001 (1)
00:00:00.194034   FadeOut            <integer> = 0x0000000000000001 (1)
00:00:00.194034   HeightReduction    <integer> = 0x0000000000000000 (0)
00:00:00.194035   LogoFile           <string>  = "" (cb=1)
00:00:00.194035   LogoTime           <integer> = 0x0000000000000000 (0)
00:00:00.194036   MonitorCount       <integer> = 0x0000000000000001 (1)
00:00:00.194036   ShowBootMenu       <integer> = 0x0000000000000002 (2)
00:00:00.194037   VMSVGA3dEnabled    <integer> = 0x0000000000000000 (0)
00:00:00.194038   VMSVGAEnabled      <integer> = 0x0000000000000001 (1)
00:00:00.194038   VMSVGAPciBarLayout <integer> = 0x0000000000000001 (1)
00:00:00.194039   VMSVGAPciId        <integer> = 0x0000000000000001 (1)
00:00:00.194039   VRamSize           <integer> = 0x0000000001000000 (16 777 216, 16 MB)
00:00:00.194041 
00:00:00.194041 [/Devices/vga/0/LUN#0/] (level 4)
00:00:00.194042   Driver <string>  = "MainDisplay" (cb=12)
00:00:00.194042 
00:00:00.194042 [/Devices/vga/0/LUN#0/Config/] (level 5)
00:00:00.194043   Object <integer> = 0x00007f1f98006cd0 (139 773 670 878 416)
00:00:00.194044 
00:00:00.194044 [/Devices/vga/0/LUN#999/] (level 4)
00:00:00.194045   Driver <string>  = "MainStatus" (cb=11)
00:00:00.194046 
00:00:00.194046 [/Devices/vga/0/LUN#999/Config/] (level 5)
00:00:00.194047   First   <integer> = 0x0000000000000000 (0)
00:00:00.194047   Last    <integer> = 0x0000000000000000 (0)
00:00:00.194048   papLeds <integer> = 0x00007f1f980027d0 (139 773 670 860 752)
00:00:00.194049 
00:00:00.194049 [/Devices/virtio-net/] (level 2)
00:00:00.194050 
00:00:00.194050 [/EM/] (level 1)
00:00:00.194051   TripleFaultReset <integer> = 0x0000000000000000 (0)
00:00:00.194051 
00:00:00.194052 [/GIM/] (level 1)
00:00:00.194052   Provider <string>  = "KVM" (cb=4)
00:00:00.194053 
00:00:00.194053 [/HM/] (level 1)
00:00:00.194054   64bitEnabled            <integer> = 0x0000000000000001 (1)
00:00:00.194054   EnableLargePages        <integer> = 0x0000000000000000 (0)
00:00:00.194055   EnableNestedPaging      <integer> = 0x0000000000000001 (1)
00:00:00.194055   EnableUX                <integer> = 0x0000000000000001 (1)
00:00:00.194056   EnableVPID              <integer> = 0x0000000000000001 (1)
00:00:00.194057   Exclusive               <integer> = 0x0000000000000001 (1)
00:00:00.194057   HMForced                <integer> = 0x0000000000000001 (1)
00:00:00.194058   IBPBOnVMEntry           <integer> = 0x0000000000000000 (0)
00:00:00.194059   IBPBOnVMExit            <integer> = 0x0000000000000000 (0)
00:00:00.194059   L1DFlushOnSched         <integer> = 0x0000000000000001 (1)
00:00:00.194060   L1DFlushOnVMEntry       <integer> = 0x0000000000000000 (0)
00:00:00.194060   LovelyMesaDrvWorkaround <integer> = 0x0000000000000001 (1)
00:00:00.194061   MDSClearOnSched         <integer> = 0x0000000000000001 (1)
00:00:00.194062   MDSClearOnVMEntry       <integer> = 0x0000000000000000 (0)
00:00:00.194062   SpecCtrlByHost          <integer> = 0x0000000000000000 (0)
00:00:00.194063   UseNEMInstead           <integer> = 0x0000000000000000 (0)
00:00:00.194063 
00:00:00.194064 [/MM/] (level 1)
00:00:00.194064   CanUseLargerHeap <integer> = 0x0000000000000000 (0)
00:00:00.194065 
00:00:00.194065 [/NEM/] (level 1)
00:00:00.194066   Allow64BitGuests        <integer> = 0x0000000000000001 (1)
00:00:00.194066   LovelyMesaDrvWorkaround <integer> = 0x0000000000000001 (1)
00:00:00.194067 
00:00:00.194067 [/PDM/] (level 1)
00:00:00.194067 
00:00:00.194068 [/PDM/AsyncCompletion/] (level 2)
00:00:00.194068 
00:00:00.194069 [/PDM/AsyncCompletion/File/] (level 3)
00:00:00.194069 
00:00:00.194070 [/PDM/AsyncCompletion/File/BwGroups/] (level 4)
00:00:00.194071 
00:00:00.194071 [/PDM/BlkCache/] (level 2)
00:00:00.194071   CacheSize <integer> = 0x0000000000500000 (5 242 880, 5 MB)
00:00:00.194073 
00:00:00.194073 [/PDM/Devices/] (level 2)
00:00:00.194073 
00:00:00.194074 [/PDM/Drivers/] (level 2)
00:00:00.194074 
00:00:00.194075 [/PDM/Drivers/VBoxC/] (level 3)
00:00:00.194075   Path <string>  = "/usr/lib/virtualbox/components/VBoxC" (cb=37)
00:00:00.194076 
00:00:00.194076 [/PDM/NetworkShaper/] (level 2)
00:00:00.194077 
00:00:00.194077 [/PDM/NetworkShaper/BwGroups/] (level 3)
00:00:00.194078 
00:00:00.194078 [/TM/] (level 1)
00:00:00.194079   UTCOffset <integer> = 0x0000000000000000 (0)
00:00:00.194079 
00:00:00.194079 [/USB/] (level 1)
00:00:00.194080 
00:00:00.194080 [/USB/HidMouse/] (level 2)
00:00:00.194081 
00:00:00.194081 [/USB/HidMouse/0/] (level 3)
00:00:00.194082 
00:00:00.194082 [/USB/HidMouse/0/Config/] (level 4)
00:00:00.194083   Mode <string>  = "absolute" (cb=9)
00:00:00.194083 
00:00:00.194083 [/USB/HidMouse/0/LUN#0/] (level 4)
00:00:00.194084   Driver <string>  = "MouseQueue" (cb=11)
00:00:00.194085 
00:00:00.194085 [/USB/HidMouse/0/LUN#0/AttachedDriver/] (level 5)
00:00:00.194086   Driver <string>  = "MainMouse" (cb=10)
00:00:00.194086 
00:00:00.194086 [/USB/HidMouse/0/LUN#0/AttachedDriver/Config/] (level 6)
00:00:00.194087   Object <integer> = 0x00007f1f98006090 (139 773 670 875 280)
00:00:00.194088 
00:00:00.194089 [/USB/HidMouse/0/LUN#0/Config/] (level 5)
00:00:00.194090   QueueSize <integer> = 0x0000000000000080 (128)
00:00:00.194090 
00:00:00.194091 [/USB/USBProxy/] (level 2)
00:00:00.194091 
00:00:00.194091 [/USB/USBProxy/GlobalConfig/] (level 3)
00:00:00.194092 
00:00:00.194093 ********************* End of CFGM dump **********************
00:00:00.194151 HM: HMR3Init: VT-x w/ nested paging and unrestricted guest execution hw support
00:00:00.194183 MM: cbHyperHeap=0x200000 (2097152)
00:00:00.195278 CPUM: fXStateHostMask=0x7; initial: 0x7; host XCR0=0x1f
00:00:00.196002 CPUM: Matched host CPU INTEL 0x6/0x9e/0x9 Intel_Core7_KabyLake with CPU DB entry 'Intel Core i7-6700K' (INTEL 0x6/0x5e/0x3 Intel_Core7_Skylake)
00:00:00.196034 CPUM: MXCSR_MASK=0xffff (host: 0xffff)
00:00:00.196043 CPUM: Microcode revision 0x000000EA
00:00:00.196049 CPUM: Changing leaf 13[0]: EBX=0x440 -> 0x340, ECX=0x440 -> 0x340
00:00:00.196056 CPUM: MSR/CPUID reconciliation insert: 0x0000010b IA32_FLUSH_CMD
00:00:00.196141 PGM: Host paging mode: AMD64+PGE+NX
00:00:00.196148 PGM: PGMPool: cMaxPages=768 (u64MaxPages=545)
00:00:00.196151 PGM: pgmR3PoolInit: cMaxPages=0x300 cMaxUsers=0x600 cMaxPhysExts=0x600 fCacheEnable=true 
00:00:00.196537 PGM: /proc/sys/vm/max_map_count = 65530 (rc2=VWRN_TRAILING_CHARS); cGuessNeeded=16384
00:00:00.197884 TM: GIP - u32Mode=3 (Invariant) u32UpdateHz=62 u32UpdateIntervalNS=16000000 enmUseTscDelta=2 (Practically Zero) fGetGipCpu=0x1b cCpus=4
00:00:00.197904 TM: GIP - u64CpuHz=2 475 657 078 (0x938f8776)  SUPGetCpuHzFromGip => 2 475 657 078
00:00:00.197909 TM: GIP - CPU: iCpuSet=0x0 idCpu=0x0 idApic=0x0 iGipCpu=0x3 i64TSCDelta=0 enmState=3 u64CpuHz=2495975039(*) cErrors=0
00:00:00.197913 TM: GIP - CPU: iCpuSet=0x1 idCpu=0x1 idApic=0x2 iGipCpu=0x0 i64TSCDelta=0 enmState=3 u64CpuHz=2475657078(*) cErrors=0
00:00:00.197929 TM: GIP - CPU: iCpuSet=0x2 idCpu=0x2 idApic=0x4 iGipCpu=0x2 i64TSCDelta=0 enmState=3 u64CpuHz=2495975139(*) cErrors=0
00:00:00.197932 TM: GIP - CPU: iCpuSet=0x3 idCpu=0x3 idApic=0x6 iGipCpu=0x1 i64TSCDelta=0 enmState=3 u64CpuHz=2495974769(*) cErrors=0
00:00:00.197975 TM: cTSCTicksPerSecond=2 475 657 078 (0x938f8776) enmTSCMode=3 (Dynamic)
00:00:00.197977 TM: TSCTiedToExecution=false TSCNotTiedToHalt=false
00:00:00.199378 EMR3Init: fIemExecutesAll=false fGuruOnTripleFault=true 
00:00:00.199463 IEM: TargetCpu=CURRENT, Microarch=Intel_Core7_KabyLake
00:00:00.199512 GIM: Using provider 'KVM' (Implementation version: 0)
00:00:00.199516 CPUM: SetGuestCpuIdFeature: Enabled Hypervisor Present bit
00:00:00.307179 AIOMgr: Default manager type is 'Async'
00:00:00.307196 AIOMgr: Default file backend is 'NonBuffered'
00:00:00.307335 BlkCache: Cache successfully initialized. Cache size is 5242880 bytes
00:00:00.307340 BlkCache: Cache commit interval is 10000 ms
00:00:00.307342 BlkCache: Cache commit threshold is 2621440 bytes
00:00:00.308320 PcBios: [SMP] BIOS with 1 CPUs
00:00:00.308342 PcBios: Using the 386+ BIOS image.
00:00:00.308397 PcBios: MPS table at 000e1300
00:00:00.308712 PcBios: fCheckShutdownStatusForSoftReset=true   fClearShutdownStatusOnHardReset=true 
00:00:00.308850 SUP: Opened VBoxDDR0.r0 (/usr/lib/virtualbox/VBoxDDR0.r0) at 0xXXXXXXXXXXXXXXXX.
00:00:00.308998 CPUM: SetGuestCpuIdFeature: Enabled xAPIC
00:00:00.309002 CPUM: SetGuestCpuIdFeature: Enabled x2APIC
00:00:00.309161 IOAPIC: Using implementation 2.0! Chipset type ICH9
00:00:00.309202 PIT: mode=3 count=0x10000 (65536) - 18.20 Hz (ch=0)
00:00:00.309598 VMMDev: cbDefaultBudget: 261 373 696 (f943f00)
00:00:00.311289 Shared Folders service loaded
00:00:00.311816 Guest Control service loaded
00:00:00.320543 VGA: Using the 386+ BIOS image.
00:00:00.323542 DrvVD: Flushes will be ignored
00:00:00.323553 DrvVD: Async flushes will be passed to the disk
00:00:00.325656 VD: VDInit finished with VINF_SUCCESS
00:00:00.327306 AIOMgr: Endpoint for file '/home/vamsi/Documents/Acads/Sem 7/Computer Networks/Lab/Lab1/lab1_network/VMImages/base/base.vdi' (flags 000c0781) created successfully
00:00:00.566359 AIOMgr: Endpoint for file '/home/vamsi/Documents/Acads/Sem 7/Computer Networks/Lab/Lab1/lab1_network/VMImages/base/Snapshots/{8f83ab64-891d-4e29-8532-09d2e668c3dd}.vdi' (flags 000c0781) created successfully
00:00:00.714635 AIOMgr: Endpoint for file '/home/vamsi/Documents/Acads/Sem 7/Computer Networks/Lab/Lab1/lab1_network/VMImages/base/Snapshots/{ca230307-de07-4ee1-b500-8daa8ed4ebc4}.vdi' (flags 000c0781) created successfully
00:00:00.847804 AIOMgr: Endpoint for file '/home/vamsi/Documents/Acads/Sem 7/Computer Networks/Lab/Lab1/lab1_network/VMImages/base/Snapshots/{ccd6ab89-9973-43d9-b6e3-1bbb050f93f6}.vdi' (flags 000c0781) created successfully
00:00:01.025303 AIOMgr: Endpoint for file '/home/vamsi/Documents/Acads/Sem 7/Computer Networks/Lab/Lab1/lab1_network/VMImages/h4/Snapshots/{170081f4-e4b5-4d8a-9667-6e495138442b}.vdi' (flags 000c0723) created successfully
00:00:01.190828 VD: Opening the disk took 865244364 ns
00:00:01.190890 AHCI: LUN#0: disk, PCHS=2212/16/63, total number of sectors 2229702
00:00:01.190996 AHCI#0: Reset the HBA
00:00:01.191003 VD#0: Cancelling all active requests
00:00:01.191597 DrvVD: Flushes will be ignored
00:00:01.191604 DrvVD: Async flushes will be passed to the disk
00:00:01.191638 PIIX3 ATA: LUN#0: CD/DVD, total number of sectors 0, passthrough disabled
00:00:01.193522 PIIX3 ATA: LUN#1: no unit
00:00:01.193601 PIIX3 ATA: LUN#2: no unit
00:00:01.193608 PIIX3 ATA: LUN#3: no unit
00:00:01.193664 PIIX3 ATA: Ctl#1: finished processing RESET
00:00:01.193670 PIIX3 ATA: Ctl#0: finished processing RESET
00:00:01.193795 E1000#0: Chip=82540EM LinkUpDelay=3000ms EthernetCRC=on GSO=enabled Itr=disabled ItrRx=enabled TID=disabled R0=enabled RC=disabled
00:00:01.200665 NAT: Guest address guess set to 10.0.2.15 by initialization
00:00:01.200754 NAT: resolv.conf: nameserver 127.0.0.53
00:00:01.200773 NAT: DNS server 127.0.0.53 registration detected, switching to the DNS proxy
00:00:01.200776 NAT: DNS#0: 127.0.0.53
00:00:01.200811 NAT: Set redirect TCP 0.0.0.0:14504 -> 0.0.0.0:22
00:00:01.207972 E1000#1: Chip=82540EM LinkUpDelay=3000ms EthernetCRC=on GSO=enabled Itr=disabled ItrRx=enabled TID=disabled R0=enabled RC=disabled
00:00:01.208031 IntNet#0: szNetwork={intnet2} enmTrunkType=2 szTrunk={} fFlags=0x8000 cbRecv=325632 cbSend=196608 fIgnoreConnectFailure=false
00:00:01.211249 AC97: Using codec 'AD1980'
00:00:01.211296 Audio: Initializing PulseAudio driver
00:00:01.213009 PulseAudio: Using version 11.1.0
00:00:01.214772 PulseAudio: Retrieving server information ...
00:00:01.215325 Audio: Found 3 devices for driver 'PulseAudio'
00:00:01.215334 Audio: Device 'Built-in Audio Analog Stereo':
00:00:01.215334 Audio:   ID              = alsa_output.pci-0000_00_1f.3.analog-stereo
00:00:01.215335 Audio:   Usage           = output
00:00:01.215335 Audio:   Flags           = DEFAULT_OUT
00:00:01.215336 Audio:   Input channels  = 0
00:00:01.215336 Audio:   Output channels = 2
00:00:01.215338 Audio: Device 'Monitor of Built-in Audio Analog Stereo':
00:00:01.215339 Audio:   ID              = alsa_output.pci-0000_00_1f.3.analog-stereo.monitor
00:00:01.215339 Audio:   Usage           = input
00:00:01.215339 Audio:   Flags           = NONE
00:00:01.215339 Audio:   Input channels  = 2
00:00:01.215340 Audio:   Output channels = 0
00:00:01.215342 Audio: Device 'Built-in Audio Analog Stereo':
00:00:01.215342 Audio:   ID              = alsa_input.pci-0000_00_1f.3.analog-stereo
00:00:01.215342 Audio:   Usage           = input
00:00:01.215343 Audio:   Flags           = DEFAULT_IN
00:00:01.215343 Audio:   Input channels  = 2
00:00:01.215343 Audio:   Output channels = 0
00:00:01.215401 AC97: Reset
00:00:01.215404 AC97: Mixer reset (EAID=0x809, EACS=0x9)
00:00:01.215407 AC97: Record select to left=mic, right=mic
00:00:01.222912 VUSB: Attached 'HidMouse' to port 1 on RootHub#0 (FullSpeed)
00:00:01.222947 PGM: The CPU physical address width is 39 bits
00:00:01.222951 PGM: PGMR3InitFinalize: 4 MB PSE mask 0000007fffffffff -> VINF_SUCCESS
00:00:01.222969 TM: TMR3InitFinalize: fTSCModeSwitchAllowed=true 
00:00:01.223086 VMM: Enabled thread-context hooks
00:00:01.223090 VMM: RTThreadPreemptIsPending() can be trusted
00:00:01.223092 VMM: Kernel preemption is not possible it seems
00:00:01.223246 HM: fWorldSwitcher=0x0 (fIbpbOnVmExit=false fIbpbOnVmEntry=false fL1dFlushOnVmEntry=false); fL1dFlushOnSched=true  fMdsClearOnVmEntry=false
00:00:01.223254 HM: Using VT-x implementation 3.0
00:00:01.223255 HM: Max resume loops                  = 8192
00:00:01.223255 HM: Host CR4                          = 0x3606e0
00:00:01.223256 HM: Host EFER                         = 0xd01
00:00:01.223257 HM: MSR_IA32_SMM_MONITOR_CTL          = 0x0
00:00:01.223257 HM: MSR_IA32_FEATURE_CONTROL          = 0x5
00:00:01.223258 HM:   LOCK
00:00:01.223258 HM:   VMXON
00:00:01.223258 HM: MSR_IA32_VMX_BASIC                = 0xda040000000004
00:00:01.223259 HM:   VMCS id                           = 0x4
00:00:01.223260 HM:   VMCS size                         = 1024 bytes
00:00:01.223260 HM:   VMCS physical address limit       = None
00:00:01.223261 HM:   VMCS memory type                  = Write Back (WB)
00:00:01.223261 HM:   Dual-monitor treatment support    = true 
00:00:01.223261 HM:   OUTS & INS instruction-info       = true 
00:00:01.223262 HM:   Supports true-capability MSRs     = true 
00:00:01.223262 HM:   VM-entry Xcpt error-code optional = false
00:00:01.223263 HM: MSR_IA32_VMX_PINBASED_CTLS        = 0x7f00000016
00:00:01.223263 HM:   EXT_INT_EXIT
00:00:01.223264 HM:   NMI_EXIT
00:00:01.223264 HM:   VIRTUAL_NMI
00:00:01.223264 HM:   PREEMPT_TIMER
00:00:01.223265 HM:   POSTED_INT (must be cleared)
00:00:01.223265 HM: MSR_IA32_VMX_PROCBASED_CTLS       = 0xfff9fffe0401e172
00:00:01.223266 HM:   INT_WINDOW_EXIT
00:00:01.223266 HM:   USE_TSC_OFFSETTING
00:00:01.223267 HM:   HLT_EXIT
00:00:01.223267 HM:   INVLPG_EXIT
00:00:01.223267 HM:   MWAIT_EXIT
00:00:01.223268 HM:   RDPMC_EXIT
00:00:01.223268 HM:   RDTSC_EXIT
00:00:01.223268 HM:   CR3_LOAD_EXIT (must be set)
00:00:01.223268 HM:   CR3_STORE_EXIT (must be set)
00:00:01.223269 HM:   CR8_LOAD_EXIT
00:00:01.223269 HM:   CR8_STORE_EXIT
00:00:01.223269 HM:   USE_TPR_SHADOW
00:00:01.223269 HM:   NMI_WINDOW_EXIT
00:00:01.223270 HM:   MOV_DR_EXIT
00:00:01.223270 HM:   UNCOND_IO_EXIT
00:00:01.223270 HM:   USE_IO_BITMAPS
00:00:01.223270 HM:   MONITOR_TRAP_FLAG
00:00:01.223271 HM:   USE_MSR_BITMAPS
00:00:01.223271 HM:   MONITOR_EXIT
00:00:01.223271 HM:   PAUSE_EXIT
00:00:01.223271 HM:   USE_SECONDARY_CTLS
00:00:01.223272 HM: MSR_IA32_VMX_PROCBASED_CTLS2      = 0x5fbcff00000000
00:00:01.223273 HM:   VIRT_APIC_ACCESS
00:00:01.223273 HM:   EPT
00:00:01.223273 HM:   DESC_TABLE_EXIT
00:00:01.223274 HM:   RDTSCP
00:00:01.223274 HM:   VIRT_X2APIC_MODE
00:00:01.223274 HM:   VPID
00:00:01.223275 HM:   WBINVD_EXIT
00:00:01.223275 HM:   UNRESTRICTED_GUEST
00:00:01.223275 HM:   APIC_REG_VIRT (must be cleared)
00:00:01.223275 HM:   VIRT_INT_DELIVERY (must be cleared)
00:00:01.223276 HM:   PAUSE_LOOP_EXIT
00:00:01.223276 HM:   RDRAND_EXIT
00:00:01.223276 HM:   INVPCID
00:00:01.223277 HM:   VMFUNC
00:00:01.223277 HM:   VMCS_SHADOWING (must be cleared)
00:00:01.223277 HM:   ENCLS_EXIT
00:00:01.223278 HM:   RDSEED_EXIT
00:00:01.223278 HM:   PML
00:00:01.223278 HM:   EPT_VE
00:00:01.223278 HM:   CONCEAL_VMX_FROM_PT
00:00:01.223279 HM:   XSAVES_XRSTORS
00:00:01.223279 HM:   MODE_BASED_EPT_PERM
00:00:01.223279 HM:   SPPTP_EPT (must be cleared)
00:00:01.223279 HM:   PT_EPT (must be cleared)
00:00:01.223280 HM:   TSC_SCALING (must be cleared)
00:00:01.223280 HM:   USER_WAIT_PAUSE (must be cleared)
00:00:01.223280 HM:   ENCLV_EXIT (must be cleared)
00:00:01.223280 HM: MSR_IA32_VMX_ENTRY_CTLS           = 0x3ffff000011ff
00:00:01.223281 HM:   LOAD_DEBUG (must be set)
00:00:01.223281 HM:   IA32E_MODE_GUEST
00:00:01.223282 HM:   ENTRY_TO_SMM
00:00:01.223282 HM:   DEACTIVATE_DUAL_MON
00:00:01.223282 HM:   LOAD_PERF_MSR
00:00:01.223283 HM:   LOAD_PAT_MSR
00:00:01.223283 HM:   LOAD_EFER_MSR
00:00:01.223283 HM:   LOAD_BNDCFGS_MSR
00:00:01.223283 HM:   CONCEAL_VMX_FROM_PT
00:00:01.223284 HM:   LOAD_RTIT_CTL_MSR (must be cleared)
00:00:01.223284 HM: MSR_IA32_VMX_EXIT_CTLS            = 0x1ffffff00036dff
00:00:01.223285 HM:   SAVE_DEBUG (must be set)
00:00:01.223285 HM:   HOST_ADDR_SPACE_SIZE
00:00:01.223285 HM:   LOAD_PERF_MSR
00:00:01.223286 HM:   ACK_EXT_INT
00:00:01.223286 HM:   SAVE_PAT_MSR
00:00:01.223286 HM:   LOAD_PAT_MSR
00:00:01.223286 HM:   SAVE_EFER_MSR
00:00:01.223287 HM:   LOAD_EFER_MSR
00:00:01.223287 HM:   SAVE_PREEMPT_TIMER
00:00:01.223287 HM:   CLEAR_BNDCFGS_MSR
00:00:01.223287 HM:   CONCEAL_VMX_FROM_PT
00:00:01.223288 HM:   CLEAR_RTIT_CTL_MSR (must be cleared)
00:00:01.223288 HM: MSR_IA32_VMX_TRUE_PINBASED_CTLS   = 0x7f00000016
00:00:01.223289 HM: MSR_IA32_VMX_TRUE_PROCBASED_CTLS  = 0xfff9fffe04006172
00:00:01.223289 HM: MSR_IA32_VMX_TRUE_ENTRY_CTLS      = 0x3ffff000011fb
00:00:01.223290 HM: MSR_IA32_VMX_TRUE_EXIT_CTLS       = 0x1ffffff00036dfb
00:00:01.223291 HM: MSR_IA32_VMX_MISC                 = 0x7004c1e7
00:00:01.223291 HM:   PREEMPT_TIMER_TSC                 = 0x7
00:00:01.223292 HM:   EXIT_SAVE_EFER_LMA                = true 
00:00:01.223292 HM:   ACTIVITY_STATES                   = 0x7 ( HLT SHUTDOWN SIPI_WAIT )
00:00:01.223293 HM:   INTEL_PT                          = true 
00:00:01.223293 HM:   SMM_READ_SMBASE_MSR               = true 
00:00:01.223294 HM:   CR3_TARGET                        = 0x4
00:00:01.223294 HM:   MAX_MSR                           = 0x0 ( 512 )
00:00:01.223295 HM:   VMXOFF_BLOCK_SMI                  = true 
00:00:01.223295 HM:   VMWRITE_ALL                       = true 
00:00:01.223295 HM:   ENTRY_INJECT_SOFT_INT             = 0x1
00:00:01.223296 HM:   MSEG_ID                           = 0x0
00:00:01.223296 HM: MSR_IA32_VMX_VMCS_ENUM            = 0x2e
00:00:01.223297 HM:   HIGHEST_IDX                       = 0x17
00:00:01.223297 HM: MSR_IA32_VMX_EPT_VPID_CAP         = 0xf0106734141
00:00:01.223298 HM:   RWX_X_ONLY
00:00:01.223298 HM:   PAGE_WALK_LENGTH_4
00:00:01.223298 HM:   EMT_UC
00:00:01.223298 HM:   EMT_WB
00:00:01.223299 HM:   PDE_2M
00:00:01.223299 HM:   PDPTE_1G
00:00:01.223299 HM:   INVEPT
00:00:01.223299 HM:   EPT_ACCESS_DIRTY
00:00:01.223300 HM:   ADVEXITINFO_EPT
00:00:01.223300 HM:   INVEPT_SINGLE_CONTEXT
00:00:01.223300 HM:   INVEPT_ALL_CONTEXTS
00:00:01.223300 HM:   INVVPID
00:00:01.223301 HM:   INVVPID_INDIV_ADDR
00:00:01.223301 HM:   INVVPID_SINGLE_CONTEXT
00:00:01.223301 HM:   INVVPID_ALL_CONTEXTS
00:00:01.223301 HM:   INVVPID_SINGLE_CONTEXT_RETAIN_GLOBALS
00:00:01.223302 HM: MSR_IA32_VMX_VMFUNC               = 0x1
00:00:01.223302 HM:   EPTP_SWITCHING
00:00:01.223302 HM: MSR_IA32_VMX_CR0_FIXED0           = 0x80000021
00:00:01.223303 HM: MSR_IA32_VMX_CR0_FIXED1           = 0xffffffff
00:00:01.223303 HM: MSR_IA32_VMX_CR4_FIXED0           = 0x2000
00:00:01.223304 HM: MSR_IA32_VMX_CR4_FIXED1           = 0x3727ff
00:00:01.223305 HM: APIC-access page physaddr         = 0x0000000215839000
00:00:01.223305 HM: VCPU  0: MSR bitmap physaddr      = 0x000000021583d000
00:00:01.223306 HM: VCPU  0: VMCS physaddr            = 0x000000021583a000
00:00:01.223307 HM: Guest support: 32-bit and 64-bit
00:00:01.223310 HM: Supports VMCS EFER fields         = true 
00:00:01.223311 HM: Enabled VMX
00:00:01.223313 CPUM: SetGuestCpuIdFeature: Enabled SYSENTER/EXIT
00:00:01.223314 CPUM: SetGuestCpuIdFeature: Enabled PAE
00:00:01.223314 CPUM: SetGuestCpuIdFeature: Enabled LONG MODE
00:00:01.223315 CPUM: SetGuestCpuIdFeature: Enabled SYSCALL/RET
00:00:01.223315 CPUM: SetGuestCpuIdFeature: Enabled LAHF/SAHF
00:00:01.223315 CPUM: SetGuestCpuIdFeature: Enabled NX
00:00:01.223315 HM: Enabled nested paging
00:00:01.223316 HM:   EPT flush type                  = Single context
00:00:01.223316 HM: Enabled unrestricted guest execution
00:00:01.223316 HM: Enabled VPID
00:00:01.223317 HM:   VPID flush type                 = Single context
00:00:01.223317 HM: Enabled VMX-preemption timer (cPreemptTimerShift=7)
00:00:01.223317 HM: VT-x/AMD-V init method: Global
00:00:01.223318 EM: Exit history optimizations: enabled=true  enabled-r0=true  enabled-r0-no-preemption=false
00:00:01.223344 PcBios: SATA LUN#0 LCHS=553/64/63
00:00:01.223354 APIC: fPostedIntrsEnabled=false fVirtApicRegsEnabled=false fSupportsTscDeadline=false
00:00:01.223359 TMR3UtcNow: nsNow=1 630 218 407 245 384 000 nsPrev=0 -> cNsDelta=1 630 218 407 245 384 000 (offLag=0 offVirtualSync=0 offVirtualSyncGivenUp=0, NowAgain=1 630 218 407 245 384 000)
00:00:01.223366 VMM: fUsePeriodicPreemptionTimers=false
00:00:01.223442 CPUM: Logical host processors: 4 present, 4 max, 4 online, online mask: 000000000000000f
00:00:01.223491 CPUM: Physical host cores: 4
00:00:01.223491 ************************* CPUID dump ************************
00:00:01.223498          Raw Standard CPUID Leaves
00:00:01.223498      Leaf/sub-leaf  eax      ebx      ecx      edx
00:00:01.223499 Gst: 00000000/0000  00000016 756e6547 6c65746e 49656e69
00:00:01.223500 Hst:                00000016 756e6547 6c65746e 49656e69
00:00:01.223501 Gst: 00000001/0000  000906e9 00010800 d6fa220b 178bfbff
00:00:01.223502 Hst:                000906e9 02100800 7ffafbbf bfebfbff
00:00:01.223504 Gst: 00000002/0000  76036301 00f0b6ff 00000000 00c30000
00:00:01.223505 Hst:                76036301 00f0b6ff 00000000 00c30000
00:00:01.223505 Gst: 00000003/0000  00000000 00000000 00000000 00000000
00:00:01.223506 Hst:                00000000 00000000 00000000 00000000
00:00:01.223507 Gst: 00000004/0000  00000121 01c0003f 0000003f 00000000
00:00:01.223508 Hst:                1c004121 01c0003f 0000003f 00000000
00:00:01.223509 Gst: 00000004/0001  00000122 01c0003f 0000003f 00000000
00:00:01.223509 Hst:                1c004122 01c0003f 0000003f 00000000
00:00:01.223510 Gst: 00000004/0002  00000143 00c0003f 000003ff 00000000
00:00:01.223511 Hst:                1c004143 00c0003f 000003ff 00000000
00:00:01.223512 Gst: 00000004/0003  00000163 02c0003f 00001fff 00000006
00:00:01.223513 Hst:                1c03c163 02c0003f 00001fff 00000006
00:00:01.223513 Gst: 00000004/0004  00000000 00000000 00000000 00000000
00:00:01.223514 Hst:                00000000 00000000 00000000 00000000
00:00:01.223515 Gst: 00000005/0000  00000040 00000040 00000000 00000000
00:00:01.223515 Hst:                00000040 00000040 00000003 11142120
00:00:01.223516 Gst: 00000006/0000  00000000 00000000 00000000 00000000
00:00:01.223517 Hst:                000027f7 00000002 00000009 00000000
00:00:01.223518 Gst: 00000007/0000  00000000 00842421 00000000 10000400
00:00:01.223518 Hst:                00000000 029c67af 00000000 9c002e00
00:00:01.223519 Gst: 00000007/0001  00000000 00000000 00000000 00000000
00:00:01.223520 Hst:                00000000 00000000 00000000 00000000
00:00:01.223521 Gst: 00000008/0000  00000000 00000000 00000000 00000000
00:00:01.223521 Hst:                00000000 00000000 00000000 00000000
00:00:01.223522 Gst: 00000009/0000  00000000 00000000 00000000 00000000
00:00:01.223522 Hst:                00000000 00000000 00000000 00000000
00:00:01.223523 Gst: 0000000a/0000  00000000 00000000 00000000 00000000
00:00:01.223523 Hst:                07300804 00000000 00000000 00000603
00:00:01.223524 Gst: 0000000b/0000  00000000 00000001 00000100 00000000
00:00:01.223525 Hst:                00000001 00000001 00000100 00000002
00:00:01.223525 Gst: 0000000b/0001  00000001 00000001 00000201 00000000
00:00:01.223526 Hst:                00000004 00000004 00000201 00000002
00:00:01.223526 Gst: 0000000b/0002  00000000 00000000 00000002 00000000
00:00:01.223527 Hst:                00000000 00000000 00000002 00000002
00:00:01.223528 Gst: 0000000c/0000  00000000 00000000 00000000 00000000
00:00:01.223528 Hst:                00000000 00000000 00000000 00000000
00:00:01.223529 Gst: 0000000d/0000  00000007 00000340 00000340 00000000
00:00:01.223529 Hst:                0000001f 00000440 00000440 00000000
00:00:01.223530 Gst: 0000000d/0001  00000000 000003c0 00000000 00000000
00:00:01.223531 Hst:                0000000f 000003c0 00000100 00000000
00:00:01.223531 Gst: 0000000d/0002  00000100 00000240 00000000 00000000
00:00:01.223532 Hst:                00000100 00000240 00000000 00000000
00:00:01.223532 Gst: 0000000d/0003  00000000 00000000 00000000 00000000
00:00:01.223533 Hst:                00000040 000003c0 00000000 00000000
00:00:01.223534 Gst: 0000000d/0004  00000000 00000000 00000000 00000000
00:00:01.223534 Hst:                00000040 00000400 00000000 00000000
00:00:01.223535 Gst: 0000000d/0005  00000000 00000000 00000000 00000000
00:00:01.223535 Hst:                00000000 00000000 00000000 00000000
00:00:01.223536 Gst: 0000000d/0006  00000000 00000000 00000000 00000000
00:00:01.223537 Hst:                00000000 00000000 00000000 00000000
00:00:01.223537 Gst: 0000000d/0007  00000000 00000000 00000000 00000000
00:00:01.223538 Hst:                00000000 00000000 00000000 00000000
00:00:01.223538 Gst: 0000000d/0008  00000000 00000000 00000000 00000000
00:00:01.223539 Hst:                00000080 00000000 00000001 00000000
00:00:01.223540 Gst: 0000000d/0009  00000000 00000000 00000000 00000000
00:00:01.223540 Hst:                00000000 00000000 00000000 00000000
00:00:01.223558 Gst: 0000000e/0000  00000000 00000000 00000000 00000000
00:00:01.223559 Hst:                00000000 00000000 00000000 00000000
00:00:01.223559 Gst: 0000000f/0000  00000000 00000000 00000000 00000000
00:00:01.223560 Hst:                00000000 00000000 00000000 00000000
00:00:01.223560 Gst: 00000010/0000  00000000 00000000 00000000 00000000
00:00:01.223561 Hst:                00000000 00000000 00000000 00000000
00:00:01.223562 Gst: 00000011/0000  00000000 00000000 00000000 00000000
00:00:01.223562 Hst:                00000000 00000000 00000000 00000000
00:00:01.223563 Gst: 00000012/0000  00000000 00000000 00000000 00000000
00:00:01.223563 Hst:                00000000 00000000 00000000 00000000
00:00:01.223564 Gst: 00000013/0000  00000000 00000000 00000000 00000000
00:00:01.223565 Hst:                00000000 00000000 00000000 00000000
00:00:01.223565 Gst: 00000014/0000  00000000 00000000 00000000 00000000
00:00:01.223566 Hst:                00000001 0000000f 00000007 00000000
00:00:01.223566 Hst: 00000015/0000  00000002 000000d0 00000000 00000000
00:00:01.223567 Hst: 00000016/0000  000009c4 00000dac 00000064 00000000
00:00:01.223568                                Name: GenuineIntel
00:00:01.223569                            Supports: 0x00000000-0x00000016
00:00:01.223570                              Family:  6 	Extended: 0 	Effective: 6
00:00:01.223571                               Model: 14 	Extended: 9 	Effective: 158
00:00:01.223572                            Stepping: 9
00:00:01.223573                                Type: 0 (primary)
00:00:01.223574                             APIC ID: 0x00
00:00:01.223575                        Logical CPUs: 1
00:00:01.223575                        CLFLUSH Size: 8
00:00:01.223576                            Brand ID: 0x00
00:00:01.223577 Features
00:00:01.223577   Mnemonic - Description                                  = guest (host)
00:00:01.223578   FPU - x87 FPU on Chip                                   = 1 (1)
00:00:01.223579   VME - Virtual 8086 Mode Enhancements                    = 1 (1)
00:00:01.223580   DE - Debugging extensions                               = 1 (1)
00:00:01.223581   PSE - Page Size Extension                               = 1 (1)
00:00:01.223582   TSC - Time Stamp Counter                                = 1 (1)
00:00:01.223583   MSR - Model Specific Registers                          = 1 (1)
00:00:01.223583   PAE - Physical Address Extension                        = 1 (1)
00:00:01.223584   MCE - Machine Check Exception                           = 1 (1)
00:00:01.223585   CX8 - CMPXCHG8B instruction                             = 1 (1)
00:00:01.223586   APIC - APIC On-Chip                                     = 1 (1)
00:00:01.223587   SEP - SYSENTER and SYSEXIT Present                      = 1 (1)
00:00:01.223588   MTRR - Memory Type Range Registers                      = 1 (1)
00:00:01.223588   PGE - PTE Global Bit                                    = 1 (1)
00:00:01.223589   MCA - Machine Check Architecture                        = 1 (1)
00:00:01.223590   CMOV - Conditional Move instructions                    = 1 (1)
00:00:01.223591   PAT - Page Attribute Table                              = 1 (1)
00:00:01.223592   PSE-36 - 36-bit Page Size Extension                     = 1 (1)
00:00:01.223592   PSN - Processor Serial Number                           = 0 (0)
00:00:01.223593   CLFSH - CLFLUSH instruction                             = 1 (1)
00:00:01.223594   DS - Debug Store                                        = 0 (1)
00:00:01.223595   ACPI - Thermal Mon. & Soft. Clock Ctrl.                 = 0 (1)
00:00:01.223596   MMX - Intel MMX Technology                              = 1 (1)
00:00:01.223596   FXSR - FXSAVE and FXRSTOR instructions                  = 1 (1)
00:00:01.223597   SSE - SSE support                                       = 1 (1)
00:00:01.223598   SSE2 - SSE2 support                                     = 1 (1)
00:00:01.223599   SS - Self Snoop                                         = 0 (1)
00:00:01.223600   HTT - Hyper-Threading Technology                        = 1 (1)
00:00:01.223601   TM - Therm. Monitor                                     = 0 (1)
00:00:01.223602   PBE - Pending Break Enabled                             = 0 (1)
00:00:01.223603   SSE3 - SSE3 support                                     = 1 (1)
00:00:01.223603   PCLMUL - PCLMULQDQ support (for AES-GCM)                = 1 (1)
00:00:01.223604   DTES64 - DS Area 64-bit Layout                          = 0 (1)
00:00:01.223605   MONITOR - MONITOR/MWAIT instructions                    = 1 (1)
00:00:01.223606   CPL-DS - CPL Qualified Debug Store                      = 0 (1)
00:00:01.223606   VMX - Virtual Machine Extensions                        = 0 (1)
00:00:01.223607   SMX - Safer Mode Extensions                             = 0 (0)
00:00:01.223608   EST - Enhanced SpeedStep Technology                     = 0 (1)
00:00:01.223609   TM2 - Terminal Monitor 2                                = 0 (1)
00:00:01.223610   SSSE3 - Supplemental Streaming SIMD Extensions 3        = 1 (1)
00:00:01.223610   CNTX-ID - L1 Context ID                                 = 0 (0)
00:00:01.223611   SDBG - Silicon Debug interface                          = 0 (1)
00:00:01.223612   FMA - Fused Multiply Add extensions                     = 0 (1)
00:00:01.223613   CX16 - CMPXCHG16B instruction                           = 1 (1)
00:00:01.223613   TPRUPDATE - xTPR Update Control                         = 0 (1)
00:00:01.223614   PDCM - Perf/Debug Capability MSR                        = 0 (1)
00:00:01.223615   PCID - Process Context Identifiers                      = 1 (1)
00:00:01.223616   DCA - Direct Cache Access                               = 0 (0)
00:00:01.223617   SSE4_1 - SSE4_1 support                                 = 1 (1)
00:00:01.223618   SSE4_2 - SSE4_2 support                                 = 1 (1)
00:00:01.223618   X2APIC - x2APIC support                                 = 1 (1)
00:00:01.223619   MOVBE - MOVBE instruction                               = 1 (1)
00:00:01.223620   POPCNT - POPCNT instruction                             = 1 (1)
00:00:01.223621   TSCDEADL - Time Stamp Counter Deadline                  = 0 (1)
00:00:01.223622   AES - AES instructions                                  = 1 (1)
00:00:01.223623   XSAVE - XSAVE instruction                               = 1 (1)
00:00:01.223623   OSXSAVE - OSXSAVE instruction                           = 0 (1)
00:00:01.223624   AVX - AVX support                                       = 1 (1)
00:00:01.223625   F16C - 16-bit floating point conversion instructions    = 0 (1)
00:00:01.223626   RDRAND - RDRAND instruction                             = 1 (1)
00:00:01.223627   HVP - Hypervisor Present (we're a guest)                = 1 (0)
00:00:01.223628 Structured Extended Feature Flags Enumeration (leaf 7):
00:00:01.223628   Mnemonic - Description                                  = guest (host)
00:00:01.223629   FSGSBASE - RDFSBASE/RDGSBASE/WRFSBASE/WRGSBASE instr.   = 1 (1)
00:00:01.223629   TSCADJUST - Supports MSR_IA32_TSC_ADJUST                = 0 (1)
00:00:01.223630   SGX - Supports Software Guard Extensions                = 0 (1)
00:00:01.223631   BMI1 - Advanced Bit Manipulation extension 1            = 0 (1)
00:00:01.223631   HLE - Hardware Lock Elision                             = 0 (0)
00:00:01.223632   AVX2 - Advanced Vector Extensions 2                     = 1 (1)
00:00:01.223633   FDP_EXCPTN_ONLY - FPU DP only updated on exceptions     = 0 (0)
00:00:01.223633   SMEP - Supervisor Mode Execution Prevention             = 0 (1)
00:00:01.223634   BMI2 - Advanced Bit Manipulation extension 2            = 0 (1)
00:00:01.223635   ERMS - Enhanced REP MOVSB/STOSB instructions            = 0 (1)
00:00:01.223635   INVPCID - INVPCID instruction                           = 1 (1)
00:00:01.223636   RTM - Restricted Transactional Memory                   = 0 (0)
00:00:01.223637   PQM - Platform Quality of Service Monitoring            = 0 (0)
00:00:01.223638   DEPFPU_CS_DS - Deprecates FPU CS, FPU DS values if set  = 1 (1)
00:00:01.223638   MPE - Intel Memory Protection Extensions                = 0 (1)
00:00:01.223639   PQE - Platform Quality of Service Enforcement           = 0 (0)
00:00:01.223639   AVX512F - AVX512 Foundation instructions                = 0 (0)
00:00:01.223640   RDSEED - RDSEED instruction                             = 1 (1)
00:00:01.223641   ADX - ADCX/ADOX instructions                            = 0 (1)
00:00:01.223642   SMAP - Supervisor Mode Access Prevention                = 0 (1)
00:00:01.223642   CLFLUSHOPT - CLFLUSHOPT (Cache Line Flush) instruction  = 1 (1)
00:00:01.223643   INTEL_PT - Intel Processor Trace                        = 0 (1)
00:00:01.223644   AVX512PF - AVX512 Prefetch instructions                 = 0 (0)
00:00:01.223644   AVX512ER - AVX512 Exponential & Reciprocal instructions = 0 (0)
00:00:01.223645   AVX512CD - AVX512 Conflict Detection instructions       = 0 (0)
00:00:01.223646   SHA - Secure Hash Algorithm extensions                  = 0 (0)
00:00:01.223646   PREFETCHWT1 - PREFETCHWT1 instruction                   = 0 (0)
00:00:01.223647   UMIP - User mode insturction prevention                 = 0 (0)
00:00:01.223648   PKU - Protection Key for Usermode pages                 = 0 (0)
00:00:01.223649   OSPKE - CR4.PKU mirror                                  = 0 (0)
00:00:01.223649   MAWAU - Value used by BNDLDX & BNDSTX                   = 0x0 (0x0)
00:00:01.223650   RDPID - Read processor ID support                       = 0 (0)
00:00:01.223651   SGX_LC - Supports SGX Launch Configuration              = 0 (0)
00:00:01.223652    9 - Reserved                                           = 0 (1)
00:00:01.223653   MD_CLEAR - Supports MDS related buffer clearing         = 1 (1)
00:00:01.223654   11 - Reserved                                           = 0 (1)
00:00:01.223655   13 - Reserved                                           = 0 (1)
00:00:01.223656   IBRS_IBPB - IA32_SPEC_CTRL.IBRS and IA32_PRED_CMD.IBPB  = 0 (1)
00:00:01.223656   STIBP - Supports IA32_SPEC_CTRL.STIBP                   = 0 (1)
00:00:01.223657   FLUSH_CMD - Supports IA32_FLUSH_CMD                     = 1 (1)
00:00:01.223658   ARCHCAP - Supports IA32_ARCH_CAP                        = 0 (0)
00:00:01.223658   CORECAP - Supports IA32_CORE_CAP                        = 0 (0)
00:00:01.223659   SSBD - Supports IA32_SPEC_CTRL.SSBD                     = 0 (1)
00:00:01.223660 Processor Extended State Enumeration (leaf 0xd):
00:00:01.223661    XSAVE area cur/max size by XCR0, guest: 0x340/0x340
00:00:01.223661     XSAVE area cur/max size by XCR0, host: 0x440/0x440
00:00:01.223662                    Valid XCR0 bits, guest: 0x00000000`00000007 ( x87 SSE YMM_Hi128 )
00:00:01.223664                     Valid XCR0 bits, host: 0x00000000`0000001f ( x87 SSE YMM_Hi128 BNDREGS BNDCSR )
00:00:01.223666                     XSAVE features, guest:
00:00:01.223666                      XSAVE features, host: XSAVEOPT XSAVEC XGETBC1 XSAVES
00:00:01.223667       XSAVE area cur size XCR0|XSS, guest: 0x3c0
00:00:01.223668        XSAVE area cur size XCR0|XSS, host: 0x3c0
00:00:01.223668                Valid IA32_XSS bits, guest: 0x00000000`00000000
00:00:01.223669                 Valid IA32_XSS bits, host: 0x00000100`00000000 ( 40 )
00:00:01.223670   State #2, guest: off=0x0240, cb=0x0100 IA32_XSS-bit -- YMM_Hi128
00:00:01.223672   State #2, host:  off=0x0240, cb=0x0100 IA32_XSS-bit -- YMM_Hi128
00:00:01.223673   State #3, host:  off=0x03c0, cb=0x0040 IA32_XSS-bit -- BNDREGS
00:00:01.223674   State #4, host:  off=0x0400, cb=0x0040 IA32_XSS-bit -- BNDCSR
00:00:01.223676   State #8, host:  off=0x0000, cb=0x0080 XCR0-bit -- 8
00:00:01.223685          Unknown CPUID Leaves
00:00:01.223685      Leaf/sub-leaf  eax      ebx      ecx      edx
00:00:01.223686 Gst: 00000014/0001  00000000 00000000 00000000 00000000
00:00:01.223687 Hst:                02490002 003f3fff 00000000 00000000
00:00:01.223688 Gst: 00000014/0002  00000000 00000000 00000000 00000000
00:00:01.223688 Hst:                00000000 00000000 00000000 00000000
00:00:01.223689 Gst: 00000015/0000  00000000 00000000 00000000 00000000
00:00:01.223689 Hst:                00000002 000000d0 00000000 00000000
00:00:01.223690 Gst: 00000016/0000  00000000 00000000 00000000 00000000
00:00:01.223691 Hst:                000009c4 00000dac 00000064 00000000
00:00:01.223692          Raw Hypervisor CPUID Leaves
00:00:01.223692      Leaf/sub-leaf  eax      ebx      ecx      edx
00:00:01.223693 Gst: 40000000/0000  40000001 4b4d564b 564b4d56 0000004d
00:00:01.223694 Hst:                000009c4 00000dac 00000064 00000000
00:00:01.223695 Gst: 40000001/0000  01000089 00000000 00000000 00000000
00:00:01.223696 Hst:                000009c4 00000dac 00000064 00000000
00:00:01.223696          Raw Extended CPUID Leaves
00:00:01.223696      Leaf/sub-leaf  eax      ebx      ecx      edx
00:00:01.223697 Gst: 80000000/0000  80000008 00000000 00000000 00000000
00:00:01.223698 Hst:                80000008 00000000 00000000 00000000
00:00:01.223698 Gst: 80000001/0000  00000000 00000000 00000121 28100800
00:00:01.223699 Hst:                00000000 00000000 00000121 2c100800
00:00:01.223700 Gst: 80000002/0000  65746e49 2952286c 726f4320 4d542865
00:00:01.223701 Hst:                65746e49 2952286c 726f4320 4d542865
00:00:01.223703 Gst: 80000003/0000  35692029 3033372d 20514830 20555043
00:00:01.223703 Hst:                35692029 3033372d 20514830 20555043
00:00:01.223705 Gst: 80000004/0000  2e322040 48473035 0000007a 00000000
00:00:01.223706 Hst:                2e322040 48473035 0000007a 00000000
00:00:01.223706 Gst: 80000005/0000  00000000 00000000 00000000 00000000
00:00:01.223707 Hst:                00000000 00000000 00000000 00000000
00:00:01.223708 Gst: 80000006/0000  00000000 00000000 01006040 00000000
00:00:01.223708 Hst:                00000000 00000000 01006040 00000000
00:00:01.223709 Gst: 80000007/0000  00000000 00000000 00000000 00000100
00:00:01.223710 Hst:                00000000 00000000 00000000 00000100
00:00:01.223710 Gst: 80000008/0000  00003027 00000000 00000000 00000000
00:00:01.223711 Hst:                00003027 00000000 00000000 00000000
00:00:01.223712 Ext Name:                        
00:00:01.223712 Ext Supports:                    0x80000000-0x80000008
00:00:01.223713 Family:                          0  	Extended: 0 	Effective: 0
00:00:01.223713 Model:                           0  	Extended: 0 	Effective: 0
00:00:01.223714 Stepping:                        0
00:00:01.223714 Brand ID:                        0x000
00:00:01.223715 Ext Features
00:00:01.223715   Mnemonic - Description                                  = guest (host)
00:00:01.223715   FPU - x87 FPU on Chip                                   = 0 (0)
00:00:01.223716   VME - Virtual 8086 Mode Enhancements                    = 0 (0)
00:00:01.223717   DE - Debugging extensions                               = 0 (0)
00:00:01.223718   PSE - Page Size Extension                               = 0 (0)
00:00:01.223719   TSC - Time Stamp Counter                                = 0 (0)
00:00:01.223720   MSR - K86 Model Specific Registers                      = 0 (0)
00:00:01.223720   PAE - Physical Address Extension                        = 0 (0)
00:00:01.223721   MCE - Machine Check Exception                           = 0 (0)
00:00:01.223722   CX8 - CMPXCHG8B instruction                             = 0 (0)
00:00:01.223723   APIC - APIC On-Chip                                     = 0 (0)
00:00:01.223724   SEP - SYSCALL/SYSRET                                    = 1 (1)
00:00:01.223725   MTRR - Memory Type Range Registers                      = 0 (0)
00:00:01.223725   PGE - PTE Global Bit                                    = 0 (0)
00:00:01.223726   MCA - Machine Check Architecture                        = 0 (0)
00:00:01.223727   CMOV - Conditional Move instructions                    = 0 (0)
00:00:01.223728   PAT - Page Attribute Table                              = 0 (0)
00:00:01.223729   PSE-36 - 36-bit Page Size Extension                     = 0 (0)
00:00:01.223729   NX - No-Execute/Execute-Disable                         = 1 (1)
00:00:01.223730   AXMMX - AMD Extensions to MMX instructions              = 0 (0)
00:00:01.223731   MMX - Intel MMX Technology                              = 0 (0)
00:00:01.223732   FXSR - FXSAVE and FXRSTOR Instructions                  = 0 (0)
00:00:01.223732   FFXSR - AMD fast FXSAVE and FXRSTOR instructions        = 0 (0)
00:00:01.223733   Page1GB - 1 GB large page                               = 0 (1)
00:00:01.223734   RDTSCP - RDTSCP instruction                             = 1 (1)
00:00:01.223735   LM - AMD64 Long Mode                                    = 1 (1)
00:00:01.223735   3DNOWEXT - AMD Extensions to 3DNow                      = 0 (0)
00:00:01.223736   3DNOW - AMD 3DNow                                       = 0 (0)
00:00:01.223737   LahfSahf - LAHF/SAHF support in 64-bit mode             = 1 (1)
00:00:01.223738   CmpLegacy - Core multi-processing legacy mode           = 0 (0)
00:00:01.223738   SVM - AMD Secure Virtual Machine extensions             = 0 (0)
00:00:01.223739   EXTAPIC - AMD Extended APIC registers                   = 0 (0)
00:00:01.223740   CR8L - AMD LOCK MOV CR0 means MOV CR8                   = 0 (0)
00:00:01.223741   ABM - AMD Advanced Bit Manipulation                     = 1 (1)
00:00:01.223741   SSE4A - SSE4A instructions                              = 0 (0)
00:00:01.223742   MISALIGNSSE - AMD Misaligned SSE mode                   = 0 (0)
00:00:01.223743   3DNOWPRF - AMD PREFETCH and PREFETCHW instructions      = 1 (1)
00:00:01.223743   OSVW - AMD OS Visible Workaround                        = 0 (0)
00:00:01.223744   IBS - Instruct Based Sampling                           = 0 (0)
00:00:01.223745   XOP - Extended Operation support                        = 0 (0)
00:00:01.223746   SKINIT - SKINIT, STGI, and DEV support                  = 0 (0)
00:00:01.223746   WDT - AMD Watchdog Timer support                        = 0 (0)
00:00:01.223747   LWP - Lightweight Profiling support                     = 0 (0)
00:00:01.223748   FMA4 - Four operand FMA instruction support             = 0 (0)
00:00:01.223749   NodeId - NodeId in MSR C001_100C                        = 0 (0)
00:00:01.223749   TBM - Trailing Bit Manipulation instructions            = 0 (0)
00:00:01.223750   TOPOEXT - Topology Extensions                           = 0 (0)
00:00:01.223751   PRFEXTCORE - Performance Counter Extensions support     = 0 (0)
00:00:01.223751   PRFEXTNB - NB Performance Counter Extensions support    = 0 (0)
00:00:01.223752   DATABPEXT - Data-access Breakpoint Extension            = 0 (0)
00:00:01.223753   PERFTSC - Performance Time Stamp Counter                = 0 (0)
00:00:01.223753   PCX_L2I - L2I/L3 Performance Counter Extensions         = 0 (0)
00:00:01.223754   MWAITX - MWAITX and MONITORX instructions               = 0 (0)
00:00:01.223755 Full Name:                       "Intel(R) Core(TM) i5-7300HQ CPU @ 2.50GHz"
00:00:01.223755 TLB 2/4M Instr/Uni:              res0     0 entries
00:00:01.223756 TLB 2/4M Data:                   res0     0 entries
00:00:01.223756 TLB 4K Instr/Uni:                res0     0 entries
00:00:01.223757 TLB 4K Data:                     res0     0 entries
00:00:01.223757 L1 Instr Cache Line Size:        0 bytes
00:00:01.223758 L1 Instr Cache Lines Per Tag:    0
00:00:01.223758 L1 Instr Cache Associativity:    res0  
00:00:01.223758 L1 Instr Cache Size:             0 KB
00:00:01.223758 L1 Data Cache Line Size:         0 bytes
00:00:01.223759 L1 Data Cache Lines Per Tag:     0
00:00:01.223759 L1 Data Cache Associativity:     res0  
00:00:01.223759 L1 Data Cache Size:              0 KB
00:00:01.223760 L2 TLB 2/4M Instr/Uni:           off       0 entries
00:00:01.223760 L2 TLB 2/4M Data:                off       0 entries
00:00:01.223761 L2 TLB 4K Instr/Uni:             off       0 entries
00:00:01.223761 L2 TLB 4K Data:                  off       0 entries
00:00:01.223761 L2 Cache Line Size:              0 bytes
00:00:01.223762 L2 Cache Lines Per Tag:          0
00:00:01.223762 L2 Cache Associativity:          off   
00:00:01.223762 L2 Cache Size:                   0 KB
00:00:01.223763   TS - Temperature Sensor                                 = 0 (0)
00:00:01.223764   FID - Frequency ID control                              = 0 (0)
00:00:01.223764   VID - Voltage ID control                                = 0 (0)
00:00:01.223765   TscInvariant - Invariant Time Stamp Counter             = 1 (1)
00:00:01.223766   CBP - Core Performance Boost                            = 0 (0)
00:00:01.223767   EffFreqRO - Read-only Effective Frequency Interface     = 0 (0)
00:00:01.223767   ProcFdbkIf - Processor Feedback Interface               = 0 (0)
00:00:01.223768   ProcPwrRep - Core power reporting interface support     = 0 (0)
00:00:01.223769 Physical Address Width:          39 bits
00:00:01.223769 Virtual Address Width:           48 bits
00:00:01.223770 Guest Physical Address Width:    0 bits
00:00:01.223770 Physical Core Count:             1
00:00:01.223771 
00:00:01.223772 ******************** End of CPUID dump **********************
00:00:01.223772 *********************** VT-x features ***********************
00:00:01.223773 Nested hardware virtualization - VMX features
00:00:01.223773   Mnemonic - Description                                  = guest (host)
00:00:01.223773   VMX - Virtual-Machine Extensions                        = 0 (1)
00:00:01.223774   InsOutInfo - INS/OUTS instruction info.                 = 0 (1)
00:00:01.223775   ExtIntExit - External interrupt exiting                 = 0 (1)
00:00:01.223775   NmiExit - NMI exiting                                   = 0 (1)
00:00:01.223775   VirtNmi - Virtual NMIs                                  = 0 (1)
00:00:01.223776   PreemptTimer - VMX preemption timer                     = 0 (1)
00:00:01.223776   PostedInt - Posted interrupts                           = 0 (0)
00:00:01.223777   IntWindowExit - Interrupt-window exiting                = 0 (1)
00:00:01.223777   TscOffsetting - TSC offsetting                          = 0 (1)
00:00:01.223778   HltExit - HLT exiting                                   = 0 (1)
00:00:01.223778   InvlpgExit - INVLPG exiting                             = 0 (1)
00:00:01.223778   MwaitExit - MWAIT exiting                               = 0 (1)
00:00:01.223779   RdpmcExit - RDPMC exiting                               = 0 (1)
00:00:01.223779   RdtscExit - RDTSC exiting                               = 0 (1)
00:00:01.223780   Cr3LoadExit - CR3-load exiting                          = 0 (1)
00:00:01.223780   Cr3StoreExit - CR3-store exiting                        = 0 (1)
00:00:01.223781   Cr8LoadExit  - CR8-load exiting                         = 0 (1)
00:00:01.223781   Cr8StoreExit - CR8-store exiting                        = 0 (1)
00:00:01.223781   UseTprShadow - Use TPR shadow                           = 0 (1)
00:00:01.223782   NmiWindowExit - NMI-window exiting                      = 0 (1)
00:00:01.223782   MovDRxExit - Mov-DR exiting                             = 0 (1)
00:00:01.223783   UncondIoExit - Unconditional I/O exiting                = 0 (1)
00:00:01.223783   UseIoBitmaps - Use I/O bitmaps                          = 0 (1)
00:00:01.223783   MonitorTrapFlag - Monitor Trap Flag                     = 0 (1)
00:00:01.223784   UseMsrBitmaps - MSR bitmaps                             = 0 (1)
00:00:01.223784   MonitorExit - MONITOR exiting                           = 0 (1)
00:00:01.223785   PauseExit - PAUSE exiting                               = 0 (1)
00:00:01.223785   SecondaryExecCtl - Activate secondary controls          = 0 (1)
00:00:01.223786   VirtApic - Virtualize-APIC accesses                     = 0 (1)
00:00:01.223786   Ept - Extended Page Tables                              = 0 (1)
00:00:01.223786   DescTableExit - Descriptor-table exiting                = 0 (1)
00:00:01.223787   Rdtscp - Enable RDTSCP                                  = 0 (1)
00:00:01.223787   VirtX2ApicMode - Virtualize-x2APIC mode                 = 0 (1)
00:00:01.223788   Vpid - Enable VPID                                      = 0 (1)
00:00:01.223788   WbinvdExit - WBINVD exiting                             = 0 (1)
00:00:01.223788   UnrestrictedGuest - Unrestricted guest                  = 0 (1)
00:00:01.223789   ApicRegVirt - APIC-register virtualization              = 0 (0)
00:00:01.223789   VirtIntDelivery - Virtual-interrupt delivery            = 0 (0)
00:00:01.223790   PauseLoopExit - PAUSE-loop exiting                      = 0 (1)
00:00:01.223790   RdrandExit - RDRAND exiting                             = 0 (1)
00:00:01.223790   Invpcid - Enable INVPCID                                = 0 (1)
00:00:01.223791   VmFuncs - Enable VM Functions                           = 0 (1)
00:00:01.223791   VmcsShadowing - VMCS shadowing                          = 0 (0)
00:00:01.223792   RdseedExiting - RDSEED exiting                          = 0 (1)
00:00:01.223792   PML - Page-Modification Log (PML)                       = 0 (1)
00:00:01.223792   EptVe - EPT violations can cause #VE                    = 0 (1)
00:00:01.223793   XsavesXRstors - Enable XSAVES/XRSTORS                   = 0 (1)
00:00:01.223793   EntryLoadDebugCtls - Load debug controls on VM-entry    = 0 (1)
00:00:01.223794   Ia32eModeGuest - IA-32e mode guest                      = 0 (1)
00:00:01.223794   EntryLoadEferMsr - Load IA32_EFER MSR on VM-entry       = 0 (1)
00:00:01.223794   EntryLoadPatMsr - Load IA32_PAT MSR on VM-entry         = 0 (1)
00:00:01.223795   ExitSaveDebugCtls - Save debug controls on VM-exit      = 0 (1)
00:00:01.223795   HostAddrSpaceSize - Host address-space size             = 0 (1)
00:00:01.223796   ExitAckExtInt - Acknowledge interrupt on VM-exit        = 0 (1)
00:00:01.223796   ExitSavePatMsr - Save IA32_PAT MSR on VM-exit           = 0 (1)
00:00:01.223796   ExitLoadPatMsr - Load IA32_PAT MSR on VM-exit           = 0 (1)
00:00:01.223797   ExitSaveEferMsr - Save IA32_EFER MSR on VM-exit         = 0 (1)
00:00:01.223797   ExitLoadEferMsr - Load IA32_EFER MSR on VM-exit         = 0 (1)
00:00:01.223798   SavePreemptTimer - Save VMX-preemption timer            = 0 (1)
00:00:01.223798   ExitSaveEferLma - Save IA32_EFER.LMA on VM-exit         = 0 (1)
00:00:01.223798   IntelPt - Intel PT (Processor Trace) in VMX operation   = 0 (1)
00:00:01.223799   VmwriteAll - VMWRITE to any supported VMCS field        = 0 (1)
00:00:01.223799   EntryInjectSoftInt - Inject softint. with 0-len instr.  = 0 (1)
00:00:01.223800 
00:00:01.223800 ******************* End of VT-x features ********************
00:00:01.223816 VMEmt: Halt method global1 (5)
00:00:01.223838 VMEmt: HaltedGlobal1 config: cNsSpinBlockThresholdCfg=2000
00:00:01.223842 Changing the VM state from 'CREATING' to 'CREATED'
00:00:01.226040 Changing the VM state from 'CREATED' to 'POWERING_ON'
00:00:01.226094 AIOMgr: Endpoints without assigned bandwidth groups:
00:00:01.226098 AIOMgr:     /home/vamsi/Documents/Acads/Sem 7/Computer Networks/Lab/Lab1/lab1_network/VMImages/h4/Snapshots/{170081f4-e4b5-4d8a-9667-6e495138442b}.vdi
00:00:01.226100 AIOMgr:     /home/vamsi/Documents/Acads/Sem 7/Computer Networks/Lab/Lab1/lab1_network/VMImages/base/Snapshots/{ccd6ab89-9973-43d9-b6e3-1bbb050f93f6}.vdi
00:00:01.226103 AIOMgr:     /home/vamsi/Documents/Acads/Sem 7/Computer Networks/Lab/Lab1/lab1_network/VMImages/base/Snapshots/{ca230307-de07-4ee1-b500-8daa8ed4ebc4}.vdi
00:00:01.226105 AIOMgr:     /home/vamsi/Documents/Acads/Sem 7/Computer Networks/Lab/Lab1/lab1_network/VMImages/base/Snapshots/{8f83ab64-891d-4e29-8532-09d2e668c3dd}.vdi
00:00:01.226107 AIOMgr:     /home/vamsi/Documents/Acads/Sem 7/Computer Networks/Lab/Lab1/lab1_network/VMImages/base/base.vdi
00:00:01.226278 Changing the VM state from 'POWERING_ON' to 'RUNNING'
00:00:01.226286 Console: Machine state changed to 'Running'
00:00:01.226596 VBoxHeadless: starting event loop
00:00:01.228106 VMMDev: Guest Log: BIOS: VirtualBox 6.1.26
00:00:01.228167 PCI: Setting up resources and interrupts
00:00:01.228420 PIT: mode=2 count=0x10000 (65536) - 18.20 Hz (ch=0)
00:00:01.240273 VMMDev: Guest Log: CPUID EDX: 0x178bfbff
00:00:01.240333 PIIX3 ATA: Ctl#0: RESET, DevSel=0 AIOIf=0 CmdIf0=0x00 (-1 usec ago) CmdIf1=0x00 (-1 usec ago)
00:00:01.240359 PIIX3 ATA: Ctl#0: finished processing RESET
00:00:01.241080 AHCI#0: Reset the HBA
00:00:01.241084 VD#0: Cancelling all active requests
00:00:01.241125 AHCI#0: Port 0 reset
00:00:01.241168 VD#0: Cancelling all active requests
00:00:01.241660 VMMDev: Guest Log: BIOS: AHCI 0-P#0: PCHS=2212/16/63 LCHS=553/64/63 0x00000000002205c6 sectors
00:00:01.242768 PIT: mode=2 count=0x48d3 (18643) - 64.00 Hz (ch=0)
00:00:01.258441 Display::i_handleDisplayResize: uScreenId=0 pvVRAM=00007f1f77000000 w=640 h=480 bpp=32 cbLine=0xA00 flags=0x0 origin=0,0
00:00:03.722643 PIT: mode=2 count=0x10000 (65536) - 18.20 Hz (ch=0)
00:00:03.722859 VMMDev: Guest Log: BIOS: Boot : bseqnr=1, bootseq=0231
00:00:03.723028 VMMDev: Guest Log: BIOS: Boot from Floppy 0 failed
00:00:03.723219 VMMDev: Guest Log: BIOS: Boot : bseqnr=2, bootseq=0023
00:00:03.723775 VMMDev: Guest Log: BIOS: CDROM boot failure code : 0003
00:00:03.723917 VMMDev: Guest Log: BIOS: Boot from CD-ROM failed
00:00:03.724092 VMMDev: Guest Log: BIOS: Boot : bseqnr=3, bootseq=0002
00:00:03.734287 VMMDev: Guest Log: BIOS: Booting from Hard Disk...
00:00:03.782878 Display::i_handleDisplayResize: uScreenId=0 pvVRAM=0000000000000000 w=720 h=400 bpp=0 cbLine=0x0 flags=0x0 origin=0,0
00:00:03.941836 VMMDev: Guest Log: BIOS: KBD: unsupported int 16h function 03
00:00:03.942048 VMMDev: Guest Log: BIOS: AX=0305 BX=0000 CX=0000 DX=0000 
00:00:04.043807 GIM: KVM: VCPU  0: Enabled system-time struct. at 0x00000000008d1000 - u32TscScale=0xced053ee i8TscShift=-1 uVersion=2 fFlags=0x1 uTsc=0x19fbb100c uVirtNanoTS=0xa7ed6b99 TscKHz=2475656
00:00:04.043825 TM: Switching TSC mode from 'Dynamic' to 'RealTscOffset'
00:00:04.063694 GIM: KVM: Enabled wall-clock struct. at 0x00000000008d0004 - u32Sec=1630218410 u32Nano=85302722 uVersion=2
00:00:04.070481 PIT: mode=2 count=0xf89 (3977) - 300.02 Hz (ch=0)
00:00:04.186715 PIT: mode=0 count=0x10000 (65536) - 18.20 Hz (ch=0)
00:00:04.256131 OHCI: Software reset
00:00:04.407068 AHCI#0: Reset the HBA
00:00:04.407082 VD#0: Cancelling all active requests
00:00:04.407661 AHCI#0: Port 0 reset
00:00:04.408575 OHCI: USB Reset
00:00:04.408848 PIIX3 ATA: Ctl#0: RESET, DevSel=0 AIOIf=0 CmdIf0=0xa0 (-1 usec ago) CmdIf1=0x00 (-1 usec ago)
00:00:04.408986 PIIX3 ATA: Ctl#0: finished processing RESET
00:00:04.408995 VD#0: Cancelling all active requests
00:00:04.496437 OHCI: Software reset
00:00:04.496651 OHCI: USB Operational
00:00:04.929655 VMMDev: Guest Log: vboxguest: host-version: 6.1.26r145957 0x8000000f
00:00:04.929685 VMMDev: Guest Additions information report: Version 5.2.0 r68940 '5.2.0'
00:00:04.929701 VMMDev: Guest Additions information report: Interface = 0x00010004 osType = 0x00053000 (Linux >= 2.6, 32-bit)
00:00:04.929752 VMMDev: Guest Additions capability report: (0x0 -> 0x0) seamless: no, hostWindowMapping: no, graphics: no
00:00:04.929785 VMMDev: vmmDevReqHandler_HeartbeatConfigure: No change (fHeartbeatActive=false)
00:00:04.929807 VMMDev: Heartbeat flatline timer set to trigger after 4 000 000 000 ns
00:00:04.930140 VMMDev: Guest Log: vbg_heartbeat_init: Setting up heartbeat to trigger every 2000 milliseconds
00:00:04.930666 VMMDev: Guest Log: vboxguest: misc device minor 56, IRQ 20, I/O port d040, MMIO at 0xf0400000 (size 0x00400000)
00:00:08.357109 NAT: Link up
00:00:08.929931 VMMDev: vmmDevHeartbeatFlatlinedTimer: Guest seems to be unresponsive. Last heartbeat received 4 seconds ago
00:01:24.926126 NAT: Old socket recv size: 128KB
00:01:24.926143 NAT: Old socket send size: 128KB
00:05:15.283379 VMMDev: GuestHeartBeat: Guest is alive (gone 310 353 573 086 ns)
