00:00:00.017601 VirtualBox VM 6.1.26 r145957 linux.amd64 (Jul 28 2021 20:08:35) release log
00:00:00.017604 Log opened 2021-11-19T09:46:59.429926000Z
00:00:00.017605 Build Type: release
00:00:00.017608 OS Product: Linux
00:00:00.017610 OS Release: 5.4.0-90-generic
00:00:00.017611 OS Version: #101~18.04.1-Ubuntu SMP Fri Oct 22 09:25:04 UTC 2021
00:00:00.017633 DMI Product Name: Predator G9-593
00:00:00.017643 DMI Product Version: V1.13
00:00:00.017651 Firmware type: UEFI
00:00:00.018491 Secure Boot: Disabled
00:00:00.018717 Host RAM: 15952MB (15.5GB) total, 8041MB (7.8GB) available
00:00:00.018723 Executable: /usr/lib/virtualbox/VBoxHeadless
00:00:00.018724 Process ID: 13729
00:00:00.018724 Package type: LINUX_64BITS_UBUNTU_18_04
00:00:00.034848 Installed Extension Packs:
00:00:00.034875   None installed!
00:00:00.036866 Console: Machine state changed to 'Starting'
00:00:00.039535 SUP: Opened VMMR0.r0 (/usr/lib/virtualbox/VMMR0.r0) at 0xXXXXXXXXXXXXXXXX.
00:00:00.041804 Guest OS type: 'Ubuntu_64'
00:00:00.045212 fHMForced=true - No raw-mode support in this build!
00:00:00.058719 File system of '/home/vamsi/Documents/Acads/Sem 7/Computer Networks/Lab/Lab10/lab10_network/VMImages/h1/Snapshots' (snapshots) is ext4
00:00:00.058744 File system of '/home/vamsi/Documents/Acads/Sem 7/Computer Networks/Lab/Lab10/lab10_network/VMImages/h1/Snapshots/{7d7fa6f6-1a12-4a0e-b1df-878a902151ed}.vdi' is ext4
00:00:00.087729 Shared Clipboard: Service loaded
00:00:00.087755 Shared Clipboard: Mode: Off
00:00:00.087834 Shared Clipboard: Service running in headless mode
00:00:00.091503 Drag and drop service loaded
00:00:00.091522 Drag and drop mode: Off
00:00:00.094032 ************************* CFGM dump *************************
00:00:00.094038 [/] (level 0)
00:00:00.094054   CpuExecutionCap   <integer> = 0x0000000000000064 (100)
00:00:00.094059   EnablePAE         <integer> = 0x0000000000000000 (0)
00:00:00.094060   HMEnabled         <integer> = 0x0000000000000001 (1)
00:00:00.094062   MemBalloonSize    <integer> = 0x0000000000000000 (0)
00:00:00.094063   Name              <string>  = "h1" (cb=3)
00:00:00.094064   NumCPUs           <integer> = 0x0000000000000001 (1)
00:00:00.094065   PageFusionAllowed <integer> = 0x0000000000000000 (0)
00:00:00.094066   RamHoleSize       <integer> = 0x0000000020000000 (536 870 912, 512 MB)
00:00:00.094069   RamSize           <integer> = 0x0000000040000000 (1 073 741 824, 1 024 MB)
00:00:00.094071   TimerMillies      <integer> = 0x000000000000000a (10)
00:00:00.094072   UUID              <bytes>   = "33 57 8b aa df 49 3c 47 9d c2 35 76 97 31 e2 00" (cb=16)
00:00:00.094077 
00:00:00.094079 [/CPUM/] (level 1)
00:00:00.094081   GuestCpuName       <string>  = "host" (cb=5)
00:00:00.094082   NestedHWVirt       <integer> = 0x0000000000000000 (0)
00:00:00.094083   PortableCpuIdLevel <integer> = 0x0000000000000000 (0)
00:00:00.094084   SpecCtrl           <integer> = 0x0000000000000000 (0)
00:00:00.094085 
00:00:00.094085 [/CPUM/IsaExts/] (level 2)
00:00:00.094086 
00:00:00.094089 [/DBGC/] (level 1)
00:00:00.094090   GlobalInitScript <string>  = "/home/vamsi/.config/VirtualBox/dbgc-init" (cb=41)
00:00:00.094091   HistoryFile      <string>  = "/home/vamsi/.config/VirtualBox/dbgc-history" (cb=44)
00:00:00.094092   LocalInitScript  <string>  = "/home/vamsi/Documents/Acads/Sem 7/Computer Networks/Lab/Lab10/lab10_network/VMImages/h1/dbgc-init" (cb=98)
00:00:00.094093 
00:00:00.094094 [/DBGF/] (level 1)
00:00:00.094095   Path <string>  = "/home/vamsi/Documents/Acads/Sem 7/Computer Networks/Lab/Lab10/lab10_network/VMImages/h1/debug/;/home/vamsi/Documents/Acads/Sem 7/Computer Networks/Lab/Lab10/lab10_network/VMImages/h1/;cache*/home/vamsi/Documents/Acads/Sem 7/Computer Networks/Lab/Lab10/lab10_network/VMImages/h1/dbgcache/;/home/vamsi/" (cb=301)
00:00:00.094096 
00:00:00.094096 [/Devices/] (level 1)
00:00:00.094097 
00:00:00.094098 [/Devices/8237A/] (level 2)
00:00:00.094099 
00:00:00.094099 [/Devices/8237A/0/] (level 3)
00:00:00.094101   Trusted <integer> = 0x0000000000000001 (1)
00:00:00.094101 
00:00:00.094102 [/Devices/GIMDev/] (level 2)
00:00:00.094103 
00:00:00.094103 [/Devices/GIMDev/0/] (level 3)
00:00:00.094105   Trusted <integer> = 0x0000000000000001 (1)
00:00:00.094105 
00:00:00.094106 [/Devices/VMMDev/] (level 2)
00:00:00.094107 
00:00:00.094107 [/Devices/VMMDev/0/] (level 3)
00:00:00.094108   PCIBusNo      <integer> = 0x0000000000000000 (0)
00:00:00.094109   PCIDeviceNo   <integer> = 0x0000000000000004 (4)
00:00:00.094110   PCIFunctionNo <integer> = 0x0000000000000000 (0)
00:00:00.094111   Trusted       <integer> = 0x0000000000000001 (1)
00:00:00.094112 
00:00:00.094112 [/Devices/VMMDev/0/Config/] (level 4)
00:00:00.094114   GuestCoreDumpDir <string>  = "/home/vamsi/Documents/Acads/Sem 7/Computer Networks/Lab/Lab10/lab10_network/VMImages/h1/Snapshots" (cb=98)
00:00:00.094115 
00:00:00.094115 [/Devices/VMMDev/0/LUN#0/] (level 4)
00:00:00.094117   Driver <string>  = "HGCM" (cb=5)
00:00:00.094118 
00:00:00.094118 [/Devices/VMMDev/0/LUN#0/Config/] (level 5)
00:00:00.094120   Object <integer> = 0x00007fc6b8000b70 (140 491 467 262 832)
00:00:00.094122 
00:00:00.094122 [/Devices/VMMDev/0/LUN#999/] (level 4)
00:00:00.094123   Driver <string>  = "MainStatus" (cb=11)
00:00:00.094124 
00:00:00.094124 [/Devices/VMMDev/0/LUN#999/Config/] (level 5)
00:00:00.094126   First   <integer> = 0x0000000000000000 (0)
00:00:00.094127   Last    <integer> = 0x0000000000000000 (0)
00:00:00.094128   papLeds <integer> = 0x00007fc6c40027b8 (140 491 668 596 664)
00:00:00.094130 
00:00:00.094130 [/Devices/acpi/] (level 2)
00:00:00.094131 
00:00:00.094131 [/Devices/acpi/0/] (level 3)
00:00:00.094133   PCIBusNo      <integer> = 0x0000000000000000 (0)
00:00:00.094134   PCIDeviceNo   <integer> = 0x0000000000000007 (7)
00:00:00.094135   PCIFunctionNo <integer> = 0x0000000000000000 (0)
00:00:00.094135   Trusted       <integer> = 0x0000000000000001 (1)
00:00:00.094136 
00:00:00.094137 [/Devices/acpi/0/Config/] (level 4)
00:00:00.094138   CpuHotPlug          <integer> = 0x0000000000000000 (0)
00:00:00.094139   FdcEnabled          <integer> = 0x0000000000000000 (0)
00:00:00.094140   HostBusPciAddress   <integer> = 0x0000000000000000 (0)
00:00:00.094141   HpetEnabled         <integer> = 0x0000000000000000 (0)
00:00:00.094142   IOAPIC              <integer> = 0x0000000000000001 (1)
00:00:00.094143   IocPciAddress       <integer> = 0x0000000000010000 (65 536)
00:00:00.094145   NumCPUs             <integer> = 0x0000000000000001 (1)
00:00:00.094146   Parallel0IoPortBase <integer> = 0x0000000000000000 (0)
00:00:00.094146   Parallel0Irq        <integer> = 0x0000000000000000 (0)
00:00:00.094147   Parallel1IoPortBase <integer> = 0x0000000000000000 (0)
00:00:00.094148   Parallel1Irq        <integer> = 0x0000000000000000 (0)
00:00:00.094149   Serial0IoPortBase   <integer> = 0x0000000000000000 (0)
00:00:00.094150   Serial0Irq          <integer> = 0x0000000000000000 (0)
00:00:00.094151   Serial1IoPortBase   <integer> = 0x0000000000000000 (0)
00:00:00.094152   Serial1Irq          <integer> = 0x0000000000000000 (0)
00:00:00.094152   ShowCpu             <integer> = 0x0000000000000001 (1)
00:00:00.094153   ShowRtc             <integer> = 0x0000000000000000 (0)
00:00:00.094154   SmcEnabled          <integer> = 0x0000000000000000 (0)
00:00:00.094155 
00:00:00.094156 [/Devices/acpi/0/LUN#0/] (level 4)
00:00:00.094157   Driver <string>  = "ACPIHost" (cb=9)
00:00:00.094158 
00:00:00.094158 [/Devices/acpi/0/LUN#0/Config/] (level 5)
00:00:00.094160 
00:00:00.094160 [/Devices/ahci/] (level 2)
00:00:00.094161 
00:00:00.094162 [/Devices/ahci/0/] (level 3)
00:00:00.094163   PCIBusNo      <integer> = 0x0000000000000000 (0)
00:00:00.094164   PCIDeviceNo   <integer> = 0x000000000000000d (13)
00:00:00.094165   PCIFunctionNo <integer> = 0x0000000000000000 (0)
00:00:00.094166   Trusted       <integer> = 0x0000000000000001 (1)
00:00:00.094166 
00:00:00.094167 [/Devices/ahci/0/Config/] (level 4)
00:00:00.094169   Bootable  <integer> = 0x0000000000000001 (1)
00:00:00.094169   PortCount <integer> = 0x0000000000000001 (1)
00:00:00.094170 
00:00:00.094171 [/Devices/ahci/0/Config/Port0/] (level 5)
00:00:00.094172   Hotpluggable <integer> = 0x0000000000000000 (0)
00:00:00.094173 
00:00:00.094174 [/Devices/ahci/0/LUN#0/] (level 4)
00:00:00.094175   Driver <string>  = "VD" (cb=3)
00:00:00.094176 
00:00:00.094176 [/Devices/ahci/0/LUN#0/Config/] (level 5)
00:00:00.094178   BlockCache <integer> = 0x0000000000000001 (1)
00:00:00.094179   Format     <string>  = "VDI" (cb=4)
00:00:00.094180   Mountable  <integer> = 0x0000000000000000 (0)
00:00:00.094181   Path       <string>  = "/home/vamsi/Documents/Acads/Sem 7/Computer Networks/Lab/Lab10/lab10_network/VMImages/h1/Snapshots/{7d7fa6f6-1a12-4a0e-b1df-878a902151ed}.vdi" (cb=141)
00:00:00.094182   Type       <string>  = "HardDisk" (cb=9)
00:00:00.094182   UseNewIo   <integer> = 0x0000000000000001 (1)
00:00:00.094183 
00:00:00.094184 [/Devices/ahci/0/LUN#0/Config/Parent/] (level 6)
00:00:00.094185   Format <string>  = "VDI" (cb=4)
00:00:00.094186   Path   <string>  = "/home/vamsi/Documents/Acads/Sem 7/Computer Networks/Lab/Lab10/lab10_network/VMImages/base/base.vdi" (cb=99)
00:00:00.094187 
00:00:00.094187 [/Devices/ahci/0/LUN#0/Config/Parent/VDConfig/] (level 7)
00:00:00.094189   AllocationBlockSize <string>  = "1048576" (cb=8)
00:00:00.094190 
00:00:00.094190 [/Devices/ahci/0/LUN#0/Config/VDConfig/] (level 6)
00:00:00.094192   AllocationBlockSize <string>  = "1048576" (cb=8)
00:00:00.094193 
00:00:00.094193 [/Devices/ahci/0/LUN#999/] (level 4)
00:00:00.094194   Driver <string>  = "MainStatus" (cb=11)
00:00:00.094195 
00:00:00.094196 [/Devices/ahci/0/LUN#999/Config/] (level 5)
00:00:00.094197   DeviceInstance        <string>  = "ahci/0" (cb=7)
00:00:00.094198   First                 <integer> = 0x0000000000000000 (0)
00:00:00.094199   Last                  <integer> = 0x0000000000000000 (0)
00:00:00.094201   pConsole              <integer> = 0x00007fc6c40013e0 (140 491 668 591 584)
00:00:00.094203   papLeds               <integer> = 0x00007fc6c4001bc0 (140 491 668 593 600)
00:00:00.094205   pmapMediumAttachments <integer> = 0x00007fc6c40027d8 (140 491 668 596 696)
00:00:00.094206 
00:00:00.094207 [/Devices/apic/] (level 2)
00:00:00.094208 
00:00:00.094208 [/Devices/apic/0/] (level 3)
00:00:00.094210   Trusted <integer> = 0x0000000000000001 (1)
00:00:00.094210 
00:00:00.094211 [/Devices/apic/0/Config/] (level 4)
00:00:00.094212   IOAPIC  <integer> = 0x0000000000000001 (1)
00:00:00.094213   Mode    <integer> = 0x0000000000000003 (3)
00:00:00.094214   NumCPUs <integer> = 0x0000000000000001 (1)
00:00:00.094215 
00:00:00.094215 [/Devices/e1000/] (level 2)
00:00:00.094216 
00:00:00.094217 [/Devices/e1000/0/] (level 3)
00:00:00.094218   PCIBusNo      <integer> = 0x0000000000000000 (0)
00:00:00.094219   PCIDeviceNo   <integer> = 0x0000000000000003 (3)
00:00:00.094220   PCIFunctionNo <integer> = 0x0000000000000000 (0)
00:00:00.094220   Trusted       <integer> = 0x0000000000000001 (1)
00:00:00.094221 
00:00:00.094222 [/Devices/e1000/0/Config/] (level 4)
00:00:00.094223   AdapterType    <integer> = 0x0000000000000000 (0)
00:00:00.094224   CableConnected <integer> = 0x0000000000000001 (1)
00:00:00.094225   LineSpeed      <integer> = 0x0000000000000000 (0)
00:00:00.094226   MAC            <bytes>   = "08 00 27 5c 20 74" (cb=6)
00:00:00.094228 
00:00:00.094228 [/Devices/e1000/0/LUN#0/] (level 4)
00:00:00.094230   Driver <string>  = "NAT" (cb=4)
00:00:00.094230 
00:00:00.094231 [/Devices/e1000/0/LUN#0/Config/] (level 5)
00:00:00.094232   AliasMode       <integer> = 0x0000000000000000 (0)
00:00:00.094233   BootFile        <string>  = "h1.pxe" (cb=7)
00:00:00.094234   DNSProxy        <integer> = 0x0000000000000000 (0)
00:00:00.094235   Network         <string>  = "10.0.2.0/24" (cb=12)
00:00:00.094236   PassDomain      <integer> = 0x0000000000000001 (1)
00:00:00.094237   TFTPPrefix      <string>  = "/home/vamsi/.config/VirtualBox/TFTP" (cb=36)
00:00:00.094238   UseHostResolver <integer> = 0x0000000000000000 (0)
00:00:00.094239 
00:00:00.094239 [/Devices/e1000/0/LUN#0/Config/PortForwarding/] (level 6)
00:00:00.094241 
00:00:00.094241 [/Devices/e1000/0/LUN#0/Config/PortForwarding/0/] (level 7)
00:00:00.094243   GuestPort <integer> = 0x0000000000000016 (22)
00:00:00.094244   HostPort  <integer> = 0x00000000000038a5 (14 501)
00:00:00.094245   Name      <string>  = "ssh" (cb=4)
00:00:00.094246   Protocol  <string>  = "TCP" (cb=4)
00:00:00.094247 
00:00:00.094247 [/Devices/e1000/0/LUN#999/] (level 4)
00:00:00.094249   Driver <string>  = "MainStatus" (cb=11)
00:00:00.094249 
00:00:00.094250 [/Devices/e1000/0/LUN#999/Config/] (level 5)
00:00:00.094251   First   <integer> = 0x0000000000000000 (0)
00:00:00.094252   Last    <integer> = 0x0000000000000000 (0)
00:00:00.094253   papLeds <integer> = 0x00007fc6c4002698 (140 491 668 596 376)
00:00:00.094255 
00:00:00.094255 [/Devices/e1000/1/] (level 3)
00:00:00.094256   PCIBusNo      <integer> = 0x0000000000000000 (0)
00:00:00.094257   PCIDeviceNo   <integer> = 0x0000000000000008 (8)
00:00:00.094258   PCIFunctionNo <integer> = 0x0000000000000000 (0)
00:00:00.094259   Trusted       <integer> = 0x0000000000000001 (1)
00:00:00.094260 
00:00:00.094260 [/Devices/e1000/1/Config/] (level 4)
00:00:00.094261   AdapterType    <integer> = 0x0000000000000000 (0)
00:00:00.094262   CableConnected <integer> = 0x0000000000000001 (1)
00:00:00.094263   LineSpeed      <integer> = 0x0000000000000000 (0)
00:00:00.094264   MAC            <bytes>   = "08 00 27 63 a5 d5" (cb=6)
00:00:00.094266 
00:00:00.094266 [/Devices/e1000/1/LUN#0/] (level 4)
00:00:00.094267   Driver <string>  = "IntNet" (cb=7)
00:00:00.094268 
00:00:00.094268 [/Devices/e1000/1/LUN#0/Config/] (level 5)
00:00:00.094270   IfPolicyPromisc <string>  = "deny" (cb=5)
00:00:00.094271   Network         <string>  = "intnet1" (cb=8)
00:00:00.094272   TrunkType       <integer> = 0x0000000000000002 (2)
00:00:00.094273 
00:00:00.094273 [/Devices/e1000/1/LUN#999/] (level 4)
00:00:00.094274   Driver <string>  = "MainStatus" (cb=11)
00:00:00.094275 
00:00:00.094275 [/Devices/e1000/1/LUN#999/Config/] (level 5)
00:00:00.094277   First   <integer> = 0x0000000000000000 (0)
00:00:00.094278   Last    <integer> = 0x0000000000000000 (0)
00:00:00.094279   papLeds <integer> = 0x00007fc6c40026a0 (140 491 668 596 384)
00:00:00.094280 
00:00:00.094281 [/Devices/i8254/] (level 2)
00:00:00.094282 
00:00:00.094282 [/Devices/i8254/0/] (level 3)
00:00:00.094283 
00:00:00.094284 [/Devices/i8254/0/Config/] (level 4)
00:00:00.094285 
00:00:00.094285 [/Devices/i8259/] (level 2)
00:00:00.094286 
00:00:00.094287 [/Devices/i8259/0/] (level 3)
00:00:00.094288   Trusted <integer> = 0x0000000000000001 (1)
00:00:00.094289 
00:00:00.094289 [/Devices/i8259/0/Config/] (level 4)
00:00:00.094291 
00:00:00.094291 [/Devices/ichac97/] (level 2)
00:00:00.094292 
00:00:00.094292 [/Devices/ichac97/0/] (level 3)
00:00:00.094294   PCIBusNo      <integer> = 0x0000000000000000 (0)
00:00:00.094295   PCIDeviceNo   <integer> = 0x0000000000000005 (5)
00:00:00.094295   PCIFunctionNo <integer> = 0x0000000000000000 (0)
00:00:00.094296   Trusted       <integer> = 0x0000000000000001 (1)
00:00:00.094297 
00:00:00.094297 [/Devices/ichac97/0/AudioConfig/] (level 4)
00:00:00.094299 
00:00:00.094299 [/Devices/ichac97/0/Config/] (level 4)
00:00:00.094301   Codec        <string>  = "AD1980" (cb=7)
00:00:00.094302   DebugEnabled <integer> = 0x0000000000000000 (0)
00:00:00.094302 
00:00:00.094303 [/Devices/ichac97/0/LUN#0/] (level 4)
00:00:00.094304   Driver <string>  = "AUDIO" (cb=6)
00:00:00.094305 
00:00:00.094305 [/Devices/ichac97/0/LUN#0/AttachedDriver/] (level 5)
00:00:00.094307   Driver <string>  = "PulseAudio" (cb=11)
00:00:00.094308 
00:00:00.094308 [/Devices/ichac97/0/LUN#0/AttachedDriver/Config/] (level 6)
00:00:00.094310   VmName <string>  = "h1" (cb=3)
00:00:00.094311 
00:00:00.094311 [/Devices/ichac97/0/LUN#0/Config/] (level 5)
00:00:00.094312   DriverName    <string>  = "PulseAudio" (cb=11)
00:00:00.094313   InputEnabled  <integer> = 0x0000000000000000 (0)
00:00:00.094314   OutputEnabled <integer> = 0x0000000000000001 (1)
00:00:00.094315 
00:00:00.094315 [/Devices/ichac97/0/LUN#1/] (level 4)
00:00:00.094317   Driver <string>  = "AUDIO" (cb=6)
00:00:00.094317 
00:00:00.094318 [/Devices/ichac97/0/LUN#2/] (level 4)
00:00:00.094319   Driver <string>  = "AUDIO" (cb=6)
00:00:00.094320 
00:00:00.094320 [/Devices/ioapic/] (level 2)
00:00:00.094321 
00:00:00.094321 [/Devices/ioapic/0/] (level 3)
00:00:00.094323   Trusted <integer> = 0x0000000000000001 (1)
00:00:00.094323 
00:00:00.094324 [/Devices/ioapic/0/Config/] (level 4)
00:00:00.094325   NumCPUs <integer> = 0x0000000000000001 (1)
00:00:00.094326 
00:00:00.094326 [/Devices/mc146818/] (level 2)
00:00:00.094327 
00:00:00.094328 [/Devices/mc146818/0/] (level 3)
00:00:00.094329 
00:00:00.094329 [/Devices/mc146818/0/Config/] (level 4)
00:00:00.094331   UseUTC <integer> = 0x0000000000000001 (1)
00:00:00.094331 
00:00:00.094332 [/Devices/parallel/] (level 2)
00:00:00.094333 
00:00:00.094333 [/Devices/pcarch/] (level 2)
00:00:00.094334 
00:00:00.094335 [/Devices/pcarch/0/] (level 3)
00:00:00.094336   Trusted <integer> = 0x0000000000000001 (1)
00:00:00.094337 
00:00:00.094337 [/Devices/pcarch/0/Config/] (level 4)
00:00:00.094338 
00:00:00.094339 [/Devices/pcbios/] (level 2)
00:00:00.094340 
00:00:00.094340 [/Devices/pcbios/0/] (level 3)
00:00:00.094341   Trusted <integer> = 0x0000000000000001 (1)
00:00:00.094342 
00:00:00.094342 [/Devices/pcbios/0/Config/] (level 4)
00:00:00.094344   APIC               <integer> = 0x0000000000000001 (1)
00:00:00.094345   BootDevice0        <string>  = "FLOPPY" (cb=7)
00:00:00.094346   BootDevice1        <string>  = "DVD" (cb=4)
00:00:00.094347   BootDevice2        <string>  = "IDE" (cb=4)
00:00:00.094348   BootDevice3        <string>  = "NONE" (cb=5)
00:00:00.094348   FloppyDevice       <string>  = "i82078" (cb=7)
00:00:00.094349   HardDiskDevice     <string>  = "piix3ide" (cb=9)
00:00:00.094350   IOAPIC             <integer> = 0x0000000000000001 (1)
00:00:00.094351   McfgBase           <integer> = 0x0000000000000000 (0)
00:00:00.094352   McfgLength         <integer> = 0x0000000000000000 (0)
00:00:00.094353   NumCPUs            <integer> = 0x0000000000000001 (1)
00:00:00.094354   PXEDebug           <integer> = 0x0000000000000000 (0)
00:00:00.094355   SataHardDiskDevice <string>  = "ahci" (cb=5)
00:00:00.094356   SataLUN1           <integer> = 0x0000000000000000 (0)
00:00:00.094357   UUID               <bytes>   = "33 57 8b aa df 49 3c 47 9d c2 35 76 97 31 e2 00" (cb=16)
00:00:00.094360   UuidLe             <integer> = 0x0000000000000000 (0)
00:00:00.094361 
00:00:00.094361 [/Devices/pcbios/0/Config/NetBoot/] (level 5)
00:00:00.094362 
00:00:00.094363 [/Devices/pcbios/0/Config/NetBoot/0/] (level 6)
00:00:00.094364   NIC           <integer> = 0x0000000000000000 (0)
00:00:00.094365   PCIBusNo      <integer> = 0x0000000000000000 (0)
00:00:00.094366   PCIDeviceNo   <integer> = 0x0000000000000003 (3)
00:00:00.094367   PCIFunctionNo <integer> = 0x0000000000000000 (0)
00:00:00.094368 
00:00:00.094368 [/Devices/pci/] (level 2)
00:00:00.094370 
00:00:00.094370 [/Devices/pci/0/] (level 3)
00:00:00.094371   Trusted <integer> = 0x0000000000000001 (1)
00:00:00.094372 
00:00:00.094372 [/Devices/pci/0/Config/] (level 4)
00:00:00.094374   IOAPIC <integer> = 0x0000000000000001 (1)
00:00:00.094374 
00:00:00.094375 [/Devices/pcibridge/] (level 2)
00:00:00.094376 
00:00:00.094376 [/Devices/pckbd/] (level 2)
00:00:00.094377 
00:00:00.094378 [/Devices/pckbd/0/] (level 3)
00:00:00.094379   Trusted <integer> = 0x0000000000000001 (1)
00:00:00.094380 
00:00:00.094380 [/Devices/pckbd/0/Config/] (level 4)
00:00:00.094381 
00:00:00.094382 [/Devices/pckbd/0/LUN#0/] (level 4)
00:00:00.094383   Driver <string>  = "KeyboardQueue" (cb=14)
00:00:00.094384 
00:00:00.094385 [/Devices/pckbd/0/LUN#0/AttachedDriver/] (level 5)
00:00:00.094386   Driver <string>  = "MainKeyboard" (cb=13)
00:00:00.094387 
00:00:00.094387 [/Devices/pckbd/0/LUN#0/AttachedDriver/Config/] (level 6)
00:00:00.094389   Object <integer> = 0x0000558f4b535bc0 (94 073 932 438 464)
00:00:00.094391 
00:00:00.094391 [/Devices/pckbd/0/LUN#0/Config/] (level 5)
00:00:00.094393   QueueSize <integer> = 0x0000000000000040 (64)
00:00:00.094394 
00:00:00.094394 [/Devices/pckbd/0/LUN#1/] (level 4)
00:00:00.094396   Driver <string>  = "MouseQueue" (cb=11)
00:00:00.094396 
00:00:00.094397 [/Devices/pckbd/0/LUN#1/AttachedDriver/] (level 5)
00:00:00.094398   Driver <string>  = "MainMouse" (cb=10)
00:00:00.094399 
00:00:00.094399 [/Devices/pckbd/0/LUN#1/AttachedDriver/Config/] (level 6)
00:00:00.094401   Object <integer> = 0x00007fc6c4006090 (140 491 668 611 216)
00:00:00.094402 
00:00:00.094403 [/Devices/pckbd/0/LUN#1/Config/] (level 5)
00:00:00.094404   QueueSize <integer> = 0x0000000000000080 (128)
00:00:00.094405 
00:00:00.094406 [/Devices/pcnet/] (level 2)
00:00:00.094407 
00:00:00.094407 [/Devices/piix3ide/] (level 2)
00:00:00.094408 
00:00:00.094409 [/Devices/piix3ide/0/] (level 3)
00:00:00.094410   PCIBusNo      <integer> = 0x0000000000000000 (0)
00:00:00.094411   PCIDeviceNo   <integer> = 0x0000000000000001 (1)
00:00:00.094412   PCIFunctionNo <integer> = 0x0000000000000001 (1)
00:00:00.094413   Trusted       <integer> = 0x0000000000000001 (1)
00:00:00.094413 
00:00:00.094414 [/Devices/piix3ide/0/Config/] (level 4)
00:00:00.094415   Type <string>  = "PIIX4" (cb=6)
00:00:00.094416 
00:00:00.094416 [/Devices/piix3ide/0/LUN#0/] (level 4)
00:00:00.094418   Driver <string>  = "VD" (cb=3)
00:00:00.094418 
00:00:00.094419 [/Devices/piix3ide/0/LUN#0/Config/] (level 5)
00:00:00.094420   EmptyDrive <integer> = 0x0000000000000001 (1)
00:00:00.094421   Mountable  <integer> = 0x0000000000000001 (1)
00:00:00.094422   Type       <string>  = "DVD" (cb=4)
00:00:00.094423 
00:00:00.094423 [/Devices/piix3ide/0/LUN#999/] (level 4)
00:00:00.094425   Driver <string>  = "MainStatus" (cb=11)
00:00:00.094425 
00:00:00.094426 [/Devices/piix3ide/0/LUN#999/Config/] (level 5)
00:00:00.094427   DeviceInstance        <string>  = "piix3ide/0" (cb=11)
00:00:00.094428   First                 <integer> = 0x0000000000000000 (0)
00:00:00.094429   Last                  <integer> = 0x0000000000000003 (3)
00:00:00.094430   pConsole              <integer> = 0x00007fc6c40013e0 (140 491 668 591 584)
00:00:00.094432   papLeds               <integer> = 0x00007fc6c4001ba0 (140 491 668 593 568)
00:00:00.094434   pmapMediumAttachments <integer> = 0x00007fc6c40027d8 (140 491 668 596 696)
00:00:00.094436 
00:00:00.094436 [/Devices/serial/] (level 2)
00:00:00.094437 
00:00:00.094437 [/Devices/usb-ohci/] (level 2)
00:00:00.094438 
00:00:00.094439 [/Devices/usb-ohci/0/] (level 3)
00:00:00.094440   PCIBusNo      <integer> = 0x0000000000000000 (0)
00:00:00.094441   PCIDeviceNo   <integer> = 0x0000000000000006 (6)
00:00:00.094442   PCIFunctionNo <integer> = 0x0000000000000000 (0)
00:00:00.094443   Trusted       <integer> = 0x0000000000000001 (1)
00:00:00.094443 
00:00:00.094444 [/Devices/usb-ohci/0/Config/] (level 4)
00:00:00.094445 
00:00:00.094445 [/Devices/usb-ohci/0/LUN#0/] (level 4)
00:00:00.094447   Driver <string>  = "VUSBRootHub" (cb=12)
00:00:00.094448 
00:00:00.094448 [/Devices/usb-ohci/0/LUN#0/Config/] (level 5)
00:00:00.094449 
00:00:00.094450 [/Devices/usb-ohci/0/LUN#999/] (level 4)
00:00:00.094451   Driver <string>  = "MainStatus" (cb=11)
00:00:00.094452 
00:00:00.094452 [/Devices/usb-ohci/0/LUN#999/Config/] (level 5)
00:00:00.094454   First   <integer> = 0x0000000000000000 (0)
00:00:00.094455   Last    <integer> = 0x0000000000000000 (0)
00:00:00.094455   papLeds <integer> = 0x00007fc6c40027c0 (140 491 668 596 672)
00:00:00.094457 
00:00:00.094457 [/Devices/vga/] (level 2)
00:00:00.094458 
00:00:00.094459 [/Devices/vga/0/] (level 3)
00:00:00.094460   PCIBusNo      <integer> = 0x0000000000000000 (0)
00:00:00.094461   PCIDeviceNo   <integer> = 0x0000000000000002 (2)
00:00:00.094462   PCIFunctionNo <integer> = 0x0000000000000000 (0)
00:00:00.094462   Trusted       <integer> = 0x0000000000000001 (1)
00:00:00.094463 
00:00:00.094464 [/Devices/vga/0/Config/] (level 4)
00:00:00.094466   3DEnabled          <integer> = 0x0000000000000000 (0)
00:00:00.094467   CustomVideoModes   <integer> = 0x0000000000000000 (0)
00:00:00.094468   FadeIn             <integer> = 0x0000000000000001 (1)
00:00:00.094469   FadeOut            <integer> = 0x0000000000000001 (1)
00:00:00.094470   HeightReduction    <integer> = 0x0000000000000000 (0)
00:00:00.094470   LogoFile           <string>  = "" (cb=1)
00:00:00.094471   LogoTime           <integer> = 0x0000000000000000 (0)
00:00:00.094472   MonitorCount       <integer> = 0x0000000000000001 (1)
00:00:00.094473   ShowBootMenu       <integer> = 0x0000000000000002 (2)
00:00:00.094474   VMSVGA3dEnabled    <integer> = 0x0000000000000000 (0)
00:00:00.094475   VMSVGAEnabled      <integer> = 0x0000000000000001 (1)
00:00:00.094476   VMSVGAPciBarLayout <integer> = 0x0000000000000001 (1)
00:00:00.094477   VMSVGAPciId        <integer> = 0x0000000000000001 (1)
00:00:00.094478   VRamSize           <integer> = 0x0000000001000000 (16 777 216, 16 MB)
00:00:00.094480 
00:00:00.094480 [/Devices/vga/0/LUN#0/] (level 4)
00:00:00.094481   Driver <string>  = "MainDisplay" (cb=12)
00:00:00.094482 
00:00:00.094482 [/Devices/vga/0/LUN#0/Config/] (level 5)
00:00:00.094484   Object <integer> = 0x00007fc6c4006cd0 (140 491 668 614 352)
00:00:00.094486 
00:00:00.094486 [/Devices/vga/0/LUN#999/] (level 4)
00:00:00.094487   Driver <string>  = "MainStatus" (cb=11)
00:00:00.094488 
00:00:00.094488 [/Devices/vga/0/LUN#999/Config/] (level 5)
00:00:00.094490   First   <integer> = 0x0000000000000000 (0)
00:00:00.094491   Last    <integer> = 0x0000000000000000 (0)
00:00:00.094492   papLeds <integer> = 0x00007fc6c40027d0 (140 491 668 596 688)
00:00:00.094493 
00:00:00.094494 [/Devices/virtio-net/] (level 2)
00:00:00.094495 
00:00:00.094495 [/EM/] (level 1)
00:00:00.094496   TripleFaultReset <integer> = 0x0000000000000000 (0)
00:00:00.094497 
00:00:00.094497 [/GIM/] (level 1)
00:00:00.094498   Provider <string>  = "KVM" (cb=4)
00:00:00.094499 
00:00:00.094499 [/HM/] (level 1)
00:00:00.094501   64bitEnabled            <integer> = 0x0000000000000001 (1)
00:00:00.094502   EnableLargePages        <integer> = 0x0000000000000000 (0)
00:00:00.094503   EnableNestedPaging      <integer> = 0x0000000000000001 (1)
00:00:00.094503   EnableUX                <integer> = 0x0000000000000001 (1)
00:00:00.094505   EnableVPID              <integer> = 0x0000000000000001 (1)
00:00:00.094506   Exclusive               <integer> = 0x0000000000000001 (1)
00:00:00.094507   HMForced                <integer> = 0x0000000000000001 (1)
00:00:00.094508   IBPBOnVMEntry           <integer> = 0x0000000000000000 (0)
00:00:00.094509   IBPBOnVMExit            <integer> = 0x0000000000000000 (0)
00:00:00.094510   L1DFlushOnSched         <integer> = 0x0000000000000001 (1)
00:00:00.094511   L1DFlushOnVMEntry       <integer> = 0x0000000000000000 (0)
00:00:00.094511   LovelyMesaDrvWorkaround <integer> = 0x0000000000000001 (1)
00:00:00.094512   MDSClearOnSched         <integer> = 0x0000000000000001 (1)
00:00:00.094513   MDSClearOnVMEntry       <integer> = 0x0000000000000000 (0)
00:00:00.094514   SpecCtrlByHost          <integer> = 0x0000000000000000 (0)
00:00:00.094515   UseNEMInstead           <integer> = 0x0000000000000000 (0)
00:00:00.094516 
00:00:00.094516 [/MM/] (level 1)
00:00:00.094517   CanUseLargerHeap <integer> = 0x0000000000000000 (0)
00:00:00.094518 
00:00:00.094518 [/NEM/] (level 1)
00:00:00.094519   Allow64BitGuests        <integer> = 0x0000000000000001 (1)
00:00:00.094520   LovelyMesaDrvWorkaround <integer> = 0x0000000000000001 (1)
00:00:00.094521 
00:00:00.094522 [/PDM/] (level 1)
00:00:00.094522 
00:00:00.094523 [/PDM/AsyncCompletion/] (level 2)
00:00:00.094524 
00:00:00.094524 [/PDM/AsyncCompletion/File/] (level 3)
00:00:00.094526 
00:00:00.094526 [/PDM/AsyncCompletion/File/BwGroups/] (level 4)
00:00:00.094527 
00:00:00.094528 [/PDM/BlkCache/] (level 2)
00:00:00.094529   CacheSize <integer> = 0x0000000000500000 (5 242 880, 5 MB)
00:00:00.094531 
00:00:00.094531 [/PDM/Devices/] (level 2)
00:00:00.094532 
00:00:00.094532 [/PDM/Drivers/] (level 2)
00:00:00.094533 
00:00:00.094534 [/PDM/Drivers/VBoxC/] (level 3)
00:00:00.094535   Path <string>  = "/usr/lib/virtualbox/components/VBoxC" (cb=37)
00:00:00.094536 
00:00:00.094536 [/PDM/NetworkShaper/] (level 2)
00:00:00.094537 
00:00:00.094538 [/PDM/NetworkShaper/BwGroups/] (level 3)
00:00:00.094539 
00:00:00.094539 [/TM/] (level 1)
00:00:00.094540   UTCOffset <integer> = 0x0000000000000000 (0)
00:00:00.094541 
00:00:00.094541 [/USB/] (level 1)
00:00:00.094542 
00:00:00.094542 [/USB/HidMouse/] (level 2)
00:00:00.094543 
00:00:00.094544 [/USB/HidMouse/0/] (level 3)
00:00:00.094545 
00:00:00.094545 [/USB/HidMouse/0/Config/] (level 4)
00:00:00.094547   Mode <string>  = "absolute" (cb=9)
00:00:00.094547 
00:00:00.094548 [/USB/HidMouse/0/LUN#0/] (level 4)
00:00:00.094549   Driver <string>  = "MouseQueue" (cb=11)
00:00:00.094550 
00:00:00.094550 [/USB/HidMouse/0/LUN#0/AttachedDriver/] (level 5)
00:00:00.094552   Driver <string>  = "MainMouse" (cb=10)
00:00:00.094552 
00:00:00.094553 [/USB/HidMouse/0/LUN#0/AttachedDriver/Config/] (level 6)
00:00:00.094554   Object <integer> = 0x00007fc6c4006090 (140 491 668 611 216)
00:00:00.094556 
00:00:00.094556 [/USB/HidMouse/0/LUN#0/Config/] (level 5)
00:00:00.094558   QueueSize <integer> = 0x0000000000000080 (128)
00:00:00.094559 
00:00:00.094559 [/USB/USBProxy/] (level 2)
00:00:00.094560 
00:00:00.094560 [/USB/USBProxy/GlobalConfig/] (level 3)
00:00:00.094562 
00:00:00.094562 ********************* End of CFGM dump **********************
00:00:00.094648 HM: HMR3Init: VT-x w/ nested paging and unrestricted guest execution hw support
00:00:00.094699 MM: cbHyperHeap=0x200000 (2097152)
00:00:00.095989 CPUM: fXStateHostMask=0x7; initial: 0x7; host XCR0=0x1f
00:00:00.097129 CPUM: Matched host CPU INTEL 0x6/0x9e/0x9 Intel_Core7_KabyLake with CPU DB entry 'Intel Core i7-6700K' (INTEL 0x6/0x5e/0x3 Intel_Core7_Skylake)
00:00:00.097185 CPUM: MXCSR_MASK=0xffff (host: 0xffff)
00:00:00.097198 CPUM: Microcode revision 0x000000EA
00:00:00.097208 CPUM: Changing leaf 13[0]: EBX=0x440 -> 0x340, ECX=0x440 -> 0x340
00:00:00.097219 CPUM: MSR/CPUID reconciliation insert: 0x0000010b IA32_FLUSH_CMD
00:00:00.097479 PGM: Host paging mode: AMD64+PGE+NX
00:00:00.097492 PGM: PGMPool: cMaxPages=768 (u64MaxPages=545)
00:00:00.097498 PGM: pgmR3PoolInit: cMaxPages=0x300 cMaxUsers=0x600 cMaxPhysExts=0x600 fCacheEnable=true 
00:00:00.098232 PGM: /proc/sys/vm/max_map_count = 65530 (rc2=VWRN_TRAILING_CHARS); cGuessNeeded=16384
00:00:00.100068 TM: GIP - u32Mode=3 (Invariant) u32UpdateHz=62 u32UpdateIntervalNS=16000000 enmUseTscDelta=2 (Practically Zero) fGetGipCpu=0x1b cCpus=4
00:00:00.100087 TM: GIP - u64CpuHz=2 465 332 957 (0x92f1fedd)  SUPGetCpuHzFromGip => 2 465 332 957
00:00:00.100094 TM: GIP - CPU: iCpuSet=0x0 idCpu=0x0 idApic=0x0 iGipCpu=0x3 i64TSCDelta=0 enmState=3 u64CpuHz=2495972816(*) cErrors=0
00:00:00.100114 TM: GIP - CPU: iCpuSet=0x1 idCpu=0x1 idApic=0x2 iGipCpu=0x2 i64TSCDelta=0 enmState=3 u64CpuHz=2495972894(*) cErrors=0
00:00:00.100121 TM: GIP - CPU: iCpuSet=0x2 idCpu=0x2 idApic=0x4 iGipCpu=0x0 i64TSCDelta=0 enmState=3 u64CpuHz=2465332957(*) cErrors=0
00:00:00.100126 TM: GIP - CPU: iCpuSet=0x3 idCpu=0x3 idApic=0x6 iGipCpu=0x1 i64TSCDelta=0 enmState=3 u64CpuHz=2495963417(*) cErrors=0
00:00:00.100184 TM: cTSCTicksPerSecond=2 465 332 957 (0x92f1fedd) enmTSCMode=3 (Dynamic)
00:00:00.100186 TM: TSCTiedToExecution=false TSCNotTiedToHalt=false
00:00:00.100788 EMR3Init: fIemExecutesAll=false fGuruOnTripleFault=true 
00:00:00.100907 IEM: TargetCpu=CURRENT, Microarch=Intel_Core7_KabyLake
00:00:00.100964 GIM: Using provider 'KVM' (Implementation version: 0)
00:00:00.100971 CPUM: SetGuestCpuIdFeature: Enabled Hypervisor Present bit
00:00:00.148192 AIOMgr: Default manager type is 'Async'
00:00:00.148224 AIOMgr: Default file backend is 'NonBuffered'
00:00:00.148573 BlkCache: Cache successfully initialized. Cache size is 5242880 bytes
00:00:00.148596 BlkCache: Cache commit interval is 10000 ms
00:00:00.148602 BlkCache: Cache commit threshold is 2621440 bytes
00:00:00.150160 PcBios: [SMP] BIOS with 1 CPUs
00:00:00.150197 PcBios: Using the 386+ BIOS image.
00:00:00.150285 PcBios: MPS table at 000e1300
00:00:00.150816 PcBios: fCheckShutdownStatusForSoftReset=true   fClearShutdownStatusOnHardReset=true 
00:00:00.151034 SUP: Opened VBoxDDR0.r0 (/usr/lib/virtualbox/VBoxDDR0.r0) at 0xXXXXXXXXXXXXXXXX.
00:00:00.151273 CPUM: SetGuestCpuIdFeature: Enabled xAPIC
00:00:00.151291 CPUM: SetGuestCpuIdFeature: Enabled x2APIC
00:00:00.151557 IOAPIC: Using implementation 2.0! Chipset type ICH9
00:00:00.151624 PIT: mode=3 count=0x10000 (65536) - 18.20 Hz (ch=0)
00:00:00.152403 VMMDev: cbDefaultBudget: 261 373 632 (f943ec0)
00:00:00.154959 Shared Folders service loaded
00:00:00.155726 Guest Control service loaded
00:00:00.165977 VGA: Using the 386+ BIOS image.
00:00:00.167595 DrvVD: Flushes will be ignored
00:00:00.167618 DrvVD: Async flushes will be passed to the disk
00:00:00.171326 VD: VDInit finished with VINF_SUCCESS
00:00:00.171635 AIOMgr: Endpoint for file '/home/vamsi/Documents/Acads/Sem 7/Computer Networks/Lab/Lab10/lab10_network/VMImages/base/base.vdi' (flags 000c0781) created successfully
00:00:00.198575 AIOMgr: Endpoint for file '/home/vamsi/Documents/Acads/Sem 7/Computer Networks/Lab/Lab10/lab10_network/VMImages/h1/Snapshots/{7d7fa6f6-1a12-4a0e-b1df-878a902151ed}.vdi' (flags 000c0723) created successfully
00:00:00.217808 VD: Opening the disk took 46606678 ns
00:00:00.217909 AHCI: LUN#0: disk, PCHS=2212/16/63, total number of sectors 2229702
00:00:00.218206 AHCI#0: Reset the HBA
00:00:00.218225 VD#0: Cancelling all active requests
00:00:00.219238 DrvVD: Flushes will be ignored
00:00:00.219274 DrvVD: Async flushes will be passed to the disk
00:00:00.219308 PIIX3 ATA: LUN#0: CD/DVD, total number of sectors 0, passthrough disabled
00:00:00.222506 PIIX3 ATA: LUN#1: no unit
00:00:00.222676 PIIX3 ATA: LUN#2: no unit
00:00:00.222692 PIIX3 ATA: LUN#3: no unit
00:00:00.222745 PIIX3 ATA: Ctl#0: finished processing RESET
00:00:00.222787 PIIX3 ATA: Ctl#1: finished processing RESET
00:00:00.222932 E1000#0: Chip=82540EM LinkUpDelay=3000ms EthernetCRC=on GSO=enabled Itr=disabled ItrRx=enabled TID=disabled R0=enabled RC=disabled
00:00:00.233315 NAT: Guest address guess set to 10.0.2.15 by initialization
00:00:00.233448 NAT: resolv.conf: nameserver 127.0.0.53
00:00:00.233465 NAT: DNS server 127.0.0.53 registration detected, switching to the DNS proxy
00:00:00.233470 NAT: DNS#0: 127.0.0.53
00:00:00.233517 NAT: Set redirect TCP 0.0.0.0:14501 -> 0.0.0.0:22
00:00:00.234668 E1000#1: Chip=82540EM LinkUpDelay=3000ms EthernetCRC=on GSO=enabled Itr=disabled ItrRx=enabled TID=disabled R0=enabled RC=disabled
00:00:00.234756 IntNet#0: szNetwork={intnet1} enmTrunkType=2 szTrunk={} fFlags=0x8000 cbRecv=325632 cbSend=196608 fIgnoreConnectFailure=false
00:00:00.235347 AC97: Using codec 'AD1980'
00:00:00.235416 Audio: Initializing PulseAudio driver
00:00:00.238170 PulseAudio: Using version 11.1.0
00:00:00.240345 PulseAudio: Retrieving server information ...
00:00:00.241368 Audio: Found 3 devices for driver 'PulseAudio'
00:00:00.241384 Audio: Device 'Built-in Audio Analog Stereo':
00:00:00.241385 Audio:   ID              = alsa_output.pci-0000_00_1f.3.analog-stereo
00:00:00.241386 Audio:   Usage           = output
00:00:00.241386 Audio:   Flags           = DEFAULT_OUT
00:00:00.241387 Audio:   Input channels  = 0
00:00:00.241388 Audio:   Output channels = 2
00:00:00.241392 Audio: Device 'Monitor of Built-in Audio Analog Stereo':
00:00:00.241393 Audio:   ID              = alsa_output.pci-0000_00_1f.3.analog-stereo.monitor
00:00:00.241393 Audio:   Usage           = input
00:00:00.241394 Audio:   Flags           = NONE
00:00:00.241394 Audio:   Input channels  = 2
00:00:00.241395 Audio:   Output channels = 0
00:00:00.241399 Audio: Device 'Built-in Audio Analog Stereo':
00:00:00.241399 Audio:   ID              = alsa_input.pci-0000_00_1f.3.analog-stereo
00:00:00.241400 Audio:   Usage           = input
00:00:00.241400 Audio:   Flags           = DEFAULT_IN
00:00:00.241401 Audio:   Input channels  = 2
00:00:00.241401 Audio:   Output channels = 0
00:00:00.241492 AC97: Reset
00:00:00.241498 AC97: Mixer reset (EAID=0x809, EACS=0x9)
00:00:00.241503 AC97: Record select to left=mic, right=mic
00:00:00.242880 VUSB: Attached 'HidMouse' to port 1 on RootHub#0 (FullSpeed)
00:00:00.242922 PGM: The CPU physical address width is 39 bits
00:00:00.242929 PGM: PGMR3InitFinalize: 4 MB PSE mask 0000007fffffffff -> VINF_SUCCESS
00:00:00.242968 TM: TMR3InitFinalize: fTSCModeSwitchAllowed=true 
00:00:00.243133 VMM: Enabled thread-context hooks
00:00:00.243140 VMM: RTThreadPreemptIsPending() can be trusted
00:00:00.243144 VMM: Kernel preemption is not possible it seems
00:00:00.243158 HM: fWorldSwitcher=0x0 (fIbpbOnVmExit=false fIbpbOnVmEntry=false fL1dFlushOnVmEntry=false); fL1dFlushOnSched=true  fMdsClearOnVmEntry=false
00:00:00.243166 HM: Using VT-x implementation 3.0
00:00:00.243166 HM: Max resume loops                  = 8192
00:00:00.243167 HM: Host CR4                          = 0x3606e0
00:00:00.243168 HM: Host EFER                         = 0xd01
00:00:00.243169 HM: MSR_IA32_SMM_MONITOR_CTL          = 0x0
00:00:00.243170 HM: MSR_IA32_FEATURE_CONTROL          = 0x5
00:00:00.243171 HM:   LOCK
00:00:00.243171 HM:   VMXON
00:00:00.243172 HM: MSR_IA32_VMX_BASIC                = 0xda040000000004
00:00:00.243173 HM:   VMCS id                           = 0x4
00:00:00.243174 HM:   VMCS size                         = 1024 bytes
00:00:00.243174 HM:   VMCS physical address limit       = None
00:00:00.243175 HM:   VMCS memory type                  = Write Back (WB)
00:00:00.243176 HM:   Dual-monitor treatment support    = true 
00:00:00.243176 HM:   OUTS & INS instruction-info       = true 
00:00:00.243177 HM:   Supports true-capability MSRs     = true 
00:00:00.243178 HM:   VM-entry Xcpt error-code optional = false
00:00:00.243178 HM: MSR_IA32_VMX_PINBASED_CTLS        = 0x7f00000016
00:00:00.243180 HM:   EXT_INT_EXIT
00:00:00.243180 HM:   NMI_EXIT
00:00:00.243181 HM:   VIRTUAL_NMI
00:00:00.243181 HM:   PREEMPT_TIMER
00:00:00.243182 HM:   POSTED_INT (must be cleared)
00:00:00.243182 HM: MSR_IA32_VMX_PROCBASED_CTLS       = 0xfff9fffe0401e172
00:00:00.243184 HM:   INT_WINDOW_EXIT
00:00:00.243184 HM:   USE_TSC_OFFSETTING
00:00:00.243185 HM:   HLT_EXIT
00:00:00.243186 HM:   INVLPG_EXIT
00:00:00.243186 HM:   MWAIT_EXIT
00:00:00.243186 HM:   RDPMC_EXIT
00:00:00.243187 HM:   RDTSC_EXIT
00:00:00.243187 HM:   CR3_LOAD_EXIT (must be set)
00:00:00.243188 HM:   CR3_STORE_EXIT (must be set)
00:00:00.243188 HM:   CR8_LOAD_EXIT
00:00:00.243189 HM:   CR8_STORE_EXIT
00:00:00.243189 HM:   USE_TPR_SHADOW
00:00:00.243190 HM:   NMI_WINDOW_EXIT
00:00:00.243190 HM:   MOV_DR_EXIT
00:00:00.243190 HM:   UNCOND_IO_EXIT
00:00:00.243191 HM:   USE_IO_BITMAPS
00:00:00.243191 HM:   MONITOR_TRAP_FLAG
00:00:00.243192 HM:   USE_MSR_BITMAPS
00:00:00.243192 HM:   MONITOR_EXIT
00:00:00.243192 HM:   PAUSE_EXIT
00:00:00.243193 HM:   USE_SECONDARY_CTLS
00:00:00.243193 HM: MSR_IA32_VMX_PROCBASED_CTLS2      = 0x5fbcff00000000
00:00:00.243195 HM:   VIRT_APIC_ACCESS
00:00:00.243195 HM:   EPT
00:00:00.243196 HM:   DESC_TABLE_EXIT
00:00:00.243196 HM:   RDTSCP
00:00:00.243197 HM:   VIRT_X2APIC_MODE
00:00:00.243197 HM:   VPID
00:00:00.243198 HM:   WBINVD_EXIT
00:00:00.243198 HM:   UNRESTRICTED_GUEST
00:00:00.243199 HM:   APIC_REG_VIRT (must be cleared)
00:00:00.243199 HM:   VIRT_INT_DELIVERY (must be cleared)
00:00:00.243200 HM:   PAUSE_LOOP_EXIT
00:00:00.243200 HM:   RDRAND_EXIT
00:00:00.243201 HM:   INVPCID
00:00:00.243201 HM:   VMFUNC
00:00:00.243202 HM:   VMCS_SHADOWING (must be cleared)
00:00:00.243202 HM:   ENCLS_EXIT
00:00:00.243203 HM:   RDSEED_EXIT
00:00:00.243203 HM:   PML
00:00:00.243204 HM:   EPT_VE
00:00:00.243204 HM:   CONCEAL_VMX_FROM_PT
00:00:00.243205 HM:   XSAVES_XRSTORS
00:00:00.243205 HM:   MODE_BASED_EPT_PERM
00:00:00.243205 HM:   SPPTP_EPT (must be cleared)
00:00:00.243206 HM:   PT_EPT (must be cleared)
00:00:00.243206 HM:   TSC_SCALING (must be cleared)
00:00:00.243207 HM:   USER_WAIT_PAUSE (must be cleared)
00:00:00.243207 HM:   ENCLV_EXIT (must be cleared)
00:00:00.243208 HM: MSR_IA32_VMX_ENTRY_CTLS           = 0x3ffff000011ff
00:00:00.243209 HM:   LOAD_DEBUG (must be set)
00:00:00.243209 HM:   IA32E_MODE_GUEST
00:00:00.243210 HM:   ENTRY_TO_SMM
00:00:00.243210 HM:   DEACTIVATE_DUAL_MON
00:00:00.243211 HM:   LOAD_PERF_MSR
00:00:00.243211 HM:   LOAD_PAT_MSR
00:00:00.243211 HM:   LOAD_EFER_MSR
00:00:00.243212 HM:   LOAD_BNDCFGS_MSR
00:00:00.243212 HM:   CONCEAL_VMX_FROM_PT
00:00:00.243213 HM:   LOAD_RTIT_CTL_MSR (must be cleared)
00:00:00.243213 HM: MSR_IA32_VMX_EXIT_CTLS            = 0x1ffffff00036dff
00:00:00.243215 HM:   SAVE_DEBUG (must be set)
00:00:00.243215 HM:   HOST_ADDR_SPACE_SIZE
00:00:00.243215 HM:   LOAD_PERF_MSR
00:00:00.243216 HM:   ACK_EXT_INT
00:00:00.243216 HM:   SAVE_PAT_MSR
00:00:00.243217 HM:   LOAD_PAT_MSR
00:00:00.243217 HM:   SAVE_EFER_MSR
00:00:00.243218 HM:   LOAD_EFER_MSR
00:00:00.243218 HM:   SAVE_PREEMPT_TIMER
00:00:00.243218 HM:   CLEAR_BNDCFGS_MSR
00:00:00.243219 HM:   CONCEAL_VMX_FROM_PT
00:00:00.243219 HM:   CLEAR_RTIT_CTL_MSR (must be cleared)
00:00:00.243220 HM: MSR_IA32_VMX_TRUE_PINBASED_CTLS   = 0x7f00000016
00:00:00.243221 HM: MSR_IA32_VMX_TRUE_PROCBASED_CTLS  = 0xfff9fffe04006172
00:00:00.243222 HM: MSR_IA32_VMX_TRUE_ENTRY_CTLS      = 0x3ffff000011fb
00:00:00.243223 HM: MSR_IA32_VMX_TRUE_EXIT_CTLS       = 0x1ffffff00036dfb
00:00:00.243224 HM: MSR_IA32_VMX_MISC                 = 0x7004c1e7
00:00:00.243225 HM:   PREEMPT_TIMER_TSC                 = 0x7
00:00:00.243226 HM:   EXIT_SAVE_EFER_LMA                = true 
00:00:00.243227 HM:   ACTIVITY_STATES                   = 0x7 ( HLT SHUTDOWN SIPI_WAIT )
00:00:00.243228 HM:   INTEL_PT                          = true 
00:00:00.243228 HM:   SMM_READ_SMBASE_MSR               = true 
00:00:00.243229 HM:   CR3_TARGET                        = 0x4
00:00:00.243229 HM:   MAX_MSR                           = 0x0 ( 512 )
00:00:00.243230 HM:   VMXOFF_BLOCK_SMI                  = true 
00:00:00.243231 HM:   VMWRITE_ALL                       = true 
00:00:00.243232 HM:   ENTRY_INJECT_SOFT_INT             = 0x1
00:00:00.243232 HM:   MSEG_ID                           = 0x0
00:00:00.243233 HM: MSR_IA32_VMX_VMCS_ENUM            = 0x2e
00:00:00.243233 HM:   HIGHEST_IDX                       = 0x17
00:00:00.243234 HM: MSR_IA32_VMX_EPT_VPID_CAP         = 0xf0106734141
00:00:00.243235 HM:   RWX_X_ONLY
00:00:00.243236 HM:   PAGE_WALK_LENGTH_4
00:00:00.243236 HM:   EMT_UC
00:00:00.243237 HM:   EMT_WB
00:00:00.243237 HM:   PDE_2M
00:00:00.243237 HM:   PDPTE_1G
00:00:00.243238 HM:   INVEPT
00:00:00.243238 HM:   EPT_ACCESS_DIRTY
00:00:00.243239 HM:   ADVEXITINFO_EPT
00:00:00.243239 HM:   INVEPT_SINGLE_CONTEXT
00:00:00.243239 HM:   INVEPT_ALL_CONTEXTS
00:00:00.243240 HM:   INVVPID
00:00:00.243240 HM:   INVVPID_INDIV_ADDR
00:00:00.243241 HM:   INVVPID_SINGLE_CONTEXT
00:00:00.243241 HM:   INVVPID_ALL_CONTEXTS
00:00:00.243242 HM:   INVVPID_SINGLE_CONTEXT_RETAIN_GLOBALS
00:00:00.243242 HM: MSR_IA32_VMX_VMFUNC               = 0x1
00:00:00.243243 HM:   EPTP_SWITCHING
00:00:00.243243 HM: MSR_IA32_VMX_CR0_FIXED0           = 0x80000021
00:00:00.243244 HM: MSR_IA32_VMX_CR0_FIXED1           = 0xffffffff
00:00:00.243245 HM: MSR_IA32_VMX_CR4_FIXED0           = 0x2000
00:00:00.243246 HM: MSR_IA32_VMX_CR4_FIXED1           = 0x3727ff
00:00:00.243247 HM: APIC-access page physaddr         = 0x0000000241a92000
00:00:00.243248 HM: VCPU  0: MSR bitmap physaddr      = 0x0000000241a96000
00:00:00.243249 HM: VCPU  0: VMCS physaddr            = 0x0000000241a93000
00:00:00.243250 HM: Guest support: 32-bit and 64-bit
00:00:00.243255 HM: Supports VMCS EFER fields         = true 
00:00:00.243255 HM: Enabled VMX
00:00:00.243258 CPUM: SetGuestCpuIdFeature: Enabled SYSENTER/EXIT
00:00:00.243259 CPUM: SetGuestCpuIdFeature: Enabled PAE
00:00:00.243260 CPUM: SetGuestCpuIdFeature: Enabled LONG MODE
00:00:00.243260 CPUM: SetGuestCpuIdFeature: Enabled SYSCALL/RET
00:00:00.243261 CPUM: SetGuestCpuIdFeature: Enabled LAHF/SAHF
00:00:00.243261 CPUM: SetGuestCpuIdFeature: Enabled NX
00:00:00.243262 HM: Enabled nested paging
00:00:00.243262 HM:   EPT flush type                  = Single context
00:00:00.243262 HM: Enabled unrestricted guest execution
00:00:00.243263 HM: Enabled VPID
00:00:00.243263 HM:   VPID flush type                 = Single context
00:00:00.243264 HM: Enabled VMX-preemption timer (cPreemptTimerShift=7)
00:00:00.243264 HM: VT-x/AMD-V init method: Global
00:00:00.243265 EM: Exit history optimizations: enabled=true  enabled-r0=true  enabled-r0-no-preemption=false
00:00:00.243301 PcBios: SATA LUN#0 LCHS=553/64/63
00:00:00.243317 APIC: fPostedIntrsEnabled=false fVirtApicRegsEnabled=false fSupportsTscDeadline=false
00:00:00.243326 TMR3UtcNow: nsNow=1 637 315 219 655 643 000 nsPrev=0 -> cNsDelta=1 637 315 219 655 643 000 (offLag=0 offVirtualSync=0 offVirtualSyncGivenUp=0, NowAgain=1 637 315 219 655 643 000)
00:00:00.243337 VMM: fUsePeriodicPreemptionTimers=false
00:00:00.243455 CPUM: Logical host processors: 4 present, 4 max, 4 online, online mask: 000000000000000f
00:00:00.243533 CPUM: Physical host cores: 4
00:00:00.243534 ************************* CPUID dump ************************
00:00:00.243544          Raw Standard CPUID Leaves
00:00:00.243544      Leaf/sub-leaf  eax      ebx      ecx      edx
00:00:00.243545 Gst: 00000000/0000  00000016 756e6547 6c65746e 49656e69
00:00:00.243547 Hst:                00000016 756e6547 6c65746e 49656e69
00:00:00.243549 Gst: 00000001/0000  000906e9 00010800 d6fa220b 178bfbff
00:00:00.243550 Hst:                000906e9 00100800 7ffafbbf bfebfbff
00:00:00.243552 Gst: 00000002/0000  76036301 00f0b6ff 00000000 00c30000
00:00:00.243553 Hst:                76036301 00f0b6ff 00000000 00c30000
00:00:00.243555 Gst: 00000003/0000  00000000 00000000 00000000 00000000
00:00:00.243556 Hst:                00000000 00000000 00000000 00000000
00:00:00.243557 Gst: 00000004/0000  00000121 01c0003f 0000003f 00000000
00:00:00.243558 Hst:                1c004121 01c0003f 0000003f 00000000
00:00:00.243559 Gst: 00000004/0001  00000122 01c0003f 0000003f 00000000
00:00:00.243560 Hst:                1c004122 01c0003f 0000003f 00000000
00:00:00.243561 Gst: 00000004/0002  00000143 00c0003f 000003ff 00000000
00:00:00.243563 Hst:                1c004143 00c0003f 000003ff 00000000
00:00:00.243564 Gst: 00000004/0003  00000163 02c0003f 00001fff 00000006
00:00:00.243565 Hst:                1c03c163 02c0003f 00001fff 00000006
00:00:00.243566 Gst: 00000004/0004  00000000 00000000 00000000 00000000
00:00:00.243567 Hst:                00000000 00000000 00000000 00000000
00:00:00.243568 Gst: 00000005/0000  00000040 00000040 00000000 00000000
00:00:00.243569 Hst:                00000040 00000040 00000003 11142120
00:00:00.243571 Gst: 00000006/0000  00000000 00000000 00000000 00000000
00:00:00.243572 Hst:                000027f7 00000002 00000009 00000000
00:00:00.243573 Gst: 00000007/0000  00000000 00842421 00000000 10000400
00:00:00.243574 Hst:                00000000 029c67af 00000000 9c002e00
00:00:00.243575 Gst: 00000007/0001  00000000 00000000 00000000 00000000
00:00:00.243576 Hst:                00000000 00000000 00000000 00000000
00:00:00.243577 Gst: 00000008/0000  00000000 00000000 00000000 00000000
00:00:00.243578 Hst:                00000000 00000000 00000000 00000000
00:00:00.243579 Gst: 00000009/0000  00000000 00000000 00000000 00000000
00:00:00.243580 Hst:                00000000 00000000 00000000 00000000
00:00:00.243581 Gst: 0000000a/0000  00000000 00000000 00000000 00000000
00:00:00.243581 Hst:                07300804 00000000 00000000 00000603
00:00:00.243583 Gst: 0000000b/0000  00000000 00000001 00000100 00000000
00:00:00.243583 Hst:                00000001 00000001 00000100 00000000
00:00:00.243584 Gst: 0000000b/0001  00000001 00000001 00000201 00000000
00:00:00.243585 Hst:                00000004 00000004 00000201 00000000
00:00:00.243586 Gst: 0000000b/0002  00000000 00000000 00000002 00000000
00:00:00.243587 Hst:                00000000 00000000 00000002 00000000
00:00:00.243588 Gst: 0000000c/0000  00000000 00000000 00000000 00000000
00:00:00.243589 Hst:                00000000 00000000 00000000 00000000
00:00:00.243589 Gst: 0000000d/0000  00000007 00000340 00000340 00000000
00:00:00.243590 Hst:                0000001f 00000440 00000440 00000000
00:00:00.243592 Gst: 0000000d/0001  00000000 000003c0 00000000 00000000
00:00:00.243592 Hst:                0000000f 000003c0 00000100 00000000
00:00:00.243593 Gst: 0000000d/0002  00000100 00000240 00000000 00000000
00:00:00.243594 Hst:                00000100 00000240 00000000 00000000
00:00:00.243595 Gst: 0000000d/0003  00000000 00000000 00000000 00000000
00:00:00.243596 Hst:                00000040 000003c0 00000000 00000000
00:00:00.243597 Gst: 0000000d/0004  00000000 00000000 00000000 00000000
00:00:00.243598 Hst:                00000040 00000400 00000000 00000000
00:00:00.243599 Gst: 0000000d/0005  00000000 00000000 00000000 00000000
00:00:00.243600 Hst:                00000000 00000000 00000000 00000000
00:00:00.243601 Gst: 0000000d/0006  00000000 00000000 00000000 00000000
00:00:00.243602 Hst:                00000000 00000000 00000000 00000000
00:00:00.243602 Gst: 0000000d/0007  00000000 00000000 00000000 00000000
00:00:00.243603 Hst:                00000000 00000000 00000000 00000000
00:00:00.243604 Gst: 0000000d/0008  00000000 00000000 00000000 00000000
00:00:00.243605 Hst:                00000080 00000000 00000001 00000000
00:00:00.243606 Gst: 0000000d/0009  00000000 00000000 00000000 00000000
00:00:00.243607 Hst:                00000000 00000000 00000000 00000000
00:00:00.243637 Gst: 0000000e/0000  00000000 00000000 00000000 00000000
00:00:00.243638 Hst:                00000000 00000000 00000000 00000000
00:00:00.243639 Gst: 0000000f/0000  00000000 00000000 00000000 00000000
00:00:00.243640 Hst:                00000000 00000000 00000000 00000000
00:00:00.243641 Gst: 00000010/0000  00000000 00000000 00000000 00000000
00:00:00.243642 Hst:                00000000 00000000 00000000 00000000
00:00:00.243642 Gst: 00000011/0000  00000000 00000000 00000000 00000000
00:00:00.243643 Hst:                00000000 00000000 00000000 00000000
00:00:00.243644 Gst: 00000012/0000  00000000 00000000 00000000 00000000
00:00:00.243645 Hst:                00000000 00000000 00000000 00000000
00:00:00.243646 Gst: 00000013/0000  00000000 00000000 00000000 00000000
00:00:00.243647 Hst:                00000000 00000000 00000000 00000000
00:00:00.243648 Gst: 00000014/0000  00000000 00000000 00000000 00000000
00:00:00.243649 Hst:                00000001 0000000f 00000007 00000000
00:00:00.243650 Hst: 00000015/0000  00000002 000000d0 00000000 00000000
00:00:00.243651 Hst: 00000016/0000  000009c4 00000dac 00000064 00000000
00:00:00.243653                                Name: GenuineIntel
00:00:00.243654                            Supports: 0x00000000-0x00000016
00:00:00.243656                              Family:  6 	Extended: 0 	Effective: 6
00:00:00.243657                               Model: 14 	Extended: 9 	Effective: 158
00:00:00.243659                            Stepping: 9
00:00:00.243660                                Type: 0 (primary)
00:00:00.243662                             APIC ID: 0x00
00:00:00.243663                        Logical CPUs: 1
00:00:00.243664                        CLFLUSH Size: 8
00:00:00.243665                            Brand ID: 0x00
00:00:00.243666 Features
00:00:00.243667   Mnemonic - Description                                  = guest (host)
00:00:00.243668   FPU - x87 FPU on Chip                                   = 1 (1)
00:00:00.243670   VME - Virtual 8086 Mode Enhancements                    = 1 (1)
00:00:00.243671   DE - Debugging extensions                               = 1 (1)
00:00:00.243672   PSE - Page Size Extension                               = 1 (1)
00:00:00.243674   TSC - Time Stamp Counter                                = 1 (1)
00:00:00.243675   MSR - Model Specific Registers                          = 1 (1)
00:00:00.243676   PAE - Physical Address Extension                        = 1 (1)
00:00:00.243678   MCE - Machine Check Exception                           = 1 (1)
00:00:00.243679   CX8 - CMPXCHG8B instruction                             = 1 (1)
00:00:00.243680   APIC - APIC On-Chip                                     = 1 (1)
00:00:00.243682   SEP - SYSENTER and SYSEXIT Present                      = 1 (1)
00:00:00.243683   MTRR - Memory Type Range Registers                      = 1 (1)
00:00:00.243684   PGE - PTE Global Bit                                    = 1 (1)
00:00:00.243685   MCA - Machine Check Architecture                        = 1 (1)
00:00:00.243687   CMOV - Conditional Move instructions                    = 1 (1)
00:00:00.243688   PAT - Page Attribute Table                              = 1 (1)
00:00:00.243689   PSE-36 - 36-bit Page Size Extension                     = 1 (1)
00:00:00.243690   PSN - Processor Serial Number                           = 0 (0)
00:00:00.243691   CLFSH - CLFLUSH instruction                             = 1 (1)
00:00:00.243693   DS - Debug Store                                        = 0 (1)
00:00:00.243694   ACPI - Thermal Mon. & Soft. Clock Ctrl.                 = 0 (1)
00:00:00.243695   MMX - Intel MMX Technology                              = 1 (1)
00:00:00.243697   FXSR - FXSAVE and FXRSTOR instructions                  = 1 (1)
00:00:00.243698   SSE - SSE support                                       = 1 (1)
00:00:00.243699   SSE2 - SSE2 support                                     = 1 (1)
00:00:00.243701   SS - Self Snoop                                         = 0 (1)
00:00:00.243702   HTT - Hyper-Threading Technology                        = 1 (1)
00:00:00.243704   TM - Therm. Monitor                                     = 0 (1)
00:00:00.243705   PBE - Pending Break Enabled                             = 0 (1)
00:00:00.243706   SSE3 - SSE3 support                                     = 1 (1)
00:00:00.243708   PCLMUL - PCLMULQDQ support (for AES-GCM)                = 1 (1)
00:00:00.243709   DTES64 - DS Area 64-bit Layout                          = 0 (1)
00:00:00.243710   MONITOR - MONITOR/MWAIT instructions                    = 1 (1)
00:00:00.243711   CPL-DS - CPL Qualified Debug Store                      = 0 (1)
00:00:00.243713   VMX - Virtual Machine Extensions                        = 0 (1)
00:00:00.243714   SMX - Safer Mode Extensions                             = 0 (0)
00:00:00.243715   EST - Enhanced SpeedStep Technology                     = 0 (1)
00:00:00.243716   TM2 - Terminal Monitor 2                                = 0 (1)
00:00:00.243718   SSSE3 - Supplemental Streaming SIMD Extensions 3        = 1 (1)
00:00:00.243719   CNTX-ID - L1 Context ID                                 = 0 (0)
00:00:00.243720   SDBG - Silicon Debug interface                          = 0 (1)
00:00:00.243721   FMA - Fused Multiply Add extensions                     = 0 (1)
00:00:00.243722   CX16 - CMPXCHG16B instruction                           = 1 (1)
00:00:00.243724   TPRUPDATE - xTPR Update Control                         = 0 (1)
00:00:00.243725   PDCM - Perf/Debug Capability MSR                        = 0 (1)
00:00:00.243726   PCID - Process Context Identifiers                      = 1 (1)
00:00:00.243727   DCA - Direct Cache Access                               = 0 (0)
00:00:00.243729   SSE4_1 - SSE4_1 support                                 = 1 (1)
00:00:00.243730   SSE4_2 - SSE4_2 support                                 = 1 (1)
00:00:00.243731   X2APIC - x2APIC support                                 = 1 (1)
00:00:00.243733   MOVBE - MOVBE instruction                               = 1 (1)
00:00:00.243734   POPCNT - POPCNT instruction                             = 1 (1)
00:00:00.243735   TSCDEADL - Time Stamp Counter Deadline                  = 0 (1)
00:00:00.243736   AES - AES instructions                                  = 1 (1)
00:00:00.243738   XSAVE - XSAVE instruction                               = 1 (1)
00:00:00.243739   OSXSAVE - OSXSAVE instruction                           = 0 (1)
00:00:00.243740   AVX - AVX support                                       = 1 (1)
00:00:00.243742   F16C - 16-bit floating point conversion instructions    = 0 (1)
00:00:00.243743   RDRAND - RDRAND instruction                             = 1 (1)
00:00:00.243744   HVP - Hypervisor Present (we're a guest)                = 1 (0)
00:00:00.243745 Structured Extended Feature Flags Enumeration (leaf 7):
00:00:00.243746   Mnemonic - Description                                  = guest (host)
00:00:00.243747   FSGSBASE - RDFSBASE/RDGSBASE/WRFSBASE/WRGSBASE instr.   = 1 (1)
00:00:00.243747   TSCADJUST - Supports MSR_IA32_TSC_ADJUST                = 0 (1)
00:00:00.243749   SGX - Supports Software Guard Extensions                = 0 (1)
00:00:00.243750   BMI1 - Advanced Bit Manipulation extension 1            = 0 (1)
00:00:00.243751   HLE - Hardware Lock Elision                             = 0 (0)
00:00:00.243752   AVX2 - Advanced Vector Extensions 2                     = 1 (1)
00:00:00.243753   FDP_EXCPTN_ONLY - FPU DP only updated on exceptions     = 0 (0)
00:00:00.243754   SMEP - Supervisor Mode Execution Prevention             = 0 (1)
00:00:00.243755   BMI2 - Advanced Bit Manipulation extension 2            = 0 (1)
00:00:00.243756   ERMS - Enhanced REP MOVSB/STOSB instructions            = 0 (1)
00:00:00.243757   INVPCID - INVPCID instruction                           = 1 (1)
00:00:00.243758   RTM - Restricted Transactional Memory                   = 0 (0)
00:00:00.243759   PQM - Platform Quality of Service Monitoring            = 0 (0)
00:00:00.243760   DEPFPU_CS_DS - Deprecates FPU CS, FPU DS values if set  = 1 (1)
00:00:00.243761   MPE - Intel Memory Protection Extensions                = 0 (1)
00:00:00.243762   PQE - Platform Quality of Service Enforcement           = 0 (0)
00:00:00.243763   AVX512F - AVX512 Foundation instructions                = 0 (0)
00:00:00.243765   RDSEED - RDSEED instruction                             = 1 (1)
00:00:00.243766   ADX - ADCX/ADOX instructions                            = 0 (1)
00:00:00.243767   SMAP - Supervisor Mode Access Prevention                = 0 (1)
00:00:00.243768   CLFLUSHOPT - CLFLUSHOPT (Cache Line Flush) instruction  = 1 (1)
00:00:00.243769   INTEL_PT - Intel Processor Trace                        = 0 (1)
00:00:00.243770   AVX512PF - AVX512 Prefetch instructions                 = 0 (0)
00:00:00.243771   AVX512ER - AVX512 Exponential & Reciprocal instructions = 0 (0)
00:00:00.243772   AVX512CD - AVX512 Conflict Detection instructions       = 0 (0)
00:00:00.243773   SHA - Secure Hash Algorithm extensions                  = 0 (0)
00:00:00.243774   PREFETCHWT1 - PREFETCHWT1 instruction                   = 0 (0)
00:00:00.243775   UMIP - User mode insturction prevention                 = 0 (0)
00:00:00.243777   PKU - Protection Key for Usermode pages                 = 0 (0)
00:00:00.243778   OSPKE - CR4.PKU mirror                                  = 0 (0)
00:00:00.243779   MAWAU - Value used by BNDLDX & BNDSTX                   = 0x0 (0x0)
00:00:00.243781   RDPID - Read processor ID support                       = 0 (0)
00:00:00.243782   SGX_LC - Supports SGX Launch Configuration              = 0 (0)
00:00:00.243783    9 - Reserved                                           = 0 (1)
00:00:00.243785   MD_CLEAR - Supports MDS related buffer clearing         = 1 (1)
00:00:00.243786   11 - Reserved                                           = 0 (1)
00:00:00.243787   13 - Reserved                                           = 0 (1)
00:00:00.243789   IBRS_IBPB - IA32_SPEC_CTRL.IBRS and IA32_PRED_CMD.IBPB  = 0 (1)
00:00:00.243790   STIBP - Supports IA32_SPEC_CTRL.STIBP                   = 0 (1)
00:00:00.243791   FLUSH_CMD - Supports IA32_FLUSH_CMD                     = 1 (1)
00:00:00.243792   ARCHCAP - Supports IA32_ARCH_CAP                        = 0 (0)
00:00:00.243793   CORECAP - Supports IA32_CORE_CAP                        = 0 (0)
00:00:00.243795   SSBD - Supports IA32_SPEC_CTRL.SSBD                     = 0 (1)
00:00:00.243796 Processor Extended State Enumeration (leaf 0xd):
00:00:00.243797    XSAVE area cur/max size by XCR0, guest: 0x340/0x340
00:00:00.243798     XSAVE area cur/max size by XCR0, host: 0x440/0x440
00:00:00.243799                    Valid XCR0 bits, guest: 0x00000000`00000007 ( x87 SSE YMM_Hi128 )
00:00:00.243802                     Valid XCR0 bits, host: 0x00000000`0000001f ( x87 SSE YMM_Hi128 BNDREGS BNDCSR )
00:00:00.243805                     XSAVE features, guest:
00:00:00.243806                      XSAVE features, host: XSAVEOPT XSAVEC XGETBC1 XSAVES
00:00:00.243808       XSAVE area cur size XCR0|XSS, guest: 0x3c0
00:00:00.243808        XSAVE area cur size XCR0|XSS, host: 0x3c0
00:00:00.243809                Valid IA32_XSS bits, guest: 0x00000000`00000000
00:00:00.243810                 Valid IA32_XSS bits, host: 0x00000100`00000000 ( 40 )
00:00:00.243813   State #2, guest: off=0x0240, cb=0x0100 IA32_XSS-bit -- YMM_Hi128
00:00:00.243815   State #2, host:  off=0x0240, cb=0x0100 IA32_XSS-bit -- YMM_Hi128
00:00:00.243817   State #3, host:  off=0x03c0, cb=0x0040 IA32_XSS-bit -- BNDREGS
00:00:00.243818   State #4, host:  off=0x0400, cb=0x0040 IA32_XSS-bit -- BNDCSR
00:00:00.243821   State #8, host:  off=0x0000, cb=0x0080 XCR0-bit -- 8
00:00:00.243836          Unknown CPUID Leaves
00:00:00.243837      Leaf/sub-leaf  eax      ebx      ecx      edx
00:00:00.243837 Gst: 00000014/0001  00000000 00000000 00000000 00000000
00:00:00.243838 Hst:                02490002 003f3fff 00000000 00000000
00:00:00.243840 Gst: 00000014/0002  00000000 00000000 00000000 00000000
00:00:00.243841 Hst:                00000000 00000000 00000000 00000000
00:00:00.243842 Gst: 00000015/0000  00000000 00000000 00000000 00000000
00:00:00.243842 Hst:                00000002 000000d0 00000000 00000000
00:00:00.243844 Gst: 00000016/0000  00000000 00000000 00000000 00000000
00:00:00.243845 Hst:                000009c4 00000dac 00000064 00000000
00:00:00.243846          Raw Hypervisor CPUID Leaves
00:00:00.243847      Leaf/sub-leaf  eax      ebx      ecx      edx
00:00:00.243848 Gst: 40000000/0000  40000001 4b4d564b 564b4d56 0000004d
00:00:00.243849 Hst:                000009c4 00000dac 00000064 00000000
00:00:00.243851 Gst: 40000001/0000  01000089 00000000 00000000 00000000
00:00:00.243852 Hst:                000009c4 00000dac 00000064 00000000
00:00:00.243853          Raw Extended CPUID Leaves
00:00:00.243853      Leaf/sub-leaf  eax      ebx      ecx      edx
00:00:00.243854 Gst: 80000000/0000  80000008 00000000 00000000 00000000
00:00:00.243855 Hst:                80000008 00000000 00000000 00000000
00:00:00.243856 Gst: 80000001/0000  00000000 00000000 00000121 28100800
00:00:00.243857 Hst:                00000000 00000000 00000121 2c100800
00:00:00.243859 Gst: 80000002/0000  65746e49 2952286c 726f4320 4d542865
00:00:00.243860 Hst:                65746e49 2952286c 726f4320 4d542865
00:00:00.243862 Gst: 80000003/0000  35692029 3033372d 20514830 20555043
00:00:00.243864 Hst:                35692029 3033372d 20514830 20555043
00:00:00.243866 Gst: 80000004/0000  2e322040 48473035 0000007a 00000000
00:00:00.243867 Hst:                2e322040 48473035 0000007a 00000000
00:00:00.243868 Gst: 80000005/0000  00000000 00000000 00000000 00000000
00:00:00.243869 Hst:                00000000 00000000 00000000 00000000
00:00:00.243870 Gst: 80000006/0000  00000000 00000000 01006040 00000000
00:00:00.243871 Hst:                00000000 00000000 01006040 00000000
00:00:00.243872 Gst: 80000007/0000  00000000 00000000 00000000 00000100
00:00:00.243873 Hst:                00000000 00000000 00000000 00000100
00:00:00.243874 Gst: 80000008/0000  00003027 00000000 00000000 00000000
00:00:00.243875 Hst:                00003027 00000000 00000000 00000000
00:00:00.243876 Ext Name:                        
00:00:00.243876 Ext Supports:                    0x80000000-0x80000008
00:00:00.243877 Family:                          0  	Extended: 0 	Effective: 0
00:00:00.243878 Model:                           0  	Extended: 0 	Effective: 0
00:00:00.243879 Stepping:                        0
00:00:00.243880 Brand ID:                        0x000
00:00:00.243880 Ext Features
00:00:00.243881   Mnemonic - Description                                  = guest (host)
00:00:00.243882   FPU - x87 FPU on Chip                                   = 0 (0)
00:00:00.243883   VME - Virtual 8086 Mode Enhancements                    = 0 (0)
00:00:00.243884   DE - Debugging extensions                               = 0 (0)
00:00:00.243886   PSE - Page Size Extension                               = 0 (0)
00:00:00.243887   TSC - Time Stamp Counter                                = 0 (0)
00:00:00.243888   MSR - K86 Model Specific Registers                      = 0 (0)
00:00:00.243889   PAE - Physical Address Extension                        = 0 (0)
00:00:00.243890   MCE - Machine Check Exception                           = 0 (0)
00:00:00.243892   CX8 - CMPXCHG8B instruction                             = 0 (0)
00:00:00.243893   APIC - APIC On-Chip                                     = 0 (0)
00:00:00.243894   SEP - SYSCALL/SYSRET                                    = 1 (1)
00:00:00.243896   MTRR - Memory Type Range Registers                      = 0 (0)
00:00:00.243897   PGE - PTE Global Bit                                    = 0 (0)
00:00:00.243898   MCA - Machine Check Architecture                        = 0 (0)
00:00:00.243899   CMOV - Conditional Move instructions                    = 0 (0)
00:00:00.243900   PAT - Page Attribute Table                              = 0 (0)
00:00:00.243902   PSE-36 - 36-bit Page Size Extension                     = 0 (0)
00:00:00.243903   NX - No-Execute/Execute-Disable                         = 1 (1)
00:00:00.243904   AXMMX - AMD Extensions to MMX instructions              = 0 (0)
00:00:00.243905   MMX - Intel MMX Technology                              = 0 (0)
00:00:00.243906   FXSR - FXSAVE and FXRSTOR Instructions                  = 0 (0)
00:00:00.243908   FFXSR - AMD fast FXSAVE and FXRSTOR instructions        = 0 (0)
00:00:00.243909   Page1GB - 1 GB large page                               = 0 (1)
00:00:00.243910   RDTSCP - RDTSCP instruction                             = 1 (1)
00:00:00.243911   LM - AMD64 Long Mode                                    = 1 (1)
00:00:00.243913   3DNOWEXT - AMD Extensions to 3DNow                      = 0 (0)
00:00:00.243914   3DNOW - AMD 3DNow                                       = 0 (0)
00:00:00.243915   LahfSahf - LAHF/SAHF support in 64-bit mode             = 1 (1)
00:00:00.243916   CmpLegacy - Core multi-processing legacy mode           = 0 (0)
00:00:00.243918   SVM - AMD Secure Virtual Machine extensions             = 0 (0)
00:00:00.243919   EXTAPIC - AMD Extended APIC registers                   = 0 (0)
00:00:00.243920   CR8L - AMD LOCK MOV CR0 means MOV CR8                   = 0 (0)
00:00:00.243921   ABM - AMD Advanced Bit Manipulation                     = 1 (1)
00:00:00.243922   SSE4A - SSE4A instructions                              = 0 (0)
00:00:00.243923   MISALIGNSSE - AMD Misaligned SSE mode                   = 0 (0)
00:00:00.243924   3DNOWPRF - AMD PREFETCH and PREFETCHW instructions      = 1 (1)
00:00:00.243925   OSVW - AMD OS Visible Workaround                        = 0 (0)
00:00:00.243927   IBS - Instruct Based Sampling                           = 0 (0)
00:00:00.243928   XOP - Extended Operation support                        = 0 (0)
00:00:00.243929   SKINIT - SKINIT, STGI, and DEV support                  = 0 (0)
00:00:00.243930   WDT - AMD Watchdog Timer support                        = 0 (0)
00:00:00.243931   LWP - Lightweight Profiling support                     = 0 (0)
00:00:00.243932   FMA4 - Four operand FMA instruction support             = 0 (0)
00:00:00.243933   NodeId - NodeId in MSR C001_100C                        = 0 (0)
00:00:00.243935   TBM - Trailing Bit Manipulation instructions            = 0 (0)
00:00:00.243936   TOPOEXT - Topology Extensions                           = 0 (0)
00:00:00.243937   PRFEXTCORE - Performance Counter Extensions support     = 0 (0)
00:00:00.243938   PRFEXTNB - NB Performance Counter Extensions support    = 0 (0)
00:00:00.243939   DATABPEXT - Data-access Breakpoint Extension            = 0 (0)
00:00:00.243940   PERFTSC - Performance Time Stamp Counter                = 0 (0)
00:00:00.243941   PCX_L2I - L2I/L3 Performance Counter Extensions         = 0 (0)
00:00:00.243942   MWAITX - MWAITX and MONITORX instructions               = 0 (0)
00:00:00.243943 Full Name:                       "Intel(R) Core(TM) i5-7300HQ CPU @ 2.50GHz"
00:00:00.243944 TLB 2/4M Instr/Uni:              res0     0 entries
00:00:00.243945 TLB 2/4M Data:                   res0     0 entries
00:00:00.243946 TLB 4K Instr/Uni:                res0     0 entries
00:00:00.243947 TLB 4K Data:                     res0     0 entries
00:00:00.243947 L1 Instr Cache Line Size:        0 bytes
00:00:00.243948 L1 Instr Cache Lines Per Tag:    0
00:00:00.243949 L1 Instr Cache Associativity:    res0  
00:00:00.243949 L1 Instr Cache Size:             0 KB
00:00:00.243950 L1 Data Cache Line Size:         0 bytes
00:00:00.243950 L1 Data Cache Lines Per Tag:     0
00:00:00.243951 L1 Data Cache Associativity:     res0  
00:00:00.243951 L1 Data Cache Size:              0 KB
00:00:00.243952 L2 TLB 2/4M Instr/Uni:           off       0 entries
00:00:00.243952 L2 TLB 2/4M Data:                off       0 entries
00:00:00.243953 L2 TLB 4K Instr/Uni:             off       0 entries
00:00:00.243954 L2 TLB 4K Data:                  off       0 entries
00:00:00.243954 L2 Cache Line Size:              0 bytes
00:00:00.243955 L2 Cache Lines Per Tag:          0
00:00:00.243955 L2 Cache Associativity:          off   
00:00:00.243956 L2 Cache Size:                   0 KB
00:00:00.243957   TS - Temperature Sensor                                 = 0 (0)
00:00:00.243958   FID - Frequency ID control                              = 0 (0)
00:00:00.243959   VID - Voltage ID control                                = 0 (0)
00:00:00.243961   TscInvariant - Invariant Time Stamp Counter             = 1 (1)
00:00:00.243962   CBP - Core Performance Boost                            = 0 (0)
00:00:00.243963   EffFreqRO - Read-only Effective Frequency Interface     = 0 (0)
00:00:00.243964   ProcFdbkIf - Processor Feedback Interface               = 0 (0)
00:00:00.243965   ProcPwrRep - Core power reporting interface support     = 0 (0)
00:00:00.243966 Physical Address Width:          39 bits
00:00:00.243967 Virtual Address Width:           48 bits
00:00:00.243967 Guest Physical Address Width:    0 bits
00:00:00.243968 Physical Core Count:             1
00:00:00.243970 
00:00:00.243971 ******************** End of CPUID dump **********************
00:00:00.243971 *********************** VT-x features ***********************
00:00:00.243973 Nested hardware virtualization - VMX features
00:00:00.243973   Mnemonic - Description                                  = guest (host)
00:00:00.243974   VMX - Virtual-Machine Extensions                        = 0 (1)
00:00:00.243975   InsOutInfo - INS/OUTS instruction info.                 = 0 (1)
00:00:00.243975   ExtIntExit - External interrupt exiting                 = 0 (1)
00:00:00.243976   NmiExit - NMI exiting                                   = 0 (1)
00:00:00.243977   VirtNmi - Virtual NMIs                                  = 0 (1)
00:00:00.243977   PreemptTimer - VMX preemption timer                     = 0 (1)
00:00:00.243978   PostedInt - Posted interrupts                           = 0 (0)
00:00:00.243979   IntWindowExit - Interrupt-window exiting                = 0 (1)
00:00:00.243979   TscOffsetting - TSC offsetting                          = 0 (1)
00:00:00.243980   HltExit - HLT exiting                                   = 0 (1)
00:00:00.243981   InvlpgExit - INVLPG exiting                             = 0 (1)
00:00:00.243981   MwaitExit - MWAIT exiting                               = 0 (1)
00:00:00.243982   RdpmcExit - RDPMC exiting                               = 0 (1)
00:00:00.243982   RdtscExit - RDTSC exiting                               = 0 (1)
00:00:00.243983   Cr3LoadExit - CR3-load exiting                          = 0 (1)
00:00:00.243984   Cr3StoreExit - CR3-store exiting                        = 0 (1)
00:00:00.243984   Cr8LoadExit  - CR8-load exiting                         = 0 (1)
00:00:00.243985   Cr8StoreExit - CR8-store exiting                        = 0 (1)
00:00:00.243986   UseTprShadow - Use TPR shadow                           = 0 (1)
00:00:00.243986   NmiWindowExit - NMI-window exiting                      = 0 (1)
00:00:00.243987   MovDRxExit - Mov-DR exiting                             = 0 (1)
00:00:00.243988   UncondIoExit - Unconditional I/O exiting                = 0 (1)
00:00:00.243988   UseIoBitmaps - Use I/O bitmaps                          = 0 (1)
00:00:00.243989   MonitorTrapFlag - Monitor Trap Flag                     = 0 (1)
00:00:00.243990   UseMsrBitmaps - MSR bitmaps                             = 0 (1)
00:00:00.243990   MonitorExit - MONITOR exiting                           = 0 (1)
00:00:00.243991   PauseExit - PAUSE exiting                               = 0 (1)
00:00:00.243991   SecondaryExecCtl - Activate secondary controls          = 0 (1)
00:00:00.243992   VirtApic - Virtualize-APIC accesses                     = 0 (1)
00:00:00.243993   Ept - Extended Page Tables                              = 0 (1)
00:00:00.243993   DescTableExit - Descriptor-table exiting                = 0 (1)
00:00:00.243994   Rdtscp - Enable RDTSCP                                  = 0 (1)
00:00:00.243995   VirtX2ApicMode - Virtualize-x2APIC mode                 = 0 (1)
00:00:00.243995   Vpid - Enable VPID                                      = 0 (1)
00:00:00.243996   WbinvdExit - WBINVD exiting                             = 0 (1)
00:00:00.243996   UnrestrictedGuest - Unrestricted guest                  = 0 (1)
00:00:00.243997   ApicRegVirt - APIC-register virtualization              = 0 (0)
00:00:00.243998   VirtIntDelivery - Virtual-interrupt delivery            = 0 (0)
00:00:00.243998   PauseLoopExit - PAUSE-loop exiting                      = 0 (1)
00:00:00.243999   RdrandExit - RDRAND exiting                             = 0 (1)
00:00:00.244000   Invpcid - Enable INVPCID                                = 0 (1)
00:00:00.244000   VmFuncs - Enable VM Functions                           = 0 (1)
00:00:00.244001   VmcsShadowing - VMCS shadowing                          = 0 (0)
00:00:00.244002   RdseedExiting - RDSEED exiting                          = 0 (1)
00:00:00.244002   PML - Page-Modification Log (PML)                       = 0 (1)
00:00:00.244003   EptVe - EPT violations can cause #VE                    = 0 (1)
00:00:00.244004   XsavesXRstors - Enable XSAVES/XRSTORS                   = 0 (1)
00:00:00.244004   EntryLoadDebugCtls - Load debug controls on VM-entry    = 0 (1)
00:00:00.244005   Ia32eModeGuest - IA-32e mode guest                      = 0 (1)
00:00:00.244006   EntryLoadEferMsr - Load IA32_EFER MSR on VM-entry       = 0 (1)
00:00:00.244006   EntryLoadPatMsr - Load IA32_PAT MSR on VM-entry         = 0 (1)
00:00:00.244007   ExitSaveDebugCtls - Save debug controls on VM-exit      = 0 (1)
00:00:00.244008   HostAddrSpaceSize - Host address-space size             = 0 (1)
00:00:00.244008   ExitAckExtInt - Acknowledge interrupt on VM-exit        = 0 (1)
00:00:00.244009   ExitSavePatMsr - Save IA32_PAT MSR on VM-exit           = 0 (1)
00:00:00.244009   ExitLoadPatMsr - Load IA32_PAT MSR on VM-exit           = 0 (1)
00:00:00.244010   ExitSaveEferMsr - Save IA32_EFER MSR on VM-exit         = 0 (1)
00:00:00.244011   ExitLoadEferMsr - Load IA32_EFER MSR on VM-exit         = 0 (1)
00:00:00.244011   SavePreemptTimer - Save VMX-preemption timer            = 0 (1)
00:00:00.244012   ExitSaveEferLma - Save IA32_EFER.LMA on VM-exit         = 0 (1)
00:00:00.244013   IntelPt - Intel PT (Processor Trace) in VMX operation   = 0 (1)
00:00:00.244013   VmwriteAll - VMWRITE to any supported VMCS field        = 0 (1)
00:00:00.244014   EntryInjectSoftInt - Inject softint. with 0-len instr.  = 0 (1)
00:00:00.244015 
00:00:00.244015 ******************* End of VT-x features ********************
00:00:00.244037 VMEmt: Halt method global1 (5)
00:00:00.244076 VMEmt: HaltedGlobal1 config: cNsSpinBlockThresholdCfg=2000
00:00:00.244083 Changing the VM state from 'CREATING' to 'CREATED'
00:00:00.247617 Changing the VM state from 'CREATED' to 'POWERING_ON'
00:00:00.247673 AIOMgr: Endpoints without assigned bandwidth groups:
00:00:00.247679 AIOMgr:     /home/vamsi/Documents/Acads/Sem 7/Computer Networks/Lab/Lab10/lab10_network/VMImages/h1/Snapshots/{7d7fa6f6-1a12-4a0e-b1df-878a902151ed}.vdi
00:00:00.247683 AIOMgr:     /home/vamsi/Documents/Acads/Sem 7/Computer Networks/Lab/Lab10/lab10_network/VMImages/base/base.vdi
00:00:00.248608 Changing the VM state from 'POWERING_ON' to 'RUNNING'
00:00:00.248628 Console: Machine state changed to 'Running'
00:00:00.249981 VBoxHeadless: starting event loop
00:00:00.251586 VMMDev: Guest Log: BIOS: VirtualBox 6.1.26
00:00:00.251690 PCI: Setting up resources and interrupts
00:00:00.252201 PIT: mode=2 count=0x10000 (65536) - 18.20 Hz (ch=0)
00:00:00.271565 Display::i_handleDisplayResize: uScreenId=0 pvVRAM=0000000000000000 w=720 h=400 bpp=0 cbLine=0x0 flags=0x0 origin=0,0
00:00:00.271994 VMMDev: Guest Log: CPUID EDX: 0x178bfbff
00:00:00.272075 PIIX3 ATA: Ctl#0: RESET, DevSel=0 AIOIf=0 CmdIf0=0x00 (-1 usec ago) CmdIf1=0x00 (-1 usec ago)
00:00:00.272117 PIIX3 ATA: Ctl#0: finished processing RESET
00:00:00.273234 AHCI#0: Reset the HBA
00:00:00.273246 VD#0: Cancelling all active requests
00:00:00.273311 AHCI#0: Port 0 reset
00:00:00.273375 VD#0: Cancelling all active requests
00:00:00.274122 VMMDev: Guest Log: BIOS: AHCI 0-P#0: PCHS=2212/16/63 LCHS=553/64/63 0x00000000002205c6 sectors
00:00:00.275802 PIT: mode=2 count=0x48d3 (18643) - 64.00 Hz (ch=0)
00:00:00.291485 Display::i_handleDisplayResize: uScreenId=0 pvVRAM=00007fc6a5603000 w=640 h=480 bpp=32 cbLine=0xA00 flags=0x0 origin=0,0
00:00:02.756721 PIT: mode=2 count=0x10000 (65536) - 18.20 Hz (ch=0)
00:00:02.757065 VMMDev: Guest Log: BIOS: Boot : bseqnr=1, bootseq=0231
00:00:02.757344 VMMDev: Guest Log: BIOS: Boot from Floppy 0 failed
00:00:02.757649 VMMDev: Guest Log: BIOS: Boot : bseqnr=2, bootseq=0023
00:00:02.758225 VMMDev: Guest Log: BIOS: CDROM boot failure code : 0003
00:00:02.758472 VMMDev: Guest Log: BIOS: Boot from CD-ROM failed
00:00:02.758777 VMMDev: Guest Log: BIOS: Boot : bseqnr=3, bootseq=0002
00:00:02.759367 VMMDev: Guest Log: BIOS: Booting from Hard Disk...
00:00:02.812248 Display::i_handleDisplayResize: uScreenId=0 pvVRAM=0000000000000000 w=720 h=400 bpp=0 cbLine=0x0 flags=0x0 origin=0,0
00:00:02.976136 VMMDev: Guest Log: BIOS: KBD: unsupported int 16h function 03
00:00:02.976468 VMMDev: Guest Log: BIOS: AX=0305 BX=0000 CX=0000 DX=0000 
00:00:03.081287 GIM: KVM: VCPU  0: Enabled system-time struct. at 0x00000000008d1000 - u32TscScale=0xcfae0b38 i8TscShift=-1 uVersion=2 fFlags=0x1 uTsc=0x1a00e292f uVirtNanoTS=0xa8c32793 TscKHz=2465332
00:00:03.081347 TM: Switching TSC mode from 'Dynamic' to 'RealTscOffset'
00:00:03.103445 GIM: KVM: Enabled wall-clock struct. at 0x00000000008d0004 - u32Sec=1637315222 u32Nano=515353682 uVersion=2
00:00:03.110537 PIT: mode=2 count=0xf89 (3977) - 300.02 Hz (ch=0)
00:00:03.224051 PIT: mode=0 count=0x10000 (65536) - 18.20 Hz (ch=0)
00:00:03.290423 OHCI: Software reset
00:00:03.440867 AHCI#0: Reset the HBA
00:00:03.440889 VD#0: Cancelling all active requests
00:00:03.441712 AHCI#0: Port 0 reset
00:00:03.442878 VD#0: Cancelling all active requests
00:00:03.443084 OHCI: USB Reset
00:00:03.443385 PIIX3 ATA: Ctl#0: RESET, DevSel=0 AIOIf=0 CmdIf0=0xa0 (-1 usec ago) CmdIf1=0x00 (-1 usec ago)
00:00:03.443451 PIIX3 ATA: Ctl#0: finished processing RESET
00:00:03.531080 OHCI: Software reset
00:00:03.531378 OHCI: USB Operational
00:00:03.984279 VMMDev: Guest Log: vboxguest: host-version: 6.1.26r145957 0x8000000f
00:00:03.984327 VMMDev: Guest Additions information report: Version 5.2.0 r68940 '5.2.0'
00:00:03.984347 VMMDev: Guest Additions information report: Interface = 0x00010004 osType = 0x00053000 (Linux >= 2.6, 32-bit)
00:00:03.984408 VMMDev: Guest Additions capability report: (0x0 -> 0x0) seamless: no, hostWindowMapping: no, graphics: no
00:00:03.984457 VMMDev: vmmDevReqHandler_HeartbeatConfigure: No change (fHeartbeatActive=false)
00:00:03.984496 VMMDev: Heartbeat flatline timer set to trigger after 4 000 000 000 ns
00:00:03.984991 VMMDev: Guest Log: vbg_heartbeat_init: Setting up heartbeat to trigger every 2000 milliseconds
00:00:03.992227 VMMDev: Guest Log: vboxguest: misc device minor 56, IRQ 20, I/O port d040, MMIO at 0xf0400000 (size 0x00400000)
00:00:07.406785 NAT: Link up
00:00:07.984628 VMMDev: vmmDevHeartbeatFlatlinedTimer: Guest seems to be unresponsive. Last heartbeat received 4 seconds ago
00:00:10.339658 NAT: resolv.conf: nameserver 127.0.0.53
00:00:10.339708 NAT: DNS server 127.0.0.53 registration detected, switching to the DNS proxy
00:00:10.339715 NAT: DNS#0: 127.0.0.53
00:00:10.339722 NAT: DHCP offered IP address 10.0.2.15
00:00:10.340447 NAT: DHCP offered IP address 10.0.2.15
00:00:14.807547 NAT: Old socket recv size: 128KB
00:00:14.807581 NAT: Old socket send size: 128KB
00:05:13.025494 VMMDev: GuestHeartBeat: Guest is alive (gone 309 040 997 729 ns)
