00:00:00.016597 VirtualBox VM 6.1.26 r145957 linux.amd64 (Jul 28 2021 20:08:35) release log
00:00:00.016600 Log opened 2021-09-01T17:56:22.174487000Z
00:00:00.016601 Build Type: release
00:00:00.016605 OS Product: Linux
00:00:00.016606 OS Release: 5.4.0-81-generic
00:00:00.016608 OS Version: #91~18.04.1-Ubuntu SMP Fri Jul 23 13:36:29 UTC 2021
00:00:00.016630 DMI Product Name: Predator G9-593
00:00:00.016640 DMI Product Version: V1.13
00:00:00.016647 Firmware type: UEFI
00:00:00.017468 Secure Boot: Disabled
00:00:00.017535 Host RAM: 15952MB (15.5GB) total, 10059MB (9.8GB) available
00:00:00.017541 Executable: /usr/lib/virtualbox/VBoxHeadless
00:00:00.017541 Process ID: 16454
00:00:00.017542 Package type: LINUX_64BITS_UBUNTU_18_04
00:00:00.043555 Installed Extension Packs:
00:00:00.043566   None installed!
00:00:00.044429 Console: Machine state changed to 'Restoring'
00:00:00.065212 SUP: seg #0: R X 0x00000000 LB 0x00001000
00:00:00.065237 SUP: seg #1: R   0x00001000 LB 0x0004b000
00:00:00.065242 SUP: seg #2: R X 0x0004c000 LB 0x00115000
00:00:00.065246 SUP: seg #3: R   0x00161000 LB 0x00261000
00:00:00.065249 SUP: seg #4: RW  0x003c2000 LB 0x000350a0
00:00:00.068089 SUP: Loaded VMMR0.r0 (/usr/lib/virtualbox/VMMR0.r0) at 0xXXXXXXXXXXXXXXXX - ModuleInit at XXXXXXXXXXXXXXXX and ModuleTerm at XXXXXXXXXXXXXXXX
00:00:00.068111 SUP: VMMR0EntryEx located at XXXXXXXXXXXXXXXX and VMMR0EntryFast at XXXXXXXXXXXXXXXX
00:00:00.071436 Guest OS type: 'Ubuntu_64'
00:00:00.074082 fHMForced=true - No raw-mode support in this build!
00:00:00.085196 File system of '/home/vamsi/Documents/Acads/Sem 7/Computer Networks/Lab/Lab2/lab2_network/VMImages/r1/Snapshots' (snapshots) is ext4
00:00:00.085208 File system of '/home/vamsi/Documents/Acads/Sem 7/Computer Networks/Lab/Lab2/lab2_network/VMImages/r1/Snapshots/{1c9dd3cb-ae1e-4b51-b440-277139231194}.vdi' is ext4
00:00:00.115114 Shared Clipboard: Service loaded
00:00:00.115130 Shared Clipboard: Mode: Off
00:00:00.115290 Shared Clipboard: Service running in headless mode
00:00:00.116206 Drag and drop service loaded
00:00:00.116215 Drag and drop mode: Off
00:00:00.118213 ************************* CFGM dump *************************
00:00:00.118218 [/] (level 0)
00:00:00.118226   CpuExecutionCap   <integer> = 0x0000000000000064 (100)
00:00:00.118239   EnablePAE         <integer> = 0x0000000000000000 (0)
00:00:00.118240   HMEnabled         <integer> = 0x0000000000000001 (1)
00:00:00.118242   MemBalloonSize    <integer> = 0x0000000000000000 (0)
00:00:00.118243   Name              <string>  = "r1" (cb=3)
00:00:00.118244   NumCPUs           <integer> = 0x0000000000000001 (1)
00:00:00.118245   PageFusionAllowed <integer> = 0x0000000000000000 (0)
00:00:00.118246   RamHoleSize       <integer> = 0x0000000020000000 (536 870 912, 512 MB)
00:00:00.118248   RamSize           <integer> = 0x0000000040000000 (1 073 741 824, 1 024 MB)
00:00:00.118251   TimerMillies      <integer> = 0x000000000000000a (10)
00:00:00.118252   UUID              <bytes>   = "9e 82 15 02 be ea b7 40 b4 7b 0f a3 56 d3 a7 5e" (cb=16)
00:00:00.118257 
00:00:00.118259 [/CPUM/] (level 1)
00:00:00.118260   GuestCpuName       <string>  = "host" (cb=5)
00:00:00.118261   NestedHWVirt       <integer> = 0x0000000000000000 (0)
00:00:00.118262   PortableCpuIdLevel <integer> = 0x0000000000000000 (0)
00:00:00.118263   SpecCtrl           <integer> = 0x0000000000000000 (0)
00:00:00.118264 
00:00:00.118265 [/CPUM/IsaExts/] (level 2)
00:00:00.118266 
00:00:00.118268 [/DBGC/] (level 1)
00:00:00.118270   GlobalInitScript <string>  = "/home/vamsi/.config/VirtualBox/dbgc-init" (cb=41)
00:00:00.118271   HistoryFile      <string>  = "/home/vamsi/.config/VirtualBox/dbgc-history" (cb=44)
00:00:00.118271   LocalInitScript  <string>  = "/home/vamsi/Documents/Acads/Sem 7/Computer Networks/Lab/Lab2/lab2_network/VMImages/r1/dbgc-init" (cb=96)
00:00:00.118273 
00:00:00.118273 [/DBGF/] (level 1)
00:00:00.118274   Path <string>  = "/home/vamsi/Documents/Acads/Sem 7/Computer Networks/Lab/Lab2/lab2_network/VMImages/r1/debug/;/home/vamsi/Documents/Acads/Sem 7/Computer Networks/Lab/Lab2/lab2_network/VMImages/r1/;cache*/home/vamsi/Documents/Acads/Sem 7/Computer Networks/Lab/Lab2/lab2_network/VMImages/r1/dbgcache/;/home/vamsi/" (cb=295)
00:00:00.118414 
00:00:00.118415 [/Devices/] (level 1)
00:00:00.118416 
00:00:00.118416 [/Devices/8237A/] (level 2)
00:00:00.118418 
00:00:00.118418 [/Devices/8237A/0/] (level 3)
00:00:00.118419   Trusted <integer> = 0x0000000000000001 (1)
00:00:00.118420 
00:00:00.118421 [/Devices/GIMDev/] (level 2)
00:00:00.118422 
00:00:00.118423 [/Devices/GIMDev/0/] (level 3)
00:00:00.118424   Trusted <integer> = 0x0000000000000001 (1)
00:00:00.118425 
00:00:00.118425 [/Devices/VMMDev/] (level 2)
00:00:00.118426 
00:00:00.118427 [/Devices/VMMDev/0/] (level 3)
00:00:00.118428   PCIBusNo      <integer> = 0x0000000000000000 (0)
00:00:00.118429   PCIDeviceNo   <integer> = 0x0000000000000004 (4)
00:00:00.118430   PCIFunctionNo <integer> = 0x0000000000000000 (0)
00:00:00.118431   Trusted       <integer> = 0x0000000000000001 (1)
00:00:00.118432 
00:00:00.118432 [/Devices/VMMDev/0/Config/] (level 4)
00:00:00.118434   GuestCoreDumpDir <string>  = "/home/vamsi/Documents/Acads/Sem 7/Computer Networks/Lab/Lab2/lab2_network/VMImages/r1/Snapshots" (cb=96)
00:00:00.118435 
00:00:00.118435 [/Devices/VMMDev/0/LUN#0/] (level 4)
00:00:00.118436   Driver <string>  = "HGCM" (cb=5)
00:00:00.118437 
00:00:00.118438 [/Devices/VMMDev/0/LUN#0/Config/] (level 5)
00:00:00.118439   Object <integer> = 0x00007f7680000b70 (140 146 930 355 056)
00:00:00.118441 
00:00:00.118442 [/Devices/VMMDev/0/LUN#999/] (level 4)
00:00:00.118443   Driver <string>  = "MainStatus" (cb=11)
00:00:00.118444 
00:00:00.118444 [/Devices/VMMDev/0/LUN#999/Config/] (level 5)
00:00:00.118446   First   <integer> = 0x0000000000000000 (0)
00:00:00.118447   Last    <integer> = 0x0000000000000000 (0)
00:00:00.118448   papLeds <integer> = 0x00007f767c0027b8 (140 146 863 253 432)
00:00:00.118449 
00:00:00.118450 [/Devices/acpi/] (level 2)
00:00:00.118451 
00:00:00.118451 [/Devices/acpi/0/] (level 3)
00:00:00.118453   PCIBusNo      <integer> = 0x0000000000000000 (0)
00:00:00.118454   PCIDeviceNo   <integer> = 0x0000000000000007 (7)
00:00:00.118455   PCIFunctionNo <integer> = 0x0000000000000000 (0)
00:00:00.118456   Trusted       <integer> = 0x0000000000000001 (1)
00:00:00.118457 
00:00:00.118457 [/Devices/acpi/0/Config/] (level 4)
00:00:00.118459   CpuHotPlug          <integer> = 0x0000000000000000 (0)
00:00:00.118460   FdcEnabled          <integer> = 0x0000000000000000 (0)
00:00:00.118461   HostBusPciAddress   <integer> = 0x0000000000000000 (0)
00:00:00.118462   HpetEnabled         <integer> = 0x0000000000000000 (0)
00:00:00.118463   IOAPIC              <integer> = 0x0000000000000001 (1)
00:00:00.118464   IocPciAddress       <integer> = 0x0000000000010000 (65 536)
00:00:00.118465   NumCPUs             <integer> = 0x0000000000000001 (1)
00:00:00.118466   Parallel0IoPortBase <integer> = 0x0000000000000000 (0)
00:00:00.118467   Parallel0Irq        <integer> = 0x0000000000000000 (0)
00:00:00.118468   Parallel1IoPortBase <integer> = 0x0000000000000000 (0)
00:00:00.118469   Parallel1Irq        <integer> = 0x0000000000000000 (0)
00:00:00.118470   Serial0IoPortBase   <integer> = 0x0000000000000000 (0)
00:00:00.118471   Serial0Irq          <integer> = 0x0000000000000000 (0)
00:00:00.118472   Serial1IoPortBase   <integer> = 0x0000000000000000 (0)
00:00:00.118472   Serial1Irq          <integer> = 0x0000000000000000 (0)
00:00:00.118473   ShowCpu             <integer> = 0x0000000000000001 (1)
00:00:00.118474   ShowRtc             <integer> = 0x0000000000000000 (0)
00:00:00.118475   SmcEnabled          <integer> = 0x0000000000000000 (0)
00:00:00.118476 
00:00:00.118477 [/Devices/acpi/0/LUN#0/] (level 4)
00:00:00.118478   Driver <string>  = "ACPIHost" (cb=9)
00:00:00.118479 
00:00:00.118479 [/Devices/acpi/0/LUN#0/Config/] (level 5)
00:00:00.118481 
00:00:00.118481 [/Devices/ahci/] (level 2)
00:00:00.118482 
00:00:00.118483 [/Devices/ahci/0/] (level 3)
00:00:00.118484   PCIBusNo      <integer> = 0x0000000000000000 (0)
00:00:00.118485   PCIDeviceNo   <integer> = 0x000000000000000d (13)
00:00:00.118486   PCIFunctionNo <integer> = 0x0000000000000000 (0)
00:00:00.118487   Trusted       <integer> = 0x0000000000000001 (1)
00:00:00.118487 
00:00:00.118488 [/Devices/ahci/0/Config/] (level 4)
00:00:00.118489   Bootable  <integer> = 0x0000000000000001 (1)
00:00:00.118490   PortCount <integer> = 0x0000000000000001 (1)
00:00:00.118491 
00:00:00.118491 [/Devices/ahci/0/Config/Port0/] (level 5)
00:00:00.118493   Hotpluggable <integer> = 0x0000000000000000 (0)
00:00:00.118494 
00:00:00.118494 [/Devices/ahci/0/LUN#0/] (level 4)
00:00:00.118496   Driver <string>  = "VD" (cb=3)
00:00:00.118496 
00:00:00.118497 [/Devices/ahci/0/LUN#0/Config/] (level 5)
00:00:00.118499   BlockCache <integer> = 0x0000000000000001 (1)
00:00:00.118499   Format     <string>  = "VDI" (cb=4)
00:00:00.118500   Mountable  <integer> = 0x0000000000000000 (0)
00:00:00.118501   Path       <string>  = "/home/vamsi/Documents/Acads/Sem 7/Computer Networks/Lab/Lab2/lab2_network/VMImages/r1/Snapshots/{1c9dd3cb-ae1e-4b51-b440-277139231194}.vdi" (cb=139)
00:00:00.118502   Type       <string>  = "HardDisk" (cb=9)
00:00:00.118503   UseNewIo   <integer> = 0x0000000000000001 (1)
00:00:00.118504 
00:00:00.118505 [/Devices/ahci/0/LUN#0/Config/Parent/] (level 6)
00:00:00.118506   Format <string>  = "VDI" (cb=4)
00:00:00.118507   Path   <string>  = "/home/vamsi/Documents/Acads/Sem 7/Computer Networks/Lab/Lab2/lab2_network/VMImages/base/Snapshots/{9cf32156-823d-496b-b336-6898fee923b5}.vdi" (cb=141)
00:00:00.118508 
00:00:00.118508 [/Devices/ahci/0/LUN#0/Config/Parent/Parent/] (level 7)
00:00:00.118510   Format <string>  = "VDI" (cb=4)
00:00:00.118511   Path   <string>  = "/home/vamsi/Documents/Acads/Sem 7/Computer Networks/Lab/Lab2/lab2_network/VMImages/base/Snapshots/{460704c9-eba7-45f7-8877-3bd6e52bdccc}.vdi" (cb=141)
00:00:00.118512 
00:00:00.118512 [/Devices/ahci/0/LUN#0/Config/Parent/Parent/Parent/] (level 8)
00:00:00.118514   Format <string>  = "VDI" (cb=4)
00:00:00.118515   Path   <string>  = "/home/vamsi/Documents/Acads/Sem 7/Computer Networks/Lab/Lab2/lab2_network/VMImages/base/Snapshots/{ccd6ab89-9973-43d9-b6e3-1bbb050f93f6}.vdi" (cb=141)
00:00:00.118516 
00:00:00.118516 [/Devices/ahci/0/LUN#0/Config/Parent/Parent/Parent/Parent/] (level 9)
00:00:00.118518   Format <string>  = "VDI" (cb=4)
00:00:00.118519   Path   <string>  = "/home/vamsi/Documents/Acads/Sem 7/Computer Networks/Lab/Lab2/lab2_network/VMImages/base/Snapshots/{ca230307-de07-4ee1-b500-8daa8ed4ebc4}.vdi" (cb=141)
00:00:00.118520 
00:00:00.118520 [/Devices/ahci/0/LUN#0/Config/Parent/Parent/Parent/Parent/Parent/] (level 10)
00:00:00.118523   Format <string>  = "VDI" (cb=4)
00:00:00.118524   Path   <string>  = "/home/vamsi/Documents/Acads/Sem 7/Computer Networks/Lab/Lab2/lab2_network/VMImages/base/Snapshots/{8f83ab64-891d-4e29-8532-09d2e668c3dd}.vdi" (cb=141)
00:00:00.118524 
00:00:00.118525 [/Devices/ahci/0/LUN#0/Config/Parent/Parent/Parent/Parent/Parent/Parent/] (level 11)
00:00:00.118527   Format <string>  = "VDI" (cb=4)
00:00:00.118528   Path   <string>  = "/home/vamsi/Documents/Acads/Sem 7/Computer Networks/Lab/Lab2/lab2_network/VMImages/base/base.vdi" (cb=97)
00:00:00.118529 
00:00:00.118529 [/Devices/ahci/0/LUN#0/Config/Parent/Parent/Parent/Parent/Parent/Parent/VDConfig/] (level 12)
00:00:00.118532   AllocationBlockSize <string>  = "1048576" (cb=8)
00:00:00.118533 
00:00:00.118533 [/Devices/ahci/0/LUN#0/Config/Parent/Parent/Parent/Parent/Parent/VDConfig/] (level 11)
00:00:00.118536   AllocationBlockSize <string>  = "1048576" (cb=8)
00:00:00.118536 
00:00:00.118537 [/Devices/ahci/0/LUN#0/Config/Parent/Parent/Parent/Parent/VDConfig/] (level 10)
00:00:00.118539   AllocationBlockSize <string>  = "1048576" (cb=8)
00:00:00.118540 
00:00:00.118540 [/Devices/ahci/0/LUN#0/Config/Parent/Parent/Parent/VDConfig/] (level 9)
00:00:00.118542   AllocationBlockSize <string>  = "1048576" (cb=8)
00:00:00.118543 
00:00:00.118543 [/Devices/ahci/0/LUN#0/Config/Parent/Parent/VDConfig/] (level 8)
00:00:00.118545   AllocationBlockSize <string>  = "1048576" (cb=8)
00:00:00.118546 
00:00:00.118546 [/Devices/ahci/0/LUN#0/Config/Parent/VDConfig/] (level 7)
00:00:00.118548   AllocationBlockSize <string>  = "1048576" (cb=8)
00:00:00.118548 
00:00:00.118549 [/Devices/ahci/0/LUN#0/Config/VDConfig/] (level 6)
00:00:00.118551   AllocationBlockSize <string>  = "1048576" (cb=8)
00:00:00.118551 
00:00:00.118552 [/Devices/ahci/0/LUN#999/] (level 4)
00:00:00.118553   Driver <string>  = "MainStatus" (cb=11)
00:00:00.118554 
00:00:00.118554 [/Devices/ahci/0/LUN#999/Config/] (level 5)
00:00:00.118556   DeviceInstance        <string>  = "ahci/0" (cb=7)
00:00:00.118557   First                 <integer> = 0x0000000000000000 (0)
00:00:00.118558   Last                  <integer> = 0x0000000000000000 (0)
00:00:00.118559   pConsole              <integer> = 0x00007f767c0013e0 (140 146 863 248 352)
00:00:00.118561   papLeds               <integer> = 0x00007f767c001bc0 (140 146 863 250 368)
00:00:00.118563   pmapMediumAttachments <integer> = 0x00007f767c0027d8 (140 146 863 253 464)
00:00:00.118565 
00:00:00.118565 [/Devices/apic/] (level 2)
00:00:00.118566 
00:00:00.118567 [/Devices/apic/0/] (level 3)
00:00:00.118568   Trusted <integer> = 0x0000000000000001 (1)
00:00:00.118569 
00:00:00.118569 [/Devices/apic/0/Config/] (level 4)
00:00:00.118571   IOAPIC  <integer> = 0x0000000000000001 (1)
00:00:00.118572   Mode    <integer> = 0x0000000000000003 (3)
00:00:00.118573   NumCPUs <integer> = 0x0000000000000001 (1)
00:00:00.118573 
00:00:00.118574 [/Devices/e1000/] (level 2)
00:00:00.118575 
00:00:00.118575 [/Devices/e1000/0/] (level 3)
00:00:00.118577   PCIBusNo      <integer> = 0x0000000000000000 (0)
00:00:00.118578   PCIDeviceNo   <integer> = 0x0000000000000003 (3)
00:00:00.118579   PCIFunctionNo <integer> = 0x0000000000000000 (0)
00:00:00.118579   Trusted       <integer> = 0x0000000000000001 (1)
00:00:00.118580 
00:00:00.118581 [/Devices/e1000/0/Config/] (level 4)
00:00:00.118582   AdapterType    <integer> = 0x0000000000000000 (0)
00:00:00.118583   CableConnected <integer> = 0x0000000000000001 (1)
00:00:00.118584   LineSpeed      <integer> = 0x0000000000000000 (0)
00:00:00.118585   MAC            <bytes>   = "08 00 27 c9 61 5a" (cb=6)
00:00:00.118587 
00:00:00.118587 [/Devices/e1000/0/LUN#0/] (level 4)
00:00:00.118589   Driver <string>  = "NAT" (cb=4)
00:00:00.118589 
00:00:00.118590 [/Devices/e1000/0/LUN#0/Config/] (level 5)
00:00:00.118591   AliasMode       <integer> = 0x0000000000000000 (0)
00:00:00.118592   BootFile        <string>  = "r1.pxe" (cb=7)
00:00:00.118593   DNSProxy        <integer> = 0x0000000000000000 (0)
00:00:00.118594   Network         <string>  = "10.0.2.0/24" (cb=12)
00:00:00.118595   PassDomain      <integer> = 0x0000000000000001 (1)
00:00:00.118596   TFTPPrefix      <string>  = "/home/vamsi/.config/VirtualBox/TFTP" (cb=36)
00:00:00.118597   UseHostResolver <integer> = 0x0000000000000000 (0)
00:00:00.118598 
00:00:00.118598 [/Devices/e1000/0/LUN#0/Config/PortForwarding/] (level 6)
00:00:00.118600 
00:00:00.118600 [/Devices/e1000/0/LUN#0/Config/PortForwarding/0/] (level 7)
00:00:00.118602   GuestPort <integer> = 0x0000000000000016 (22)
00:00:00.118603   HostPort  <integer> = 0x0000000000003909 (14 601)
00:00:00.118605   Name      <string>  = "ssh" (cb=4)
00:00:00.118605   Protocol  <string>  = "TCP" (cb=4)
00:00:00.118606 
00:00:00.118607 [/Devices/e1000/0/LUN#999/] (level 4)
00:00:00.118608   Driver <string>  = "MainStatus" (cb=11)
00:00:00.118609 
00:00:00.118609 [/Devices/e1000/0/LUN#999/Config/] (level 5)
00:00:00.118611   First   <integer> = 0x0000000000000000 (0)
00:00:00.118612   Last    <integer> = 0x0000000000000000 (0)
00:00:00.118612   papLeds <integer> = 0x00007f767c002698 (140 146 863 253 144)
00:00:00.118614 
00:00:00.118615 [/Devices/e1000/1/] (level 3)
00:00:00.118616   PCIBusNo      <integer> = 0x0000000000000000 (0)
00:00:00.118617   PCIDeviceNo   <integer> = 0x0000000000000008 (8)
00:00:00.118618   PCIFunctionNo <integer> = 0x0000000000000000 (0)
00:00:00.118618   Trusted       <integer> = 0x0000000000000001 (1)
00:00:00.118619 
00:00:00.118620 [/Devices/e1000/1/Config/] (level 4)
00:00:00.118621   AdapterType    <integer> = 0x0000000000000000 (0)
00:00:00.118622   CableConnected <integer> = 0x0000000000000001 (1)
00:00:00.118623   LineSpeed      <integer> = 0x0000000000000000 (0)
00:00:00.118624   MAC            <bytes>   = "08 00 27 e5 d8 04" (cb=6)
00:00:00.118625 
00:00:00.118626 [/Devices/e1000/1/LUN#0/] (level 4)
00:00:00.118627   Driver <string>  = "IntNet" (cb=7)
00:00:00.118628 
00:00:00.118628 [/Devices/e1000/1/LUN#0/Config/] (level 5)
00:00:00.118630   IfPolicyPromisc <string>  = "deny" (cb=5)
00:00:00.118631   Network         <string>  = "intnet1" (cb=8)
00:00:00.118632   TrunkType       <integer> = 0x0000000000000002 (2)
00:00:00.118632 
00:00:00.118633 [/Devices/e1000/1/LUN#999/] (level 4)
00:00:00.118634   Driver <string>  = "MainStatus" (cb=11)
00:00:00.118635 
00:00:00.118635 [/Devices/e1000/1/LUN#999/Config/] (level 5)
00:00:00.118637   First   <integer> = 0x0000000000000000 (0)
00:00:00.118638   Last    <integer> = 0x0000000000000000 (0)
00:00:00.118639   papLeds <integer> = 0x00007f767c0026a0 (140 146 863 253 152)
00:00:00.118640 
00:00:00.118641 [/Devices/e1000/2/] (level 3)
00:00:00.118642   PCIBusNo      <integer> = 0x0000000000000000 (0)
00:00:00.118643   PCIDeviceNo   <integer> = 0x0000000000000009 (9)
00:00:00.118644   PCIFunctionNo <integer> = 0x0000000000000000 (0)
00:00:00.118644   Trusted       <integer> = 0x0000000000000001 (1)
00:00:00.118645 
00:00:00.118646 [/Devices/e1000/2/Config/] (level 4)
00:00:00.118647   AdapterType    <integer> = 0x0000000000000000 (0)
00:00:00.118648   CableConnected <integer> = 0x0000000000000001 (1)
00:00:00.118649   LineSpeed      <integer> = 0x0000000000000000 (0)
00:00:00.118650   MAC            <bytes>   = "08 00 27 d0 7c cd" (cb=6)
00:00:00.118651 
00:00:00.118652 [/Devices/e1000/2/LUN#0/] (level 4)
00:00:00.118653   Driver <string>  = "IntNet" (cb=7)
00:00:00.118654 
00:00:00.118654 [/Devices/e1000/2/LUN#0/Config/] (level 5)
00:00:00.118656   IfPolicyPromisc <string>  = "deny" (cb=5)
00:00:00.118656   Network         <string>  = "intnet101" (cb=10)
00:00:00.118657   TrunkType       <integer> = 0x0000000000000002 (2)
00:00:00.118658 
00:00:00.118659 [/Devices/e1000/2/LUN#999/] (level 4)
00:00:00.118660   Driver <string>  = "MainStatus" (cb=11)
00:00:00.118661 
00:00:00.118661 [/Devices/e1000/2/LUN#999/Config/] (level 5)
00:00:00.118663   First   <integer> = 0x0000000000000000 (0)
00:00:00.118664   Last    <integer> = 0x0000000000000000 (0)
00:00:00.118664   papLeds <integer> = 0x00007f767c0026a8 (140 146 863 253 160)
00:00:00.118666 
00:00:00.118666 [/Devices/e1000/3/] (level 3)
00:00:00.118668   PCIBusNo      <integer> = 0x0000000000000000 (0)
00:00:00.118668   PCIDeviceNo   <integer> = 0x000000000000000a (10)
00:00:00.118669   PCIFunctionNo <integer> = 0x0000000000000000 (0)
00:00:00.118670   Trusted       <integer> = 0x0000000000000001 (1)
00:00:00.118671 
00:00:00.118672 [/Devices/e1000/3/Config/] (level 4)
00:00:00.118673   AdapterType    <integer> = 0x0000000000000000 (0)
00:00:00.118674   CableConnected <integer> = 0x0000000000000001 (1)
00:00:00.118675   LineSpeed      <integer> = 0x0000000000000000 (0)
00:00:00.118676   MAC            <bytes>   = "08 00 27 db 3f 85" (cb=6)
00:00:00.118677 
00:00:00.118678 [/Devices/e1000/3/LUN#0/] (level 4)
00:00:00.118679   Driver <string>  = "IntNet" (cb=7)
00:00:00.118680 
00:00:00.118680 [/Devices/e1000/3/LUN#0/Config/] (level 5)
00:00:00.118682   IfPolicyPromisc <string>  = "deny" (cb=5)
00:00:00.118682   Network         <string>  = "intnet102" (cb=10)
00:00:00.118683   TrunkType       <integer> = 0x0000000000000002 (2)
00:00:00.118684 
00:00:00.118685 [/Devices/e1000/3/LUN#999/] (level 4)
00:00:00.118686   Driver <string>  = "MainStatus" (cb=11)
00:00:00.118687 
00:00:00.118687 [/Devices/e1000/3/LUN#999/Config/] (level 5)
00:00:00.118689   First   <integer> = 0x0000000000000000 (0)
00:00:00.118689   Last    <integer> = 0x0000000000000000 (0)
00:00:00.118690   papLeds <integer> = 0x00007f767c0026b0 (140 146 863 253 168)
00:00:00.118692 
00:00:00.118692 [/Devices/i8254/] (level 2)
00:00:00.118693 
00:00:00.118694 [/Devices/i8254/0/] (level 3)
00:00:00.118695 
00:00:00.118695 [/Devices/i8254/0/Config/] (level 4)
00:00:00.118697 
00:00:00.118697 [/Devices/i8259/] (level 2)
00:00:00.118698 
00:00:00.118699 [/Devices/i8259/0/] (level 3)
00:00:00.118700   Trusted <integer> = 0x0000000000000001 (1)
00:00:00.118701 
00:00:00.118701 [/Devices/i8259/0/Config/] (level 4)
00:00:00.118702 
00:00:00.118703 [/Devices/ichac97/] (level 2)
00:00:00.118704 
00:00:00.118704 [/Devices/ichac97/0/] (level 3)
00:00:00.118706   PCIBusNo      <integer> = 0x0000000000000000 (0)
00:00:00.118707   PCIDeviceNo   <integer> = 0x0000000000000005 (5)
00:00:00.118707   PCIFunctionNo <integer> = 0x0000000000000000 (0)
00:00:00.118708   Trusted       <integer> = 0x0000000000000001 (1)
00:00:00.118709 
00:00:00.118710 [/Devices/ichac97/0/AudioConfig/] (level 4)
00:00:00.118711 
00:00:00.118711 [/Devices/ichac97/0/Config/] (level 4)
00:00:00.118713   Codec        <string>  = "AD1980" (cb=7)
00:00:00.118714   DebugEnabled <integer> = 0x0000000000000000 (0)
00:00:00.118715 
00:00:00.118715 [/Devices/ichac97/0/LUN#0/] (level 4)
00:00:00.118716   Driver <string>  = "AUDIO" (cb=6)
00:00:00.118717 
00:00:00.118717 [/Devices/ichac97/0/LUN#0/AttachedDriver/] (level 5)
00:00:00.118719   Driver <string>  = "PulseAudio" (cb=11)
00:00:00.118720 
00:00:00.118720 [/Devices/ichac97/0/LUN#0/AttachedDriver/Config/] (level 6)
00:00:00.118722   VmName <string>  = "r1" (cb=3)
00:00:00.118722 
00:00:00.118723 [/Devices/ichac97/0/LUN#0/Config/] (level 5)
00:00:00.118724   DriverName    <string>  = "PulseAudio" (cb=11)
00:00:00.118725   InputEnabled  <integer> = 0x0000000000000000 (0)
00:00:00.118726   OutputEnabled <integer> = 0x0000000000000001 (1)
00:00:00.118727 
00:00:00.118727 [/Devices/ichac97/0/LUN#1/] (level 4)
00:00:00.118728   Driver <string>  = "AUDIO" (cb=6)
00:00:00.118729 
00:00:00.118730 [/Devices/ichac97/0/LUN#2/] (level 4)
00:00:00.118731   Driver <string>  = "AUDIO" (cb=6)
00:00:00.118732 
00:00:00.118732 [/Devices/ioapic/] (level 2)
00:00:00.118733 
00:00:00.118733 [/Devices/ioapic/0/] (level 3)
00:00:00.118735   Trusted <integer> = 0x0000000000000001 (1)
00:00:00.118735 
00:00:00.118736 [/Devices/ioapic/0/Config/] (level 4)
00:00:00.118737   NumCPUs <integer> = 0x0000000000000001 (1)
00:00:00.118738 
00:00:00.118738 [/Devices/mc146818/] (level 2)
00:00:00.118740 
00:00:00.118740 [/Devices/mc146818/0/] (level 3)
00:00:00.118741 
00:00:00.118742 [/Devices/mc146818/0/Config/] (level 4)
00:00:00.118743   UseUTC <integer> = 0x0000000000000001 (1)
00:00:00.118744 
00:00:00.118744 [/Devices/parallel/] (level 2)
00:00:00.118745 
00:00:00.118746 [/Devices/pcarch/] (level 2)
00:00:00.118747 
00:00:00.118747 [/Devices/pcarch/0/] (level 3)
00:00:00.118748   Trusted <integer> = 0x0000000000000001 (1)
00:00:00.118749 
00:00:00.118750 [/Devices/pcarch/0/Config/] (level 4)
00:00:00.118751 
00:00:00.118751 [/Devices/pcbios/] (level 2)
00:00:00.118752 
00:00:00.118753 [/Devices/pcbios/0/] (level 3)
00:00:00.118754   Trusted <integer> = 0x0000000000000001 (1)
00:00:00.118755 
00:00:00.118755 [/Devices/pcbios/0/Config/] (level 4)
00:00:00.118757   APIC               <integer> = 0x0000000000000001 (1)
00:00:00.118758   BootDevice0        <string>  = "FLOPPY" (cb=7)
00:00:00.118759   BootDevice1        <string>  = "DVD" (cb=4)
00:00:00.118760   BootDevice2        <string>  = "IDE" (cb=4)
00:00:00.118761   BootDevice3        <string>  = "NONE" (cb=5)
00:00:00.118761   FloppyDevice       <string>  = "i82078" (cb=7)
00:00:00.118762   HardDiskDevice     <string>  = "piix3ide" (cb=9)
00:00:00.118763   IOAPIC             <integer> = 0x0000000000000001 (1)
00:00:00.118764   McfgBase           <integer> = 0x0000000000000000 (0)
00:00:00.118765   McfgLength         <integer> = 0x0000000000000000 (0)
00:00:00.118766   NumCPUs            <integer> = 0x0000000000000001 (1)
00:00:00.118767   PXEDebug           <integer> = 0x0000000000000000 (0)
00:00:00.118768   SataHardDiskDevice <string>  = "ahci" (cb=5)
00:00:00.118769   SataLUN1           <integer> = 0x0000000000000000 (0)
00:00:00.118770   UUID               <bytes>   = "9e 82 15 02 be ea b7 40 b4 7b 0f a3 56 d3 a7 5e" (cb=16)
00:00:00.118773   UuidLe             <integer> = 0x0000000000000000 (0)
00:00:00.118774 
00:00:00.118774 [/Devices/pcbios/0/Config/NetBoot/] (level 5)
00:00:00.118775 
00:00:00.118776 [/Devices/pcbios/0/Config/NetBoot/0/] (level 6)
00:00:00.118778   NIC           <integer> = 0x0000000000000000 (0)
00:00:00.118779   PCIBusNo      <integer> = 0x0000000000000000 (0)
00:00:00.118780   PCIDeviceNo   <integer> = 0x0000000000000003 (3)
00:00:00.118781   PCIFunctionNo <integer> = 0x0000000000000000 (0)
00:00:00.118781 
00:00:00.118782 [/Devices/pci/] (level 2)
00:00:00.118783 
00:00:00.118783 [/Devices/pci/0/] (level 3)
00:00:00.118785   Trusted <integer> = 0x0000000000000001 (1)
00:00:00.118785 
00:00:00.118786 [/Devices/pci/0/Config/] (level 4)
00:00:00.118787   IOAPIC <integer> = 0x0000000000000001 (1)
00:00:00.118788 
00:00:00.118788 [/Devices/pcibridge/] (level 2)
00:00:00.118789 
00:00:00.118790 [/Devices/pckbd/] (level 2)
00:00:00.118791 
00:00:00.118791 [/Devices/pckbd/0/] (level 3)
00:00:00.118793   Trusted <integer> = 0x0000000000000001 (1)
00:00:00.118793 
00:00:00.118794 [/Devices/pckbd/0/Config/] (level 4)
00:00:00.118795 
00:00:00.118795 [/Devices/pckbd/0/LUN#0/] (level 4)
00:00:00.118797   Driver <string>  = "KeyboardQueue" (cb=14)
00:00:00.118798 
00:00:00.118798 [/Devices/pckbd/0/LUN#0/AttachedDriver/] (level 5)
00:00:00.118800   Driver <string>  = "MainKeyboard" (cb=13)
00:00:00.118800 
00:00:00.118801 [/Devices/pckbd/0/LUN#0/AttachedDriver/Config/] (level 6)
00:00:00.118802   Object <integer> = 0x00005653e8dd5bc0 (94 918 389 095 360)
00:00:00.118804 
00:00:00.118804 [/Devices/pckbd/0/LUN#0/Config/] (level 5)
00:00:00.118806   QueueSize <integer> = 0x0000000000000040 (64)
00:00:00.118807 
00:00:00.118807 [/Devices/pckbd/0/LUN#1/] (level 4)
00:00:00.118809   Driver <string>  = "MouseQueue" (cb=11)
00:00:00.118809 
00:00:00.118810 [/Devices/pckbd/0/LUN#1/AttachedDriver/] (level 5)
00:00:00.118811   Driver <string>  = "MainMouse" (cb=10)
00:00:00.118812 
00:00:00.118812 [/Devices/pckbd/0/LUN#1/AttachedDriver/Config/] (level 6)
00:00:00.118814   Object <integer> = 0x00007f767c006090 (140 146 863 267 984)
00:00:00.118816 
00:00:00.118816 [/Devices/pckbd/0/LUN#1/Config/] (level 5)
00:00:00.118818   QueueSize <integer> = 0x0000000000000080 (128)
00:00:00.118819 
00:00:00.118819 [/Devices/pcnet/] (level 2)
00:00:00.118820 
00:00:00.118820 [/Devices/piix3ide/] (level 2)
00:00:00.118822 
00:00:00.118822 [/Devices/piix3ide/0/] (level 3)
00:00:00.118823   PCIBusNo      <integer> = 0x0000000000000000 (0)
00:00:00.118824   PCIDeviceNo   <integer> = 0x0000000000000001 (1)
00:00:00.118825   PCIFunctionNo <integer> = 0x0000000000000001 (1)
00:00:00.118826   Trusted       <integer> = 0x0000000000000001 (1)
00:00:00.118827 
00:00:00.118827 [/Devices/piix3ide/0/Config/] (level 4)
00:00:00.118829   Type <string>  = "PIIX4" (cb=6)
00:00:00.118829 
00:00:00.118830 [/Devices/piix3ide/0/LUN#0/] (level 4)
00:00:00.118831   Driver <string>  = "VD" (cb=3)
00:00:00.118832 
00:00:00.118832 [/Devices/piix3ide/0/LUN#0/Config/] (level 5)
00:00:00.118834   EmptyDrive <integer> = 0x0000000000000001 (1)
00:00:00.118834   Mountable  <integer> = 0x0000000000000001 (1)
00:00:00.118835   Type       <string>  = "DVD" (cb=4)
00:00:00.118836 
00:00:00.118836 [/Devices/piix3ide/0/LUN#999/] (level 4)
00:00:00.118838   Driver <string>  = "MainStatus" (cb=11)
00:00:00.118839 
00:00:00.118839 [/Devices/piix3ide/0/LUN#999/Config/] (level 5)
00:00:00.118840   DeviceInstance        <string>  = "piix3ide/0" (cb=11)
00:00:00.118841   First                 <integer> = 0x0000000000000000 (0)
00:00:00.118843   Last                  <integer> = 0x0000000000000003 (3)
00:00:00.118844   pConsole              <integer> = 0x00007f767c0013e0 (140 146 863 248 352)
00:00:00.118845   papLeds               <integer> = 0x00007f767c001ba0 (140 146 863 250 336)
00:00:00.118847   pmapMediumAttachments <integer> = 0x00007f767c0027d8 (140 146 863 253 464)
00:00:00.118849 
00:00:00.118849 [/Devices/serial/] (level 2)
00:00:00.118850 
00:00:00.118851 [/Devices/usb-ohci/] (level 2)
00:00:00.118852 
00:00:00.118852 [/Devices/usb-ohci/0/] (level 3)
00:00:00.118854   PCIBusNo      <integer> = 0x0000000000000000 (0)
00:00:00.118855   PCIDeviceNo   <integer> = 0x0000000000000006 (6)
00:00:00.118855   PCIFunctionNo <integer> = 0x0000000000000000 (0)
00:00:00.118856   Trusted       <integer> = 0x0000000000000001 (1)
00:00:00.118857 
00:00:00.118857 [/Devices/usb-ohci/0/Config/] (level 4)
00:00:00.118859 
00:00:00.118859 [/Devices/usb-ohci/0/LUN#0/] (level 4)
00:00:00.118860   Driver <string>  = "VUSBRootHub" (cb=12)
00:00:00.118861 
00:00:00.118862 [/Devices/usb-ohci/0/LUN#0/Config/] (level 5)
00:00:00.118863 
00:00:00.118863 [/Devices/usb-ohci/0/LUN#999/] (level 4)
00:00:00.118865   Driver <string>  = "MainStatus" (cb=11)
00:00:00.118865 
00:00:00.118866 [/Devices/usb-ohci/0/LUN#999/Config/] (level 5)
00:00:00.118867   First   <integer> = 0x0000000000000000 (0)
00:00:00.118868   Last    <integer> = 0x0000000000000000 (0)
00:00:00.118869   papLeds <integer> = 0x00007f767c0027c0 (140 146 863 253 440)
00:00:00.118871 
00:00:00.118871 [/Devices/vga/] (level 2)
00:00:00.118872 
00:00:00.118873 [/Devices/vga/0/] (level 3)
00:00:00.118874   PCIBusNo      <integer> = 0x0000000000000000 (0)
00:00:00.118875   PCIDeviceNo   <integer> = 0x0000000000000002 (2)
00:00:00.118876   PCIFunctionNo <integer> = 0x0000000000000000 (0)
00:00:00.118876   Trusted       <integer> = 0x0000000000000001 (1)
00:00:00.118877 
00:00:00.118878 [/Devices/vga/0/Config/] (level 4)
00:00:00.118880   3DEnabled          <integer> = 0x0000000000000000 (0)
00:00:00.118881   CustomVideoModes   <integer> = 0x0000000000000000 (0)
00:00:00.118881   FadeIn             <integer> = 0x0000000000000001 (1)
00:00:00.118882   FadeOut            <integer> = 0x0000000000000001 (1)
00:00:00.118883   HeightReduction    <integer> = 0x0000000000000000 (0)
00:00:00.118884   LogoFile           <string>  = "" (cb=1)
00:00:00.118885   LogoTime           <integer> = 0x0000000000000000 (0)
00:00:00.118886   MonitorCount       <integer> = 0x0000000000000001 (1)
00:00:00.118887   ShowBootMenu       <integer> = 0x0000000000000002 (2)
00:00:00.118888   VMSVGA3dEnabled    <integer> = 0x0000000000000000 (0)
00:00:00.118889   VMSVGAEnabled      <integer> = 0x0000000000000001 (1)
00:00:00.118890   VMSVGAPciBarLayout <integer> = 0x0000000000000001 (1)
00:00:00.118891   VMSVGAPciId        <integer> = 0x0000000000000001 (1)
00:00:00.118892   VRamSize           <integer> = 0x0000000001000000 (16 777 216, 16 MB)
00:00:00.118894 
00:00:00.118894 [/Devices/vga/0/LUN#0/] (level 4)
00:00:00.118896   Driver <string>  = "MainDisplay" (cb=12)
00:00:00.118896 
00:00:00.118897 [/Devices/vga/0/LUN#0/Config/] (level 5)
00:00:00.118898   Object <integer> = 0x00007f767c006cd0 (140 146 863 271 120)
00:00:00.118900 
00:00:00.118900 [/Devices/vga/0/LUN#999/] (level 4)
00:00:00.118902   Driver <string>  = "MainStatus" (cb=11)
00:00:00.118902 
00:00:00.118903 [/Devices/vga/0/LUN#999/Config/] (level 5)
00:00:00.118904   First   <integer> = 0x0000000000000000 (0)
00:00:00.118905   Last    <integer> = 0x0000000000000000 (0)
00:00:00.118906   papLeds <integer> = 0x00007f767c0027d0 (140 146 863 253 456)
00:00:00.118908 
00:00:00.118908 [/Devices/virtio-net/] (level 2)
00:00:00.118909 
00:00:00.118910 [/EM/] (level 1)
00:00:00.118911   TripleFaultReset <integer> = 0x0000000000000000 (0)
00:00:00.118912 
00:00:00.118912 [/GIM/] (level 1)
00:00:00.118913   Provider <string>  = "KVM" (cb=4)
00:00:00.118914 
00:00:00.118914 [/HM/] (level 1)
00:00:00.118915   64bitEnabled            <integer> = 0x0000000000000001 (1)
00:00:00.118916   EnableLargePages        <integer> = 0x0000000000000000 (0)
00:00:00.118917   EnableNestedPaging      <integer> = 0x0000000000000001 (1)
00:00:00.118918   EnableUX                <integer> = 0x0000000000000001 (1)
00:00:00.118919   EnableVPID              <integer> = 0x0000000000000001 (1)
00:00:00.118920   Exclusive               <integer> = 0x0000000000000001 (1)
00:00:00.118921   HMForced                <integer> = 0x0000000000000001 (1)
00:00:00.118922   IBPBOnVMEntry           <integer> = 0x0000000000000000 (0)
00:00:00.118923   IBPBOnVMExit            <integer> = 0x0000000000000000 (0)
00:00:00.118924   L1DFlushOnSched         <integer> = 0x0000000000000001 (1)
00:00:00.118925   L1DFlushOnVMEntry       <integer> = 0x0000000000000000 (0)
00:00:00.118926   LovelyMesaDrvWorkaround <integer> = 0x0000000000000001 (1)
00:00:00.118927   MDSClearOnSched         <integer> = 0x0000000000000001 (1)
00:00:00.118928   MDSClearOnVMEntry       <integer> = 0x0000000000000000 (0)
00:00:00.118929   SpecCtrlByHost          <integer> = 0x0000000000000000 (0)
00:00:00.118930   UseNEMInstead           <integer> = 0x0000000000000000 (0)
00:00:00.118931 
00:00:00.118932 [/MM/] (level 1)
00:00:00.118933   CanUseLargerHeap <integer> = 0x0000000000000000 (0)
00:00:00.118933 
00:00:00.118934 [/NEM/] (level 1)
00:00:00.118935   Allow64BitGuests        <integer> = 0x0000000000000001 (1)
00:00:00.118936   LovelyMesaDrvWorkaround <integer> = 0x0000000000000001 (1)
00:00:00.118937 
00:00:00.118937 [/PDM/] (level 1)
00:00:00.118938 
00:00:00.118938 [/PDM/AsyncCompletion/] (level 2)
00:00:00.118940 
00:00:00.118940 [/PDM/AsyncCompletion/File/] (level 3)
00:00:00.118941 
00:00:00.118942 [/PDM/AsyncCompletion/File/BwGroups/] (level 4)
00:00:00.118943 
00:00:00.118943 [/PDM/BlkCache/] (level 2)
00:00:00.118944   CacheSize <integer> = 0x0000000000500000 (5 242 880, 5 MB)
00:00:00.118946 
00:00:00.118947 [/PDM/Devices/] (level 2)
00:00:00.118948 
00:00:00.118948 [/PDM/Drivers/] (level 2)
00:00:00.118949 
00:00:00.118950 [/PDM/Drivers/VBoxC/] (level 3)
00:00:00.118951   Path <string>  = "/usr/lib/virtualbox/components/VBoxC" (cb=37)
00:00:00.118952 
00:00:00.118952 [/PDM/NetworkShaper/] (level 2)
00:00:00.118953 
00:00:00.118954 [/PDM/NetworkShaper/BwGroups/] (level 3)
00:00:00.118955 
00:00:00.118955 [/TM/] (level 1)
00:00:00.118956   UTCOffset <integer> = 0x0000000000000000 (0)
00:00:00.118957 
00:00:00.118957 [/USB/] (level 1)
00:00:00.118958 
00:00:00.118959 [/USB/HidMouse/] (level 2)
00:00:00.118960 
00:00:00.118960 [/USB/HidMouse/0/] (level 3)
00:00:00.118961 
00:00:00.118962 [/USB/HidMouse/0/Config/] (level 4)
00:00:00.118963   Mode <string>  = "absolute" (cb=9)
00:00:00.118964 
00:00:00.118964 [/USB/HidMouse/0/LUN#0/] (level 4)
00:00:00.118965   Driver <string>  = "MouseQueue" (cb=11)
00:00:00.118966 
00:00:00.118966 [/USB/HidMouse/0/LUN#0/AttachedDriver/] (level 5)
00:00:00.118968   Driver <string>  = "MainMouse" (cb=10)
00:00:00.118968 
00:00:00.118969 [/USB/HidMouse/0/LUN#0/AttachedDriver/Config/] (level 6)
00:00:00.118970   Object <integer> = 0x00007f767c006090 (140 146 863 267 984)
00:00:00.118972 
00:00:00.118973 [/USB/HidMouse/0/LUN#0/Config/] (level 5)
00:00:00.118974   QueueSize <integer> = 0x0000000000000080 (128)
00:00:00.118975 
00:00:00.118975 [/USB/USBProxy/] (level 2)
00:00:00.118976 
00:00:00.118977 [/USB/USBProxy/GlobalConfig/] (level 3)
00:00:00.118978 
00:00:00.118979 ********************* End of CFGM dump **********************
00:00:00.119060 HM: HMR3Init: VT-x w/ nested paging and unrestricted guest execution hw support
00:00:00.119109 MM: cbHyperHeap=0x200000 (2097152)
00:00:00.120340 CPUM: fXStateHostMask=0x7; initial: 0x7; host XCR0=0x1f
00:00:00.121436 CPUM: Matched host CPU INTEL 0x6/0x9e/0x9 Intel_Core7_KabyLake with CPU DB entry 'Intel Core i7-6700K' (INTEL 0x6/0x5e/0x3 Intel_Core7_Skylake)
00:00:00.121489 CPUM: MXCSR_MASK=0xffff (host: 0xffff)
00:00:00.121501 CPUM: Microcode revision 0x000000EA
00:00:00.121510 CPUM: Changing leaf 13[0]: EBX=0x440 -> 0x340, ECX=0x440 -> 0x340
00:00:00.121520 CPUM: MSR/CPUID reconciliation insert: 0x0000010b IA32_FLUSH_CMD
00:00:00.121635 PGM: Host paging mode: AMD64+PGE+NX
00:00:00.121644 PGM: PGMPool: cMaxPages=768 (u64MaxPages=545)
00:00:00.121648 PGM: pgmR3PoolInit: cMaxPages=0x300 cMaxUsers=0x600 cMaxPhysExts=0x600 fCacheEnable=true 
00:00:00.122234 PGM: /proc/sys/vm/max_map_count = 65530 (rc2=VWRN_TRAILING_CHARS); cGuessNeeded=16384
00:00:00.124190 TM: GIP - u32Mode=3 (Invariant) u32UpdateHz=62 u32UpdateIntervalNS=16000000 enmUseTscDelta=2 (Practically Zero) fGetGipCpu=0x1b cCpus=4
00:00:00.124218 TM: GIP - u64CpuHz=2 495 955 266 (0x94c54142)  SUPGetCpuHzFromGip => 2 495 955 266
00:00:00.124224 TM: GIP - CPU: iCpuSet=0x0 idCpu=0x0 idApic=0x0 iGipCpu=0x2 i64TSCDelta=0 enmState=3 u64CpuHz=2495997469(*) cErrors=0
00:00:00.124230 TM: GIP - CPU: iCpuSet=0x1 idCpu=0x1 idApic=0x2 iGipCpu=0x0 i64TSCDelta=0 enmState=3 u64CpuHz=2495955266(*) cErrors=0
00:00:00.124235 TM: GIP - CPU: iCpuSet=0x2 idCpu=0x2 idApic=0x4 iGipCpu=0x1 i64TSCDelta=0 enmState=3 u64CpuHz=2495997754(*) cErrors=0
00:00:00.124239 TM: GIP - CPU: iCpuSet=0x3 idCpu=0x3 idApic=0x6 iGipCpu=0x3 i64TSCDelta=0 enmState=3 u64CpuHz=2495998159(*) cErrors=0
00:00:00.124290 TM: cTSCTicksPerSecond=2 495 955 266 (0x94c54142) enmTSCMode=3 (Dynamic)
00:00:00.124293 TM: TSCTiedToExecution=false TSCNotTiedToHalt=false
00:00:00.124642 EMR3Init: fIemExecutesAll=false fGuruOnTripleFault=true 
00:00:00.124779 IEM: TargetCpu=CURRENT, Microarch=Intel_Core7_KabyLake
00:00:00.124851 GIM: Using provider 'KVM' (Implementation version: 0)
00:00:00.124857 CPUM: SetGuestCpuIdFeature: Enabled Hypervisor Present bit
00:00:00.162374 AIOMgr: Default manager type is 'Async'
00:00:00.162397 AIOMgr: Default file backend is 'NonBuffered'
00:00:00.162639 BlkCache: Cache successfully initialized. Cache size is 5242880 bytes
00:00:00.162657 BlkCache: Cache commit interval is 10000 ms
00:00:00.162662 BlkCache: Cache commit threshold is 2621440 bytes
00:00:00.164127 PcBios: [SMP] BIOS with 1 CPUs
00:00:00.164161 PcBios: Using the 386+ BIOS image.
00:00:00.164249 PcBios: MPS table at 000e1300
00:00:00.164763 PcBios: fCheckShutdownStatusForSoftReset=true   fClearShutdownStatusOnHardReset=true 
00:00:00.165597 SUP: seg #0: R X 0x00000000 LB 0x00001000
00:00:00.165606 SUP: seg #1: R   0x00001000 LB 0x00007000
00:00:00.165610 SUP: seg #2: R X 0x00008000 LB 0x00020000
00:00:00.165614 SUP: seg #3: R   0x00028000 LB 0x0020c000
00:00:00.165618 SUP: seg #4: RW  0x00234000 LB 0x000074d8
00:00:00.167201 SUP: Loaded VBoxDDR0.r0 (/usr/lib/virtualbox/VBoxDDR0.r0) at 0xXXXXXXXXXXXXXXXX - ModuleInit at XXXXXXXXXXXXXXXX and ModuleTerm at XXXXXXXXXXXXXXXX
00:00:00.167476 CPUM: SetGuestCpuIdFeature: Enabled xAPIC
00:00:00.167483 CPUM: SetGuestCpuIdFeature: Enabled x2APIC
00:00:00.167744 IOAPIC: Using implementation 2.0! Chipset type ICH9
00:00:00.167804 PIT: mode=3 count=0x10000 (65536) - 18.20 Hz (ch=0)
00:00:00.168443 VMMDev: cbDefaultBudget: 261 373 696 (f943f00)
00:00:00.170879 Shared Folders service loaded
00:00:00.171938 Guest Control service loaded
00:00:00.179513 VGA: Using the 386+ BIOS image.
00:00:00.181548 DrvVD: Flushes will be ignored
00:00:00.181559 DrvVD: Async flushes will be passed to the disk
00:00:00.185251 VD: VDInit finished with VINF_SUCCESS
00:00:00.185602 AIOMgr: Endpoint for file '/home/vamsi/Documents/Acads/Sem 7/Computer Networks/Lab/Lab2/lab2_network/VMImages/base/base.vdi' (flags 000c0781) created successfully
00:00:00.202465 AIOMgr: Endpoint for file '/home/vamsi/Documents/Acads/Sem 7/Computer Networks/Lab/Lab2/lab2_network/VMImages/base/Snapshots/{8f83ab64-891d-4e29-8532-09d2e668c3dd}.vdi' (flags 000c0781) created successfully
00:00:00.226009 AIOMgr: Endpoint for file '/home/vamsi/Documents/Acads/Sem 7/Computer Networks/Lab/Lab2/lab2_network/VMImages/base/Snapshots/{ca230307-de07-4ee1-b500-8daa8ed4ebc4}.vdi' (flags 000c0781) created successfully
00:00:00.244217 AIOMgr: Endpoint for file '/home/vamsi/Documents/Acads/Sem 7/Computer Networks/Lab/Lab2/lab2_network/VMImages/base/Snapshots/{ccd6ab89-9973-43d9-b6e3-1bbb050f93f6}.vdi' (flags 000c0781) created successfully
00:00:00.264268 AIOMgr: Endpoint for file '/home/vamsi/Documents/Acads/Sem 7/Computer Networks/Lab/Lab2/lab2_network/VMImages/base/Snapshots/{460704c9-eba7-45f7-8877-3bd6e52bdccc}.vdi' (flags 000c0781) created successfully
00:00:00.272174 AIOMgr: Endpoint for file '/home/vamsi/Documents/Acads/Sem 7/Computer Networks/Lab/Lab2/lab2_network/VMImages/base/Snapshots/{9cf32156-823d-496b-b336-6898fee923b5}.vdi' (flags 000c0781) created successfully
00:00:00.283975 AIOMgr: Endpoint for file '/home/vamsi/Documents/Acads/Sem 7/Computer Networks/Lab/Lab2/lab2_network/VMImages/r1/Snapshots/{1c9dd3cb-ae1e-4b51-b440-277139231194}.vdi' (flags 000c0723) created successfully
00:00:00.295072 VD: Opening the disk took 109936539 ns
00:00:00.295160 AHCI: LUN#0: disk, PCHS=2212/16/63, total number of sectors 2229702
00:00:00.295507 AHCI#0: Reset the HBA
00:00:00.295523 VD#0: Cancelling all active requests
00:00:00.296575 DrvVD: Flushes will be ignored
00:00:00.296591 DrvVD: Async flushes will be passed to the disk
00:00:00.296619 PIIX3 ATA: LUN#0: CD/DVD, total number of sectors 0, passthrough disabled
00:00:00.299618 PIIX3 ATA: LUN#1: no unit
00:00:00.299763 PIIX3 ATA: LUN#2: no unit
00:00:00.299775 PIIX3 ATA: LUN#3: no unit
00:00:00.299833 PIIX3 ATA: Ctl#1: finished processing RESET
00:00:00.299854 PIIX3 ATA: Ctl#0: finished processing RESET
00:00:00.299994 E1000#0: Chip=82540EM LinkUpDelay=3000ms EthernetCRC=on GSO=enabled Itr=disabled ItrRx=enabled TID=disabled R0=enabled RC=disabled
00:00:00.310512 NAT: Guest address guess set to 10.0.2.15 by initialization
00:00:00.310536 NAT: resolv.conf: nameserver 127.0.0.53
00:00:00.310536 NAT: DNS server 127.0.0.53 registration detected, switching to the DNS proxy
00:00:00.310536 NAT: DNS#0: 127.0.0.53
00:00:00.310536 NAT: Set redirect TCP 0.0.0.0:14601 -> 0.0.0.0:22
00:00:00.310536 E1000#1: Chip=82540EM LinkUpDelay=3000ms EthernetCRC=on GSO=enabled Itr=disabled ItrRx=enabled TID=disabled R0=enabled RC=disabled
00:00:00.310536 IntNet#0: szNetwork={intnet1} enmTrunkType=2 szTrunk={} fFlags=0x8000 cbRecv=325632 cbSend=196608 fIgnoreConnectFailure=false
00:00:00.310536 E1000#2: Chip=82540EM LinkUpDelay=3000ms EthernetCRC=on GSO=enabled Itr=disabled ItrRx=enabled TID=disabled R0=enabled RC=disabled
00:00:00.310536 IntNet#1: szNetwork={intnet101} enmTrunkType=2 szTrunk={} fFlags=0x8000 cbRecv=325632 cbSend=196608 fIgnoreConnectFailure=false
00:00:00.310536 E1000#3: Chip=82540EM LinkUpDelay=3000ms EthernetCRC=on GSO=enabled Itr=disabled ItrRx=enabled TID=disabled R0=enabled RC=disabled
00:00:00.310536 IntNet#2: szNetwork={intnet102} enmTrunkType=2 szTrunk={} fFlags=0x8000 cbRecv=325632 cbSend=196608 fIgnoreConnectFailure=false
00:00:00.310536 AC97: Using codec 'AD1980'
00:00:00.310536 Audio: Initializing PulseAudio driver
00:00:00.316594 PulseAudio: Using version 11.1.0
00:00:00.318662 PulseAudio: Retrieving server information ...
00:00:00.319280 Audio: Found 3 devices for driver 'PulseAudio'
00:00:00.319291 Audio: Device 'Built-in Audio Analog Stereo':
00:00:00.319292 Audio:   ID              = alsa_output.pci-0000_00_1f.3.analog-stereo
00:00:00.319293 Audio:   Usage           = output
00:00:00.319294 Audio:   Flags           = DEFAULT_OUT
00:00:00.319294 Audio:   Input channels  = 0
00:00:00.319295 Audio:   Output channels = 2
00:00:00.319299 Audio: Device 'Monitor of Built-in Audio Analog Stereo':
00:00:00.319299 Audio:   ID              = alsa_output.pci-0000_00_1f.3.analog-stereo.monitor
00:00:00.319300 Audio:   Usage           = input
00:00:00.319300 Audio:   Flags           = NONE
00:00:00.319301 Audio:   Input channels  = 2
00:00:00.319301 Audio:   Output channels = 0
00:00:00.319304 Audio: Device 'Built-in Audio Analog Stereo':
00:00:00.319305 Audio:   ID              = alsa_input.pci-0000_00_1f.3.analog-stereo
00:00:00.319305 Audio:   Usage           = input
00:00:00.319306 Audio:   Flags           = DEFAULT_IN
00:00:00.319306 Audio:   Input channels  = 2
00:00:00.319307 Audio:   Output channels = 0
00:00:00.319387 AC97: Reset
00:00:00.319392 AC97: Mixer reset (EAID=0x809, EACS=0x9)
00:00:00.319396 AC97: Record select to left=mic, right=mic
00:00:00.320289 VUSB: Attached 'HidMouse' to port 1 on RootHub#0 (FullSpeed)
00:00:00.320319 PGM: The CPU physical address width is 39 bits
00:00:00.320325 PGM: PGMR3InitFinalize: 4 MB PSE mask 0000007fffffffff -> VINF_SUCCESS
00:00:00.320351 TM: TMR3InitFinalize: fTSCModeSwitchAllowed=true 
00:00:00.320512 VMM: Enabled thread-context hooks
00:00:00.320518 VMM: RTThreadPreemptIsPending() can be trusted
00:00:00.320529 VMM: Kernel preemption is not possible it seems
00:00:00.320591 HM: fWorldSwitcher=0x0 (fIbpbOnVmExit=false fIbpbOnVmEntry=false fL1dFlushOnVmEntry=false); fL1dFlushOnSched=true  fMdsClearOnVmEntry=false
00:00:00.320600 HM: Using VT-x implementation 3.0
00:00:00.320600 HM: Max resume loops                  = 8192
00:00:00.320601 HM: Host CR4                          = 0x3606e0
00:00:00.320602 HM: Host EFER                         = 0xd01
00:00:00.320603 HM: MSR_IA32_SMM_MONITOR_CTL          = 0x0
00:00:00.320604 HM: MSR_IA32_FEATURE_CONTROL          = 0x5
00:00:00.320605 HM:   LOCK
00:00:00.320605 HM:   VMXON
00:00:00.320606 HM: MSR_IA32_VMX_BASIC                = 0xda040000000004
00:00:00.320607 HM:   VMCS id                           = 0x4
00:00:00.320607 HM:   VMCS size                         = 1024 bytes
00:00:00.320608 HM:   VMCS physical address limit       = None
00:00:00.320609 HM:   VMCS memory type                  = Write Back (WB)
00:00:00.320610 HM:   Dual-monitor treatment support    = true 
00:00:00.320610 HM:   OUTS & INS instruction-info       = true 
00:00:00.320611 HM:   Supports true-capability MSRs     = true 
00:00:00.320612 HM:   VM-entry Xcpt error-code optional = false
00:00:00.320612 HM: MSR_IA32_VMX_PINBASED_CTLS        = 0x7f00000016
00:00:00.320613 HM:   EXT_INT_EXIT
00:00:00.320614 HM:   NMI_EXIT
00:00:00.320614 HM:   VIRTUAL_NMI
00:00:00.320615 HM:   PREEMPT_TIMER
00:00:00.320615 HM:   POSTED_INT (must be cleared)
00:00:00.320616 HM: MSR_IA32_VMX_PROCBASED_CTLS       = 0xfff9fffe0401e172
00:00:00.320618 HM:   INT_WINDOW_EXIT
00:00:00.320618 HM:   USE_TSC_OFFSETTING
00:00:00.320619 HM:   HLT_EXIT
00:00:00.320619 HM:   INVLPG_EXIT
00:00:00.320620 HM:   MWAIT_EXIT
00:00:00.320620 HM:   RDPMC_EXIT
00:00:00.320621 HM:   RDTSC_EXIT
00:00:00.320621 HM:   CR3_LOAD_EXIT (must be set)
00:00:00.320621 HM:   CR3_STORE_EXIT (must be set)
00:00:00.320622 HM:   CR8_LOAD_EXIT
00:00:00.320622 HM:   CR8_STORE_EXIT
00:00:00.320623 HM:   USE_TPR_SHADOW
00:00:00.320623 HM:   NMI_WINDOW_EXIT
00:00:00.320624 HM:   MOV_DR_EXIT
00:00:00.320624 HM:   UNCOND_IO_EXIT
00:00:00.320624 HM:   USE_IO_BITMAPS
00:00:00.320625 HM:   MONITOR_TRAP_FLAG
00:00:00.320625 HM:   USE_MSR_BITMAPS
00:00:00.320626 HM:   MONITOR_EXIT
00:00:00.320626 HM:   PAUSE_EXIT
00:00:00.320627 HM:   USE_SECONDARY_CTLS
00:00:00.320627 HM: MSR_IA32_VMX_PROCBASED_CTLS2      = 0x5fbcff00000000
00:00:00.320629 HM:   VIRT_APIC_ACCESS
00:00:00.320629 HM:   EPT
00:00:00.320630 HM:   DESC_TABLE_EXIT
00:00:00.320630 HM:   RDTSCP
00:00:00.320631 HM:   VIRT_X2APIC_MODE
00:00:00.320631 HM:   VPID
00:00:00.320632 HM:   WBINVD_EXIT
00:00:00.320632 HM:   UNRESTRICTED_GUEST
00:00:00.320633 HM:   APIC_REG_VIRT (must be cleared)
00:00:00.320633 HM:   VIRT_INT_DELIVERY (must be cleared)
00:00:00.320634 HM:   PAUSE_LOOP_EXIT
00:00:00.320634 HM:   RDRAND_EXIT
00:00:00.320635 HM:   INVPCID
00:00:00.320635 HM:   VMFUNC
00:00:00.320636 HM:   VMCS_SHADOWING (must be cleared)
00:00:00.320636 HM:   ENCLS_EXIT
00:00:00.320637 HM:   RDSEED_EXIT
00:00:00.320637 HM:   PML
00:00:00.320637 HM:   EPT_VE
00:00:00.320638 HM:   CONCEAL_VMX_FROM_PT
00:00:00.320638 HM:   XSAVES_XRSTORS
00:00:00.320639 HM:   MODE_BASED_EPT_PERM
00:00:00.320639 HM:   SPPTP_EPT (must be cleared)
00:00:00.320640 HM:   PT_EPT (must be cleared)
00:00:00.320640 HM:   TSC_SCALING (must be cleared)
00:00:00.320641 HM:   USER_WAIT_PAUSE (must be cleared)
00:00:00.320641 HM:   ENCLV_EXIT (must be cleared)
00:00:00.320641 HM: MSR_IA32_VMX_ENTRY_CTLS           = 0x3ffff000011ff
00:00:00.320643 HM:   LOAD_DEBUG (must be set)
00:00:00.320643 HM:   IA32E_MODE_GUEST
00:00:00.320644 HM:   ENTRY_TO_SMM
00:00:00.320644 HM:   DEACTIVATE_DUAL_MON
00:00:00.320645 HM:   LOAD_PERF_MSR
00:00:00.320645 HM:   LOAD_PAT_MSR
00:00:00.320645 HM:   LOAD_EFER_MSR
00:00:00.320646 HM:   LOAD_BNDCFGS_MSR
00:00:00.320646 HM:   CONCEAL_VMX_FROM_PT
00:00:00.320647 HM:   LOAD_RTIT_CTL_MSR (must be cleared)
00:00:00.320647 HM: MSR_IA32_VMX_EXIT_CTLS            = 0x1ffffff00036dff
00:00:00.320649 HM:   SAVE_DEBUG (must be set)
00:00:00.320649 HM:   HOST_ADDR_SPACE_SIZE
00:00:00.320649 HM:   LOAD_PERF_MSR
00:00:00.320650 HM:   ACK_EXT_INT
00:00:00.320650 HM:   SAVE_PAT_MSR
00:00:00.320651 HM:   LOAD_PAT_MSR
00:00:00.320651 HM:   SAVE_EFER_MSR
00:00:00.320651 HM:   LOAD_EFER_MSR
00:00:00.320652 HM:   SAVE_PREEMPT_TIMER
00:00:00.320652 HM:   CLEAR_BNDCFGS_MSR
00:00:00.320653 HM:   CONCEAL_VMX_FROM_PT
00:00:00.320653 HM:   CLEAR_RTIT_CTL_MSR (must be cleared)
00:00:00.320654 HM: MSR_IA32_VMX_TRUE_PINBASED_CTLS   = 0x7f00000016
00:00:00.320655 HM: MSR_IA32_VMX_TRUE_PROCBASED_CTLS  = 0xfff9fffe04006172
00:00:00.320656 HM: MSR_IA32_VMX_TRUE_ENTRY_CTLS      = 0x3ffff000011fb
00:00:00.320657 HM: MSR_IA32_VMX_TRUE_EXIT_CTLS       = 0x1ffffff00036dfb
00:00:00.320659 HM: MSR_IA32_VMX_MISC                 = 0x7004c1e7
00:00:00.320660 HM:   PREEMPT_TIMER_TSC                 = 0x7
00:00:00.320660 HM:   EXIT_SAVE_EFER_LMA                = true 
00:00:00.320661 HM:   ACTIVITY_STATES                   = 0x7 ( HLT SHUTDOWN SIPI_WAIT )
00:00:00.320662 HM:   INTEL_PT                          = true 
00:00:00.320663 HM:   SMM_READ_SMBASE_MSR               = true 
00:00:00.320663 HM:   CR3_TARGET                        = 0x4
00:00:00.320664 HM:   MAX_MSR                           = 0x0 ( 512 )
00:00:00.320665 HM:   VMXOFF_BLOCK_SMI                  = true 
00:00:00.320665 HM:   VMWRITE_ALL                       = true 
00:00:00.320666 HM:   ENTRY_INJECT_SOFT_INT             = 0x1
00:00:00.320666 HM:   MSEG_ID                           = 0x0
00:00:00.320667 HM: MSR_IA32_VMX_VMCS_ENUM            = 0x2e
00:00:00.320668 HM:   HIGHEST_IDX                       = 0x17
00:00:00.320668 HM: MSR_IA32_VMX_EPT_VPID_CAP         = 0xf0106734141
00:00:00.320670 HM:   RWX_X_ONLY
00:00:00.320670 HM:   PAGE_WALK_LENGTH_4
00:00:00.320670 HM:   EMT_UC
00:00:00.320671 HM:   EMT_WB
00:00:00.320671 HM:   PDE_2M
00:00:00.320672 HM:   PDPTE_1G
00:00:00.320672 HM:   INVEPT
00:00:00.320672 HM:   EPT_ACCESS_DIRTY
00:00:00.320673 HM:   ADVEXITINFO_EPT
00:00:00.320673 HM:   INVEPT_SINGLE_CONTEXT
00:00:00.320674 HM:   INVEPT_ALL_CONTEXTS
00:00:00.320674 HM:   INVVPID
00:00:00.320674 HM:   INVVPID_INDIV_ADDR
00:00:00.320675 HM:   INVVPID_SINGLE_CONTEXT
00:00:00.320675 HM:   INVVPID_ALL_CONTEXTS
00:00:00.320676 HM:   INVVPID_SINGLE_CONTEXT_RETAIN_GLOBALS
00:00:00.320676 HM: MSR_IA32_VMX_VMFUNC               = 0x1
00:00:00.320677 HM:   EPTP_SWITCHING
00:00:00.320677 HM: MSR_IA32_VMX_CR0_FIXED0           = 0x80000021
00:00:00.320678 HM: MSR_IA32_VMX_CR0_FIXED1           = 0xffffffff
00:00:00.320679 HM: MSR_IA32_VMX_CR4_FIXED0           = 0x2000
00:00:00.320680 HM: MSR_IA32_VMX_CR4_FIXED1           = 0x3727ff
00:00:00.320681 HM: APIC-access page physaddr         = 0x000000027e57f000
00:00:00.320682 HM: VCPU  0: MSR bitmap physaddr      = 0x000000033e1ff000
00:00:00.320683 HM: VCPU  0: VMCS physaddr            = 0x000000027e580000
00:00:00.320685 HM: Guest support: 32-bit and 64-bit
00:00:00.320689 HM: Supports VMCS EFER fields         = true 
00:00:00.320690 HM: Enabled VMX
00:00:00.320694 CPUM: SetGuestCpuIdFeature: Enabled SYSENTER/EXIT
00:00:00.320694 CPUM: SetGuestCpuIdFeature: Enabled PAE
00:00:00.320695 CPUM: SetGuestCpuIdFeature: Enabled LONG MODE
00:00:00.320696 CPUM: SetGuestCpuIdFeature: Enabled SYSCALL/RET
00:00:00.320696 CPUM: SetGuestCpuIdFeature: Enabled LAHF/SAHF
00:00:00.320697 CPUM: SetGuestCpuIdFeature: Enabled NX
00:00:00.320697 HM: Enabled nested paging
00:00:00.320697 HM:   EPT flush type                  = Single context
00:00:00.320698 HM: Enabled unrestricted guest execution
00:00:00.320698 HM: Enabled VPID
00:00:00.320699 HM:   VPID flush type                 = Single context
00:00:00.320699 HM: Enabled VMX-preemption timer (cPreemptTimerShift=7)
00:00:00.320700 HM: VT-x/AMD-V init method: Global
00:00:00.320701 EM: Exit history optimizations: enabled=true  enabled-r0=true  enabled-r0-no-preemption=false
00:00:00.320739 PcBios: SATA LUN#0 LCHS=553/64/63
00:00:00.320755 APIC: fPostedIntrsEnabled=false fVirtApicRegsEnabled=false fSupportsTscDeadline=false
00:00:00.320766 TMR3UtcNow: nsNow=1 630 518 982 478 635 000 nsPrev=0 -> cNsDelta=1 630 518 982 478 635 000 (offLag=0 offVirtualSync=0 offVirtualSyncGivenUp=0, NowAgain=1 630 518 982 478 635 000)
00:00:00.320777 VMM: fUsePeriodicPreemptionTimers=false
00:00:00.320892 CPUM: Logical host processors: 4 present, 4 max, 4 online, online mask: 000000000000000f
00:00:00.320968 CPUM: Physical host cores: 4
00:00:00.320969 ************************* CPUID dump ************************
00:00:00.320978          Raw Standard CPUID Leaves
00:00:00.320978      Leaf/sub-leaf  eax      ebx      ecx      edx
00:00:00.320979 Gst: 00000000/0000  00000016 756e6547 6c65746e 49656e69
00:00:00.320981 Hst:                00000016 756e6547 6c65746e 49656e69
00:00:00.320983 Gst: 00000001/0000  000906e9 00010800 d6fa220b 178bfbff
00:00:00.320985 Hst:                000906e9 02100800 7ffafbbf bfebfbff
00:00:00.320986 Gst: 00000002/0000  76036301 00f0b6ff 00000000 00c30000
00:00:00.320988 Hst:                76036301 00f0b6ff 00000000 00c30000
00:00:00.320989 Gst: 00000003/0000  00000000 00000000 00000000 00000000
00:00:00.320990 Hst:                00000000 00000000 00000000 00000000
00:00:00.320991 Gst: 00000004/0000  00000121 01c0003f 0000003f 00000000
00:00:00.320993 Hst:                1c004121 01c0003f 0000003f 00000000
00:00:00.320994 Gst: 00000004/0001  00000122 01c0003f 0000003f 00000000
00:00:00.320995 Hst:                1c004122 01c0003f 0000003f 00000000
00:00:00.320996 Gst: 00000004/0002  00000143 00c0003f 000003ff 00000000
00:00:00.320997 Hst:                1c004143 00c0003f 000003ff 00000000
00:00:00.320999 Gst: 00000004/0003  00000163 02c0003f 00001fff 00000006
00:00:00.321000 Hst:                1c03c163 02c0003f 00001fff 00000006
00:00:00.321001 Gst: 00000004/0004  00000000 00000000 00000000 00000000
00:00:00.321002 Hst:                00000000 00000000 00000000 00000000
00:00:00.321003 Gst: 00000005/0000  00000040 00000040 00000000 00000000
00:00:00.321004 Hst:                00000040 00000040 00000003 11142120
00:00:00.321005 Gst: 00000006/0000  00000000 00000000 00000000 00000000
00:00:00.321006 Hst:                000027f7 00000002 00000009 00000000
00:00:00.321007 Gst: 00000007/0000  00000000 00842421 00000000 10000400
00:00:00.321008 Hst:                00000000 029c67af 00000000 9c002e00
00:00:00.321010 Gst: 00000007/0001  00000000 00000000 00000000 00000000
00:00:00.321010 Hst:                00000000 00000000 00000000 00000000
00:00:00.321011 Gst: 00000008/0000  00000000 00000000 00000000 00000000
00:00:00.321012 Hst:                00000000 00000000 00000000 00000000
00:00:00.321013 Gst: 00000009/0000  00000000 00000000 00000000 00000000
00:00:00.321014 Hst:                00000000 00000000 00000000 00000000
00:00:00.321015 Gst: 0000000a/0000  00000000 00000000 00000000 00000000
00:00:00.321016 Hst:                07300804 00000000 00000000 00000603
00:00:00.321017 Gst: 0000000b/0000  00000000 00000001 00000100 00000000
00:00:00.321018 Hst:                00000001 00000001 00000100 00000002
00:00:00.321019 Gst: 0000000b/0001  00000001 00000001 00000201 00000000
00:00:00.321019 Hst:                00000004 00000004 00000201 00000002
00:00:00.321020 Gst: 0000000b/0002  00000000 00000000 00000002 00000000
00:00:00.321021 Hst:                00000000 00000000 00000002 00000002
00:00:00.321022 Gst: 0000000c/0000  00000000 00000000 00000000 00000000
00:00:00.321023 Hst:                00000000 00000000 00000000 00000000
00:00:00.321024 Gst: 0000000d/0000  00000007 00000340 00000340 00000000
00:00:00.321025 Hst:                0000001f 00000440 00000440 00000000
00:00:00.321026 Gst: 0000000d/0001  00000000 000003c0 00000000 00000000
00:00:00.321027 Hst:                0000000f 000003c0 00000100 00000000
00:00:00.321028 Gst: 0000000d/0002  00000100 00000240 00000000 00000000
00:00:00.321028 Hst:                00000100 00000240 00000000 00000000
00:00:00.321030 Gst: 0000000d/0003  00000000 00000000 00000000 00000000
00:00:00.321030 Hst:                00000040 000003c0 00000000 00000000
00:00:00.321031 Gst: 0000000d/0004  00000000 00000000 00000000 00000000
00:00:00.321032 Hst:                00000040 00000400 00000000 00000000
00:00:00.321033 Gst: 0000000d/0005  00000000 00000000 00000000 00000000
00:00:00.321034 Hst:                00000000 00000000 00000000 00000000
00:00:00.321035 Gst: 0000000d/0006  00000000 00000000 00000000 00000000
00:00:00.321036 Hst:                00000000 00000000 00000000 00000000
00:00:00.321037 Gst: 0000000d/0007  00000000 00000000 00000000 00000000
00:00:00.321038 Hst:                00000000 00000000 00000000 00000000
00:00:00.321039 Gst: 0000000d/0008  00000000 00000000 00000000 00000000
00:00:00.321039 Hst:                00000080 00000000 00000001 00000000
00:00:00.321040 Gst: 0000000d/0009  00000000 00000000 00000000 00000000
00:00:00.321041 Hst:                00000000 00000000 00000000 00000000
00:00:00.321071 Gst: 0000000e/0000  00000000 00000000 00000000 00000000
00:00:00.321072 Hst:                00000000 00000000 00000000 00000000
00:00:00.321073 Gst: 0000000f/0000  00000000 00000000 00000000 00000000
00:00:00.321074 Hst:                00000000 00000000 00000000 00000000
00:00:00.321075 Gst: 00000010/0000  00000000 00000000 00000000 00000000
00:00:00.321076 Hst:                00000000 00000000 00000000 00000000
00:00:00.321077 Gst: 00000011/0000  00000000 00000000 00000000 00000000
00:00:00.321078 Hst:                00000000 00000000 00000000 00000000
00:00:00.321079 Gst: 00000012/0000  00000000 00000000 00000000 00000000
00:00:00.321079 Hst:                00000000 00000000 00000000 00000000
00:00:00.321080 Gst: 00000013/0000  00000000 00000000 00000000 00000000
00:00:00.321081 Hst:                00000000 00000000 00000000 00000000
00:00:00.321082 Gst: 00000014/0000  00000000 00000000 00000000 00000000
00:00:00.321083 Hst:                00000001 0000000f 00000007 00000000
00:00:00.321084 Hst: 00000015/0000  00000002 000000d0 00000000 00000000
00:00:00.321086 Hst: 00000016/0000  000009c4 00000dac 00000064 00000000
00:00:00.321087                                Name: GenuineIntel
00:00:00.321089                            Supports: 0x00000000-0x00000016
00:00:00.321090                              Family:  6 	Extended: 0 	Effective: 6
00:00:00.321092                               Model: 14 	Extended: 9 	Effective: 158
00:00:00.321094                            Stepping: 9
00:00:00.321095                                Type: 0 (primary)
00:00:00.321096                             APIC ID: 0x00
00:00:00.321097                        Logical CPUs: 1
00:00:00.321098                        CLFLUSH Size: 8
00:00:00.321099                            Brand ID: 0x00
00:00:00.321101 Features
00:00:00.321101   Mnemonic - Description                                  = guest (host)
00:00:00.321102   FPU - x87 FPU on Chip                                   = 1 (1)
00:00:00.321104   VME - Virtual 8086 Mode Enhancements                    = 1 (1)
00:00:00.321106   DE - Debugging extensions                               = 1 (1)
00:00:00.321107   PSE - Page Size Extension                               = 1 (1)
00:00:00.321109   TSC - Time Stamp Counter                                = 1 (1)
00:00:00.321110   MSR - Model Specific Registers                          = 1 (1)
00:00:00.321111   PAE - Physical Address Extension                        = 1 (1)
00:00:00.321112   MCE - Machine Check Exception                           = 1 (1)
00:00:00.321114   CX8 - CMPXCHG8B instruction                             = 1 (1)
00:00:00.321115   APIC - APIC On-Chip                                     = 1 (1)
00:00:00.321117   SEP - SYSENTER and SYSEXIT Present                      = 1 (1)
00:00:00.321118   MTRR - Memory Type Range Registers                      = 1 (1)
00:00:00.321119   PGE - PTE Global Bit                                    = 1 (1)
00:00:00.321120   MCA - Machine Check Architecture                        = 1 (1)
00:00:00.321122   CMOV - Conditional Move instructions                    = 1 (1)
00:00:00.321123   PAT - Page Attribute Table                              = 1 (1)
00:00:00.321124   PSE-36 - 36-bit Page Size Extension                     = 1 (1)
00:00:00.321125   PSN - Processor Serial Number                           = 0 (0)
00:00:00.321126   CLFSH - CLFLUSH instruction                             = 1 (1)
00:00:00.321128   DS - Debug Store                                        = 0 (1)
00:00:00.321129   ACPI - Thermal Mon. & Soft. Clock Ctrl.                 = 0 (1)
00:00:00.321131   MMX - Intel MMX Technology                              = 1 (1)
00:00:00.321132   FXSR - FXSAVE and FXRSTOR instructions                  = 1 (1)
00:00:00.321133   SSE - SSE support                                       = 1 (1)
00:00:00.321134   SSE2 - SSE2 support                                     = 1 (1)
00:00:00.321136   SS - Self Snoop                                         = 0 (1)
00:00:00.321137   HTT - Hyper-Threading Technology                        = 1 (1)
00:00:00.321138   TM - Therm. Monitor                                     = 0 (1)
00:00:00.321140   PBE - Pending Break Enabled                             = 0 (1)
00:00:00.321141   SSE3 - SSE3 support                                     = 1 (1)
00:00:00.321143   PCLMUL - PCLMULQDQ support (for AES-GCM)                = 1 (1)
00:00:00.321144   DTES64 - DS Area 64-bit Layout                          = 0 (1)
00:00:00.321145   MONITOR - MONITOR/MWAIT instructions                    = 1 (1)
00:00:00.321146   CPL-DS - CPL Qualified Debug Store                      = 0 (1)
00:00:00.321148   VMX - Virtual Machine Extensions                        = 0 (1)
00:00:00.321149   SMX - Safer Mode Extensions                             = 0 (0)
00:00:00.321150   EST - Enhanced SpeedStep Technology                     = 0 (1)
00:00:00.321151   TM2 - Terminal Monitor 2                                = 0 (1)
00:00:00.321152   SSSE3 - Supplemental Streaming SIMD Extensions 3        = 1 (1)
00:00:00.321154   CNTX-ID - L1 Context ID                                 = 0 (0)
00:00:00.321155   SDBG - Silicon Debug interface                          = 0 (1)
00:00:00.321156   FMA - Fused Multiply Add extensions                     = 0 (1)
00:00:00.321157   CX16 - CMPXCHG16B instruction                           = 1 (1)
00:00:00.321159   TPRUPDATE - xTPR Update Control                         = 0 (1)
00:00:00.321160   PDCM - Perf/Debug Capability MSR                        = 0 (1)
00:00:00.321161   PCID - Process Context Identifiers                      = 1 (1)
00:00:00.321162   DCA - Direct Cache Access                               = 0 (0)
00:00:00.321164   SSE4_1 - SSE4_1 support                                 = 1 (1)
00:00:00.321165   SSE4_2 - SSE4_2 support                                 = 1 (1)
00:00:00.321166   X2APIC - x2APIC support                                 = 1 (1)
00:00:00.321168   MOVBE - MOVBE instruction                               = 1 (1)
00:00:00.321169   POPCNT - POPCNT instruction                             = 1 (1)
00:00:00.321170   TSCDEADL - Time Stamp Counter Deadline                  = 0 (1)
00:00:00.321172   AES - AES instructions                                  = 1 (1)
00:00:00.321173   XSAVE - XSAVE instruction                               = 1 (1)
00:00:00.321174   OSXSAVE - OSXSAVE instruction                           = 0 (1)
00:00:00.321176   AVX - AVX support                                       = 1 (1)
00:00:00.321177   F16C - 16-bit floating point conversion instructions    = 0 (1)
00:00:00.321178   RDRAND - RDRAND instruction                             = 1 (1)
00:00:00.321180   HVP - Hypervisor Present (we're a guest)                = 1 (0)
00:00:00.321181 Structured Extended Feature Flags Enumeration (leaf 7):
00:00:00.321182   Mnemonic - Description                                  = guest (host)
00:00:00.321182   FSGSBASE - RDFSBASE/RDGSBASE/WRFSBASE/WRGSBASE instr.   = 1 (1)
00:00:00.321183   TSCADJUST - Supports MSR_IA32_TSC_ADJUST                = 0 (1)
00:00:00.321184   SGX - Supports Software Guard Extensions                = 0 (1)
00:00:00.321185   BMI1 - Advanced Bit Manipulation extension 1            = 0 (1)
00:00:00.321186   HLE - Hardware Lock Elision                             = 0 (0)
00:00:00.321188   AVX2 - Advanced Vector Extensions 2                     = 1 (1)
00:00:00.321189   FDP_EXCPTN_ONLY - FPU DP only updated on exceptions     = 0 (0)
00:00:00.321190   SMEP - Supervisor Mode Execution Prevention             = 0 (1)
00:00:00.321191   BMI2 - Advanced Bit Manipulation extension 2            = 0 (1)
00:00:00.321192   ERMS - Enhanced REP MOVSB/STOSB instructions            = 0 (1)
00:00:00.321193   INVPCID - INVPCID instruction                           = 1 (1)
00:00:00.321194   RTM - Restricted Transactional Memory                   = 0 (0)
00:00:00.321195   PQM - Platform Quality of Service Monitoring            = 0 (0)
00:00:00.321196   DEPFPU_CS_DS - Deprecates FPU CS, FPU DS values if set  = 1 (1)
00:00:00.321197   MPE - Intel Memory Protection Extensions                = 0 (1)
00:00:00.321198   PQE - Platform Quality of Service Enforcement           = 0 (0)
00:00:00.321199   AVX512F - AVX512 Foundation instructions                = 0 (0)
00:00:00.321200   RDSEED - RDSEED instruction                             = 1 (1)
00:00:00.321202   ADX - ADCX/ADOX instructions                            = 0 (1)
00:00:00.321203   SMAP - Supervisor Mode Access Prevention                = 0 (1)
00:00:00.321204   CLFLUSHOPT - CLFLUSHOPT (Cache Line Flush) instruction  = 1 (1)
00:00:00.321205   INTEL_PT - Intel Processor Trace                        = 0 (1)
00:00:00.321206   AVX512PF - AVX512 Prefetch instructions                 = 0 (0)
00:00:00.321207   AVX512ER - AVX512 Exponential & Reciprocal instructions = 0 (0)
00:00:00.321208   AVX512CD - AVX512 Conflict Detection instructions       = 0 (0)
00:00:00.321209   SHA - Secure Hash Algorithm extensions                  = 0 (0)
00:00:00.321210   PREFETCHWT1 - PREFETCHWT1 instruction                   = 0 (0)
00:00:00.321212   UMIP - User mode insturction prevention                 = 0 (0)
00:00:00.321213   PKU - Protection Key for Usermode pages                 = 0 (0)
00:00:00.321214   OSPKE - CR4.PKU mirror                                  = 0 (0)
00:00:00.321215   MAWAU - Value used by BNDLDX & BNDSTX                   = 0x0 (0x0)
00:00:00.321217   RDPID - Read processor ID support                       = 0 (0)
00:00:00.321218   SGX_LC - Supports SGX Launch Configuration              = 0 (0)
00:00:00.321219    9 - Reserved                                           = 0 (1)
00:00:00.321221   MD_CLEAR - Supports MDS related buffer clearing         = 1 (1)
00:00:00.321222   11 - Reserved                                           = 0 (1)
00:00:00.321224   13 - Reserved                                           = 0 (1)
00:00:00.321225   IBRS_IBPB - IA32_SPEC_CTRL.IBRS and IA32_PRED_CMD.IBPB  = 0 (1)
00:00:00.321226   STIBP - Supports IA32_SPEC_CTRL.STIBP                   = 0 (1)
00:00:00.321227   FLUSH_CMD - Supports IA32_FLUSH_CMD                     = 1 (1)
00:00:00.321228   ARCHCAP - Supports IA32_ARCH_CAP                        = 0 (0)
00:00:00.321230   CORECAP - Supports IA32_CORE_CAP                        = 0 (0)
00:00:00.321231   SSBD - Supports IA32_SPEC_CTRL.SSBD                     = 0 (1)
00:00:00.321232 Processor Extended State Enumeration (leaf 0xd):
00:00:00.321233    XSAVE area cur/max size by XCR0, guest: 0x340/0x340
00:00:00.321235     XSAVE area cur/max size by XCR0, host: 0x440/0x440
00:00:00.321235                    Valid XCR0 bits, guest: 0x00000000`00000007 ( x87 SSE YMM_Hi128 )
00:00:00.321238                     Valid XCR0 bits, host: 0x00000000`0000001f ( x87 SSE YMM_Hi128 BNDREGS BNDCSR )
00:00:00.321241                     XSAVE features, guest:
00:00:00.321242                      XSAVE features, host: XSAVEOPT XSAVEC XGETBC1 XSAVES
00:00:00.321244       XSAVE area cur size XCR0|XSS, guest: 0x3c0
00:00:00.321245        XSAVE area cur size XCR0|XSS, host: 0x3c0
00:00:00.321246                Valid IA32_XSS bits, guest: 0x00000000`00000000
00:00:00.321247                 Valid IA32_XSS bits, host: 0x00000100`00000000 ( 40 )
00:00:00.321249   State #2, guest: off=0x0240, cb=0x0100 IA32_XSS-bit -- YMM_Hi128
00:00:00.321251   State #2, host:  off=0x0240, cb=0x0100 IA32_XSS-bit -- YMM_Hi128
00:00:00.321253   State #3, host:  off=0x03c0, cb=0x0040 IA32_XSS-bit -- BNDREGS
00:00:00.321254   State #4, host:  off=0x0400, cb=0x0040 IA32_XSS-bit -- BNDCSR
00:00:00.321256   State #8, host:  off=0x0000, cb=0x0080 XCR0-bit -- 8
00:00:00.321272          Unknown CPUID Leaves
00:00:00.321272      Leaf/sub-leaf  eax      ebx      ecx      edx
00:00:00.321273 Gst: 00000014/0001  00000000 00000000 00000000 00000000
00:00:00.321274 Hst:                02490002 003f3fff 00000000 00000000
00:00:00.321276 Gst: 00000014/0002  00000000 00000000 00000000 00000000
00:00:00.321276 Hst:                00000000 00000000 00000000 00000000
00:00:00.321277 Gst: 00000015/0000  00000000 00000000 00000000 00000000
00:00:00.321278 Hst:                00000002 000000d0 00000000 00000000
00:00:00.321279 Gst: 00000016/0000  00000000 00000000 00000000 00000000
00:00:00.321280 Hst:                000009c4 00000dac 00000064 00000000
00:00:00.321282          Raw Hypervisor CPUID Leaves
00:00:00.321282      Leaf/sub-leaf  eax      ebx      ecx      edx
00:00:00.321283 Gst: 40000000/0000  40000001 4b4d564b 564b4d56 0000004d
00:00:00.321285 Hst:                000009c4 00000dac 00000064 00000000
00:00:00.321286 Gst: 40000001/0000  01000089 00000000 00000000 00000000
00:00:00.321287 Hst:                000009c4 00000dac 00000064 00000000
00:00:00.321289          Raw Extended CPUID Leaves
00:00:00.321289      Leaf/sub-leaf  eax      ebx      ecx      edx
00:00:00.321289 Gst: 80000000/0000  80000008 00000000 00000000 00000000
00:00:00.321291 Hst:                80000008 00000000 00000000 00000000
00:00:00.321292 Gst: 80000001/0000  00000000 00000000 00000121 28100800
00:00:00.321293 Hst:                00000000 00000000 00000121 2c100800
00:00:00.321295 Gst: 80000002/0000  65746e49 2952286c 726f4320 4d542865
00:00:00.321296 Hst:                65746e49 2952286c 726f4320 4d542865
00:00:00.321298 Gst: 80000003/0000  35692029 3033372d 20514830 20555043
00:00:00.321299 Hst:                35692029 3033372d 20514830 20555043
00:00:00.321301 Gst: 80000004/0000  2e322040 48473035 0000007a 00000000
00:00:00.321302 Hst:                2e322040 48473035 0000007a 00000000
00:00:00.321303 Gst: 80000005/0000  00000000 00000000 00000000 00000000
00:00:00.321304 Hst:                00000000 00000000 00000000 00000000
00:00:00.321305 Gst: 80000006/0000  00000000 00000000 01006040 00000000
00:00:00.321306 Hst:                00000000 00000000 01006040 00000000
00:00:00.321308 Gst: 80000007/0000  00000000 00000000 00000000 00000100
00:00:00.321309 Hst:                00000000 00000000 00000000 00000100
00:00:00.321310 Gst: 80000008/0000  00003027 00000000 00000000 00000000
00:00:00.321311 Hst:                00003027 00000000 00000000 00000000
00:00:00.321312 Ext Name:                        
00:00:00.321312 Ext Supports:                    0x80000000-0x80000008
00:00:00.321313 Family:                          0  	Extended: 0 	Effective: 0
00:00:00.321314 Model:                           0  	Extended: 0 	Effective: 0
00:00:00.321315 Stepping:                        0
00:00:00.321316 Brand ID:                        0x000
00:00:00.321316 Ext Features
00:00:00.321317   Mnemonic - Description                                  = guest (host)
00:00:00.321317   FPU - x87 FPU on Chip                                   = 0 (0)
00:00:00.321319   VME - Virtual 8086 Mode Enhancements                    = 0 (0)
00:00:00.321320   DE - Debugging extensions                               = 0 (0)
00:00:00.321321   PSE - Page Size Extension                               = 0 (0)
00:00:00.321323   TSC - Time Stamp Counter                                = 0 (0)
00:00:00.321324   MSR - K86 Model Specific Registers                      = 0 (0)
00:00:00.321325   PAE - Physical Address Extension                        = 0 (0)
00:00:00.321326   MCE - Machine Check Exception                           = 0 (0)
00:00:00.321328   CX8 - CMPXCHG8B instruction                             = 0 (0)
00:00:00.321329   APIC - APIC On-Chip                                     = 0 (0)
00:00:00.321330   SEP - SYSCALL/SYSRET                                    = 1 (1)
00:00:00.321332   MTRR - Memory Type Range Registers                      = 0 (0)
00:00:00.321333   PGE - PTE Global Bit                                    = 0 (0)
00:00:00.321334   MCA - Machine Check Architecture                        = 0 (0)
00:00:00.321335   CMOV - Conditional Move instructions                    = 0 (0)
00:00:00.321337   PAT - Page Attribute Table                              = 0 (0)
00:00:00.321338   PSE-36 - 36-bit Page Size Extension                     = 0 (0)
00:00:00.321339   NX - No-Execute/Execute-Disable                         = 1 (1)
00:00:00.321340   AXMMX - AMD Extensions to MMX instructions              = 0 (0)
00:00:00.321341   MMX - Intel MMX Technology                              = 0 (0)
00:00:00.321343   FXSR - FXSAVE and FXRSTOR Instructions                  = 0 (0)
00:00:00.321344   FFXSR - AMD fast FXSAVE and FXRSTOR instructions        = 0 (0)
00:00:00.321345   Page1GB - 1 GB large page                               = 0 (1)
00:00:00.321346   RDTSCP - RDTSCP instruction                             = 1 (1)
00:00:00.321347   LM - AMD64 Long Mode                                    = 1 (1)
00:00:00.321349   3DNOWEXT - AMD Extensions to 3DNow                      = 0 (0)
00:00:00.321350   3DNOW - AMD 3DNow                                       = 0 (0)
00:00:00.321352   LahfSahf - LAHF/SAHF support in 64-bit mode             = 1 (1)
00:00:00.321353   CmpLegacy - Core multi-processing legacy mode           = 0 (0)
00:00:00.321354   SVM - AMD Secure Virtual Machine extensions             = 0 (0)
00:00:00.321355   EXTAPIC - AMD Extended APIC registers                   = 0 (0)
00:00:00.321356   CR8L - AMD LOCK MOV CR0 means MOV CR8                   = 0 (0)
00:00:00.321357   ABM - AMD Advanced Bit Manipulation                     = 1 (1)
00:00:00.321358   SSE4A - SSE4A instructions                              = 0 (0)
00:00:00.321359   MISALIGNSSE - AMD Misaligned SSE mode                   = 0 (0)
00:00:00.321361   3DNOWPRF - AMD PREFETCH and PREFETCHW instructions      = 1 (1)
00:00:00.321362   OSVW - AMD OS Visible Workaround                        = 0 (0)
00:00:00.321363   IBS - Instruct Based Sampling                           = 0 (0)
00:00:00.321364   XOP - Extended Operation support                        = 0 (0)
00:00:00.321365   SKINIT - SKINIT, STGI, and DEV support                  = 0 (0)
00:00:00.321366   WDT - AMD Watchdog Timer support                        = 0 (0)
00:00:00.321367   LWP - Lightweight Profiling support                     = 0 (0)
00:00:00.321369   FMA4 - Four operand FMA instruction support             = 0 (0)
00:00:00.321370   NodeId - NodeId in MSR C001_100C                        = 0 (0)
00:00:00.321371   TBM - Trailing Bit Manipulation instructions            = 0 (0)
00:00:00.321372   TOPOEXT - Topology Extensions                           = 0 (0)
00:00:00.321373   PRFEXTCORE - Performance Counter Extensions support     = 0 (0)
00:00:00.321374   PRFEXTNB - NB Performance Counter Extensions support    = 0 (0)
00:00:00.321375   DATABPEXT - Data-access Breakpoint Extension            = 0 (0)
00:00:00.321376   PERFTSC - Performance Time Stamp Counter                = 0 (0)
00:00:00.321377   PCX_L2I - L2I/L3 Performance Counter Extensions         = 0 (0)
00:00:00.321378   MWAITX - MWAITX and MONITORX instructions               = 0 (0)
00:00:00.321380 Full Name:                       "Intel(R) Core(TM) i5-7300HQ CPU @ 2.50GHz"
00:00:00.321380 TLB 2/4M Instr/Uni:              res0     0 entries
00:00:00.321381 TLB 2/4M Data:                   res0     0 entries
00:00:00.321382 TLB 4K Instr/Uni:                res0     0 entries
00:00:00.321383 TLB 4K Data:                     res0     0 entries
00:00:00.321384 L1 Instr Cache Line Size:        0 bytes
00:00:00.321384 L1 Instr Cache Lines Per Tag:    0
00:00:00.321385 L1 Instr Cache Associativity:    res0  
00:00:00.321385 L1 Instr Cache Size:             0 KB
00:00:00.321386 L1 Data Cache Line Size:         0 bytes
00:00:00.321386 L1 Data Cache Lines Per Tag:     0
00:00:00.321387 L1 Data Cache Associativity:     res0  
00:00:00.321387 L1 Data Cache Size:              0 KB
00:00:00.321388 L2 TLB 2/4M Instr/Uni:           off       0 entries
00:00:00.321389 L2 TLB 2/4M Data:                off       0 entries
00:00:00.321389 L2 TLB 4K Instr/Uni:             off       0 entries
00:00:00.321390 L2 TLB 4K Data:                  off       0 entries
00:00:00.321391 L2 Cache Line Size:              0 bytes
00:00:00.321391 L2 Cache Lines Per Tag:          0
00:00:00.321391 L2 Cache Associativity:          off   
00:00:00.321392 L2 Cache Size:                   0 KB
00:00:00.321393   TS - Temperature Sensor                                 = 0 (0)
00:00:00.321394   FID - Frequency ID control                              = 0 (0)
00:00:00.321395   VID - Voltage ID control                                = 0 (0)
00:00:00.321397   TscInvariant - Invariant Time Stamp Counter             = 1 (1)
00:00:00.321398   CBP - Core Performance Boost                            = 0 (0)
00:00:00.321399   EffFreqRO - Read-only Effective Frequency Interface     = 0 (0)
00:00:00.321400   ProcFdbkIf - Processor Feedback Interface               = 0 (0)
00:00:00.321401   ProcPwrRep - Core power reporting interface support     = 0 (0)
00:00:00.321403 Physical Address Width:          39 bits
00:00:00.321403 Virtual Address Width:           48 bits
00:00:00.321404 Guest Physical Address Width:    0 bits
00:00:00.321404 Physical Core Count:             1
00:00:00.321406 
00:00:00.321407 ******************** End of CPUID dump **********************
00:00:00.321407 *********************** VT-x features ***********************
00:00:00.321409 Nested hardware virtualization - VMX features
00:00:00.321409   Mnemonic - Description                                  = guest (host)
00:00:00.321409   VMX - Virtual-Machine Extensions                        = 0 (1)
00:00:00.321410   InsOutInfo - INS/OUTS instruction info.                 = 0 (1)
00:00:00.321411   ExtIntExit - External interrupt exiting                 = 0 (1)
00:00:00.321412   NmiExit - NMI exiting                                   = 0 (1)
00:00:00.321413   VirtNmi - Virtual NMIs                                  = 0 (1)
00:00:00.321413   PreemptTimer - VMX preemption timer                     = 0 (1)
00:00:00.321414   PostedInt - Posted interrupts                           = 0 (0)
00:00:00.321414   IntWindowExit - Interrupt-window exiting                = 0 (1)
00:00:00.321415   TscOffsetting - TSC offsetting                          = 0 (1)
00:00:00.321416   HltExit - HLT exiting                                   = 0 (1)
00:00:00.321416   InvlpgExit - INVLPG exiting                             = 0 (1)
00:00:00.321417   MwaitExit - MWAIT exiting                               = 0 (1)
00:00:00.321418   RdpmcExit - RDPMC exiting                               = 0 (1)
00:00:00.321418   RdtscExit - RDTSC exiting                               = 0 (1)
00:00:00.321419   Cr3LoadExit - CR3-load exiting                          = 0 (1)
00:00:00.321420   Cr3StoreExit - CR3-store exiting                        = 0 (1)
00:00:00.321420   Cr8LoadExit  - CR8-load exiting                         = 0 (1)
00:00:00.321421   Cr8StoreExit - CR8-store exiting                        = 0 (1)
00:00:00.321422   UseTprShadow - Use TPR shadow                           = 0 (1)
00:00:00.321422   NmiWindowExit - NMI-window exiting                      = 0 (1)
00:00:00.321423   MovDRxExit - Mov-DR exiting                             = 0 (1)
00:00:00.321424   UncondIoExit - Unconditional I/O exiting                = 0 (1)
00:00:00.321424   UseIoBitmaps - Use I/O bitmaps                          = 0 (1)
00:00:00.321425   MonitorTrapFlag - Monitor Trap Flag                     = 0 (1)
00:00:00.321425   UseMsrBitmaps - MSR bitmaps                             = 0 (1)
00:00:00.321426   MonitorExit - MONITOR exiting                           = 0 (1)
00:00:00.321427   PauseExit - PAUSE exiting                               = 0 (1)
00:00:00.321428   SecondaryExecCtl - Activate secondary controls          = 0 (1)
00:00:00.321428   VirtApic - Virtualize-APIC accesses                     = 0 (1)
00:00:00.321429   Ept - Extended Page Tables                              = 0 (1)
00:00:00.321430   DescTableExit - Descriptor-table exiting                = 0 (1)
00:00:00.321430   Rdtscp - Enable RDTSCP                                  = 0 (1)
00:00:00.321431   VirtX2ApicMode - Virtualize-x2APIC mode                 = 0 (1)
00:00:00.321432   Vpid - Enable VPID                                      = 0 (1)
00:00:00.321432   WbinvdExit - WBINVD exiting                             = 0 (1)
00:00:00.321433   UnrestrictedGuest - Unrestricted guest                  = 0 (1)
00:00:00.321433   ApicRegVirt - APIC-register virtualization              = 0 (0)
00:00:00.321434   VirtIntDelivery - Virtual-interrupt delivery            = 0 (0)
00:00:00.321435   PauseLoopExit - PAUSE-loop exiting                      = 0 (1)
00:00:00.321435   RdrandExit - RDRAND exiting                             = 0 (1)
00:00:00.321436   Invpcid - Enable INVPCID                                = 0 (1)
00:00:00.321437   VmFuncs - Enable VM Functions                           = 0 (1)
00:00:00.321437   VmcsShadowing - VMCS shadowing                          = 0 (0)
00:00:00.321438   RdseedExiting - RDSEED exiting                          = 0 (1)
00:00:00.321439   PML - Page-Modification Log (PML)                       = 0 (1)
00:00:00.321439   EptVe - EPT violations can cause #VE                    = 0 (1)
00:00:00.321440   XsavesXRstors - Enable XSAVES/XRSTORS                   = 0 (1)
00:00:00.321440   EntryLoadDebugCtls - Load debug controls on VM-entry    = 0 (1)
00:00:00.321441   Ia32eModeGuest - IA-32e mode guest                      = 0 (1)
00:00:00.321442   EntryLoadEferMsr - Load IA32_EFER MSR on VM-entry       = 0 (1)
00:00:00.321442   EntryLoadPatMsr - Load IA32_PAT MSR on VM-entry         = 0 (1)
00:00:00.321443   ExitSaveDebugCtls - Save debug controls on VM-exit      = 0 (1)
00:00:00.321444   HostAddrSpaceSize - Host address-space size             = 0 (1)
00:00:00.321444   ExitAckExtInt - Acknowledge interrupt on VM-exit        = 0 (1)
00:00:00.321445   ExitSavePatMsr - Save IA32_PAT MSR on VM-exit           = 0 (1)
00:00:00.321446   ExitLoadPatMsr - Load IA32_PAT MSR on VM-exit           = 0 (1)
00:00:00.321446   ExitSaveEferMsr - Save IA32_EFER MSR on VM-exit         = 0 (1)
00:00:00.321447   ExitLoadEferMsr - Load IA32_EFER MSR on VM-exit         = 0 (1)
00:00:00.321447   SavePreemptTimer - Save VMX-preemption timer            = 0 (1)
00:00:00.321448   ExitSaveEferLma - Save IA32_EFER.LMA on VM-exit         = 0 (1)
00:00:00.321449   IntelPt - Intel PT (Processor Trace) in VMX operation   = 0 (1)
00:00:00.321449   VmwriteAll - VMWRITE to any supported VMCS field        = 0 (1)
00:00:00.321450   EntryInjectSoftInt - Inject softint. with 0-len instr.  = 0 (1)
00:00:00.321451 
00:00:00.321451 ******************* End of VT-x features ********************
00:00:00.321473 VMEmt: Halt method global1 (5)
00:00:00.321514 VMEmt: HaltedGlobal1 config: cNsSpinBlockThresholdCfg=2000
00:00:00.321521 Changing the VM state from 'CREATING' to 'CREATED'
00:00:00.324915 Changing the VM state from 'CREATED' to 'LOADING'
00:00:00.325402 SSM: File header: Format 2.0, VirtualBox Version 6.1.26 r145957, 64-bit host, cbGCPhys=8, cbGCPtr=8
00:00:00.325963 VUSB: Detached 'HidMouse' from port 1 on RootHub#0
00:00:00.326035 SSM: Saved state info:
00:00:00.326039 SSM:   Build Type: release
00:00:00.326043 SSM:   Host OS: linux.amd64
00:00:00.326150 PCI:    PIIX3/0: register 60: 80 -> 8b
00:00:00.326156 PCI:    PIIX3/0: register 61: 00 -> 8a
00:00:00.326160 PCI:    PIIX3/0: register 62: 00 -> 89
00:00:00.326163 PCI:    PIIX3/0: register 63: 00 -> 8b
00:00:00.326167 PCI:    PIIX3/0: register ad: 00 -> ef
00:00:00.326170 PCI:    PIIX3/0: register de: 00 -> be
00:00:00.326178 PCI: piix3ide/0:  8-bit field LATENCY_TIMER: 0 -> 40
00:00:00.326183 PCI: piix3ide/0: 32-bit field BASE_ADDRESS_4: 1 -> d001
00:00:00.326196 PCI: piix3ide/0: register 40: 00 -> 03
00:00:00.326200 PCI: piix3ide/0: register 41: 80 -> e3
00:00:00.326203 PCI: piix3ide/0: register 43: 80 -> c0
00:00:00.326207 PCI: piix3ide/0: register 48: 00 -> 01
00:00:00.326210 PCI: piix3ide/0: register 4a: 00 -> 02
00:00:00.326218 PCI:      vga/0: 32-bit field BASE_ADDRESS_0: 1 -> d011
00:00:00.326222 PCI:      vga/0: 32-bit field BASE_ADDRESS_1: 8 -> e0000008
00:00:00.326226 PCI:      vga/0: 32-bit field BASE_ADDRESS_2: 0 -> f0000000
00:00:00.326230 PCI:      vga/0:  8-bit field INTERRUPT_LINE: 0 -> a
00:00:00.326234 PCI:      vga/0: 16-bit field COMMAND: 0 -> 3
00:00:00.326545 PCI:    e1000/0:  8-bit field LATENCY_TIMER: 0 -> 40
00:00:00.326551 PCI:    e1000/0: 32-bit field BASE_ADDRESS_0: 0 -> f0200000
00:00:00.326555 PCI:    e1000/0: 32-bit field BASE_ADDRESS_2: 1 -> d021
00:00:00.326559 PCI:    e1000/0:  8-bit field INTERRUPT_LINE: 0 -> 9
00:00:00.326562 PCI:    e1000/0: 16-bit field COMMAND: 0 -> 7
00:00:00.326578 PCI:   VMMDev/0: 32-bit field BASE_ADDRESS_0: 1 -> d041
00:00:00.326582 PCI:   VMMDev/0: 32-bit field BASE_ADDRESS_1: 0 -> f0400000
00:00:00.326586 PCI:   VMMDev/0: 32-bit field BASE_ADDRESS_2: 8 -> f0800008
00:00:00.326589 PCI:   VMMDev/0:  8-bit field INTERRUPT_LINE: 0 -> b
00:00:00.326593 PCI:   VMMDev/0: 16-bit field COMMAND: 0 -> 3
00:00:00.326607 PCI:  ichac97/0: 32-bit field BASE_ADDRESS_0: 1 -> d101
00:00:00.326611 PCI:  ichac97/0: 32-bit field BASE_ADDRESS_1: 1 -> d201
00:00:00.326615 PCI:  ichac97/0:  8-bit field INTERRUPT_LINE: 0 -> b
00:00:00.326618 PCI:  ichac97/0: 16-bit field COMMAND: 0 -> 1
00:00:00.326627 PCI: usb-ohci/0:  8-bit field LATENCY_TIMER: 0 -> 40
00:00:00.326631 PCI: usb-ohci/0: 32-bit field BASE_ADDRESS_0: 0 -> f0804000
00:00:00.326635 PCI: usb-ohci/0:  8-bit field INTERRUPT_LINE: 0 -> a
00:00:00.326638 PCI: usb-ohci/0: 16-bit field COMMAND: 0 -> 6
00:00:00.326655 PCI:    e1000/1:  8-bit field LATENCY_TIMER: 0 -> 40
00:00:00.326659 PCI:    e1000/1: 32-bit field BASE_ADDRESS_0: 0 -> f0820000
00:00:00.326663 PCI:    e1000/1: 32-bit field BASE_ADDRESS_2: 1 -> d241
00:00:00.326666 PCI:    e1000/1:  8-bit field INTERRUPT_LINE: 0 -> b
00:00:00.326670 PCI:    e1000/1: 16-bit field COMMAND: 0 -> 7
00:00:00.326683 PCI:    e1000/2:  8-bit field LATENCY_TIMER: 0 -> 40
00:00:00.326687 PCI:    e1000/2: 32-bit field BASE_ADDRESS_0: 0 -> f0840000
00:00:00.326691 PCI:    e1000/2: 32-bit field BASE_ADDRESS_2: 1 -> d249
00:00:00.326694 PCI:    e1000/2:  8-bit field INTERRUPT_LINE: 0 -> b
00:00:00.326698 PCI:    e1000/2: 16-bit field COMMAND: 0 -> 7
00:00:00.326711 PCI:    e1000/3:  8-bit field LATENCY_TIMER: 0 -> 40
00:00:00.326715 PCI:    e1000/3: 32-bit field BASE_ADDRESS_0: 0 -> f0860000
00:00:00.326719 PCI:    e1000/3: 32-bit field BASE_ADDRESS_2: 1 -> d251
00:00:00.326722 PCI:    e1000/3:  8-bit field INTERRUPT_LINE: 0 -> a
00:00:00.326726 PCI:    e1000/3: 16-bit field COMMAND: 0 -> 7
00:00:00.326740 PCI:     ahci/0:  8-bit field LATENCY_TIMER: 0 -> 40
00:00:00.326744 PCI:     ahci/0: 32-bit field BASE_ADDRESS_0: 1 -> d259
00:00:00.326747 PCI:     ahci/0: 32-bit field BASE_ADDRESS_1: 1 -> d261
00:00:00.326751 PCI:     ahci/0: 32-bit field BASE_ADDRESS_2: 1 -> d269
00:00:00.326754 PCI:     ahci/0: 32-bit field BASE_ADDRESS_3: 1 -> d271
00:00:00.326758 PCI:     ahci/0: 32-bit field BASE_ADDRESS_4: 1 -> d281
00:00:00.326761 PCI:     ahci/0: 32-bit field BASE_ADDRESS_5: 0 -> f0880000
00:00:00.326765 PCI:     ahci/0:  8-bit field INTERRUPT_LINE: 0 -> b
00:00:00.326768 PCI:     ahci/0: 16-bit field COMMAND: 0 -> 7
00:00:00.626006 TM: cTSCTicksPerSecond=0x94c54142 (2 495 955 266) enmTSCMode=3 (Dynamic) (state load)
00:00:00.626033 GIM: KVM: VCPU  0: Enabled system-time struct. at 0x00000000008d1000 - u32TscScale=0xcd21c2fd i8TscShift=-1 uVersion=2 fFlags=0x1 uTsc=0x1ae047c6f uVirtNanoTS=0xac4926e0 TscKHz=2495954
00:00:00.626039 TM: Switching TSC mode from 'Dynamic' to 'RealTscOffset'
00:00:00.626074 PIT: mode=0 count=0x10000 (65536) - 18.20 Hz (ch=0) (restore)
00:00:00.626081 RTC: Stopped the periodic timer (restore)
00:00:00.626125 HGCM: Restoring [VBoxGuestPropSvc]
00:00:00.626133 HGCM: Restoring [VBoxGuestControlSvc]
00:00:00.626135 HGCM: Restoring [VBoxSharedFolders]
00:00:00.626137 HGCM: Restoring [VBoxDragAndDropSvc]
00:00:00.626139 HGCM: Restoring [VBoxSharedClipboard]
00:00:00.626169 VMMDev: Guest Additions information report: Interface = 0x00010004 osType = 0x00053000 (Linux >= 2.6, 32-bit)
00:00:00.626925 E1000#0: Interrupt attempts: 0
00:00:00.626929 E1000#0: Interrupts raised : 0
00:00:00.626931 E1000#0: Interrupts lowered: 0
00:00:00.626932 E1000#0: ICR outside ISR   : 0
00:00:00.626934 E1000#0: IMS raised ints   : 0
00:00:00.626936 E1000#0: Interrupts skipped: 0
00:00:00.626937 E1000#0: Masked interrupts : 0
00:00:00.626939 E1000#0: Early interrupts  : 0
00:00:00.626940 E1000#0: Late interrupts   : 0
00:00:00.626942 E1000#0: Lost interrupts   : 0
00:00:00.626944 E1000#0: Interrupts by RX  : 0
00:00:00.626945 E1000#0: Interrupts by TX  : 0
00:00:00.626947 E1000#0: Interrupts by ICS : 0
00:00:00.626948 E1000#0: Interrupts by RDTR: 0
00:00:00.626950 E1000#0: Interrupts by RDMT: 0
00:00:00.626951 E1000#0: Interrupts by TXQE: 0
00:00:00.626953 E1000#0: TX int delay asked: 0
00:00:00.626954 E1000#0: TX delayed:         0
00:00:00.626956 E1000#0: TX delay expired:   0
00:00:00.626958 E1000#0: TX no report asked: 0
00:00:00.626959 E1000#0: TX abs timer expd : 0
00:00:00.626961 E1000#0: TX int timer expd : 0
00:00:00.626962 E1000#0: RX abs timer expd : 0
00:00:00.626964 E1000#0: RX int timer expd : 0
00:00:00.626965 E1000#0: TX CTX descriptors: 0
00:00:00.626967 E1000#0: TX DAT descriptors: 0
00:00:00.626969 E1000#0: TX LEG descriptors: 0
00:00:00.626970 E1000#0: Received frames   : 0
00:00:00.626972 E1000#0: Transmitted frames: 0
00:00:00.626973 E1000#0: TX frames up to 1514: 0
00:00:00.626975 E1000#0: TX frames up to 2962: 0
00:00:00.626976 E1000#0: TX frames up to 4410: 0
00:00:00.626978 E1000#0: TX frames up to 5858: 0
00:00:00.626980 E1000#0: TX frames up to 7306: 0
00:00:00.626981 E1000#0: TX frames up to 8754: 0
00:00:00.626983 E1000#0: TX frames up to 16384: 0
00:00:00.626984 E1000#0: TX frames up to 32768: 0
00:00:00.626986 E1000#0: Larger TX frames    : 0
00:00:00.626988 E1000#0: Max TX Delay        : 0
00:00:00.626992 E1000#1: Interrupt attempts: 0
00:00:00.626994 E1000#1: Interrupts raised : 0
00:00:00.626995 E1000#1: Interrupts lowered: 0
00:00:00.626997 E1000#1: ICR outside ISR   : 0
00:00:00.626999 E1000#1: IMS raised ints   : 0
00:00:00.627000 E1000#1: Interrupts skipped: 0
00:00:00.627002 E1000#1: Masked interrupts : 0
00:00:00.627003 E1000#1: Early interrupts  : 0
00:00:00.627005 E1000#1: Late interrupts   : 0
00:00:00.627006 E1000#1: Lost interrupts   : 0
00:00:00.627008 E1000#1: Interrupts by RX  : 0
00:00:00.627010 E1000#1: Interrupts by TX  : 0
00:00:00.627011 E1000#1: Interrupts by ICS : 0
00:00:00.627013 E1000#1: Interrupts by RDTR: 0
00:00:00.627014 E1000#1: Interrupts by RDMT: 0
00:00:00.627016 E1000#1: Interrupts by TXQE: 0
00:00:00.627017 E1000#1: TX int delay asked: 0
00:00:00.627019 E1000#1: TX delayed:         0
00:00:00.627020 E1000#1: TX delay expired:   0
00:00:00.627022 E1000#1: TX no report asked: 0
00:00:00.627024 E1000#1: TX abs timer expd : 0
00:00:00.627025 E1000#1: TX int timer expd : 0
00:00:00.627027 E1000#1: RX abs timer expd : 0
00:00:00.627028 E1000#1: RX int timer expd : 0
00:00:00.627030 E1000#1: TX CTX descriptors: 0
00:00:00.627031 E1000#1: TX DAT descriptors: 0
00:00:00.627033 E1000#1: TX LEG descriptors: 0
00:00:00.627035 E1000#1: Received frames   : 0
00:00:00.627036 E1000#1: Transmitted frames: 0
00:00:00.627038 E1000#1: TX frames up to 1514: 0
00:00:00.627039 E1000#1: TX frames up to 2962: 0
00:00:00.627041 E1000#1: TX frames up to 4410: 0
00:00:00.627042 E1000#1: TX frames up to 5858: 0
00:00:00.627044 E1000#1: TX frames up to 7306: 0
00:00:00.627045 E1000#1: TX frames up to 8754: 0
00:00:00.627047 E1000#1: TX frames up to 16384: 0
00:00:00.627049 E1000#1: TX frames up to 32768: 0
00:00:00.627050 E1000#1: Larger TX frames    : 0
00:00:00.627052 E1000#1: Max TX Delay        : 0
00:00:00.627062 E1000#2: Interrupt attempts: 0
00:00:00.627064 E1000#2: Interrupts raised : 0
00:00:00.627065 E1000#2: Interrupts lowered: 0
00:00:00.627067 E1000#2: ICR outside ISR   : 0
00:00:00.627068 E1000#2: IMS raised ints   : 0
00:00:00.627070 E1000#2: Interrupts skipped: 0
00:00:00.627071 E1000#2: Masked interrupts : 0
00:00:00.627073 E1000#2: Early interrupts  : 0
00:00:00.627075 E1000#2: Late interrupts   : 0
00:00:00.627076 E1000#2: Lost interrupts   : 0
00:00:00.627078 E1000#2: Interrupts by RX  : 0
00:00:00.627079 E1000#2: Interrupts by TX  : 0
00:00:00.627081 E1000#2: Interrupts by ICS : 0
00:00:00.627082 E1000#2: Interrupts by RDTR: 0
00:00:00.627084 E1000#2: Interrupts by RDMT: 0
00:00:00.627086 E1000#2: Interrupts by TXQE: 0
00:00:00.627087 E1000#2: TX int delay asked: 0
00:00:00.627089 E1000#2: TX delayed:         0
00:00:00.627090 E1000#2: TX delay expired:   0
00:00:00.627092 E1000#2: TX no report asked: 0
00:00:00.627093 E1000#2: TX abs timer expd : 0
00:00:00.627095 E1000#2: TX int timer expd : 0
00:00:00.627097 E1000#2: RX abs timer expd : 0
00:00:00.627098 E1000#2: RX int timer expd : 0
00:00:00.627100 E1000#2: TX CTX descriptors: 0
00:00:00.627101 E1000#2: TX DAT descriptors: 0
00:00:00.627103 E1000#2: TX LEG descriptors: 0
00:00:00.627104 E1000#2: Received frames   : 0
00:00:00.627106 E1000#2: Transmitted frames: 0
00:00:00.627108 E1000#2: TX frames up to 1514: 0
00:00:00.627109 E1000#2: TX frames up to 2962: 0
00:00:00.627111 E1000#2: TX frames up to 4410: 0
00:00:00.627112 E1000#2: TX frames up to 5858: 0
00:00:00.627114 E1000#2: TX frames up to 7306: 0
00:00:00.627115 E1000#2: TX frames up to 8754: 0
00:00:00.627117 E1000#2: TX frames up to 16384: 0
00:00:00.627119 E1000#2: TX frames up to 32768: 0
00:00:00.627120 E1000#2: Larger TX frames    : 0
00:00:00.627122 E1000#2: Max TX Delay        : 0
00:00:00.627126 E1000#3: Interrupt attempts: 0
00:00:00.627128 E1000#3: Interrupts raised : 0
00:00:00.627129 E1000#3: Interrupts lowered: 0
00:00:00.627131 E1000#3: ICR outside ISR   : 0
00:00:00.627132 E1000#3: IMS raised ints   : 0
00:00:00.627134 E1000#3: Interrupts skipped: 0
00:00:00.627136 E1000#3: Masked interrupts : 0
00:00:00.627137 E1000#3: Early interrupts  : 0
00:00:00.627139 E1000#3: Late interrupts   : 0
00:00:00.627140 E1000#3: Lost interrupts   : 0
00:00:00.627142 E1000#3: Interrupts by RX  : 0
00:00:00.627143 E1000#3: Interrupts by TX  : 0
00:00:00.627145 E1000#3: Interrupts by ICS : 0
00:00:00.627147 E1000#3: Interrupts by RDTR: 0
00:00:00.627148 E1000#3: Interrupts by RDMT: 0
00:00:00.627150 E1000#3: Interrupts by TXQE: 0
00:00:00.627151 E1000#3: TX int delay asked: 0
00:00:00.627153 E1000#3: TX delayed:         0
00:00:00.627154 E1000#3: TX delay expired:   0
00:00:00.627156 E1000#3: TX no report asked: 0
00:00:00.627158 E1000#3: TX abs timer expd : 0
00:00:00.627159 E1000#3: TX int timer expd : 0
00:00:00.627161 E1000#3: RX abs timer expd : 0
00:00:00.627162 E1000#3: RX int timer expd : 0
00:00:00.627164 E1000#3: TX CTX descriptors: 0
00:00:00.627165 E1000#3: TX DAT descriptors: 0
00:00:00.627167 E1000#3: TX LEG descriptors: 0
00:00:00.627169 E1000#3: Received frames   : 0
00:00:00.627170 E1000#3: Transmitted frames: 0
00:00:00.627172 E1000#3: TX frames up to 1514: 0
00:00:00.627173 E1000#3: TX frames up to 2962: 0
00:00:00.627175 E1000#3: TX frames up to 4410: 0
00:00:00.627176 E1000#3: TX frames up to 5858: 0
00:00:00.627178 E1000#3: TX frames up to 7306: 0
00:00:00.627180 E1000#3: TX frames up to 8754: 0
00:00:00.627181 E1000#3: TX frames up to 16384: 0
00:00:00.627183 E1000#3: TX frames up to 32768: 0
00:00:00.627184 E1000#3: Larger TX frames    : 0
00:00:00.627186 E1000#3: Max TX Delay        : 0
00:00:00.627190 AC97: Record select to left=mic, right=mic
00:00:00.627298 Changing the VM state from 'LOADING' to 'SUSPENDED'
00:00:00.627353 Changing the VM state from 'SUSPENDED' to 'RESUMING'
00:00:00.627893 NAT: Link down
00:00:00.628060 Changing the VM state from 'RESUMING' to 'RUNNING'
00:00:00.628084 Console: Machine state changed to 'Running'
00:00:00.685452 VBoxHeadless: starting event loop
00:00:00.824199 OHCI: USB Suspended
00:00:00.936243 VUSB: Attached 'HidMouse' to port 1 on RootHub#0 (FullSpeed)
00:00:00.987327 OHCI: USB Operational
00:00:03.685198 NAT: Link up
00:00:03.685253 NAT: resolv.conf: nameserver 127.0.0.53
00:00:03.685269 NAT: DNS server 127.0.0.53 registration detected, switching to the DNS proxy
00:00:03.685274 NAT: DNS#0: 127.0.0.53
