00:00:00.012161 VirtualBox VM 6.1.26 r145957 linux.amd64 (Jul 28 2021 20:08:35) release log
00:00:00.012164 Log opened 2021-09-01T17:56:33.704729000Z
00:00:00.012164 Build Type: release
00:00:00.012167 OS Product: Linux
00:00:00.012168 OS Release: 5.4.0-81-generic
00:00:00.012169 OS Version: #91~18.04.1-Ubuntu SMP Fri Jul 23 13:36:29 UTC 2021
00:00:00.012188 DMI Product Name: Predator G9-593
00:00:00.012195 DMI Product Version: V1.13
00:00:00.012201 Firmware type: UEFI
00:00:00.012866 Secure Boot: Disabled
00:00:00.012922 Host RAM: 15952MB (15.5GB) total, 9702MB (9.4GB) available
00:00:00.012926 Executable: /usr/lib/virtualbox/VBoxHeadless
00:00:00.012927 Process ID: 16612
00:00:00.012927 Package type: LINUX_64BITS_UBUNTU_18_04
00:00:00.030518 Installed Extension Packs:
00:00:00.030533   None installed!
00:00:00.031576 Console: Machine state changed to 'Restoring'
00:00:00.053423 SUP: Opened VMMR0.r0 (/usr/lib/virtualbox/VMMR0.r0) at 0xXXXXXXXXXXXXXXXX.
00:00:00.055705 Guest OS type: 'Ubuntu_64'
00:00:00.058491 fHMForced=true - No raw-mode support in this build!
00:00:00.070285 File system of '/home/vamsi/Documents/Acads/Sem 7/Computer Networks/Lab/Lab2/lab2_network/VMImages/r3/Snapshots' (snapshots) is ext4
00:00:00.070297 File system of '/home/vamsi/Documents/Acads/Sem 7/Computer Networks/Lab/Lab2/lab2_network/VMImages/r3/Snapshots/{28461364-3f3e-41e2-84ec-08f166b423dc}.vdi' is ext4
00:00:00.103045 Shared Clipboard: Service loaded
00:00:00.103059 Shared Clipboard: Mode: Off
00:00:00.103109 Shared Clipboard: Service running in headless mode
00:00:00.103686 Drag and drop service loaded
00:00:00.103686 Drag and drop mode: Off
00:00:00.103686 ************************* CFGM dump *************************
00:00:00.103686 [/] (level 0)
00:00:00.103686   CpuExecutionCap   <integer> = 0x0000000000000064 (100)
00:00:00.103686   EnablePAE         <integer> = 0x0000000000000000 (0)
00:00:00.103686   HMEnabled         <integer> = 0x0000000000000001 (1)
00:00:00.103686   MemBalloonSize    <integer> = 0x0000000000000000 (0)
00:00:00.103686   Name              <string>  = "r3" (cb=3)
00:00:00.103686   NumCPUs           <integer> = 0x0000000000000001 (1)
00:00:00.103686   PageFusionAllowed <integer> = 0x0000000000000000 (0)
00:00:00.103686   RamHoleSize       <integer> = 0x0000000020000000 (536 870 912, 512 MB)
00:00:00.103686   RamSize           <integer> = 0x0000000040000000 (1 073 741 824, 1 024 MB)
00:00:00.103686   TimerMillies      <integer> = 0x000000000000000a (10)
00:00:00.103686   UUID              <bytes>   = "6b 80 91 34 b9 3c 1f 4e 92 db b8 b6 fc d7 71 e8" (cb=16)
00:00:00.103686 
00:00:00.103686 [/CPUM/] (level 1)
00:00:00.103686   GuestCpuName       <string>  = "host" (cb=5)
00:00:00.103686   NestedHWVirt       <integer> = 0x0000000000000000 (0)
00:00:00.103686   PortableCpuIdLevel <integer> = 0x0000000000000000 (0)
00:00:00.103686   SpecCtrl           <integer> = 0x0000000000000000 (0)
00:00:00.103686 
00:00:00.103686 [/CPUM/IsaExts/] (level 2)
00:00:00.103686 
00:00:00.103686 [/DBGC/] (level 1)
00:00:00.103686   GlobalInitScript <string>  = "/home/vamsi/.config/VirtualBox/dbgc-init" (cb=41)
00:00:00.103686   HistoryFile      <string>  = "/home/vamsi/.config/VirtualBox/dbgc-history" (cb=44)
00:00:00.103686   LocalInitScript  <string>  = "/home/vamsi/Documents/Acads/Sem 7/Computer Networks/Lab/Lab2/lab2_network/VMImages/r3/dbgc-init" (cb=96)
00:00:00.103686 
00:00:00.103686 [/DBGF/] (level 1)
00:00:00.103686   Path <string>  = "/home/vamsi/Documents/Acads/Sem 7/Computer Networks/Lab/Lab2/lab2_network/VMImages/r3/debug/;/home/vamsi/Documents/Acads/Sem 7/Computer Networks/Lab/Lab2/lab2_network/VMImages/r3/;cache*/home/vamsi/Documents/Acads/Sem 7/Computer Networks/Lab/Lab2/lab2_network/VMImages/r3/dbgcache/;/home/vamsi/" (cb=295)
00:00:00.103686 
00:00:00.103686 [/Devices/] (level 1)
00:00:00.103686 
00:00:00.103686 [/Devices/8237A/] (level 2)
00:00:00.103686 
00:00:00.103686 [/Devices/8237A/0/] (level 3)
00:00:00.103686   Trusted <integer> = 0x0000000000000001 (1)
00:00:00.103686 
00:00:00.103686 [/Devices/GIMDev/] (level 2)
00:00:00.103686 
00:00:00.103686 [/Devices/GIMDev/0/] (level 3)
00:00:00.103686   Trusted <integer> = 0x0000000000000001 (1)
00:00:00.103686 
00:00:00.103686 [/Devices/VMMDev/] (level 2)
00:00:00.103686 
00:00:00.103686 [/Devices/VMMDev/0/] (level 3)
00:00:00.103686   PCIBusNo      <integer> = 0x0000000000000000 (0)
00:00:00.103686   PCIDeviceNo   <integer> = 0x0000000000000004 (4)
00:00:00.103686   PCIFunctionNo <integer> = 0x0000000000000000 (0)
00:00:00.103686   Trusted       <integer> = 0x0000000000000001 (1)
00:00:00.103686 
00:00:00.103686 [/Devices/VMMDev/0/Config/] (level 4)
00:00:00.103686   GuestCoreDumpDir <string>  = "/home/vamsi/Documents/Acads/Sem 7/Computer Networks/Lab/Lab2/lab2_network/VMImages/r3/Snapshots" (cb=96)
00:00:00.103686 
00:00:00.103686 [/Devices/VMMDev/0/LUN#0/] (level 4)
00:00:00.103686   Driver <string>  = "HGCM" (cb=5)
00:00:00.103686 
00:00:00.103686 [/Devices/VMMDev/0/LUN#0/Config/] (level 5)
00:00:00.103686   Object <integer> = 0x00007f7e7c000b70 (140 181 222 984 560)
00:00:00.103686 
00:00:00.103686 [/Devices/VMMDev/0/LUN#999/] (level 4)
00:00:00.103686   Driver <string>  = "MainStatus" (cb=11)
00:00:00.103686 
00:00:00.103686 [/Devices/VMMDev/0/LUN#999/Config/] (level 5)
00:00:00.103686   First   <integer> = 0x0000000000000000 (0)
00:00:00.103686   Last    <integer> = 0x0000000000000000 (0)
00:00:00.103686   papLeds <integer> = 0x00007f7e780027b8 (140 181 155 882 936)
00:00:00.103686 
00:00:00.103686 [/Devices/acpi/] (level 2)
00:00:00.103686 
00:00:00.103686 [/Devices/acpi/0/] (level 3)
00:00:00.103686   PCIBusNo      <integer> = 0x0000000000000000 (0)
00:00:00.103686   PCIDeviceNo   <integer> = 0x0000000000000007 (7)
00:00:00.103686   PCIFunctionNo <integer> = 0x0000000000000000 (0)
00:00:00.103686   Trusted       <integer> = 0x0000000000000001 (1)
00:00:00.103686 
00:00:00.103686 [/Devices/acpi/0/Config/] (level 4)
00:00:00.103686   CpuHotPlug          <integer> = 0x0000000000000000 (0)
00:00:00.103686   FdcEnabled          <integer> = 0x0000000000000000 (0)
00:00:00.103686   HostBusPciAddress   <integer> = 0x0000000000000000 (0)
00:00:00.103686   HpetEnabled         <integer> = 0x0000000000000000 (0)
00:00:00.103686   IOAPIC              <integer> = 0x0000000000000001 (1)
00:00:00.103686   IocPciAddress       <integer> = 0x0000000000010000 (65 536)
00:00:00.103686   NumCPUs             <integer> = 0x0000000000000001 (1)
00:00:00.103686   Parallel0IoPortBase <integer> = 0x0000000000000000 (0)
00:00:00.103686   Parallel0Irq        <integer> = 0x0000000000000000 (0)
00:00:00.103686   Parallel1IoPortBase <integer> = 0x0000000000000000 (0)
00:00:00.103686   Parallel1Irq        <integer> = 0x0000000000000000 (0)
00:00:00.103686   Serial0IoPortBase   <integer> = 0x0000000000000000 (0)
00:00:00.103686   Serial0Irq          <integer> = 0x0000000000000000 (0)
00:00:00.103686   Serial1IoPortBase   <integer> = 0x0000000000000000 (0)
00:00:00.103686   Serial1Irq          <integer> = 0x0000000000000000 (0)
00:00:00.103686   ShowCpu             <integer> = 0x0000000000000001 (1)
00:00:00.103686   ShowRtc             <integer> = 0x0000000000000000 (0)
00:00:00.103686   SmcEnabled          <integer> = 0x0000000000000000 (0)
00:00:00.103686 
00:00:00.103686 [/Devices/acpi/0/LUN#0/] (level 4)
00:00:00.103686   Driver <string>  = "ACPIHost" (cb=9)
00:00:00.103686 
00:00:00.103686 [/Devices/acpi/0/LUN#0/Config/] (level 5)
00:00:00.103686 
00:00:00.103686 [/Devices/ahci/] (level 2)
00:00:00.103686 
00:00:00.103686 [/Devices/ahci/0/] (level 3)
00:00:00.103686   PCIBusNo      <integer> = 0x0000000000000000 (0)
00:00:00.103686   PCIDeviceNo   <integer> = 0x000000000000000d (13)
00:00:00.103686   PCIFunctionNo <integer> = 0x0000000000000000 (0)
00:00:00.103686   Trusted       <integer> = 0x0000000000000001 (1)
00:00:00.103686 
00:00:00.103686 [/Devices/ahci/0/Config/] (level 4)
00:00:00.103686   Bootable  <integer> = 0x0000000000000001 (1)
00:00:00.103686   PortCount <integer> = 0x0000000000000001 (1)
00:00:00.103686 
00:00:00.103686 [/Devices/ahci/0/Config/Port0/] (level 5)
00:00:00.103686   Hotpluggable <integer> = 0x0000000000000000 (0)
00:00:00.103686 
00:00:00.103686 [/Devices/ahci/0/LUN#0/] (level 4)
00:00:00.103686   Driver <string>  = "VD" (cb=3)
00:00:00.103686 
00:00:00.103686 [/Devices/ahci/0/LUN#0/Config/] (level 5)
00:00:00.103686   BlockCache <integer> = 0x0000000000000001 (1)
00:00:00.103686   Format     <string>  = "VDI" (cb=4)
00:00:00.103686   Mountable  <integer> = 0x0000000000000000 (0)
00:00:00.103686   Path       <string>  = "/home/vamsi/Documents/Acads/Sem 7/Computer Networks/Lab/Lab2/lab2_network/VMImages/r3/Snapshots/{28461364-3f3e-41e2-84ec-08f166b423dc}.vdi" (cb=139)
00:00:00.103686   Type       <string>  = "HardDisk" (cb=9)
00:00:00.103686   UseNewIo   <integer> = 0x0000000000000001 (1)
00:00:00.103686 
00:00:00.103686 [/Devices/ahci/0/LUN#0/Config/Parent/] (level 6)
00:00:00.103686   Format <string>  = "VDI" (cb=4)
00:00:00.103686   Path   <string>  = "/home/vamsi/Documents/Acads/Sem 7/Computer Networks/Lab/Lab2/lab2_network/VMImages/base/Snapshots/{de61f8ab-48fc-4083-8012-37d3dccc097c}.vdi" (cb=141)
00:00:00.103686 
00:00:00.103686 [/Devices/ahci/0/LUN#0/Config/Parent/Parent/] (level 7)
00:00:00.103686   Format <string>  = "VDI" (cb=4)
00:00:00.103686   Path   <string>  = "/home/vamsi/Documents/Acads/Sem 7/Computer Networks/Lab/Lab2/lab2_network/VMImages/base/Snapshots/{e22e9aa4-80c9-4e03-93d6-0caee39f6838}.vdi" (cb=141)
00:00:00.103686 
00:00:00.103686 [/Devices/ahci/0/LUN#0/Config/Parent/Parent/Parent/] (level 8)
00:00:00.103686   Format <string>  = "VDI" (cb=4)
00:00:00.103686   Path   <string>  = "/home/vamsi/Documents/Acads/Sem 7/Computer Networks/Lab/Lab2/lab2_network/VMImages/base/Snapshots/{9cf32156-823d-496b-b336-6898fee923b5}.vdi" (cb=141)
00:00:00.103686 
00:00:00.103686 [/Devices/ahci/0/LUN#0/Config/Parent/Parent/Parent/Parent/] (level 9)
00:00:00.103686   Format <string>  = "VDI" (cb=4)
00:00:00.103686   Path   <string>  = "/home/vamsi/Documents/Acads/Sem 7/Computer Networks/Lab/Lab2/lab2_network/VMImages/base/Snapshots/{460704c9-eba7-45f7-8877-3bd6e52bdccc}.vdi" (cb=141)
00:00:00.103686 
00:00:00.103686 [/Devices/ahci/0/LUN#0/Config/Parent/Parent/Parent/Parent/Parent/] (level 10)
00:00:00.103686   Format <string>  = "VDI" (cb=4)
00:00:00.103686   Path   <string>  = "/home/vamsi/Documents/Acads/Sem 7/Computer Networks/Lab/Lab2/lab2_network/VMImages/base/Snapshots/{ccd6ab89-9973-43d9-b6e3-1bbb050f93f6}.vdi" (cb=141)
00:00:00.103686 
00:00:00.103686 [/Devices/ahci/0/LUN#0/Config/Parent/Parent/Parent/Parent/Parent/Parent/] (level 11)
00:00:00.103686   Format <string>  = "VDI" (cb=4)
00:00:00.103686   Path   <string>  = "/home/vamsi/Documents/Acads/Sem 7/Computer Networks/Lab/Lab2/lab2_network/VMImages/base/Snapshots/{ca230307-de07-4ee1-b500-8daa8ed4ebc4}.vdi" (cb=141)
00:00:00.103686 
00:00:00.103686 [/Devices/ahci/0/LUN#0/Config/Parent/Parent/Parent/Parent/Parent/Parent/Parent/] (level 12)
00:00:00.103686   Format <string>  = "VDI" (cb=4)
00:00:00.103686   Path   <string>  = "/home/vamsi/Documents/Acads/Sem 7/Computer Networks/Lab/Lab2/lab2_network/VMImages/base/Snapshots/{8f83ab64-891d-4e29-8532-09d2e668c3dd}.vdi" (cb=141)
00:00:00.103686 
00:00:00.103686 [/Devices/ahci/0/LUN#0/Config/Parent/Parent/Parent/Parent/Parent/Parent/Parent/Parent/] (level 13)
00:00:00.103686   Format <string>  = "VDI" (cb=4)
00:00:00.103686   Path   <string>  = "/home/vamsi/Documents/Acads/Sem 7/Computer Networks/Lab/Lab2/lab2_network/VMImages/base/base.vdi" (cb=97)
00:00:00.103686 
00:00:00.103686 [/Devices/ahci/0/LUN#0/Config/Parent/Parent/Parent/Parent/Parent/Parent/Parent/Parent/VDConfig/] (level 14)
00:00:00.103686   AllocationBlockSize <string>  = "1048576" (cb=8)
00:00:00.103686 
00:00:00.103686 [/Devices/ahci/0/LUN#0/Config/Parent/Parent/Parent/Parent/Parent/Parent/Parent/VDConfig/] (level 13)
00:00:00.103686   AllocationBlockSize <string>  = "1048576" (cb=8)
00:00:00.103686 
00:00:00.103686 [/Devices/ahci/0/LUN#0/Config/Parent/Parent/Parent/Parent/Parent/Parent/VDConfig/] (level 12)
00:00:00.103686   AllocationBlockSize <string>  = "1048576" (cb=8)
00:00:00.103686 
00:00:00.103686 [/Devices/ahci/0/LUN#0/Config/Parent/Parent/Parent/Parent/Parent/VDConfig/] (level 11)
00:00:00.103686   AllocationBlockSize <string>  = "1048576" (cb=8)
00:00:00.103686 
00:00:00.103686 [/Devices/ahci/0/LUN#0/Config/Parent/Parent/Parent/Parent/VDConfig/] (level 10)
00:00:00.103686   AllocationBlockSize <string>  = "1048576" (cb=8)
00:00:00.103686 
00:00:00.103686 [/Devices/ahci/0/LUN#0/Config/Parent/Parent/Parent/VDConfig/] (level 9)
00:00:00.103686   AllocationBlockSize <string>  = "1048576" (cb=8)
00:00:00.103686 
00:00:00.103686 [/Devices/ahci/0/LUN#0/Config/Parent/Parent/VDConfig/] (level 8)
00:00:00.103686   AllocationBlockSize <string>  = "1048576" (cb=8)
00:00:00.103686 
00:00:00.103686 [/Devices/ahci/0/LUN#0/Config/Parent/VDConfig/] (level 7)
00:00:00.103686   AllocationBlockSize <string>  = "1048576" (cb=8)
00:00:00.103686 
00:00:00.103686 [/Devices/ahci/0/LUN#0/Config/VDConfig/] (level 6)
00:00:00.103686   AllocationBlockSize <string>  = "1048576" (cb=8)
00:00:00.103686 
00:00:00.103686 [/Devices/ahci/0/LUN#999/] (level 4)
00:00:00.103686   Driver <string>  = "MainStatus" (cb=11)
00:00:00.103686 
00:00:00.103686 [/Devices/ahci/0/LUN#999/Config/] (level 5)
00:00:00.103686   DeviceInstance        <string>  = "ahci/0" (cb=7)
00:00:00.103686   First                 <integer> = 0x0000000000000000 (0)
00:00:00.103686   Last                  <integer> = 0x0000000000000000 (0)
00:00:00.103686   pConsole              <integer> = 0x00007f7e780013e0 (140 181 155 877 856)
00:00:00.103686   papLeds               <integer> = 0x00007f7e78001bc0 (140 181 155 879 872)
00:00:00.103686   pmapMediumAttachments <integer> = 0x00007f7e780027d8 (140 181 155 882 968)
00:00:00.103686 
00:00:00.103686 [/Devices/apic/] (level 2)
00:00:00.103686 
00:00:00.103686 [/Devices/apic/0/] (level 3)
00:00:00.103686   Trusted <integer> = 0x0000000000000001 (1)
00:00:00.103686 
00:00:00.103686 [/Devices/apic/0/Config/] (level 4)
00:00:00.103686   IOAPIC  <integer> = 0x0000000000000001 (1)
00:00:00.103686   Mode    <integer> = 0x0000000000000003 (3)
00:00:00.103686   NumCPUs <integer> = 0x0000000000000001 (1)
00:00:00.103686 
00:00:00.103686 [/Devices/e1000/] (level 2)
00:00:00.103686 
00:00:00.103686 [/Devices/e1000/0/] (level 3)
00:00:00.103686   PCIBusNo      <integer> = 0x0000000000000000 (0)
00:00:00.103686   PCIDeviceNo   <integer> = 0x0000000000000003 (3)
00:00:00.103686   PCIFunctionNo <integer> = 0x0000000000000000 (0)
00:00:00.103686   Trusted       <integer> = 0x0000000000000001 (1)
00:00:00.103686 
00:00:00.103686 [/Devices/e1000/0/Config/] (level 4)
00:00:00.103686   AdapterType    <integer> = 0x0000000000000000 (0)
00:00:00.103686   CableConnected <integer> = 0x0000000000000001 (1)
00:00:00.103686   LineSpeed      <integer> = 0x0000000000000000 (0)
00:00:00.103686   MAC            <bytes>   = "08 00 27 8d ea 6d" (cb=6)
00:00:00.103686 
00:00:00.103686 [/Devices/e1000/0/LUN#0/] (level 4)
00:00:00.103686   Driver <string>  = "NAT" (cb=4)
00:00:00.103686 
00:00:00.103686 [/Devices/e1000/0/LUN#0/Config/] (level 5)
00:00:00.103686   AliasMode       <integer> = 0x0000000000000000 (0)
00:00:00.103686   BootFile        <string>  = "r3.pxe" (cb=7)
00:00:00.103686   DNSProxy        <integer> = 0x0000000000000000 (0)
00:00:00.103686   Network         <string>  = "10.0.2.0/24" (cb=12)
00:00:00.103686   PassDomain      <integer> = 0x0000000000000001 (1)
00:00:00.103686   TFTPPrefix      <string>  = "/home/vamsi/.config/VirtualBox/TFTP" (cb=36)
00:00:00.103686   UseHostResolver <integer> = 0x0000000000000000 (0)
00:00:00.103686 
00:00:00.103686 [/Devices/e1000/0/LUN#0/Config/PortForwarding/] (level 6)
00:00:00.103686 
00:00:00.103686 [/Devices/e1000/0/LUN#0/Config/PortForwarding/0/] (level 7)
00:00:00.103686   GuestPort <integer> = 0x0000000000000016 (22)
00:00:00.103686   HostPort  <integer> = 0x000000000000390b (14 603)
00:00:00.103686   Name      <string>  = "ssh" (cb=4)
00:00:00.103686   Protocol  <string>  = "TCP" (cb=4)
00:00:00.103686 
00:00:00.103686 [/Devices/e1000/0/LUN#999/] (level 4)
00:00:00.103686   Driver <string>  = "MainStatus" (cb=11)
00:00:00.103686 
00:00:00.103686 [/Devices/e1000/0/LUN#999/Config/] (level 5)
00:00:00.103686   First   <integer> = 0x0000000000000000 (0)
00:00:00.103686   Last    <integer> = 0x0000000000000000 (0)
00:00:00.103686   papLeds <integer> = 0x00007f7e78002698 (140 181 155 882 648)
00:00:00.103686 
00:00:00.103686 [/Devices/e1000/1/] (level 3)
00:00:00.103686   PCIBusNo      <integer> = 0x0000000000000000 (0)
00:00:00.103686   PCIDeviceNo   <integer> = 0x0000000000000008 (8)
00:00:00.103686   PCIFunctionNo <integer> = 0x0000000000000000 (0)
00:00:00.103686   Trusted       <integer> = 0x0000000000000001 (1)
00:00:00.103686 
00:00:00.103686 [/Devices/e1000/1/Config/] (level 4)
00:00:00.103686   AdapterType    <integer> = 0x0000000000000000 (0)
00:00:00.103686   CableConnected <integer> = 0x0000000000000001 (1)
00:00:00.103686   LineSpeed      <integer> = 0x0000000000000000 (0)
00:00:00.103686   MAC            <bytes>   = "08 00 27 45 1b 1c" (cb=6)
00:00:00.103686 
00:00:00.103686 [/Devices/e1000/1/LUN#0/] (level 4)
00:00:00.103686   Driver <string>  = "IntNet" (cb=7)
00:00:00.103686 
00:00:00.103686 [/Devices/e1000/1/LUN#0/Config/] (level 5)
00:00:00.103686   IfPolicyPromisc <string>  = "deny" (cb=5)
00:00:00.103686   Network         <string>  = "intnet3" (cb=8)
00:00:00.103686   TrunkType       <integer> = 0x0000000000000002 (2)
00:00:00.103686 
00:00:00.103686 [/Devices/e1000/1/LUN#999/] (level 4)
00:00:00.103686   Driver <string>  = "MainStatus" (cb=11)
00:00:00.103686 
00:00:00.103686 [/Devices/e1000/1/LUN#999/Config/] (level 5)
00:00:00.103686   First   <integer> = 0x0000000000000000 (0)
00:00:00.103686   Last    <integer> = 0x0000000000000000 (0)
00:00:00.103686   papLeds <integer> = 0x00007f7e780026a0 (140 181 155 882 656)
00:00:00.103686 
00:00:00.103686 [/Devices/e1000/2/] (level 3)
00:00:00.103686   PCIBusNo      <integer> = 0x0000000000000000 (0)
00:00:00.103686   PCIDeviceNo   <integer> = 0x0000000000000009 (9)
00:00:00.103686   PCIFunctionNo <integer> = 0x0000000000000000 (0)
00:00:00.103686   Trusted       <integer> = 0x0000000000000001 (1)
00:00:00.103686 
00:00:00.103686 [/Devices/e1000/2/Config/] (level 4)
00:00:00.103686   AdapterType    <integer> = 0x0000000000000000 (0)
00:00:00.103686   CableConnected <integer> = 0x0000000000000001 (1)
00:00:00.103686   LineSpeed      <integer> = 0x0000000000000000 (0)
00:00:00.103686   MAC            <bytes>   = "08 00 27 44 ee 79" (cb=6)
00:00:00.103686 
00:00:00.103686 [/Devices/e1000/2/LUN#0/] (level 4)
00:00:00.103686   Driver <string>  = "IntNet" (cb=7)
00:00:00.103686 
00:00:00.103686 [/Devices/e1000/2/LUN#0/Config/] (level 5)
00:00:00.103686   IfPolicyPromisc <string>  = "deny" (cb=5)
00:00:00.103686   Network         <string>  = "intnet102" (cb=10)
00:00:00.103686   TrunkType       <integer> = 0x0000000000000002 (2)
00:00:00.103686 
00:00:00.103686 [/Devices/e1000/2/LUN#999/] (level 4)
00:00:00.103686   Driver <string>  = "MainStatus" (cb=11)
00:00:00.103686 
00:00:00.103686 [/Devices/e1000/2/LUN#999/Config/] (level 5)
00:00:00.103686   First   <integer> = 0x0000000000000000 (0)
00:00:00.103686   Last    <integer> = 0x0000000000000000 (0)
00:00:00.103686   papLeds <integer> = 0x00007f7e780026a8 (140 181 155 882 664)
00:00:00.103686 
00:00:00.103686 [/Devices/e1000/3/] (level 3)
00:00:00.103686   PCIBusNo      <integer> = 0x0000000000000000 (0)
00:00:00.103686   PCIDeviceNo   <integer> = 0x000000000000000a (10)
00:00:00.103686   PCIFunctionNo <integer> = 0x0000000000000000 (0)
00:00:00.103686   Trusted       <integer> = 0x0000000000000001 (1)
00:00:00.103686 
00:00:00.103686 [/Devices/e1000/3/Config/] (level 4)
00:00:00.103686   AdapterType    <integer> = 0x0000000000000000 (0)
00:00:00.103686   CableConnected <integer> = 0x0000000000000001 (1)
00:00:00.103686   LineSpeed      <integer> = 0x0000000000000000 (0)
00:00:00.103686   MAC            <bytes>   = "08 00 27 c5 42 09" (cb=6)
00:00:00.103686 
00:00:00.103686 [/Devices/e1000/3/LUN#0/] (level 4)
00:00:00.103686   Driver <string>  = "IntNet" (cb=7)
00:00:00.103686 
00:00:00.103686 [/Devices/e1000/3/LUN#0/Config/] (level 5)
00:00:00.103686   IfPolicyPromisc <string>  = "deny" (cb=5)
00:00:00.103686   Network         <string>  = "intnet103" (cb=10)
00:00:00.103686   TrunkType       <integer> = 0x0000000000000002 (2)
00:00:00.103686 
00:00:00.103686 [/Devices/e1000/3/LUN#999/] (level 4)
00:00:00.103686   Driver <string>  = "MainStatus" (cb=11)
00:00:00.103686 
00:00:00.103686 [/Devices/e1000/3/LUN#999/Config/] (level 5)
00:00:00.103686   First   <integer> = 0x0000000000000000 (0)
00:00:00.103686   Last    <integer> = 0x0000000000000000 (0)
00:00:00.103686   papLeds <integer> = 0x00007f7e780026b0 (140 181 155 882 672)
00:00:00.103686 
00:00:00.103686 [/Devices/i8254/] (level 2)
00:00:00.103686 
00:00:00.103686 [/Devices/i8254/0/] (level 3)
00:00:00.103686 
00:00:00.103686 [/Devices/i8254/0/Config/] (level 4)
00:00:00.103686 
00:00:00.103686 [/Devices/i8259/] (level 2)
00:00:00.103686 
00:00:00.103686 [/Devices/i8259/0/] (level 3)
00:00:00.103686   Trusted <integer> = 0x0000000000000001 (1)
00:00:00.103686 
00:00:00.103686 [/Devices/i8259/0/Config/] (level 4)
00:00:00.103686 
00:00:00.103686 [/Devices/ichac97/] (level 2)
00:00:00.103686 
00:00:00.103686 [/Devices/ichac97/0/] (level 3)
00:00:00.103686   PCIBusNo      <integer> = 0x0000000000000000 (0)
00:00:00.103686   PCIDeviceNo   <integer> = 0x0000000000000005 (5)
00:00:00.103686   PCIFunctionNo <integer> = 0x0000000000000000 (0)
00:00:00.103686   Trusted       <integer> = 0x0000000000000001 (1)
00:00:00.103686 
00:00:00.103686 [/Devices/ichac97/0/AudioConfig/] (level 4)
00:00:00.103686 
00:00:00.103686 [/Devices/ichac97/0/Config/] (level 4)
00:00:00.103686   Codec        <string>  = "AD1980" (cb=7)
00:00:00.103686   DebugEnabled <integer> = 0x0000000000000000 (0)
00:00:00.103686 
00:00:00.103686 [/Devices/ichac97/0/LUN#0/] (level 4)
00:00:00.103686   Driver <string>  = "AUDIO" (cb=6)
00:00:00.103686 
00:00:00.103686 [/Devices/ichac97/0/LUN#0/AttachedDriver/] (level 5)
00:00:00.103686   Driver <string>  = "PulseAudio" (cb=11)
00:00:00.103686 
00:00:00.103686 [/Devices/ichac97/0/LUN#0/AttachedDriver/Config/] (level 6)
00:00:00.103686   VmName <string>  = "r3" (cb=3)
00:00:00.103686 
00:00:00.103686 [/Devices/ichac97/0/LUN#0/Config/] (level 5)
00:00:00.103686   DriverName    <string>  = "PulseAudio" (cb=11)
00:00:00.103686   InputEnabled  <integer> = 0x0000000000000000 (0)
00:00:00.103686   OutputEnabled <integer> = 0x0000000000000001 (1)
00:00:00.103686 
00:00:00.103686 [/Devices/ichac97/0/LUN#1/] (level 4)
00:00:00.103686   Driver <string>  = "AUDIO" (cb=6)
00:00:00.103686 
00:00:00.103686 [/Devices/ichac97/0/LUN#2/] (level 4)
00:00:00.103686   Driver <string>  = "AUDIO" (cb=6)
00:00:00.103686 
00:00:00.103686 [/Devices/ioapic/] (level 2)
00:00:00.103686 
00:00:00.103686 [/Devices/ioapic/0/] (level 3)
00:00:00.103686   Trusted <integer> = 0x0000000000000001 (1)
00:00:00.103686 
00:00:00.103686 [/Devices/ioapic/0/Config/] (level 4)
00:00:00.103686   NumCPUs <integer> = 0x0000000000000001 (1)
00:00:00.103686 
00:00:00.103686 [/Devices/mc146818/] (level 2)
00:00:00.103686 
00:00:00.103686 [/Devices/mc146818/0/] (level 3)
00:00:00.103686 
00:00:00.103686 [/Devices/mc146818/0/Config/] (level 4)
00:00:00.103686   UseUTC <integer> = 0x0000000000000001 (1)
00:00:00.103686 
00:00:00.103686 [/Devices/parallel/] (level 2)
00:00:00.103686 
00:00:00.103686 [/Devices/pcarch/] (level 2)
00:00:00.103686 
00:00:00.103686 [/Devices/pcarch/0/] (level 3)
00:00:00.103686   Trusted <integer> = 0x0000000000000001 (1)
00:00:00.103686 
00:00:00.103686 [/Devices/pcarch/0/Config/] (level 4)
00:00:00.103686 
00:00:00.103686 [/Devices/pcbios/] (level 2)
00:00:00.103686 
00:00:00.103686 [/Devices/pcbios/0/] (level 3)
00:00:00.103686   Trusted <integer> = 0x0000000000000001 (1)
00:00:00.103686 
00:00:00.103686 [/Devices/pcbios/0/Config/] (level 4)
00:00:00.103686   APIC               <integer> = 0x0000000000000001 (1)
00:00:00.103686   BootDevice0        <string>  = "FLOPPY" (cb=7)
00:00:00.103686   BootDevice1        <string>  = "DVD" (cb=4)
00:00:00.103686   BootDevice2        <string>  = "IDE" (cb=4)
00:00:00.103686   BootDevice3        <string>  = "NONE" (cb=5)
00:00:00.103686   FloppyDevice       <string>  = "i82078" (cb=7)
00:00:00.103686   HardDiskDevice     <string>  = "piix3ide" (cb=9)
00:00:00.103686   IOAPIC             <integer> = 0x0000000000000001 (1)
00:00:00.103686   McfgBase           <integer> = 0x0000000000000000 (0)
00:00:00.103686   McfgLength         <integer> = 0x0000000000000000 (0)
00:00:00.103686   NumCPUs            <integer> = 0x0000000000000001 (1)
00:00:00.103686   PXEDebug           <integer> = 0x0000000000000000 (0)
00:00:00.103686   SataHardDiskDevice <string>  = "ahci" (cb=5)
00:00:00.103686   SataLUN1           <integer> = 0x0000000000000000 (0)
00:00:00.103686   UUID               <bytes>   = "6b 80 91 34 b9 3c 1f 4e 92 db b8 b6 fc d7 71 e8" (cb=16)
00:00:00.103686   UuidLe             <integer> = 0x0000000000000000 (0)
00:00:00.103686 
00:00:00.103686 [/Devices/pcbios/0/Config/NetBoot/] (level 5)
00:00:00.103686 
00:00:00.103686 [/Devices/pcbios/0/Config/NetBoot/0/] (level 6)
00:00:00.103686   NIC           <integer> = 0x0000000000000000 (0)
00:00:00.103686   PCIBusNo      <integer> = 0x0000000000000000 (0)
00:00:00.103686   PCIDeviceNo   <integer> = 0x0000000000000003 (3)
00:00:00.103686   PCIFunctionNo <integer> = 0x0000000000000000 (0)
00:00:00.103686 
00:00:00.103686 [/Devices/pci/] (level 2)
00:00:00.103686 
00:00:00.103686 [/Devices/pci/0/] (level 3)
00:00:00.103686   Trusted <integer> = 0x0000000000000001 (1)
00:00:00.103686 
00:00:00.103686 [/Devices/pci/0/Config/] (level 4)
00:00:00.103686   IOAPIC <integer> = 0x0000000000000001 (1)
00:00:00.103686 
00:00:00.103686 [/Devices/pcibridge/] (level 2)
00:00:00.103686 
00:00:00.103686 [/Devices/pckbd/] (level 2)
00:00:00.103686 
00:00:00.103686 [/Devices/pckbd/0/] (level 3)
00:00:00.103686   Trusted <integer> = 0x0000000000000001 (1)
00:00:00.103686 
00:00:00.103686 [/Devices/pckbd/0/Config/] (level 4)
00:00:00.103686 
00:00:00.103686 [/Devices/pckbd/0/LUN#0/] (level 4)
00:00:00.103686   Driver <string>  = "KeyboardQueue" (cb=14)
00:00:00.103686 
00:00:00.103686 [/Devices/pckbd/0/LUN#0/AttachedDriver/] (level 5)
00:00:00.103686   Driver <string>  = "MainKeyboard" (cb=13)
00:00:00.103686 
00:00:00.103686 [/Devices/pckbd/0/LUN#0/AttachedDriver/Config/] (level 6)
00:00:00.103686   Object <integer> = 0x0000558457bafbc0 (94 026 895 915 968)
00:00:00.103686 
00:00:00.103686 [/Devices/pckbd/0/LUN#0/Config/] (level 5)
00:00:00.103686   QueueSize <integer> = 0x0000000000000040 (64)
00:00:00.103686 
00:00:00.103686 [/Devices/pckbd/0/LUN#1/] (level 4)
00:00:00.103686   Driver <string>  = "MouseQueue" (cb=11)
00:00:00.103686 
00:00:00.103686 [/Devices/pckbd/0/LUN#1/AttachedDriver/] (level 5)
00:00:00.103686   Driver <string>  = "MainMouse" (cb=10)
00:00:00.103686 
00:00:00.103686 [/Devices/pckbd/0/LUN#1/AttachedDriver/Config/] (level 6)
00:00:00.103686   Object <integer> = 0x00007f7e78006090 (140 181 155 897 488)
00:00:00.103686 
00:00:00.103686 [/Devices/pckbd/0/LUN#1/Config/] (level 5)
00:00:00.103686   QueueSize <integer> = 0x0000000000000080 (128)
00:00:00.103686 
00:00:00.103686 [/Devices/pcnet/] (level 2)
00:00:00.103686 
00:00:00.103686 [/Devices/piix3ide/] (level 2)
00:00:00.103686 
00:00:00.103686 [/Devices/piix3ide/0/] (level 3)
00:00:00.103686   PCIBusNo      <integer> = 0x0000000000000000 (0)
00:00:00.103686   PCIDeviceNo   <integer> = 0x0000000000000001 (1)
00:00:00.103686   PCIFunctionNo <integer> = 0x0000000000000001 (1)
00:00:00.103686   Trusted       <integer> = 0x0000000000000001 (1)
00:00:00.103686 
00:00:00.103686 [/Devices/piix3ide/0/Config/] (level 4)
00:00:00.103686   Type <string>  = "PIIX4" (cb=6)
00:00:00.103686 
00:00:00.103686 [/Devices/piix3ide/0/LUN#0/] (level 4)
00:00:00.103686   Driver <string>  = "VD" (cb=3)
00:00:00.103686 
00:00:00.103686 [/Devices/piix3ide/0/LUN#0/Config/] (level 5)
00:00:00.103686   EmptyDrive <integer> = 0x0000000000000001 (1)
00:00:00.103686   Mountable  <integer> = 0x0000000000000001 (1)
00:00:00.103686   Type       <string>  = "DVD" (cb=4)
00:00:00.103686 
00:00:00.103686 [/Devices/piix3ide/0/LUN#999/] (level 4)
00:00:00.103686   Driver <string>  = "MainStatus" (cb=11)
00:00:00.103686 
00:00:00.103686 [/Devices/piix3ide/0/LUN#999/Config/] (level 5)
00:00:00.103686   DeviceInstance        <string>  = "piix3ide/0" (cb=11)
00:00:00.103686   First                 <integer> = 0x0000000000000000 (0)
00:00:00.103686   Last                  <integer> = 0x0000000000000003 (3)
00:00:00.103686   pConsole              <integer> = 0x00007f7e780013e0 (140 181 155 877 856)
00:00:00.103686   papLeds               <integer> = 0x00007f7e78001ba0 (140 181 155 879 840)
00:00:00.103686   pmapMediumAttachments <integer> = 0x00007f7e780027d8 (140 181 155 882 968)
00:00:00.103686 
00:00:00.103686 [/Devices/serial/] (level 2)
00:00:00.103686 
00:00:00.103686 [/Devices/usb-ohci/] (level 2)
00:00:00.103686 
00:00:00.103686 [/Devices/usb-ohci/0/] (level 3)
00:00:00.103686   PCIBusNo      <integer> = 0x0000000000000000 (0)
00:00:00.103686   PCIDeviceNo   <integer> = 0x0000000000000006 (6)
00:00:00.103686   PCIFunctionNo <integer> = 0x0000000000000000 (0)
00:00:00.103686   Trusted       <integer> = 0x0000000000000001 (1)
00:00:00.103686 
00:00:00.103686 [/Devices/usb-ohci/0/Config/] (level 4)
00:00:00.103686 
00:00:00.103686 [/Devices/usb-ohci/0/LUN#0/] (level 4)
00:00:00.103686   Driver <string>  = "VUSBRootHub" (cb=12)
00:00:00.103686 
00:00:00.103686 [/Devices/usb-ohci/0/LUN#0/Config/] (level 5)
00:00:00.103686 
00:00:00.103686 [/Devices/usb-ohci/0/LUN#999/] (level 4)
00:00:00.103686   Driver <string>  = "MainStatus" (cb=11)
00:00:00.103686 
00:00:00.103686 [/Devices/usb-ohci/0/LUN#999/Config/] (level 5)
00:00:00.103686   First   <integer> = 0x0000000000000000 (0)
00:00:00.103686   Last    <integer> = 0x0000000000000000 (0)
00:00:00.103686   papLeds <integer> = 0x00007f7e780027c0 (140 181 155 882 944)
00:00:00.103686 
00:00:00.103686 [/Devices/vga/] (level 2)
00:00:00.103686 
00:00:00.103686 [/Devices/vga/0/] (level 3)
00:00:00.103686   PCIBusNo      <integer> = 0x0000000000000000 (0)
00:00:00.103686   PCIDeviceNo   <integer> = 0x0000000000000002 (2)
00:00:00.103686   PCIFunctionNo <integer> = 0x0000000000000000 (0)
00:00:00.103686   Trusted       <integer> = 0x0000000000000001 (1)
00:00:00.103686 
00:00:00.103686 [/Devices/vga/0/Config/] (level 4)
00:00:00.103686   3DEnabled          <integer> = 0x0000000000000000 (0)
00:00:00.103686   CustomVideoModes   <integer> = 0x0000000000000000 (0)
00:00:00.103686   FadeIn             <integer> = 0x0000000000000001 (1)
00:00:00.103686   FadeOut            <integer> = 0x0000000000000001 (1)
00:00:00.103686   HeightReduction    <integer> = 0x0000000000000000 (0)
00:00:00.103686   LogoFile           <string>  = "" (cb=1)
00:00:00.103686   LogoTime           <integer> = 0x0000000000000000 (0)
00:00:00.103686   MonitorCount       <integer> = 0x0000000000000001 (1)
00:00:00.103686   ShowBootMenu       <integer> = 0x0000000000000002 (2)
00:00:00.103686   VMSVGA3dEnabled    <integer> = 0x0000000000000000 (0)
00:00:00.103686   VMSVGAEnabled      <integer> = 0x0000000000000001 (1)
00:00:00.103686   VMSVGAPciBarLayout <integer> = 0x0000000000000001 (1)
00:00:00.103686   VMSVGAPciId        <integer> = 0x0000000000000001 (1)
00:00:00.103686   VRamSize           <integer> = 0x0000000001000000 (16 777 216, 16 MB)
00:00:00.103686 
00:00:00.103686 [/Devices/vga/0/LUN#0/] (level 4)
00:00:00.103686   Driver <string>  = "MainDisplay" (cb=12)
00:00:00.103686 
00:00:00.103686 [/Devices/vga/0/LUN#0/Config/] (level 5)
00:00:00.103686   Object <integer> = 0x00007f7e78006cd0 (140 181 155 900 624)
00:00:00.103686 
00:00:00.103686 [/Devices/vga/0/LUN#999/] (level 4)
00:00:00.103686   Driver <string>  = "MainStatus" (cb=11)
00:00:00.103686 
00:00:00.103686 [/Devices/vga/0/LUN#999/Config/] (level 5)
00:00:00.103686   First   <integer> = 0x0000000000000000 (0)
00:00:00.103686   Last    <integer> = 0x0000000000000000 (0)
00:00:00.103686   papLeds <integer> = 0x00007f7e780027d0 (140 181 155 882 960)
00:00:00.103686 
00:00:00.103686 [/Devices/virtio-net/] (level 2)
00:00:00.103686 
00:00:00.103686 [/EM/] (level 1)
00:00:00.103686   TripleFaultReset <integer> = 0x0000000000000000 (0)
00:00:00.103686 
00:00:00.103686 [/GIM/] (level 1)
00:00:00.103686   Provider <string>  = "KVM" (cb=4)
00:00:00.103686 
00:00:00.103686 [/HM/] (level 1)
00:00:00.103686   64bitEnabled            <integer> = 0x0000000000000001 (1)
00:00:00.103686   EnableLargePages        <integer> = 0x0000000000000000 (0)
00:00:00.103686   EnableNestedPaging      <integer> = 0x0000000000000001 (1)
00:00:00.103686   EnableUX                <integer> = 0x0000000000000001 (1)
00:00:00.103686   EnableVPID              <integer> = 0x0000000000000001 (1)
00:00:00.103686   Exclusive               <integer> = 0x0000000000000001 (1)
00:00:00.103686   HMForced                <integer> = 0x0000000000000001 (1)
00:00:00.103686   IBPBOnVMEntry           <integer> = 0x0000000000000000 (0)
00:00:00.103686   IBPBOnVMExit            <integer> = 0x0000000000000000 (0)
00:00:00.103686   L1DFlushOnSched         <integer> = 0x0000000000000001 (1)
00:00:00.103686   L1DFlushOnVMEntry       <integer> = 0x0000000000000000 (0)
00:00:00.103686   LovelyMesaDrvWorkaround <integer> = 0x0000000000000001 (1)
00:00:00.103686   MDSClearOnSched         <integer> = 0x0000000000000001 (1)
00:00:00.103686   MDSClearOnVMEntry       <integer> = 0x0000000000000000 (0)
00:00:00.103686   SpecCtrlByHost          <integer> = 0x0000000000000000 (0)
00:00:00.103686   UseNEMInstead           <integer> = 0x0000000000000000 (0)
00:00:00.103686 
00:00:00.103686 [/MM/] (level 1)
00:00:00.103686   CanUseLargerHeap <integer> = 0x0000000000000000 (0)
00:00:00.103686 
00:00:00.103686 [/NEM/] (level 1)
00:00:00.103686   Allow64BitGuests        <integer> = 0x0000000000000001 (1)
00:00:00.103686   LovelyMesaDrvWorkaround <integer> = 0x0000000000000001 (1)
00:00:00.103686 
00:00:00.103686 [/PDM/] (level 1)
00:00:00.103686 
00:00:00.103686 [/PDM/AsyncCompletion/] (level 2)
00:00:00.103686 
00:00:00.103686 [/PDM/AsyncCompletion/File/] (level 3)
00:00:00.103686 
00:00:00.103686 [/PDM/AsyncCompletion/File/BwGroups/] (level 4)
00:00:00.103686 
00:00:00.103686 [/PDM/BlkCache/] (level 2)
00:00:00.103686   CacheSize <integer> = 0x0000000000500000 (5 242 880, 5 MB)
00:00:00.103686 
00:00:00.103686 [/PDM/Devices/] (level 2)
00:00:00.103686 
00:00:00.103686 [/PDM/Drivers/] (level 2)
00:00:00.103686 
00:00:00.103686 [/PDM/Drivers/VBoxC/] (level 3)
00:00:00.103686   Path <string>  = "/usr/lib/virtualbox/components/VBoxC" (cb=37)
00:00:00.103686 
00:00:00.103686 [/PDM/NetworkShaper/] (level 2)
00:00:00.103686 
00:00:00.103686 [/PDM/NetworkShaper/BwGroups/] (level 3)
00:00:00.103686 
00:00:00.103686 [/TM/] (level 1)
00:00:00.103686   UTCOffset <integer> = 0x0000000000000000 (0)
00:00:00.103686 
00:00:00.103686 [/USB/] (level 1)
00:00:00.103686 
00:00:00.103686 [/USB/HidMouse/] (level 2)
00:00:00.103686 
00:00:00.103686 [/USB/HidMouse/0/] (level 3)
00:00:00.103686 
00:00:00.103686 [/USB/HidMouse/0/Config/] (level 4)
00:00:00.103686   Mode <string>  = "absolute" (cb=9)
00:00:00.103686 
00:00:00.103686 [/USB/HidMouse/0/LUN#0/] (level 4)
00:00:00.103686   Driver <string>  = "MouseQueue" (cb=11)
00:00:00.103686 
00:00:00.103686 [/USB/HidMouse/0/LUN#0/AttachedDriver/] (level 5)
00:00:00.103686   Driver <string>  = "MainMouse" (cb=10)
00:00:00.103686 
00:00:00.103686 [/USB/HidMouse/0/LUN#0/AttachedDriver/Config/] (level 6)
00:00:00.103686   Object <integer> = 0x00007f7e78006090 (140 181 155 897 488)
00:00:00.103686 
00:00:00.103686 [/USB/HidMouse/0/LUN#0/Config/] (level 5)
00:00:00.103686   QueueSize <integer> = 0x0000000000000080 (128)
00:00:00.103686 
00:00:00.103686 [/USB/USBProxy/] (level 2)
00:00:00.103686 
00:00:00.103686 [/USB/USBProxy/GlobalConfig/] (level 3)
00:00:00.103686 
00:00:00.103686 ********************* End of CFGM dump **********************
00:00:00.103686 HM: HMR3Init: VT-x w/ nested paging and unrestricted guest execution hw support
00:00:00.103686 MM: cbHyperHeap=0x200000 (2097152)
00:00:00.108253 CPUM: fXStateHostMask=0x7; initial: 0x7; host XCR0=0x1f
00:00:00.109355 CPUM: Matched host CPU INTEL 0x6/0x9e/0x9 Intel_Core7_KabyLake with CPU DB entry 'Intel Core i7-6700K' (INTEL 0x6/0x5e/0x3 Intel_Core7_Skylake)
00:00:00.109407 CPUM: MXCSR_MASK=0xffff (host: 0xffff)
00:00:00.109420 CPUM: Microcode revision 0x000000EA
00:00:00.109429 CPUM: Changing leaf 13[0]: EBX=0x440 -> 0x340, ECX=0x440 -> 0x340
00:00:00.109438 CPUM: MSR/CPUID reconciliation insert: 0x0000010b IA32_FLUSH_CMD
00:00:00.109549 PGM: Host paging mode: AMD64+PGE+NX
00:00:00.109557 PGM: PGMPool: cMaxPages=768 (u64MaxPages=545)
00:00:00.109561 PGM: pgmR3PoolInit: cMaxPages=0x300 cMaxUsers=0x600 cMaxPhysExts=0x600 fCacheEnable=true 
00:00:00.110103 PGM: /proc/sys/vm/max_map_count = 65530 (rc2=VWRN_TRAILING_CHARS); cGuessNeeded=16384
00:00:00.111838 TM: GIP - u32Mode=3 (Invariant) u32UpdateHz=62 u32UpdateIntervalNS=16000000 enmUseTscDelta=2 (Practically Zero) fGetGipCpu=0x1b cCpus=4
00:00:00.111851 TM: GIP - u64CpuHz=2 495 955 266 (0x94c54142)  SUPGetCpuHzFromGip => 2 495 955 266
00:00:00.111858 TM: GIP - CPU: iCpuSet=0x0 idCpu=0x0 idApic=0x0 iGipCpu=0x2 i64TSCDelta=0 enmState=3 u64CpuHz=2495997469(*) cErrors=0
00:00:00.111863 TM: GIP - CPU: iCpuSet=0x1 idCpu=0x1 idApic=0x2 iGipCpu=0x0 i64TSCDelta=0 enmState=3 u64CpuHz=2495955266(*) cErrors=0
00:00:00.111868 TM: GIP - CPU: iCpuSet=0x2 idCpu=0x2 idApic=0x4 iGipCpu=0x1 i64TSCDelta=0 enmState=3 u64CpuHz=2495997754(*) cErrors=0
00:00:00.111872 TM: GIP - CPU: iCpuSet=0x3 idCpu=0x3 idApic=0x6 iGipCpu=0x3 i64TSCDelta=0 enmState=3 u64CpuHz=2495998159(*) cErrors=0
00:00:00.111918 TM: cTSCTicksPerSecond=2 495 955 266 (0x94c54142) enmTSCMode=3 (Dynamic)
00:00:00.111920 TM: TSCTiedToExecution=false TSCNotTiedToHalt=false
00:00:00.112378 EMR3Init: fIemExecutesAll=false fGuruOnTripleFault=true 
00:00:00.112510 IEM: TargetCpu=CURRENT, Microarch=Intel_Core7_KabyLake
00:00:00.112575 GIM: Using provider 'KVM' (Implementation version: 0)
00:00:00.112582 CPUM: SetGuestCpuIdFeature: Enabled Hypervisor Present bit
00:00:00.151844 AIOMgr: Default manager type is 'Async'
00:00:00.151868 AIOMgr: Default file backend is 'NonBuffered'
00:00:00.152200 BlkCache: Cache successfully initialized. Cache size is 5242880 bytes
00:00:00.152214 BlkCache: Cache commit interval is 10000 ms
00:00:00.152218 BlkCache: Cache commit threshold is 2621440 bytes
00:00:00.153716 PcBios: [SMP] BIOS with 1 CPUs
00:00:00.153752 PcBios: Using the 386+ BIOS image.
00:00:00.153842 PcBios: MPS table at 000e1300
00:00:00.154326 PcBios: fCheckShutdownStatusForSoftReset=true   fClearShutdownStatusOnHardReset=true 
00:00:00.154536 SUP: Opened VBoxDDR0.r0 (/usr/lib/virtualbox/VBoxDDR0.r0) at 0xXXXXXXXXXXXXXXXX.
00:00:00.154750 CPUM: SetGuestCpuIdFeature: Enabled xAPIC
00:00:00.154757 CPUM: SetGuestCpuIdFeature: Enabled x2APIC
00:00:00.155011 IOAPIC: Using implementation 2.0! Chipset type ICH9
00:00:00.155073 PIT: mode=3 count=0x10000 (65536) - 18.20 Hz (ch=0)
00:00:00.155775 VMMDev: cbDefaultBudget: 261 373 696 (f943f00)
00:00:00.158300 Shared Folders service loaded
00:00:00.159168 Guest Control service loaded
00:00:00.166263 VGA: Using the 386+ BIOS image.
00:00:00.167772 DrvVD: Flushes will be ignored
00:00:00.167784 DrvVD: Async flushes will be passed to the disk
00:00:00.167804 VD: VDInit finished with VINF_SUCCESS
00:00:00.171696 AIOMgr: Endpoint for file '/home/vamsi/Documents/Acads/Sem 7/Computer Networks/Lab/Lab2/lab2_network/VMImages/base/base.vdi' (flags 000c0781) created successfully
00:00:00.184478 AIOMgr: Endpoint for file '/home/vamsi/Documents/Acads/Sem 7/Computer Networks/Lab/Lab2/lab2_network/VMImages/base/Snapshots/{8f83ab64-891d-4e29-8532-09d2e668c3dd}.vdi' (flags 000c0781) created successfully
00:00:00.208029 AIOMgr: Endpoint for file '/home/vamsi/Documents/Acads/Sem 7/Computer Networks/Lab/Lab2/lab2_network/VMImages/base/Snapshots/{ca230307-de07-4ee1-b500-8daa8ed4ebc4}.vdi' (flags 000c0781) created successfully
00:00:00.226235 AIOMgr: Endpoint for file '/home/vamsi/Documents/Acads/Sem 7/Computer Networks/Lab/Lab2/lab2_network/VMImages/base/Snapshots/{ccd6ab89-9973-43d9-b6e3-1bbb050f93f6}.vdi' (flags 000c0781) created successfully
00:00:00.246245 AIOMgr: Endpoint for file '/home/vamsi/Documents/Acads/Sem 7/Computer Networks/Lab/Lab2/lab2_network/VMImages/base/Snapshots/{460704c9-eba7-45f7-8877-3bd6e52bdccc}.vdi' (flags 000c0781) created successfully
00:00:00.254352 AIOMgr: Endpoint for file '/home/vamsi/Documents/Acads/Sem 7/Computer Networks/Lab/Lab2/lab2_network/VMImages/base/Snapshots/{9cf32156-823d-496b-b336-6898fee923b5}.vdi' (flags 000c0781) created successfully
00:00:00.274335 AIOMgr: Endpoint for file '/home/vamsi/Documents/Acads/Sem 7/Computer Networks/Lab/Lab2/lab2_network/VMImages/base/Snapshots/{e22e9aa4-80c9-4e03-93d6-0caee39f6838}.vdi' (flags 000c0781) created successfully
00:00:00.294412 AIOMgr: Endpoint for file '/home/vamsi/Documents/Acads/Sem 7/Computer Networks/Lab/Lab2/lab2_network/VMImages/base/Snapshots/{de61f8ab-48fc-4083-8012-37d3dccc097c}.vdi' (flags 000c0781) created successfully
00:00:00.311720 AIOMgr: Endpoint for file '/home/vamsi/Documents/Acads/Sem 7/Computer Networks/Lab/Lab2/lab2_network/VMImages/r3/Snapshots/{28461364-3f3e-41e2-84ec-08f166b423dc}.vdi' (flags 000c0723) created successfully
00:00:00.311720 VD: Opening the disk took 143916062 ns
00:00:00.311720 AHCI: LUN#0: disk, PCHS=2212/16/63, total number of sectors 2229702
00:00:00.311720 AHCI#0: Reset the HBA
00:00:00.311720 VD#0: Cancelling all active requests
00:00:00.316612 DrvVD: Flushes will be ignored
00:00:00.316629 DrvVD: Async flushes will be passed to the disk
00:00:00.316667 PIIX3 ATA: LUN#0: CD/DVD, total number of sectors 0, passthrough disabled
00:00:00.319673 PIIX3 ATA: LUN#1: no unit
00:00:00.319805 PIIX3 ATA: LUN#2: no unit
00:00:00.319811 PIIX3 ATA: LUN#3: no unit
00:00:00.319876 PIIX3 ATA: Ctl#0: finished processing RESET
00:00:00.319913 PIIX3 ATA: Ctl#1: finished processing RESET
00:00:00.320009 E1000#0: Chip=82540EM LinkUpDelay=3000ms EthernetCRC=on GSO=enabled Itr=disabled ItrRx=enabled TID=disabled R0=enabled RC=disabled
00:00:00.330364 NAT: Guest address guess set to 10.0.2.15 by initialization
00:00:00.330478 NAT: resolv.conf: nameserver 127.0.0.53
00:00:00.330493 NAT: DNS server 127.0.0.53 registration detected, switching to the DNS proxy
00:00:00.330498 NAT: DNS#0: 127.0.0.53
00:00:00.330539 NAT: Set redirect TCP 0.0.0.0:14603 -> 0.0.0.0:22
00:00:00.331509 E1000#1: Chip=82540EM LinkUpDelay=3000ms EthernetCRC=on GSO=enabled Itr=disabled ItrRx=enabled TID=disabled R0=enabled RC=disabled
00:00:00.331592 IntNet#0: szNetwork={intnet3} enmTrunkType=2 szTrunk={} fFlags=0x8000 cbRecv=325632 cbSend=196608 fIgnoreConnectFailure=false
00:00:00.332324 E1000#2: Chip=82540EM LinkUpDelay=3000ms EthernetCRC=on GSO=enabled Itr=disabled ItrRx=enabled TID=disabled R0=enabled RC=disabled
00:00:00.332383 IntNet#1: szNetwork={intnet102} enmTrunkType=2 szTrunk={} fFlags=0x8000 cbRecv=325632 cbSend=196608 fIgnoreConnectFailure=false
00:00:00.333033 E1000#3: Chip=82540EM LinkUpDelay=3000ms EthernetCRC=on GSO=enabled Itr=disabled ItrRx=enabled TID=disabled R0=enabled RC=disabled
00:00:00.333090 IntNet#2: szNetwork={intnet103} enmTrunkType=2 szTrunk={} fFlags=0x8000 cbRecv=325632 cbSend=196608 fIgnoreConnectFailure=false
00:00:00.333744 AC97: Using codec 'AD1980'
00:00:00.333816 Audio: Initializing PulseAudio driver
00:00:00.336432 PulseAudio: Using version 11.1.0
00:00:00.339053 PulseAudio: Retrieving server information ...
00:00:00.339630 Audio: Found 3 devices for driver 'PulseAudio'
00:00:00.339645 Audio: Device 'Built-in Audio Analog Stereo':
00:00:00.339646 Audio:   ID              = alsa_output.pci-0000_00_1f.3.analog-stereo
00:00:00.339647 Audio:   Usage           = output
00:00:00.339647 Audio:   Flags           = DEFAULT_OUT
00:00:00.339648 Audio:   Input channels  = 0
00:00:00.339649 Audio:   Output channels = 2
00:00:00.339652 Audio: Device 'Monitor of Built-in Audio Analog Stereo':
00:00:00.339653 Audio:   ID              = alsa_output.pci-0000_00_1f.3.analog-stereo.monitor
00:00:00.339653 Audio:   Usage           = input
00:00:00.339654 Audio:   Flags           = NONE
00:00:00.339654 Audio:   Input channels  = 2
00:00:00.339655 Audio:   Output channels = 0
00:00:00.339658 Audio: Device 'Built-in Audio Analog Stereo':
00:00:00.339659 Audio:   ID              = alsa_input.pci-0000_00_1f.3.analog-stereo
00:00:00.339659 Audio:   Usage           = input
00:00:00.339659 Audio:   Flags           = DEFAULT_IN
00:00:00.339660 Audio:   Input channels  = 2
00:00:00.339660 Audio:   Output channels = 0
00:00:00.339766 AC97: Reset
00:00:00.339772 AC97: Mixer reset (EAID=0x809, EACS=0x9)
00:00:00.339776 AC97: Record select to left=mic, right=mic
00:00:00.340827 VUSB: Attached 'HidMouse' to port 1 on RootHub#0 (FullSpeed)
00:00:00.340870 PGM: The CPU physical address width is 39 bits
00:00:00.340876 PGM: PGMR3InitFinalize: 4 MB PSE mask 0000007fffffffff -> VINF_SUCCESS
00:00:00.340904 TM: TMR3InitFinalize: fTSCModeSwitchAllowed=true 
00:00:00.341074 VMM: Enabled thread-context hooks
00:00:00.341080 VMM: RTThreadPreemptIsPending() can be trusted
00:00:00.341083 VMM: Kernel preemption is not possible it seems
00:00:00.341096 HM: fWorldSwitcher=0x0 (fIbpbOnVmExit=false fIbpbOnVmEntry=false fL1dFlushOnVmEntry=false); fL1dFlushOnSched=true  fMdsClearOnVmEntry=false
00:00:00.341103 HM: Using VT-x implementation 3.0
00:00:00.341104 HM: Max resume loops                  = 8192
00:00:00.341105 HM: Host CR4                          = 0x3606e0
00:00:00.341106 HM: Host EFER                         = 0xd01
00:00:00.341107 HM: MSR_IA32_SMM_MONITOR_CTL          = 0x0
00:00:00.341107 HM: MSR_IA32_FEATURE_CONTROL          = 0x5
00:00:00.341108 HM:   LOCK
00:00:00.341109 HM:   VMXON
00:00:00.341109 HM: MSR_IA32_VMX_BASIC                = 0xda040000000004
00:00:00.341110 HM:   VMCS id                           = 0x4
00:00:00.341111 HM:   VMCS size                         = 1024 bytes
00:00:00.341112 HM:   VMCS physical address limit       = None
00:00:00.341112 HM:   VMCS memory type                  = Write Back (WB)
00:00:00.341113 HM:   Dual-monitor treatment support    = true 
00:00:00.341114 HM:   OUTS & INS instruction-info       = true 
00:00:00.341114 HM:   Supports true-capability MSRs     = true 
00:00:00.341115 HM:   VM-entry Xcpt error-code optional = false
00:00:00.341116 HM: MSR_IA32_VMX_PINBASED_CTLS        = 0x7f00000016
00:00:00.341117 HM:   EXT_INT_EXIT
00:00:00.341117 HM:   NMI_EXIT
00:00:00.341118 HM:   VIRTUAL_NMI
00:00:00.341119 HM:   PREEMPT_TIMER
00:00:00.341119 HM:   POSTED_INT (must be cleared)
00:00:00.341120 HM: MSR_IA32_VMX_PROCBASED_CTLS       = 0xfff9fffe0401e172
00:00:00.341121 HM:   INT_WINDOW_EXIT
00:00:00.341122 HM:   USE_TSC_OFFSETTING
00:00:00.341122 HM:   HLT_EXIT
00:00:00.341123 HM:   INVLPG_EXIT
00:00:00.341123 HM:   MWAIT_EXIT
00:00:00.341124 HM:   RDPMC_EXIT
00:00:00.341124 HM:   RDTSC_EXIT
00:00:00.341125 HM:   CR3_LOAD_EXIT (must be set)
00:00:00.341125 HM:   CR3_STORE_EXIT (must be set)
00:00:00.341126 HM:   CR8_LOAD_EXIT
00:00:00.341126 HM:   CR8_STORE_EXIT
00:00:00.341126 HM:   USE_TPR_SHADOW
00:00:00.341127 HM:   NMI_WINDOW_EXIT
00:00:00.341127 HM:   MOV_DR_EXIT
00:00:00.341128 HM:   UNCOND_IO_EXIT
00:00:00.341128 HM:   USE_IO_BITMAPS
00:00:00.341129 HM:   MONITOR_TRAP_FLAG
00:00:00.341129 HM:   USE_MSR_BITMAPS
00:00:00.341129 HM:   MONITOR_EXIT
00:00:00.341130 HM:   PAUSE_EXIT
00:00:00.341130 HM:   USE_SECONDARY_CTLS
00:00:00.341131 HM: MSR_IA32_VMX_PROCBASED_CTLS2      = 0x5fbcff00000000
00:00:00.341132 HM:   VIRT_APIC_ACCESS
00:00:00.341133 HM:   EPT
00:00:00.341133 HM:   DESC_TABLE_EXIT
00:00:00.341134 HM:   RDTSCP
00:00:00.341134 HM:   VIRT_X2APIC_MODE
00:00:00.341135 HM:   VPID
00:00:00.341135 HM:   WBINVD_EXIT
00:00:00.341136 HM:   UNRESTRICTED_GUEST
00:00:00.341136 HM:   APIC_REG_VIRT (must be cleared)
00:00:00.341137 HM:   VIRT_INT_DELIVERY (must be cleared)
00:00:00.341137 HM:   PAUSE_LOOP_EXIT
00:00:00.341138 HM:   RDRAND_EXIT
00:00:00.341138 HM:   INVPCID
00:00:00.341139 HM:   VMFUNC
00:00:00.341139 HM:   VMCS_SHADOWING (must be cleared)
00:00:00.341140 HM:   ENCLS_EXIT
00:00:00.341140 HM:   RDSEED_EXIT
00:00:00.341141 HM:   PML
00:00:00.341141 HM:   EPT_VE
00:00:00.341142 HM:   CONCEAL_VMX_FROM_PT
00:00:00.341142 HM:   XSAVES_XRSTORS
00:00:00.341142 HM:   MODE_BASED_EPT_PERM
00:00:00.341143 HM:   SPPTP_EPT (must be cleared)
00:00:00.341143 HM:   PT_EPT (must be cleared)
00:00:00.341144 HM:   TSC_SCALING (must be cleared)
00:00:00.341144 HM:   USER_WAIT_PAUSE (must be cleared)
00:00:00.341145 HM:   ENCLV_EXIT (must be cleared)
00:00:00.341145 HM: MSR_IA32_VMX_ENTRY_CTLS           = 0x3ffff000011ff
00:00:00.341146 HM:   LOAD_DEBUG (must be set)
00:00:00.341147 HM:   IA32E_MODE_GUEST
00:00:00.341147 HM:   ENTRY_TO_SMM
00:00:00.341148 HM:   DEACTIVATE_DUAL_MON
00:00:00.341148 HM:   LOAD_PERF_MSR
00:00:00.341149 HM:   LOAD_PAT_MSR
00:00:00.341149 HM:   LOAD_EFER_MSR
00:00:00.341149 HM:   LOAD_BNDCFGS_MSR
00:00:00.341150 HM:   CONCEAL_VMX_FROM_PT
00:00:00.341150 HM:   LOAD_RTIT_CTL_MSR (must be cleared)
00:00:00.341151 HM: MSR_IA32_VMX_EXIT_CTLS            = 0x1ffffff00036dff
00:00:00.341152 HM:   SAVE_DEBUG (must be set)
00:00:00.341152 HM:   HOST_ADDR_SPACE_SIZE
00:00:00.341153 HM:   LOAD_PERF_MSR
00:00:00.341153 HM:   ACK_EXT_INT
00:00:00.341154 HM:   SAVE_PAT_MSR
00:00:00.341154 HM:   LOAD_PAT_MSR
00:00:00.341155 HM:   SAVE_EFER_MSR
00:00:00.341155 HM:   LOAD_EFER_MSR
00:00:00.341155 HM:   SAVE_PREEMPT_TIMER
00:00:00.341156 HM:   CLEAR_BNDCFGS_MSR
00:00:00.341156 HM:   CONCEAL_VMX_FROM_PT
00:00:00.341157 HM:   CLEAR_RTIT_CTL_MSR (must be cleared)
00:00:00.341157 HM: MSR_IA32_VMX_TRUE_PINBASED_CTLS   = 0x7f00000016
00:00:00.341158 HM: MSR_IA32_VMX_TRUE_PROCBASED_CTLS  = 0xfff9fffe04006172
00:00:00.341160 HM: MSR_IA32_VMX_TRUE_ENTRY_CTLS      = 0x3ffff000011fb
00:00:00.341161 HM: MSR_IA32_VMX_TRUE_EXIT_CTLS       = 0x1ffffff00036dfb
00:00:00.341162 HM: MSR_IA32_VMX_MISC                 = 0x7004c1e7
00:00:00.341163 HM:   PREEMPT_TIMER_TSC                 = 0x7
00:00:00.341164 HM:   EXIT_SAVE_EFER_LMA                = true 
00:00:00.341165 HM:   ACTIVITY_STATES                   = 0x7 ( HLT SHUTDOWN SIPI_WAIT )
00:00:00.341165 HM:   INTEL_PT                          = true 
00:00:00.341166 HM:   SMM_READ_SMBASE_MSR               = true 
00:00:00.341167 HM:   CR3_TARGET                        = 0x4
00:00:00.341167 HM:   MAX_MSR                           = 0x0 ( 512 )
00:00:00.341168 HM:   VMXOFF_BLOCK_SMI                  = true 
00:00:00.341169 HM:   VMWRITE_ALL                       = true 
00:00:00.341169 HM:   ENTRY_INJECT_SOFT_INT             = 0x1
00:00:00.341170 HM:   MSEG_ID                           = 0x0
00:00:00.341170 HM: MSR_IA32_VMX_VMCS_ENUM            = 0x2e
00:00:00.341171 HM:   HIGHEST_IDX                       = 0x17
00:00:00.341172 HM: MSR_IA32_VMX_EPT_VPID_CAP         = 0xf0106734141
00:00:00.341173 HM:   RWX_X_ONLY
00:00:00.341173 HM:   PAGE_WALK_LENGTH_4
00:00:00.341174 HM:   EMT_UC
00:00:00.341174 HM:   EMT_WB
00:00:00.341175 HM:   PDE_2M
00:00:00.341175 HM:   PDPTE_1G
00:00:00.341175 HM:   INVEPT
00:00:00.341176 HM:   EPT_ACCESS_DIRTY
00:00:00.341176 HM:   ADVEXITINFO_EPT
00:00:00.341177 HM:   INVEPT_SINGLE_CONTEXT
00:00:00.341177 HM:   INVEPT_ALL_CONTEXTS
00:00:00.341177 HM:   INVVPID
00:00:00.341178 HM:   INVVPID_INDIV_ADDR
00:00:00.341178 HM:   INVVPID_SINGLE_CONTEXT
00:00:00.341179 HM:   INVVPID_ALL_CONTEXTS
00:00:00.341179 HM:   INVVPID_SINGLE_CONTEXT_RETAIN_GLOBALS
00:00:00.341180 HM: MSR_IA32_VMX_VMFUNC               = 0x1
00:00:00.341180 HM:   EPTP_SWITCHING
00:00:00.341181 HM: MSR_IA32_VMX_CR0_FIXED0           = 0x80000021
00:00:00.341182 HM: MSR_IA32_VMX_CR0_FIXED1           = 0xffffffff
00:00:00.341183 HM: MSR_IA32_VMX_CR4_FIXED0           = 0x2000
00:00:00.341183 HM: MSR_IA32_VMX_CR4_FIXED1           = 0x3727ff
00:00:00.341184 HM: APIC-access page physaddr         = 0x0000000269878000
00:00:00.341185 HM: VCPU  0: MSR bitmap physaddr      = 0x00000002698df000
00:00:00.341187 HM: VCPU  0: VMCS physaddr            = 0x0000000269879000
00:00:00.341188 HM: Guest support: 32-bit and 64-bit
00:00:00.341192 HM: Supports VMCS EFER fields         = true 
00:00:00.341193 HM: Enabled VMX
00:00:00.341197 CPUM: SetGuestCpuIdFeature: Enabled SYSENTER/EXIT
00:00:00.341198 CPUM: SetGuestCpuIdFeature: Enabled PAE
00:00:00.341198 CPUM: SetGuestCpuIdFeature: Enabled LONG MODE
00:00:00.341199 CPUM: SetGuestCpuIdFeature: Enabled SYSCALL/RET
00:00:00.341199 CPUM: SetGuestCpuIdFeature: Enabled LAHF/SAHF
00:00:00.341200 CPUM: SetGuestCpuIdFeature: Enabled NX
00:00:00.341200 HM: Enabled nested paging
00:00:00.341201 HM:   EPT flush type                  = Single context
00:00:00.341201 HM: Enabled unrestricted guest execution
00:00:00.341201 HM: Enabled VPID
00:00:00.341202 HM:   VPID flush type                 = Single context
00:00:00.341202 HM: Enabled VMX-preemption timer (cPreemptTimerShift=7)
00:00:00.341203 HM: VT-x/AMD-V init method: Global
00:00:00.341204 EM: Exit history optimizations: enabled=true  enabled-r0=true  enabled-r0-no-preemption=false
00:00:00.341240 PcBios: SATA LUN#0 LCHS=553/64/63
00:00:00.341255 APIC: fPostedIntrsEnabled=false fVirtApicRegsEnabled=false fSupportsTscDeadline=false
00:00:00.341262 TMR3UtcNow: nsNow=1 630 518 994 033 911 000 nsPrev=0 -> cNsDelta=1 630 518 994 033 911 000 (offLag=0 offVirtualSync=0 offVirtualSyncGivenUp=0, NowAgain=1 630 518 994 033 911 000)
00:00:00.341272 VMM: fUsePeriodicPreemptionTimers=false
00:00:00.341390 CPUM: Logical host processors: 4 present, 4 max, 4 online, online mask: 000000000000000f
00:00:00.341466 CPUM: Physical host cores: 4
00:00:00.341467 ************************* CPUID dump ************************
00:00:00.341475          Raw Standard CPUID Leaves
00:00:00.341476      Leaf/sub-leaf  eax      ebx      ecx      edx
00:00:00.341477 Gst: 00000000/0000  00000016 756e6547 6c65746e 49656e69
00:00:00.341479 Hst:                00000016 756e6547 6c65746e 49656e69
00:00:00.341480 Gst: 00000001/0000  000906e9 00010800 d6fa220b 178bfbff
00:00:00.341482 Hst:                000906e9 06100800 7ffafbbf bfebfbff
00:00:00.341484 Gst: 00000002/0000  76036301 00f0b6ff 00000000 00c30000
00:00:00.341485 Hst:                76036301 00f0b6ff 00000000 00c30000
00:00:00.341487 Gst: 00000003/0000  00000000 00000000 00000000 00000000
00:00:00.341488 Hst:                00000000 00000000 00000000 00000000
00:00:00.341489 Gst: 00000004/0000  00000121 01c0003f 0000003f 00000000
00:00:00.341490 Hst:                1c004121 01c0003f 0000003f 00000000
00:00:00.341491 Gst: 00000004/0001  00000122 01c0003f 0000003f 00000000
00:00:00.341492 Hst:                1c004122 01c0003f 0000003f 00000000
00:00:00.341494 Gst: 00000004/0002  00000143 00c0003f 000003ff 00000000
00:00:00.341495 Hst:                1c004143 00c0003f 000003ff 00000000
00:00:00.341496 Gst: 00000004/0003  00000163 02c0003f 00001fff 00000006
00:00:00.341497 Hst:                1c03c163 02c0003f 00001fff 00000006
00:00:00.341498 Gst: 00000004/0004  00000000 00000000 00000000 00000000
00:00:00.341499 Hst:                00000000 00000000 00000000 00000000
00:00:00.341500 Gst: 00000005/0000  00000040 00000040 00000000 00000000
00:00:00.341501 Hst:                00000040 00000040 00000003 11142120
00:00:00.341503 Gst: 00000006/0000  00000000 00000000 00000000 00000000
00:00:00.341504 Hst:                000027f7 00000002 00000009 00000000
00:00:00.341505 Gst: 00000007/0000  00000000 00842421 00000000 10000400
00:00:00.341506 Hst:                00000000 029c67af 00000000 9c002e00
00:00:00.341507 Gst: 00000007/0001  00000000 00000000 00000000 00000000
00:00:00.341508 Hst:                00000000 00000000 00000000 00000000
00:00:00.341509 Gst: 00000008/0000  00000000 00000000 00000000 00000000
00:00:00.341510 Hst:                00000000 00000000 00000000 00000000
00:00:00.341511 Gst: 00000009/0000  00000000 00000000 00000000 00000000
00:00:00.341511 Hst:                00000000 00000000 00000000 00000000
00:00:00.341512 Gst: 0000000a/0000  00000000 00000000 00000000 00000000
00:00:00.341513 Hst:                07300804 00000000 00000000 00000603
00:00:00.341514 Gst: 0000000b/0000  00000000 00000001 00000100 00000000
00:00:00.341515 Hst:                00000001 00000001 00000100 00000006
00:00:00.341516 Gst: 0000000b/0001  00000001 00000001 00000201 00000000
00:00:00.341517 Hst:                00000004 00000004 00000201 00000006
00:00:00.341518 Gst: 0000000b/0002  00000000 00000000 00000002 00000000
00:00:00.341519 Hst:                00000000 00000000 00000002 00000006
00:00:00.341520 Gst: 0000000c/0000  00000000 00000000 00000000 00000000
00:00:00.341520 Hst:                00000000 00000000 00000000 00000000
00:00:00.341521 Gst: 0000000d/0000  00000007 00000340 00000340 00000000
00:00:00.341522 Hst:                0000001f 00000440 00000440 00000000
00:00:00.341523 Gst: 0000000d/0001  00000000 000003c0 00000000 00000000
00:00:00.341524 Hst:                0000000f 000003c0 00000100 00000000
00:00:00.341525 Gst: 0000000d/0002  00000100 00000240 00000000 00000000
00:00:00.341526 Hst:                00000100 00000240 00000000 00000000
00:00:00.341527 Gst: 0000000d/0003  00000000 00000000 00000000 00000000
00:00:00.341528 Hst:                00000040 000003c0 00000000 00000000
00:00:00.341529 Gst: 0000000d/0004  00000000 00000000 00000000 00000000
00:00:00.341530 Hst:                00000040 00000400 00000000 00000000
00:00:00.341531 Gst: 0000000d/0005  00000000 00000000 00000000 00000000
00:00:00.341532 Hst:                00000000 00000000 00000000 00000000
00:00:00.341532 Gst: 0000000d/0006  00000000 00000000 00000000 00000000
00:00:00.341533 Hst:                00000000 00000000 00000000 00000000
00:00:00.341534 Gst: 0000000d/0007  00000000 00000000 00000000 00000000
00:00:00.341535 Hst:                00000000 00000000 00000000 00000000
00:00:00.341536 Gst: 0000000d/0008  00000000 00000000 00000000 00000000
00:00:00.341537 Hst:                00000080 00000000 00000001 00000000
00:00:00.341538 Gst: 0000000d/0009  00000000 00000000 00000000 00000000
00:00:00.341539 Hst:                00000000 00000000 00000000 00000000
00:00:00.341569 Gst: 0000000e/0000  00000000 00000000 00000000 00000000
00:00:00.341570 Hst:                00000000 00000000 00000000 00000000
00:00:00.341571 Gst: 0000000f/0000  00000000 00000000 00000000 00000000
00:00:00.341571 Hst:                00000000 00000000 00000000 00000000
00:00:00.341572 Gst: 00000010/0000  00000000 00000000 00000000 00000000
00:00:00.341573 Hst:                00000000 00000000 00000000 00000000
00:00:00.341574 Gst: 00000011/0000  00000000 00000000 00000000 00000000
00:00:00.341575 Hst:                00000000 00000000 00000000 00000000
00:00:00.341576 Gst: 00000012/0000  00000000 00000000 00000000 00000000
00:00:00.341577 Hst:                00000000 00000000 00000000 00000000
00:00:00.341578 Gst: 00000013/0000  00000000 00000000 00000000 00000000
00:00:00.341579 Hst:                00000000 00000000 00000000 00000000
00:00:00.341579 Gst: 00000014/0000  00000000 00000000 00000000 00000000
00:00:00.341580 Hst:                00000001 0000000f 00000007 00000000
00:00:00.341581 Hst: 00000015/0000  00000002 000000d0 00000000 00000000
00:00:00.341583 Hst: 00000016/0000  000009c4 00000dac 00000064 00000000
00:00:00.341585                                Name: GenuineIntel
00:00:00.341586                            Supports: 0x00000000-0x00000016
00:00:00.341588                              Family:  6 	Extended: 0 	Effective: 6
00:00:00.341590                               Model: 14 	Extended: 9 	Effective: 158
00:00:00.341591                            Stepping: 9
00:00:00.341592                                Type: 0 (primary)
00:00:00.341594                             APIC ID: 0x00
00:00:00.341595                        Logical CPUs: 1
00:00:00.341596                        CLFLUSH Size: 8
00:00:00.341597                            Brand ID: 0x00
00:00:00.341598 Features
00:00:00.341599   Mnemonic - Description                                  = guest (host)
00:00:00.341600   FPU - x87 FPU on Chip                                   = 1 (1)
00:00:00.341602   VME - Virtual 8086 Mode Enhancements                    = 1 (1)
00:00:00.341603   DE - Debugging extensions                               = 1 (1)
00:00:00.341605   PSE - Page Size Extension                               = 1 (1)
00:00:00.341606   TSC - Time Stamp Counter                                = 1 (1)
00:00:00.341607   MSR - Model Specific Registers                          = 1 (1)
00:00:00.341608   PAE - Physical Address Extension                        = 1 (1)
00:00:00.341610   MCE - Machine Check Exception                           = 1 (1)
00:00:00.341611   CX8 - CMPXCHG8B instruction                             = 1 (1)
00:00:00.341612   APIC - APIC On-Chip                                     = 1 (1)
00:00:00.341614   SEP - SYSENTER and SYSEXIT Present                      = 1 (1)
00:00:00.341615   MTRR - Memory Type Range Registers                      = 1 (1)
00:00:00.341616   PGE - PTE Global Bit                                    = 1 (1)
00:00:00.341618   MCA - Machine Check Architecture                        = 1 (1)
00:00:00.341619   CMOV - Conditional Move instructions                    = 1 (1)
00:00:00.341620   PAT - Page Attribute Table                              = 1 (1)
00:00:00.341621   PSE-36 - 36-bit Page Size Extension                     = 1 (1)
00:00:00.341623   PSN - Processor Serial Number                           = 0 (0)
00:00:00.341624   CLFSH - CLFLUSH instruction                             = 1 (1)
00:00:00.341625   DS - Debug Store                                        = 0 (1)
00:00:00.341627   ACPI - Thermal Mon. & Soft. Clock Ctrl.                 = 0 (1)
00:00:00.341628   MMX - Intel MMX Technology                              = 1 (1)
00:00:00.341629   FXSR - FXSAVE and FXRSTOR instructions                  = 1 (1)
00:00:00.341630   SSE - SSE support                                       = 1 (1)
00:00:00.341632   SSE2 - SSE2 support                                     = 1 (1)
00:00:00.341633   SS - Self Snoop                                         = 0 (1)
00:00:00.341635   HTT - Hyper-Threading Technology                        = 1 (1)
00:00:00.341636   TM - Therm. Monitor                                     = 0 (1)
00:00:00.341637   PBE - Pending Break Enabled                             = 0 (1)
00:00:00.341639   SSE3 - SSE3 support                                     = 1 (1)
00:00:00.341640   PCLMUL - PCLMULQDQ support (for AES-GCM)                = 1 (1)
00:00:00.341642   DTES64 - DS Area 64-bit Layout                          = 0 (1)
00:00:00.341643   MONITOR - MONITOR/MWAIT instructions                    = 1 (1)
00:00:00.341644   CPL-DS - CPL Qualified Debug Store                      = 0 (1)
00:00:00.341645   VMX - Virtual Machine Extensions                        = 0 (1)
00:00:00.341646   SMX - Safer Mode Extensions                             = 0 (0)
00:00:00.341648   EST - Enhanced SpeedStep Technology                     = 0 (1)
00:00:00.341649   TM2 - Terminal Monitor 2                                = 0 (1)
00:00:00.341650   SSSE3 - Supplemental Streaming SIMD Extensions 3        = 1 (1)
00:00:00.341651   CNTX-ID - L1 Context ID                                 = 0 (0)
00:00:00.341653   SDBG - Silicon Debug interface                          = 0 (1)
00:00:00.341654   FMA - Fused Multiply Add extensions                     = 0 (1)
00:00:00.341655   CX16 - CMPXCHG16B instruction                           = 1 (1)
00:00:00.341656   TPRUPDATE - xTPR Update Control                         = 0 (1)
00:00:00.341658   PDCM - Perf/Debug Capability MSR                        = 0 (1)
00:00:00.341659   PCID - Process Context Identifiers                      = 1 (1)
00:00:00.341660   DCA - Direct Cache Access                               = 0 (0)
00:00:00.341661   SSE4_1 - SSE4_1 support                                 = 1 (1)
00:00:00.341663   SSE4_2 - SSE4_2 support                                 = 1 (1)
00:00:00.341664   X2APIC - x2APIC support                                 = 1 (1)
00:00:00.341665   MOVBE - MOVBE instruction                               = 1 (1)
00:00:00.341667   POPCNT - POPCNT instruction                             = 1 (1)
00:00:00.341668   TSCDEADL - Time Stamp Counter Deadline                  = 0 (1)
00:00:00.341669   AES - AES instructions                                  = 1 (1)
00:00:00.341671   XSAVE - XSAVE instruction                               = 1 (1)
00:00:00.341672   OSXSAVE - OSXSAVE instruction                           = 0 (1)
00:00:00.341673   AVX - AVX support                                       = 1 (1)
00:00:00.341675   F16C - 16-bit floating point conversion instructions    = 0 (1)
00:00:00.341676   RDRAND - RDRAND instruction                             = 1 (1)
00:00:00.341677   HVP - Hypervisor Present (we're a guest)                = 1 (0)
00:00:00.341678 Structured Extended Feature Flags Enumeration (leaf 7):
00:00:00.341679   Mnemonic - Description                                  = guest (host)
00:00:00.341680   FSGSBASE - RDFSBASE/RDGSBASE/WRFSBASE/WRGSBASE instr.   = 1 (1)
00:00:00.341681   TSCADJUST - Supports MSR_IA32_TSC_ADJUST                = 0 (1)
00:00:00.341682   SGX - Supports Software Guard Extensions                = 0 (1)
00:00:00.341683   BMI1 - Advanced Bit Manipulation extension 1            = 0 (1)
00:00:00.341684   HLE - Hardware Lock Elision                             = 0 (0)
00:00:00.341685   AVX2 - Advanced Vector Extensions 2                     = 1 (1)
00:00:00.341686   FDP_EXCPTN_ONLY - FPU DP only updated on exceptions     = 0 (0)
00:00:00.341687   SMEP - Supervisor Mode Execution Prevention             = 0 (1)
00:00:00.341688   BMI2 - Advanced Bit Manipulation extension 2            = 0 (1)
00:00:00.341689   ERMS - Enhanced REP MOVSB/STOSB instructions            = 0 (1)
00:00:00.341690   INVPCID - INVPCID instruction                           = 1 (1)
00:00:00.341692   RTM - Restricted Transactional Memory                   = 0 (0)
00:00:00.341693   PQM - Platform Quality of Service Monitoring            = 0 (0)
00:00:00.341694   DEPFPU_CS_DS - Deprecates FPU CS, FPU DS values if set  = 1 (1)
00:00:00.341695   MPE - Intel Memory Protection Extensions                = 0 (1)
00:00:00.341696   PQE - Platform Quality of Service Enforcement           = 0 (0)
00:00:00.341697   AVX512F - AVX512 Foundation instructions                = 0 (0)
00:00:00.341698   RDSEED - RDSEED instruction                             = 1 (1)
00:00:00.341699   ADX - ADCX/ADOX instructions                            = 0 (1)
00:00:00.341700   SMAP - Supervisor Mode Access Prevention                = 0 (1)
00:00:00.341701   CLFLUSHOPT - CLFLUSHOPT (Cache Line Flush) instruction  = 1 (1)
00:00:00.341702   INTEL_PT - Intel Processor Trace                        = 0 (1)
00:00:00.341704   AVX512PF - AVX512 Prefetch instructions                 = 0 (0)
00:00:00.341705   AVX512ER - AVX512 Exponential & Reciprocal instructions = 0 (0)
00:00:00.341706   AVX512CD - AVX512 Conflict Detection instructions       = 0 (0)
00:00:00.341707   SHA - Secure Hash Algorithm extensions                  = 0 (0)
00:00:00.341708   PREFETCHWT1 - PREFETCHWT1 instruction                   = 0 (0)
00:00:00.341709   UMIP - User mode insturction prevention                 = 0 (0)
00:00:00.341710   PKU - Protection Key for Usermode pages                 = 0 (0)
00:00:00.341711   OSPKE - CR4.PKU mirror                                  = 0 (0)
00:00:00.341713   MAWAU - Value used by BNDLDX & BNDSTX                   = 0x0 (0x0)
00:00:00.341714   RDPID - Read processor ID support                       = 0 (0)
00:00:00.341715   SGX_LC - Supports SGX Launch Configuration              = 0 (0)
00:00:00.341717    9 - Reserved                                           = 0 (1)
00:00:00.341719   MD_CLEAR - Supports MDS related buffer clearing         = 1 (1)
00:00:00.341719   11 - Reserved                                           = 0 (1)
00:00:00.341721   13 - Reserved                                           = 0 (1)
00:00:00.341723   IBRS_IBPB - IA32_SPEC_CTRL.IBRS and IA32_PRED_CMD.IBPB  = 0 (1)
00:00:00.341723   STIBP - Supports IA32_SPEC_CTRL.STIBP                   = 0 (1)
00:00:00.341725   FLUSH_CMD - Supports IA32_FLUSH_CMD                     = 1 (1)
00:00:00.341726   ARCHCAP - Supports IA32_ARCH_CAP                        = 0 (0)
00:00:00.341727   CORECAP - Supports IA32_CORE_CAP                        = 0 (0)
00:00:00.341728   SSBD - Supports IA32_SPEC_CTRL.SSBD                     = 0 (1)
00:00:00.341730 Processor Extended State Enumeration (leaf 0xd):
00:00:00.341731    XSAVE area cur/max size by XCR0, guest: 0x340/0x340
00:00:00.341732     XSAVE area cur/max size by XCR0, host: 0x440/0x440
00:00:00.341733                    Valid XCR0 bits, guest: 0x00000000`00000007 ( x87 SSE YMM_Hi128 )
00:00:00.341735                     Valid XCR0 bits, host: 0x00000000`0000001f ( x87 SSE YMM_Hi128 BNDREGS BNDCSR )
00:00:00.341738                     XSAVE features, guest:
00:00:00.341739                      XSAVE features, host: XSAVEOPT XSAVEC XGETBC1 XSAVES
00:00:00.341741       XSAVE area cur size XCR0|XSS, guest: 0x3c0
00:00:00.341742        XSAVE area cur size XCR0|XSS, host: 0x3c0
00:00:00.341743                Valid IA32_XSS bits, guest: 0x00000000`00000000
00:00:00.341744                 Valid IA32_XSS bits, host: 0x00000100`00000000 ( 40 )
00:00:00.341746   State #2, guest: off=0x0240, cb=0x0100 IA32_XSS-bit -- YMM_Hi128
00:00:00.341748   State #2, host:  off=0x0240, cb=0x0100 IA32_XSS-bit -- YMM_Hi128
00:00:00.341750   State #3, host:  off=0x03c0, cb=0x0040 IA32_XSS-bit -- BNDREGS
00:00:00.341752   State #4, host:  off=0x0400, cb=0x0040 IA32_XSS-bit -- BNDCSR
00:00:00.341754   State #8, host:  off=0x0000, cb=0x0080 XCR0-bit -- 8
00:00:00.341769          Unknown CPUID Leaves
00:00:00.341770      Leaf/sub-leaf  eax      ebx      ecx      edx
00:00:00.341770 Gst: 00000014/0001  00000000 00000000 00000000 00000000
00:00:00.341772 Hst:                02490002 003f3fff 00000000 00000000
00:00:00.341773 Gst: 00000014/0002  00000000 00000000 00000000 00000000
00:00:00.341774 Hst:                00000000 00000000 00000000 00000000
00:00:00.341775 Gst: 00000015/0000  00000000 00000000 00000000 00000000
00:00:00.341776 Hst:                00000002 000000d0 00000000 00000000
00:00:00.341777 Gst: 00000016/0000  00000000 00000000 00000000 00000000
00:00:00.341778 Hst:                000009c4 00000dac 00000064 00000000
00:00:00.341779          Raw Hypervisor CPUID Leaves
00:00:00.341780      Leaf/sub-leaf  eax      ebx      ecx      edx
00:00:00.341781 Gst: 40000000/0000  40000001 4b4d564b 564b4d56 0000004d
00:00:00.341782 Hst:                000009c4 00000dac 00000064 00000000
00:00:00.341784 Gst: 40000001/0000  01000089 00000000 00000000 00000000
00:00:00.341785 Hst:                000009c4 00000dac 00000064 00000000
00:00:00.341786          Raw Extended CPUID Leaves
00:00:00.341786      Leaf/sub-leaf  eax      ebx      ecx      edx
00:00:00.341787 Gst: 80000000/0000  80000008 00000000 00000000 00000000
00:00:00.341788 Hst:                80000008 00000000 00000000 00000000
00:00:00.341789 Gst: 80000001/0000  00000000 00000000 00000121 28100800
00:00:00.341791 Hst:                00000000 00000000 00000121 2c100800
00:00:00.341792 Gst: 80000002/0000  65746e49 2952286c 726f4320 4d542865
00:00:00.341794 Hst:                65746e49 2952286c 726f4320 4d542865
00:00:00.341796 Gst: 80000003/0000  35692029 3033372d 20514830 20555043
00:00:00.341797 Hst:                35692029 3033372d 20514830 20555043
00:00:00.341799 Gst: 80000004/0000  2e322040 48473035 0000007a 00000000
00:00:00.341800 Hst:                2e322040 48473035 0000007a 00000000
00:00:00.341801 Gst: 80000005/0000  00000000 00000000 00000000 00000000
00:00:00.341802 Hst:                00000000 00000000 00000000 00000000
00:00:00.341803 Gst: 80000006/0000  00000000 00000000 01006040 00000000
00:00:00.341804 Hst:                00000000 00000000 01006040 00000000
00:00:00.341805 Gst: 80000007/0000  00000000 00000000 00000000 00000100
00:00:00.341806 Hst:                00000000 00000000 00000000 00000100
00:00:00.341807 Gst: 80000008/0000  00003027 00000000 00000000 00000000
00:00:00.341808 Hst:                00003027 00000000 00000000 00000000
00:00:00.341809 Ext Name:                        
00:00:00.341810 Ext Supports:                    0x80000000-0x80000008
00:00:00.341811 Family:                          0  	Extended: 0 	Effective: 0
00:00:00.341812 Model:                           0  	Extended: 0 	Effective: 0
00:00:00.341813 Stepping:                        0
00:00:00.341813 Brand ID:                        0x000
00:00:00.341814 Ext Features
00:00:00.341814   Mnemonic - Description                                  = guest (host)
00:00:00.341815   FPU - x87 FPU on Chip                                   = 0 (0)
00:00:00.341817   VME - Virtual 8086 Mode Enhancements                    = 0 (0)
00:00:00.341818   DE - Debugging extensions                               = 0 (0)
00:00:00.341819   PSE - Page Size Extension                               = 0 (0)
00:00:00.341820   TSC - Time Stamp Counter                                = 0 (0)
00:00:00.341822   MSR - K86 Model Specific Registers                      = 0 (0)
00:00:00.341823   PAE - Physical Address Extension                        = 0 (0)
00:00:00.341824   MCE - Machine Check Exception                           = 0 (0)
00:00:00.341825   CX8 - CMPXCHG8B instruction                             = 0 (0)
00:00:00.341826   APIC - APIC On-Chip                                     = 0 (0)
00:00:00.341828   SEP - SYSCALL/SYSRET                                    = 1 (1)
00:00:00.341829   MTRR - Memory Type Range Registers                      = 0 (0)
00:00:00.341831   PGE - PTE Global Bit                                    = 0 (0)
00:00:00.341832   MCA - Machine Check Architecture                        = 0 (0)
00:00:00.341833   CMOV - Conditional Move instructions                    = 0 (0)
00:00:00.341834   PAT - Page Attribute Table                              = 0 (0)
00:00:00.341836   PSE-36 - 36-bit Page Size Extension                     = 0 (0)
00:00:00.341837   NX - No-Execute/Execute-Disable                         = 1 (1)
00:00:00.341838   AXMMX - AMD Extensions to MMX instructions              = 0 (0)
00:00:00.341839   MMX - Intel MMX Technology                              = 0 (0)
00:00:00.341840   FXSR - FXSAVE and FXRSTOR Instructions                  = 0 (0)
00:00:00.341842   FFXSR - AMD fast FXSAVE and FXRSTOR instructions        = 0 (0)
00:00:00.341843   Page1GB - 1 GB large page                               = 0 (1)
00:00:00.341844   RDTSCP - RDTSCP instruction                             = 1 (1)
00:00:00.341845   LM - AMD64 Long Mode                                    = 1 (1)
00:00:00.341847   3DNOWEXT - AMD Extensions to 3DNow                      = 0 (0)
00:00:00.341848   3DNOW - AMD 3DNow                                       = 0 (0)
00:00:00.341849   LahfSahf - LAHF/SAHF support in 64-bit mode             = 1 (1)
00:00:00.341850   CmpLegacy - Core multi-processing legacy mode           = 0 (0)
00:00:00.341851   SVM - AMD Secure Virtual Machine extensions             = 0 (0)
00:00:00.341853   EXTAPIC - AMD Extended APIC registers                   = 0 (0)
00:00:00.341854   CR8L - AMD LOCK MOV CR0 means MOV CR8                   = 0 (0)
00:00:00.341855   ABM - AMD Advanced Bit Manipulation                     = 1 (1)
00:00:00.341856   SSE4A - SSE4A instructions                              = 0 (0)
00:00:00.341857   MISALIGNSSE - AMD Misaligned SSE mode                   = 0 (0)
00:00:00.341858   3DNOWPRF - AMD PREFETCH and PREFETCHW instructions      = 1 (1)
00:00:00.341859   OSVW - AMD OS Visible Workaround                        = 0 (0)
00:00:00.341860   IBS - Instruct Based Sampling                           = 0 (0)
00:00:00.341862   XOP - Extended Operation support                        = 0 (0)
00:00:00.341863   SKINIT - SKINIT, STGI, and DEV support                  = 0 (0)
00:00:00.341864   WDT - AMD Watchdog Timer support                        = 0 (0)
00:00:00.341865   LWP - Lightweight Profiling support                     = 0 (0)
00:00:00.341866   FMA4 - Four operand FMA instruction support             = 0 (0)
00:00:00.341867   NodeId - NodeId in MSR C001_100C                        = 0 (0)
00:00:00.341869   TBM - Trailing Bit Manipulation instructions            = 0 (0)
00:00:00.341870   TOPOEXT - Topology Extensions                           = 0 (0)
00:00:00.341871   PRFEXTCORE - Performance Counter Extensions support     = 0 (0)
00:00:00.341872   PRFEXTNB - NB Performance Counter Extensions support    = 0 (0)
00:00:00.341873   DATABPEXT - Data-access Breakpoint Extension            = 0 (0)
00:00:00.341874   PERFTSC - Performance Time Stamp Counter                = 0 (0)
00:00:00.341875   PCX_L2I - L2I/L3 Performance Counter Extensions         = 0 (0)
00:00:00.341876   MWAITX - MWAITX and MONITORX instructions               = 0 (0)
00:00:00.341877 Full Name:                       "Intel(R) Core(TM) i5-7300HQ CPU @ 2.50GHz"
00:00:00.341878 TLB 2/4M Instr/Uni:              res0     0 entries
00:00:00.341879 TLB 2/4M Data:                   res0     0 entries
00:00:00.341880 TLB 4K Instr/Uni:                res0     0 entries
00:00:00.341880 TLB 4K Data:                     res0     0 entries
00:00:00.341881 L1 Instr Cache Line Size:        0 bytes
00:00:00.341882 L1 Instr Cache Lines Per Tag:    0
00:00:00.341882 L1 Instr Cache Associativity:    res0  
00:00:00.341883 L1 Instr Cache Size:             0 KB
00:00:00.341883 L1 Data Cache Line Size:         0 bytes
00:00:00.341884 L1 Data Cache Lines Per Tag:     0
00:00:00.341884 L1 Data Cache Associativity:     res0  
00:00:00.341885 L1 Data Cache Size:              0 KB
00:00:00.341886 L2 TLB 2/4M Instr/Uni:           off       0 entries
00:00:00.341886 L2 TLB 2/4M Data:                off       0 entries
00:00:00.341887 L2 TLB 4K Instr/Uni:             off       0 entries
00:00:00.341887 L2 TLB 4K Data:                  off       0 entries
00:00:00.341888 L2 Cache Line Size:              0 bytes
00:00:00.341889 L2 Cache Lines Per Tag:          0
00:00:00.341889 L2 Cache Associativity:          off   
00:00:00.341889 L2 Cache Size:                   0 KB
00:00:00.341890   TS - Temperature Sensor                                 = 0 (0)
00:00:00.341892   FID - Frequency ID control                              = 0 (0)
00:00:00.341893   VID - Voltage ID control                                = 0 (0)
00:00:00.341895   TscInvariant - Invariant Time Stamp Counter             = 1 (1)
00:00:00.341896   CBP - Core Performance Boost                            = 0 (0)
00:00:00.341897   EffFreqRO - Read-only Effective Frequency Interface     = 0 (0)
00:00:00.341898   ProcFdbkIf - Processor Feedback Interface               = 0 (0)
00:00:00.341899   ProcPwrRep - Core power reporting interface support     = 0 (0)
00:00:00.341900 Physical Address Width:          39 bits
00:00:00.341901 Virtual Address Width:           48 bits
00:00:00.341901 Guest Physical Address Width:    0 bits
00:00:00.341902 Physical Core Count:             1
00:00:00.341904 
00:00:00.341905 ******************** End of CPUID dump **********************
00:00:00.341906 *********************** VT-x features ***********************
00:00:00.341907 Nested hardware virtualization - VMX features
00:00:00.341907   Mnemonic - Description                                  = guest (host)
00:00:00.341908   VMX - Virtual-Machine Extensions                        = 0 (1)
00:00:00.341909   InsOutInfo - INS/OUTS instruction info.                 = 0 (1)
00:00:00.341909   ExtIntExit - External interrupt exiting                 = 0 (1)
00:00:00.341910   NmiExit - NMI exiting                                   = 0 (1)
00:00:00.341911   VirtNmi - Virtual NMIs                                  = 0 (1)
00:00:00.341911   PreemptTimer - VMX preemption timer                     = 0 (1)
00:00:00.341912   PostedInt - Posted interrupts                           = 0 (0)
00:00:00.341913   IntWindowExit - Interrupt-window exiting                = 0 (1)
00:00:00.341913   TscOffsetting - TSC offsetting                          = 0 (1)
00:00:00.341914   HltExit - HLT exiting                                   = 0 (1)
00:00:00.341915   InvlpgExit - INVLPG exiting                             = 0 (1)
00:00:00.341915   MwaitExit - MWAIT exiting                               = 0 (1)
00:00:00.341916   RdpmcExit - RDPMC exiting                               = 0 (1)
00:00:00.341917   RdtscExit - RDTSC exiting                               = 0 (1)
00:00:00.341917   Cr3LoadExit - CR3-load exiting                          = 0 (1)
00:00:00.341918   Cr3StoreExit - CR3-store exiting                        = 0 (1)
00:00:00.341919   Cr8LoadExit  - CR8-load exiting                         = 0 (1)
00:00:00.341919   Cr8StoreExit - CR8-store exiting                        = 0 (1)
00:00:00.341920   UseTprShadow - Use TPR shadow                           = 0 (1)
00:00:00.341920   NmiWindowExit - NMI-window exiting                      = 0 (1)
00:00:00.341921   MovDRxExit - Mov-DR exiting                             = 0 (1)
00:00:00.341922   UncondIoExit - Unconditional I/O exiting                = 0 (1)
00:00:00.341922   UseIoBitmaps - Use I/O bitmaps                          = 0 (1)
00:00:00.341923   MonitorTrapFlag - Monitor Trap Flag                     = 0 (1)
00:00:00.341924   UseMsrBitmaps - MSR bitmaps                             = 0 (1)
00:00:00.341924   MonitorExit - MONITOR exiting                           = 0 (1)
00:00:00.341925   PauseExit - PAUSE exiting                               = 0 (1)
00:00:00.341926   SecondaryExecCtl - Activate secondary controls          = 0 (1)
00:00:00.341926   VirtApic - Virtualize-APIC accesses                     = 0 (1)
00:00:00.341927   Ept - Extended Page Tables                              = 0 (1)
00:00:00.341927   DescTableExit - Descriptor-table exiting                = 0 (1)
00:00:00.341928   Rdtscp - Enable RDTSCP                                  = 0 (1)
00:00:00.341929   VirtX2ApicMode - Virtualize-x2APIC mode                 = 0 (1)
00:00:00.341929   Vpid - Enable VPID                                      = 0 (1)
00:00:00.341930   WbinvdExit - WBINVD exiting                             = 0 (1)
00:00:00.341931   UnrestrictedGuest - Unrestricted guest                  = 0 (1)
00:00:00.341931   ApicRegVirt - APIC-register virtualization              = 0 (0)
00:00:00.341932   VirtIntDelivery - Virtual-interrupt delivery            = 0 (0)
00:00:00.341933   PauseLoopExit - PAUSE-loop exiting                      = 0 (1)
00:00:00.341933   RdrandExit - RDRAND exiting                             = 0 (1)
00:00:00.341934   Invpcid - Enable INVPCID                                = 0 (1)
00:00:00.341934   VmFuncs - Enable VM Functions                           = 0 (1)
00:00:00.341935   VmcsShadowing - VMCS shadowing                          = 0 (0)
00:00:00.341936   RdseedExiting - RDSEED exiting                          = 0 (1)
00:00:00.341936   PML - Page-Modification Log (PML)                       = 0 (1)
00:00:00.341937   EptVe - EPT violations can cause #VE                    = 0 (1)
00:00:00.341938   XsavesXRstors - Enable XSAVES/XRSTORS                   = 0 (1)
00:00:00.341938   EntryLoadDebugCtls - Load debug controls on VM-entry    = 0 (1)
00:00:00.341939   Ia32eModeGuest - IA-32e mode guest                      = 0 (1)
00:00:00.341940   EntryLoadEferMsr - Load IA32_EFER MSR on VM-entry       = 0 (1)
00:00:00.341940   EntryLoadPatMsr - Load IA32_PAT MSR on VM-entry         = 0 (1)
00:00:00.341941   ExitSaveDebugCtls - Save debug controls on VM-exit      = 0 (1)
00:00:00.341942   HostAddrSpaceSize - Host address-space size             = 0 (1)
00:00:00.341942   ExitAckExtInt - Acknowledge interrupt on VM-exit        = 0 (1)
00:00:00.341943   ExitSavePatMsr - Save IA32_PAT MSR on VM-exit           = 0 (1)
00:00:00.341943   ExitLoadPatMsr - Load IA32_PAT MSR on VM-exit           = 0 (1)
00:00:00.341944   ExitSaveEferMsr - Save IA32_EFER MSR on VM-exit         = 0 (1)
00:00:00.341945   ExitLoadEferMsr - Load IA32_EFER MSR on VM-exit         = 0 (1)
00:00:00.341945   SavePreemptTimer - Save VMX-preemption timer            = 0 (1)
00:00:00.341946   ExitSaveEferLma - Save IA32_EFER.LMA on VM-exit         = 0 (1)
00:00:00.341947   IntelPt - Intel PT (Processor Trace) in VMX operation   = 0 (1)
00:00:00.341947   VmwriteAll - VMWRITE to any supported VMCS field        = 0 (1)
00:00:00.341948   EntryInjectSoftInt - Inject softint. with 0-len instr.  = 0 (1)
00:00:00.341949 
00:00:00.341949 ******************* End of VT-x features ********************
00:00:00.341972 VMEmt: Halt method global1 (5)
00:00:00.342008 VMEmt: HaltedGlobal1 config: cNsSpinBlockThresholdCfg=2000
00:00:00.342014 Changing the VM state from 'CREATING' to 'CREATED'
00:00:00.345695 Changing the VM state from 'CREATED' to 'LOADING'
00:00:00.346207 SSM: File header: Format 2.0, VirtualBox Version 6.1.26 r145957, 64-bit host, cbGCPhys=8, cbGCPtr=8
00:00:00.346788 VUSB: Detached 'HidMouse' from port 1 on RootHub#0
00:00:00.346860 SSM: Saved state info:
00:00:00.346866 SSM:   Build Type: release
00:00:00.346869 SSM:   Host OS: linux.amd64
00:00:00.346967 PCI:    PIIX3/0: register 60: 80 -> 8b
00:00:00.346973 PCI:    PIIX3/0: register 61: 00 -> 8a
00:00:00.346976 PCI:    PIIX3/0: register 62: 00 -> 89
00:00:00.346980 PCI:    PIIX3/0: register 63: 00 -> 8b
00:00:00.346983 PCI:    PIIX3/0: register ad: 00 -> ef
00:00:00.346986 PCI:    PIIX3/0: register de: 00 -> be
00:00:00.346994 PCI: piix3ide/0:  8-bit field LATENCY_TIMER: 0 -> 40
00:00:00.346999 PCI: piix3ide/0: 32-bit field BASE_ADDRESS_4: 1 -> d001
00:00:00.347005 PCI: piix3ide/0: register 40: 00 -> 03
00:00:00.347008 PCI: piix3ide/0: register 41: 80 -> e3
00:00:00.347011 PCI: piix3ide/0: register 43: 80 -> c0
00:00:00.347015 PCI: piix3ide/0: register 48: 00 -> 01
00:00:00.347018 PCI: piix3ide/0: register 4a: 00 -> 02
00:00:00.347026 PCI:      vga/0: 32-bit field BASE_ADDRESS_0: 1 -> d011
00:00:00.347030 PCI:      vga/0: 32-bit field BASE_ADDRESS_1: 8 -> e0000008
00:00:00.347034 PCI:      vga/0: 32-bit field BASE_ADDRESS_2: 0 -> f0000000
00:00:00.347037 PCI:      vga/0:  8-bit field INTERRUPT_LINE: 0 -> a
00:00:00.347041 PCI:      vga/0: 16-bit field COMMAND: 0 -> 3
00:00:00.347336 PCI:    e1000/0:  8-bit field LATENCY_TIMER: 0 -> 40
00:00:00.347341 PCI:    e1000/0: 32-bit field BASE_ADDRESS_0: 0 -> f0200000
00:00:00.347345 PCI:    e1000/0: 32-bit field BASE_ADDRESS_2: 1 -> d021
00:00:00.347348 PCI:    e1000/0:  8-bit field INTERRUPT_LINE: 0 -> 9
00:00:00.347352 PCI:    e1000/0: 16-bit field COMMAND: 0 -> 7
00:00:00.347367 PCI:   VMMDev/0: 32-bit field BASE_ADDRESS_0: 1 -> d041
00:00:00.347371 PCI:   VMMDev/0: 32-bit field BASE_ADDRESS_1: 0 -> f0400000
00:00:00.347374 PCI:   VMMDev/0: 32-bit field BASE_ADDRESS_2: 8 -> f0800008
00:00:00.347378 PCI:   VMMDev/0:  8-bit field INTERRUPT_LINE: 0 -> b
00:00:00.347381 PCI:   VMMDev/0: 16-bit field COMMAND: 0 -> 3
00:00:00.347396 PCI:  ichac97/0: 32-bit field BASE_ADDRESS_0: 1 -> d101
00:00:00.347400 PCI:  ichac97/0: 32-bit field BASE_ADDRESS_1: 1 -> d201
00:00:00.347403 PCI:  ichac97/0:  8-bit field INTERRUPT_LINE: 0 -> b
00:00:00.347406 PCI:  ichac97/0: 16-bit field COMMAND: 0 -> 1
00:00:00.347415 PCI: usb-ohci/0:  8-bit field LATENCY_TIMER: 0 -> 40
00:00:00.347419 PCI: usb-ohci/0: 32-bit field BASE_ADDRESS_0: 0 -> f0804000
00:00:00.347423 PCI: usb-ohci/0:  8-bit field INTERRUPT_LINE: 0 -> a
00:00:00.347426 PCI: usb-ohci/0: 16-bit field COMMAND: 0 -> 6
00:00:00.347443 PCI:    e1000/1:  8-bit field LATENCY_TIMER: 0 -> 40
00:00:00.347447 PCI:    e1000/1: 32-bit field BASE_ADDRESS_0: 0 -> f0820000
00:00:00.347450 PCI:    e1000/1: 32-bit field BASE_ADDRESS_2: 1 -> d241
00:00:00.347454 PCI:    e1000/1:  8-bit field INTERRUPT_LINE: 0 -> b
00:00:00.347457 PCI:    e1000/1: 16-bit field COMMAND: 0 -> 7
00:00:00.347471 PCI:    e1000/2:  8-bit field LATENCY_TIMER: 0 -> 40
00:00:00.347474 PCI:    e1000/2: 32-bit field BASE_ADDRESS_0: 0 -> f0840000
00:00:00.347478 PCI:    e1000/2: 32-bit field BASE_ADDRESS_2: 1 -> d249
00:00:00.347481 PCI:    e1000/2:  8-bit field INTERRUPT_LINE: 0 -> b
00:00:00.347485 PCI:    e1000/2: 16-bit field COMMAND: 0 -> 7
00:00:00.347498 PCI:    e1000/3:  8-bit field LATENCY_TIMER: 0 -> 40
00:00:00.347502 PCI:    e1000/3: 32-bit field BASE_ADDRESS_0: 0 -> f0860000
00:00:00.347505 PCI:    e1000/3: 32-bit field BASE_ADDRESS_2: 1 -> d251
00:00:00.347509 PCI:    e1000/3:  8-bit field INTERRUPT_LINE: 0 -> a
00:00:00.347512 PCI:    e1000/3: 16-bit field COMMAND: 0 -> 7
00:00:00.347526 PCI:     ahci/0:  8-bit field LATENCY_TIMER: 0 -> 40
00:00:00.347530 PCI:     ahci/0: 32-bit field BASE_ADDRESS_0: 1 -> d259
00:00:00.347534 PCI:     ahci/0: 32-bit field BASE_ADDRESS_1: 1 -> d261
00:00:00.347537 PCI:     ahci/0: 32-bit field BASE_ADDRESS_2: 1 -> d269
00:00:00.347540 PCI:     ahci/0: 32-bit field BASE_ADDRESS_3: 1 -> d271
00:00:00.347550 PCI:     ahci/0: 32-bit field BASE_ADDRESS_4: 1 -> d281
00:00:00.347554 PCI:     ahci/0: 32-bit field BASE_ADDRESS_5: 0 -> f0880000
00:00:00.347558 PCI:     ahci/0:  8-bit field INTERRUPT_LINE: 0 -> b
00:00:00.347561 PCI:     ahci/0: 16-bit field COMMAND: 0 -> 7
00:00:00.662016 TM: cTSCTicksPerSecond=0x94c54142 (2 495 955 266) enmTSCMode=3 (Dynamic) (state load)
00:00:00.662041 GIM: KVM: VCPU  0: Enabled system-time struct. at 0x00000000008d1000 - u32TscScale=0xcd21c2fd i8TscShift=-1 uVersion=2 fFlags=0x1 uTsc=0x1a44df412 uVirtNanoTS=0xa864ed50 TscKHz=2495954
00:00:00.662046 TM: Switching TSC mode from 'Dynamic' to 'RealTscOffset'
00:00:00.662084 PIT: mode=0 count=0x10000 (65536) - 18.20 Hz (ch=0) (restore)
00:00:00.662089 RTC: Stopped the periodic timer (restore)
00:00:00.662152 HGCM: Restoring [VBoxGuestPropSvc]
00:00:00.662160 HGCM: Restoring [VBoxGuestControlSvc]
00:00:00.662162 HGCM: Restoring [VBoxSharedFolders]
00:00:00.662164 HGCM: Restoring [VBoxDragAndDropSvc]
00:00:00.662166 HGCM: Restoring [VBoxSharedClipboard]
00:00:00.662212 VMMDev: Guest Additions information report: Interface = 0x00010004 osType = 0x00053000 (Linux >= 2.6, 32-bit)
00:00:00.663105 E1000#0: Interrupt attempts: 0
00:00:00.663109 E1000#0: Interrupts raised : 0
00:00:00.663111 E1000#0: Interrupts lowered: 0
00:00:00.663112 E1000#0: ICR outside ISR   : 0
00:00:00.663114 E1000#0: IMS raised ints   : 0
00:00:00.663116 E1000#0: Interrupts skipped: 0
00:00:00.663117 E1000#0: Masked interrupts : 0
00:00:00.663119 E1000#0: Early interrupts  : 0
00:00:00.663120 E1000#0: Late interrupts   : 0
00:00:00.663122 E1000#0: Lost interrupts   : 0
00:00:00.663123 E1000#0: Interrupts by RX  : 0
00:00:00.663125 E1000#0: Interrupts by TX  : 0
00:00:00.663126 E1000#0: Interrupts by ICS : 0
00:00:00.663128 E1000#0: Interrupts by RDTR: 0
00:00:00.663129 E1000#0: Interrupts by RDMT: 0
00:00:00.663131 E1000#0: Interrupts by TXQE: 0
00:00:00.663133 E1000#0: TX int delay asked: 0
00:00:00.663134 E1000#0: TX delayed:         0
00:00:00.663136 E1000#0: TX delay expired:   0
00:00:00.663137 E1000#0: TX no report asked: 0
00:00:00.663139 E1000#0: TX abs timer expd : 0
00:00:00.663140 E1000#0: TX int timer expd : 0
00:00:00.663142 E1000#0: RX abs timer expd : 0
00:00:00.663143 E1000#0: RX int timer expd : 0
00:00:00.663145 E1000#0: TX CTX descriptors: 0
00:00:00.663147 E1000#0: TX DAT descriptors: 0
00:00:00.663148 E1000#0: TX LEG descriptors: 0
00:00:00.663150 E1000#0: Received frames   : 0
00:00:00.663151 E1000#0: Transmitted frames: 0
00:00:00.663153 E1000#0: TX frames up to 1514: 0
00:00:00.663154 E1000#0: TX frames up to 2962: 0
00:00:00.663156 E1000#0: TX frames up to 4410: 0
00:00:00.663157 E1000#0: TX frames up to 5858: 0
00:00:00.663159 E1000#0: TX frames up to 7306: 0
00:00:00.663161 E1000#0: TX frames up to 8754: 0
00:00:00.663162 E1000#0: TX frames up to 16384: 0
00:00:00.663164 E1000#0: TX frames up to 32768: 0
00:00:00.663165 E1000#0: Larger TX frames    : 0
00:00:00.663167 E1000#0: Max TX Delay        : 0
00:00:00.663172 E1000#1: Interrupt attempts: 0
00:00:00.663174 E1000#1: Interrupts raised : 0
00:00:00.663175 E1000#1: Interrupts lowered: 0
00:00:00.663177 E1000#1: ICR outside ISR   : 0
00:00:00.663178 E1000#1: IMS raised ints   : 0
00:00:00.663180 E1000#1: Interrupts skipped: 0
00:00:00.663181 E1000#1: Masked interrupts : 0
00:00:00.663183 E1000#1: Early interrupts  : 0
00:00:00.663184 E1000#1: Late interrupts   : 0
00:00:00.663186 E1000#1: Lost interrupts   : 0
00:00:00.663188 E1000#1: Interrupts by RX  : 0
00:00:00.663189 E1000#1: Interrupts by TX  : 0
00:00:00.663191 E1000#1: Interrupts by ICS : 0
00:00:00.663192 E1000#1: Interrupts by RDTR: 0
00:00:00.663194 E1000#1: Interrupts by RDMT: 0
00:00:00.663195 E1000#1: Interrupts by TXQE: 0
00:00:00.663197 E1000#1: TX int delay asked: 0
00:00:00.663198 E1000#1: TX delayed:         0
00:00:00.663200 E1000#1: TX delay expired:   0
00:00:00.663201 E1000#1: TX no report asked: 0
00:00:00.663203 E1000#1: TX abs timer expd : 0
00:00:00.663204 E1000#1: TX int timer expd : 0
00:00:00.663206 E1000#1: RX abs timer expd : 0
00:00:00.663215 E1000#1: RX int timer expd : 0
00:00:00.663216 E1000#1: TX CTX descriptors: 0
00:00:00.663218 E1000#1: TX DAT descriptors: 0
00:00:00.663219 E1000#1: TX LEG descriptors: 0
00:00:00.663221 E1000#1: Received frames   : 0
00:00:00.663222 E1000#1: Transmitted frames: 0
00:00:00.663224 E1000#1: TX frames up to 1514: 0
00:00:00.663226 E1000#1: TX frames up to 2962: 0
00:00:00.663227 E1000#1: TX frames up to 4410: 0
00:00:00.663229 E1000#1: TX frames up to 5858: 0
00:00:00.663230 E1000#1: TX frames up to 7306: 0
00:00:00.663232 E1000#1: TX frames up to 8754: 0
00:00:00.663233 E1000#1: TX frames up to 16384: 0
00:00:00.663235 E1000#1: TX frames up to 32768: 0
00:00:00.663236 E1000#1: Larger TX frames    : 0
00:00:00.663238 E1000#1: Max TX Delay        : 0
00:00:00.663242 E1000#2: Interrupt attempts: 0
00:00:00.663244 E1000#2: Interrupts raised : 0
00:00:00.663263 E1000#2: Interrupts lowered: 0
00:00:00.663265 E1000#2: ICR outside ISR   : 0
00:00:00.663267 E1000#2: IMS raised ints   : 0
00:00:00.663268 E1000#2: Interrupts skipped: 0
00:00:00.663270 E1000#2: Masked interrupts : 0
00:00:00.663271 E1000#2: Early interrupts  : 0
00:00:00.663273 E1000#2: Late interrupts   : 0
00:00:00.663275 E1000#2: Lost interrupts   : 0
00:00:00.663276 E1000#2: Interrupts by RX  : 0
00:00:00.663278 E1000#2: Interrupts by TX  : 0
00:00:00.663280 E1000#2: Interrupts by ICS : 0
00:00:00.663281 E1000#2: Interrupts by RDTR: 0
00:00:00.663283 E1000#2: Interrupts by RDMT: 0
00:00:00.663285 E1000#2: Interrupts by TXQE: 0
00:00:00.663286 E1000#2: TX int delay asked: 0
00:00:00.663288 E1000#2: TX delayed:         0
00:00:00.663289 E1000#2: TX delay expired:   0
00:00:00.663291 E1000#2: TX no report asked: 0
00:00:00.663293 E1000#2: TX abs timer expd : 0
00:00:00.663294 E1000#2: TX int timer expd : 0
00:00:00.663296 E1000#2: RX abs timer expd : 0
00:00:00.663298 E1000#2: RX int timer expd : 0
00:00:00.663299 E1000#2: TX CTX descriptors: 0
00:00:00.663301 E1000#2: TX DAT descriptors: 0
00:00:00.663302 E1000#2: TX LEG descriptors: 0
00:00:00.663304 E1000#2: Received frames   : 0
00:00:00.663306 E1000#2: Transmitted frames: 0
00:00:00.663307 E1000#2: TX frames up to 1514: 0
00:00:00.663309 E1000#2: TX frames up to 2962: 0
00:00:00.663311 E1000#2: TX frames up to 4410: 0
00:00:00.663312 E1000#2: TX frames up to 5858: 0
00:00:00.663314 E1000#2: TX frames up to 7306: 0
00:00:00.663316 E1000#2: TX frames up to 8754: 0
00:00:00.663317 E1000#2: TX frames up to 16384: 0
00:00:00.663319 E1000#2: TX frames up to 32768: 0
00:00:00.663320 E1000#2: Larger TX frames    : 0
00:00:00.663322 E1000#2: Max TX Delay        : 0
00:00:00.663327 E1000#3: Interrupt attempts: 0
00:00:00.663328 E1000#3: Interrupts raised : 0
00:00:00.663330 E1000#3: Interrupts lowered: 0
00:00:00.663332 E1000#3: ICR outside ISR   : 0
00:00:00.663333 E1000#3: IMS raised ints   : 0
00:00:00.663335 E1000#3: Interrupts skipped: 0
00:00:00.663337 E1000#3: Masked interrupts : 0
00:00:00.663338 E1000#3: Early interrupts  : 0
00:00:00.663340 E1000#3: Late interrupts   : 0
00:00:00.663342 E1000#3: Lost interrupts   : 0
00:00:00.663343 E1000#3: Interrupts by RX  : 0
00:00:00.663345 E1000#3: Interrupts by TX  : 0
00:00:00.663347 E1000#3: Interrupts by ICS : 0
00:00:00.663348 E1000#3: Interrupts by RDTR: 0
00:00:00.663350 E1000#3: Interrupts by RDMT: 0
00:00:00.663352 E1000#3: Interrupts by TXQE: 0
00:00:00.663353 E1000#3: TX int delay asked: 0
00:00:00.663355 E1000#3: TX delayed:         0
00:00:00.663356 E1000#3: TX delay expired:   0
00:00:00.663358 E1000#3: TX no report asked: 0
00:00:00.663360 E1000#3: TX abs timer expd : 0
00:00:00.663361 E1000#3: TX int timer expd : 0
00:00:00.663363 E1000#3: RX abs timer expd : 0
00:00:00.663365 E1000#3: RX int timer expd : 0
00:00:00.663379 E1000#3: TX CTX descriptors: 0
00:00:00.663380 E1000#3: TX DAT descriptors: 0
00:00:00.663382 E1000#3: TX LEG descriptors: 0
00:00:00.663383 E1000#3: Received frames   : 0
00:00:00.663385 E1000#3: Transmitted frames: 0
00:00:00.663386 E1000#3: TX frames up to 1514: 0
00:00:00.663406 E1000#3: TX frames up to 2962: 0
00:00:00.663409 E1000#3: TX frames up to 4410: 0
00:00:00.663411 E1000#3: TX frames up to 5858: 0
00:00:00.663413 E1000#3: TX frames up to 7306: 0
00:00:00.663414 E1000#3: TX frames up to 8754: 0
00:00:00.663416 E1000#3: TX frames up to 16384: 0
00:00:00.663417 E1000#3: TX frames up to 32768: 0
00:00:00.663419 E1000#3: Larger TX frames    : 0
00:00:00.663421 E1000#3: Max TX Delay        : 0
00:00:00.663426 AC97: Record select to left=mic, right=mic
00:00:00.663538 Changing the VM state from 'LOADING' to 'SUSPENDED'
00:00:00.663723 Changing the VM state from 'SUSPENDED' to 'RESUMING'
00:00:00.664280 NAT: Link down
00:00:00.664399 Changing the VM state from 'RESUMING' to 'RUNNING'
00:00:00.664405 Console: Machine state changed to 'Running'
00:00:00.755728 VBoxHeadless: starting event loop
00:00:00.899035 OHCI: USB Suspended
00:00:01.005766 VUSB: Attached 'HidMouse' to port 1 on RootHub#0 (FullSpeed)
00:00:01.058772 OHCI: USB Operational
00:00:03.755515 NAT: Link up
00:00:03.755554 NAT: resolv.conf: nameserver 127.0.0.53
00:00:03.755564 NAT: DNS server 127.0.0.53 registration detected, switching to the DNS proxy
00:00:03.755567 NAT: DNS#0: 127.0.0.53
