00:00:00.016829 VirtualBox VM 6.1.26 r145957 linux.amd64 (Jul 28 2021 20:08:35) release log
00:00:00.016831 Log opened 2021-09-01T17:56:45.355489000Z
00:00:00.016831 Build Type: release
00:00:00.016833 OS Product: Linux
00:00:00.016834 OS Release: 5.4.0-81-generic
00:00:00.016835 OS Version: #91~18.04.1-Ubuntu SMP Fri Jul 23 13:36:29 UTC 2021
00:00:00.016850 DMI Product Name: Predator G9-593
00:00:00.016856 DMI Product Version: V1.13
00:00:00.016861 Firmware type: UEFI
00:00:00.017398 Secure Boot: Disabled
00:00:00.017448 Host RAM: 15952MB (15.5GB) total, 9330MB (9.1GB) available
00:00:00.017452 Executable: /usr/lib/virtualbox/VBoxHeadless
00:00:00.017452 Process ID: 16767
00:00:00.017452 Package type: LINUX_64BITS_UBUNTU_18_04
00:00:00.599272 Installed Extension Packs:
00:00:00.599287   None installed!
00:00:00.600248 Console: Machine state changed to 'Restoring'
00:00:00.943487 SUP: Opened VMMR0.r0 (/usr/lib/virtualbox/VMMR0.r0) at 0xXXXXXXXXXXXXXXXX.
00:00:00.945879 Guest OS type: 'Ubuntu_64'
00:00:00.948412 fHMForced=true - No raw-mode support in this build!
00:00:00.959947 File system of '/home/vamsi/Documents/Acads/Sem 7/Computer Networks/Lab/Lab2/lab2_network/VMImages/h1/Snapshots' (snapshots) is ext4
00:00:00.959956 File system of '/home/vamsi/Documents/Acads/Sem 7/Computer Networks/Lab/Lab2/lab2_network/VMImages/h1/Snapshots/{7d7fa6f6-1a12-4a0e-b1df-878a902151ed}.vdi' is ext4
00:00:00.975415 Shared Clipboard: Service loaded
00:00:00.975426 Shared Clipboard: Mode: Off
00:00:00.975458 Shared Clipboard: Service running in headless mode
00:00:00.976001 Drag and drop service loaded
00:00:00.976007 Drag and drop mode: Off
00:00:00.977329 ************************* CFGM dump *************************
00:00:00.977332 [/] (level 0)
00:00:00.977343   CpuExecutionCap   <integer> = 0x0000000000000064 (100)
00:00:00.977346   EnablePAE         <integer> = 0x0000000000000000 (0)
00:00:00.977347   HMEnabled         <integer> = 0x0000000000000001 (1)
00:00:00.977348   MemBalloonSize    <integer> = 0x0000000000000000 (0)
00:00:00.977348   Name              <string>  = "h1" (cb=3)
00:00:00.977349   NumCPUs           <integer> = 0x0000000000000001 (1)
00:00:00.977350   PageFusionAllowed <integer> = 0x0000000000000000 (0)
00:00:00.977351   RamHoleSize       <integer> = 0x0000000020000000 (536 870 912, 512 MB)
00:00:00.977352   RamSize           <integer> = 0x0000000040000000 (1 073 741 824, 1 024 MB)
00:00:00.977353   TimerMillies      <integer> = 0x000000000000000a (10)
00:00:00.977354   UUID              <bytes>   = "33 57 8b aa df 49 3c 47 9d c2 35 76 97 31 e2 00" (cb=16)
00:00:00.977357 
00:00:00.977358 [/CPUM/] (level 1)
00:00:00.977359   GuestCpuName       <string>  = "host" (cb=5)
00:00:00.977360   NestedHWVirt       <integer> = 0x0000000000000000 (0)
00:00:00.977360   PortableCpuIdLevel <integer> = 0x0000000000000000 (0)
00:00:00.977361   SpecCtrl           <integer> = 0x0000000000000000 (0)
00:00:00.977362 
00:00:00.977362 [/CPUM/IsaExts/] (level 2)
00:00:00.977363 
00:00:00.977364 [/DBGC/] (level 1)
00:00:00.977365   GlobalInitScript <string>  = "/home/vamsi/.config/VirtualBox/dbgc-init" (cb=41)
00:00:00.977366   HistoryFile      <string>  = "/home/vamsi/.config/VirtualBox/dbgc-history" (cb=44)
00:00:00.977366   LocalInitScript  <string>  = "/home/vamsi/Documents/Acads/Sem 7/Computer Networks/Lab/Lab2/lab2_network/VMImages/h1/dbgc-init" (cb=96)
00:00:00.977367 
00:00:00.977367 [/DBGF/] (level 1)
00:00:00.977368   Path <string>  = "/home/vamsi/Documents/Acads/Sem 7/Computer Networks/Lab/Lab2/lab2_network/VMImages/h1/debug/;/home/vamsi/Documents/Acads/Sem 7/Computer Networks/Lab/Lab2/lab2_network/VMImages/h1/;cache*/home/vamsi/Documents/Acads/Sem 7/Computer Networks/Lab/Lab2/lab2_network/VMImages/h1/dbgcache/;/home/vamsi/" (cb=295)
00:00:00.977369 
00:00:00.977369 [/Devices/] (level 1)
00:00:00.977369 
00:00:00.977370 [/Devices/8237A/] (level 2)
00:00:00.977370 
00:00:00.977371 [/Devices/8237A/0/] (level 3)
00:00:00.977372   Trusted <integer> = 0x0000000000000001 (1)
00:00:00.977372 
00:00:00.977372 [/Devices/GIMDev/] (level 2)
00:00:00.977373 
00:00:00.977373 [/Devices/GIMDev/0/] (level 3)
00:00:00.977374   Trusted <integer> = 0x0000000000000001 (1)
00:00:00.977375 
00:00:00.977375 [/Devices/VMMDev/] (level 2)
00:00:00.977376 
00:00:00.977376 [/Devices/VMMDev/0/] (level 3)
00:00:00.977377   PCIBusNo      <integer> = 0x0000000000000000 (0)
00:00:00.977377   PCIDeviceNo   <integer> = 0x0000000000000004 (4)
00:00:00.977378   PCIFunctionNo <integer> = 0x0000000000000000 (0)
00:00:00.977379   Trusted       <integer> = 0x0000000000000001 (1)
00:00:00.977379 
00:00:00.977379 [/Devices/VMMDev/0/Config/] (level 4)
00:00:00.977380   GuestCoreDumpDir <string>  = "/home/vamsi/Documents/Acads/Sem 7/Computer Networks/Lab/Lab2/lab2_network/VMImages/h1/Snapshots" (cb=96)
00:00:00.977381 
00:00:00.977381 [/Devices/VMMDev/0/LUN#0/] (level 4)
00:00:00.977382   Driver <string>  = "HGCM" (cb=5)
00:00:00.977383 
00:00:00.977383 [/Devices/VMMDev/0/LUN#0/Config/] (level 5)
00:00:00.977384   Object <integer> = 0x00007f985c000b70 (140 292 355 263 344)
00:00:00.977385 
00:00:00.977385 [/Devices/VMMDev/0/LUN#999/] (level 4)
00:00:00.977386   Driver <string>  = "MainStatus" (cb=11)
00:00:00.977387 
00:00:00.977387 [/Devices/VMMDev/0/LUN#999/Config/] (level 5)
00:00:00.977388   First   <integer> = 0x0000000000000000 (0)
00:00:00.977388   Last    <integer> = 0x0000000000000000 (0)
00:00:00.977389   papLeds <integer> = 0x00007f98680027b8 (140 292 556 597 176)
00:00:00.977390 
00:00:00.977390 [/Devices/acpi/] (level 2)
00:00:00.977391 
00:00:00.977391 [/Devices/acpi/0/] (level 3)
00:00:00.977392   PCIBusNo      <integer> = 0x0000000000000000 (0)
00:00:00.977393   PCIDeviceNo   <integer> = 0x0000000000000007 (7)
00:00:00.977393   PCIFunctionNo <integer> = 0x0000000000000000 (0)
00:00:00.977394   Trusted       <integer> = 0x0000000000000001 (1)
00:00:00.977394 
00:00:00.977395 [/Devices/acpi/0/Config/] (level 4)
00:00:00.977396   CpuHotPlug          <integer> = 0x0000000000000000 (0)
00:00:00.977396   FdcEnabled          <integer> = 0x0000000000000000 (0)
00:00:00.977397   HostBusPciAddress   <integer> = 0x0000000000000000 (0)
00:00:00.977398   HpetEnabled         <integer> = 0x0000000000000000 (0)
00:00:00.977398   IOAPIC              <integer> = 0x0000000000000001 (1)
00:00:00.977399   IocPciAddress       <integer> = 0x0000000000010000 (65 536)
00:00:00.977400   NumCPUs             <integer> = 0x0000000000000001 (1)
00:00:00.977400   Parallel0IoPortBase <integer> = 0x0000000000000000 (0)
00:00:00.977401   Parallel0Irq        <integer> = 0x0000000000000000 (0)
00:00:00.977402   Parallel1IoPortBase <integer> = 0x0000000000000000 (0)
00:00:00.977402   Parallel1Irq        <integer> = 0x0000000000000000 (0)
00:00:00.977403   Serial0IoPortBase   <integer> = 0x0000000000000000 (0)
00:00:00.977403   Serial0Irq          <integer> = 0x0000000000000000 (0)
00:00:00.977404   Serial1IoPortBase   <integer> = 0x0000000000000000 (0)
00:00:00.977404   Serial1Irq          <integer> = 0x0000000000000000 (0)
00:00:00.977405   ShowCpu             <integer> = 0x0000000000000001 (1)
00:00:00.977406   ShowRtc             <integer> = 0x0000000000000000 (0)
00:00:00.977406   SmcEnabled          <integer> = 0x0000000000000000 (0)
00:00:00.977407 
00:00:00.977407 [/Devices/acpi/0/LUN#0/] (level 4)
00:00:00.977408   Driver <string>  = "ACPIHost" (cb=9)
00:00:00.977408 
00:00:00.977409 [/Devices/acpi/0/LUN#0/Config/] (level 5)
00:00:00.977410 
00:00:00.977410 [/Devices/ahci/] (level 2)
00:00:00.977411 
00:00:00.977411 [/Devices/ahci/0/] (level 3)
00:00:00.977412   PCIBusNo      <integer> = 0x0000000000000000 (0)
00:00:00.977412   PCIDeviceNo   <integer> = 0x000000000000000d (13)
00:00:00.977413   PCIFunctionNo <integer> = 0x0000000000000000 (0)
00:00:00.977413   Trusted       <integer> = 0x0000000000000001 (1)
00:00:00.977414 
00:00:00.977414 [/Devices/ahci/0/Config/] (level 4)
00:00:00.977415   Bootable  <integer> = 0x0000000000000001 (1)
00:00:00.977416   PortCount <integer> = 0x0000000000000001 (1)
00:00:00.977416 
00:00:00.977416 [/Devices/ahci/0/Config/Port0/] (level 5)
00:00:00.977417   Hotpluggable <integer> = 0x0000000000000000 (0)
00:00:00.977418 
00:00:00.977418 [/Devices/ahci/0/LUN#0/] (level 4)
00:00:00.977419   Driver <string>  = "VD" (cb=3)
00:00:00.977419 
00:00:00.977420 [/Devices/ahci/0/LUN#0/Config/] (level 5)
00:00:00.977421   BlockCache <integer> = 0x0000000000000001 (1)
00:00:00.977421   Format     <string>  = "VDI" (cb=4)
00:00:00.977422   Mountable  <integer> = 0x0000000000000000 (0)
00:00:00.977423   Path       <string>  = "/home/vamsi/Documents/Acads/Sem 7/Computer Networks/Lab/Lab2/lab2_network/VMImages/h1/Snapshots/{7d7fa6f6-1a12-4a0e-b1df-878a902151ed}.vdi" (cb=139)
00:00:00.977423   Type       <string>  = "HardDisk" (cb=9)
00:00:00.977424   UseNewIo   <integer> = 0x0000000000000001 (1)
00:00:00.977424 
00:00:00.977425 [/Devices/ahci/0/LUN#0/Config/Parent/] (level 6)
00:00:00.977426   Format <string>  = "VDI" (cb=4)
00:00:00.977426   Path   <string>  = "/home/vamsi/Documents/Acads/Sem 7/Computer Networks/Lab/Lab2/lab2_network/VMImages/base/base.vdi" (cb=97)
00:00:00.977427 
00:00:00.977427 [/Devices/ahci/0/LUN#0/Config/Parent/VDConfig/] (level 7)
00:00:00.977428   AllocationBlockSize <string>  = "1048576" (cb=8)
00:00:00.977429 
00:00:00.977429 [/Devices/ahci/0/LUN#0/Config/VDConfig/] (level 6)
00:00:00.977430   AllocationBlockSize <string>  = "1048576" (cb=8)
00:00:00.977430 
00:00:00.977431 [/Devices/ahci/0/LUN#999/] (level 4)
00:00:00.977431   Driver <string>  = "MainStatus" (cb=11)
00:00:00.977432 
00:00:00.977432 [/Devices/ahci/0/LUN#999/Config/] (level 5)
00:00:00.977433   DeviceInstance        <string>  = "ahci/0" (cb=7)
00:00:00.977434   First                 <integer> = 0x0000000000000000 (0)
00:00:00.977435   Last                  <integer> = 0x0000000000000000 (0)
00:00:00.977435   pConsole              <integer> = 0x00007f98680013e0 (140 292 556 592 096)
00:00:00.977437   papLeds               <integer> = 0x00007f9868001bc0 (140 292 556 594 112)
00:00:00.977438   pmapMediumAttachments <integer> = 0x00007f98680027d8 (140 292 556 597 208)
00:00:00.977439 
00:00:00.977439 [/Devices/apic/] (level 2)
00:00:00.977440 
00:00:00.977440 [/Devices/apic/0/] (level 3)
00:00:00.977441   Trusted <integer> = 0x0000000000000001 (1)
00:00:00.977441 
00:00:00.977442 [/Devices/apic/0/Config/] (level 4)
00:00:00.977442   IOAPIC  <integer> = 0x0000000000000001 (1)
00:00:00.977443   Mode    <integer> = 0x0000000000000003 (3)
00:00:00.977443   NumCPUs <integer> = 0x0000000000000001 (1)
00:00:00.977444 
00:00:00.977444 [/Devices/e1000/] (level 2)
00:00:00.977445 
00:00:00.977445 [/Devices/e1000/0/] (level 3)
00:00:00.977446   PCIBusNo      <integer> = 0x0000000000000000 (0)
00:00:00.977447   PCIDeviceNo   <integer> = 0x0000000000000003 (3)
00:00:00.977447   PCIFunctionNo <integer> = 0x0000000000000000 (0)
00:00:00.977448   Trusted       <integer> = 0x0000000000000001 (1)
00:00:00.977448 
00:00:00.977449 [/Devices/e1000/0/Config/] (level 4)
00:00:00.977449   AdapterType    <integer> = 0x0000000000000000 (0)
00:00:00.977450   CableConnected <integer> = 0x0000000000000001 (1)
00:00:00.977451   LineSpeed      <integer> = 0x0000000000000000 (0)
00:00:00.977451   MAC            <bytes>   = "08 00 27 5c 20 74" (cb=6)
00:00:00.977452 
00:00:00.977453 [/Devices/e1000/0/LUN#0/] (level 4)
00:00:00.977453   Driver <string>  = "NAT" (cb=4)
00:00:00.977454 
00:00:00.977454 [/Devices/e1000/0/LUN#0/Config/] (level 5)
00:00:00.977455   AliasMode       <integer> = 0x0000000000000000 (0)
00:00:00.977456   BootFile        <string>  = "h1.pxe" (cb=7)
00:00:00.977456   DNSProxy        <integer> = 0x0000000000000000 (0)
00:00:00.977457   Network         <string>  = "10.0.2.0/24" (cb=12)
00:00:00.977458   PassDomain      <integer> = 0x0000000000000001 (1)
00:00:00.977458   TFTPPrefix      <string>  = "/home/vamsi/.config/VirtualBox/TFTP" (cb=36)
00:00:00.977459   UseHostResolver <integer> = 0x0000000000000000 (0)
00:00:00.977459 
00:00:00.977459 [/Devices/e1000/0/LUN#0/Config/PortForwarding/] (level 6)
00:00:00.977461 
00:00:00.977461 [/Devices/e1000/0/LUN#0/Config/PortForwarding/0/] (level 7)
00:00:00.977462   GuestPort <integer> = 0x0000000000000016 (22)
00:00:00.977463   HostPort  <integer> = 0x00000000000038a5 (14 501)
00:00:00.977463   Name      <string>  = "ssh" (cb=4)
00:00:00.977464   Protocol  <string>  = "TCP" (cb=4)
00:00:00.977464 
00:00:00.977465 [/Devices/e1000/0/LUN#999/] (level 4)
00:00:00.977465   Driver <string>  = "MainStatus" (cb=11)
00:00:00.977466 
00:00:00.977466 [/Devices/e1000/0/LUN#999/Config/] (level 5)
00:00:00.977467   First   <integer> = 0x0000000000000000 (0)
00:00:00.977468   Last    <integer> = 0x0000000000000000 (0)
00:00:00.977468   papLeds <integer> = 0x00007f9868002698 (140 292 556 596 888)
00:00:00.977469 
00:00:00.977469 [/Devices/e1000/1/] (level 3)
00:00:00.977470   PCIBusNo      <integer> = 0x0000000000000000 (0)
00:00:00.977471   PCIDeviceNo   <integer> = 0x0000000000000008 (8)
00:00:00.977471   PCIFunctionNo <integer> = 0x0000000000000000 (0)
00:00:00.977472   Trusted       <integer> = 0x0000000000000001 (1)
00:00:00.977472 
00:00:00.977473 [/Devices/e1000/1/Config/] (level 4)
00:00:00.977474   AdapterType    <integer> = 0x0000000000000000 (0)
00:00:00.977474   CableConnected <integer> = 0x0000000000000001 (1)
00:00:00.977475   LineSpeed      <integer> = 0x0000000000000000 (0)
00:00:00.977475   MAC            <bytes>   = "08 00 27 63 a5 d5" (cb=6)
00:00:00.977476 
00:00:00.977477 [/Devices/e1000/1/LUN#0/] (level 4)
00:00:00.977477   Driver <string>  = "IntNet" (cb=7)
00:00:00.977478 
00:00:00.977478 [/Devices/e1000/1/LUN#0/Config/] (level 5)
00:00:00.977479   IfPolicyPromisc <string>  = "deny" (cb=5)
00:00:00.977480   Network         <string>  = "intnet1" (cb=8)
00:00:00.977480   TrunkType       <integer> = 0x0000000000000002 (2)
00:00:00.977481 
00:00:00.977481 [/Devices/e1000/1/LUN#999/] (level 4)
00:00:00.977482   Driver <string>  = "MainStatus" (cb=11)
00:00:00.977482 
00:00:00.977483 [/Devices/e1000/1/LUN#999/Config/] (level 5)
00:00:00.977483   First   <integer> = 0x0000000000000000 (0)
00:00:00.977484   Last    <integer> = 0x0000000000000000 (0)
00:00:00.977485   papLeds <integer> = 0x00007f98680026a0 (140 292 556 596 896)
00:00:00.977486 
00:00:00.977486 [/Devices/i8254/] (level 2)
00:00:00.977486 
00:00:00.977487 [/Devices/i8254/0/] (level 3)
00:00:00.977487 
00:00:00.977488 [/Devices/i8254/0/Config/] (level 4)
00:00:00.977489 
00:00:00.977489 [/Devices/i8259/] (level 2)
00:00:00.977489 
00:00:00.977490 [/Devices/i8259/0/] (level 3)
00:00:00.977490   Trusted <integer> = 0x0000000000000001 (1)
00:00:00.977491 
00:00:00.977491 [/Devices/i8259/0/Config/] (level 4)
00:00:00.977492 
00:00:00.977492 [/Devices/ichac97/] (level 2)
00:00:00.977493 
00:00:00.977493 [/Devices/ichac97/0/] (level 3)
00:00:00.977494   PCIBusNo      <integer> = 0x0000000000000000 (0)
00:00:00.977495   PCIDeviceNo   <integer> = 0x0000000000000005 (5)
00:00:00.977495   PCIFunctionNo <integer> = 0x0000000000000000 (0)
00:00:00.977496   Trusted       <integer> = 0x0000000000000001 (1)
00:00:00.977496 
00:00:00.977496 [/Devices/ichac97/0/AudioConfig/] (level 4)
00:00:00.977497 
00:00:00.977498 [/Devices/ichac97/0/Config/] (level 4)
00:00:00.977498   Codec        <string>  = "AD1980" (cb=7)
00:00:00.977499   DebugEnabled <integer> = 0x0000000000000000 (0)
00:00:00.977499 
00:00:00.977500 [/Devices/ichac97/0/LUN#0/] (level 4)
00:00:00.977500   Driver <string>  = "AUDIO" (cb=6)
00:00:00.977501 
00:00:00.977501 [/Devices/ichac97/0/LUN#0/AttachedDriver/] (level 5)
00:00:00.977502   Driver <string>  = "PulseAudio" (cb=11)
00:00:00.977503 
00:00:00.977503 [/Devices/ichac97/0/LUN#0/AttachedDriver/Config/] (level 6)
00:00:00.977504   VmName <string>  = "h1" (cb=3)
00:00:00.977504 
00:00:00.977505 [/Devices/ichac97/0/LUN#0/Config/] (level 5)
00:00:00.977506   DriverName    <string>  = "PulseAudio" (cb=11)
00:00:00.977506   InputEnabled  <integer> = 0x0000000000000000 (0)
00:00:00.977507   OutputEnabled <integer> = 0x0000000000000001 (1)
00:00:00.977507 
00:00:00.977507 [/Devices/ichac97/0/LUN#1/] (level 4)
00:00:00.977508   Driver <string>  = "AUDIO" (cb=6)
00:00:00.977509 
00:00:00.977509 [/Devices/ichac97/0/LUN#2/] (level 4)
00:00:00.977510   Driver <string>  = "AUDIO" (cb=6)
00:00:00.977510 
00:00:00.977510 [/Devices/ioapic/] (level 2)
00:00:00.977511 
00:00:00.977511 [/Devices/ioapic/0/] (level 3)
00:00:00.977512   Trusted <integer> = 0x0000000000000001 (1)
00:00:00.977512 
00:00:00.977513 [/Devices/ioapic/0/Config/] (level 4)
00:00:00.977513   NumCPUs <integer> = 0x0000000000000001 (1)
00:00:00.977514 
00:00:00.977514 [/Devices/mc146818/] (level 2)
00:00:00.977515 
00:00:00.977515 [/Devices/mc146818/0/] (level 3)
00:00:00.977516 
00:00:00.977516 [/Devices/mc146818/0/Config/] (level 4)
00:00:00.977517   UseUTC <integer> = 0x0000000000000001 (1)
00:00:00.977517 
00:00:00.977518 [/Devices/parallel/] (level 2)
00:00:00.977518 
00:00:00.977519 [/Devices/pcarch/] (level 2)
00:00:00.977519 
00:00:00.977520 [/Devices/pcarch/0/] (level 3)
00:00:00.977520   Trusted <integer> = 0x0000000000000001 (1)
00:00:00.977521 
00:00:00.977521 [/Devices/pcarch/0/Config/] (level 4)
00:00:00.977522 
00:00:00.977522 [/Devices/pcbios/] (level 2)
00:00:00.977523 
00:00:00.977523 [/Devices/pcbios/0/] (level 3)
00:00:00.977524   Trusted <integer> = 0x0000000000000001 (1)
00:00:00.977524 
00:00:00.977524 [/Devices/pcbios/0/Config/] (level 4)
00:00:00.977526   APIC               <integer> = 0x0000000000000001 (1)
00:00:00.977526   BootDevice0        <string>  = "FLOPPY" (cb=7)
00:00:00.977527   BootDevice1        <string>  = "DVD" (cb=4)
00:00:00.977527   BootDevice2        <string>  = "IDE" (cb=4)
00:00:00.977528   BootDevice3        <string>  = "NONE" (cb=5)
00:00:00.977528   FloppyDevice       <string>  = "i82078" (cb=7)
00:00:00.977529   HardDiskDevice     <string>  = "piix3ide" (cb=9)
00:00:00.977529   IOAPIC             <integer> = 0x0000000000000001 (1)
00:00:00.977530   McfgBase           <integer> = 0x0000000000000000 (0)
00:00:00.977531   McfgLength         <integer> = 0x0000000000000000 (0)
00:00:00.977531   NumCPUs            <integer> = 0x0000000000000001 (1)
00:00:00.977532   PXEDebug           <integer> = 0x0000000000000000 (0)
00:00:00.977533   SataHardDiskDevice <string>  = "ahci" (cb=5)
00:00:00.977533   SataLUN1           <integer> = 0x0000000000000000 (0)
00:00:00.977534   UUID               <bytes>   = "33 57 8b aa df 49 3c 47 9d c2 35 76 97 31 e2 00" (cb=16)
00:00:00.977535   UuidLe             <integer> = 0x0000000000000000 (0)
00:00:00.977536 
00:00:00.977536 [/Devices/pcbios/0/Config/NetBoot/] (level 5)
00:00:00.977537 
00:00:00.977537 [/Devices/pcbios/0/Config/NetBoot/0/] (level 6)
00:00:00.977538   NIC           <integer> = 0x0000000000000000 (0)
00:00:00.977539   PCIBusNo      <integer> = 0x0000000000000000 (0)
00:00:00.977540   PCIDeviceNo   <integer> = 0x0000000000000003 (3)
00:00:00.977540   PCIFunctionNo <integer> = 0x0000000000000000 (0)
00:00:00.977541 
00:00:00.977541 [/Devices/pci/] (level 2)
00:00:00.977542 
00:00:00.977542 [/Devices/pci/0/] (level 3)
00:00:00.977543   Trusted <integer> = 0x0000000000000001 (1)
00:00:00.977543 
00:00:00.977543 [/Devices/pci/0/Config/] (level 4)
00:00:00.977544   IOAPIC <integer> = 0x0000000000000001 (1)
00:00:00.977545 
00:00:00.977545 [/Devices/pcibridge/] (level 2)
00:00:00.977546 
00:00:00.977546 [/Devices/pckbd/] (level 2)
00:00:00.977547 
00:00:00.977547 [/Devices/pckbd/0/] (level 3)
00:00:00.977548   Trusted <integer> = 0x0000000000000001 (1)
00:00:00.977548 
00:00:00.977548 [/Devices/pckbd/0/Config/] (level 4)
00:00:00.977549 
00:00:00.977550 [/Devices/pckbd/0/LUN#0/] (level 4)
00:00:00.977550   Driver <string>  = "KeyboardQueue" (cb=14)
00:00:00.977551 
00:00:00.977551 [/Devices/pckbd/0/LUN#0/AttachedDriver/] (level 5)
00:00:00.977552   Driver <string>  = "MainKeyboard" (cb=13)
00:00:00.977552 
00:00:00.977553 [/Devices/pckbd/0/LUN#0/AttachedDriver/Config/] (level 6)
00:00:00.977554   Object <integer> = 0x0000563f93450bc0 (94 831 053 704 128)
00:00:00.977555 
00:00:00.977555 [/Devices/pckbd/0/LUN#0/Config/] (level 5)
00:00:00.977556   QueueSize <integer> = 0x0000000000000040 (64)
00:00:00.977557 
00:00:00.977557 [/Devices/pckbd/0/LUN#1/] (level 4)
00:00:00.977558   Driver <string>  = "MouseQueue" (cb=11)
00:00:00.977558 
00:00:00.977558 [/Devices/pckbd/0/LUN#1/AttachedDriver/] (level 5)
00:00:00.977559   Driver <string>  = "MainMouse" (cb=10)
00:00:00.977560 
00:00:00.977560 [/Devices/pckbd/0/LUN#1/AttachedDriver/Config/] (level 6)
00:00:00.977561   Object <integer> = 0x00007f9868006090 (140 292 556 611 728)
00:00:00.977562 
00:00:00.977562 [/Devices/pckbd/0/LUN#1/Config/] (level 5)
00:00:00.977563   QueueSize <integer> = 0x0000000000000080 (128)
00:00:00.977564 
00:00:00.977564 [/Devices/pcnet/] (level 2)
00:00:00.977565 
00:00:00.977565 [/Devices/piix3ide/] (level 2)
00:00:00.977566 
00:00:00.977566 [/Devices/piix3ide/0/] (level 3)
00:00:00.977567   PCIBusNo      <integer> = 0x0000000000000000 (0)
00:00:00.977567   PCIDeviceNo   <integer> = 0x0000000000000001 (1)
00:00:00.977568   PCIFunctionNo <integer> = 0x0000000000000001 (1)
00:00:00.977568   Trusted       <integer> = 0x0000000000000001 (1)
00:00:00.977569 
00:00:00.977569 [/Devices/piix3ide/0/Config/] (level 4)
00:00:00.977570   Type <string>  = "PIIX4" (cb=6)
00:00:00.977571 
00:00:00.977571 [/Devices/piix3ide/0/LUN#0/] (level 4)
00:00:00.977572   Driver <string>  = "VD" (cb=3)
00:00:00.977572 
00:00:00.977572 [/Devices/piix3ide/0/LUN#0/Config/] (level 5)
00:00:00.977573   EmptyDrive <integer> = 0x0000000000000001 (1)
00:00:00.977574   Mountable  <integer> = 0x0000000000000001 (1)
00:00:00.977574   Type       <string>  = "DVD" (cb=4)
00:00:00.977575 
00:00:00.977575 [/Devices/piix3ide/0/LUN#999/] (level 4)
00:00:00.977576   Driver <string>  = "MainStatus" (cb=11)
00:00:00.977576 
00:00:00.977576 [/Devices/piix3ide/0/LUN#999/Config/] (level 5)
00:00:00.977577   DeviceInstance        <string>  = "piix3ide/0" (cb=11)
00:00:00.977578   First                 <integer> = 0x0000000000000000 (0)
00:00:00.977585   Last                  <integer> = 0x0000000000000003 (3)
00:00:00.977586   pConsole              <integer> = 0x00007f98680013e0 (140 292 556 592 096)
00:00:00.977587   papLeds               <integer> = 0x00007f9868001ba0 (140 292 556 594 080)
00:00:00.977588   pmapMediumAttachments <integer> = 0x00007f98680027d8 (140 292 556 597 208)
00:00:00.977589 
00:00:00.977589 [/Devices/serial/] (level 2)
00:00:00.977590 
00:00:00.977590 [/Devices/usb-ohci/] (level 2)
00:00:00.977591 
00:00:00.977591 [/Devices/usb-ohci/0/] (level 3)
00:00:00.977592   PCIBusNo      <integer> = 0x0000000000000000 (0)
00:00:00.977592   PCIDeviceNo   <integer> = 0x0000000000000006 (6)
00:00:00.977593   PCIFunctionNo <integer> = 0x0000000000000000 (0)
00:00:00.977594   Trusted       <integer> = 0x0000000000000001 (1)
00:00:00.977594 
00:00:00.977594 [/Devices/usb-ohci/0/Config/] (level 4)
00:00:00.977595 
00:00:00.977595 [/Devices/usb-ohci/0/LUN#0/] (level 4)
00:00:00.977596   Driver <string>  = "VUSBRootHub" (cb=12)
00:00:00.977597 
00:00:00.977597 [/Devices/usb-ohci/0/LUN#0/Config/] (level 5)
00:00:00.977598 
00:00:00.977598 [/Devices/usb-ohci/0/LUN#999/] (level 4)
00:00:00.977599   Driver <string>  = "MainStatus" (cb=11)
00:00:00.977599 
00:00:00.977600 [/Devices/usb-ohci/0/LUN#999/Config/] (level 5)
00:00:00.977601   First   <integer> = 0x0000000000000000 (0)
00:00:00.977601   Last    <integer> = 0x0000000000000000 (0)
00:00:00.977602   papLeds <integer> = 0x00007f98680027c0 (140 292 556 597 184)
00:00:00.977603 
00:00:00.977603 [/Devices/vga/] (level 2)
00:00:00.977604 
00:00:00.977604 [/Devices/vga/0/] (level 3)
00:00:00.977605   PCIBusNo      <integer> = 0x0000000000000000 (0)
00:00:00.977605   PCIDeviceNo   <integer> = 0x0000000000000002 (2)
00:00:00.977606   PCIFunctionNo <integer> = 0x0000000000000000 (0)
00:00:00.977606   Trusted       <integer> = 0x0000000000000001 (1)
00:00:00.977607 
00:00:00.977607 [/Devices/vga/0/Config/] (level 4)
00:00:00.977609   3DEnabled          <integer> = 0x0000000000000000 (0)
00:00:00.977609   CustomVideoModes   <integer> = 0x0000000000000000 (0)
00:00:00.977610   FadeIn             <integer> = 0x0000000000000001 (1)
00:00:00.977610   FadeOut            <integer> = 0x0000000000000001 (1)
00:00:00.977611   HeightReduction    <integer> = 0x0000000000000000 (0)
00:00:00.977612   LogoFile           <string>  = "" (cb=1)
00:00:00.977612   LogoTime           <integer> = 0x0000000000000000 (0)
00:00:00.977613   MonitorCount       <integer> = 0x0000000000000001 (1)
00:00:00.977613   ShowBootMenu       <integer> = 0x0000000000000002 (2)
00:00:00.977614   VMSVGA3dEnabled    <integer> = 0x0000000000000000 (0)
00:00:00.977614   VMSVGAEnabled      <integer> = 0x0000000000000001 (1)
00:00:00.977615   VMSVGAPciBarLayout <integer> = 0x0000000000000001 (1)
00:00:00.977616   VMSVGAPciId        <integer> = 0x0000000000000001 (1)
00:00:00.977616   VRamSize           <integer> = 0x0000000001000000 (16 777 216, 16 MB)
00:00:00.977617 
00:00:00.977618 [/Devices/vga/0/LUN#0/] (level 4)
00:00:00.977618   Driver <string>  = "MainDisplay" (cb=12)
00:00:00.977619 
00:00:00.977619 [/Devices/vga/0/LUN#0/Config/] (level 5)
00:00:00.977620   Object <integer> = 0x00007f9868006cd0 (140 292 556 614 864)
00:00:00.977621 
00:00:00.977621 [/Devices/vga/0/LUN#999/] (level 4)
00:00:00.977622   Driver <string>  = "MainStatus" (cb=11)
00:00:00.977623 
00:00:00.977623 [/Devices/vga/0/LUN#999/Config/] (level 5)
00:00:00.977624   First   <integer> = 0x0000000000000000 (0)
00:00:00.977624   Last    <integer> = 0x0000000000000000 (0)
00:00:00.977625   papLeds <integer> = 0x00007f98680027d0 (140 292 556 597 200)
00:00:00.977626 
00:00:00.977626 [/Devices/virtio-net/] (level 2)
00:00:00.977627 
00:00:00.977627 [/EM/] (level 1)
00:00:00.977628   TripleFaultReset <integer> = 0x0000000000000000 (0)
00:00:00.977628 
00:00:00.977628 [/GIM/] (level 1)
00:00:00.977629   Provider <string>  = "KVM" (cb=4)
00:00:00.977630 
00:00:00.977630 [/HM/] (level 1)
00:00:00.977631   64bitEnabled            <integer> = 0x0000000000000001 (1)
00:00:00.977631   EnableLargePages        <integer> = 0x0000000000000000 (0)
00:00:00.977632   EnableNestedPaging      <integer> = 0x0000000000000001 (1)
00:00:00.977632   EnableUX                <integer> = 0x0000000000000001 (1)
00:00:00.977633   EnableVPID              <integer> = 0x0000000000000001 (1)
00:00:00.977634   Exclusive               <integer> = 0x0000000000000001 (1)
00:00:00.977634   HMForced                <integer> = 0x0000000000000001 (1)
00:00:00.977635   IBPBOnVMEntry           <integer> = 0x0000000000000000 (0)
00:00:00.977636   IBPBOnVMExit            <integer> = 0x0000000000000000 (0)
00:00:00.977636   L1DFlushOnSched         <integer> = 0x0000000000000001 (1)
00:00:00.977637   L1DFlushOnVMEntry       <integer> = 0x0000000000000000 (0)
00:00:00.977637   LovelyMesaDrvWorkaround <integer> = 0x0000000000000001 (1)
00:00:00.977638   MDSClearOnSched         <integer> = 0x0000000000000001 (1)
00:00:00.977638   MDSClearOnVMEntry       <integer> = 0x0000000000000000 (0)
00:00:00.977639   SpecCtrlByHost          <integer> = 0x0000000000000000 (0)
00:00:00.977640   UseNEMInstead           <integer> = 0x0000000000000000 (0)
00:00:00.977640 
00:00:00.977640 [/MM/] (level 1)
00:00:00.977641   CanUseLargerHeap <integer> = 0x0000000000000000 (0)
00:00:00.977642 
00:00:00.977642 [/NEM/] (level 1)
00:00:00.977642   Allow64BitGuests        <integer> = 0x0000000000000001 (1)
00:00:00.977643   LovelyMesaDrvWorkaround <integer> = 0x0000000000000001 (1)
00:00:00.977644 
00:00:00.977644 [/PDM/] (level 1)
00:00:00.977644 
00:00:00.977645 [/PDM/AsyncCompletion/] (level 2)
00:00:00.977645 
00:00:00.977646 [/PDM/AsyncCompletion/File/] (level 3)
00:00:00.977646 
00:00:00.977647 [/PDM/AsyncCompletion/File/BwGroups/] (level 4)
00:00:00.977647 
00:00:00.977648 [/PDM/BlkCache/] (level 2)
00:00:00.977648   CacheSize <integer> = 0x0000000000500000 (5 242 880, 5 MB)
00:00:00.977649 
00:00:00.977650 [/PDM/Devices/] (level 2)
00:00:00.977650 
00:00:00.977651 [/PDM/Drivers/] (level 2)
00:00:00.977651 
00:00:00.977651 [/PDM/Drivers/VBoxC/] (level 3)
00:00:00.977652   Path <string>  = "/usr/lib/virtualbox/components/VBoxC" (cb=37)
00:00:00.977653 
00:00:00.977653 [/PDM/NetworkShaper/] (level 2)
00:00:00.977654 
00:00:00.977654 [/PDM/NetworkShaper/BwGroups/] (level 3)
00:00:00.977655 
00:00:00.977655 [/TM/] (level 1)
00:00:00.977656   UTCOffset <integer> = 0x0000000000000000 (0)
00:00:00.977656 
00:00:00.977656 [/USB/] (level 1)
00:00:00.977657 
00:00:00.977657 [/USB/HidMouse/] (level 2)
00:00:00.977658 
00:00:00.977658 [/USB/HidMouse/0/] (level 3)
00:00:00.977659 
00:00:00.977659 [/USB/HidMouse/0/Config/] (level 4)
00:00:00.977660   Mode <string>  = "absolute" (cb=9)
00:00:00.977660 
00:00:00.977660 [/USB/HidMouse/0/LUN#0/] (level 4)
00:00:00.977661   Driver <string>  = "MouseQueue" (cb=11)
00:00:00.977662 
00:00:00.977662 [/USB/HidMouse/0/LUN#0/AttachedDriver/] (level 5)
00:00:00.977663   Driver <string>  = "MainMouse" (cb=10)
00:00:00.977663 
00:00:00.977663 [/USB/HidMouse/0/LUN#0/AttachedDriver/Config/] (level 6)
00:00:00.977664   Object <integer> = 0x00007f9868006090 (140 292 556 611 728)
00:00:00.977665 
00:00:00.977666 [/USB/HidMouse/0/LUN#0/Config/] (level 5)
00:00:00.977667   QueueSize <integer> = 0x0000000000000080 (128)
00:00:00.977667 
00:00:00.977668 [/USB/USBProxy/] (level 2)
00:00:00.977668 
00:00:00.977668 [/USB/USBProxy/GlobalConfig/] (level 3)
00:00:00.977669 
00:00:00.977670 ********************* End of CFGM dump **********************
00:00:00.977723 HM: HMR3Init: VT-x w/ nested paging and unrestricted guest execution hw support
00:00:00.977753 MM: cbHyperHeap=0x200000 (2097152)
00:00:00.978504 CPUM: fXStateHostMask=0x7; initial: 0x7; host XCR0=0x1f
00:00:00.979211 CPUM: Matched host CPU INTEL 0x6/0x9e/0x9 Intel_Core7_KabyLake with CPU DB entry 'Intel Core i7-6700K' (INTEL 0x6/0x5e/0x3 Intel_Core7_Skylake)
00:00:00.979241 CPUM: MXCSR_MASK=0xffff (host: 0xffff)
00:00:00.979249 CPUM: Microcode revision 0x000000EA
00:00:00.979254 CPUM: Changing leaf 13[0]: EBX=0x440 -> 0x340, ECX=0x440 -> 0x340
00:00:00.979265 CPUM: MSR/CPUID reconciliation insert: 0x0000010b IA32_FLUSH_CMD
00:00:00.979335 PGM: Host paging mode: AMD64+PGE+NX
00:00:00.979341 PGM: PGMPool: cMaxPages=768 (u64MaxPages=545)
00:00:00.979344 PGM: pgmR3PoolInit: cMaxPages=0x300 cMaxUsers=0x600 cMaxPhysExts=0x600 fCacheEnable=true 
00:00:00.979680 PGM: /proc/sys/vm/max_map_count = 65530 (rc2=VWRN_TRAILING_CHARS); cGuessNeeded=16384
00:00:00.980737 TM: GIP - u32Mode=3 (Invariant) u32UpdateHz=62 u32UpdateIntervalNS=16000000 enmUseTscDelta=2 (Practically Zero) fGetGipCpu=0x1b cCpus=4
00:00:00.980745 TM: GIP - u64CpuHz=2 495 955 266 (0x94c54142)  SUPGetCpuHzFromGip => 2 495 955 266
00:00:00.980749 TM: GIP - CPU: iCpuSet=0x0 idCpu=0x0 idApic=0x0 iGipCpu=0x2 i64TSCDelta=0 enmState=3 u64CpuHz=2495997469(*) cErrors=0
00:00:00.980752 TM: GIP - CPU: iCpuSet=0x1 idCpu=0x1 idApic=0x2 iGipCpu=0x0 i64TSCDelta=0 enmState=3 u64CpuHz=2495955266(*) cErrors=0
00:00:00.980755 TM: GIP - CPU: iCpuSet=0x2 idCpu=0x2 idApic=0x4 iGipCpu=0x1 i64TSCDelta=0 enmState=3 u64CpuHz=2495997754(*) cErrors=0
00:00:00.980758 TM: GIP - CPU: iCpuSet=0x3 idCpu=0x3 idApic=0x6 iGipCpu=0x3 i64TSCDelta=0 enmState=3 u64CpuHz=2495998159(*) cErrors=0
00:00:00.980790 TM: cTSCTicksPerSecond=2 495 955 266 (0x94c54142) enmTSCMode=3 (Dynamic)
00:00:00.980791 TM: TSCTiedToExecution=false TSCNotTiedToHalt=false
00:00:00.981151 EMR3Init: fIemExecutesAll=false fGuruOnTripleFault=true 
00:00:00.981232 IEM: TargetCpu=CURRENT, Microarch=Intel_Core7_KabyLake
00:00:00.981278 GIM: Using provider 'KVM' (Implementation version: 0)
00:00:00.981282 CPUM: SetGuestCpuIdFeature: Enabled Hypervisor Present bit
00:00:01.013639 AIOMgr: Default manager type is 'Async'
00:00:01.013661 AIOMgr: Default file backend is 'NonBuffered'
00:00:01.014016 BlkCache: Cache successfully initialized. Cache size is 5242880 bytes
00:00:01.014028 BlkCache: Cache commit interval is 10000 ms
00:00:01.014032 BlkCache: Cache commit threshold is 2621440 bytes
00:00:01.015504 PcBios: [SMP] BIOS with 1 CPUs
00:00:01.015534 PcBios: Using the 386+ BIOS image.
00:00:01.015623 PcBios: MPS table at 000e1300
00:00:01.016120 PcBios: fCheckShutdownStatusForSoftReset=true   fClearShutdownStatusOnHardReset=true 
00:00:01.016338 SUP: Opened VBoxDDR0.r0 (/usr/lib/virtualbox/VBoxDDR0.r0) at 0xXXXXXXXXXXXXXXXX.
00:00:01.016552 CPUM: SetGuestCpuIdFeature: Enabled xAPIC
00:00:01.016568 CPUM: SetGuestCpuIdFeature: Enabled x2APIC
00:00:01.016827 IOAPIC: Using implementation 2.0! Chipset type ICH9
00:00:01.016890 PIT: mode=3 count=0x10000 (65536) - 18.20 Hz (ch=0)
00:00:01.017580 VMMDev: cbDefaultBudget: 261 373 696 (f943f00)
00:00:01.020004 Shared Folders service loaded
00:00:01.020805 Guest Control service loaded
00:00:01.028020 VGA: Using the 386+ BIOS image.
00:00:01.029507 DrvVD: Flushes will be ignored
00:00:01.029518 DrvVD: Async flushes will be passed to the disk
00:00:01.033004 VD: VDInit finished with VINF_SUCCESS
00:00:01.033297 AIOMgr: Endpoint for file '/home/vamsi/Documents/Acads/Sem 7/Computer Networks/Lab/Lab2/lab2_network/VMImages/base/base.vdi' (flags 000c0781) created successfully
00:00:01.034763 AIOMgr: Endpoint for file '/home/vamsi/Documents/Acads/Sem 7/Computer Networks/Lab/Lab2/lab2_network/VMImages/h1/Snapshots/{7d7fa6f6-1a12-4a0e-b1df-878a902151ed}.vdi' (flags 000c0723) created successfully
00:00:01.035622 VD: Opening the disk took 2735341 ns
00:00:01.035675 AHCI: LUN#0: disk, PCHS=2212/16/63, total number of sectors 2229702
00:00:01.035855 AHCI#0: Reset the HBA
00:00:01.035861 VD#0: Cancelling all active requests
00:00:01.036707 DrvVD: Flushes will be ignored
00:00:01.036720 DrvVD: Async flushes will be passed to the disk
00:00:01.036756 PIIX3 ATA: LUN#0: CD/DVD, total number of sectors 0, passthrough disabled
00:00:01.039769 PIIX3 ATA: LUN#1: no unit
00:00:01.039926 PIIX3 ATA: LUN#2: no unit
00:00:01.039937 PIIX3 ATA: LUN#3: no unit
00:00:01.039979 PIIX3 ATA: Ctl#1: finished processing RESET
00:00:01.040005 PIIX3 ATA: Ctl#0: finished processing RESET
00:00:01.040123 E1000#0: Chip=82540EM LinkUpDelay=3000ms EthernetCRC=on GSO=enabled Itr=disabled ItrRx=enabled TID=disabled R0=enabled RC=disabled
00:00:01.050337 NAT: Guest address guess set to 10.0.2.15 by initialization
00:00:01.050449 NAT: resolv.conf: nameserver 127.0.0.53
00:00:01.050463 NAT: DNS server 127.0.0.53 registration detected, switching to the DNS proxy
00:00:01.050468 NAT: DNS#0: 127.0.0.53
00:00:01.050512 NAT: Set redirect TCP 0.0.0.0:14501 -> 0.0.0.0:22
00:00:01.051498 E1000#1: Chip=82540EM LinkUpDelay=3000ms EthernetCRC=on GSO=enabled Itr=disabled ItrRx=enabled TID=disabled R0=enabled RC=disabled
00:00:01.051580 IntNet#0: szNetwork={intnet1} enmTrunkType=2 szTrunk={} fFlags=0x8000 cbRecv=325632 cbSend=196608 fIgnoreConnectFailure=false
00:00:01.052118 AC97: Using codec 'AD1980'
00:00:01.052183 Audio: Initializing PulseAudio driver
00:00:01.054899 PulseAudio: Using version 11.1.0
00:00:01.056900 PulseAudio: Retrieving server information ...
00:00:01.057480 Audio: Found 3 devices for driver 'PulseAudio'
00:00:01.057491 Audio: Device 'Built-in Audio Analog Stereo':
00:00:01.057492 Audio:   ID              = alsa_output.pci-0000_00_1f.3.analog-stereo
00:00:01.057493 Audio:   Usage           = output
00:00:01.057493 Audio:   Flags           = DEFAULT_OUT
00:00:01.057494 Audio:   Input channels  = 0
00:00:01.057495 Audio:   Output channels = 2
00:00:01.057498 Audio: Device 'Monitor of Built-in Audio Analog Stereo':
00:00:01.057499 Audio:   ID              = alsa_output.pci-0000_00_1f.3.analog-stereo.monitor
00:00:01.057499 Audio:   Usage           = input
00:00:01.057500 Audio:   Flags           = NONE
00:00:01.057500 Audio:   Input channels  = 2
00:00:01.057500 Audio:   Output channels = 0
00:00:01.057504 Audio: Device 'Built-in Audio Analog Stereo':
00:00:01.057504 Audio:   ID              = alsa_input.pci-0000_00_1f.3.analog-stereo
00:00:01.057505 Audio:   Usage           = input
00:00:01.057505 Audio:   Flags           = DEFAULT_IN
00:00:01.057505 Audio:   Input channels  = 2
00:00:01.057506 Audio:   Output channels = 0
00:00:01.057612 AC97: Reset
00:00:01.057619 AC97: Mixer reset (EAID=0x809, EACS=0x9)
00:00:01.057623 AC97: Record select to left=mic, right=mic
00:00:01.058546 VUSB: Attached 'HidMouse' to port 1 on RootHub#0 (FullSpeed)
00:00:01.058578 PGM: The CPU physical address width is 39 bits
00:00:01.058583 PGM: PGMR3InitFinalize: 4 MB PSE mask 0000007fffffffff -> VINF_SUCCESS
00:00:01.058609 TM: TMR3InitFinalize: fTSCModeSwitchAllowed=true 
00:00:01.058783 VMM: Enabled thread-context hooks
00:00:01.058789 VMM: RTThreadPreemptIsPending() can be trusted
00:00:01.058792 VMM: Kernel preemption is not possible it seems
00:00:01.058804 HM: fWorldSwitcher=0x0 (fIbpbOnVmExit=false fIbpbOnVmEntry=false fL1dFlushOnVmEntry=false); fL1dFlushOnSched=true  fMdsClearOnVmEntry=false
00:00:01.058811 HM: Using VT-x implementation 3.0
00:00:01.058811 HM: Max resume loops                  = 8192
00:00:01.058812 HM: Host CR4                          = 0x3606e0
00:00:01.058813 HM: Host EFER                         = 0xd01
00:00:01.058814 HM: MSR_IA32_SMM_MONITOR_CTL          = 0x0
00:00:01.058815 HM: MSR_IA32_FEATURE_CONTROL          = 0x5
00:00:01.058816 HM:   LOCK
00:00:01.058817 HM:   VMXON
00:00:01.058817 HM: MSR_IA32_VMX_BASIC                = 0xda040000000004
00:00:01.058818 HM:   VMCS id                           = 0x4
00:00:01.058819 HM:   VMCS size                         = 1024 bytes
00:00:01.058819 HM:   VMCS physical address limit       = None
00:00:01.058820 HM:   VMCS memory type                  = Write Back (WB)
00:00:01.058821 HM:   Dual-monitor treatment support    = true 
00:00:01.058822 HM:   OUTS & INS instruction-info       = true 
00:00:01.058822 HM:   Supports true-capability MSRs     = true 
00:00:01.058823 HM:   VM-entry Xcpt error-code optional = false
00:00:01.058823 HM: MSR_IA32_VMX_PINBASED_CTLS        = 0x7f00000016
00:00:01.058824 HM:   EXT_INT_EXIT
00:00:01.058825 HM:   NMI_EXIT
00:00:01.058826 HM:   VIRTUAL_NMI
00:00:01.058826 HM:   PREEMPT_TIMER
00:00:01.058826 HM:   POSTED_INT (must be cleared)
00:00:01.058827 HM: MSR_IA32_VMX_PROCBASED_CTLS       = 0xfff9fffe0401e172
00:00:01.058828 HM:   INT_WINDOW_EXIT
00:00:01.058829 HM:   USE_TSC_OFFSETTING
00:00:01.058830 HM:   HLT_EXIT
00:00:01.058830 HM:   INVLPG_EXIT
00:00:01.058830 HM:   MWAIT_EXIT
00:00:01.058831 HM:   RDPMC_EXIT
00:00:01.058831 HM:   RDTSC_EXIT
00:00:01.058832 HM:   CR3_LOAD_EXIT (must be set)
00:00:01.058832 HM:   CR3_STORE_EXIT (must be set)
00:00:01.058833 HM:   CR8_LOAD_EXIT
00:00:01.058833 HM:   CR8_STORE_EXIT
00:00:01.058834 HM:   USE_TPR_SHADOW
00:00:01.058834 HM:   NMI_WINDOW_EXIT
00:00:01.058834 HM:   MOV_DR_EXIT
00:00:01.058835 HM:   UNCOND_IO_EXIT
00:00:01.058835 HM:   USE_IO_BITMAPS
00:00:01.058836 HM:   MONITOR_TRAP_FLAG
00:00:01.058836 HM:   USE_MSR_BITMAPS
00:00:01.058836 HM:   MONITOR_EXIT
00:00:01.058837 HM:   PAUSE_EXIT
00:00:01.058837 HM:   USE_SECONDARY_CTLS
00:00:01.058838 HM: MSR_IA32_VMX_PROCBASED_CTLS2      = 0x5fbcff00000000
00:00:01.058839 HM:   VIRT_APIC_ACCESS
00:00:01.058839 HM:   EPT
00:00:01.058840 HM:   DESC_TABLE_EXIT
00:00:01.058841 HM:   RDTSCP
00:00:01.058841 HM:   VIRT_X2APIC_MODE
00:00:01.058842 HM:   VPID
00:00:01.058842 HM:   WBINVD_EXIT
00:00:01.058843 HM:   UNRESTRICTED_GUEST
00:00:01.058843 HM:   APIC_REG_VIRT (must be cleared)
00:00:01.058843 HM:   VIRT_INT_DELIVERY (must be cleared)
00:00:01.058844 HM:   PAUSE_LOOP_EXIT
00:00:01.058844 HM:   RDRAND_EXIT
00:00:01.058845 HM:   INVPCID
00:00:01.058845 HM:   VMFUNC
00:00:01.058846 HM:   VMCS_SHADOWING (must be cleared)
00:00:01.058846 HM:   ENCLS_EXIT
00:00:01.058847 HM:   RDSEED_EXIT
00:00:01.058847 HM:   PML
00:00:01.058848 HM:   EPT_VE
00:00:01.058848 HM:   CONCEAL_VMX_FROM_PT
00:00:01.058849 HM:   XSAVES_XRSTORS
00:00:01.058849 HM:   MODE_BASED_EPT_PERM
00:00:01.058849 HM:   SPPTP_EPT (must be cleared)
00:00:01.058850 HM:   PT_EPT (must be cleared)
00:00:01.058850 HM:   TSC_SCALING (must be cleared)
00:00:01.058851 HM:   USER_WAIT_PAUSE (must be cleared)
00:00:01.058851 HM:   ENCLV_EXIT (must be cleared)
00:00:01.058851 HM: MSR_IA32_VMX_ENTRY_CTLS           = 0x3ffff000011ff
00:00:01.058853 HM:   LOAD_DEBUG (must be set)
00:00:01.058853 HM:   IA32E_MODE_GUEST
00:00:01.058854 HM:   ENTRY_TO_SMM
00:00:01.058854 HM:   DEACTIVATE_DUAL_MON
00:00:01.058854 HM:   LOAD_PERF_MSR
00:00:01.058855 HM:   LOAD_PAT_MSR
00:00:01.058855 HM:   LOAD_EFER_MSR
00:00:01.058856 HM:   LOAD_BNDCFGS_MSR
00:00:01.058856 HM:   CONCEAL_VMX_FROM_PT
00:00:01.058857 HM:   LOAD_RTIT_CTL_MSR (must be cleared)
00:00:01.058857 HM: MSR_IA32_VMX_EXIT_CTLS            = 0x1ffffff00036dff
00:00:01.058858 HM:   SAVE_DEBUG (must be set)
00:00:01.058859 HM:   HOST_ADDR_SPACE_SIZE
00:00:01.058859 HM:   LOAD_PERF_MSR
00:00:01.058860 HM:   ACK_EXT_INT
00:00:01.058860 HM:   SAVE_PAT_MSR
00:00:01.058860 HM:   LOAD_PAT_MSR
00:00:01.058861 HM:   SAVE_EFER_MSR
00:00:01.058861 HM:   LOAD_EFER_MSR
00:00:01.058862 HM:   SAVE_PREEMPT_TIMER
00:00:01.058862 HM:   CLEAR_BNDCFGS_MSR
00:00:01.058863 HM:   CONCEAL_VMX_FROM_PT
00:00:01.058863 HM:   CLEAR_RTIT_CTL_MSR (must be cleared)
00:00:01.058863 HM: MSR_IA32_VMX_TRUE_PINBASED_CTLS   = 0x7f00000016
00:00:01.058864 HM: MSR_IA32_VMX_TRUE_PROCBASED_CTLS  = 0xfff9fffe04006172
00:00:01.058866 HM: MSR_IA32_VMX_TRUE_ENTRY_CTLS      = 0x3ffff000011fb
00:00:01.058867 HM: MSR_IA32_VMX_TRUE_EXIT_CTLS       = 0x1ffffff00036dfb
00:00:01.058868 HM: MSR_IA32_VMX_MISC                 = 0x7004c1e7
00:00:01.058869 HM:   PREEMPT_TIMER_TSC                 = 0x7
00:00:01.058870 HM:   EXIT_SAVE_EFER_LMA                = true 
00:00:01.058871 HM:   ACTIVITY_STATES                   = 0x7 ( HLT SHUTDOWN SIPI_WAIT )
00:00:01.058871 HM:   INTEL_PT                          = true 
00:00:01.058872 HM:   SMM_READ_SMBASE_MSR               = true 
00:00:01.058873 HM:   CR3_TARGET                        = 0x4
00:00:01.058873 HM:   MAX_MSR                           = 0x0 ( 512 )
00:00:01.058874 HM:   VMXOFF_BLOCK_SMI                  = true 
00:00:01.058875 HM:   VMWRITE_ALL                       = true 
00:00:01.058875 HM:   ENTRY_INJECT_SOFT_INT             = 0x1
00:00:01.058876 HM:   MSEG_ID                           = 0x0
00:00:01.058876 HM: MSR_IA32_VMX_VMCS_ENUM            = 0x2e
00:00:01.058877 HM:   HIGHEST_IDX                       = 0x17
00:00:01.058878 HM: MSR_IA32_VMX_EPT_VPID_CAP         = 0xf0106734141
00:00:01.058879 HM:   RWX_X_ONLY
00:00:01.058879 HM:   PAGE_WALK_LENGTH_4
00:00:01.058880 HM:   EMT_UC
00:00:01.058880 HM:   EMT_WB
00:00:01.058880 HM:   PDE_2M
00:00:01.058881 HM:   PDPTE_1G
00:00:01.058881 HM:   INVEPT
00:00:01.058882 HM:   EPT_ACCESS_DIRTY
00:00:01.058882 HM:   ADVEXITINFO_EPT
00:00:01.058882 HM:   INVEPT_SINGLE_CONTEXT
00:00:01.058883 HM:   INVEPT_ALL_CONTEXTS
00:00:01.058883 HM:   INVVPID
00:00:01.058884 HM:   INVVPID_INDIV_ADDR
00:00:01.058884 HM:   INVVPID_SINGLE_CONTEXT
00:00:01.058884 HM:   INVVPID_ALL_CONTEXTS
00:00:01.058885 HM:   INVVPID_SINGLE_CONTEXT_RETAIN_GLOBALS
00:00:01.058885 HM: MSR_IA32_VMX_VMFUNC               = 0x1
00:00:01.058886 HM:   EPTP_SWITCHING
00:00:01.058886 HM: MSR_IA32_VMX_CR0_FIXED0           = 0x80000021
00:00:01.058887 HM: MSR_IA32_VMX_CR0_FIXED1           = 0xffffffff
00:00:01.058888 HM: MSR_IA32_VMX_CR4_FIXED0           = 0x2000
00:00:01.058889 HM: MSR_IA32_VMX_CR4_FIXED1           = 0x3727ff
00:00:01.058890 HM: APIC-access page physaddr         = 0x000000026e13f000
00:00:01.058891 HM: VCPU  0: MSR bitmap physaddr      = 0x000000026e143000
00:00:01.058892 HM: VCPU  0: VMCS physaddr            = 0x000000026e140000
00:00:01.058894 HM: Guest support: 32-bit and 64-bit
00:00:01.058898 HM: Supports VMCS EFER fields         = true 
00:00:01.058899 HM: Enabled VMX
00:00:01.058902 CPUM: SetGuestCpuIdFeature: Enabled SYSENTER/EXIT
00:00:01.058903 CPUM: SetGuestCpuIdFeature: Enabled PAE
00:00:01.058903 CPUM: SetGuestCpuIdFeature: Enabled LONG MODE
00:00:01.058904 CPUM: SetGuestCpuIdFeature: Enabled SYSCALL/RET
00:00:01.058905 CPUM: SetGuestCpuIdFeature: Enabled LAHF/SAHF
00:00:01.058905 CPUM: SetGuestCpuIdFeature: Enabled NX
00:00:01.058905 HM: Enabled nested paging
00:00:01.058906 HM:   EPT flush type                  = Single context
00:00:01.058906 HM: Enabled unrestricted guest execution
00:00:01.058907 HM: Enabled VPID
00:00:01.058907 HM:   VPID flush type                 = Single context
00:00:01.058908 HM: Enabled VMX-preemption timer (cPreemptTimerShift=7)
00:00:01.058908 HM: VT-x/AMD-V init method: Global
00:00:01.058909 EM: Exit history optimizations: enabled=true  enabled-r0=true  enabled-r0-no-preemption=false
00:00:01.058940 PcBios: SATA LUN#0 LCHS=553/64/63
00:00:01.058960 APIC: fPostedIntrsEnabled=false fVirtApicRegsEnabled=false fSupportsTscDeadline=false
00:00:01.058967 TMR3UtcNow: nsNow=1 630 519 006 397 652 000 nsPrev=0 -> cNsDelta=1 630 519 006 397 652 000 (offLag=0 offVirtualSync=0 offVirtualSyncGivenUp=0, NowAgain=1 630 519 006 397 652 000)
00:00:01.058978 VMM: fUsePeriodicPreemptionTimers=false
00:00:01.059100 CPUM: Logical host processors: 4 present, 4 max, 4 online, online mask: 000000000000000f
00:00:01.059177 CPUM: Physical host cores: 4
00:00:01.059178 ************************* CPUID dump ************************
00:00:01.059187          Raw Standard CPUID Leaves
00:00:01.059188      Leaf/sub-leaf  eax      ebx      ecx      edx
00:00:01.059188 Gst: 00000000/0000  00000016 756e6547 6c65746e 49656e69
00:00:01.059191 Hst:                00000016 756e6547 6c65746e 49656e69
00:00:01.059192 Gst: 00000001/0000  000906e9 00010800 d6fa220b 178bfbff
00:00:01.059194 Hst:                000906e9 04100800 7ffafbbf bfebfbff
00:00:01.059195 Gst: 00000002/0000  76036301 00f0b6ff 00000000 00c30000
00:00:01.059197 Hst:                76036301 00f0b6ff 00000000 00c30000
00:00:01.059198 Gst: 00000003/0000  00000000 00000000 00000000 00000000
00:00:01.059199 Hst:                00000000 00000000 00000000 00000000
00:00:01.059200 Gst: 00000004/0000  00000121 01c0003f 0000003f 00000000
00:00:01.059201 Hst:                1c004121 01c0003f 0000003f 00000000
00:00:01.059203 Gst: 00000004/0001  00000122 01c0003f 0000003f 00000000
00:00:01.059204 Hst:                1c004122 01c0003f 0000003f 00000000
00:00:01.059205 Gst: 00000004/0002  00000143 00c0003f 000003ff 00000000
00:00:01.059206 Hst:                1c004143 00c0003f 000003ff 00000000
00:00:01.059207 Gst: 00000004/0003  00000163 02c0003f 00001fff 00000006
00:00:01.059208 Hst:                1c03c163 02c0003f 00001fff 00000006
00:00:01.059209 Gst: 00000004/0004  00000000 00000000 00000000 00000000
00:00:01.059210 Hst:                00000000 00000000 00000000 00000000
00:00:01.059211 Gst: 00000005/0000  00000040 00000040 00000000 00000000
00:00:01.059212 Hst:                00000040 00000040 00000003 11142120
00:00:01.059214 Gst: 00000006/0000  00000000 00000000 00000000 00000000
00:00:01.059215 Hst:                000027f7 00000002 00000009 00000000
00:00:01.059216 Gst: 00000007/0000  00000000 00842421 00000000 10000400
00:00:01.059217 Hst:                00000000 029c67af 00000000 9c002e00
00:00:01.059218 Gst: 00000007/0001  00000000 00000000 00000000 00000000
00:00:01.059219 Hst:                00000000 00000000 00000000 00000000
00:00:01.059220 Gst: 00000008/0000  00000000 00000000 00000000 00000000
00:00:01.059221 Hst:                00000000 00000000 00000000 00000000
00:00:01.059222 Gst: 00000009/0000  00000000 00000000 00000000 00000000
00:00:01.059223 Hst:                00000000 00000000 00000000 00000000
00:00:01.059223 Gst: 0000000a/0000  00000000 00000000 00000000 00000000
00:00:01.059224 Hst:                07300804 00000000 00000000 00000603
00:00:01.059225 Gst: 0000000b/0000  00000000 00000001 00000100 00000000
00:00:01.059226 Hst:                00000001 00000001 00000100 00000004
00:00:01.059227 Gst: 0000000b/0001  00000001 00000001 00000201 00000000
00:00:01.059228 Hst:                00000004 00000004 00000201 00000004
00:00:01.059229 Gst: 0000000b/0002  00000000 00000000 00000002 00000000
00:00:01.059230 Hst:                00000000 00000000 00000002 00000004
00:00:01.059231 Gst: 0000000c/0000  00000000 00000000 00000000 00000000
00:00:01.059231 Hst:                00000000 00000000 00000000 00000000
00:00:01.059232 Gst: 0000000d/0000  00000007 00000340 00000340 00000000
00:00:01.059233 Hst:                0000001f 00000440 00000440 00000000
00:00:01.059234 Gst: 0000000d/0001  00000000 000003c0 00000000 00000000
00:00:01.059235 Hst:                0000000f 000003c0 00000100 00000000
00:00:01.059236 Gst: 0000000d/0002  00000100 00000240 00000000 00000000
00:00:01.059237 Hst:                00000100 00000240 00000000 00000000
00:00:01.059238 Gst: 0000000d/0003  00000000 00000000 00000000 00000000
00:00:01.059239 Hst:                00000040 000003c0 00000000 00000000
00:00:01.059240 Gst: 0000000d/0004  00000000 00000000 00000000 00000000
00:00:01.059240 Hst:                00000040 00000400 00000000 00000000
00:00:01.059241 Gst: 0000000d/0005  00000000 00000000 00000000 00000000
00:00:01.059242 Hst:                00000000 00000000 00000000 00000000
00:00:01.059243 Gst: 0000000d/0006  00000000 00000000 00000000 00000000
00:00:01.059244 Hst:                00000000 00000000 00000000 00000000
00:00:01.059245 Gst: 0000000d/0007  00000000 00000000 00000000 00000000
00:00:01.059246 Hst:                00000000 00000000 00000000 00000000
00:00:01.059247 Gst: 0000000d/0008  00000000 00000000 00000000 00000000
00:00:01.059247 Hst:                00000080 00000000 00000001 00000000
00:00:01.059248 Gst: 0000000d/0009  00000000 00000000 00000000 00000000
00:00:01.059249 Hst:                00000000 00000000 00000000 00000000
00:00:01.059279 Gst: 0000000e/0000  00000000 00000000 00000000 00000000
00:00:01.059280 Hst:                00000000 00000000 00000000 00000000
00:00:01.059281 Gst: 0000000f/0000  00000000 00000000 00000000 00000000
00:00:01.059282 Hst:                00000000 00000000 00000000 00000000
00:00:01.059283 Gst: 00000010/0000  00000000 00000000 00000000 00000000
00:00:01.059284 Hst:                00000000 00000000 00000000 00000000
00:00:01.059285 Gst: 00000011/0000  00000000 00000000 00000000 00000000
00:00:01.059285 Hst:                00000000 00000000 00000000 00000000
00:00:01.059286 Gst: 00000012/0000  00000000 00000000 00000000 00000000
00:00:01.059287 Hst:                00000000 00000000 00000000 00000000
00:00:01.059288 Gst: 00000013/0000  00000000 00000000 00000000 00000000
00:00:01.059289 Hst:                00000000 00000000 00000000 00000000
00:00:01.059290 Gst: 00000014/0000  00000000 00000000 00000000 00000000
00:00:01.059290 Hst:                00000001 0000000f 00000007 00000000
00:00:01.059291 Hst: 00000015/0000  00000002 000000d0 00000000 00000000
00:00:01.059293 Hst: 00000016/0000  000009c4 00000dac 00000064 00000000
00:00:01.059295                                Name: GenuineIntel
00:00:01.059296                            Supports: 0x00000000-0x00000016
00:00:01.059298                              Family:  6 	Extended: 0 	Effective: 6
00:00:01.059299                               Model: 14 	Extended: 9 	Effective: 158
00:00:01.059301                            Stepping: 9
00:00:01.059302                                Type: 0 (primary)
00:00:01.059304                             APIC ID: 0x00
00:00:01.059305                        Logical CPUs: 1
00:00:01.059306                        CLFLUSH Size: 8
00:00:01.059307                            Brand ID: 0x00
00:00:01.059308 Features
00:00:01.059309   Mnemonic - Description                                  = guest (host)
00:00:01.059310   FPU - x87 FPU on Chip                                   = 1 (1)
00:00:01.059312   VME - Virtual 8086 Mode Enhancements                    = 1 (1)
00:00:01.059313   DE - Debugging extensions                               = 1 (1)
00:00:01.059315   PSE - Page Size Extension                               = 1 (1)
00:00:01.059316   TSC - Time Stamp Counter                                = 1 (1)
00:00:01.059317   MSR - Model Specific Registers                          = 1 (1)
00:00:01.059319   PAE - Physical Address Extension                        = 1 (1)
00:00:01.059320   MCE - Machine Check Exception                           = 1 (1)
00:00:01.059321   CX8 - CMPXCHG8B instruction                             = 1 (1)
00:00:01.059322   APIC - APIC On-Chip                                     = 1 (1)
00:00:01.059324   SEP - SYSENTER and SYSEXIT Present                      = 1 (1)
00:00:01.059325   MTRR - Memory Type Range Registers                      = 1 (1)
00:00:01.059326   PGE - PTE Global Bit                                    = 1 (1)
00:00:01.059328   MCA - Machine Check Architecture                        = 1 (1)
00:00:01.059329   CMOV - Conditional Move instructions                    = 1 (1)
00:00:01.059330   PAT - Page Attribute Table                              = 1 (1)
00:00:01.059331   PSE-36 - 36-bit Page Size Extension                     = 1 (1)
00:00:01.059332   PSN - Processor Serial Number                           = 0 (0)
00:00:01.059334   CLFSH - CLFLUSH instruction                             = 1 (1)
00:00:01.059335   DS - Debug Store                                        = 0 (1)
00:00:01.059336   ACPI - Thermal Mon. & Soft. Clock Ctrl.                 = 0 (1)
00:00:01.059338   MMX - Intel MMX Technology                              = 1 (1)
00:00:01.059339   FXSR - FXSAVE and FXRSTOR instructions                  = 1 (1)
00:00:01.059340   SSE - SSE support                                       = 1 (1)
00:00:01.059341   SSE2 - SSE2 support                                     = 1 (1)
00:00:01.059343   SS - Self Snoop                                         = 0 (1)
00:00:01.059344   HTT - Hyper-Threading Technology                        = 1 (1)
00:00:01.059345   TM - Therm. Monitor                                     = 0 (1)
00:00:01.059347   PBE - Pending Break Enabled                             = 0 (1)
00:00:01.059348   SSE3 - SSE3 support                                     = 1 (1)
00:00:01.059350   PCLMUL - PCLMULQDQ support (for AES-GCM)                = 1 (1)
00:00:01.059351   DTES64 - DS Area 64-bit Layout                          = 0 (1)
00:00:01.059352   MONITOR - MONITOR/MWAIT instructions                    = 1 (1)
00:00:01.059353   CPL-DS - CPL Qualified Debug Store                      = 0 (1)
00:00:01.059354   VMX - Virtual Machine Extensions                        = 0 (1)
00:00:01.059356   SMX - Safer Mode Extensions                             = 0 (0)
00:00:01.059357   EST - Enhanced SpeedStep Technology                     = 0 (1)
00:00:01.059358   TM2 - Terminal Monitor 2                                = 0 (1)
00:00:01.059359   SSSE3 - Supplemental Streaming SIMD Extensions 3        = 1 (1)
00:00:01.059360   CNTX-ID - L1 Context ID                                 = 0 (0)
00:00:01.059362   SDBG - Silicon Debug interface                          = 0 (1)
00:00:01.059363   FMA - Fused Multiply Add extensions                     = 0 (1)
00:00:01.059364   CX16 - CMPXCHG16B instruction                           = 1 (1)
00:00:01.059365   TPRUPDATE - xTPR Update Control                         = 0 (1)
00:00:01.059367   PDCM - Perf/Debug Capability MSR                        = 0 (1)
00:00:01.059368   PCID - Process Context Identifiers                      = 1 (1)
00:00:01.059369   DCA - Direct Cache Access                               = 0 (0)
00:00:01.059370   SSE4_1 - SSE4_1 support                                 = 1 (1)
00:00:01.059372   SSE4_2 - SSE4_2 support                                 = 1 (1)
00:00:01.059373   X2APIC - x2APIC support                                 = 1 (1)
00:00:01.059374   MOVBE - MOVBE instruction                               = 1 (1)
00:00:01.059376   POPCNT - POPCNT instruction                             = 1 (1)
00:00:01.059377   TSCDEADL - Time Stamp Counter Deadline                  = 0 (1)
00:00:01.059378   AES - AES instructions                                  = 1 (1)
00:00:01.059380   XSAVE - XSAVE instruction                               = 1 (1)
00:00:01.059381   OSXSAVE - OSXSAVE instruction                           = 0 (1)
00:00:01.059382   AVX - AVX support                                       = 1 (1)
00:00:01.059384   F16C - 16-bit floating point conversion instructions    = 0 (1)
00:00:01.059385   RDRAND - RDRAND instruction                             = 1 (1)
00:00:01.059386   HVP - Hypervisor Present (we're a guest)                = 1 (0)
00:00:01.059387 Structured Extended Feature Flags Enumeration (leaf 7):
00:00:01.059388   Mnemonic - Description                                  = guest (host)
00:00:01.059388   FSGSBASE - RDFSBASE/RDGSBASE/WRFSBASE/WRGSBASE instr.   = 1 (1)
00:00:01.059389   TSCADJUST - Supports MSR_IA32_TSC_ADJUST                = 0 (1)
00:00:01.059390   SGX - Supports Software Guard Extensions                = 0 (1)
00:00:01.059391   BMI1 - Advanced Bit Manipulation extension 1            = 0 (1)
00:00:01.059392   HLE - Hardware Lock Elision                             = 0 (0)
00:00:01.059394   AVX2 - Advanced Vector Extensions 2                     = 1 (1)
00:00:01.059395   FDP_EXCPTN_ONLY - FPU DP only updated on exceptions     = 0 (0)
00:00:01.059396   SMEP - Supervisor Mode Execution Prevention             = 0 (1)
00:00:01.059397   BMI2 - Advanced Bit Manipulation extension 2            = 0 (1)
00:00:01.059398   ERMS - Enhanced REP MOVSB/STOSB instructions            = 0 (1)
00:00:01.059399   INVPCID - INVPCID instruction                           = 1 (1)
00:00:01.059400   RTM - Restricted Transactional Memory                   = 0 (0)
00:00:01.059401   PQM - Platform Quality of Service Monitoring            = 0 (0)
00:00:01.059402   DEPFPU_CS_DS - Deprecates FPU CS, FPU DS values if set  = 1 (1)
00:00:01.059403   MPE - Intel Memory Protection Extensions                = 0 (1)
00:00:01.059404   PQE - Platform Quality of Service Enforcement           = 0 (0)
00:00:01.059405   AVX512F - AVX512 Foundation instructions                = 0 (0)
00:00:01.059406   RDSEED - RDSEED instruction                             = 1 (1)
00:00:01.059407   ADX - ADCX/ADOX instructions                            = 0 (1)
00:00:01.059409   SMAP - Supervisor Mode Access Prevention                = 0 (1)
00:00:01.059410   CLFLUSHOPT - CLFLUSHOPT (Cache Line Flush) instruction  = 1 (1)
00:00:01.059411   INTEL_PT - Intel Processor Trace                        = 0 (1)
00:00:01.059412   AVX512PF - AVX512 Prefetch instructions                 = 0 (0)
00:00:01.059413   AVX512ER - AVX512 Exponential & Reciprocal instructions = 0 (0)
00:00:01.059414   AVX512CD - AVX512 Conflict Detection instructions       = 0 (0)
00:00:01.059415   SHA - Secure Hash Algorithm extensions                  = 0 (0)
00:00:01.059416   PREFETCHWT1 - PREFETCHWT1 instruction                   = 0 (0)
00:00:01.059417   UMIP - User mode insturction prevention                 = 0 (0)
00:00:01.059418   PKU - Protection Key for Usermode pages                 = 0 (0)
00:00:01.059420   OSPKE - CR4.PKU mirror                                  = 0 (0)
00:00:01.059421   MAWAU - Value used by BNDLDX & BNDSTX                   = 0x0 (0x0)
00:00:01.059422   RDPID - Read processor ID support                       = 0 (0)
00:00:01.059424   SGX_LC - Supports SGX Launch Configuration              = 0 (0)
00:00:01.059425    9 - Reserved                                           = 0 (1)
00:00:01.059427   MD_CLEAR - Supports MDS related buffer clearing         = 1 (1)
00:00:01.059427   11 - Reserved                                           = 0 (1)
00:00:01.059429   13 - Reserved                                           = 0 (1)
00:00:01.059431   IBRS_IBPB - IA32_SPEC_CTRL.IBRS and IA32_PRED_CMD.IBPB  = 0 (1)
00:00:01.059432   STIBP - Supports IA32_SPEC_CTRL.STIBP                   = 0 (1)
00:00:01.059433   FLUSH_CMD - Supports IA32_FLUSH_CMD                     = 1 (1)
00:00:01.059434   ARCHCAP - Supports IA32_ARCH_CAP                        = 0 (0)
00:00:01.059435   CORECAP - Supports IA32_CORE_CAP                        = 0 (0)
00:00:01.059436   SSBD - Supports IA32_SPEC_CTRL.SSBD                     = 0 (1)
00:00:01.059438 Processor Extended State Enumeration (leaf 0xd):
00:00:01.059439    XSAVE area cur/max size by XCR0, guest: 0x340/0x340
00:00:01.059440     XSAVE area cur/max size by XCR0, host: 0x440/0x440
00:00:01.059441                    Valid XCR0 bits, guest: 0x00000000`00000007 ( x87 SSE YMM_Hi128 )
00:00:01.059443                     Valid XCR0 bits, host: 0x00000000`0000001f ( x87 SSE YMM_Hi128 BNDREGS BNDCSR )
00:00:01.059446                     XSAVE features, guest:
00:00:01.059448                      XSAVE features, host: XSAVEOPT XSAVEC XGETBC1 XSAVES
00:00:01.059449       XSAVE area cur size XCR0|XSS, guest: 0x3c0
00:00:01.059450        XSAVE area cur size XCR0|XSS, host: 0x3c0
00:00:01.059451                Valid IA32_XSS bits, guest: 0x00000000`00000000
00:00:01.059452                 Valid IA32_XSS bits, host: 0x00000100`00000000 ( 40 )
00:00:01.059454   State #2, guest: off=0x0240, cb=0x0100 IA32_XSS-bit -- YMM_Hi128
00:00:01.059456   State #2, host:  off=0x0240, cb=0x0100 IA32_XSS-bit -- YMM_Hi128
00:00:01.059458   State #3, host:  off=0x03c0, cb=0x0040 IA32_XSS-bit -- BNDREGS
00:00:01.059460   State #4, host:  off=0x0400, cb=0x0040 IA32_XSS-bit -- BNDCSR
00:00:01.059463   State #8, host:  off=0x0000, cb=0x0080 XCR0-bit -- 8
00:00:01.059478          Unknown CPUID Leaves
00:00:01.059478      Leaf/sub-leaf  eax      ebx      ecx      edx
00:00:01.059479 Gst: 00000014/0001  00000000 00000000 00000000 00000000
00:00:01.059480 Hst:                02490002 003f3fff 00000000 00000000
00:00:01.059482 Gst: 00000014/0002  00000000 00000000 00000000 00000000
00:00:01.059483 Hst:                00000000 00000000 00000000 00000000
00:00:01.059484 Gst: 00000015/0000  00000000 00000000 00000000 00000000
00:00:01.059484 Hst:                00000002 000000d0 00000000 00000000
00:00:01.059486 Gst: 00000016/0000  00000000 00000000 00000000 00000000
00:00:01.059487 Hst:                000009c4 00000dac 00000064 00000000
00:00:01.059488          Raw Hypervisor CPUID Leaves
00:00:01.059489      Leaf/sub-leaf  eax      ebx      ecx      edx
00:00:01.059490 Gst: 40000000/0000  40000001 4b4d564b 564b4d56 0000004d
00:00:01.059491 Hst:                000009c4 00000dac 00000064 00000000
00:00:01.059493 Gst: 40000001/0000  01000089 00000000 00000000 00000000
00:00:01.059494 Hst:                000009c4 00000dac 00000064 00000000
00:00:01.059495          Raw Extended CPUID Leaves
00:00:01.059495      Leaf/sub-leaf  eax      ebx      ecx      edx
00:00:01.059496 Gst: 80000000/0000  80000008 00000000 00000000 00000000
00:00:01.059497 Hst:                80000008 00000000 00000000 00000000
00:00:01.059498 Gst: 80000001/0000  00000000 00000000 00000121 28100800
00:00:01.059499 Hst:                00000000 00000000 00000121 2c100800
00:00:01.059501 Gst: 80000002/0000  65746e49 2952286c 726f4320 4d542865
00:00:01.059502 Hst:                65746e49 2952286c 726f4320 4d542865
00:00:01.059504 Gst: 80000003/0000  35692029 3033372d 20514830 20555043
00:00:01.059506 Hst:                35692029 3033372d 20514830 20555043
00:00:01.059508 Gst: 80000004/0000  2e322040 48473035 0000007a 00000000
00:00:01.059509 Hst:                2e322040 48473035 0000007a 00000000
00:00:01.059510 Gst: 80000005/0000  00000000 00000000 00000000 00000000
00:00:01.059511 Hst:                00000000 00000000 00000000 00000000
00:00:01.059512 Gst: 80000006/0000  00000000 00000000 01006040 00000000
00:00:01.059513 Hst:                00000000 00000000 01006040 00000000
00:00:01.059514 Gst: 80000007/0000  00000000 00000000 00000000 00000100
00:00:01.059515 Hst:                00000000 00000000 00000000 00000100
00:00:01.059516 Gst: 80000008/0000  00003027 00000000 00000000 00000000
00:00:01.059517 Hst:                00003027 00000000 00000000 00000000
00:00:01.059518 Ext Name:                        
00:00:01.059519 Ext Supports:                    0x80000000-0x80000008
00:00:01.059520 Family:                          0  	Extended: 0 	Effective: 0
00:00:01.059520 Model:                           0  	Extended: 0 	Effective: 0
00:00:01.059521 Stepping:                        0
00:00:01.059522 Brand ID:                        0x000
00:00:01.059522 Ext Features
00:00:01.059523   Mnemonic - Description                                  = guest (host)
00:00:01.059523   FPU - x87 FPU on Chip                                   = 0 (0)
00:00:01.059525   VME - Virtual 8086 Mode Enhancements                    = 0 (0)
00:00:01.059526   DE - Debugging extensions                               = 0 (0)
00:00:01.059528   PSE - Page Size Extension                               = 0 (0)
00:00:01.059529   TSC - Time Stamp Counter                                = 0 (0)
00:00:01.059530   MSR - K86 Model Specific Registers                      = 0 (0)
00:00:01.059531   PAE - Physical Address Extension                        = 0 (0)
00:00:01.059532   MCE - Machine Check Exception                           = 0 (0)
00:00:01.059534   CX8 - CMPXCHG8B instruction                             = 0 (0)
00:00:01.059535   APIC - APIC On-Chip                                     = 0 (0)
00:00:01.059536   SEP - SYSCALL/SYSRET                                    = 1 (1)
00:00:01.059538   MTRR - Memory Type Range Registers                      = 0 (0)
00:00:01.059539   PGE - PTE Global Bit                                    = 0 (0)
00:00:01.059540   MCA - Machine Check Architecture                        = 0 (0)
00:00:01.059541   CMOV - Conditional Move instructions                    = 0 (0)
00:00:01.059542   PAT - Page Attribute Table                              = 0 (0)
00:00:01.059544   PSE-36 - 36-bit Page Size Extension                     = 0 (0)
00:00:01.059545   NX - No-Execute/Execute-Disable                         = 1 (1)
00:00:01.059546   AXMMX - AMD Extensions to MMX instructions              = 0 (0)
00:00:01.059547   MMX - Intel MMX Technology                              = 0 (0)
00:00:01.059548   FXSR - FXSAVE and FXRSTOR Instructions                  = 0 (0)
00:00:01.059549   FFXSR - AMD fast FXSAVE and FXRSTOR instructions        = 0 (0)
00:00:01.059550   Page1GB - 1 GB large page                               = 0 (1)
00:00:01.059552   RDTSCP - RDTSCP instruction                             = 1 (1)
00:00:01.059553   LM - AMD64 Long Mode                                    = 1 (1)
00:00:01.059554   3DNOWEXT - AMD Extensions to 3DNow                      = 0 (0)
00:00:01.059556   3DNOW - AMD 3DNow                                       = 0 (0)
00:00:01.059557   LahfSahf - LAHF/SAHF support in 64-bit mode             = 1 (1)
00:00:01.059558   CmpLegacy - Core multi-processing legacy mode           = 0 (0)
00:00:01.059559   SVM - AMD Secure Virtual Machine extensions             = 0 (0)
00:00:01.059560   EXTAPIC - AMD Extended APIC registers                   = 0 (0)
00:00:01.059561   CR8L - AMD LOCK MOV CR0 means MOV CR8                   = 0 (0)
00:00:01.059563   ABM - AMD Advanced Bit Manipulation                     = 1 (1)
00:00:01.059564   SSE4A - SSE4A instructions                              = 0 (0)
00:00:01.059565   MISALIGNSSE - AMD Misaligned SSE mode                   = 0 (0)
00:00:01.059566   3DNOWPRF - AMD PREFETCH and PREFETCHW instructions      = 1 (1)
00:00:01.059567   OSVW - AMD OS Visible Workaround                        = 0 (0)
00:00:01.059568   IBS - Instruct Based Sampling                           = 0 (0)
00:00:01.059570   XOP - Extended Operation support                        = 0 (0)
00:00:01.059571   SKINIT - SKINIT, STGI, and DEV support                  = 0 (0)
00:00:01.059572   WDT - AMD Watchdog Timer support                        = 0 (0)
00:00:01.059573   LWP - Lightweight Profiling support                     = 0 (0)
00:00:01.059574   FMA4 - Four operand FMA instruction support             = 0 (0)
00:00:01.059575   NodeId - NodeId in MSR C001_100C                        = 0 (0)
00:00:01.059577   TBM - Trailing Bit Manipulation instructions            = 0 (0)
00:00:01.059578   TOPOEXT - Topology Extensions                           = 0 (0)
00:00:01.059579   PRFEXTCORE - Performance Counter Extensions support     = 0 (0)
00:00:01.059580   PRFEXTNB - NB Performance Counter Extensions support    = 0 (0)
00:00:01.059581   DATABPEXT - Data-access Breakpoint Extension            = 0 (0)
00:00:01.059582   PERFTSC - Performance Time Stamp Counter                = 0 (0)
00:00:01.059583   PCX_L2I - L2I/L3 Performance Counter Extensions         = 0 (0)
00:00:01.059584   MWAITX - MWAITX and MONITORX instructions               = 0 (0)
00:00:01.059585 Full Name:                       "Intel(R) Core(TM) i5-7300HQ CPU @ 2.50GHz"
00:00:01.059586 TLB 2/4M Instr/Uni:              res0     0 entries
00:00:01.059587 TLB 2/4M Data:                   res0     0 entries
00:00:01.059588 TLB 4K Instr/Uni:                res0     0 entries
00:00:01.059588 TLB 4K Data:                     res0     0 entries
00:00:01.059589 L1 Instr Cache Line Size:        0 bytes
00:00:01.059590 L1 Instr Cache Lines Per Tag:    0
00:00:01.059590 L1 Instr Cache Associativity:    res0  
00:00:01.059591 L1 Instr Cache Size:             0 KB
00:00:01.059591 L1 Data Cache Line Size:         0 bytes
00:00:01.059592 L1 Data Cache Lines Per Tag:     0
00:00:01.059592 L1 Data Cache Associativity:     res0  
00:00:01.059593 L1 Data Cache Size:              0 KB
00:00:01.059593 L2 TLB 2/4M Instr/Uni:           off       0 entries
00:00:01.059594 L2 TLB 2/4M Data:                off       0 entries
00:00:01.059595 L2 TLB 4K Instr/Uni:             off       0 entries
00:00:01.059595 L2 TLB 4K Data:                  off       0 entries
00:00:01.059596 L2 Cache Line Size:              0 bytes
00:00:01.059597 L2 Cache Lines Per Tag:          0
00:00:01.059597 L2 Cache Associativity:          off   
00:00:01.059597 L2 Cache Size:                   0 KB
00:00:01.059598   TS - Temperature Sensor                                 = 0 (0)
00:00:01.059600   FID - Frequency ID control                              = 0 (0)
00:00:01.059601   VID - Voltage ID control                                = 0 (0)
00:00:01.059602   TscInvariant - Invariant Time Stamp Counter             = 1 (1)
00:00:01.059603   CBP - Core Performance Boost                            = 0 (0)
00:00:01.059605   EffFreqRO - Read-only Effective Frequency Interface     = 0 (0)
00:00:01.059606   ProcFdbkIf - Processor Feedback Interface               = 0 (0)
00:00:01.059607   ProcPwrRep - Core power reporting interface support     = 0 (0)
00:00:01.059608 Physical Address Width:          39 bits
00:00:01.059609 Virtual Address Width:           48 bits
00:00:01.059609 Guest Physical Address Width:    0 bits
00:00:01.059610 Physical Core Count:             1
00:00:01.059612 
00:00:01.059612 ******************** End of CPUID dump **********************
00:00:01.059613 *********************** VT-x features ***********************
00:00:01.059614 Nested hardware virtualization - VMX features
00:00:01.059615   Mnemonic - Description                                  = guest (host)
00:00:01.059615   VMX - Virtual-Machine Extensions                        = 0 (1)
00:00:01.059616   InsOutInfo - INS/OUTS instruction info.                 = 0 (1)
00:00:01.059617   ExtIntExit - External interrupt exiting                 = 0 (1)
00:00:01.059617   NmiExit - NMI exiting                                   = 0 (1)
00:00:01.059618   VirtNmi - Virtual NMIs                                  = 0 (1)
00:00:01.059619   PreemptTimer - VMX preemption timer                     = 0 (1)
00:00:01.059619   PostedInt - Posted interrupts                           = 0 (0)
00:00:01.059620   IntWindowExit - Interrupt-window exiting                = 0 (1)
00:00:01.059621   TscOffsetting - TSC offsetting                          = 0 (1)
00:00:01.059621   HltExit - HLT exiting                                   = 0 (1)
00:00:01.059622   InvlpgExit - INVLPG exiting                             = 0 (1)
00:00:01.059622   MwaitExit - MWAIT exiting                               = 0 (1)
00:00:01.059623   RdpmcExit - RDPMC exiting                               = 0 (1)
00:00:01.059624   RdtscExit - RDTSC exiting                               = 0 (1)
00:00:01.059624   Cr3LoadExit - CR3-load exiting                          = 0 (1)
00:00:01.059625   Cr3StoreExit - CR3-store exiting                        = 0 (1)
00:00:01.059626   Cr8LoadExit  - CR8-load exiting                         = 0 (1)
00:00:01.059626   Cr8StoreExit - CR8-store exiting                        = 0 (1)
00:00:01.059627   UseTprShadow - Use TPR shadow                           = 0 (1)
00:00:01.059628   NmiWindowExit - NMI-window exiting                      = 0 (1)
00:00:01.059628   MovDRxExit - Mov-DR exiting                             = 0 (1)
00:00:01.059629   UncondIoExit - Unconditional I/O exiting                = 0 (1)
00:00:01.059630   UseIoBitmaps - Use I/O bitmaps                          = 0 (1)
00:00:01.059630   MonitorTrapFlag - Monitor Trap Flag                     = 0 (1)
00:00:01.059631   UseMsrBitmaps - MSR bitmaps                             = 0 (1)
00:00:01.059632   MonitorExit - MONITOR exiting                           = 0 (1)
00:00:01.059632   PauseExit - PAUSE exiting                               = 0 (1)
00:00:01.059633   SecondaryExecCtl - Activate secondary controls          = 0 (1)
00:00:01.059633   VirtApic - Virtualize-APIC accesses                     = 0 (1)
00:00:01.059634   Ept - Extended Page Tables                              = 0 (1)
00:00:01.059635   DescTableExit - Descriptor-table exiting                = 0 (1)
00:00:01.059635   Rdtscp - Enable RDTSCP                                  = 0 (1)
00:00:01.059636   VirtX2ApicMode - Virtualize-x2APIC mode                 = 0 (1)
00:00:01.059637   Vpid - Enable VPID                                      = 0 (1)
00:00:01.059637   WbinvdExit - WBINVD exiting                             = 0 (1)
00:00:01.059638   UnrestrictedGuest - Unrestricted guest                  = 0 (1)
00:00:01.059638   ApicRegVirt - APIC-register virtualization              = 0 (0)
00:00:01.059639   VirtIntDelivery - Virtual-interrupt delivery            = 0 (0)
00:00:01.059640   PauseLoopExit - PAUSE-loop exiting                      = 0 (1)
00:00:01.059640   RdrandExit - RDRAND exiting                             = 0 (1)
00:00:01.059641   Invpcid - Enable INVPCID                                = 0 (1)
00:00:01.059641   VmFuncs - Enable VM Functions                           = 0 (1)
00:00:01.059642   VmcsShadowing - VMCS shadowing                          = 0 (0)
00:00:01.059643   RdseedExiting - RDSEED exiting                          = 0 (1)
00:00:01.059643   PML - Page-Modification Log (PML)                       = 0 (1)
00:00:01.059644   EptVe - EPT violations can cause #VE                    = 0 (1)
00:00:01.059645   XsavesXRstors - Enable XSAVES/XRSTORS                   = 0 (1)
00:00:01.059645   EntryLoadDebugCtls - Load debug controls on VM-entry    = 0 (1)
00:00:01.059646   Ia32eModeGuest - IA-32e mode guest                      = 0 (1)
00:00:01.059646   EntryLoadEferMsr - Load IA32_EFER MSR on VM-entry       = 0 (1)
00:00:01.059647   EntryLoadPatMsr - Load IA32_PAT MSR on VM-entry         = 0 (1)
00:00:01.059648   ExitSaveDebugCtls - Save debug controls on VM-exit      = 0 (1)
00:00:01.059648   HostAddrSpaceSize - Host address-space size             = 0 (1)
00:00:01.059649   ExitAckExtInt - Acknowledge interrupt on VM-exit        = 0 (1)
00:00:01.059649   ExitSavePatMsr - Save IA32_PAT MSR on VM-exit           = 0 (1)
00:00:01.059650   ExitLoadPatMsr - Load IA32_PAT MSR on VM-exit           = 0 (1)
00:00:01.059651   ExitSaveEferMsr - Save IA32_EFER MSR on VM-exit         = 0 (1)
00:00:01.059651   ExitLoadEferMsr - Load IA32_EFER MSR on VM-exit         = 0 (1)
00:00:01.059652   SavePreemptTimer - Save VMX-preemption timer            = 0 (1)
00:00:01.059653   ExitSaveEferLma - Save IA32_EFER.LMA on VM-exit         = 0 (1)
00:00:01.059653   IntelPt - Intel PT (Processor Trace) in VMX operation   = 0 (1)
00:00:01.059654   VmwriteAll - VMWRITE to any supported VMCS field        = 0 (1)
00:00:01.059654   EntryInjectSoftInt - Inject softint. with 0-len instr.  = 0 (1)
00:00:01.059655 
00:00:01.059656 ******************* End of VT-x features ********************
00:00:01.059678 VMEmt: Halt method global1 (5)
00:00:01.059712 VMEmt: HaltedGlobal1 config: cNsSpinBlockThresholdCfg=2000
00:00:01.059718 Changing the VM state from 'CREATING' to 'CREATED'
00:00:01.063124 Changing the VM state from 'CREATED' to 'LOADING'
00:00:01.063590 SSM: File header: Format 2.0, VirtualBox Version 6.1.26 r145957, 64-bit host, cbGCPhys=8, cbGCPtr=8
00:00:01.064221 VUSB: Detached 'HidMouse' from port 1 on RootHub#0
00:00:01.064321 SSM: Saved state info:
00:00:01.064326 SSM:   Build Type: release
00:00:01.064330 SSM:   Host OS: linux.amd64
00:00:01.064419 PCI:    PIIX3/0: register 60: 80 -> 8b
00:00:01.064425 PCI:    PIIX3/0: register 61: 00 -> 8a
00:00:01.064429 PCI:    PIIX3/0: register 62: 00 -> 89
00:00:01.064432 PCI:    PIIX3/0: register 63: 00 -> 8b
00:00:01.064435 PCI:    PIIX3/0: register ad: 00 -> ef
00:00:01.064438 PCI:    PIIX3/0: register de: 00 -> be
00:00:01.064454 PCI: piix3ide/0:  8-bit field LATENCY_TIMER: 0 -> 40
00:00:01.064458 PCI: piix3ide/0: 32-bit field BASE_ADDRESS_4: 1 -> d001
00:00:01.064464 PCI: piix3ide/0: register 40: 00 -> 03
00:00:01.064468 PCI: piix3ide/0: register 41: 80 -> e3
00:00:01.064471 PCI: piix3ide/0: register 43: 80 -> c0
00:00:01.064474 PCI: piix3ide/0: register 48: 00 -> 01
00:00:01.064477 PCI: piix3ide/0: register 4a: 00 -> 02
00:00:01.064485 PCI:      vga/0: 32-bit field BASE_ADDRESS_0: 1 -> d011
00:00:01.064489 PCI:      vga/0: 32-bit field BASE_ADDRESS_1: 8 -> e0000008
00:00:01.064493 PCI:      vga/0: 32-bit field BASE_ADDRESS_2: 0 -> f0000000
00:00:01.064497 PCI:      vga/0:  8-bit field INTERRUPT_LINE: 0 -> a
00:00:01.064500 PCI:      vga/0: 16-bit field COMMAND: 0 -> 3
00:00:01.064795 PCI:    e1000/0:  8-bit field LATENCY_TIMER: 0 -> 40
00:00:01.064800 PCI:    e1000/0: 32-bit field BASE_ADDRESS_0: 0 -> f0200000
00:00:01.064804 PCI:    e1000/0: 32-bit field BASE_ADDRESS_2: 1 -> d021
00:00:01.064807 PCI:    e1000/0:  8-bit field INTERRUPT_LINE: 0 -> 9
00:00:01.064810 PCI:    e1000/0: 16-bit field COMMAND: 0 -> 7
00:00:01.064825 PCI:   VMMDev/0: 32-bit field BASE_ADDRESS_0: 1 -> d041
00:00:01.064829 PCI:   VMMDev/0: 32-bit field BASE_ADDRESS_1: 0 -> f0400000
00:00:01.064833 PCI:   VMMDev/0: 32-bit field BASE_ADDRESS_2: 8 -> f0800008
00:00:01.064836 PCI:   VMMDev/0:  8-bit field INTERRUPT_LINE: 0 -> b
00:00:01.064840 PCI:   VMMDev/0: 16-bit field COMMAND: 0 -> 3
00:00:01.064854 PCI:  ichac97/0: 32-bit field BASE_ADDRESS_0: 1 -> d101
00:00:01.064858 PCI:  ichac97/0: 32-bit field BASE_ADDRESS_1: 1 -> d201
00:00:01.064862 PCI:  ichac97/0:  8-bit field INTERRUPT_LINE: 0 -> b
00:00:01.064865 PCI:  ichac97/0: 16-bit field COMMAND: 0 -> 1
00:00:01.064874 PCI: usb-ohci/0:  8-bit field LATENCY_TIMER: 0 -> 40
00:00:01.064877 PCI: usb-ohci/0: 32-bit field BASE_ADDRESS_0: 0 -> f0804000
00:00:01.064881 PCI: usb-ohci/0:  8-bit field INTERRUPT_LINE: 0 -> a
00:00:01.064884 PCI: usb-ohci/0: 16-bit field COMMAND: 0 -> 6
00:00:01.064901 PCI:    e1000/1:  8-bit field LATENCY_TIMER: 0 -> 40
00:00:01.064905 PCI:    e1000/1: 32-bit field BASE_ADDRESS_0: 0 -> f0820000
00:00:01.064908 PCI:    e1000/1: 32-bit field BASE_ADDRESS_2: 1 -> d241
00:00:01.064912 PCI:    e1000/1:  8-bit field INTERRUPT_LINE: 0 -> b
00:00:01.064915 PCI:    e1000/1: 16-bit field COMMAND: 0 -> 7
00:00:01.064928 PCI:     ahci/0:  8-bit field LATENCY_TIMER: 0 -> 40
00:00:01.064932 PCI:     ahci/0: 32-bit field BASE_ADDRESS_0: 1 -> d249
00:00:01.064935 PCI:     ahci/0: 32-bit field BASE_ADDRESS_1: 1 -> d251
00:00:01.064939 PCI:     ahci/0: 32-bit field BASE_ADDRESS_2: 1 -> d259
00:00:01.064942 PCI:     ahci/0: 32-bit field BASE_ADDRESS_3: 1 -> d261
00:00:01.064945 PCI:     ahci/0: 32-bit field BASE_ADDRESS_4: 1 -> d271
00:00:01.064949 PCI:     ahci/0: 32-bit field BASE_ADDRESS_5: 0 -> f0840000
00:00:01.064952 PCI:     ahci/0:  8-bit field INTERRUPT_LINE: 0 -> b
00:00:01.064956 PCI:     ahci/0: 16-bit field COMMAND: 0 -> 7
00:00:01.417732 TM: cTSCTicksPerSecond=0x94c54142 (2 495 955 266) enmTSCMode=3 (Dynamic) (state load)
00:00:01.417758 GIM: KVM: VCPU  0: Enabled system-time struct. at 0x00000000008d1000 - u32TscScale=0xcd21c2fd i8TscShift=-1 uVersion=2 fFlags=0x1 uTsc=0x1a80e0e5e uVirtNanoTS=0xa9e59727 TscKHz=2495954
00:00:01.417764 TM: Switching TSC mode from 'Dynamic' to 'RealTscOffset'
00:00:01.417804 PIT: mode=0 count=0x10000 (65536) - 18.20 Hz (ch=0) (restore)
00:00:01.417810 RTC: Stopped the periodic timer (restore)
00:00:01.417861 HGCM: Restoring [VBoxGuestPropSvc]
00:00:01.417870 HGCM: Restoring [VBoxGuestControlSvc]
00:00:01.417872 HGCM: Restoring [VBoxSharedFolders]
00:00:01.417874 HGCM: Restoring [VBoxDragAndDropSvc]
00:00:01.417876 HGCM: Restoring [VBoxSharedClipboard]
00:00:01.417905 VMMDev: Guest Additions information report: Interface = 0x00010004 osType = 0x00053000 (Linux >= 2.6, 32-bit)
00:00:01.418817 E1000#0: Interrupt attempts: 0
00:00:01.418821 E1000#0: Interrupts raised : 0
00:00:01.418823 E1000#0: Interrupts lowered: 0
00:00:01.418825 E1000#0: ICR outside ISR   : 0
00:00:01.418833 E1000#0: IMS raised ints   : 0
00:00:01.418835 E1000#0: Interrupts skipped: 0
00:00:01.418836 E1000#0: Masked interrupts : 0
00:00:01.418838 E1000#0: Early interrupts  : 0
00:00:01.418840 E1000#0: Late interrupts   : 0
00:00:01.418841 E1000#0: Lost interrupts   : 0
00:00:01.418843 E1000#0: Interrupts by RX  : 0
00:00:01.418845 E1000#0: Interrupts by TX  : 0
00:00:01.418846 E1000#0: Interrupts by ICS : 0
00:00:01.418848 E1000#0: Interrupts by RDTR: 0
00:00:01.418850 E1000#0: Interrupts by RDMT: 0
00:00:01.418851 E1000#0: Interrupts by TXQE: 0
00:00:01.418853 E1000#0: TX int delay asked: 0
00:00:01.418855 E1000#0: TX delayed:         0
00:00:01.418856 E1000#0: TX delay expired:   0
00:00:01.418858 E1000#0: TX no report asked: 0
00:00:01.418860 E1000#0: TX abs timer expd : 0
00:00:01.418861 E1000#0: TX int timer expd : 0
00:00:01.418863 E1000#0: RX abs timer expd : 0
00:00:01.418865 E1000#0: RX int timer expd : 0
00:00:01.418866 E1000#0: TX CTX descriptors: 0
00:00:01.418868 E1000#0: TX DAT descriptors: 0
00:00:01.418870 E1000#0: TX LEG descriptors: 0
00:00:01.418871 E1000#0: Received frames   : 0
00:00:01.418873 E1000#0: Transmitted frames: 0
00:00:01.418875 E1000#0: TX frames up to 1514: 0
00:00:01.418876 E1000#0: TX frames up to 2962: 0
00:00:01.418878 E1000#0: TX frames up to 4410: 0
00:00:01.418880 E1000#0: TX frames up to 5858: 0
00:00:01.418881 E1000#0: TX frames up to 7306: 0
00:00:01.418883 E1000#0: TX frames up to 8754: 0
00:00:01.418885 E1000#0: TX frames up to 16384: 0
00:00:01.418886 E1000#0: TX frames up to 32768: 0
00:00:01.418888 E1000#0: Larger TX frames    : 0
00:00:01.418890 E1000#0: Max TX Delay        : 0
00:00:01.418895 E1000#1: Interrupt attempts: 0
00:00:01.418897 E1000#1: Interrupts raised : 0
00:00:01.418898 E1000#1: Interrupts lowered: 0
00:00:01.418900 E1000#1: ICR outside ISR   : 0
00:00:01.418902 E1000#1: IMS raised ints   : 0
00:00:01.418903 E1000#1: Interrupts skipped: 0
00:00:01.418905 E1000#1: Masked interrupts : 0
00:00:01.418907 E1000#1: Early interrupts  : 0
00:00:01.418908 E1000#1: Late interrupts   : 0
00:00:01.418910 E1000#1: Lost interrupts   : 0
00:00:01.418912 E1000#1: Interrupts by RX  : 0
00:00:01.418913 E1000#1: Interrupts by TX  : 0
00:00:01.418915 E1000#1: Interrupts by ICS : 0
00:00:01.418917 E1000#1: Interrupts by RDTR: 0
00:00:01.418918 E1000#1: Interrupts by RDMT: 0
00:00:01.418920 E1000#1: Interrupts by TXQE: 0
00:00:01.418922 E1000#1: TX int delay asked: 0
00:00:01.418923 E1000#1: TX delayed:         0
00:00:01.418925 E1000#1: TX delay expired:   0
00:00:01.418926 E1000#1: TX no report asked: 0
00:00:01.418928 E1000#1: TX abs timer expd : 0
00:00:01.418930 E1000#1: TX int timer expd : 0
00:00:01.418931 E1000#1: RX abs timer expd : 0
00:00:01.418933 E1000#1: RX int timer expd : 0
00:00:01.418935 E1000#1: TX CTX descriptors: 0
00:00:01.418936 E1000#1: TX DAT descriptors: 0
00:00:01.418938 E1000#1: TX LEG descriptors: 0
00:00:01.418940 E1000#1: Received frames   : 0
00:00:01.418941 E1000#1: Transmitted frames: 0
00:00:01.418943 E1000#1: TX frames up to 1514: 0
00:00:01.418945 E1000#1: TX frames up to 2962: 0
00:00:01.418946 E1000#1: TX frames up to 4410: 0
00:00:01.418948 E1000#1: TX frames up to 5858: 0
00:00:01.418950 E1000#1: TX frames up to 7306: 0
00:00:01.418951 E1000#1: TX frames up to 8754: 0
00:00:01.418953 E1000#1: TX frames up to 16384: 0
00:00:01.418955 E1000#1: TX frames up to 32768: 0
00:00:01.418956 E1000#1: Larger TX frames    : 0
00:00:01.418958 E1000#1: Max TX Delay        : 0
00:00:01.418963 AC97: Record select to left=mic, right=mic
00:00:01.419063 Changing the VM state from 'LOADING' to 'SUSPENDED'
00:00:01.419123 Changing the VM state from 'SUSPENDED' to 'RESUMING'
00:00:01.419761 NAT: Link down
00:00:01.420007 Changing the VM state from 'RESUMING' to 'RUNNING'
00:00:01.420016 Console: Machine state changed to 'Running'
00:00:01.481663 VBoxHeadless: starting event loop
00:00:01.623450 OHCI: USB Suspended
00:00:01.731666 VUSB: Attached 'HidMouse' to port 1 on RootHub#0 (FullSpeed)
00:00:01.783310 OHCI: USB Operational
00:00:04.481483 NAT: Link up
00:00:04.481538 NAT: resolv.conf: nameserver 127.0.0.53
00:00:04.481562 NAT: DNS server 127.0.0.53 registration detected, switching to the DNS proxy
00:00:04.481569 NAT: DNS#0: 127.0.0.53
00:00:29.929161 NAT: Old socket recv size: 128KB
00:00:29.929184 NAT: Old socket send size: 128KB
