00:00:00.057025 VirtualBox VM 6.1.26 r145957 linux.amd64 (Jul 28 2021 20:08:35) release log
00:00:00.057027 Log opened 2021-11-12T07:00:56.869695000Z
00:00:00.057028 Build Type: release
00:00:00.057030 OS Product: Linux
00:00:00.057031 OS Release: 5.4.0-90-generic
00:00:00.057032 OS Version: #101~18.04.1-Ubuntu SMP Fri Oct 22 09:25:04 UTC 2021
00:00:00.057048 DMI Product Name: Predator G9-593
00:00:00.057054 DMI Product Version: V1.13
00:00:00.057059 Firmware type: UEFI
00:00:00.057667 Secure Boot: Disabled
00:00:00.057726 Host RAM: 15952MB (15.5GB) total, 13034MB (12.7GB) available
00:00:00.057730 Executable: /usr/lib/virtualbox/VBoxHeadless
00:00:00.057731 Process ID: 27756
00:00:00.057731 Package type: LINUX_64BITS_UBUNTU_18_04
00:00:00.170385 Installed Extension Packs:
00:00:00.170395   None installed!
00:00:00.171248 Console: Machine state changed to 'Starting'
00:00:00.214560 SUP: Opened VMMR0.r0 (/usr/lib/virtualbox/VMMR0.r0) at 0xXXXXXXXXXXXXXXXX.
00:00:00.246153 Guest OS type: 'Ubuntu_64'
00:00:00.248734 fHMForced=true - No raw-mode support in this build!
00:00:00.260509 File system of '/home/vamsi/Documents/Acads/Sem 7/Computer Networks/Lab/Lab9/lab9_network/VMImages/h1/Snapshots' (snapshots) is ext4
00:00:00.260524 File system of '/home/vamsi/Documents/Acads/Sem 7/Computer Networks/Lab/Lab9/lab9_network/VMImages/h1/Snapshots/{7d7fa6f6-1a12-4a0e-b1df-878a902151ed}.vdi' is ext4
00:00:00.292730 Shared Clipboard: Service loaded
00:00:00.292746 Shared Clipboard: Mode: Off
00:00:00.292832 Shared Clipboard: Service running in headless mode
00:00:00.299082 Drag and drop service loaded
00:00:00.299094 Drag and drop mode: Off
00:00:00.302535 ************************* CFGM dump *************************
00:00:00.302540 [/] (level 0)
00:00:00.302548   CpuExecutionCap   <integer> = 0x0000000000000064 (100)
00:00:00.302558   EnablePAE         <integer> = 0x0000000000000000 (0)
00:00:00.302559   HMEnabled         <integer> = 0x0000000000000001 (1)
00:00:00.302559   MemBalloonSize    <integer> = 0x0000000000000000 (0)
00:00:00.302560   Name              <string>  = "h1" (cb=3)
00:00:00.302561   NumCPUs           <integer> = 0x0000000000000001 (1)
00:00:00.302562   PageFusionAllowed <integer> = 0x0000000000000000 (0)
00:00:00.302562   RamHoleSize       <integer> = 0x0000000020000000 (536 870 912, 512 MB)
00:00:00.302564   RamSize           <integer> = 0x0000000040000000 (1 073 741 824, 1 024 MB)
00:00:00.302565   TimerMillies      <integer> = 0x000000000000000a (10)
00:00:00.302566   UUID              <bytes>   = "33 57 8b aa df 49 3c 47 9d c2 35 76 97 31 e2 00" (cb=16)
00:00:00.302569 
00:00:00.302570 [/CPUM/] (level 1)
00:00:00.302571   GuestCpuName       <string>  = "host" (cb=5)
00:00:00.302572   NestedHWVirt       <integer> = 0x0000000000000000 (0)
00:00:00.302573   PortableCpuIdLevel <integer> = 0x0000000000000000 (0)
00:00:00.302573   SpecCtrl           <integer> = 0x0000000000000000 (0)
00:00:00.302574 
00:00:00.302574 [/CPUM/IsaExts/] (level 2)
00:00:00.302575 
00:00:00.302577 [/DBGC/] (level 1)
00:00:00.302578   GlobalInitScript <string>  = "/home/vamsi/.config/VirtualBox/dbgc-init" (cb=41)
00:00:00.302578   HistoryFile      <string>  = "/home/vamsi/.config/VirtualBox/dbgc-history" (cb=44)
00:00:00.302579   LocalInitScript  <string>  = "/home/vamsi/Documents/Acads/Sem 7/Computer Networks/Lab/Lab9/lab9_network/VMImages/h1/dbgc-init" (cb=96)
00:00:00.302580 
00:00:00.302580 [/DBGF/] (level 1)
00:00:00.302581   Path <string>  = "/home/vamsi/Documents/Acads/Sem 7/Computer Networks/Lab/Lab9/lab9_network/VMImages/h1/debug/;/home/vamsi/Documents/Acads/Sem 7/Computer Networks/Lab/Lab9/lab9_network/VMImages/h1/;cache*/home/vamsi/Documents/Acads/Sem 7/Computer Networks/Lab/Lab9/lab9_network/VMImages/h1/dbgcache/;/home/vamsi/" (cb=295)
00:00:00.302581 
00:00:00.302582 [/Devices/] (level 1)
00:00:00.302582 
00:00:00.302583 [/Devices/8237A/] (level 2)
00:00:00.302583 
00:00:00.302584 [/Devices/8237A/0/] (level 3)
00:00:00.302584   Trusted <integer> = 0x0000000000000001 (1)
00:00:00.302585 
00:00:00.302585 [/Devices/GIMDev/] (level 2)
00:00:00.302586 
00:00:00.302586 [/Devices/GIMDev/0/] (level 3)
00:00:00.302587   Trusted <integer> = 0x0000000000000001 (1)
00:00:00.302588 
00:00:00.302588 [/Devices/VMMDev/] (level 2)
00:00:00.302588 
00:00:00.302589 [/Devices/VMMDev/0/] (level 3)
00:00:00.302590   PCIBusNo      <integer> = 0x0000000000000000 (0)
00:00:00.302590   PCIDeviceNo   <integer> = 0x0000000000000004 (4)
00:00:00.302591   PCIFunctionNo <integer> = 0x0000000000000000 (0)
00:00:00.302591   Trusted       <integer> = 0x0000000000000001 (1)
00:00:00.302592 
00:00:00.302592 [/Devices/VMMDev/0/Config/] (level 4)
00:00:00.302593   GuestCoreDumpDir <string>  = "/home/vamsi/Documents/Acads/Sem 7/Computer Networks/Lab/Lab9/lab9_network/VMImages/h1/Snapshots" (cb=96)
00:00:00.302594 
00:00:00.302594 [/Devices/VMMDev/0/LUN#0/] (level 4)
00:00:00.302595   Driver <string>  = "HGCM" (cb=5)
00:00:00.302596 
00:00:00.302596 [/Devices/VMMDev/0/LUN#0/Config/] (level 5)
00:00:00.302597   Object <integer> = 0x00007f63f8000b70 (140 067 339 242 352)
00:00:00.302598 
00:00:00.302598 [/Devices/VMMDev/0/LUN#999/] (level 4)
00:00:00.302599   Driver <string>  = "MainStatus" (cb=11)
00:00:00.302600 
00:00:00.302600 [/Devices/VMMDev/0/LUN#999/Config/] (level 5)
00:00:00.302601   First   <integer> = 0x0000000000000000 (0)
00:00:00.302601   Last    <integer> = 0x0000000000000000 (0)
00:00:00.302602   papLeds <integer> = 0x00007f64000028e8 (140 067 473 467 624)
00:00:00.302603 
00:00:00.302603 [/Devices/acpi/] (level 2)
00:00:00.302604 
00:00:00.302604 [/Devices/acpi/0/] (level 3)
00:00:00.302605   PCIBusNo      <integer> = 0x0000000000000000 (0)
00:00:00.302606   PCIDeviceNo   <integer> = 0x0000000000000007 (7)
00:00:00.302606   PCIFunctionNo <integer> = 0x0000000000000000 (0)
00:00:00.302607   Trusted       <integer> = 0x0000000000000001 (1)
00:00:00.302607 
00:00:00.302608 [/Devices/acpi/0/Config/] (level 4)
00:00:00.302609   CpuHotPlug          <integer> = 0x0000000000000000 (0)
00:00:00.302610   FdcEnabled          <integer> = 0x0000000000000000 (0)
00:00:00.302610   HostBusPciAddress   <integer> = 0x0000000000000000 (0)
00:00:00.302611   HpetEnabled         <integer> = 0x0000000000000000 (0)
00:00:00.302612   IOAPIC              <integer> = 0x0000000000000001 (1)
00:00:00.302612   IocPciAddress       <integer> = 0x0000000000010000 (65 536)
00:00:00.302613   NumCPUs             <integer> = 0x0000000000000001 (1)
00:00:00.302614   Parallel0IoPortBase <integer> = 0x0000000000000000 (0)
00:00:00.302614   Parallel0Irq        <integer> = 0x0000000000000000 (0)
00:00:00.302615   Parallel1IoPortBase <integer> = 0x0000000000000000 (0)
00:00:00.302615   Parallel1Irq        <integer> = 0x0000000000000000 (0)
00:00:00.302616   Serial0IoPortBase   <integer> = 0x0000000000000000 (0)
00:00:00.302617   Serial0Irq          <integer> = 0x0000000000000000 (0)
00:00:00.302617   Serial1IoPortBase   <integer> = 0x0000000000000000 (0)
00:00:00.302618   Serial1Irq          <integer> = 0x0000000000000000 (0)
00:00:00.302618   ShowCpu             <integer> = 0x0000000000000001 (1)
00:00:00.302619   ShowRtc             <integer> = 0x0000000000000000 (0)
00:00:00.302619   SmcEnabled          <integer> = 0x0000000000000000 (0)
00:00:00.302620 
00:00:00.302620 [/Devices/acpi/0/LUN#0/] (level 4)
00:00:00.302621   Driver <string>  = "ACPIHost" (cb=9)
00:00:00.302622 
00:00:00.302622 [/Devices/acpi/0/LUN#0/Config/] (level 5)
00:00:00.302623 
00:00:00.302623 [/Devices/ahci/] (level 2)
00:00:00.302624 
00:00:00.302624 [/Devices/ahci/0/] (level 3)
00:00:00.302625   PCIBusNo      <integer> = 0x0000000000000000 (0)
00:00:00.302625   PCIDeviceNo   <integer> = 0x000000000000000d (13)
00:00:00.302626   PCIFunctionNo <integer> = 0x0000000000000000 (0)
00:00:00.302627   Trusted       <integer> = 0x0000000000000001 (1)
00:00:00.302627 
00:00:00.302627 [/Devices/ahci/0/Config/] (level 4)
00:00:00.302628   Bootable  <integer> = 0x0000000000000001 (1)
00:00:00.302629   PortCount <integer> = 0x0000000000000001 (1)
00:00:00.302629 
00:00:00.302630 [/Devices/ahci/0/Config/Port0/] (level 5)
00:00:00.302630   Hotpluggable <integer> = 0x0000000000000000 (0)
00:00:00.302631 
00:00:00.302631 [/Devices/ahci/0/LUN#0/] (level 4)
00:00:00.302632   Driver <string>  = "VD" (cb=3)
00:00:00.302633 
00:00:00.302633 [/Devices/ahci/0/LUN#0/Config/] (level 5)
00:00:00.302634   BlockCache <integer> = 0x0000000000000001 (1)
00:00:00.302635   Format     <string>  = "VDI" (cb=4)
00:00:00.302635   Mountable  <integer> = 0x0000000000000000 (0)
00:00:00.302636   Path       <string>  = "/home/vamsi/Documents/Acads/Sem 7/Computer Networks/Lab/Lab9/lab9_network/VMImages/h1/Snapshots/{7d7fa6f6-1a12-4a0e-b1df-878a902151ed}.vdi" (cb=139)
00:00:00.302636   Type       <string>  = "HardDisk" (cb=9)
00:00:00.302637   UseNewIo   <integer> = 0x0000000000000001 (1)
00:00:00.302638 
00:00:00.302638 [/Devices/ahci/0/LUN#0/Config/Parent/] (level 6)
00:00:00.302639   Format <string>  = "VDI" (cb=4)
00:00:00.302639   Path   <string>  = "/home/vamsi/Documents/Acads/Sem 7/Computer Networks/Lab/Lab9/lab9_network/VMImages/base/base.vdi" (cb=97)
00:00:00.302640 
00:00:00.302640 [/Devices/ahci/0/LUN#0/Config/Parent/VDConfig/] (level 7)
00:00:00.302641   AllocationBlockSize <string>  = "1048576" (cb=8)
00:00:00.302642 
00:00:00.302642 [/Devices/ahci/0/LUN#0/Config/VDConfig/] (level 6)
00:00:00.302643   AllocationBlockSize <string>  = "1048576" (cb=8)
00:00:00.302644 
00:00:00.302644 [/Devices/ahci/0/LUN#999/] (level 4)
00:00:00.302645   Driver <string>  = "MainStatus" (cb=11)
00:00:00.302645 
00:00:00.302645 [/Devices/ahci/0/LUN#999/Config/] (level 5)
00:00:00.302647   DeviceInstance        <string>  = "ahci/0" (cb=7)
00:00:00.302647   First                 <integer> = 0x0000000000000000 (0)
00:00:00.302648   Last                  <integer> = 0x0000000000000000 (0)
00:00:00.302649   pConsole              <integer> = 0x00007f6400001510 (140 067 473 462 544)
00:00:00.302650   papLeds               <integer> = 0x00007f6400001cf0 (140 067 473 464 560)
00:00:00.302651   pmapMediumAttachments <integer> = 0x00007f6400002908 (140 067 473 467 656)
00:00:00.302652 
00:00:00.302652 [/Devices/apic/] (level 2)
00:00:00.302653 
00:00:00.302653 [/Devices/apic/0/] (level 3)
00:00:00.302654   Trusted <integer> = 0x0000000000000001 (1)
00:00:00.302654 
00:00:00.302655 [/Devices/apic/0/Config/] (level 4)
00:00:00.302656   IOAPIC  <integer> = 0x0000000000000001 (1)
00:00:00.302656   Mode    <integer> = 0x0000000000000003 (3)
00:00:00.302657   NumCPUs <integer> = 0x0000000000000001 (1)
00:00:00.302657 
00:00:00.302657 [/Devices/e1000/] (level 2)
00:00:00.302658 
00:00:00.302658 [/Devices/e1000/0/] (level 3)
00:00:00.302659   PCIBusNo      <integer> = 0x0000000000000000 (0)
00:00:00.302660   PCIDeviceNo   <integer> = 0x0000000000000003 (3)
00:00:00.302660   PCIFunctionNo <integer> = 0x0000000000000000 (0)
00:00:00.302661   Trusted       <integer> = 0x0000000000000001 (1)
00:00:00.302661 
00:00:00.302662 [/Devices/e1000/0/Config/] (level 4)
00:00:00.302662   AdapterType    <integer> = 0x0000000000000000 (0)
00:00:00.302663   CableConnected <integer> = 0x0000000000000001 (1)
00:00:00.302664   LineSpeed      <integer> = 0x0000000000000000 (0)
00:00:00.302664   MAC            <bytes>   = "08 00 27 5c 20 74" (cb=6)
00:00:00.302665 
00:00:00.302666 [/Devices/e1000/0/LUN#0/] (level 4)
00:00:00.302666   Driver <string>  = "NAT" (cb=4)
00:00:00.302667 
00:00:00.302667 [/Devices/e1000/0/LUN#0/Config/] (level 5)
00:00:00.302668   AliasMode       <integer> = 0x0000000000000000 (0)
00:00:00.302669   BootFile        <string>  = "h1.pxe" (cb=7)
00:00:00.302669   DNSProxy        <integer> = 0x0000000000000000 (0)
00:00:00.302670   Network         <string>  = "10.0.2.0/24" (cb=12)
00:00:00.302670   PassDomain      <integer> = 0x0000000000000001 (1)
00:00:00.302671   TFTPPrefix      <string>  = "/home/vamsi/.config/VirtualBox/TFTP" (cb=36)
00:00:00.302672   UseHostResolver <integer> = 0x0000000000000000 (0)
00:00:00.302672 
00:00:00.302672 [/Devices/e1000/0/LUN#0/Config/PortForwarding/] (level 6)
00:00:00.302673 
00:00:00.302674 [/Devices/e1000/0/LUN#0/Config/PortForwarding/0/] (level 7)
00:00:00.302675   GuestPort <integer> = 0x0000000000000016 (22)
00:00:00.302675   HostPort  <integer> = 0x00000000000038a5 (14 501)
00:00:00.302676   Name      <string>  = "ssh" (cb=4)
00:00:00.302677   Protocol  <string>  = "TCP" (cb=4)
00:00:00.302677 
00:00:00.302677 [/Devices/e1000/0/LUN#999/] (level 4)
00:00:00.302678   Driver <string>  = "MainStatus" (cb=11)
00:00:00.302679 
00:00:00.302679 [/Devices/e1000/0/LUN#999/Config/] (level 5)
00:00:00.302680   First   <integer> = 0x0000000000000000 (0)
00:00:00.302680   Last    <integer> = 0x0000000000000000 (0)
00:00:00.302681   papLeds <integer> = 0x00007f64000027c8 (140 067 473 467 336)
00:00:00.302682 
00:00:00.302682 [/Devices/e1000/1/] (level 3)
00:00:00.302683   PCIBusNo      <integer> = 0x0000000000000000 (0)
00:00:00.302683   PCIDeviceNo   <integer> = 0x0000000000000008 (8)
00:00:00.302684   PCIFunctionNo <integer> = 0x0000000000000000 (0)
00:00:00.302684   Trusted       <integer> = 0x0000000000000001 (1)
00:00:00.302685 
00:00:00.302685 [/Devices/e1000/1/Config/] (level 4)
00:00:00.302686   AdapterType    <integer> = 0x0000000000000000 (0)
00:00:00.302687   CableConnected <integer> = 0x0000000000000001 (1)
00:00:00.302687   LineSpeed      <integer> = 0x0000000000000000 (0)
00:00:00.302688   MAC            <bytes>   = "08 00 27 63 a5 d5" (cb=6)
00:00:00.302689 
00:00:00.302689 [/Devices/e1000/1/LUN#0/] (level 4)
00:00:00.302690   Driver <string>  = "IntNet" (cb=7)
00:00:00.302690 
00:00:00.302691 [/Devices/e1000/1/LUN#0/Config/] (level 5)
00:00:00.302692   IfPolicyPromisc <string>  = "deny" (cb=5)
00:00:00.302692   Network         <string>  = "intnet1" (cb=8)
00:00:00.302693   TrunkType       <integer> = 0x0000000000000002 (2)
00:00:00.302693 
00:00:00.302694 [/Devices/e1000/1/LUN#999/] (level 4)
00:00:00.302694   Driver <string>  = "MainStatus" (cb=11)
00:00:00.302695 
00:00:00.302695 [/Devices/e1000/1/LUN#999/Config/] (level 5)
00:00:00.302696   First   <integer> = 0x0000000000000000 (0)
00:00:00.302697   Last    <integer> = 0x0000000000000000 (0)
00:00:00.302697   papLeds <integer> = 0x00007f64000027d0 (140 067 473 467 344)
00:00:00.302698 
00:00:00.302698 [/Devices/i8254/] (level 2)
00:00:00.302699 
00:00:00.302699 [/Devices/i8254/0/] (level 3)
00:00:00.302700 
00:00:00.302700 [/Devices/i8254/0/Config/] (level 4)
00:00:00.302701 
00:00:00.302701 [/Devices/i8259/] (level 2)
00:00:00.302702 
00:00:00.302702 [/Devices/i8259/0/] (level 3)
00:00:00.302703   Trusted <integer> = 0x0000000000000001 (1)
00:00:00.302703 
00:00:00.302704 [/Devices/i8259/0/Config/] (level 4)
00:00:00.302704 
00:00:00.302705 [/Devices/ichac97/] (level 2)
00:00:00.302705 
00:00:00.302706 [/Devices/ichac97/0/] (level 3)
00:00:00.302706   PCIBusNo      <integer> = 0x0000000000000000 (0)
00:00:00.302707   PCIDeviceNo   <integer> = 0x0000000000000005 (5)
00:00:00.302707   PCIFunctionNo <integer> = 0x0000000000000000 (0)
00:00:00.302708   Trusted       <integer> = 0x0000000000000001 (1)
00:00:00.302709 
00:00:00.302709 [/Devices/ichac97/0/AudioConfig/] (level 4)
00:00:00.302710 
00:00:00.302710 [/Devices/ichac97/0/Config/] (level 4)
00:00:00.302711   Codec        <string>  = "AD1980" (cb=7)
00:00:00.302711   DebugEnabled <integer> = 0x0000000000000000 (0)
00:00:00.302712 
00:00:00.302712 [/Devices/ichac97/0/LUN#0/] (level 4)
00:00:00.302713   Driver <string>  = "AUDIO" (cb=6)
00:00:00.302713 
00:00:00.302713 [/Devices/ichac97/0/LUN#0/AttachedDriver/] (level 5)
00:00:00.302714   Driver <string>  = "PulseAudio" (cb=11)
00:00:00.302715 
00:00:00.302715 [/Devices/ichac97/0/LUN#0/AttachedDriver/Config/] (level 6)
00:00:00.302716   VmName <string>  = "h1" (cb=3)
00:00:00.302717 
00:00:00.302717 [/Devices/ichac97/0/LUN#0/Config/] (level 5)
00:00:00.302718   DriverName    <string>  = "PulseAudio" (cb=11)
00:00:00.302718   InputEnabled  <integer> = 0x0000000000000000 (0)
00:00:00.302719   OutputEnabled <integer> = 0x0000000000000001 (1)
00:00:00.302719 
00:00:00.302720 [/Devices/ichac97/0/LUN#1/] (level 4)
00:00:00.302720   Driver <string>  = "AUDIO" (cb=6)
00:00:00.302721 
00:00:00.302721 [/Devices/ichac97/0/LUN#2/] (level 4)
00:00:00.302722   Driver <string>  = "AUDIO" (cb=6)
00:00:00.302722 
00:00:00.302722 [/Devices/ioapic/] (level 2)
00:00:00.302723 
00:00:00.302723 [/Devices/ioapic/0/] (level 3)
00:00:00.302724   Trusted <integer> = 0x0000000000000001 (1)
00:00:00.302725 
00:00:00.302725 [/Devices/ioapic/0/Config/] (level 4)
00:00:00.302726   NumCPUs <integer> = 0x0000000000000001 (1)
00:00:00.302726 
00:00:00.302726 [/Devices/mc146818/] (level 2)
00:00:00.302727 
00:00:00.302727 [/Devices/mc146818/0/] (level 3)
00:00:00.302728 
00:00:00.302728 [/Devices/mc146818/0/Config/] (level 4)
00:00:00.302729   UseUTC <integer> = 0x0000000000000001 (1)
00:00:00.302730 
00:00:00.302730 [/Devices/parallel/] (level 2)
00:00:00.302730 
00:00:00.302731 [/Devices/pcarch/] (level 2)
00:00:00.302731 
00:00:00.302732 [/Devices/pcarch/0/] (level 3)
00:00:00.302732   Trusted <integer> = 0x0000000000000001 (1)
00:00:00.302733 
00:00:00.302733 [/Devices/pcarch/0/Config/] (level 4)
00:00:00.302734 
00:00:00.302734 [/Devices/pcbios/] (level 2)
00:00:00.302735 
00:00:00.302735 [/Devices/pcbios/0/] (level 3)
00:00:00.302736   Trusted <integer> = 0x0000000000000001 (1)
00:00:00.302736 
00:00:00.302736 [/Devices/pcbios/0/Config/] (level 4)
00:00:00.302738   APIC               <integer> = 0x0000000000000001 (1)
00:00:00.302738   BootDevice0        <string>  = "FLOPPY" (cb=7)
00:00:00.302739   BootDevice1        <string>  = "DVD" (cb=4)
00:00:00.302739   BootDevice2        <string>  = "IDE" (cb=4)
00:00:00.302740   BootDevice3        <string>  = "NONE" (cb=5)
00:00:00.302740   FloppyDevice       <string>  = "i82078" (cb=7)
00:00:00.302741   HardDiskDevice     <string>  = "piix3ide" (cb=9)
00:00:00.302741   IOAPIC             <integer> = 0x0000000000000001 (1)
00:00:00.302742   McfgBase           <integer> = 0x0000000000000000 (0)
00:00:00.302743   McfgLength         <integer> = 0x0000000000000000 (0)
00:00:00.302743   NumCPUs            <integer> = 0x0000000000000001 (1)
00:00:00.302744   PXEDebug           <integer> = 0x0000000000000000 (0)
00:00:00.302744   SataHardDiskDevice <string>  = "ahci" (cb=5)
00:00:00.302745   SataLUN1           <integer> = 0x0000000000000000 (0)
00:00:00.302746   UUID               <bytes>   = "33 57 8b aa df 49 3c 47 9d c2 35 76 97 31 e2 00" (cb=16)
00:00:00.302747   UuidLe             <integer> = 0x0000000000000000 (0)
00:00:00.302748 
00:00:00.302748 [/Devices/pcbios/0/Config/NetBoot/] (level 5)
00:00:00.302749 
00:00:00.302749 [/Devices/pcbios/0/Config/NetBoot/0/] (level 6)
00:00:00.302750   NIC           <integer> = 0x0000000000000000 (0)
00:00:00.302751   PCIBusNo      <integer> = 0x0000000000000000 (0)
00:00:00.302751   PCIDeviceNo   <integer> = 0x0000000000000003 (3)
00:00:00.302752   PCIFunctionNo <integer> = 0x0000000000000000 (0)
00:00:00.302752 
00:00:00.302753 [/Devices/pci/] (level 2)
00:00:00.302753 
00:00:00.302754 [/Devices/pci/0/] (level 3)
00:00:00.302754   Trusted <integer> = 0x0000000000000001 (1)
00:00:00.302755 
00:00:00.302755 [/Devices/pci/0/Config/] (level 4)
00:00:00.302756   IOAPIC <integer> = 0x0000000000000001 (1)
00:00:00.302756 
00:00:00.302757 [/Devices/pcibridge/] (level 2)
00:00:00.302757 
00:00:00.302758 [/Devices/pckbd/] (level 2)
00:00:00.302758 
00:00:00.302758 [/Devices/pckbd/0/] (level 3)
00:00:00.302759   Trusted <integer> = 0x0000000000000001 (1)
00:00:00.302760 
00:00:00.302760 [/Devices/pckbd/0/Config/] (level 4)
00:00:00.302761 
00:00:00.302761 [/Devices/pckbd/0/LUN#0/] (level 4)
00:00:00.302762   Driver <string>  = "KeyboardQueue" (cb=14)
00:00:00.302762 
00:00:00.302762 [/Devices/pckbd/0/LUN#0/AttachedDriver/] (level 5)
00:00:00.302763   Driver <string>  = "MainKeyboard" (cb=13)
00:00:00.302764 
00:00:00.302764 [/Devices/pckbd/0/LUN#0/AttachedDriver/Config/] (level 6)
00:00:00.302765   Object <integer> = 0x000055c40444fbc0 (94 300 373 580 736)
00:00:00.302766 
00:00:00.302766 [/Devices/pckbd/0/LUN#0/Config/] (level 5)
00:00:00.302767   QueueSize <integer> = 0x0000000000000040 (64)
00:00:00.302768 
00:00:00.302768 [/Devices/pckbd/0/LUN#1/] (level 4)
00:00:00.302769   Driver <string>  = "MouseQueue" (cb=11)
00:00:00.302769 
00:00:00.302770 [/Devices/pckbd/0/LUN#1/AttachedDriver/] (level 5)
00:00:00.302771   Driver <string>  = "MainMouse" (cb=10)
00:00:00.302771 
00:00:00.302771 [/Devices/pckbd/0/LUN#1/AttachedDriver/Config/] (level 6)
00:00:00.302772   Object <integer> = 0x00007f64000061c0 (140 067 473 482 176)
00:00:00.302773 
00:00:00.302774 [/Devices/pckbd/0/LUN#1/Config/] (level 5)
00:00:00.302774   QueueSize <integer> = 0x0000000000000080 (128)
00:00:00.302775 
00:00:00.302775 [/Devices/pcnet/] (level 2)
00:00:00.302776 
00:00:00.302776 [/Devices/piix3ide/] (level 2)
00:00:00.302777 
00:00:00.302777 [/Devices/piix3ide/0/] (level 3)
00:00:00.302778   PCIBusNo      <integer> = 0x0000000000000000 (0)
00:00:00.302779   PCIDeviceNo   <integer> = 0x0000000000000001 (1)
00:00:00.302779   PCIFunctionNo <integer> = 0x0000000000000001 (1)
00:00:00.302780   Trusted       <integer> = 0x0000000000000001 (1)
00:00:00.302780 
00:00:00.302781 [/Devices/piix3ide/0/Config/] (level 4)
00:00:00.302781   Type <string>  = "PIIX4" (cb=6)
00:00:00.302782 
00:00:00.302782 [/Devices/piix3ide/0/LUN#0/] (level 4)
00:00:00.302783   Driver <string>  = "VD" (cb=3)
00:00:00.302783 
00:00:00.302783 [/Devices/piix3ide/0/LUN#0/Config/] (level 5)
00:00:00.302784   EmptyDrive <integer> = 0x0000000000000001 (1)
00:00:00.302785   Mountable  <integer> = 0x0000000000000001 (1)
00:00:00.302785   Type       <string>  = "DVD" (cb=4)
00:00:00.302786 
00:00:00.302786 [/Devices/piix3ide/0/LUN#999/] (level 4)
00:00:00.302787   Driver <string>  = "MainStatus" (cb=11)
00:00:00.302787 
00:00:00.302788 [/Devices/piix3ide/0/LUN#999/Config/] (level 5)
00:00:00.302789   DeviceInstance        <string>  = "piix3ide/0" (cb=11)
00:00:00.302789   First                 <integer> = 0x0000000000000000 (0)
00:00:00.302790   Last                  <integer> = 0x0000000000000003 (3)
00:00:00.302791   pConsole              <integer> = 0x00007f6400001510 (140 067 473 462 544)
00:00:00.302792   papLeds               <integer> = 0x00007f6400001cd0 (140 067 473 464 528)
00:00:00.302793   pmapMediumAttachments <integer> = 0x00007f6400002908 (140 067 473 467 656)
00:00:00.302794 
00:00:00.302794 [/Devices/serial/] (level 2)
00:00:00.302795 
00:00:00.302795 [/Devices/usb-ohci/] (level 2)
00:00:00.302796 
00:00:00.302796 [/Devices/usb-ohci/0/] (level 3)
00:00:00.302797   PCIBusNo      <integer> = 0x0000000000000000 (0)
00:00:00.302797   PCIDeviceNo   <integer> = 0x0000000000000006 (6)
00:00:00.302798   PCIFunctionNo <integer> = 0x0000000000000000 (0)
00:00:00.302798   Trusted       <integer> = 0x0000000000000001 (1)
00:00:00.302799 
00:00:00.302799 [/Devices/usb-ohci/0/Config/] (level 4)
00:00:00.302800 
00:00:00.302800 [/Devices/usb-ohci/0/LUN#0/] (level 4)
00:00:00.302801   Driver <string>  = "VUSBRootHub" (cb=12)
00:00:00.302801 
00:00:00.302801 [/Devices/usb-ohci/0/LUN#0/Config/] (level 5)
00:00:00.302802 
00:00:00.302803 [/Devices/usb-ohci/0/LUN#999/] (level 4)
00:00:00.302803   Driver <string>  = "MainStatus" (cb=11)
00:00:00.302804 
00:00:00.302804 [/Devices/usb-ohci/0/LUN#999/Config/] (level 5)
00:00:00.302805   First   <integer> = 0x0000000000000000 (0)
00:00:00.302805   Last    <integer> = 0x0000000000000000 (0)
00:00:00.302806   papLeds <integer> = 0x00007f64000028f0 (140 067 473 467 632)
00:00:00.302807 
00:00:00.302807 [/Devices/vga/] (level 2)
00:00:00.302808 
00:00:00.302808 [/Devices/vga/0/] (level 3)
00:00:00.302809   PCIBusNo      <integer> = 0x0000000000000000 (0)
00:00:00.302809   PCIDeviceNo   <integer> = 0x0000000000000002 (2)
00:00:00.302810   PCIFunctionNo <integer> = 0x0000000000000000 (0)
00:00:00.302810   Trusted       <integer> = 0x0000000000000001 (1)
00:00:00.302811 
00:00:00.302811 [/Devices/vga/0/Config/] (level 4)
00:00:00.302812   3DEnabled          <integer> = 0x0000000000000000 (0)
00:00:00.302813   CustomVideoModes   <integer> = 0x0000000000000000 (0)
00:00:00.302814   FadeIn             <integer> = 0x0000000000000001 (1)
00:00:00.302814   FadeOut            <integer> = 0x0000000000000001 (1)
00:00:00.302815   HeightReduction    <integer> = 0x0000000000000000 (0)
00:00:00.302815   LogoFile           <string>  = "" (cb=1)
00:00:00.302816   LogoTime           <integer> = 0x0000000000000000 (0)
00:00:00.302817   MonitorCount       <integer> = 0x0000000000000001 (1)
00:00:00.302817   ShowBootMenu       <integer> = 0x0000000000000002 (2)
00:00:00.302818   VMSVGA3dEnabled    <integer> = 0x0000000000000000 (0)
00:00:00.302818   VMSVGAEnabled      <integer> = 0x0000000000000001 (1)
00:00:00.302819   VMSVGAPciBarLayout <integer> = 0x0000000000000001 (1)
00:00:00.302819   VMSVGAPciId        <integer> = 0x0000000000000001 (1)
00:00:00.302820   VRamSize           <integer> = 0x0000000001000000 (16 777 216, 16 MB)
00:00:00.302821 
00:00:00.302821 [/Devices/vga/0/LUN#0/] (level 4)
00:00:00.302822   Driver <string>  = "MainDisplay" (cb=12)
00:00:00.302823 
00:00:00.302823 [/Devices/vga/0/LUN#0/Config/] (level 5)
00:00:00.302824   Object <integer> = 0x00007f6400006e00 (140 067 473 485 312)
00:00:00.302825 
00:00:00.302825 [/Devices/vga/0/LUN#999/] (level 4)
00:00:00.302826   Driver <string>  = "MainStatus" (cb=11)
00:00:00.302826 
00:00:00.302827 [/Devices/vga/0/LUN#999/Config/] (level 5)
00:00:00.302828   First   <integer> = 0x0000000000000000 (0)
00:00:00.302828   Last    <integer> = 0x0000000000000000 (0)
00:00:00.302829   papLeds <integer> = 0x00007f6400002900 (140 067 473 467 648)
00:00:00.302830 
00:00:00.302830 [/Devices/virtio-net/] (level 2)
00:00:00.302831 
00:00:00.302831 [/EM/] (level 1)
00:00:00.302831   TripleFaultReset <integer> = 0x0000000000000000 (0)
00:00:00.302832 
00:00:00.302832 [/GIM/] (level 1)
00:00:00.302833   Provider <string>  = "KVM" (cb=4)
00:00:00.302833 
00:00:00.302833 [/HM/] (level 1)
00:00:00.302834   64bitEnabled            <integer> = 0x0000000000000001 (1)
00:00:00.302835   EnableLargePages        <integer> = 0x0000000000000000 (0)
00:00:00.302835   EnableNestedPaging      <integer> = 0x0000000000000001 (1)
00:00:00.302836   EnableUX                <integer> = 0x0000000000000001 (1)
00:00:00.302837   EnableVPID              <integer> = 0x0000000000000001 (1)
00:00:00.302837   Exclusive               <integer> = 0x0000000000000001 (1)
00:00:00.302838   HMForced                <integer> = 0x0000000000000001 (1)
00:00:00.302839   IBPBOnVMEntry           <integer> = 0x0000000000000000 (0)
00:00:00.302839   IBPBOnVMExit            <integer> = 0x0000000000000000 (0)
00:00:00.302840   L1DFlushOnSched         <integer> = 0x0000000000000001 (1)
00:00:00.302840   L1DFlushOnVMEntry       <integer> = 0x0000000000000000 (0)
00:00:00.302841   LovelyMesaDrvWorkaround <integer> = 0x0000000000000001 (1)
00:00:00.302842   MDSClearOnSched         <integer> = 0x0000000000000001 (1)
00:00:00.302842   MDSClearOnVMEntry       <integer> = 0x0000000000000000 (0)
00:00:00.302843   SpecCtrlByHost          <integer> = 0x0000000000000000 (0)
00:00:00.302843   UseNEMInstead           <integer> = 0x0000000000000000 (0)
00:00:00.302844 
00:00:00.302844 [/MM/] (level 1)
00:00:00.302845   CanUseLargerHeap <integer> = 0x0000000000000000 (0)
00:00:00.302845 
00:00:00.302845 [/NEM/] (level 1)
00:00:00.302846   Allow64BitGuests        <integer> = 0x0000000000000001 (1)
00:00:00.302847   LovelyMesaDrvWorkaround <integer> = 0x0000000000000001 (1)
00:00:00.302847 
00:00:00.302847 [/PDM/] (level 1)
00:00:00.302848 
00:00:00.302848 [/PDM/AsyncCompletion/] (level 2)
00:00:00.302849 
00:00:00.302849 [/PDM/AsyncCompletion/File/] (level 3)
00:00:00.302850 
00:00:00.302850 [/PDM/AsyncCompletion/File/BwGroups/] (level 4)
00:00:00.302851 
00:00:00.302851 [/PDM/BlkCache/] (level 2)
00:00:00.302852   CacheSize <integer> = 0x0000000000500000 (5 242 880, 5 MB)
00:00:00.302853 
00:00:00.302853 [/PDM/Devices/] (level 2)
00:00:00.302854 
00:00:00.302854 [/PDM/Drivers/] (level 2)
00:00:00.302855 
00:00:00.302855 [/PDM/Drivers/VBoxC/] (level 3)
00:00:00.302856   Path <string>  = "/usr/lib/virtualbox/components/VBoxC" (cb=37)
00:00:00.302856 
00:00:00.302856 [/PDM/NetworkShaper/] (level 2)
00:00:00.302857 
00:00:00.302857 [/PDM/NetworkShaper/BwGroups/] (level 3)
00:00:00.302858 
00:00:00.302858 [/TM/] (level 1)
00:00:00.302859   UTCOffset <integer> = 0x0000000000000000 (0)
00:00:00.302859 
00:00:00.302860 [/USB/] (level 1)
00:00:00.302860 
00:00:00.302860 [/USB/HidMouse/] (level 2)
00:00:00.302861 
00:00:00.302861 [/USB/HidMouse/0/] (level 3)
00:00:00.302862 
00:00:00.302862 [/USB/HidMouse/0/Config/] (level 4)
00:00:00.302863   Mode <string>  = "absolute" (cb=9)
00:00:00.302863 
00:00:00.302864 [/USB/HidMouse/0/LUN#0/] (level 4)
00:00:00.302864   Driver <string>  = "MouseQueue" (cb=11)
00:00:00.302865 
00:00:00.302865 [/USB/HidMouse/0/LUN#0/AttachedDriver/] (level 5)
00:00:00.302866   Driver <string>  = "MainMouse" (cb=10)
00:00:00.302866 
00:00:00.302867 [/USB/HidMouse/0/LUN#0/AttachedDriver/Config/] (level 6)
00:00:00.302868   Object <integer> = 0x00007f64000061c0 (140 067 473 482 176)
00:00:00.302869 
00:00:00.302869 [/USB/HidMouse/0/LUN#0/Config/] (level 5)
00:00:00.302870   QueueSize <integer> = 0x0000000000000080 (128)
00:00:00.302870 
00:00:00.302871 [/USB/USBProxy/] (level 2)
00:00:00.302871 
00:00:00.302871 [/USB/USBProxy/GlobalConfig/] (level 3)
00:00:00.302872 
00:00:00.302873 ********************* End of CFGM dump **********************
00:00:00.302941 HM: HMR3Init: VT-x w/ nested paging and unrestricted guest execution hw support
00:00:00.302980 MM: cbHyperHeap=0x200000 (2097152)
00:00:00.303760 CPUM: fXStateHostMask=0x7; initial: 0x7; host XCR0=0x1f
00:00:00.304595 CPUM: Matched host CPU INTEL 0x6/0x9e/0x9 Intel_Core7_KabyLake with CPU DB entry 'Intel Core i7-6700K' (INTEL 0x6/0x5e/0x3 Intel_Core7_Skylake)
00:00:00.304637 CPUM: MXCSR_MASK=0xffff (host: 0xffff)
00:00:00.304646 CPUM: Microcode revision 0x000000EA
00:00:00.304652 CPUM: Changing leaf 13[0]: EBX=0x440 -> 0x340, ECX=0x440 -> 0x340
00:00:00.304659 CPUM: MSR/CPUID reconciliation insert: 0x0000010b IA32_FLUSH_CMD
00:00:00.304742 PGM: Host paging mode: AMD64+PGE+NX
00:00:00.304748 PGM: PGMPool: cMaxPages=768 (u64MaxPages=545)
00:00:00.304750 PGM: pgmR3PoolInit: cMaxPages=0x300 cMaxUsers=0x600 cMaxPhysExts=0x600 fCacheEnable=true 
00:00:00.305117 PGM: /proc/sys/vm/max_map_count = 65530 (rc2=VWRN_TRAILING_CHARS); cGuessNeeded=16384
00:00:00.307151 TM: GIP - u32Mode=3 (Invariant) u32UpdateHz=62 u32UpdateIntervalNS=16000000 enmUseTscDelta=2 (Practically Zero) fGetGipCpu=0x1b cCpus=4
00:00:00.307178 TM: GIP - u64CpuHz=2 474 916 253 (0x9384399d)  SUPGetCpuHzFromGip => 2 474 916 253
00:00:00.307185 TM: GIP - CPU: iCpuSet=0x0 idCpu=0x0 idApic=0x0 iGipCpu=0x1 i64TSCDelta=0 enmState=3 u64CpuHz=2495974764(*) cErrors=0
00:00:00.307188 TM: GIP - CPU: iCpuSet=0x1 idCpu=0x1 idApic=0x2 iGipCpu=0x3 i64TSCDelta=0 enmState=3 u64CpuHz=2495975108(*) cErrors=0
00:00:00.307191 TM: GIP - CPU: iCpuSet=0x2 idCpu=0x2 idApic=0x4 iGipCpu=0x2 i64TSCDelta=0 enmState=3 u64CpuHz=2495975102(*) cErrors=0
00:00:00.307194 TM: GIP - CPU: iCpuSet=0x3 idCpu=0x3 idApic=0x6 iGipCpu=0x0 i64TSCDelta=0 enmState=3 u64CpuHz=2474916253(*) cErrors=0
00:00:00.307241 TM: cTSCTicksPerSecond=2 474 916 253 (0x9384399d) enmTSCMode=3 (Dynamic)
00:00:00.307244 TM: TSCTiedToExecution=false TSCNotTiedToHalt=false
00:00:00.307696 EMR3Init: fIemExecutesAll=false fGuruOnTripleFault=true 
00:00:00.307783 IEM: TargetCpu=CURRENT, Microarch=Intel_Core7_KabyLake
00:00:00.307834 GIM: Using provider 'KVM' (Implementation version: 0)
00:00:00.309018 CPUM: SetGuestCpuIdFeature: Enabled Hypervisor Present bit
00:00:00.375854 AIOMgr: Default manager type is 'Async'
00:00:00.375872 AIOMgr: Default file backend is 'NonBuffered'
00:00:00.376023 BlkCache: Cache successfully initialized. Cache size is 5242880 bytes
00:00:00.376028 BlkCache: Cache commit interval is 10000 ms
00:00:00.376030 BlkCache: Cache commit threshold is 2621440 bytes
00:00:00.376973 PcBios: [SMP] BIOS with 1 CPUs
00:00:00.376992 PcBios: Using the 386+ BIOS image.
00:00:00.377045 PcBios: MPS table at 000e1300
00:00:00.377356 PcBios: fCheckShutdownStatusForSoftReset=true   fClearShutdownStatusOnHardReset=true 
00:00:00.377493 SUP: Opened VBoxDDR0.r0 (/usr/lib/virtualbox/VBoxDDR0.r0) at 0xXXXXXXXXXXXXXXXX.
00:00:00.377643 CPUM: SetGuestCpuIdFeature: Enabled xAPIC
00:00:00.377658 CPUM: SetGuestCpuIdFeature: Enabled x2APIC
00:00:00.377835 IOAPIC: Using implementation 2.0! Chipset type ICH9
00:00:00.377877 PIT: mode=3 count=0x10000 (65536) - 18.20 Hz (ch=0)
00:00:00.378287 VMMDev: cbDefaultBudget: 261 373 632 (f943ec0)
00:00:00.380871 Shared Folders service loaded
00:00:00.381222 Guest Control service loaded
00:00:00.385775 VGA: Using the 386+ BIOS image.
00:00:00.386900 DrvVD: Flushes will be ignored
00:00:00.386908 DrvVD: Async flushes will be passed to the disk
00:00:00.389080 VD: VDInit finished with VINF_SUCCESS
00:00:00.389257 AIOMgr: Endpoint for file '/home/vamsi/Documents/Acads/Sem 7/Computer Networks/Lab/Lab9/lab9_network/VMImages/base/base.vdi' (flags 000c0781) created successfully
00:00:00.418636 AIOMgr: Endpoint for file '/home/vamsi/Documents/Acads/Sem 7/Computer Networks/Lab/Lab9/lab9_network/VMImages/h1/Snapshots/{7d7fa6f6-1a12-4a0e-b1df-878a902151ed}.vdi' (flags 000c0723) created successfully
00:00:00.422226 VD: Opening the disk took 33233981 ns
00:00:00.422292 AHCI: LUN#0: disk, PCHS=2212/16/63, total number of sectors 2229702
00:00:00.431926 AHCI#0: Reset the HBA
00:00:00.431939 VD#0: Cancelling all active requests
00:00:00.432466 DrvVD: Flushes will be ignored
00:00:00.432472 DrvVD: Async flushes will be passed to the disk
00:00:00.432490 PIIX3 ATA: LUN#0: CD/DVD, total number of sectors 0, passthrough disabled
00:00:00.434347 PIIX3 ATA: LUN#1: no unit
00:00:00.434392 PIIX3 ATA: LUN#2: no unit
00:00:00.434396 PIIX3 ATA: LUN#3: no unit
00:00:00.439874 PIIX3 ATA: Ctl#0: finished processing RESET
00:00:00.439903 PIIX3 ATA: Ctl#1: finished processing RESET
00:00:00.439991 E1000#0: Chip=82540EM LinkUpDelay=3000ms EthernetCRC=on GSO=enabled Itr=disabled ItrRx=enabled TID=disabled R0=enabled RC=disabled
00:00:00.448039 NAT: Guest address guess set to 10.0.2.15 by initialization
00:00:00.448132 NAT: resolv.conf: nameserver 127.0.0.53
00:00:00.448144 NAT: DNS server 127.0.0.53 registration detected, switching to the DNS proxy
00:00:00.448147 NAT: DNS#0: 127.0.0.53
00:00:00.448188 NAT: Set redirect TCP 0.0.0.0:14501 -> 0.0.0.0:22
00:00:00.468689 E1000#1: Chip=82540EM LinkUpDelay=3000ms EthernetCRC=on GSO=enabled Itr=disabled ItrRx=enabled TID=disabled R0=enabled RC=disabled
00:00:00.468762 IntNet#0: szNetwork={intnet1} enmTrunkType=2 szTrunk={} fFlags=0x8000 cbRecv=325632 cbSend=196608 fIgnoreConnectFailure=false
00:00:00.480086 AC97: Using codec 'AD1980'
00:00:00.480154 Audio: Initializing PulseAudio driver
00:00:00.481854 PulseAudio: Using version 11.1.0
00:00:00.492041 PulseAudio: Retrieving server information ...
00:00:00.492860 Audio: Found 3 devices for driver 'PulseAudio'
00:00:00.492867 Audio: Device 'Built-in Audio Analog Stereo':
00:00:00.492867 Audio:   ID              = alsa_output.pci-0000_00_1f.3.analog-stereo
00:00:00.492868 Audio:   Usage           = output
00:00:00.492868 Audio:   Flags           = DEFAULT_OUT
00:00:00.492868 Audio:   Input channels  = 0
00:00:00.492869 Audio:   Output channels = 2
00:00:00.492871 Audio: Device 'Monitor of Built-in Audio Analog Stereo':
00:00:00.492872 Audio:   ID              = alsa_output.pci-0000_00_1f.3.analog-stereo.monitor
00:00:00.492872 Audio:   Usage           = input
00:00:00.492872 Audio:   Flags           = NONE
00:00:00.492873 Audio:   Input channels  = 2
00:00:00.492873 Audio:   Output channels = 0
00:00:00.492875 Audio: Device 'Built-in Audio Analog Stereo':
00:00:00.492875 Audio:   ID              = alsa_input.pci-0000_00_1f.3.analog-stereo
00:00:00.492875 Audio:   Usage           = input
00:00:00.492876 Audio:   Flags           = DEFAULT_IN
00:00:00.492876 Audio:   Input channels  = 2
00:00:00.492876 Audio:   Output channels = 0
00:00:00.492943 AC97: Reset
00:00:00.492946 AC97: Mixer reset (EAID=0x809, EACS=0x9)
00:00:00.492949 AC97: Record select to left=mic, right=mic
00:00:00.507648 VUSB: Attached 'HidMouse' to port 1 on RootHub#0 (FullSpeed)
00:00:00.507701 PGM: The CPU physical address width is 39 bits
00:00:00.507706 PGM: PGMR3InitFinalize: 4 MB PSE mask 0000007fffffffff -> VINF_SUCCESS
00:00:00.507730 TM: TMR3InitFinalize: fTSCModeSwitchAllowed=true 
00:00:00.507999 VMM: Enabled thread-context hooks
00:00:00.508003 VMM: RTThreadPreemptIsPending() can be trusted
00:00:00.508005 VMM: Kernel preemption is not possible it seems
00:00:00.508015 HM: fWorldSwitcher=0x0 (fIbpbOnVmExit=false fIbpbOnVmEntry=false fL1dFlushOnVmEntry=false); fL1dFlushOnSched=true  fMdsClearOnVmEntry=false
00:00:00.508020 HM: Using VT-x implementation 3.0
00:00:00.508020 HM: Max resume loops                  = 8192
00:00:00.508021 HM: Host CR4                          = 0x3606e0
00:00:00.508022 HM: Host EFER                         = 0xd01
00:00:00.508022 HM: MSR_IA32_SMM_MONITOR_CTL          = 0x0
00:00:00.508023 HM: MSR_IA32_FEATURE_CONTROL          = 0x5
00:00:00.508023 HM:   LOCK
00:00:00.508024 HM:   VMXON
00:00:00.508024 HM: MSR_IA32_VMX_BASIC                = 0xda040000000004
00:00:00.508025 HM:   VMCS id                           = 0x4
00:00:00.508025 HM:   VMCS size                         = 1024 bytes
00:00:00.508026 HM:   VMCS physical address limit       = None
00:00:00.508027 HM:   VMCS memory type                  = Write Back (WB)
00:00:00.508027 HM:   Dual-monitor treatment support    = true 
00:00:00.508027 HM:   OUTS & INS instruction-info       = true 
00:00:00.508028 HM:   Supports true-capability MSRs     = true 
00:00:00.508028 HM:   VM-entry Xcpt error-code optional = false
00:00:00.508028 HM: MSR_IA32_VMX_PINBASED_CTLS        = 0x7f00000016
00:00:00.508029 HM:   EXT_INT_EXIT
00:00:00.508030 HM:   NMI_EXIT
00:00:00.508030 HM:   VIRTUAL_NMI
00:00:00.508030 HM:   PREEMPT_TIMER
00:00:00.508030 HM:   POSTED_INT (must be cleared)
00:00:00.508031 HM: MSR_IA32_VMX_PROCBASED_CTLS       = 0xfff9fffe0401e172
00:00:00.508032 HM:   INT_WINDOW_EXIT
00:00:00.508032 HM:   USE_TSC_OFFSETTING
00:00:00.508032 HM:   HLT_EXIT
00:00:00.508033 HM:   INVLPG_EXIT
00:00:00.508033 HM:   MWAIT_EXIT
00:00:00.508033 HM:   RDPMC_EXIT
00:00:00.508034 HM:   RDTSC_EXIT
00:00:00.508034 HM:   CR3_LOAD_EXIT (must be set)
00:00:00.508034 HM:   CR3_STORE_EXIT (must be set)
00:00:00.508034 HM:   CR8_LOAD_EXIT
00:00:00.508035 HM:   CR8_STORE_EXIT
00:00:00.508035 HM:   USE_TPR_SHADOW
00:00:00.508035 HM:   NMI_WINDOW_EXIT
00:00:00.508035 HM:   MOV_DR_EXIT
00:00:00.508036 HM:   UNCOND_IO_EXIT
00:00:00.508036 HM:   USE_IO_BITMAPS
00:00:00.508036 HM:   MONITOR_TRAP_FLAG
00:00:00.508037 HM:   USE_MSR_BITMAPS
00:00:00.508037 HM:   MONITOR_EXIT
00:00:00.508037 HM:   PAUSE_EXIT
00:00:00.508037 HM:   USE_SECONDARY_CTLS
00:00:00.508038 HM: MSR_IA32_VMX_PROCBASED_CTLS2      = 0x5fbcff00000000
00:00:00.508038 HM:   VIRT_APIC_ACCESS
00:00:00.508039 HM:   EPT
00:00:00.508039 HM:   DESC_TABLE_EXIT
00:00:00.508039 HM:   RDTSCP
00:00:00.508040 HM:   VIRT_X2APIC_MODE
00:00:00.508040 HM:   VPID
00:00:00.508040 HM:   WBINVD_EXIT
00:00:00.508041 HM:   UNRESTRICTED_GUEST
00:00:00.508041 HM:   APIC_REG_VIRT (must be cleared)
00:00:00.508041 HM:   VIRT_INT_DELIVERY (must be cleared)
00:00:00.508041 HM:   PAUSE_LOOP_EXIT
00:00:00.508042 HM:   RDRAND_EXIT
00:00:00.508042 HM:   INVPCID
00:00:00.508042 HM:   VMFUNC
00:00:00.508043 HM:   VMCS_SHADOWING (must be cleared)
00:00:00.508043 HM:   ENCLS_EXIT
00:00:00.508043 HM:   RDSEED_EXIT
00:00:00.508044 HM:   PML
00:00:00.508044 HM:   EPT_VE
00:00:00.508044 HM:   CONCEAL_VMX_FROM_PT
00:00:00.508045 HM:   XSAVES_XRSTORS
00:00:00.508045 HM:   MODE_BASED_EPT_PERM
00:00:00.508045 HM:   SPPTP_EPT (must be cleared)
00:00:00.508045 HM:   PT_EPT (must be cleared)
00:00:00.508046 HM:   TSC_SCALING (must be cleared)
00:00:00.508046 HM:   USER_WAIT_PAUSE (must be cleared)
00:00:00.508046 HM:   ENCLV_EXIT (must be cleared)
00:00:00.508046 HM: MSR_IA32_VMX_ENTRY_CTLS           = 0x3ffff000011ff
00:00:00.508047 HM:   LOAD_DEBUG (must be set)
00:00:00.508048 HM:   IA32E_MODE_GUEST
00:00:00.508048 HM:   ENTRY_TO_SMM
00:00:00.508048 HM:   DEACTIVATE_DUAL_MON
00:00:00.508049 HM:   LOAD_PERF_MSR
00:00:00.508049 HM:   LOAD_PAT_MSR
00:00:00.508049 HM:   LOAD_EFER_MSR
00:00:00.508049 HM:   LOAD_BNDCFGS_MSR
00:00:00.508050 HM:   CONCEAL_VMX_FROM_PT
00:00:00.508050 HM:   LOAD_RTIT_CTL_MSR (must be cleared)
00:00:00.508050 HM: MSR_IA32_VMX_EXIT_CTLS            = 0x1ffffff00036dff
00:00:00.508051 HM:   SAVE_DEBUG (must be set)
00:00:00.508051 HM:   HOST_ADDR_SPACE_SIZE
00:00:00.508052 HM:   LOAD_PERF_MSR
00:00:00.508052 HM:   ACK_EXT_INT
00:00:00.508052 HM:   SAVE_PAT_MSR
00:00:00.508052 HM:   LOAD_PAT_MSR
00:00:00.508053 HM:   SAVE_EFER_MSR
00:00:00.508053 HM:   LOAD_EFER_MSR
00:00:00.508053 HM:   SAVE_PREEMPT_TIMER
00:00:00.508054 HM:   CLEAR_BNDCFGS_MSR
00:00:00.508054 HM:   CONCEAL_VMX_FROM_PT
00:00:00.508054 HM:   CLEAR_RTIT_CTL_MSR (must be cleared)
00:00:00.508054 HM: MSR_IA32_VMX_TRUE_PINBASED_CTLS   = 0x7f00000016
00:00:00.508055 HM: MSR_IA32_VMX_TRUE_PROCBASED_CTLS  = 0xfff9fffe04006172
00:00:00.508056 HM: MSR_IA32_VMX_TRUE_ENTRY_CTLS      = 0x3ffff000011fb
00:00:00.508056 HM: MSR_IA32_VMX_TRUE_EXIT_CTLS       = 0x1ffffff00036dfb
00:00:00.508057 HM: MSR_IA32_VMX_MISC                 = 0x7004c1e7
00:00:00.508058 HM:   PREEMPT_TIMER_TSC                 = 0x7
00:00:00.508058 HM:   EXIT_SAVE_EFER_LMA                = true 
00:00:00.508059 HM:   ACTIVITY_STATES                   = 0x7 ( HLT SHUTDOWN SIPI_WAIT )
00:00:00.508059 HM:   INTEL_PT                          = true 
00:00:00.508060 HM:   SMM_READ_SMBASE_MSR               = true 
00:00:00.508060 HM:   CR3_TARGET                        = 0x4
00:00:00.508061 HM:   MAX_MSR                           = 0x0 ( 512 )
00:00:00.508061 HM:   VMXOFF_BLOCK_SMI                  = true 
00:00:00.508061 HM:   VMWRITE_ALL                       = true 
00:00:00.508062 HM:   ENTRY_INJECT_SOFT_INT             = 0x1
00:00:00.508062 HM:   MSEG_ID                           = 0x0
00:00:00.508063 HM: MSR_IA32_VMX_VMCS_ENUM            = 0x2e
00:00:00.508063 HM:   HIGHEST_IDX                       = 0x17
00:00:00.508063 HM: MSR_IA32_VMX_EPT_VPID_CAP         = 0xf0106734141
00:00:00.508064 HM:   RWX_X_ONLY
00:00:00.508064 HM:   PAGE_WALK_LENGTH_4
00:00:00.508065 HM:   EMT_UC
00:00:00.508065 HM:   EMT_WB
00:00:00.508065 HM:   PDE_2M
00:00:00.508066 HM:   PDPTE_1G
00:00:00.508066 HM:   INVEPT
00:00:00.508066 HM:   EPT_ACCESS_DIRTY
00:00:00.508066 HM:   ADVEXITINFO_EPT
00:00:00.508067 HM:   INVEPT_SINGLE_CONTEXT
00:00:00.508067 HM:   INVEPT_ALL_CONTEXTS
00:00:00.508067 HM:   INVVPID
00:00:00.508067 HM:   INVVPID_INDIV_ADDR
00:00:00.508068 HM:   INVVPID_SINGLE_CONTEXT
00:00:00.508068 HM:   INVVPID_ALL_CONTEXTS
00:00:00.508068 HM:   INVVPID_SINGLE_CONTEXT_RETAIN_GLOBALS
00:00:00.508068 HM: MSR_IA32_VMX_VMFUNC               = 0x1
00:00:00.508069 HM:   EPTP_SWITCHING
00:00:00.508069 HM: MSR_IA32_VMX_CR0_FIXED0           = 0x80000021
00:00:00.508070 HM: MSR_IA32_VMX_CR0_FIXED1           = 0xffffffff
00:00:00.508070 HM: MSR_IA32_VMX_CR4_FIXED0           = 0x2000
00:00:00.508071 HM: MSR_IA32_VMX_CR4_FIXED1           = 0x3727ff
00:00:00.508071 HM: APIC-access page physaddr         = 0x000000032fb56000
00:00:00.508072 HM: VCPU  0: MSR bitmap physaddr      = 0x000000032fb5a000
00:00:00.508073 HM: VCPU  0: VMCS physaddr            = 0x000000032fb57000
00:00:00.508073 HM: Guest support: 32-bit and 64-bit
00:00:00.508076 HM: Supports VMCS EFER fields         = true 
00:00:00.508077 HM: Enabled VMX
00:00:00.508080 CPUM: SetGuestCpuIdFeature: Enabled SYSENTER/EXIT
00:00:00.508080 CPUM: SetGuestCpuIdFeature: Enabled PAE
00:00:00.508081 CPUM: SetGuestCpuIdFeature: Enabled LONG MODE
00:00:00.508081 CPUM: SetGuestCpuIdFeature: Enabled SYSCALL/RET
00:00:00.508081 CPUM: SetGuestCpuIdFeature: Enabled LAHF/SAHF
00:00:00.508082 CPUM: SetGuestCpuIdFeature: Enabled NX
00:00:00.508082 HM: Enabled nested paging
00:00:00.508082 HM:   EPT flush type                  = Single context
00:00:00.508083 HM: Enabled unrestricted guest execution
00:00:00.508083 HM: Enabled VPID
00:00:00.508083 HM:   VPID flush type                 = Single context
00:00:00.508083 HM: Enabled VMX-preemption timer (cPreemptTimerShift=7)
00:00:00.508084 HM: VT-x/AMD-V init method: Global
00:00:00.508085 EM: Exit history optimizations: enabled=true  enabled-r0=true  enabled-r0-no-preemption=false
00:00:00.508111 PcBios: SATA LUN#0 LCHS=553/64/63
00:00:00.508126 APIC: fPostedIntrsEnabled=false fVirtApicRegsEnabled=false fSupportsTscDeadline=false
00:00:00.508131 TMR3UtcNow: nsNow=1 636 700 457 320 738 000 nsPrev=0 -> cNsDelta=1 636 700 457 320 738 000 (offLag=0 offVirtualSync=0 offVirtualSyncGivenUp=0, NowAgain=1 636 700 457 320 739 000)
00:00:00.508138 VMM: fUsePeriodicPreemptionTimers=false
00:00:00.508227 CPUM: Logical host processors: 4 present, 4 max, 4 online, online mask: 000000000000000f
00:00:00.508278 CPUM: Physical host cores: 4
00:00:00.508278 ************************* CPUID dump ************************
00:00:00.508286          Raw Standard CPUID Leaves
00:00:00.508287      Leaf/sub-leaf  eax      ebx      ecx      edx
00:00:00.508287 Gst: 00000000/0000  00000016 756e6547 6c65746e 49656e69
00:00:00.508289 Hst:                00000016 756e6547 6c65746e 49656e69
00:00:00.508290 Gst: 00000001/0000  000906e9 00010800 d6fa220b 178bfbff
00:00:00.508291 Hst:                000906e9 04100800 7ffafbbf bfebfbff
00:00:00.508292 Gst: 00000002/0000  76036301 00f0b6ff 00000000 00c30000
00:00:00.508292 Hst:                76036301 00f0b6ff 00000000 00c30000
00:00:00.508293 Gst: 00000003/0000  00000000 00000000 00000000 00000000
00:00:00.508294 Hst:                00000000 00000000 00000000 00000000
00:00:00.508294 Gst: 00000004/0000  00000121 01c0003f 0000003f 00000000
00:00:00.508295 Hst:                1c004121 01c0003f 0000003f 00000000
00:00:00.508296 Gst: 00000004/0001  00000122 01c0003f 0000003f 00000000
00:00:00.508297 Hst:                1c004122 01c0003f 0000003f 00000000
00:00:00.508297 Gst: 00000004/0002  00000143 00c0003f 000003ff 00000000
00:00:00.508298 Hst:                1c004143 00c0003f 000003ff 00000000
00:00:00.508299 Gst: 00000004/0003  00000163 02c0003f 00001fff 00000006
00:00:00.508300 Hst:                1c03c163 02c0003f 00001fff 00000006
00:00:00.508300 Gst: 00000004/0004  00000000 00000000 00000000 00000000
00:00:00.508301 Hst:                00000000 00000000 00000000 00000000
00:00:00.508302 Gst: 00000005/0000  00000040 00000040 00000000 00000000
00:00:00.508302 Hst:                00000040 00000040 00000003 11142120
00:00:00.508303 Gst: 00000006/0000  00000000 00000000 00000000 00000000
00:00:00.508304 Hst:                000027f7 00000002 00000009 00000000
00:00:00.508304 Gst: 00000007/0000  00000000 00842421 00000000 10000400
00:00:00.508305 Hst:                00000000 029c67af 00000000 9c002e00
00:00:00.508306 Gst: 00000007/0001  00000000 00000000 00000000 00000000
00:00:00.508306 Hst:                00000000 00000000 00000000 00000000
00:00:00.508307 Gst: 00000008/0000  00000000 00000000 00000000 00000000
00:00:00.508307 Hst:                00000000 00000000 00000000 00000000
00:00:00.508308 Gst: 00000009/0000  00000000 00000000 00000000 00000000
00:00:00.508308 Hst:                00000000 00000000 00000000 00000000
00:00:00.508309 Gst: 0000000a/0000  00000000 00000000 00000000 00000000
00:00:00.508309 Hst:                07300804 00000000 00000000 00000603
00:00:00.508310 Gst: 0000000b/0000  00000000 00000001 00000100 00000000
00:00:00.508311 Hst:                00000001 00000001 00000100 00000004
00:00:00.508311 Gst: 0000000b/0001  00000001 00000001 00000201 00000000
00:00:00.508312 Hst:                00000004 00000004 00000201 00000004
00:00:00.508312 Gst: 0000000b/0002  00000000 00000000 00000002 00000000
00:00:00.508313 Hst:                00000000 00000000 00000002 00000004
00:00:00.508313 Gst: 0000000c/0000  00000000 00000000 00000000 00000000
00:00:00.508314 Hst:                00000000 00000000 00000000 00000000
00:00:00.508315 Gst: 0000000d/0000  00000007 00000340 00000340 00000000
00:00:00.508315 Hst:                0000001f 00000440 00000440 00000000
00:00:00.508316 Gst: 0000000d/0001  00000000 000003c0 00000000 00000000
00:00:00.508316 Hst:                0000000f 000003c0 00000100 00000000
00:00:00.508317 Gst: 0000000d/0002  00000100 00000240 00000000 00000000
00:00:00.508317 Hst:                00000100 00000240 00000000 00000000
00:00:00.508318 Gst: 0000000d/0003  00000000 00000000 00000000 00000000
00:00:00.508319 Hst:                00000040 000003c0 00000000 00000000
00:00:00.508319 Gst: 0000000d/0004  00000000 00000000 00000000 00000000
00:00:00.508320 Hst:                00000040 00000400 00000000 00000000
00:00:00.508320 Gst: 0000000d/0005  00000000 00000000 00000000 00000000
00:00:00.508321 Hst:                00000000 00000000 00000000 00000000
00:00:00.508321 Gst: 0000000d/0006  00000000 00000000 00000000 00000000
00:00:00.508322 Hst:                00000000 00000000 00000000 00000000
00:00:00.508323 Gst: 0000000d/0007  00000000 00000000 00000000 00000000
00:00:00.508323 Hst:                00000000 00000000 00000000 00000000
00:00:00.508324 Gst: 0000000d/0008  00000000 00000000 00000000 00000000
00:00:00.508324 Hst:                00000080 00000000 00000001 00000000
00:00:00.508325 Gst: 0000000d/0009  00000000 00000000 00000000 00000000
00:00:00.508325 Hst:                00000000 00000000 00000000 00000000
00:00:00.508344 Gst: 0000000e/0000  00000000 00000000 00000000 00000000
00:00:00.508344 Hst:                00000000 00000000 00000000 00000000
00:00:00.508345 Gst: 0000000f/0000  00000000 00000000 00000000 00000000
00:00:00.508345 Hst:                00000000 00000000 00000000 00000000
00:00:00.508346 Gst: 00000010/0000  00000000 00000000 00000000 00000000
00:00:00.508347 Hst:                00000000 00000000 00000000 00000000
00:00:00.508347 Gst: 00000011/0000  00000000 00000000 00000000 00000000
00:00:00.508348 Hst:                00000000 00000000 00000000 00000000
00:00:00.508348 Gst: 00000012/0000  00000000 00000000 00000000 00000000
00:00:00.508349 Hst:                00000000 00000000 00000000 00000000
00:00:00.508349 Gst: 00000013/0000  00000000 00000000 00000000 00000000
00:00:00.508350 Hst:                00000000 00000000 00000000 00000000
00:00:00.508350 Gst: 00000014/0000  00000000 00000000 00000000 00000000
00:00:00.508351 Hst:                00000001 0000000f 00000007 00000000
00:00:00.508351 Hst: 00000015/0000  00000002 000000d0 00000000 00000000
00:00:00.508353 Hst: 00000016/0000  000009c4 00000dac 00000064 00000000
00:00:00.508354                                Name: GenuineIntel
00:00:00.508355                            Supports: 0x00000000-0x00000016
00:00:00.508356                              Family:  6 	Extended: 0 	Effective: 6
00:00:00.508357                               Model: 14 	Extended: 9 	Effective: 158
00:00:00.508358                            Stepping: 9
00:00:00.508358                                Type: 0 (primary)
00:00:00.508359                             APIC ID: 0x00
00:00:00.508360                        Logical CPUs: 1
00:00:00.508361                        CLFLUSH Size: 8
00:00:00.508361                            Brand ID: 0x00
00:00:00.508362 Features
00:00:00.508362   Mnemonic - Description                                  = guest (host)
00:00:00.508363   FPU - x87 FPU on Chip                                   = 1 (1)
00:00:00.508364   VME - Virtual 8086 Mode Enhancements                    = 1 (1)
00:00:00.508365   DE - Debugging extensions                               = 1 (1)
00:00:00.508366   PSE - Page Size Extension                               = 1 (1)
00:00:00.508367   TSC - Time Stamp Counter                                = 1 (1)
00:00:00.508368   MSR - Model Specific Registers                          = 1 (1)
00:00:00.508368   PAE - Physical Address Extension                        = 1 (1)
00:00:00.508369   MCE - Machine Check Exception                           = 1 (1)
00:00:00.508370   CX8 - CMPXCHG8B instruction                             = 1 (1)
00:00:00.508371   APIC - APIC On-Chip                                     = 1 (1)
00:00:00.508372   SEP - SYSENTER and SYSEXIT Present                      = 1 (1)
00:00:00.508372   MTRR - Memory Type Range Registers                      = 1 (1)
00:00:00.508373   PGE - PTE Global Bit                                    = 1 (1)
00:00:00.508374   MCA - Machine Check Architecture                        = 1 (1)
00:00:00.508375   CMOV - Conditional Move instructions                    = 1 (1)
00:00:00.508375   PAT - Page Attribute Table                              = 1 (1)
00:00:00.508376   PSE-36 - 36-bit Page Size Extension                     = 1 (1)
00:00:00.508377   PSN - Processor Serial Number                           = 0 (0)
00:00:00.508378   CLFSH - CLFLUSH instruction                             = 1 (1)
00:00:00.508379   DS - Debug Store                                        = 0 (1)
00:00:00.508380   ACPI - Thermal Mon. & Soft. Clock Ctrl.                 = 0 (1)
00:00:00.508380   MMX - Intel MMX Technology                              = 1 (1)
00:00:00.508381   FXSR - FXSAVE and FXRSTOR instructions                  = 1 (1)
00:00:00.508382   SSE - SSE support                                       = 1 (1)
00:00:00.508383   SSE2 - SSE2 support                                     = 1 (1)
00:00:00.508383   SS - Self Snoop                                         = 0 (1)
00:00:00.508384   HTT - Hyper-Threading Technology                        = 1 (1)
00:00:00.508385   TM - Therm. Monitor                                     = 0 (1)
00:00:00.508386   PBE - Pending Break Enabled                             = 0 (1)
00:00:00.508387   SSE3 - SSE3 support                                     = 1 (1)
00:00:00.508388   PCLMUL - PCLMULQDQ support (for AES-GCM)                = 1 (1)
00:00:00.508388   DTES64 - DS Area 64-bit Layout                          = 0 (1)
00:00:00.508389   MONITOR - MONITOR/MWAIT instructions                    = 1 (1)
00:00:00.508390   CPL-DS - CPL Qualified Debug Store                      = 0 (1)
00:00:00.508391   VMX - Virtual Machine Extensions                        = 0 (1)
00:00:00.508392   SMX - Safer Mode Extensions                             = 0 (0)
00:00:00.508392   EST - Enhanced SpeedStep Technology                     = 0 (1)
00:00:00.508393   TM2 - Terminal Monitor 2                                = 0 (1)
00:00:00.508394   SSSE3 - Supplemental Streaming SIMD Extensions 3        = 1 (1)
00:00:00.508395   CNTX-ID - L1 Context ID                                 = 0 (0)
00:00:00.508395   SDBG - Silicon Debug interface                          = 0 (1)
00:00:00.508396   FMA - Fused Multiply Add extensions                     = 0 (1)
00:00:00.508397   CX16 - CMPXCHG16B instruction                           = 1 (1)
00:00:00.508398   TPRUPDATE - xTPR Update Control                         = 0 (1)
00:00:00.508398   PDCM - Perf/Debug Capability MSR                        = 0 (1)
00:00:00.508399   PCID - Process Context Identifiers                      = 1 (1)
00:00:00.508400   DCA - Direct Cache Access                               = 0 (0)
00:00:00.508401   SSE4_1 - SSE4_1 support                                 = 1 (1)
00:00:00.508402   SSE4_2 - SSE4_2 support                                 = 1 (1)
00:00:00.508403   X2APIC - x2APIC support                                 = 1 (1)
00:00:00.508404   MOVBE - MOVBE instruction                               = 1 (1)
00:00:00.508404   POPCNT - POPCNT instruction                             = 1 (1)
00:00:00.508405   TSCDEADL - Time Stamp Counter Deadline                  = 0 (1)
00:00:00.508406   AES - AES instructions                                  = 1 (1)
00:00:00.508407   XSAVE - XSAVE instruction                               = 1 (1)
00:00:00.508407   OSXSAVE - OSXSAVE instruction                           = 0 (1)
00:00:00.508408   AVX - AVX support                                       = 1 (1)
00:00:00.508409   F16C - 16-bit floating point conversion instructions    = 0 (1)
00:00:00.508410   RDRAND - RDRAND instruction                             = 1 (1)
00:00:00.508411   HVP - Hypervisor Present (we're a guest)                = 1 (0)
00:00:00.508411 Structured Extended Feature Flags Enumeration (leaf 7):
00:00:00.508412   Mnemonic - Description                                  = guest (host)
00:00:00.508412   FSGSBASE - RDFSBASE/RDGSBASE/WRFSBASE/WRGSBASE instr.   = 1 (1)
00:00:00.508413   TSCADJUST - Supports MSR_IA32_TSC_ADJUST                = 0 (1)
00:00:00.508413   SGX - Supports Software Guard Extensions                = 0 (1)
00:00:00.508414   BMI1 - Advanced Bit Manipulation extension 1            = 0 (1)
00:00:00.508415   HLE - Hardware Lock Elision                             = 0 (0)
00:00:00.508416   AVX2 - Advanced Vector Extensions 2                     = 1 (1)
00:00:00.508416   FDP_EXCPTN_ONLY - FPU DP only updated on exceptions     = 0 (0)
00:00:00.508417   SMEP - Supervisor Mode Execution Prevention             = 0 (1)
00:00:00.508417   BMI2 - Advanced Bit Manipulation extension 2            = 0 (1)
00:00:00.508418   ERMS - Enhanced REP MOVSB/STOSB instructions            = 0 (1)
00:00:00.508419   INVPCID - INVPCID instruction                           = 1 (1)
00:00:00.508419   RTM - Restricted Transactional Memory                   = 0 (0)
00:00:00.508420   PQM - Platform Quality of Service Monitoring            = 0 (0)
00:00:00.508421   DEPFPU_CS_DS - Deprecates FPU CS, FPU DS values if set  = 1 (1)
00:00:00.508421   MPE - Intel Memory Protection Extensions                = 0 (1)
00:00:00.508422   PQE - Platform Quality of Service Enforcement           = 0 (0)
00:00:00.508422   AVX512F - AVX512 Foundation instructions                = 0 (0)
00:00:00.508423   RDSEED - RDSEED instruction                             = 1 (1)
00:00:00.508424   ADX - ADCX/ADOX instructions                            = 0 (1)
00:00:00.508425   SMAP - Supervisor Mode Access Prevention                = 0 (1)
00:00:00.508425   CLFLUSHOPT - CLFLUSHOPT (Cache Line Flush) instruction  = 1 (1)
00:00:00.508426   INTEL_PT - Intel Processor Trace                        = 0 (1)
00:00:00.508427   AVX512PF - AVX512 Prefetch instructions                 = 0 (0)
00:00:00.508427   AVX512ER - AVX512 Exponential & Reciprocal instructions = 0 (0)
00:00:00.508428   AVX512CD - AVX512 Conflict Detection instructions       = 0 (0)
00:00:00.508429   SHA - Secure Hash Algorithm extensions                  = 0 (0)
00:00:00.508429   PREFETCHWT1 - PREFETCHWT1 instruction                   = 0 (0)
00:00:00.508430   UMIP - User mode insturction prevention                 = 0 (0)
00:00:00.508431   PKU - Protection Key for Usermode pages                 = 0 (0)
00:00:00.508431   OSPKE - CR4.PKU mirror                                  = 0 (0)
00:00:00.508432   MAWAU - Value used by BNDLDX & BNDSTX                   = 0x0 (0x0)
00:00:00.508433   RDPID - Read processor ID support                       = 0 (0)
00:00:00.508434   SGX_LC - Supports SGX Launch Configuration              = 0 (0)
00:00:00.508435    9 - Reserved                                           = 0 (1)
00:00:00.508436   MD_CLEAR - Supports MDS related buffer clearing         = 1 (1)
00:00:00.508436   11 - Reserved                                           = 0 (1)
00:00:00.508437   13 - Reserved                                           = 0 (1)
00:00:00.508438   IBRS_IBPB - IA32_SPEC_CTRL.IBRS and IA32_PRED_CMD.IBPB  = 0 (1)
00:00:00.508439   STIBP - Supports IA32_SPEC_CTRL.STIBP                   = 0 (1)
00:00:00.508440   FLUSH_CMD - Supports IA32_FLUSH_CMD                     = 1 (1)
00:00:00.508440   ARCHCAP - Supports IA32_ARCH_CAP                        = 0 (0)
00:00:00.508441   CORECAP - Supports IA32_CORE_CAP                        = 0 (0)
00:00:00.508442   SSBD - Supports IA32_SPEC_CTRL.SSBD                     = 0 (1)
00:00:00.508443 Processor Extended State Enumeration (leaf 0xd):
00:00:00.508444    XSAVE area cur/max size by XCR0, guest: 0x340/0x340
00:00:00.508444     XSAVE area cur/max size by XCR0, host: 0x440/0x440
00:00:00.508445                    Valid XCR0 bits, guest: 0x00000000`00000007 ( x87 SSE YMM_Hi128 )
00:00:00.508447                     Valid XCR0 bits, host: 0x00000000`0000001f ( x87 SSE YMM_Hi128 BNDREGS BNDCSR )
00:00:00.508448                     XSAVE features, guest:
00:00:00.508449                      XSAVE features, host: XSAVEOPT XSAVEC XGETBC1 XSAVES
00:00:00.508450       XSAVE area cur size XCR0|XSS, guest: 0x3c0
00:00:00.508451        XSAVE area cur size XCR0|XSS, host: 0x3c0
00:00:00.508451                Valid IA32_XSS bits, guest: 0x00000000`00000000
00:00:00.508452                 Valid IA32_XSS bits, host: 0x00000100`00000000 ( 40 )
00:00:00.508453   State #2, guest: off=0x0240, cb=0x0100 IA32_XSS-bit -- YMM_Hi128
00:00:00.508455   State #2, host:  off=0x0240, cb=0x0100 IA32_XSS-bit -- YMM_Hi128
00:00:00.508456   State #3, host:  off=0x03c0, cb=0x0040 IA32_XSS-bit -- BNDREGS
00:00:00.508457   State #4, host:  off=0x0400, cb=0x0040 IA32_XSS-bit -- BNDCSR
00:00:00.508458   State #8, host:  off=0x0000, cb=0x0080 XCR0-bit -- 8
00:00:00.508468          Unknown CPUID Leaves
00:00:00.508468      Leaf/sub-leaf  eax      ebx      ecx      edx
00:00:00.508469 Gst: 00000014/0001  00000000 00000000 00000000 00000000
00:00:00.508469 Hst:                02490002 003f3fff 00000000 00000000
00:00:00.508470 Gst: 00000014/0002  00000000 00000000 00000000 00000000
00:00:00.508471 Hst:                00000000 00000000 00000000 00000000
00:00:00.508471 Gst: 00000015/0000  00000000 00000000 00000000 00000000
00:00:00.508472 Hst:                00000002 000000d0 00000000 00000000
00:00:00.508473 Gst: 00000016/0000  00000000 00000000 00000000 00000000
00:00:00.508473 Hst:                000009c4 00000dac 00000064 00000000
00:00:00.508474          Raw Hypervisor CPUID Leaves
00:00:00.508474      Leaf/sub-leaf  eax      ebx      ecx      edx
00:00:00.508475 Gst: 40000000/0000  40000001 4b4d564b 564b4d56 0000004d
00:00:00.508476 Hst:                000009c4 00000dac 00000064 00000000
00:00:00.508477 Gst: 40000001/0000  01000089 00000000 00000000 00000000
00:00:00.508478 Hst:                000009c4 00000dac 00000064 00000000
00:00:00.508479          Raw Extended CPUID Leaves
00:00:00.508479      Leaf/sub-leaf  eax      ebx      ecx      edx
00:00:00.508479 Gst: 80000000/0000  80000008 00000000 00000000 00000000
00:00:00.508480 Hst:                80000008 00000000 00000000 00000000
00:00:00.508481 Gst: 80000001/0000  00000000 00000000 00000121 28100800
00:00:00.508481 Hst:                00000000 00000000 00000121 2c100800
00:00:00.508483 Gst: 80000002/0000  65746e49 2952286c 726f4320 4d542865
00:00:00.508483 Hst:                65746e49 2952286c 726f4320 4d542865
00:00:00.508485 Gst: 80000003/0000  35692029 3033372d 20514830 20555043
00:00:00.508486 Hst:                35692029 3033372d 20514830 20555043
00:00:00.508487 Gst: 80000004/0000  2e322040 48473035 0000007a 00000000
00:00:00.508487 Hst:                2e322040 48473035 0000007a 00000000
00:00:00.508488 Gst: 80000005/0000  00000000 00000000 00000000 00000000
00:00:00.508489 Hst:                00000000 00000000 00000000 00000000
00:00:00.508489 Gst: 80000006/0000  00000000 00000000 01006040 00000000
00:00:00.508490 Hst:                00000000 00000000 01006040 00000000
00:00:00.508491 Gst: 80000007/0000  00000000 00000000 00000000 00000100
00:00:00.508491 Hst:                00000000 00000000 00000000 00000100
00:00:00.508492 Gst: 80000008/0000  00003027 00000000 00000000 00000000
00:00:00.508492 Hst:                00003027 00000000 00000000 00000000
00:00:00.508493 Ext Name:                        
00:00:00.508494 Ext Supports:                    0x80000000-0x80000008
00:00:00.508494 Family:                          0  	Extended: 0 	Effective: 0
00:00:00.508495 Model:                           0  	Extended: 0 	Effective: 0
00:00:00.508495 Stepping:                        0
00:00:00.508495 Brand ID:                        0x000
00:00:00.508496 Ext Features
00:00:00.508496   Mnemonic - Description                                  = guest (host)
00:00:00.508497   FPU - x87 FPU on Chip                                   = 0 (0)
00:00:00.508498   VME - Virtual 8086 Mode Enhancements                    = 0 (0)
00:00:00.508498   DE - Debugging extensions                               = 0 (0)
00:00:00.508499   PSE - Page Size Extension                               = 0 (0)
00:00:00.508500   TSC - Time Stamp Counter                                = 0 (0)
00:00:00.508501   MSR - K86 Model Specific Registers                      = 0 (0)
00:00:00.508501   PAE - Physical Address Extension                        = 0 (0)
00:00:00.508502   MCE - Machine Check Exception                           = 0 (0)
00:00:00.508503   CX8 - CMPXCHG8B instruction                             = 0 (0)
00:00:00.508504   APIC - APIC On-Chip                                     = 0 (0)
00:00:00.508505   SEP - SYSCALL/SYSRET                                    = 1 (1)
00:00:00.508505   MTRR - Memory Type Range Registers                      = 0 (0)
00:00:00.508506   PGE - PTE Global Bit                                    = 0 (0)
00:00:00.508507   MCA - Machine Check Architecture                        = 0 (0)
00:00:00.508508   CMOV - Conditional Move instructions                    = 0 (0)
00:00:00.508508   PAT - Page Attribute Table                              = 0 (0)
00:00:00.508509   PSE-36 - 36-bit Page Size Extension                     = 0 (0)
00:00:00.508510   NX - No-Execute/Execute-Disable                         = 1 (1)
00:00:00.508511   AXMMX - AMD Extensions to MMX instructions              = 0 (0)
00:00:00.508511   MMX - Intel MMX Technology                              = 0 (0)
00:00:00.508512   FXSR - FXSAVE and FXRSTOR Instructions                  = 0 (0)
00:00:00.508513   FFXSR - AMD fast FXSAVE and FXRSTOR instructions        = 0 (0)
00:00:00.508514   Page1GB - 1 GB large page                               = 0 (1)
00:00:00.508514   RDTSCP - RDTSCP instruction                             = 1 (1)
00:00:00.508515   LM - AMD64 Long Mode                                    = 1 (1)
00:00:00.508516   3DNOWEXT - AMD Extensions to 3DNow                      = 0 (0)
00:00:00.508517   3DNOW - AMD 3DNow                                       = 0 (0)
00:00:00.508518   LahfSahf - LAHF/SAHF support in 64-bit mode             = 1 (1)
00:00:00.508518   CmpLegacy - Core multi-processing legacy mode           = 0 (0)
00:00:00.508519   SVM - AMD Secure Virtual Machine extensions             = 0 (0)
00:00:00.508520   EXTAPIC - AMD Extended APIC registers                   = 0 (0)
00:00:00.508520   CR8L - AMD LOCK MOV CR0 means MOV CR8                   = 0 (0)
00:00:00.508521   ABM - AMD Advanced Bit Manipulation                     = 1 (1)
00:00:00.508522   SSE4A - SSE4A instructions                              = 0 (0)
00:00:00.508522   MISALIGNSSE - AMD Misaligned SSE mode                   = 0 (0)
00:00:00.508523   3DNOWPRF - AMD PREFETCH and PREFETCHW instructions      = 1 (1)
00:00:00.508524   OSVW - AMD OS Visible Workaround                        = 0 (0)
00:00:00.508525   IBS - Instruct Based Sampling                           = 0 (0)
00:00:00.508525   XOP - Extended Operation support                        = 0 (0)
00:00:00.508526   SKINIT - SKINIT, STGI, and DEV support                  = 0 (0)
00:00:00.508527   WDT - AMD Watchdog Timer support                        = 0 (0)
00:00:00.508527   LWP - Lightweight Profiling support                     = 0 (0)
00:00:00.508528   FMA4 - Four operand FMA instruction support             = 0 (0)
00:00:00.508529   NodeId - NodeId in MSR C001_100C                        = 0 (0)
00:00:00.508530   TBM - Trailing Bit Manipulation instructions            = 0 (0)
00:00:00.508530   TOPOEXT - Topology Extensions                           = 0 (0)
00:00:00.508531   PRFEXTCORE - Performance Counter Extensions support     = 0 (0)
00:00:00.508532   PRFEXTNB - NB Performance Counter Extensions support    = 0 (0)
00:00:00.508532   DATABPEXT - Data-access Breakpoint Extension            = 0 (0)
00:00:00.508533   PERFTSC - Performance Time Stamp Counter                = 0 (0)
00:00:00.508533   PCX_L2I - L2I/L3 Performance Counter Extensions         = 0 (0)
00:00:00.508534   MWAITX - MWAITX and MONITORX instructions               = 0 (0)
00:00:00.508535 Full Name:                       "Intel(R) Core(TM) i5-7300HQ CPU @ 2.50GHz"
00:00:00.508536 TLB 2/4M Instr/Uni:              res0     0 entries
00:00:00.508536 TLB 2/4M Data:                   res0     0 entries
00:00:00.508537 TLB 4K Instr/Uni:                res0     0 entries
00:00:00.508537 TLB 4K Data:                     res0     0 entries
00:00:00.508537 L1 Instr Cache Line Size:        0 bytes
00:00:00.508538 L1 Instr Cache Lines Per Tag:    0
00:00:00.508538 L1 Instr Cache Associativity:    res0  
00:00:00.508538 L1 Instr Cache Size:             0 KB
00:00:00.508539 L1 Data Cache Line Size:         0 bytes
00:00:00.508539 L1 Data Cache Lines Per Tag:     0
00:00:00.508539 L1 Data Cache Associativity:     res0  
00:00:00.508540 L1 Data Cache Size:              0 KB
00:00:00.508540 L2 TLB 2/4M Instr/Uni:           off       0 entries
00:00:00.508541 L2 TLB 2/4M Data:                off       0 entries
00:00:00.508541 L2 TLB 4K Instr/Uni:             off       0 entries
00:00:00.508542 L2 TLB 4K Data:                  off       0 entries
00:00:00.508542 L2 Cache Line Size:              0 bytes
00:00:00.508542 L2 Cache Lines Per Tag:          0
00:00:00.508542 L2 Cache Associativity:          off   
00:00:00.508543 L2 Cache Size:                   0 KB
00:00:00.508543   TS - Temperature Sensor                                 = 0 (0)
00:00:00.508544   FID - Frequency ID control                              = 0 (0)
00:00:00.508545   VID - Voltage ID control                                = 0 (0)
00:00:00.508546   TscInvariant - Invariant Time Stamp Counter             = 1 (1)
00:00:00.508547   CBP - Core Performance Boost                            = 0 (0)
00:00:00.508547   EffFreqRO - Read-only Effective Frequency Interface     = 0 (0)
00:00:00.508548   ProcFdbkIf - Processor Feedback Interface               = 0 (0)
00:00:00.508549   ProcPwrRep - Core power reporting interface support     = 0 (0)
00:00:00.508549 Physical Address Width:          39 bits
00:00:00.508550 Virtual Address Width:           48 bits
00:00:00.508550 Guest Physical Address Width:    0 bits
00:00:00.508551 Physical Core Count:             1
00:00:00.508552 
00:00:00.508552 ******************** End of CPUID dump **********************
00:00:00.508553 *********************** VT-x features ***********************
00:00:00.508554 Nested hardware virtualization - VMX features
00:00:00.508554   Mnemonic - Description                                  = guest (host)
00:00:00.508555   VMX - Virtual-Machine Extensions                        = 0 (1)
00:00:00.508555   InsOutInfo - INS/OUTS instruction info.                 = 0 (1)
00:00:00.508556   ExtIntExit - External interrupt exiting                 = 0 (1)
00:00:00.508556   NmiExit - NMI exiting                                   = 0 (1)
00:00:00.508557   VirtNmi - Virtual NMIs                                  = 0 (1)
00:00:00.508557   PreemptTimer - VMX preemption timer                     = 0 (1)
00:00:00.508558   PostedInt - Posted interrupts                           = 0 (0)
00:00:00.508558   IntWindowExit - Interrupt-window exiting                = 0 (1)
00:00:00.508558   TscOffsetting - TSC offsetting                          = 0 (1)
00:00:00.508559   HltExit - HLT exiting                                   = 0 (1)
00:00:00.508559   InvlpgExit - INVLPG exiting                             = 0 (1)
00:00:00.508560   MwaitExit - MWAIT exiting                               = 0 (1)
00:00:00.508560   RdpmcExit - RDPMC exiting                               = 0 (1)
00:00:00.508560   RdtscExit - RDTSC exiting                               = 0 (1)
00:00:00.508561   Cr3LoadExit - CR3-load exiting                          = 0 (1)
00:00:00.508561   Cr3StoreExit - CR3-store exiting                        = 0 (1)
00:00:00.508562   Cr8LoadExit  - CR8-load exiting                         = 0 (1)
00:00:00.508562   Cr8StoreExit - CR8-store exiting                        = 0 (1)
00:00:00.508562   UseTprShadow - Use TPR shadow                           = 0 (1)
00:00:00.508563   NmiWindowExit - NMI-window exiting                      = 0 (1)
00:00:00.508563   MovDRxExit - Mov-DR exiting                             = 0 (1)
00:00:00.508563   UncondIoExit - Unconditional I/O exiting                = 0 (1)
00:00:00.508564   UseIoBitmaps - Use I/O bitmaps                          = 0 (1)
00:00:00.508564   MonitorTrapFlag - Monitor Trap Flag                     = 0 (1)
00:00:00.508565   UseMsrBitmaps - MSR bitmaps                             = 0 (1)
00:00:00.508565   MonitorExit - MONITOR exiting                           = 0 (1)
00:00:00.508565   PauseExit - PAUSE exiting                               = 0 (1)
00:00:00.508566   SecondaryExecCtl - Activate secondary controls          = 0 (1)
00:00:00.508566   VirtApic - Virtualize-APIC accesses                     = 0 (1)
00:00:00.508567   Ept - Extended Page Tables                              = 0 (1)
00:00:00.508567   DescTableExit - Descriptor-table exiting                = 0 (1)
00:00:00.508567   Rdtscp - Enable RDTSCP                                  = 0 (1)
00:00:00.508568   VirtX2ApicMode - Virtualize-x2APIC mode                 = 0 (1)
00:00:00.508568   Vpid - Enable VPID                                      = 0 (1)
00:00:00.508569   WbinvdExit - WBINVD exiting                             = 0 (1)
00:00:00.508569   UnrestrictedGuest - Unrestricted guest                  = 0 (1)
00:00:00.508569   ApicRegVirt - APIC-register virtualization              = 0 (0)
00:00:00.508570   VirtIntDelivery - Virtual-interrupt delivery            = 0 (0)
00:00:00.508570   PauseLoopExit - PAUSE-loop exiting                      = 0 (1)
00:00:00.508571   RdrandExit - RDRAND exiting                             = 0 (1)
00:00:00.508571   Invpcid - Enable INVPCID                                = 0 (1)
00:00:00.508571   VmFuncs - Enable VM Functions                           = 0 (1)
00:00:00.508572   VmcsShadowing - VMCS shadowing                          = 0 (0)
00:00:00.508572   RdseedExiting - RDSEED exiting                          = 0 (1)
00:00:00.508572   PML - Page-Modification Log (PML)                       = 0 (1)
00:00:00.508573   EptVe - EPT violations can cause #VE                    = 0 (1)
00:00:00.508573   XsavesXRstors - Enable XSAVES/XRSTORS                   = 0 (1)
00:00:00.508574   EntryLoadDebugCtls - Load debug controls on VM-entry    = 0 (1)
00:00:00.508574   Ia32eModeGuest - IA-32e mode guest                      = 0 (1)
00:00:00.508574   EntryLoadEferMsr - Load IA32_EFER MSR on VM-entry       = 0 (1)
00:00:00.508575   EntryLoadPatMsr - Load IA32_PAT MSR on VM-entry         = 0 (1)
00:00:00.508575   ExitSaveDebugCtls - Save debug controls on VM-exit      = 0 (1)
00:00:00.508576   HostAddrSpaceSize - Host address-space size             = 0 (1)
00:00:00.508576   ExitAckExtInt - Acknowledge interrupt on VM-exit        = 0 (1)
00:00:00.508576   ExitSavePatMsr - Save IA32_PAT MSR on VM-exit           = 0 (1)
00:00:00.508577   ExitLoadPatMsr - Load IA32_PAT MSR on VM-exit           = 0 (1)
00:00:00.508577   ExitSaveEferMsr - Save IA32_EFER MSR on VM-exit         = 0 (1)
00:00:00.508578   ExitLoadEferMsr - Load IA32_EFER MSR on VM-exit         = 0 (1)
00:00:00.508578   SavePreemptTimer - Save VMX-preemption timer            = 0 (1)
00:00:00.508578   ExitSaveEferLma - Save IA32_EFER.LMA on VM-exit         = 0 (1)
00:00:00.508579   IntelPt - Intel PT (Processor Trace) in VMX operation   = 0 (1)
00:00:00.508579   VmwriteAll - VMWRITE to any supported VMCS field        = 0 (1)
00:00:00.508579   EntryInjectSoftInt - Inject softint. with 0-len instr.  = 0 (1)
00:00:00.508580 
00:00:00.508580 ******************* End of VT-x features ********************
00:00:00.508600 VMEmt: Halt method global1 (5)
00:00:00.508624 VMEmt: HaltedGlobal1 config: cNsSpinBlockThresholdCfg=2000
00:00:00.508629 Changing the VM state from 'CREATING' to 'CREATED'
00:00:00.511110 Changing the VM state from 'CREATED' to 'POWERING_ON'
00:00:00.511156 AIOMgr: Endpoints without assigned bandwidth groups:
00:00:00.511160 AIOMgr:     /home/vamsi/Documents/Acads/Sem 7/Computer Networks/Lab/Lab9/lab9_network/VMImages/h1/Snapshots/{7d7fa6f6-1a12-4a0e-b1df-878a902151ed}.vdi
00:00:00.511162 AIOMgr:     /home/vamsi/Documents/Acads/Sem 7/Computer Networks/Lab/Lab9/lab9_network/VMImages/base/base.vdi
00:00:00.511645 Changing the VM state from 'POWERING_ON' to 'RUNNING'
00:00:00.511653 Console: Machine state changed to 'Running'
00:00:00.513428 VMMDev: Guest Log: BIOS: VirtualBox 6.1.26
00:00:00.513491 PCI: Setting up resources and interrupts
00:00:00.513734 PIT: mode=2 count=0x10000 (65536) - 18.20 Hz (ch=0)
00:00:00.519317 VBoxHeadless: starting event loop
00:00:00.541823 Display::i_handleDisplayResize: uScreenId=0 pvVRAM=0000000000000000 w=720 h=400 bpp=0 cbLine=0x0 flags=0x0 origin=0,0
00:00:00.544164 VMMDev: Guest Log: CPUID EDX: 0x178bfbff
00:00:00.544223 PIIX3 ATA: Ctl#0: RESET, DevSel=0 AIOIf=0 CmdIf0=0x00 (-1 usec ago) CmdIf1=0x00 (-1 usec ago)
00:00:00.544254 PIIX3 ATA: Ctl#0: finished processing RESET
00:00:00.544979 AHCI#0: Reset the HBA
00:00:00.544983 VD#0: Cancelling all active requests
00:00:00.545026 AHCI#0: Port 0 reset
00:00:00.545043 VD#0: Cancelling all active requests
00:00:00.545513 VMMDev: Guest Log: BIOS: AHCI 0-P#0: PCHS=2212/16/63 LCHS=553/64/63 0x00000000002205c6 sectors
00:00:00.546860 PIT: mode=2 count=0x48d3 (18643) - 64.00 Hz (ch=0)
00:00:00.562550 Display::i_handleDisplayResize: uScreenId=0 pvVRAM=00007f63ecc2d000 w=640 h=480 bpp=32 cbLine=0xA00 flags=0x0 origin=0,0
00:00:03.025166 PIT: mode=2 count=0x10000 (65536) - 18.20 Hz (ch=0)
00:00:03.025389 VMMDev: Guest Log: BIOS: Boot : bseqnr=1, bootseq=0231
00:00:03.025874 VMMDev: Guest Log: BIOS: Boot from Floppy 0 failed
00:00:03.026069 VMMDev: Guest Log: BIOS: Boot : bseqnr=2, bootseq=0023
00:00:03.026433 VMMDev: Guest Log: BIOS: CDROM boot failure code : 0003
00:00:03.026588 VMMDev: Guest Log: BIOS: Boot from CD-ROM failed
00:00:03.026780 VMMDev: Guest Log: BIOS: Boot : bseqnr=3, bootseq=0002
00:00:03.042955 VMMDev: Guest Log: BIOS: Booting from Hard Disk...
00:00:03.081762 Display::i_handleDisplayResize: uScreenId=0 pvVRAM=0000000000000000 w=720 h=400 bpp=0 cbLine=0x0 flags=0x0 origin=0,0
00:00:03.564436 VMMDev: Guest Log: BIOS: KBD: unsupported int 16h function 03
00:00:03.564654 VMMDev: Guest Log: BIOS: AX=0305 BX=0000 CX=0000 DX=0000 
00:00:03.676330 GIM: KVM: VCPU  0: Enabled system-time struct. at 0x00000000008d1000 - u32TscScale=0xcee02d06 i8TscShift=-1 uVersion=2 fFlags=0x1 uTsc=0x1d2cd58b1 uVirtNanoTS=0xbc9d0191 TscKHz=2474916
00:00:03.677759 TM: Switching TSC mode from 'Dynamic' to 'RealTscOffset'
00:00:03.700554 GIM: KVM: Enabled wall-clock struct. at 0x00000000008d0004 - u32Sec=1636700460 u32Nano=512614420 uVersion=2
00:00:03.707987 PIT: mode=2 count=0xf89 (3977) - 300.02 Hz (ch=0)
00:00:03.821267 PIT: mode=0 count=0x10000 (65536) - 18.20 Hz (ch=0)
00:00:03.893371 OHCI: Software reset
00:00:04.049805 AHCI#0: Reset the HBA
00:00:04.049831 VD#0: Cancelling all active requests
00:00:04.050440 AHCI#0: Port 0 reset
00:00:04.051498 OHCI: USB Reset
00:00:04.051685 VD#0: Cancelling all active requests
00:00:04.051879 PIIX3 ATA: Ctl#0: RESET, DevSel=0 AIOIf=0 CmdIf0=0xa0 (-1 usec ago) CmdIf1=0x00 (-1 usec ago)
00:00:04.051926 PIIX3 ATA: Ctl#0: finished processing RESET
00:00:04.139698 OHCI: Software reset
00:00:04.139929 OHCI: USB Operational
00:00:04.608696 VMMDev: Guest Log: vboxguest: host-version: 6.1.26r145957 0x8000000f
00:00:04.608722 VMMDev: Guest Additions information report: Version 5.2.0 r68940 '5.2.0'
00:00:04.608743 VMMDev: Guest Additions information report: Interface = 0x00010004 osType = 0x00053000 (Linux >= 2.6, 32-bit)
00:00:04.608801 VMMDev: Guest Additions capability report: (0x0 -> 0x0) seamless: no, hostWindowMapping: no, graphics: no
00:00:04.608839 VMMDev: vmmDevReqHandler_HeartbeatConfigure: No change (fHeartbeatActive=false)
00:00:04.608881 VMMDev: Heartbeat flatline timer set to trigger after 4 000 000 000 ns
00:00:04.609277 VMMDev: Guest Log: vbg_heartbeat_init: Setting up heartbeat to trigger every 2000 milliseconds
00:00:04.609888 VMMDev: Guest Log: vboxguest: misc device minor 56, IRQ 20, I/O port d040, MMIO at 0xf0400000 (size 0x00400000)
00:00:08.050240 NAT: Link up
00:00:08.619514 VMMDev: vmmDevHeartbeatFlatlinedTimer: Guest seems to be unresponsive. Last heartbeat received 4 seconds ago
00:00:11.442809 NAT: Old socket recv size: 128KB
00:00:11.442824 NAT: Old socket send size: 128KB
00:05:14.828186 VMMDev: GuestHeartBeat: Guest is alive (gone 310 219 306 229 ns)
