00:00:00.320726 VirtualBox GUI VM Selector Window 6.0.6_Ubuntu r129722 linux.amd64 (Apr 16 2019 22:08:12) release log
00:00:00.320728 Log opened 2019-10-26T05:13:34.606584000Z
00:00:00.320728 Build Type: release
00:00:00.320733 OS Product: Linux
00:00:00.320734 OS Release: 5.0.0-32-generic
00:00:00.320735 OS Version: #34-Ubuntu SMP Wed Oct 2 02:06:48 UTC 2019
00:00:00.320760 DMI Product Name: K55VM
00:00:00.320768 DMI Product Version: 1.0       
00:00:00.320821 Host RAM: 7859MB (7.6GB) total, 4976MB (4.8GB) available
00:00:00.320825 Executable: /usr/lib/virtualbox/VirtualBox
00:00:00.320826 Process ID: 12329
00:00:00.320826 Package type: LINUX_64BITS_GENERIC (OSE)
00:00:00.320855 Qt version: 5.12.2
00:00:00.378161 GUI: UIMediumEnumerator: Medium-enumeration started...
00:00:01.246086 GUI: UIDesktopWidgetWatchdog::sltHandleHostScreenAvailableGeometryCalculated: Screen 0 work area is actually resized to: 0x25 x 1366x743
00:00:01.290147 GUI: UIMediumEnumerator: Medium-enumeration finished!
00:00:17.155576 GUI: UIMediumEnumerator: Medium-enumeration finished!
00:08:31.591773 GUI: UIMediumEnumerator: Medium-enumeration started...
00:08:34.700983 2D support test succeeded
00:08:35.163448 GUI: UIMediumEnumerator: Medium-enumeration finished!
00:09:00.819386 GUI: UIMediumEnumerator: Medium-enumeration finished!
00:09:05.302566 GUI: UIMediumEnumerator: Medium-enumeration started...
00:09:05.530609 GUI: UIMediumEnumerator: Medium-enumeration finished!
00:09:18.876967 GUI: UIMediumEnumerator: Medium-enumeration finished!
00:12:27.556754 GUI: UIMediumEnumerator: Medium-enumeration started...
00:12:28.112963 GUI: UIMediumEnumerator: Medium-enumeration finished!
00:15:03.522121 ERROR [COM]: aRC=NS_ERROR_UNEXPECTED (0x8000ffff) aIID={c0447716-ff5a-4795-b57a-ecd5fffa18a4} aComponent={SessionWrap} aText={The session is not locked (session state: Unlocked)}, preserve=false aResultDetail=0
