00:00:00.058332 main     VirtualBox XPCOM Server 6.0.6_Ubuntu r129722 linux.amd64 (Apr 16 2019 22:08:12) release log
00:00:00.058336 main     Log opened 2019-10-28T06:16:32.765468000Z
00:00:00.058337 main     Build Type: release
00:00:00.058342 main     OS Product: Linux
00:00:00.058343 main     OS Release: 5.0.0-32-generic
00:00:00.058344 main     OS Version: #34-Ubuntu SMP Wed Oct 2 02:06:48 UTC 2019
00:00:00.058396 main     DMI Product Name: K55VM
00:00:00.058406 main     DMI Product Version: 1.0       
00:00:00.058461 main     Host RAM: 7859MB (7.6GB) total, 5178MB (5.0GB) available
00:00:00.058481 main     Executable: /usr/lib/virtualbox/VBoxSVC
00:00:00.058482 main     Process ID: 24346
00:00:00.058482 main     Package type: LINUX_64BITS_GENERIC (OSE)
00:00:00.059913 main     IPC socket path: /tmp/.vbox-albert-ipc/ipcd
00:00:00.192328 nspr-2   VirtualBox: object creation starts
00:00:00.201315 nspr-2   Home directory: '/home/albert/.config/VirtualBox'
00:00:00.220244 nspr-2   Loading settings file "/home/albert/.config/VirtualBox/VirtualBox.xml" with version "1.12-linux"
00:00:00.299095 nspr-2   NetIfAdpCtlOut: VBoxNetAdpCtl: Error while retrieving link speed for wlp3s0: VBoxNetAdpCtl: ioctl failed: Operation not supported
00:00:00.318885 nspr-2   NAT: resolv.conf: nameserver 127.0.0.53
00:00:00.318946 nspr-2   NAT: resolv.conf: ignoring "options edns0"
00:00:00.318974 nspr-2   HostDnsMonitor::updateInfo
00:00:00.319014 nspr-2   HostDnsMonitor: old information
00:00:00.319025 nspr-2     no server entries
00:00:00.319032 nspr-2     no domain set
00:00:00.319039 nspr-2     no search string entries
00:00:00.319046 nspr-2   HostDnsMonitor: new information
00:00:00.319052 nspr-2     server 1: 127.0.0.53
00:00:00.319060 nspr-2     no domain set
00:00:00.319067 nspr-2     no search string entries
00:00:00.423511 nspr-2   VD: VDInit finished with VINF_SUCCESS
00:00:00.426779 nspr-2   ERROR [COM]: aRC=NS_ERROR_FAILURE (0x80004005) aIID={d55176e5-6730-4e9e-fc1f-a59b1f44f78f} aComponent={SystemPropertiesWrap} aText={Cannot determine default Guest Additions ISO location. Most likely they are not available}, preserve=false aResultDetail=0
00:00:00.489117 nspr-2   Loading settings file "/home/albert/Documents/computer_networks_lab_aug_2019/lab11/lab11_network/VMImages/base/base.vbox" with version "1.16-linux"
00:00:00.541415 nspr-2   Loading settings file "/home/albert/Documents/computer_networks_lab_aug_2019/lab11/lab11_network/VMImages/h1/h1.vbox" with version "1.16-linux"
00:00:00.548931 nspr-2   Loading settings file "/home/albert/Documents/computer_networks_lab_aug_2019/lab11/lab11_network/VMImages/h2/h2.vbox" with version "1.16-linux"
00:00:00.558745 nspr-2   Loading settings file "/home/albert/Documents/computer_networks_lab_aug_2019/lab11/lab11_network/VMImages/r1/r1.vbox" with version "1.16-linux"
00:00:00.571692 nspr-2   Loading settings file "/home/albert/Documents/computer_networks_lab_aug_2019/lab11/lab11_network/VMImages/r2/r2.vbox" with version "1.16-linux"
00:00:00.572975 nspr-2   VirtualBox: object created
00:00:09.199468 nspr-3   WARNING [COM]: aRC=NS_ERROR_FAILURE (0x80004005) aIID={dbe11e5f-7f10-46e7-94c4-1e95bf4b6627} aComponent={HostWrap} aText={VirtualBox is not currently allowed to access USB devices.  You can change this by adding your user to the 'vboxusers' group.  Please see the user manual for a more detailed explanation}, preserve=true  aResultDetail=0
00:00:15.154985 nspr-2   WARNING [COM]: aRC=NS_ERROR_FAILURE (0x80004005) aIID={dbe11e5f-7f10-46e7-94c4-1e95bf4b6627} aComponent={HostWrap} aText={VirtualBox is not currently allowed to access USB devices.  You can change this by adding your user to the 'vboxusers' group.  Please see the user manual for a more detailed explanation}, preserve=true  aResultDetail=0
00:00:20.917859 nspr-4   WARNING [COM]: aRC=NS_ERROR_FAILURE (0x80004005) aIID={dbe11e5f-7f10-46e7-94c4-1e95bf4b6627} aComponent={HostWrap} aText={VirtualBox is not currently allowed to access USB devices.  You can change this by adding your user to the 'vboxusers' group.  Please see the user manual for a more detailed explanation}, preserve=true  aResultDetail=0
00:00:26.398868 nspr-3   WARNING [COM]: aRC=NS_ERROR_FAILURE (0x80004005) aIID={dbe11e5f-7f10-46e7-94c4-1e95bf4b6627} aComponent={HostWrap} aText={VirtualBox is not currently allowed to access USB devices.  You can change this by adding your user to the 'vboxusers' group.  Please see the user manual for a more detailed explanation}, preserve=true  aResultDetail=0
00:04:29.435429 nspr-2   Saving settings file "/home/albert/Documents/computer_networks_lab_aug_2019/lab11/lab11_network/VMImages/h1/h1.vbox" with version "1.16-linux"
00:04:31.029395 nspr-2   Saving settings file "/home/albert/Documents/computer_networks_lab_aug_2019/lab11/lab11_network/VMImages/h2/h2.vbox" with version "1.16-linux"
00:04:32.718578 nspr-4   Saving settings file "/home/albert/Documents/computer_networks_lab_aug_2019/lab11/lab11_network/VMImages/r1/r1.vbox" with version "1.16-linux"
00:04:34.321174 nspr-3   Saving settings file "/home/albert/Documents/computer_networks_lab_aug_2019/lab11/lab11_network/VMImages/r2/r2.vbox" with version "1.16-linux"
00:04:39.389892 main     VirtualBox: object deletion starts
00:04:39.389993 main     ERROR [COM]: aRC=VBOX_E_OBJECT_IN_USE (0x80bb000c) aIID={ad47ad09-787b-44ab-b343-a082a3f2dfb1} aComponent={MediumWrap} aText={Medium '/home/albert/Documents/computer_networks_lab_aug_2019/lab11/lab11_network/VMImages/base/Snapshots/{479754c4-647e-4522-9089-09b3db326b8a}.vdi' cannot be closed because it is still attached to 1 virtual machines}, preserve=false aResultDetail=0
00:04:39.390109 main     ERROR [COM]: aRC=VBOX_E_OBJECT_IN_USE (0x80bb000c) aIID={ad47ad09-787b-44ab-b343-a082a3f2dfb1} aComponent={MediumWrap} aText={Medium '/home/albert/Documents/computer_networks_lab_aug_2019/lab11/lab11_network/VMImages/base/Snapshots/{de61f8ab-48fc-4083-8012-37d3dccc097c}.vdi' cannot be closed because it is still attached to 1 virtual machines}, preserve=false aResultDetail=0
00:04:39.390141 main     ERROR [COM]: aRC=VBOX_E_OBJECT_IN_USE (0x80bb000c) aIID={ad47ad09-787b-44ab-b343-a082a3f2dfb1} aComponent={MediumWrap} aText={Medium '/home/albert/Documents/computer_networks_lab_aug_2019/lab11/lab11_network/VMImages/r2/Snapshots/{32c91fb6-605c-48f1-87f6-6cef9d384abb}.vdi' cannot be closed because it is still attached to 1 virtual machines}, preserve=false aResultDetail=0
00:04:39.390167 main     ERROR [COM]: aRC=VBOX_E_OBJECT_IN_USE (0x80bb000c) aIID={ad47ad09-787b-44ab-b343-a082a3f2dfb1} aComponent={MediumWrap} aText={Medium '/home/albert/Documents/computer_networks_lab_aug_2019/lab11/lab11_network/VMImages/base/Snapshots/{e22e9aa4-80c9-4e03-93d6-0caee39f6838}.vdi' cannot be closed because it is still attached to 1 virtual machines}, preserve=false aResultDetail=0
00:04:39.390192 main     ERROR [COM]: aRC=VBOX_E_OBJECT_IN_USE (0x80bb000c) aIID={ad47ad09-787b-44ab-b343-a082a3f2dfb1} aComponent={MediumWrap} aText={Medium '/home/albert/Documents/computer_networks_lab_aug_2019/lab11/lab11_network/VMImages/r1/Snapshots/{1c9dd3cb-ae1e-4b51-b440-277139231194}.vdi' cannot be closed because it is still attached to 1 virtual machines}, preserve=false aResultDetail=0
00:04:39.390230 main     ERROR [COM]: aRC=VBOX_E_OBJECT_IN_USE (0x80bb000c) aIID={ad47ad09-787b-44ab-b343-a082a3f2dfb1} aComponent={MediumWrap} aText={Medium '/home/albert/Documents/computer_networks_lab_aug_2019/lab11/lab11_network/VMImages/base/Snapshots/{9cf32156-823d-496b-b336-6898fee923b5}.vdi' cannot be closed because it is still attached to 1 virtual machines}, preserve=false aResultDetail=0
00:04:39.390287 main     ERROR [COM]: aRC=VBOX_E_OBJECT_IN_USE (0x80bb000c) aIID={ad47ad09-787b-44ab-b343-a082a3f2dfb1} aComponent={MediumWrap} aText={Medium '/home/albert/Documents/computer_networks_lab_aug_2019/lab11/lab11_network/VMImages/base/Snapshots/{460704c9-eba7-45f7-8877-3bd6e52bdccc}.vdi' cannot be closed because it is still attached to 1 virtual machines}, preserve=false aResultDetail=0
00:04:39.390357 main     ERROR [COM]: aRC=VBOX_E_OBJECT_IN_USE (0x80bb000c) aIID={ad47ad09-787b-44ab-b343-a082a3f2dfb1} aComponent={MediumWrap} aText={Medium '/home/albert/Documents/computer_networks_lab_aug_2019/lab11/lab11_network/VMImages/base/Snapshots/{ccd6ab89-9973-43d9-b6e3-1bbb050f93f6}.vdi' cannot be closed because it is still attached to 1 virtual machines}, preserve=false aResultDetail=0
00:04:39.390445 main     ERROR [COM]: aRC=VBOX_E_OBJECT_IN_USE (0x80bb000c) aIID={ad47ad09-787b-44ab-b343-a082a3f2dfb1} aComponent={MediumWrap} aText={Medium '/home/albert/Documents/computer_networks_lab_aug_2019/lab11/lab11_network/VMImages/base/Snapshots/{ca230307-de07-4ee1-b500-8daa8ed4ebc4}.vdi' cannot be closed because it is still attached to 1 virtual machines}, preserve=false aResultDetail=0
00:04:39.390473 main     ERROR [COM]: aRC=VBOX_E_OBJECT_IN_USE (0x80bb000c) aIID={ad47ad09-787b-44ab-b343-a082a3f2dfb1} aComponent={MediumWrap} aText={Medium '/home/albert/Documents/computer_networks_lab_aug_2019/lab11/lab11_network/VMImages/h2/Snapshots/{a52678ea-7277-4541-8ef7-7de3ae5f7645}.vdi' cannot be closed because it is still attached to 1 virtual machines}, preserve=false aResultDetail=0
00:04:39.390498 main     ERROR [COM]: aRC=VBOX_E_OBJECT_IN_USE (0x80bb000c) aIID={ad47ad09-787b-44ab-b343-a082a3f2dfb1} aComponent={MediumWrap} aText={Medium '/home/albert/Documents/computer_networks_lab_aug_2019/lab11/lab11_network/VMImages/base/Snapshots/{8f83ab64-891d-4e29-8532-09d2e668c3dd}.vdi' cannot be closed because it is still attached to 1 virtual machines}, preserve=false aResultDetail=0
00:04:39.390522 main     ERROR [COM]: aRC=VBOX_E_OBJECT_IN_USE (0x80bb000c) aIID={ad47ad09-787b-44ab-b343-a082a3f2dfb1} aComponent={MediumWrap} aText={Medium '/home/albert/Documents/computer_networks_lab_aug_2019/lab11/lab11_network/VMImages/h1/Snapshots/{7d7fa6f6-1a12-4a0e-b1df-878a902151ed}.vdi' cannot be closed because it is still attached to 1 virtual machines}, preserve=false aResultDetail=0
00:04:39.390546 main     ERROR [COM]: aRC=VBOX_E_OBJECT_IN_USE (0x80bb000c) aIID={ad47ad09-787b-44ab-b343-a082a3f2dfb1} aComponent={MediumWrap} aText={Medium '/home/albert/Documents/computer_networks_lab_aug_2019/lab11/lab11_network/VMImages/base/base.vdi' cannot be closed because it is still attached to 1 virtual machines}, preserve=false aResultDetail=0
00:04:39.889184 Watcher  ERROR [COM]: aRC=E_ACCESSDENIED (0x80070005) aIID={d0a0163f-e254-4e5b-a1f2-011cf991c38d} aComponent={VirtualBoxWrap} aText={The object is not ready}, preserve=false aResultDetail=0
00:04:44.409069 main     {00007f63b4018070} HostPowerServiceLinux::~HostPowerServiceLinux: RTThreadWait() for 5000 ms failed with VERR_TIMEOUT
00:04:44.410482 main     VirtualBox: object deleted
