00:00:00.014927 VirtualBox VM 6.1.26 r145957 linux.amd64 (Jul 28 2021 20:08:35) release log
00:00:00.014929 Log opened 2021-11-19T05:22:30.795490000Z
00:00:00.014929 Build Type: release
00:00:00.014932 OS Product: Linux
00:00:00.014933 OS Release: 5.4.0-90-generic
00:00:00.014934 OS Version: #101~18.04.1-Ubuntu SMP Fri Oct 22 09:25:04 UTC 2021
00:00:00.014951 DMI Product Name: Predator G9-593
00:00:00.014956 DMI Product Version: V1.13
00:00:00.014961 Firmware type: UEFI
00:00:00.015498 Secure Boot: Disabled
00:00:00.015554 Host RAM: 15952MB (15.5GB) total, 10901MB (10.6GB) available
00:00:00.015558 Executable: /usr/lib/virtualbox/VBoxHeadless
00:00:00.015559 Process ID: 14048
00:00:00.015559 Package type: LINUX_64BITS_UBUNTU_18_04
00:00:00.062678 Installed Extension Packs:
00:00:00.062694   None installed!
00:00:00.064006 Console: Machine state changed to 'Starting'
00:00:00.095462 SUP: Opened VMMR0.r0 (/usr/lib/virtualbox/VMMR0.r0) at 0xXXXXXXXXXXXXXXXX.
00:00:00.097433 Guest OS type: 'Ubuntu_64'
00:00:00.099578 fHMForced=true - No raw-mode support in this build!
00:00:00.109257 File system of '/home/vamsi/Documents/Acads/Sem 7/Computer Networks/Lab/Lab10/lab10_network/VMImages/h2/Snapshots' (snapshots) is ext4
00:00:00.109717 File system of '/home/vamsi/Documents/Acads/Sem 7/Computer Networks/Lab/Lab10/lab10_network/VMImages/h2/Snapshots/{a52678ea-7277-4541-8ef7-7de3ae5f7645}.vdi' is ext4
00:00:00.128930 Shared Clipboard: Service loaded
00:00:00.128948 Shared Clipboard: Mode: Off
00:00:00.128979 Shared Clipboard: Service running in headless mode
00:00:00.130030 Drag and drop service loaded
00:00:00.130038 Drag and drop mode: Off
00:00:00.131773 ************************* CFGM dump *************************
00:00:00.131777 [/] (level 0)
00:00:00.131783   CpuExecutionCap   <integer> = 0x0000000000000064 (100)
00:00:00.131790   EnablePAE         <integer> = 0x0000000000000000 (0)
00:00:00.131792   HMEnabled         <integer> = 0x0000000000000001 (1)
00:00:00.131792   MemBalloonSize    <integer> = 0x0000000000000000 (0)
00:00:00.131793   Name              <string>  = "h2" (cb=3)
00:00:00.131794   NumCPUs           <integer> = 0x0000000000000001 (1)
00:00:00.131794   PageFusionAllowed <integer> = 0x0000000000000000 (0)
00:00:00.131795   RamHoleSize       <integer> = 0x0000000020000000 (536 870 912, 512 MB)
00:00:00.131796   RamSize           <integer> = 0x0000000040000000 (1 073 741 824, 1 024 MB)
00:00:00.131798   TimerMillies      <integer> = 0x000000000000000a (10)
00:00:00.131799   UUID              <bytes>   = "d8 f3 b6 31 8c fc 42 43 b5 38 30 2e bd 8a 1e 4e" (cb=16)
00:00:00.131801 
00:00:00.131803 [/CPUM/] (level 1)
00:00:00.131804   GuestCpuName       <string>  = "host" (cb=5)
00:00:00.131805   NestedHWVirt       <integer> = 0x0000000000000000 (0)
00:00:00.131805   PortableCpuIdLevel <integer> = 0x0000000000000000 (0)
00:00:00.131806   SpecCtrl           <integer> = 0x0000000000000000 (0)
00:00:00.131807 
00:00:00.131807 [/CPUM/IsaExts/] (level 2)
00:00:00.131808 
00:00:00.131809 [/DBGC/] (level 1)
00:00:00.131810   GlobalInitScript <string>  = "/home/vamsi/.config/VirtualBox/dbgc-init" (cb=41)
00:00:00.131811   HistoryFile      <string>  = "/home/vamsi/.config/VirtualBox/dbgc-history" (cb=44)
00:00:00.131811   LocalInitScript  <string>  = "/home/vamsi/Documents/Acads/Sem 7/Computer Networks/Lab/Lab10/lab10_network/VMImages/h2/dbgc-init" (cb=98)
00:00:00.131812 
00:00:00.131812 [/DBGF/] (level 1)
00:00:00.131813   Path <string>  = "/home/vamsi/Documents/Acads/Sem 7/Computer Networks/Lab/Lab10/lab10_network/VMImages/h2/debug/;/home/vamsi/Documents/Acads/Sem 7/Computer Networks/Lab/Lab10/lab10_network/VMImages/h2/;cache*/home/vamsi/Documents/Acads/Sem 7/Computer Networks/Lab/Lab10/lab10_network/VMImages/h2/dbgcache/;/home/vamsi/" (cb=301)
00:00:00.131814 
00:00:00.131814 [/Devices/] (level 1)
00:00:00.131814 
00:00:00.131815 [/Devices/8237A/] (level 2)
00:00:00.131815 
00:00:00.131816 [/Devices/8237A/0/] (level 3)
00:00:00.131816   Trusted <integer> = 0x0000000000000001 (1)
00:00:00.131817 
00:00:00.131817 [/Devices/GIMDev/] (level 2)
00:00:00.131818 
00:00:00.131818 [/Devices/GIMDev/0/] (level 3)
00:00:00.131819   Trusted <integer> = 0x0000000000000001 (1)
00:00:00.131820 
00:00:00.131820 [/Devices/VMMDev/] (level 2)
00:00:00.131821 
00:00:00.131821 [/Devices/VMMDev/0/] (level 3)
00:00:00.131822   PCIBusNo      <integer> = 0x0000000000000000 (0)
00:00:00.131822   PCIDeviceNo   <integer> = 0x0000000000000004 (4)
00:00:00.131823   PCIFunctionNo <integer> = 0x0000000000000000 (0)
00:00:00.131823   Trusted       <integer> = 0x0000000000000001 (1)
00:00:00.131824 
00:00:00.131824 [/Devices/VMMDev/0/Config/] (level 4)
00:00:00.131825   GuestCoreDumpDir <string>  = "/home/vamsi/Documents/Acads/Sem 7/Computer Networks/Lab/Lab10/lab10_network/VMImages/h2/Snapshots" (cb=98)
00:00:00.131826 
00:00:00.131826 [/Devices/VMMDev/0/LUN#0/] (level 4)
00:00:00.131827   Driver <string>  = "HGCM" (cb=5)
00:00:00.131827 
00:00:00.131828 [/Devices/VMMDev/0/LUN#0/Config/] (level 5)
00:00:00.131829   Object <integer> = 0x00007fe2c8000b70 (140 611 994 782 576)
00:00:00.131830 
00:00:00.131830 [/Devices/VMMDev/0/LUN#999/] (level 4)
00:00:00.131831   Driver <string>  = "MainStatus" (cb=11)
00:00:00.131831 
00:00:00.131832 [/Devices/VMMDev/0/LUN#999/Config/] (level 5)
00:00:00.131833   First   <integer> = 0x0000000000000000 (0)
00:00:00.131833   Last    <integer> = 0x0000000000000000 (0)
00:00:00.131834   papLeds <integer> = 0x00007fe2d40027b8 (140 612 196 116 408)
00:00:00.131835 
00:00:00.131835 [/Devices/acpi/] (level 2)
00:00:00.131836 
00:00:00.131836 [/Devices/acpi/0/] (level 3)
00:00:00.131837   PCIBusNo      <integer> = 0x0000000000000000 (0)
00:00:00.131837   PCIDeviceNo   <integer> = 0x0000000000000007 (7)
00:00:00.131838   PCIFunctionNo <integer> = 0x0000000000000000 (0)
00:00:00.131838   Trusted       <integer> = 0x0000000000000001 (1)
00:00:00.131839 
00:00:00.131839 [/Devices/acpi/0/Config/] (level 4)
00:00:00.131840   CpuHotPlug          <integer> = 0x0000000000000000 (0)
00:00:00.131841   FdcEnabled          <integer> = 0x0000000000000000 (0)
00:00:00.131842   HostBusPciAddress   <integer> = 0x0000000000000000 (0)
00:00:00.131842   HpetEnabled         <integer> = 0x0000000000000000 (0)
00:00:00.131843   IOAPIC              <integer> = 0x0000000000000001 (1)
00:00:00.131843   IocPciAddress       <integer> = 0x0000000000010000 (65 536)
00:00:00.131984   NumCPUs             <integer> = 0x0000000000000001 (1)
00:00:00.131985   Parallel0IoPortBase <integer> = 0x0000000000000000 (0)
00:00:00.131986   Parallel0Irq        <integer> = 0x0000000000000000 (0)
00:00:00.131986   Parallel1IoPortBase <integer> = 0x0000000000000000 (0)
00:00:00.131987   Parallel1Irq        <integer> = 0x0000000000000000 (0)
00:00:00.131987   Serial0IoPortBase   <integer> = 0x0000000000000000 (0)
00:00:00.131988   Serial0Irq          <integer> = 0x0000000000000000 (0)
00:00:00.131988   Serial1IoPortBase   <integer> = 0x0000000000000000 (0)
00:00:00.131989   Serial1Irq          <integer> = 0x0000000000000000 (0)
00:00:00.131989   ShowCpu             <integer> = 0x0000000000000001 (1)
00:00:00.131990   ShowRtc             <integer> = 0x0000000000000000 (0)
00:00:00.131991   SmcEnabled          <integer> = 0x0000000000000000 (0)
00:00:00.131991 
00:00:00.131991 [/Devices/acpi/0/LUN#0/] (level 4)
00:00:00.131992   Driver <string>  = "ACPIHost" (cb=9)
00:00:00.131993 
00:00:00.131993 [/Devices/acpi/0/LUN#0/Config/] (level 5)
00:00:00.131994 
00:00:00.131994 [/Devices/ahci/] (level 2)
00:00:00.131995 
00:00:00.131995 [/Devices/ahci/0/] (level 3)
00:00:00.131996   PCIBusNo      <integer> = 0x0000000000000000 (0)
00:00:00.131997   PCIDeviceNo   <integer> = 0x000000000000000d (13)
00:00:00.131997   PCIFunctionNo <integer> = 0x0000000000000000 (0)
00:00:00.131998   Trusted       <integer> = 0x0000000000000001 (1)
00:00:00.131998 
00:00:00.131998 [/Devices/ahci/0/Config/] (level 4)
00:00:00.131999   Bootable  <integer> = 0x0000000000000001 (1)
00:00:00.132000   PortCount <integer> = 0x0000000000000001 (1)
00:00:00.132000 
00:00:00.132001 [/Devices/ahci/0/Config/Port0/] (level 5)
00:00:00.132002   Hotpluggable <integer> = 0x0000000000000000 (0)
00:00:00.132002 
00:00:00.132002 [/Devices/ahci/0/LUN#0/] (level 4)
00:00:00.132003   Driver <string>  = "VD" (cb=3)
00:00:00.132004 
00:00:00.132004 [/Devices/ahci/0/LUN#0/Config/] (level 5)
00:00:00.132005   BlockCache <integer> = 0x0000000000000001 (1)
00:00:00.132006   Format     <string>  = "VDI" (cb=4)
00:00:00.132006   Mountable  <integer> = 0x0000000000000000 (0)
00:00:00.132007   Path       <string>  = "/home/vamsi/Documents/Acads/Sem 7/Computer Networks/Lab/Lab10/lab10_network/VMImages/h2/Snapshots/{a52678ea-7277-4541-8ef7-7de3ae5f7645}.vdi" (cb=141)
00:00:00.132008   Type       <string>  = "HardDisk" (cb=9)
00:00:00.132008   UseNewIo   <integer> = 0x0000000000000001 (1)
00:00:00.132009 
00:00:00.132009 [/Devices/ahci/0/LUN#0/Config/Parent/] (level 6)
00:00:00.132010   Format <string>  = "VDI" (cb=4)
00:00:00.132010   Path   <string>  = "/home/vamsi/Documents/Acads/Sem 7/Computer Networks/Lab/Lab10/lab10_network/VMImages/base/Snapshots/{8f83ab64-891d-4e29-8532-09d2e668c3dd}.vdi" (cb=143)
00:00:00.132011 
00:00:00.132011 [/Devices/ahci/0/LUN#0/Config/Parent/Parent/] (level 7)
00:00:00.132012   Format <string>  = "VDI" (cb=4)
00:00:00.132013   Path   <string>  = "/home/vamsi/Documents/Acads/Sem 7/Computer Networks/Lab/Lab10/lab10_network/VMImages/base/base.vdi" (cb=99)
00:00:00.132013 
00:00:00.132014 [/Devices/ahci/0/LUN#0/Config/Parent/Parent/VDConfig/] (level 8)
00:00:00.132015   AllocationBlockSize <string>  = "1048576" (cb=8)
00:00:00.132016 
00:00:00.132016 [/Devices/ahci/0/LUN#0/Config/Parent/VDConfig/] (level 7)
00:00:00.132017   AllocationBlockSize <string>  = "1048576" (cb=8)
00:00:00.132017 
00:00:00.132018 [/Devices/ahci/0/LUN#0/Config/VDConfig/] (level 6)
00:00:00.132019   AllocationBlockSize <string>  = "1048576" (cb=8)
00:00:00.132019 
00:00:00.132019 [/Devices/ahci/0/LUN#999/] (level 4)
00:00:00.132020   Driver <string>  = "MainStatus" (cb=11)
00:00:00.132021 
00:00:00.132021 [/Devices/ahci/0/LUN#999/Config/] (level 5)
00:00:00.132022   DeviceInstance        <string>  = "ahci/0" (cb=7)
00:00:00.132023   First                 <integer> = 0x0000000000000000 (0)
00:00:00.132023   Last                  <integer> = 0x0000000000000000 (0)
00:00:00.132024   pConsole              <integer> = 0x00007fe2d40013e0 (140 612 196 111 328)
00:00:00.132025   papLeds               <integer> = 0x00007fe2d4001bc0 (140 612 196 113 344)
00:00:00.132026   pmapMediumAttachments <integer> = 0x00007fe2d40027d8 (140 612 196 116 440)
00:00:00.132027 
00:00:00.132028 [/Devices/apic/] (level 2)
00:00:00.132028 
00:00:00.132028 [/Devices/apic/0/] (level 3)
00:00:00.132029   Trusted <integer> = 0x0000000000000001 (1)
00:00:00.132030 
00:00:00.132030 [/Devices/apic/0/Config/] (level 4)
00:00:00.132031   IOAPIC  <integer> = 0x0000000000000001 (1)
00:00:00.132031   Mode    <integer> = 0x0000000000000003 (3)
00:00:00.132032   NumCPUs <integer> = 0x0000000000000001 (1)
00:00:00.132033 
00:00:00.132033 [/Devices/e1000/] (level 2)
00:00:00.132033 
00:00:00.132034 [/Devices/e1000/0/] (level 3)
00:00:00.132035   PCIBusNo      <integer> = 0x0000000000000000 (0)
00:00:00.132035   PCIDeviceNo   <integer> = 0x0000000000000003 (3)
00:00:00.132036   PCIFunctionNo <integer> = 0x0000000000000000 (0)
00:00:00.132036   Trusted       <integer> = 0x0000000000000001 (1)
00:00:00.132037 
00:00:00.132037 [/Devices/e1000/0/Config/] (level 4)
00:00:00.132038   AdapterType    <integer> = 0x0000000000000000 (0)
00:00:00.132038   CableConnected <integer> = 0x0000000000000001 (1)
00:00:00.132039   LineSpeed      <integer> = 0x0000000000000000 (0)
00:00:00.132039   MAC            <bytes>   = "08 00 27 18 c9 6b" (cb=6)
00:00:00.132041 
00:00:00.132041 [/Devices/e1000/0/LUN#0/] (level 4)
00:00:00.132042   Driver <string>  = "NAT" (cb=4)
00:00:00.132042 
00:00:00.132042 [/Devices/e1000/0/LUN#0/Config/] (level 5)
00:00:00.132043   AliasMode       <integer> = 0x0000000000000000 (0)
00:00:00.132044   BootFile        <string>  = "h2.pxe" (cb=7)
00:00:00.132044   DNSProxy        <integer> = 0x0000000000000000 (0)
00:00:00.132045   Network         <string>  = "10.0.2.0/24" (cb=12)
00:00:00.132046   PassDomain      <integer> = 0x0000000000000001 (1)
00:00:00.132046   TFTPPrefix      <string>  = "/home/vamsi/.config/VirtualBox/TFTP" (cb=36)
00:00:00.132047   UseHostResolver <integer> = 0x0000000000000000 (0)
00:00:00.132047 
00:00:00.132047 [/Devices/e1000/0/LUN#0/Config/PortForwarding/] (level 6)
00:00:00.132049 
00:00:00.132049 [/Devices/e1000/0/LUN#0/Config/PortForwarding/0/] (level 7)
00:00:00.132050   GuestPort <integer> = 0x0000000000000016 (22)
00:00:00.132051   HostPort  <integer> = 0x00000000000038a6 (14 502)
00:00:00.132051   Name      <string>  = "ssh" (cb=4)
00:00:00.132052   Protocol  <string>  = "TCP" (cb=4)
00:00:00.132052 
00:00:00.132053 [/Devices/e1000/0/LUN#999/] (level 4)
00:00:00.132053   Driver <string>  = "MainStatus" (cb=11)
00:00:00.132054 
00:00:00.132054 [/Devices/e1000/0/LUN#999/Config/] (level 5)
00:00:00.132055   First   <integer> = 0x0000000000000000 (0)
00:00:00.132056   Last    <integer> = 0x0000000000000000 (0)
00:00:00.132056   papLeds <integer> = 0x00007fe2d4002698 (140 612 196 116 120)
00:00:00.132057 
00:00:00.132057 [/Devices/e1000/1/] (level 3)
00:00:00.132058   PCIBusNo      <integer> = 0x0000000000000000 (0)
00:00:00.132059   PCIDeviceNo   <integer> = 0x0000000000000008 (8)
00:00:00.132059   PCIFunctionNo <integer> = 0x0000000000000000 (0)
00:00:00.132060   Trusted       <integer> = 0x0000000000000001 (1)
00:00:00.132060 
00:00:00.132060 [/Devices/e1000/1/Config/] (level 4)
00:00:00.132061   AdapterType    <integer> = 0x0000000000000000 (0)
00:00:00.132062   CableConnected <integer> = 0x0000000000000001 (1)
00:00:00.132062   LineSpeed      <integer> = 0x0000000000000000 (0)
00:00:00.132063   MAC            <bytes>   = "08 00 27 fb 88 e4" (cb=6)
00:00:00.132064 
00:00:00.132064 [/Devices/e1000/1/LUN#0/] (level 4)
00:00:00.132065   Driver <string>  = "IntNet" (cb=7)
00:00:00.132065 
00:00:00.132066 [/Devices/e1000/1/LUN#0/Config/] (level 5)
00:00:00.132067   IfPolicyPromisc <string>  = "deny" (cb=5)
00:00:00.132067   Network         <string>  = "intnet1" (cb=8)
00:00:00.132068   TrunkType       <integer> = 0x0000000000000002 (2)
00:00:00.132068 
00:00:00.132068 [/Devices/e1000/1/LUN#999/] (level 4)
00:00:00.132069   Driver <string>  = "MainStatus" (cb=11)
00:00:00.132070 
00:00:00.132070 [/Devices/e1000/1/LUN#999/Config/] (level 5)
00:00:00.132071   First   <integer> = 0x0000000000000000 (0)
00:00:00.132071   Last    <integer> = 0x0000000000000000 (0)
00:00:00.132072   papLeds <integer> = 0x00007fe2d40026a0 (140 612 196 116 128)
00:00:00.132073 
00:00:00.132073 [/Devices/i8254/] (level 2)
00:00:00.132074 
00:00:00.132074 [/Devices/i8254/0/] (level 3)
00:00:00.132075 
00:00:00.132075 [/Devices/i8254/0/Config/] (level 4)
00:00:00.132076 
00:00:00.132076 [/Devices/i8259/] (level 2)
00:00:00.132077 
00:00:00.132077 [/Devices/i8259/0/] (level 3)
00:00:00.132078   Trusted <integer> = 0x0000000000000001 (1)
00:00:00.132078 
00:00:00.132079 [/Devices/i8259/0/Config/] (level 4)
00:00:00.132079 
00:00:00.132080 [/Devices/ichac97/] (level 2)
00:00:00.132080 
00:00:00.132081 [/Devices/ichac97/0/] (level 3)
00:00:00.132081   PCIBusNo      <integer> = 0x0000000000000000 (0)
00:00:00.132082   PCIDeviceNo   <integer> = 0x0000000000000005 (5)
00:00:00.132082   PCIFunctionNo <integer> = 0x0000000000000000 (0)
00:00:00.132083   Trusted       <integer> = 0x0000000000000001 (1)
00:00:00.132083 
00:00:00.132084 [/Devices/ichac97/0/AudioConfig/] (level 4)
00:00:00.132085 
00:00:00.132085 [/Devices/ichac97/0/Config/] (level 4)
00:00:00.132086   Codec        <string>  = "AD1980" (cb=7)
00:00:00.132086   DebugEnabled <integer> = 0x0000000000000000 (0)
00:00:00.132087 
00:00:00.132087 [/Devices/ichac97/0/LUN#0/] (level 4)
00:00:00.132088   Driver <string>  = "AUDIO" (cb=6)
00:00:00.132088 
00:00:00.132088 [/Devices/ichac97/0/LUN#0/AttachedDriver/] (level 5)
00:00:00.132089   Driver <string>  = "PulseAudio" (cb=11)
00:00:00.132090 
00:00:00.132090 [/Devices/ichac97/0/LUN#0/AttachedDriver/Config/] (level 6)
00:00:00.132091   VmName <string>  = "h2" (cb=3)
00:00:00.132092 
00:00:00.132092 [/Devices/ichac97/0/LUN#0/Config/] (level 5)
00:00:00.132093   DriverName    <string>  = "PulseAudio" (cb=11)
00:00:00.132093   InputEnabled  <integer> = 0x0000000000000000 (0)
00:00:00.132094   OutputEnabled <integer> = 0x0000000000000001 (1)
00:00:00.132094 
00:00:00.132095 [/Devices/ichac97/0/LUN#1/] (level 4)
00:00:00.132095   Driver <string>  = "AUDIO" (cb=6)
00:00:00.132096 
00:00:00.132096 [/Devices/ichac97/0/LUN#2/] (level 4)
00:00:00.132097   Driver <string>  = "AUDIO" (cb=6)
00:00:00.132097 
00:00:00.132098 [/Devices/ioapic/] (level 2)
00:00:00.132098 
00:00:00.132098 [/Devices/ioapic/0/] (level 3)
00:00:00.132099   Trusted <integer> = 0x0000000000000001 (1)
00:00:00.132100 
00:00:00.132100 [/Devices/ioapic/0/Config/] (level 4)
00:00:00.132101   NumCPUs <integer> = 0x0000000000000001 (1)
00:00:00.132101 
00:00:00.132102 [/Devices/mc146818/] (level 2)
00:00:00.132102 
00:00:00.132102 [/Devices/mc146818/0/] (level 3)
00:00:00.132103 
00:00:00.132103 [/Devices/mc146818/0/Config/] (level 4)
00:00:00.132104   UseUTC <integer> = 0x0000000000000001 (1)
00:00:00.132105 
00:00:00.132105 [/Devices/parallel/] (level 2)
00:00:00.132106 
00:00:00.132106 [/Devices/pcarch/] (level 2)
00:00:00.132106 
00:00:00.132107 [/Devices/pcarch/0/] (level 3)
00:00:00.132107   Trusted <integer> = 0x0000000000000001 (1)
00:00:00.132108 
00:00:00.132108 [/Devices/pcarch/0/Config/] (level 4)
00:00:00.132109 
00:00:00.132109 [/Devices/pcbios/] (level 2)
00:00:00.132110 
00:00:00.132110 [/Devices/pcbios/0/] (level 3)
00:00:00.132111   Trusted <integer> = 0x0000000000000001 (1)
00:00:00.132111 
00:00:00.132112 [/Devices/pcbios/0/Config/] (level 4)
00:00:00.132113   APIC               <integer> = 0x0000000000000001 (1)
00:00:00.132113   BootDevice0        <string>  = "FLOPPY" (cb=7)
00:00:00.132114   BootDevice1        <string>  = "DVD" (cb=4)
00:00:00.132114   BootDevice2        <string>  = "IDE" (cb=4)
00:00:00.132115   BootDevice3        <string>  = "NONE" (cb=5)
00:00:00.132115   FloppyDevice       <string>  = "i82078" (cb=7)
00:00:00.132116   HardDiskDevice     <string>  = "piix3ide" (cb=9)
00:00:00.132116   IOAPIC             <integer> = 0x0000000000000001 (1)
00:00:00.132117   McfgBase           <integer> = 0x0000000000000000 (0)
00:00:00.132118   McfgLength         <integer> = 0x0000000000000000 (0)
00:00:00.132118   NumCPUs            <integer> = 0x0000000000000001 (1)
00:00:00.132119   PXEDebug           <integer> = 0x0000000000000000 (0)
00:00:00.132120   SataHardDiskDevice <string>  = "ahci" (cb=5)
00:00:00.132120   SataLUN1           <integer> = 0x0000000000000000 (0)
00:00:00.132121   UUID               <bytes>   = "d8 f3 b6 31 8c fc 42 43 b5 38 30 2e bd 8a 1e 4e" (cb=16)
00:00:00.132122   UuidLe             <integer> = 0x0000000000000000 (0)
00:00:00.132123 
00:00:00.132123 [/Devices/pcbios/0/Config/NetBoot/] (level 5)
00:00:00.132124 
00:00:00.132124 [/Devices/pcbios/0/Config/NetBoot/0/] (level 6)
00:00:00.132125   NIC           <integer> = 0x0000000000000000 (0)
00:00:00.132126   PCIBusNo      <integer> = 0x0000000000000000 (0)
00:00:00.132127   PCIDeviceNo   <integer> = 0x0000000000000003 (3)
00:00:00.132127   PCIFunctionNo <integer> = 0x0000000000000000 (0)
00:00:00.132128 
00:00:00.132128 [/Devices/pci/] (level 2)
00:00:00.132129 
00:00:00.132129 [/Devices/pci/0/] (level 3)
00:00:00.132130   Trusted <integer> = 0x0000000000000001 (1)
00:00:00.132130 
00:00:00.132130 [/Devices/pci/0/Config/] (level 4)
00:00:00.132131   IOAPIC <integer> = 0x0000000000000001 (1)
00:00:00.132132 
00:00:00.132132 [/Devices/pcibridge/] (level 2)
00:00:00.132133 
00:00:00.132133 [/Devices/pckbd/] (level 2)
00:00:00.132134 
00:00:00.132134 [/Devices/pckbd/0/] (level 3)
00:00:00.132135   Trusted <integer> = 0x0000000000000001 (1)
00:00:00.132135 
00:00:00.132135 [/Devices/pckbd/0/Config/] (level 4)
00:00:00.132136 
00:00:00.132136 [/Devices/pckbd/0/LUN#0/] (level 4)
00:00:00.132137   Driver <string>  = "KeyboardQueue" (cb=14)
00:00:00.132138 
00:00:00.132138 [/Devices/pckbd/0/LUN#0/AttachedDriver/] (level 5)
00:00:00.132139   Driver <string>  = "MainKeyboard" (cb=13)
00:00:00.132139 
00:00:00.132140 [/Devices/pckbd/0/LUN#0/AttachedDriver/Config/] (level 6)
00:00:00.132141   Object <integer> = 0x00005635e0dd7bc0 (94 789 405 866 944)
00:00:00.132142 
00:00:00.132142 [/Devices/pckbd/0/LUN#0/Config/] (level 5)
00:00:00.132143   QueueSize <integer> = 0x0000000000000040 (64)
00:00:00.132144 
00:00:00.132144 [/Devices/pckbd/0/LUN#1/] (level 4)
00:00:00.132145   Driver <string>  = "MouseQueue" (cb=11)
00:00:00.132145 
00:00:00.132145 [/Devices/pckbd/0/LUN#1/AttachedDriver/] (level 5)
00:00:00.132146   Driver <string>  = "MainMouse" (cb=10)
00:00:00.132147 
00:00:00.132147 [/Devices/pckbd/0/LUN#1/AttachedDriver/Config/] (level 6)
00:00:00.132148   Object <integer> = 0x00007fe2d4006090 (140 612 196 130 960)
00:00:00.132149 
00:00:00.132149 [/Devices/pckbd/0/LUN#1/Config/] (level 5)
00:00:00.132150   QueueSize <integer> = 0x0000000000000080 (128)
00:00:00.132151 
00:00:00.132151 [/Devices/pcnet/] (level 2)
00:00:00.132152 
00:00:00.132152 [/Devices/piix3ide/] (level 2)
00:00:00.132153 
00:00:00.132153 [/Devices/piix3ide/0/] (level 3)
00:00:00.132154   PCIBusNo      <integer> = 0x0000000000000000 (0)
00:00:00.132154   PCIDeviceNo   <integer> = 0x0000000000000001 (1)
00:00:00.132155   PCIFunctionNo <integer> = 0x0000000000000001 (1)
00:00:00.132155   Trusted       <integer> = 0x0000000000000001 (1)
00:00:00.132156 
00:00:00.132156 [/Devices/piix3ide/0/Config/] (level 4)
00:00:00.132157   Type <string>  = "PIIX4" (cb=6)
00:00:00.132157 
00:00:00.132157 [/Devices/piix3ide/0/LUN#0/] (level 4)
00:00:00.132158   Driver <string>  = "VD" (cb=3)
00:00:00.132159 
00:00:00.132159 [/Devices/piix3ide/0/LUN#0/Config/] (level 5)
00:00:00.132160   EmptyDrive <integer> = 0x0000000000000001 (1)
00:00:00.132160   Mountable  <integer> = 0x0000000000000001 (1)
00:00:00.132161   Type       <string>  = "DVD" (cb=4)
00:00:00.132161 
00:00:00.132162 [/Devices/piix3ide/0/LUN#999/] (level 4)
00:00:00.132163   Driver <string>  = "MainStatus" (cb=11)
00:00:00.132163 
00:00:00.132163 [/Devices/piix3ide/0/LUN#999/Config/] (level 5)
00:00:00.132164   DeviceInstance        <string>  = "piix3ide/0" (cb=11)
00:00:00.132165   First                 <integer> = 0x0000000000000000 (0)
00:00:00.132166   Last                  <integer> = 0x0000000000000003 (3)
00:00:00.132166   pConsole              <integer> = 0x00007fe2d40013e0 (140 612 196 111 328)
00:00:00.132167   papLeds               <integer> = 0x00007fe2d4001ba0 (140 612 196 113 312)
00:00:00.132168   pmapMediumAttachments <integer> = 0x00007fe2d40027d8 (140 612 196 116 440)
00:00:00.132169 
00:00:00.132170 [/Devices/serial/] (level 2)
00:00:00.132170 
00:00:00.132171 [/Devices/usb-ohci/] (level 2)
00:00:00.132171 
00:00:00.132171 [/Devices/usb-ohci/0/] (level 3)
00:00:00.132172   PCIBusNo      <integer> = 0x0000000000000000 (0)
00:00:00.132173   PCIDeviceNo   <integer> = 0x0000000000000006 (6)
00:00:00.132173   PCIFunctionNo <integer> = 0x0000000000000000 (0)
00:00:00.132174   Trusted       <integer> = 0x0000000000000001 (1)
00:00:00.132174 
00:00:00.132174 [/Devices/usb-ohci/0/Config/] (level 4)
00:00:00.132175 
00:00:00.132176 [/Devices/usb-ohci/0/LUN#0/] (level 4)
00:00:00.132176   Driver <string>  = "VUSBRootHub" (cb=12)
00:00:00.132177 
00:00:00.132177 [/Devices/usb-ohci/0/LUN#0/Config/] (level 5)
00:00:00.132178 
00:00:00.132178 [/Devices/usb-ohci/0/LUN#999/] (level 4)
00:00:00.132179   Driver <string>  = "MainStatus" (cb=11)
00:00:00.132179 
00:00:00.132180 [/Devices/usb-ohci/0/LUN#999/Config/] (level 5)
00:00:00.132181   First   <integer> = 0x0000000000000000 (0)
00:00:00.132181   Last    <integer> = 0x0000000000000000 (0)
00:00:00.132182   papLeds <integer> = 0x00007fe2d40027c0 (140 612 196 116 416)
00:00:00.132183 
00:00:00.132183 [/Devices/vga/] (level 2)
00:00:00.132184 
00:00:00.132184 [/Devices/vga/0/] (level 3)
00:00:00.132185   PCIBusNo      <integer> = 0x0000000000000000 (0)
00:00:00.132185   PCIDeviceNo   <integer> = 0x0000000000000002 (2)
00:00:00.132186   PCIFunctionNo <integer> = 0x0000000000000000 (0)
00:00:00.132186   Trusted       <integer> = 0x0000000000000001 (1)
00:00:00.132187 
00:00:00.132187 [/Devices/vga/0/Config/] (level 4)
00:00:00.132188   3DEnabled          <integer> = 0x0000000000000000 (0)
00:00:00.132189   CustomVideoModes   <integer> = 0x0000000000000000 (0)
00:00:00.132189   FadeIn             <integer> = 0x0000000000000001 (1)
00:00:00.132190   FadeOut            <integer> = 0x0000000000000001 (1)
00:00:00.132191   HeightReduction    <integer> = 0x0000000000000000 (0)
00:00:00.132191   LogoFile           <string>  = "" (cb=1)
00:00:00.132192   LogoTime           <integer> = 0x0000000000000000 (0)
00:00:00.132192   MonitorCount       <integer> = 0x0000000000000001 (1)
00:00:00.132193   ShowBootMenu       <integer> = 0x0000000000000002 (2)
00:00:00.132193   VMSVGA3dEnabled    <integer> = 0x0000000000000000 (0)
00:00:00.132194   VMSVGAEnabled      <integer> = 0x0000000000000001 (1)
00:00:00.132194   VMSVGAPciBarLayout <integer> = 0x0000000000000001 (1)
00:00:00.132195   VMSVGAPciId        <integer> = 0x0000000000000001 (1)
00:00:00.132196   VRamSize           <integer> = 0x0000000001000000 (16 777 216, 16 MB)
00:00:00.132197 
00:00:00.132197 [/Devices/vga/0/LUN#0/] (level 4)
00:00:00.132198   Driver <string>  = "MainDisplay" (cb=12)
00:00:00.132198 
00:00:00.132199 [/Devices/vga/0/LUN#0/Config/] (level 5)
00:00:00.132200   Object <integer> = 0x00007fe2d4006cd0 (140 612 196 134 096)
00:00:00.132201 
00:00:00.132201 [/Devices/vga/0/LUN#999/] (level 4)
00:00:00.132202   Driver <string>  = "MainStatus" (cb=11)
00:00:00.132202 
00:00:00.132202 [/Devices/vga/0/LUN#999/Config/] (level 5)
00:00:00.132203   First   <integer> = 0x0000000000000000 (0)
00:00:00.132204   Last    <integer> = 0x0000000000000000 (0)
00:00:00.132204   papLeds <integer> = 0x00007fe2d40027d0 (140 612 196 116 432)
00:00:00.132205 
00:00:00.132206 [/Devices/virtio-net/] (level 2)
00:00:00.132206 
00:00:00.132207 [/EM/] (level 1)
00:00:00.132207   TripleFaultReset <integer> = 0x0000000000000000 (0)
00:00:00.132208 
00:00:00.132208 [/GIM/] (level 1)
00:00:00.132209   Provider <string>  = "KVM" (cb=4)
00:00:00.132209 
00:00:00.132209 [/HM/] (level 1)
00:00:00.132210   64bitEnabled            <integer> = 0x0000000000000001 (1)
00:00:00.132211   EnableLargePages        <integer> = 0x0000000000000000 (0)
00:00:00.132211   EnableNestedPaging      <integer> = 0x0000000000000001 (1)
00:00:00.132212   EnableUX                <integer> = 0x0000000000000001 (1)
00:00:00.132212   EnableVPID              <integer> = 0x0000000000000001 (1)
00:00:00.132213   Exclusive               <integer> = 0x0000000000000001 (1)
00:00:00.132214   HMForced                <integer> = 0x0000000000000001 (1)
00:00:00.132214   IBPBOnVMEntry           <integer> = 0x0000000000000000 (0)
00:00:00.132215   IBPBOnVMExit            <integer> = 0x0000000000000000 (0)
00:00:00.132216   L1DFlushOnSched         <integer> = 0x0000000000000001 (1)
00:00:00.132216   L1DFlushOnVMEntry       <integer> = 0x0000000000000000 (0)
00:00:00.132217   LovelyMesaDrvWorkaround <integer> = 0x0000000000000001 (1)
00:00:00.132217   MDSClearOnSched         <integer> = 0x0000000000000001 (1)
00:00:00.132218   MDSClearOnVMEntry       <integer> = 0x0000000000000000 (0)
00:00:00.132218   SpecCtrlByHost          <integer> = 0x0000000000000000 (0)
00:00:00.132222   UseNEMInstead           <integer> = 0x0000000000000000 (0)
00:00:00.132222 
00:00:00.132222 [/MM/] (level 1)
00:00:00.132223   CanUseLargerHeap <integer> = 0x0000000000000000 (0)
00:00:00.132224 
00:00:00.132224 [/NEM/] (level 1)
00:00:00.132224   Allow64BitGuests        <integer> = 0x0000000000000001 (1)
00:00:00.132225   LovelyMesaDrvWorkaround <integer> = 0x0000000000000001 (1)
00:00:00.132225 
00:00:00.132226 [/PDM/] (level 1)
00:00:00.132226 
00:00:00.132226 [/PDM/AsyncCompletion/] (level 2)
00:00:00.132227 
00:00:00.132227 [/PDM/AsyncCompletion/File/] (level 3)
00:00:00.132228 
00:00:00.132228 [/PDM/AsyncCompletion/File/BwGroups/] (level 4)
00:00:00.132229 
00:00:00.132230 [/PDM/BlkCache/] (level 2)
00:00:00.132230   CacheSize <integer> = 0x0000000000500000 (5 242 880, 5 MB)
00:00:00.132231 
00:00:00.132231 [/PDM/Devices/] (level 2)
00:00:00.132232 
00:00:00.132232 [/PDM/Drivers/] (level 2)
00:00:00.132233 
00:00:00.132233 [/PDM/Drivers/VBoxC/] (level 3)
00:00:00.132234   Path <string>  = "/usr/lib/virtualbox/components/VBoxC" (cb=37)
00:00:00.132235 
00:00:00.132235 [/PDM/NetworkShaper/] (level 2)
00:00:00.132235 
00:00:00.132236 [/PDM/NetworkShaper/BwGroups/] (level 3)
00:00:00.132236 
00:00:00.132237 [/TM/] (level 1)
00:00:00.132237   UTCOffset <integer> = 0x0000000000000000 (0)
00:00:00.132238 
00:00:00.132238 [/USB/] (level 1)
00:00:00.132239 
00:00:00.132239 [/USB/HidMouse/] (level 2)
00:00:00.132239 
00:00:00.132240 [/USB/HidMouse/0/] (level 3)
00:00:00.132240 
00:00:00.132241 [/USB/HidMouse/0/Config/] (level 4)
00:00:00.132241   Mode <string>  = "absolute" (cb=9)
00:00:00.132242 
00:00:00.132242 [/USB/HidMouse/0/LUN#0/] (level 4)
00:00:00.132243   Driver <string>  = "MouseQueue" (cb=11)
00:00:00.132243 
00:00:00.132243 [/USB/HidMouse/0/LUN#0/AttachedDriver/] (level 5)
00:00:00.132244   Driver <string>  = "MainMouse" (cb=10)
00:00:00.132245 
00:00:00.132245 [/USB/HidMouse/0/LUN#0/AttachedDriver/Config/] (level 6)
00:00:00.132246   Object <integer> = 0x00007fe2d4006090 (140 612 196 130 960)
00:00:00.132247 
00:00:00.132247 [/USB/HidMouse/0/LUN#0/Config/] (level 5)
00:00:00.132248   QueueSize <integer> = 0x0000000000000080 (128)
00:00:00.132249 
00:00:00.132249 [/USB/USBProxy/] (level 2)
00:00:00.132250 
00:00:00.132250 [/USB/USBProxy/GlobalConfig/] (level 3)
00:00:00.132251 
00:00:00.132251 ********************* End of CFGM dump **********************
00:00:00.132305 HM: HMR3Init: VT-x w/ nested paging and unrestricted guest execution hw support
00:00:00.132339 MM: cbHyperHeap=0x200000 (2097152)
00:00:00.133114 CPUM: fXStateHostMask=0x7; initial: 0x7; host XCR0=0x1f
00:00:00.133837 CPUM: Matched host CPU INTEL 0x6/0x9e/0x9 Intel_Core7_KabyLake with CPU DB entry 'Intel Core i7-6700K' (INTEL 0x6/0x5e/0x3 Intel_Core7_Skylake)
00:00:00.133870 CPUM: MXCSR_MASK=0xffff (host: 0xffff)
00:00:00.133879 CPUM: Microcode revision 0x000000EA
00:00:00.133885 CPUM: Changing leaf 13[0]: EBX=0x440 -> 0x340, ECX=0x440 -> 0x340
00:00:00.133892 CPUM: MSR/CPUID reconciliation insert: 0x0000010b IA32_FLUSH_CMD
00:00:00.133994 PGM: Host paging mode: AMD64+PGE+NX
00:00:00.134000 PGM: PGMPool: cMaxPages=768 (u64MaxPages=545)
00:00:00.134003 PGM: pgmR3PoolInit: cMaxPages=0x300 cMaxUsers=0x600 cMaxPhysExts=0x600 fCacheEnable=true 
00:00:00.134370 PGM: /proc/sys/vm/max_map_count = 65530 (rc2=VWRN_TRAILING_CHARS); cGuessNeeded=16384
00:00:00.135575 TM: GIP - u32Mode=3 (Invariant) u32UpdateHz=62 u32UpdateIntervalNS=16000000 enmUseTscDelta=2 (Practically Zero) fGetGipCpu=0x1b cCpus=4
00:00:00.135591 TM: GIP - u64CpuHz=2 465 332 957 (0x92f1fedd)  SUPGetCpuHzFromGip => 2 465 332 957
00:00:00.135596 TM: GIP - CPU: iCpuSet=0x0 idCpu=0x0 idApic=0x0 iGipCpu=0x3 i64TSCDelta=0 enmState=3 u64CpuHz=2495972816(*) cErrors=0
00:00:00.135600 TM: GIP - CPU: iCpuSet=0x1 idCpu=0x1 idApic=0x2 iGipCpu=0x2 i64TSCDelta=0 enmState=3 u64CpuHz=2495972894(*) cErrors=0
00:00:00.135603 TM: GIP - CPU: iCpuSet=0x2 idCpu=0x2 idApic=0x4 iGipCpu=0x0 i64TSCDelta=0 enmState=3 u64CpuHz=2465332957(*) cErrors=0
00:00:00.135606 TM: GIP - CPU: iCpuSet=0x3 idCpu=0x3 idApic=0x6 iGipCpu=0x1 i64TSCDelta=0 enmState=3 u64CpuHz=2495963417(*) cErrors=0
00:00:00.135647 TM: cTSCTicksPerSecond=2 465 332 957 (0x92f1fedd) enmTSCMode=3 (Dynamic)
00:00:00.135649 TM: TSCTiedToExecution=false TSCNotTiedToHalt=false
00:00:00.136498 EMR3Init: fIemExecutesAll=false fGuruOnTripleFault=true 
00:00:00.136581 IEM: TargetCpu=CURRENT, Microarch=Intel_Core7_KabyLake
00:00:00.136644 GIM: Using provider 'KVM' (Implementation version: 0)
00:00:00.136648 CPUM: SetGuestCpuIdFeature: Enabled Hypervisor Present bit
00:00:00.327978 AIOMgr: Default manager type is 'Async'
00:00:00.327998 AIOMgr: Default file backend is 'NonBuffered'
00:00:00.328244 BlkCache: Cache successfully initialized. Cache size is 5242880 bytes
00:00:00.328253 BlkCache: Cache commit interval is 10000 ms
00:00:00.328266 BlkCache: Cache commit threshold is 2621440 bytes
00:00:00.329322 PcBios: [SMP] BIOS with 1 CPUs
00:00:00.329361 PcBios: Using the 386+ BIOS image.
00:00:00.329416 PcBios: MPS table at 000e1300
00:00:00.329747 PcBios: fCheckShutdownStatusForSoftReset=true   fClearShutdownStatusOnHardReset=true 
00:00:00.329885 SUP: Opened VBoxDDR0.r0 (/usr/lib/virtualbox/VBoxDDR0.r0) at 0xXXXXXXXXXXXXXXXX.
00:00:00.330043 CPUM: SetGuestCpuIdFeature: Enabled xAPIC
00:00:00.330048 CPUM: SetGuestCpuIdFeature: Enabled x2APIC
00:00:00.330214 IOAPIC: Using implementation 2.0! Chipset type ICH9
00:00:00.330257 PIT: mode=3 count=0x10000 (65536) - 18.20 Hz (ch=0)
00:00:00.330662 VMMDev: cbDefaultBudget: 261 373 632 (f943ec0)
00:00:00.332193 Shared Folders service loaded
00:00:00.332676 Guest Control service loaded
00:00:00.337595 VGA: Using the 386+ BIOS image.
00:00:00.340088 DrvVD: Flushes will be ignored
00:00:00.340102 DrvVD: Async flushes will be passed to the disk
00:00:00.342212 VD: VDInit finished with VINF_SUCCESS
00:00:00.342739 AIOMgr: Endpoint for file '/home/vamsi/Documents/Acads/Sem 7/Computer Networks/Lab/Lab10/lab10_network/VMImages/base/base.vdi' (flags 000c0781) created successfully
00:00:00.406353 AIOMgr: Endpoint for file '/home/vamsi/Documents/Acads/Sem 7/Computer Networks/Lab/Lab10/lab10_network/VMImages/base/Snapshots/{8f83ab64-891d-4e29-8532-09d2e668c3dd}.vdi' (flags 000c0781) created successfully
00:00:00.463768 AIOMgr: Endpoint for file '/home/vamsi/Documents/Acads/Sem 7/Computer Networks/Lab/Lab10/lab10_network/VMImages/h2/Snapshots/{a52678ea-7277-4541-8ef7-7de3ae5f7645}.vdi' (flags 000c0723) created successfully
00:00:00.477937 VD: Opening the disk took 135797770 ns
00:00:00.478015 AHCI: LUN#0: disk, PCHS=2212/16/63, total number of sectors 2229702
00:00:00.478313 AHCI#0: Reset the HBA
00:00:00.478321 VD#0: Cancelling all active requests
00:00:00.479026 DrvVD: Flushes will be ignored
00:00:00.479036 DrvVD: Async flushes will be passed to the disk
00:00:00.479057 PIIX3 ATA: LUN#0: CD/DVD, total number of sectors 0, passthrough disabled
00:00:00.481068 PIIX3 ATA: LUN#1: no unit
00:00:00.481210 PIIX3 ATA: LUN#2: no unit
00:00:00.481218 PIIX3 ATA: LUN#3: no unit
00:00:00.481288 PIIX3 ATA: Ctl#0: finished processing RESET
00:00:00.481315 PIIX3 ATA: Ctl#1: finished processing RESET
00:00:00.481427 E1000#0: Chip=82540EM LinkUpDelay=3000ms EthernetCRC=on GSO=enabled Itr=disabled ItrRx=enabled TID=disabled R0=enabled RC=disabled
00:00:00.487870 NAT: Guest address guess set to 10.0.2.15 by initialization
00:00:00.488004 NAT: resolv.conf: nameserver 127.0.0.53
00:00:00.488017 NAT: DNS server 127.0.0.53 registration detected, switching to the DNS proxy
00:00:00.488020 NAT: DNS#0: 127.0.0.53
00:00:00.488058 NAT: Set redirect TCP 0.0.0.0:14502 -> 0.0.0.0:22
00:00:00.489116 E1000#1: Chip=82540EM LinkUpDelay=3000ms EthernetCRC=on GSO=enabled Itr=disabled ItrRx=enabled TID=disabled R0=enabled RC=disabled
00:00:00.489172 IntNet#0: szNetwork={intnet1} enmTrunkType=2 szTrunk={} fFlags=0x8000 cbRecv=325632 cbSend=196608 fIgnoreConnectFailure=false
00:00:00.492088 AC97: Using codec 'AD1980'
00:00:00.492137 Audio: Initializing PulseAudio driver
00:00:00.494126 PulseAudio: Using version 11.1.0
00:00:00.524493 PulseAudio: Retrieving server information ...
00:00:00.525015 Audio: Found 3 devices for driver 'PulseAudio'
00:00:00.525026 Audio: Device 'Built-in Audio Analog Stereo':
00:00:00.525027 Audio:   ID              = alsa_output.pci-0000_00_1f.3.analog-stereo
00:00:00.525028 Audio:   Usage           = output
00:00:00.525028 Audio:   Flags           = DEFAULT_OUT
00:00:00.525028 Audio:   Input channels  = 0
00:00:00.525029 Audio:   Output channels = 2
00:00:00.525032 Audio: Device 'Monitor of Built-in Audio Analog Stereo':
00:00:00.525032 Audio:   ID              = alsa_output.pci-0000_00_1f.3.analog-stereo.monitor
00:00:00.525033 Audio:   Usage           = input
00:00:00.525033 Audio:   Flags           = NONE
00:00:00.525033 Audio:   Input channels  = 2
00:00:00.525033 Audio:   Output channels = 0
00:00:00.525043 Audio: Device 'Built-in Audio Analog Stereo':
00:00:00.525043 Audio:   ID              = alsa_input.pci-0000_00_1f.3.analog-stereo
00:00:00.525043 Audio:   Usage           = input
00:00:00.525044 Audio:   Flags           = DEFAULT_IN
00:00:00.525044 Audio:   Input channels  = 2
00:00:00.525044 Audio:   Output channels = 0
00:00:00.525114 AC97: Reset
00:00:00.525119 AC97: Mixer reset (EAID=0x809, EACS=0x9)
00:00:00.525122 AC97: Record select to left=mic, right=mic
00:00:00.525714 VUSB: Attached 'HidMouse' to port 1 on RootHub#0 (FullSpeed)
00:00:00.525740 PGM: The CPU physical address width is 39 bits
00:00:00.525745 PGM: PGMR3InitFinalize: 4 MB PSE mask 0000007fffffffff -> VINF_SUCCESS
00:00:00.525765 TM: TMR3InitFinalize: fTSCModeSwitchAllowed=true 
00:00:00.525888 VMM: Enabled thread-context hooks
00:00:00.525893 VMM: RTThreadPreemptIsPending() can be trusted
00:00:00.525895 VMM: Kernel preemption is not possible it seems
00:00:00.525904 HM: fWorldSwitcher=0x0 (fIbpbOnVmExit=false fIbpbOnVmEntry=false fL1dFlushOnVmEntry=false); fL1dFlushOnSched=true  fMdsClearOnVmEntry=false
00:00:00.525910 HM: Using VT-x implementation 3.0
00:00:00.525910 HM: Max resume loops                  = 8192
00:00:00.525911 HM: Host CR4                          = 0x3606e0
00:00:00.525911 HM: Host EFER                         = 0xd01
00:00:00.525912 HM: MSR_IA32_SMM_MONITOR_CTL          = 0x0
00:00:00.525913 HM: MSR_IA32_FEATURE_CONTROL          = 0x5
00:00:00.525913 HM:   LOCK
00:00:00.525913 HM:   VMXON
00:00:00.525914 HM: MSR_IA32_VMX_BASIC                = 0xda040000000004
00:00:00.525914 HM:   VMCS id                           = 0x4
00:00:00.525915 HM:   VMCS size                         = 1024 bytes
00:00:00.525915 HM:   VMCS physical address limit       = None
00:00:00.525916 HM:   VMCS memory type                  = Write Back (WB)
00:00:00.525916 HM:   Dual-monitor treatment support    = true 
00:00:00.525917 HM:   OUTS & INS instruction-info       = true 
00:00:00.525917 HM:   Supports true-capability MSRs     = true 
00:00:00.525917 HM:   VM-entry Xcpt error-code optional = false
00:00:00.525918 HM: MSR_IA32_VMX_PINBASED_CTLS        = 0x7f00000016
00:00:00.525918 HM:   EXT_INT_EXIT
00:00:00.525919 HM:   NMI_EXIT
00:00:00.525919 HM:   VIRTUAL_NMI
00:00:00.525920 HM:   PREEMPT_TIMER
00:00:00.525920 HM:   POSTED_INT (must be cleared)
00:00:00.525920 HM: MSR_IA32_VMX_PROCBASED_CTLS       = 0xfff9fffe0401e172
00:00:00.525921 HM:   INT_WINDOW_EXIT
00:00:00.525922 HM:   USE_TSC_OFFSETTING
00:00:00.525922 HM:   HLT_EXIT
00:00:00.525922 HM:   INVLPG_EXIT
00:00:00.525923 HM:   MWAIT_EXIT
00:00:00.525923 HM:   RDPMC_EXIT
00:00:00.525923 HM:   RDTSC_EXIT
00:00:00.525924 HM:   CR3_LOAD_EXIT (must be set)
00:00:00.525924 HM:   CR3_STORE_EXIT (must be set)
00:00:00.525924 HM:   CR8_LOAD_EXIT
00:00:00.525924 HM:   CR8_STORE_EXIT
00:00:00.525925 HM:   USE_TPR_SHADOW
00:00:00.525925 HM:   NMI_WINDOW_EXIT
00:00:00.525925 HM:   MOV_DR_EXIT
00:00:00.525925 HM:   UNCOND_IO_EXIT
00:00:00.525926 HM:   USE_IO_BITMAPS
00:00:00.525926 HM:   MONITOR_TRAP_FLAG
00:00:00.525926 HM:   USE_MSR_BITMAPS
00:00:00.525927 HM:   MONITOR_EXIT
00:00:00.525927 HM:   PAUSE_EXIT
00:00:00.525927 HM:   USE_SECONDARY_CTLS
00:00:00.525927 HM: MSR_IA32_VMX_PROCBASED_CTLS2      = 0x5fbcff00000000
00:00:00.525928 HM:   VIRT_APIC_ACCESS
00:00:00.525929 HM:   EPT
00:00:00.525929 HM:   DESC_TABLE_EXIT
00:00:00.525929 HM:   RDTSCP
00:00:00.525930 HM:   VIRT_X2APIC_MODE
00:00:00.525930 HM:   VPID
00:00:00.525930 HM:   WBINVD_EXIT
00:00:00.525931 HM:   UNRESTRICTED_GUEST
00:00:00.525931 HM:   APIC_REG_VIRT (must be cleared)
00:00:00.525931 HM:   VIRT_INT_DELIVERY (must be cleared)
00:00:00.525932 HM:   PAUSE_LOOP_EXIT
00:00:00.525932 HM:   RDRAND_EXIT
00:00:00.525932 HM:   INVPCID
00:00:00.525933 HM:   VMFUNC
00:00:00.525933 HM:   VMCS_SHADOWING (must be cleared)
00:00:00.525933 HM:   ENCLS_EXIT
00:00:00.525934 HM:   RDSEED_EXIT
00:00:00.525934 HM:   PML
00:00:00.525934 HM:   EPT_VE
00:00:00.525935 HM:   CONCEAL_VMX_FROM_PT
00:00:00.525935 HM:   XSAVES_XRSTORS
00:00:00.525935 HM:   MODE_BASED_EPT_PERM
00:00:00.525935 HM:   SPPTP_EPT (must be cleared)
00:00:00.525936 HM:   PT_EPT (must be cleared)
00:00:00.525936 HM:   TSC_SCALING (must be cleared)
00:00:00.525936 HM:   USER_WAIT_PAUSE (must be cleared)
00:00:00.525936 HM:   ENCLV_EXIT (must be cleared)
00:00:00.525937 HM: MSR_IA32_VMX_ENTRY_CTLS           = 0x3ffff000011ff
00:00:00.525937 HM:   LOAD_DEBUG (must be set)
00:00:00.525938 HM:   IA32E_MODE_GUEST
00:00:00.525938 HM:   ENTRY_TO_SMM
00:00:00.525938 HM:   DEACTIVATE_DUAL_MON
00:00:00.525939 HM:   LOAD_PERF_MSR
00:00:00.525939 HM:   LOAD_PAT_MSR
00:00:00.525939 HM:   LOAD_EFER_MSR
00:00:00.525939 HM:   LOAD_BNDCFGS_MSR
00:00:00.525940 HM:   CONCEAL_VMX_FROM_PT
00:00:00.525940 HM:   LOAD_RTIT_CTL_MSR (must be cleared)
00:00:00.525940 HM: MSR_IA32_VMX_EXIT_CTLS            = 0x1ffffff00036dff
00:00:00.525941 HM:   SAVE_DEBUG (must be set)
00:00:00.525941 HM:   HOST_ADDR_SPACE_SIZE
00:00:00.525942 HM:   LOAD_PERF_MSR
00:00:00.525942 HM:   ACK_EXT_INT
00:00:00.525942 HM:   SAVE_PAT_MSR
00:00:00.525942 HM:   LOAD_PAT_MSR
00:00:00.525943 HM:   SAVE_EFER_MSR
00:00:00.525943 HM:   LOAD_EFER_MSR
00:00:00.525943 HM:   SAVE_PREEMPT_TIMER
00:00:00.525943 HM:   CLEAR_BNDCFGS_MSR
00:00:00.525944 HM:   CONCEAL_VMX_FROM_PT
00:00:00.525944 HM:   CLEAR_RTIT_CTL_MSR (must be cleared)
00:00:00.525944 HM: MSR_IA32_VMX_TRUE_PINBASED_CTLS   = 0x7f00000016
00:00:00.525945 HM: MSR_IA32_VMX_TRUE_PROCBASED_CTLS  = 0xfff9fffe04006172
00:00:00.525946 HM: MSR_IA32_VMX_TRUE_ENTRY_CTLS      = 0x3ffff000011fb
00:00:00.525947 HM: MSR_IA32_VMX_TRUE_EXIT_CTLS       = 0x1ffffff00036dfb
00:00:00.525947 HM: MSR_IA32_VMX_MISC                 = 0x7004c1e7
00:00:00.525948 HM:   PREEMPT_TIMER_TSC                 = 0x7
00:00:00.525948 HM:   EXIT_SAVE_EFER_LMA                = true 
00:00:00.525949 HM:   ACTIVITY_STATES                   = 0x7 ( HLT SHUTDOWN SIPI_WAIT )
00:00:00.525949 HM:   INTEL_PT                          = true 
00:00:00.525950 HM:   SMM_READ_SMBASE_MSR               = true 
00:00:00.525950 HM:   CR3_TARGET                        = 0x4
00:00:00.525951 HM:   MAX_MSR                           = 0x0 ( 512 )
00:00:00.525951 HM:   VMXOFF_BLOCK_SMI                  = true 
00:00:00.525951 HM:   VMWRITE_ALL                       = true 
00:00:00.525952 HM:   ENTRY_INJECT_SOFT_INT             = 0x1
00:00:00.525952 HM:   MSEG_ID                           = 0x0
00:00:00.525952 HM: MSR_IA32_VMX_VMCS_ENUM            = 0x2e
00:00:00.525953 HM:   HIGHEST_IDX                       = 0x17
00:00:00.525953 HM: MSR_IA32_VMX_EPT_VPID_CAP         = 0xf0106734141
00:00:00.525954 HM:   RWX_X_ONLY
00:00:00.525954 HM:   PAGE_WALK_LENGTH_4
00:00:00.525955 HM:   EMT_UC
00:00:00.525955 HM:   EMT_WB
00:00:00.525955 HM:   PDE_2M
00:00:00.525955 HM:   PDPTE_1G
00:00:00.525956 HM:   INVEPT
00:00:00.525956 HM:   EPT_ACCESS_DIRTY
00:00:00.525956 HM:   ADVEXITINFO_EPT
00:00:00.525957 HM:   INVEPT_SINGLE_CONTEXT
00:00:00.525957 HM:   INVEPT_ALL_CONTEXTS
00:00:00.525957 HM:   INVVPID
00:00:00.525957 HM:   INVVPID_INDIV_ADDR
00:00:00.525958 HM:   INVVPID_SINGLE_CONTEXT
00:00:00.525958 HM:   INVVPID_ALL_CONTEXTS
00:00:00.525958 HM:   INVVPID_SINGLE_CONTEXT_RETAIN_GLOBALS
00:00:00.525958 HM: MSR_IA32_VMX_VMFUNC               = 0x1
00:00:00.525959 HM:   EPTP_SWITCHING
00:00:00.525959 HM: MSR_IA32_VMX_CR0_FIXED0           = 0x80000021
00:00:00.525960 HM: MSR_IA32_VMX_CR0_FIXED1           = 0xffffffff
00:00:00.525960 HM: MSR_IA32_VMX_CR4_FIXED0           = 0x2000
00:00:00.525961 HM: MSR_IA32_VMX_CR4_FIXED1           = 0x3727ff
00:00:00.525961 HM: APIC-access page physaddr         = 0x0000000234d29000
00:00:00.525962 HM: VCPU  0: MSR bitmap physaddr      = 0x0000000234d2d000
00:00:00.525963 HM: VCPU  0: VMCS physaddr            = 0x0000000234d2a000
00:00:00.525964 HM: Guest support: 32-bit and 64-bit
00:00:00.525966 HM: Supports VMCS EFER fields         = true 
00:00:00.525967 HM: Enabled VMX
00:00:00.525970 CPUM: SetGuestCpuIdFeature: Enabled SYSENTER/EXIT
00:00:00.525970 CPUM: SetGuestCpuIdFeature: Enabled PAE
00:00:00.525971 CPUM: SetGuestCpuIdFeature: Enabled LONG MODE
00:00:00.525971 CPUM: SetGuestCpuIdFeature: Enabled SYSCALL/RET
00:00:00.525971 CPUM: SetGuestCpuIdFeature: Enabled LAHF/SAHF
00:00:00.525972 CPUM: SetGuestCpuIdFeature: Enabled NX
00:00:00.525972 HM: Enabled nested paging
00:00:00.525972 HM:   EPT flush type                  = Single context
00:00:00.525972 HM: Enabled unrestricted guest execution
00:00:00.525973 HM: Enabled VPID
00:00:00.525973 HM:   VPID flush type                 = Single context
00:00:00.525973 HM: Enabled VMX-preemption timer (cPreemptTimerShift=7)
00:00:00.525974 HM: VT-x/AMD-V init method: Global
00:00:00.525974 EM: Exit history optimizations: enabled=true  enabled-r0=true  enabled-r0-no-preemption=false
00:00:00.526002 PcBios: SATA LUN#0 LCHS=553/64/63
00:00:00.526013 APIC: fPostedIntrsEnabled=false fVirtApicRegsEnabled=false fSupportsTscDeadline=false
00:00:00.526018 TMR3UtcNow: nsNow=1 637 299 351 306 615 000 nsPrev=0 -> cNsDelta=1 637 299 351 306 615 000 (offLag=0 offVirtualSync=0 offVirtualSyncGivenUp=0, NowAgain=1 637 299 351 306 615 000)
00:00:00.526026 VMM: fUsePeriodicPreemptionTimers=false
00:00:00.526105 CPUM: Logical host processors: 4 present, 4 max, 4 online, online mask: 000000000000000f
00:00:00.526155 CPUM: Physical host cores: 4
00:00:00.526155 ************************* CPUID dump ************************
00:00:00.526162          Raw Standard CPUID Leaves
00:00:00.526163      Leaf/sub-leaf  eax      ebx      ecx      edx
00:00:00.526163 Gst: 00000000/0000  00000016 756e6547 6c65746e 49656e69
00:00:00.526165 Hst:                00000016 756e6547 6c65746e 49656e69
00:00:00.526166 Gst: 00000001/0000  000906e9 00010800 d6fa220b 178bfbff
00:00:00.526167 Hst:                000906e9 04100800 7ffafbbf bfebfbff
00:00:00.526168 Gst: 00000002/0000  76036301 00f0b6ff 00000000 00c30000
00:00:00.526168 Hst:                76036301 00f0b6ff 00000000 00c30000
00:00:00.526169 Gst: 00000003/0000  00000000 00000000 00000000 00000000
00:00:00.526170 Hst:                00000000 00000000 00000000 00000000
00:00:00.526171 Gst: 00000004/0000  00000121 01c0003f 0000003f 00000000
00:00:00.526171 Hst:                1c004121 01c0003f 0000003f 00000000
00:00:00.526172 Gst: 00000004/0001  00000122 01c0003f 0000003f 00000000
00:00:00.526173 Hst:                1c004122 01c0003f 0000003f 00000000
00:00:00.526173 Gst: 00000004/0002  00000143 00c0003f 000003ff 00000000
00:00:00.526174 Hst:                1c004143 00c0003f 000003ff 00000000
00:00:00.526175 Gst: 00000004/0003  00000163 02c0003f 00001fff 00000006
00:00:00.526176 Hst:                1c03c163 02c0003f 00001fff 00000006
00:00:00.526176 Gst: 00000004/0004  00000000 00000000 00000000 00000000
00:00:00.526177 Hst:                00000000 00000000 00000000 00000000
00:00:00.526178 Gst: 00000005/0000  00000040 00000040 00000000 00000000
00:00:00.526178 Hst:                00000040 00000040 00000003 11142120
00:00:00.526179 Gst: 00000006/0000  00000000 00000000 00000000 00000000
00:00:00.526180 Hst:                000027f7 00000002 00000009 00000000
00:00:00.526181 Gst: 00000007/0000  00000000 00842421 00000000 10000400
00:00:00.526181 Hst:                00000000 029c67af 00000000 9c002e00
00:00:00.526182 Gst: 00000007/0001  00000000 00000000 00000000 00000000
00:00:00.526183 Hst:                00000000 00000000 00000000 00000000
00:00:00.526183 Gst: 00000008/0000  00000000 00000000 00000000 00000000
00:00:00.526184 Hst:                00000000 00000000 00000000 00000000
00:00:00.526184 Gst: 00000009/0000  00000000 00000000 00000000 00000000
00:00:00.526185 Hst:                00000000 00000000 00000000 00000000
00:00:00.526185 Gst: 0000000a/0000  00000000 00000000 00000000 00000000
00:00:00.526186 Hst:                07300804 00000000 00000000 00000603
00:00:00.526186 Gst: 0000000b/0000  00000000 00000001 00000100 00000000
00:00:00.526187 Hst:                00000001 00000001 00000100 00000004
00:00:00.526188 Gst: 0000000b/0001  00000001 00000001 00000201 00000000
00:00:00.526188 Hst:                00000004 00000004 00000201 00000004
00:00:00.526189 Gst: 0000000b/0002  00000000 00000000 00000002 00000000
00:00:00.526189 Hst:                00000000 00000000 00000002 00000004
00:00:00.526190 Gst: 0000000c/0000  00000000 00000000 00000000 00000000
00:00:00.526190 Hst:                00000000 00000000 00000000 00000000
00:00:00.526191 Gst: 0000000d/0000  00000007 00000340 00000340 00000000
00:00:00.526191 Hst:                0000001f 00000440 00000440 00000000
00:00:00.526192 Gst: 0000000d/0001  00000000 000003c0 00000000 00000000
00:00:00.526193 Hst:                0000000f 000003c0 00000100 00000000
00:00:00.526193 Gst: 0000000d/0002  00000100 00000240 00000000 00000000
00:00:00.526194 Hst:                00000100 00000240 00000000 00000000
00:00:00.526194 Gst: 0000000d/0003  00000000 00000000 00000000 00000000
00:00:00.526195 Hst:                00000040 000003c0 00000000 00000000
00:00:00.526195 Gst: 0000000d/0004  00000000 00000000 00000000 00000000
00:00:00.526196 Hst:                00000040 00000400 00000000 00000000
00:00:00.526196 Gst: 0000000d/0005  00000000 00000000 00000000 00000000
00:00:00.526197 Hst:                00000000 00000000 00000000 00000000
00:00:00.526198 Gst: 0000000d/0006  00000000 00000000 00000000 00000000
00:00:00.526198 Hst:                00000000 00000000 00000000 00000000
00:00:00.526199 Gst: 0000000d/0007  00000000 00000000 00000000 00000000
00:00:00.526199 Hst:                00000000 00000000 00000000 00000000
00:00:00.526200 Gst: 0000000d/0008  00000000 00000000 00000000 00000000
00:00:00.526200 Hst:                00000080 00000000 00000001 00000000
00:00:00.526201 Gst: 0000000d/0009  00000000 00000000 00000000 00000000
00:00:00.526201 Hst:                00000000 00000000 00000000 00000000
00:00:00.526220 Gst: 0000000e/0000  00000000 00000000 00000000 00000000
00:00:00.526220 Hst:                00000000 00000000 00000000 00000000
00:00:00.526221 Gst: 0000000f/0000  00000000 00000000 00000000 00000000
00:00:00.526221 Hst:                00000000 00000000 00000000 00000000
00:00:00.526222 Gst: 00000010/0000  00000000 00000000 00000000 00000000
00:00:00.526223 Hst:                00000000 00000000 00000000 00000000
00:00:00.526223 Gst: 00000011/0000  00000000 00000000 00000000 00000000
00:00:00.526224 Hst:                00000000 00000000 00000000 00000000
00:00:00.526224 Gst: 00000012/0000  00000000 00000000 00000000 00000000
00:00:00.526225 Hst:                00000000 00000000 00000000 00000000
00:00:00.526225 Gst: 00000013/0000  00000000 00000000 00000000 00000000
00:00:00.526226 Hst:                00000000 00000000 00000000 00000000
00:00:00.526226 Gst: 00000014/0000  00000000 00000000 00000000 00000000
00:00:00.526227 Hst:                00000001 0000000f 00000007 00000000
00:00:00.526227 Hst: 00000015/0000  00000002 000000d0 00000000 00000000
00:00:00.526229 Hst: 00000016/0000  000009c4 00000dac 00000064 00000000
00:00:00.526230                                Name: GenuineIntel
00:00:00.526231                            Supports: 0x00000000-0x00000016
00:00:00.526232                              Family:  6 	Extended: 0 	Effective: 6
00:00:00.526233                               Model: 14 	Extended: 9 	Effective: 158
00:00:00.526234                            Stepping: 9
00:00:00.526234                                Type: 0 (primary)
00:00:00.526235                             APIC ID: 0x00
00:00:00.526236                        Logical CPUs: 1
00:00:00.526237                        CLFLUSH Size: 8
00:00:00.526237                            Brand ID: 0x00
00:00:00.526238 Features
00:00:00.526238   Mnemonic - Description                                  = guest (host)
00:00:00.526239   FPU - x87 FPU on Chip                                   = 1 (1)
00:00:00.526240   VME - Virtual 8086 Mode Enhancements                    = 1 (1)
00:00:00.526241   DE - Debugging extensions                               = 1 (1)
00:00:00.526242   PSE - Page Size Extension                               = 1 (1)
00:00:00.526243   TSC - Time Stamp Counter                                = 1 (1)
00:00:00.526244   MSR - Model Specific Registers                          = 1 (1)
00:00:00.526244   PAE - Physical Address Extension                        = 1 (1)
00:00:00.526245   MCE - Machine Check Exception                           = 1 (1)
00:00:00.526246   CX8 - CMPXCHG8B instruction                             = 1 (1)
00:00:00.526247   APIC - APIC On-Chip                                     = 1 (1)
00:00:00.526248   SEP - SYSENTER and SYSEXIT Present                      = 1 (1)
00:00:00.526248   MTRR - Memory Type Range Registers                      = 1 (1)
00:00:00.526249   PGE - PTE Global Bit                                    = 1 (1)
00:00:00.526250   MCA - Machine Check Architecture                        = 1 (1)
00:00:00.526251   CMOV - Conditional Move instructions                    = 1 (1)
00:00:00.526251   PAT - Page Attribute Table                              = 1 (1)
00:00:00.526252   PSE-36 - 36-bit Page Size Extension                     = 1 (1)
00:00:00.526253   PSN - Processor Serial Number                           = 0 (0)
00:00:00.526254   CLFSH - CLFLUSH instruction                             = 1 (1)
00:00:00.526255   DS - Debug Store                                        = 0 (1)
00:00:00.526256   ACPI - Thermal Mon. & Soft. Clock Ctrl.                 = 0 (1)
00:00:00.526256   MMX - Intel MMX Technology                              = 1 (1)
00:00:00.526257   FXSR - FXSAVE and FXRSTOR instructions                  = 1 (1)
00:00:00.526258   SSE - SSE support                                       = 1 (1)
00:00:00.526259   SSE2 - SSE2 support                                     = 1 (1)
00:00:00.526259   SS - Self Snoop                                         = 0 (1)
00:00:00.526260   HTT - Hyper-Threading Technology                        = 1 (1)
00:00:00.526261   TM - Therm. Monitor                                     = 0 (1)
00:00:00.526262   PBE - Pending Break Enabled                             = 0 (1)
00:00:00.526263   SSE3 - SSE3 support                                     = 1 (1)
00:00:00.526264   PCLMUL - PCLMULQDQ support (for AES-GCM)                = 1 (1)
00:00:00.526264   DTES64 - DS Area 64-bit Layout                          = 0 (1)
00:00:00.526265   MONITOR - MONITOR/MWAIT instructions                    = 1 (1)
00:00:00.526266   CPL-DS - CPL Qualified Debug Store                      = 0 (1)
00:00:00.526267   VMX - Virtual Machine Extensions                        = 0 (1)
00:00:00.526267   SMX - Safer Mode Extensions                             = 0 (0)
00:00:00.526268   EST - Enhanced SpeedStep Technology                     = 0 (1)
00:00:00.526269   TM2 - Terminal Monitor 2                                = 0 (1)
00:00:00.526270   SSSE3 - Supplemental Streaming SIMD Extensions 3        = 1 (1)
00:00:00.526270   CNTX-ID - L1 Context ID                                 = 0 (0)
00:00:00.526271   SDBG - Silicon Debug interface                          = 0 (1)
00:00:00.526272   FMA - Fused Multiply Add extensions                     = 0 (1)
00:00:00.526273   CX16 - CMPXCHG16B instruction                           = 1 (1)
00:00:00.526274   TPRUPDATE - xTPR Update Control                         = 0 (1)
00:00:00.526274   PDCM - Perf/Debug Capability MSR                        = 0 (1)
00:00:00.526275   PCID - Process Context Identifiers                      = 1 (1)
00:00:00.526276   DCA - Direct Cache Access                               = 0 (0)
00:00:00.526277   SSE4_1 - SSE4_1 support                                 = 1 (1)
00:00:00.526277   SSE4_2 - SSE4_2 support                                 = 1 (1)
00:00:00.526278   X2APIC - x2APIC support                                 = 1 (1)
00:00:00.526279   MOVBE - MOVBE instruction                               = 1 (1)
00:00:00.526280   POPCNT - POPCNT instruction                             = 1 (1)
00:00:00.526281   TSCDEADL - Time Stamp Counter Deadline                  = 0 (1)
00:00:00.526282   AES - AES instructions                                  = 1 (1)
00:00:00.526282   XSAVE - XSAVE instruction                               = 1 (1)
00:00:00.526283   OSXSAVE - OSXSAVE instruction                           = 0 (1)
00:00:00.526284   AVX - AVX support                                       = 1 (1)
00:00:00.526285   F16C - 16-bit floating point conversion instructions    = 0 (1)
00:00:00.526286   RDRAND - RDRAND instruction                             = 1 (1)
00:00:00.526286   HVP - Hypervisor Present (we're a guest)                = 1 (0)
00:00:00.526287 Structured Extended Feature Flags Enumeration (leaf 7):
00:00:00.526288   Mnemonic - Description                                  = guest (host)
00:00:00.526288   FSGSBASE - RDFSBASE/RDGSBASE/WRFSBASE/WRGSBASE instr.   = 1 (1)
00:00:00.526288   TSCADJUST - Supports MSR_IA32_TSC_ADJUST                = 0 (1)
00:00:00.526289   SGX - Supports Software Guard Extensions                = 0 (1)
00:00:00.526290   BMI1 - Advanced Bit Manipulation extension 1            = 0 (1)
00:00:00.526290   HLE - Hardware Lock Elision                             = 0 (0)
00:00:00.526291   AVX2 - Advanced Vector Extensions 2                     = 1 (1)
00:00:00.526292   FDP_EXCPTN_ONLY - FPU DP only updated on exceptions     = 0 (0)
00:00:00.526293   SMEP - Supervisor Mode Execution Prevention             = 0 (1)
00:00:00.526293   BMI2 - Advanced Bit Manipulation extension 2            = 0 (1)
00:00:00.526294   ERMS - Enhanced REP MOVSB/STOSB instructions            = 0 (1)
00:00:00.526294   INVPCID - INVPCID instruction                           = 1 (1)
00:00:00.526295   RTM - Restricted Transactional Memory                   = 0 (0)
00:00:00.526296   PQM - Platform Quality of Service Monitoring            = 0 (0)
00:00:00.526296   DEPFPU_CS_DS - Deprecates FPU CS, FPU DS values if set  = 1 (1)
00:00:00.526297   MPE - Intel Memory Protection Extensions                = 0 (1)
00:00:00.526298   PQE - Platform Quality of Service Enforcement           = 0 (0)
00:00:00.526298   AVX512F - AVX512 Foundation instructions                = 0 (0)
00:00:00.526299   RDSEED - RDSEED instruction                             = 1 (1)
00:00:00.526300   ADX - ADCX/ADOX instructions                            = 0 (1)
00:00:00.526300   SMAP - Supervisor Mode Access Prevention                = 0 (1)
00:00:00.526301   CLFLUSHOPT - CLFLUSHOPT (Cache Line Flush) instruction  = 1 (1)
00:00:00.526302   INTEL_PT - Intel Processor Trace                        = 0 (1)
00:00:00.526302   AVX512PF - AVX512 Prefetch instructions                 = 0 (0)
00:00:00.526303   AVX512ER - AVX512 Exponential & Reciprocal instructions = 0 (0)
00:00:00.526304   AVX512CD - AVX512 Conflict Detection instructions       = 0 (0)
00:00:00.526304   SHA - Secure Hash Algorithm extensions                  = 0 (0)
00:00:00.526305   PREFETCHWT1 - PREFETCHWT1 instruction                   = 0 (0)
00:00:00.526306   UMIP - User mode insturction prevention                 = 0 (0)
00:00:00.526306   PKU - Protection Key for Usermode pages                 = 0 (0)
00:00:00.526307   OSPKE - CR4.PKU mirror                                  = 0 (0)
00:00:00.526308   MAWAU - Value used by BNDLDX & BNDSTX                   = 0x0 (0x0)
00:00:00.526309   RDPID - Read processor ID support                       = 0 (0)
00:00:00.526310   SGX_LC - Supports SGX Launch Configuration              = 0 (0)
00:00:00.526310    9 - Reserved                                           = 0 (1)
00:00:00.526311   MD_CLEAR - Supports MDS related buffer clearing         = 1 (1)
00:00:00.526312   11 - Reserved                                           = 0 (1)
00:00:00.526313   13 - Reserved                                           = 0 (1)
00:00:00.526314   IBRS_IBPB - IA32_SPEC_CTRL.IBRS and IA32_PRED_CMD.IBPB  = 0 (1)
00:00:00.526314   STIBP - Supports IA32_SPEC_CTRL.STIBP                   = 0 (1)
00:00:00.526315   FLUSH_CMD - Supports IA32_FLUSH_CMD                     = 1 (1)
00:00:00.526316   ARCHCAP - Supports IA32_ARCH_CAP                        = 0 (0)
00:00:00.526317   CORECAP - Supports IA32_CORE_CAP                        = 0 (0)
00:00:00.526317   SSBD - Supports IA32_SPEC_CTRL.SSBD                     = 0 (1)
00:00:00.526318 Processor Extended State Enumeration (leaf 0xd):
00:00:00.526319    XSAVE area cur/max size by XCR0, guest: 0x340/0x340
00:00:00.526320     XSAVE area cur/max size by XCR0, host: 0x440/0x440
00:00:00.526320                    Valid XCR0 bits, guest: 0x00000000`00000007 ( x87 SSE YMM_Hi128 )
00:00:00.526322                     Valid XCR0 bits, host: 0x00000000`0000001f ( x87 SSE YMM_Hi128 BNDREGS BNDCSR )
00:00:00.526324                     XSAVE features, guest:
00:00:00.526324                      XSAVE features, host: XSAVEOPT XSAVEC XGETBC1 XSAVES
00:00:00.526325       XSAVE area cur size XCR0|XSS, guest: 0x3c0
00:00:00.526326        XSAVE area cur size XCR0|XSS, host: 0x3c0
00:00:00.526326                Valid IA32_XSS bits, guest: 0x00000000`00000000
00:00:00.526327                 Valid IA32_XSS bits, host: 0x00000100`00000000 ( 40 )
00:00:00.526328   State #2, guest: off=0x0240, cb=0x0100 IA32_XSS-bit -- YMM_Hi128
00:00:00.526330   State #2, host:  off=0x0240, cb=0x0100 IA32_XSS-bit -- YMM_Hi128
00:00:00.526331   State #3, host:  off=0x03c0, cb=0x0040 IA32_XSS-bit -- BNDREGS
00:00:00.526332   State #4, host:  off=0x0400, cb=0x0040 IA32_XSS-bit -- BNDCSR
00:00:00.526333   State #8, host:  off=0x0000, cb=0x0080 XCR0-bit -- 8
00:00:00.526343          Unknown CPUID Leaves
00:00:00.526343      Leaf/sub-leaf  eax      ebx      ecx      edx
00:00:00.526344 Gst: 00000014/0001  00000000 00000000 00000000 00000000
00:00:00.526344 Hst:                02490002 003f3fff 00000000 00000000
00:00:00.526345 Gst: 00000014/0002  00000000 00000000 00000000 00000000
00:00:00.526346 Hst:                00000000 00000000 00000000 00000000
00:00:00.526346 Gst: 00000015/0000  00000000 00000000 00000000 00000000
00:00:00.526347 Hst:                00000002 000000d0 00000000 00000000
00:00:00.526348 Gst: 00000016/0000  00000000 00000000 00000000 00000000
00:00:00.526348 Hst:                000009c4 00000dac 00000064 00000000
00:00:00.526349          Raw Hypervisor CPUID Leaves
00:00:00.526350      Leaf/sub-leaf  eax      ebx      ecx      edx
00:00:00.526350 Gst: 40000000/0000  40000001 4b4d564b 564b4d56 0000004d
00:00:00.526351 Hst:                000009c4 00000dac 00000064 00000000
00:00:00.526352 Gst: 40000001/0000  01000089 00000000 00000000 00000000
00:00:00.526353 Hst:                000009c4 00000dac 00000064 00000000
00:00:00.526354          Raw Extended CPUID Leaves
00:00:00.526354      Leaf/sub-leaf  eax      ebx      ecx      edx
00:00:00.526354 Gst: 80000000/0000  80000008 00000000 00000000 00000000
00:00:00.526355 Hst:                80000008 00000000 00000000 00000000
00:00:00.526356 Gst: 80000001/0000  00000000 00000000 00000121 28100800
00:00:00.526356 Hst:                00000000 00000000 00000121 2c100800
00:00:00.526357 Gst: 80000002/0000  65746e49 2952286c 726f4320 4d542865
00:00:00.526358 Hst:                65746e49 2952286c 726f4320 4d542865
00:00:00.526360 Gst: 80000003/0000  35692029 3033372d 20514830 20555043
00:00:00.526361 Hst:                35692029 3033372d 20514830 20555043
00:00:00.526362 Gst: 80000004/0000  2e322040 48473035 0000007a 00000000
00:00:00.526362 Hst:                2e322040 48473035 0000007a 00000000
00:00:00.526363 Gst: 80000005/0000  00000000 00000000 00000000 00000000
00:00:00.526364 Hst:                00000000 00000000 00000000 00000000
00:00:00.526364 Gst: 80000006/0000  00000000 00000000 01006040 00000000
00:00:00.526365 Hst:                00000000 00000000 01006040 00000000
00:00:00.526366 Gst: 80000007/0000  00000000 00000000 00000000 00000100
00:00:00.526366 Hst:                00000000 00000000 00000000 00000100
00:00:00.526367 Gst: 80000008/0000  00003027 00000000 00000000 00000000
00:00:00.526368 Hst:                00003027 00000000 00000000 00000000
00:00:00.526368 Ext Name:                        
00:00:00.526369 Ext Supports:                    0x80000000-0x80000008
00:00:00.526369 Family:                          0  	Extended: 0 	Effective: 0
00:00:00.526370 Model:                           0  	Extended: 0 	Effective: 0
00:00:00.526370 Stepping:                        0
00:00:00.526371 Brand ID:                        0x000
00:00:00.526371 Ext Features
00:00:00.526371   Mnemonic - Description                                  = guest (host)
00:00:00.526372   FPU - x87 FPU on Chip                                   = 0 (0)
00:00:00.526373   VME - Virtual 8086 Mode Enhancements                    = 0 (0)
00:00:00.526373   DE - Debugging extensions                               = 0 (0)
00:00:00.526374   PSE - Page Size Extension                               = 0 (0)
00:00:00.526375   TSC - Time Stamp Counter                                = 0 (0)
00:00:00.526376   MSR - K86 Model Specific Registers                      = 0 (0)
00:00:00.526377   PAE - Physical Address Extension                        = 0 (0)
00:00:00.526377   MCE - Machine Check Exception                           = 0 (0)
00:00:00.526378   CX8 - CMPXCHG8B instruction                             = 0 (0)
00:00:00.526379   APIC - APIC On-Chip                                     = 0 (0)
00:00:00.526380   SEP - SYSCALL/SYSRET                                    = 1 (1)
00:00:00.526381   MTRR - Memory Type Range Registers                      = 0 (0)
00:00:00.526381   PGE - PTE Global Bit                                    = 0 (0)
00:00:00.526382   MCA - Machine Check Architecture                        = 0 (0)
00:00:00.526383   CMOV - Conditional Move instructions                    = 0 (0)
00:00:00.526384   PAT - Page Attribute Table                              = 0 (0)
00:00:00.526384   PSE-36 - 36-bit Page Size Extension                     = 0 (0)
00:00:00.526385   NX - No-Execute/Execute-Disable                         = 1 (1)
00:00:00.526386   AXMMX - AMD Extensions to MMX instructions              = 0 (0)
00:00:00.526387   MMX - Intel MMX Technology                              = 0 (0)
00:00:00.526387   FXSR - FXSAVE and FXRSTOR Instructions                  = 0 (0)
00:00:00.526388   FFXSR - AMD fast FXSAVE and FXRSTOR instructions        = 0 (0)
00:00:00.526389   Page1GB - 1 GB large page                               = 0 (1)
00:00:00.526389   RDTSCP - RDTSCP instruction                             = 1 (1)
00:00:00.526390   LM - AMD64 Long Mode                                    = 1 (1)
00:00:00.526391   3DNOWEXT - AMD Extensions to 3DNow                      = 0 (0)
00:00:00.526392   3DNOW - AMD 3DNow                                       = 0 (0)
00:00:00.526393   LahfSahf - LAHF/SAHF support in 64-bit mode             = 1 (1)
00:00:00.526394   CmpLegacy - Core multi-processing legacy mode           = 0 (0)
00:00:00.526394   SVM - AMD Secure Virtual Machine extensions             = 0 (0)
00:00:00.526395   EXTAPIC - AMD Extended APIC registers                   = 0 (0)
00:00:00.526395   CR8L - AMD LOCK MOV CR0 means MOV CR8                   = 0 (0)
00:00:00.526396   ABM - AMD Advanced Bit Manipulation                     = 1 (1)
00:00:00.526397   SSE4A - SSE4A instructions                              = 0 (0)
00:00:00.526398   MISALIGNSSE - AMD Misaligned SSE mode                   = 0 (0)
00:00:00.526398   3DNOWPRF - AMD PREFETCH and PREFETCHW instructions      = 1 (1)
00:00:00.526399   OSVW - AMD OS Visible Workaround                        = 0 (0)
00:00:00.526400   IBS - Instruct Based Sampling                           = 0 (0)
00:00:00.526400   XOP - Extended Operation support                        = 0 (0)
00:00:00.526401   SKINIT - SKINIT, STGI, and DEV support                  = 0 (0)
00:00:00.526402   WDT - AMD Watchdog Timer support                        = 0 (0)
00:00:00.526403   LWP - Lightweight Profiling support                     = 0 (0)
00:00:00.526403   FMA4 - Four operand FMA instruction support             = 0 (0)
00:00:00.526404   NodeId - NodeId in MSR C001_100C                        = 0 (0)
00:00:00.526405   TBM - Trailing Bit Manipulation instructions            = 0 (0)
00:00:00.526405   TOPOEXT - Topology Extensions                           = 0 (0)
00:00:00.526406   PRFEXTCORE - Performance Counter Extensions support     = 0 (0)
00:00:00.526407   PRFEXTNB - NB Performance Counter Extensions support    = 0 (0)
00:00:00.526407   DATABPEXT - Data-access Breakpoint Extension            = 0 (0)
00:00:00.526408   PERFTSC - Performance Time Stamp Counter                = 0 (0)
00:00:00.526409   PCX_L2I - L2I/L3 Performance Counter Extensions         = 0 (0)
00:00:00.526409   MWAITX - MWAITX and MONITORX instructions               = 0 (0)
00:00:00.526410 Full Name:                       "Intel(R) Core(TM) i5-7300HQ CPU @ 2.50GHz"
00:00:00.526411 TLB 2/4M Instr/Uni:              res0     0 entries
00:00:00.526411 TLB 2/4M Data:                   res0     0 entries
00:00:00.526412 TLB 4K Instr/Uni:                res0     0 entries
00:00:00.526412 TLB 4K Data:                     res0     0 entries
00:00:00.526413 L1 Instr Cache Line Size:        0 bytes
00:00:00.526413 L1 Instr Cache Lines Per Tag:    0
00:00:00.526413 L1 Instr Cache Associativity:    res0  
00:00:00.526414 L1 Instr Cache Size:             0 KB
00:00:00.526414 L1 Data Cache Line Size:         0 bytes
00:00:00.526414 L1 Data Cache Lines Per Tag:     0
00:00:00.526414 L1 Data Cache Associativity:     res0  
00:00:00.526415 L1 Data Cache Size:              0 KB
00:00:00.526415 L2 TLB 2/4M Instr/Uni:           off       0 entries
00:00:00.526416 L2 TLB 2/4M Data:                off       0 entries
00:00:00.526416 L2 TLB 4K Instr/Uni:             off       0 entries
00:00:00.526417 L2 TLB 4K Data:                  off       0 entries
00:00:00.526417 L2 Cache Line Size:              0 bytes
00:00:00.526417 L2 Cache Lines Per Tag:          0
00:00:00.526418 L2 Cache Associativity:          off   
00:00:00.526418 L2 Cache Size:                   0 KB
00:00:00.526418   TS - Temperature Sensor                                 = 0 (0)
00:00:00.526419   FID - Frequency ID control                              = 0 (0)
00:00:00.526420   VID - Voltage ID control                                = 0 (0)
00:00:00.526421   TscInvariant - Invariant Time Stamp Counter             = 1 (1)
00:00:00.526422   CBP - Core Performance Boost                            = 0 (0)
00:00:00.526422   EffFreqRO - Read-only Effective Frequency Interface     = 0 (0)
00:00:00.526423   ProcFdbkIf - Processor Feedback Interface               = 0 (0)
00:00:00.526424   ProcPwrRep - Core power reporting interface support     = 0 (0)
00:00:00.526425 Physical Address Width:          39 bits
00:00:00.526425 Virtual Address Width:           48 bits
00:00:00.526425 Guest Physical Address Width:    0 bits
00:00:00.526426 Physical Core Count:             1
00:00:00.526427 
00:00:00.526427 ******************** End of CPUID dump **********************
00:00:00.526428 *********************** VT-x features ***********************
00:00:00.526428 Nested hardware virtualization - VMX features
00:00:00.526429   Mnemonic - Description                                  = guest (host)
00:00:00.526429   VMX - Virtual-Machine Extensions                        = 0 (1)
00:00:00.526430   InsOutInfo - INS/OUTS instruction info.                 = 0 (1)
00:00:00.526430   ExtIntExit - External interrupt exiting                 = 0 (1)
00:00:00.526431   NmiExit - NMI exiting                                   = 0 (1)
00:00:00.526431   VirtNmi - Virtual NMIs                                  = 0 (1)
00:00:00.526431   PreemptTimer - VMX preemption timer                     = 0 (1)
00:00:00.526432   PostedInt - Posted interrupts                           = 0 (0)
00:00:00.526432   IntWindowExit - Interrupt-window exiting                = 0 (1)
00:00:00.526433   TscOffsetting - TSC offsetting                          = 0 (1)
00:00:00.526433   HltExit - HLT exiting                                   = 0 (1)
00:00:00.526433   InvlpgExit - INVLPG exiting                             = 0 (1)
00:00:00.526434   MwaitExit - MWAIT exiting                               = 0 (1)
00:00:00.526434   RdpmcExit - RDPMC exiting                               = 0 (1)
00:00:00.526435   RdtscExit - RDTSC exiting                               = 0 (1)
00:00:00.526435   Cr3LoadExit - CR3-load exiting                          = 0 (1)
00:00:00.526435   Cr3StoreExit - CR3-store exiting                        = 0 (1)
00:00:00.526436   Cr8LoadExit  - CR8-load exiting                         = 0 (1)
00:00:00.526436   Cr8StoreExit - CR8-store exiting                        = 0 (1)
00:00:00.526437   UseTprShadow - Use TPR shadow                           = 0 (1)
00:00:00.526437   NmiWindowExit - NMI-window exiting                      = 0 (1)
00:00:00.526437   MovDRxExit - Mov-DR exiting                             = 0 (1)
00:00:00.526438   UncondIoExit - Unconditional I/O exiting                = 0 (1)
00:00:00.526438   UseIoBitmaps - Use I/O bitmaps                          = 0 (1)
00:00:00.526439   MonitorTrapFlag - Monitor Trap Flag                     = 0 (1)
00:00:00.526439   UseMsrBitmaps - MSR bitmaps                             = 0 (1)
00:00:00.526439   MonitorExit - MONITOR exiting                           = 0 (1)
00:00:00.526440   PauseExit - PAUSE exiting                               = 0 (1)
00:00:00.526440   SecondaryExecCtl - Activate secondary controls          = 0 (1)
00:00:00.526441   VirtApic - Virtualize-APIC accesses                     = 0 (1)
00:00:00.526441   Ept - Extended Page Tables                              = 0 (1)
00:00:00.526441   DescTableExit - Descriptor-table exiting                = 0 (1)
00:00:00.526442   Rdtscp - Enable RDTSCP                                  = 0 (1)
00:00:00.526442   VirtX2ApicMode - Virtualize-x2APIC mode                 = 0 (1)
00:00:00.526443   Vpid - Enable VPID                                      = 0 (1)
00:00:00.526443   WbinvdExit - WBINVD exiting                             = 0 (1)
00:00:00.526443   UnrestrictedGuest - Unrestricted guest                  = 0 (1)
00:00:00.526444   ApicRegVirt - APIC-register virtualization              = 0 (0)
00:00:00.526444   VirtIntDelivery - Virtual-interrupt delivery            = 0 (0)
00:00:00.526445   PauseLoopExit - PAUSE-loop exiting                      = 0 (1)
00:00:00.526445   RdrandExit - RDRAND exiting                             = 0 (1)
00:00:00.526445   Invpcid - Enable INVPCID                                = 0 (1)
00:00:00.526446   VmFuncs - Enable VM Functions                           = 0 (1)
00:00:00.526446   VmcsShadowing - VMCS shadowing                          = 0 (0)
00:00:00.526447   RdseedExiting - RDSEED exiting                          = 0 (1)
00:00:00.526447   PML - Page-Modification Log (PML)                       = 0 (1)
00:00:00.526447   EptVe - EPT violations can cause #VE                    = 0 (1)
00:00:00.526448   XsavesXRstors - Enable XSAVES/XRSTORS                   = 0 (1)
00:00:00.526448   EntryLoadDebugCtls - Load debug controls on VM-entry    = 0 (1)
00:00:00.526449   Ia32eModeGuest - IA-32e mode guest                      = 0 (1)
00:00:00.526449   EntryLoadEferMsr - Load IA32_EFER MSR on VM-entry       = 0 (1)
00:00:00.526449   EntryLoadPatMsr - Load IA32_PAT MSR on VM-entry         = 0 (1)
00:00:00.526450   ExitSaveDebugCtls - Save debug controls on VM-exit      = 0 (1)
00:00:00.526450   HostAddrSpaceSize - Host address-space size             = 0 (1)
00:00:00.526451   ExitAckExtInt - Acknowledge interrupt on VM-exit        = 0 (1)
00:00:00.526451   ExitSavePatMsr - Save IA32_PAT MSR on VM-exit           = 0 (1)
00:00:00.526451   ExitLoadPatMsr - Load IA32_PAT MSR on VM-exit           = 0 (1)
00:00:00.526452   ExitSaveEferMsr - Save IA32_EFER MSR on VM-exit         = 0 (1)
00:00:00.526452   ExitLoadEferMsr - Load IA32_EFER MSR on VM-exit         = 0 (1)
00:00:00.526452   SavePreemptTimer - Save VMX-preemption timer            = 0 (1)
00:00:00.526453   ExitSaveEferLma - Save IA32_EFER.LMA on VM-exit         = 0 (1)
00:00:00.526453   IntelPt - Intel PT (Processor Trace) in VMX operation   = 0 (1)
00:00:00.526454   VmwriteAll - VMWRITE to any supported VMCS field        = 0 (1)
00:00:00.526454   EntryInjectSoftInt - Inject softint. with 0-len instr.  = 0 (1)
00:00:00.526455 
00:00:00.526455 ******************* End of VT-x features ********************
00:00:00.526470 VMEmt: Halt method global1 (5)
00:00:00.526496 VMEmt: HaltedGlobal1 config: cNsSpinBlockThresholdCfg=2000
00:00:00.526501 Changing the VM state from 'CREATING' to 'CREATED'
00:00:00.528666 Changing the VM state from 'CREATED' to 'POWERING_ON'
00:00:00.528701 AIOMgr: Endpoints without assigned bandwidth groups:
00:00:00.528705 AIOMgr:     /home/vamsi/Documents/Acads/Sem 7/Computer Networks/Lab/Lab10/lab10_network/VMImages/h2/Snapshots/{a52678ea-7277-4541-8ef7-7de3ae5f7645}.vdi
00:00:00.528707 AIOMgr:     /home/vamsi/Documents/Acads/Sem 7/Computer Networks/Lab/Lab10/lab10_network/VMImages/base/Snapshots/{8f83ab64-891d-4e29-8532-09d2e668c3dd}.vdi
00:00:00.528710 AIOMgr:     /home/vamsi/Documents/Acads/Sem 7/Computer Networks/Lab/Lab10/lab10_network/VMImages/base/base.vdi
00:00:00.530471 Changing the VM state from 'POWERING_ON' to 'RUNNING'
00:00:00.530485 Console: Machine state changed to 'Running'
00:00:00.531869 VMMDev: Guest Log: BIOS: VirtualBox 6.1.26
00:00:00.531928 PCI: Setting up resources and interrupts
00:00:00.532213 PIT: mode=2 count=0x10000 (65536) - 18.20 Hz (ch=0)
00:00:00.537848 VBoxHeadless: starting event loop
00:00:00.549285 Display::i_handleDisplayResize: uScreenId=0 pvVRAM=0000000000000000 w=720 h=400 bpp=0 cbLine=0x0 flags=0x0 origin=0,0
00:00:00.549580 VMMDev: Guest Log: CPUID EDX: 0x178bfbff
00:00:00.549634 PIIX3 ATA: Ctl#0: RESET, DevSel=0 AIOIf=0 CmdIf0=0x00 (-1 usec ago) CmdIf1=0x00 (-1 usec ago)
00:00:00.549748 PIIX3 ATA: Ctl#0: finished processing RESET
00:00:00.550463 AHCI#0: Reset the HBA
00:00:00.550471 VD#0: Cancelling all active requests
00:00:00.550514 AHCI#0: Port 0 reset
00:00:00.550537 VD#0: Cancelling all active requests
00:00:00.551061 VMMDev: Guest Log: BIOS: AHCI 0-P#0: PCHS=2212/16/63 LCHS=553/64/63 0x00000000002205c6 sectors
00:00:00.552163 PIT: mode=2 count=0x48d3 (18643) - 64.00 Hz (ch=0)
00:00:00.583516 Display::i_handleDisplayResize: uScreenId=0 pvVRAM=00007fe2af000000 w=640 h=480 bpp=32 cbLine=0xA00 flags=0x0 origin=0,0
00:00:03.030721 PIT: mode=2 count=0x10000 (65536) - 18.20 Hz (ch=0)
00:00:03.030973 VMMDev: Guest Log: BIOS: Boot : bseqnr=1, bootseq=0231
00:00:03.031202 VMMDev: Guest Log: BIOS: Boot from Floppy 0 failed
00:00:03.031399 VMMDev: Guest Log: BIOS: Boot : bseqnr=2, bootseq=0023
00:00:03.031820 VMMDev: Guest Log: BIOS: CDROM boot failure code : 0003
00:00:03.031979 VMMDev: Guest Log: BIOS: Boot from CD-ROM failed
00:00:03.032167 VMMDev: Guest Log: BIOS: Boot : bseqnr=3, bootseq=0002
00:00:03.086802 Display::i_handleDisplayResize: uScreenId=0 pvVRAM=0000000000000000 w=720 h=400 bpp=0 cbLine=0x0 flags=0x0 origin=0,0
00:00:03.113511 VMMDev: Guest Log: BIOS: Booting from Hard Disk...
00:00:06.431196 VMMDev: Guest Log: BIOS: KBD: unsupported int 16h function 03
00:00:06.431443 VMMDev: Guest Log: BIOS: AX=0305 BX=0000 CX=0000 DX=0000 
00:00:06.533729 GIM: KVM: VCPU  0: Enabled system-time struct. at 0x00000000008d1000 - u32TscScale=0xcfae0b38 i8TscShift=-1 uVersion=2 fFlags=0x1 uTsc=0x3721e1339 uVirtNanoTS=0x165cf0450 TscKHz=2465332
00:00:06.533772 TM: Switching TSC mode from 'Dynamic' to 'RealTscOffset'
00:00:06.555187 GIM: KVM: Enabled wall-clock struct. at 0x00000000008d0004 - u32Sec=1637299357 u32Nano=335223391 uVersion=2
00:00:06.562191 PIT: mode=2 count=0xf89 (3977) - 300.02 Hz (ch=0)
00:00:06.672837 PIT: mode=0 count=0x10000 (65536) - 18.20 Hz (ch=0)
00:00:06.736539 OHCI: Software reset
00:00:06.885763 AHCI#0: Reset the HBA
00:00:06.885783 VD#0: Cancelling all active requests
00:00:06.886520 AHCI#0: Port 0 reset
00:00:06.887604 OHCI: USB Reset
00:00:06.887791 VD#0: Cancelling all active requests
00:00:06.887960 PIIX3 ATA: Ctl#0: RESET, DevSel=0 AIOIf=0 CmdIf0=0xa0 (-1 usec ago) CmdIf1=0x00 (-1 usec ago)
00:00:06.888075 PIIX3 ATA: Ctl#0: finished processing RESET
00:00:06.975099 OHCI: Software reset
00:00:06.975379 OHCI: USB Operational
00:00:07.429842 VMMDev: Guest Log: vboxguest: host-version: 6.1.26r145957 0x8000000f
00:00:07.429889 VMMDev: Guest Additions information report: Version 5.2.0 r68940 '5.2.0'
00:00:07.429910 VMMDev: Guest Additions information report: Interface = 0x00010004 osType = 0x00053000 (Linux >= 2.6, 32-bit)
00:00:07.429971 VMMDev: Guest Additions capability report: (0x0 -> 0x0) seamless: no, hostWindowMapping: no, graphics: no
00:00:07.430016 VMMDev: vmmDevReqHandler_HeartbeatConfigure: No change (fHeartbeatActive=false)
00:00:07.430060 VMMDev: Heartbeat flatline timer set to trigger after 4 000 000 000 ns
00:00:07.430577 VMMDev: Guest Log: vbg_heartbeat_init: Setting up heartbeat to trigger every 2000 milliseconds
00:00:07.431627 VMMDev: Guest Log: vboxguest: misc device minor 56, IRQ 20, I/O port d040, MMIO at 0xf0400000 (size 0x00400000)
00:00:10.803532 NAT: Link up
00:00:11.430194 VMMDev: vmmDevHeartbeatFlatlinedTimer: Guest seems to be unresponsive. Last heartbeat received 4 seconds ago
00:00:18.629871 NAT: resolv.conf: nameserver 127.0.0.53
00:00:18.629916 NAT: DNS server 127.0.0.53 registration detected, switching to the DNS proxy
00:00:18.629924 NAT: DNS#0: 127.0.0.53
00:00:18.629931 NAT: DHCP offered IP address 10.0.2.15
00:00:18.630261 NAT: DHCP offered IP address 10.0.2.15
00:01:07.360336 NAT: Old socket recv size: 128KB
00:01:07.360361 NAT: Old socket send size: 128KB
00:05:16.482679 VMMDev: GuestHeartBeat: Guest is alive (gone 309 052 621 394 ns)
11:51:28.473805 NAT: resolv.conf: nameserver 127.0.0.53
11:51:28.473841 NAT: DNS#0: 127.0.0.53
11:51:28.473849 NAT: DHCP offered IP address 10.0.2.15
