00:00:00.011823 VirtualBox VM 6.1.26 r145957 linux.amd64 (Jul 28 2021 20:08:35) release log
00:00:00.011825 Log opened 2021-10-31T05:52:41.680614000Z
00:00:00.011826 Build Type: release
00:00:00.011828 OS Product: Linux
00:00:00.011829 OS Release: 5.4.0-89-generic
00:00:00.011830 OS Version: #100~18.04.1-Ubuntu SMP Wed Sep 29 10:59:42 UTC 2021
00:00:00.011847 DMI Product Name: Predator G9-593
00:00:00.011852 DMI Product Version: V1.13
00:00:00.011858 Firmware type: UEFI
00:00:00.012511 Secure Boot: Disabled
00:00:00.012568 Host RAM: 15952MB (15.5GB) total, 11286MB (11.0GB) available
00:00:00.012572 Executable: /usr/lib/virtualbox/VBoxHeadless
00:00:00.012572 Process ID: 30361
00:00:00.012573 Package type: LINUX_64BITS_UBUNTU_18_04
00:00:00.033463 Installed Extension Packs:
00:00:00.033481   None installed!
00:00:00.034524 Console: Machine state changed to 'Starting'
00:00:00.084785 SUP: Opened VMMR0.r0 (/usr/lib/virtualbox/VMMR0.r0) at 0xXXXXXXXXXXXXXXXX.
00:00:00.086544 Guest OS type: 'Ubuntu_64'
00:00:00.088253 fHMForced=true - No raw-mode support in this build!
00:00:00.096517 File system of '/home/vamsi/Documents/Acads/Sem 7/Computer Networks/Lab/Lab8/lab8_network/VMImages/h3/Snapshots' (snapshots) is ext4
00:00:00.097072 File system of '/home/vamsi/Documents/Acads/Sem 7/Computer Networks/Lab/Lab8/lab8_network/VMImages/h3/Snapshots/{02ffefb6-eda2-4ed4-8873-dda50f8bdeb1}.vdi' is ext4
00:00:00.125290 Shared Clipboard: Service loaded
00:00:00.125308 Shared Clipboard: Mode: Off
00:00:00.126240 Shared Clipboard: Service running in headless mode
00:00:00.127599 Drag and drop service loaded
00:00:00.127610 Drag and drop mode: Off
00:00:00.130761 ************************* CFGM dump *************************
00:00:00.130766 [/] (level 0)
00:00:00.130773   CpuExecutionCap   <integer> = 0x0000000000000064 (100)
00:00:00.130782   EnablePAE         <integer> = 0x0000000000000000 (0)
00:00:00.130783   HMEnabled         <integer> = 0x0000000000000001 (1)
00:00:00.130784   MemBalloonSize    <integer> = 0x0000000000000000 (0)
00:00:00.130784   Name              <string>  = "h3" (cb=3)
00:00:00.130785   NumCPUs           <integer> = 0x0000000000000001 (1)
00:00:00.130786   PageFusionAllowed <integer> = 0x0000000000000000 (0)
00:00:00.130786   RamHoleSize       <integer> = 0x0000000020000000 (536 870 912, 512 MB)
00:00:00.130788   RamSize           <integer> = 0x0000000040000000 (1 073 741 824, 1 024 MB)
00:00:00.130789   TimerMillies      <integer> = 0x000000000000000a (10)
00:00:00.130790   UUID              <bytes>   = "db 10 f5 08 f7 c3 e1 4a 8a 97 0d 3a b3 64 9e 5e" (cb=16)
00:00:00.130793 
00:00:00.130795 [/CPUM/] (level 1)
00:00:00.130796   GuestCpuName       <string>  = "host" (cb=5)
00:00:00.130797   NestedHWVirt       <integer> = 0x0000000000000000 (0)
00:00:00.130797   PortableCpuIdLevel <integer> = 0x0000000000000000 (0)
00:00:00.130798   SpecCtrl           <integer> = 0x0000000000000000 (0)
00:00:00.130798 
00:00:00.130799 [/CPUM/IsaExts/] (level 2)
00:00:00.130800 
00:00:00.130802 [/DBGC/] (level 1)
00:00:00.130803   GlobalInitScript <string>  = "/home/vamsi/.config/VirtualBox/dbgc-init" (cb=41)
00:00:00.130803   HistoryFile      <string>  = "/home/vamsi/.config/VirtualBox/dbgc-history" (cb=44)
00:00:00.130804   LocalInitScript  <string>  = "/home/vamsi/Documents/Acads/Sem 7/Computer Networks/Lab/Lab8/lab8_network/VMImages/h3/dbgc-init" (cb=96)
00:00:00.130804 
00:00:00.130805 [/DBGF/] (level 1)
00:00:00.130805   Path <string>  = "/home/vamsi/Documents/Acads/Sem 7/Computer Networks/Lab/Lab8/lab8_network/VMImages/h3/debug/;/home/vamsi/Documents/Acads/Sem 7/Computer Networks/Lab/Lab8/lab8_network/VMImages/h3/;cache*/home/vamsi/Documents/Acads/Sem 7/Computer Networks/Lab/Lab8/lab8_network/VMImages/h3/dbgcache/;/home/vamsi/" (cb=295)
00:00:00.130806 
00:00:00.130806 [/Devices/] (level 1)
00:00:00.130807 
00:00:00.130807 [/Devices/8237A/] (level 2)
00:00:00.130808 
00:00:00.130808 [/Devices/8237A/0/] (level 3)
00:00:00.130809   Trusted <integer> = 0x0000000000000001 (1)
00:00:00.130810 
00:00:00.130810 [/Devices/GIMDev/] (level 2)
00:00:00.130811 
00:00:00.130811 [/Devices/GIMDev/0/] (level 3)
00:00:00.130812   Trusted <integer> = 0x0000000000000001 (1)
00:00:00.130812 
00:00:00.130812 [/Devices/VMMDev/] (level 2)
00:00:00.130813 
00:00:00.130813 [/Devices/VMMDev/0/] (level 3)
00:00:00.130814   PCIBusNo      <integer> = 0x0000000000000000 (0)
00:00:00.130815   PCIDeviceNo   <integer> = 0x0000000000000004 (4)
00:00:00.130815   PCIFunctionNo <integer> = 0x0000000000000000 (0)
00:00:00.130816   Trusted       <integer> = 0x0000000000000001 (1)
00:00:00.130816 
00:00:00.130817 [/Devices/VMMDev/0/Config/] (level 4)
00:00:00.130818   GuestCoreDumpDir <string>  = "/home/vamsi/Documents/Acads/Sem 7/Computer Networks/Lab/Lab8/lab8_network/VMImages/h3/Snapshots" (cb=96)
00:00:00.130818 
00:00:00.130818 [/Devices/VMMDev/0/LUN#0/] (level 4)
00:00:00.130819   Driver <string>  = "HGCM" (cb=5)
00:00:00.130820 
00:00:00.130820 [/Devices/VMMDev/0/LUN#0/Config/] (level 5)
00:00:00.130821   Object <integer> = 0x00007fdd28000b70 (140 587 835 591 536)
00:00:00.130822 
00:00:00.130822 [/Devices/VMMDev/0/LUN#999/] (level 4)
00:00:00.130823   Driver <string>  = "MainStatus" (cb=11)
00:00:00.130824 
00:00:00.130824 [/Devices/VMMDev/0/LUN#999/Config/] (level 5)
00:00:00.130825   First   <integer> = 0x0000000000000000 (0)
00:00:00.130826   Last    <integer> = 0x0000000000000000 (0)
00:00:00.130826   papLeds <integer> = 0x00007fdd240027b8 (140 587 768 489 912)
00:00:00.130827 
00:00:00.130828 [/Devices/acpi/] (level 2)
00:00:00.130828 
00:00:00.130829 [/Devices/acpi/0/] (level 3)
00:00:00.130829   PCIBusNo      <integer> = 0x0000000000000000 (0)
00:00:00.130830   PCIDeviceNo   <integer> = 0x0000000000000007 (7)
00:00:00.130830   PCIFunctionNo <integer> = 0x0000000000000000 (0)
00:00:00.130831   Trusted       <integer> = 0x0000000000000001 (1)
00:00:00.130832 
00:00:00.130832 [/Devices/acpi/0/Config/] (level 4)
00:00:00.130833   CpuHotPlug          <integer> = 0x0000000000000000 (0)
00:00:00.130833   FdcEnabled          <integer> = 0x0000000000000000 (0)
00:00:00.130834   HostBusPciAddress   <integer> = 0x0000000000000000 (0)
00:00:00.130835   HpetEnabled         <integer> = 0x0000000000000000 (0)
00:00:00.130835   IOAPIC              <integer> = 0x0000000000000001 (1)
00:00:00.130836   IocPciAddress       <integer> = 0x0000000000010000 (65 536)
00:00:00.130837   NumCPUs             <integer> = 0x0000000000000001 (1)
00:00:00.130837   Parallel0IoPortBase <integer> = 0x0000000000000000 (0)
00:00:00.130838   Parallel0Irq        <integer> = 0x0000000000000000 (0)
00:00:00.130839   Parallel1IoPortBase <integer> = 0x0000000000000000 (0)
00:00:00.130839   Parallel1Irq        <integer> = 0x0000000000000000 (0)
00:00:00.130840   Serial0IoPortBase   <integer> = 0x0000000000000000 (0)
00:00:00.130840   Serial0Irq          <integer> = 0x0000000000000000 (0)
00:00:00.130841   Serial1IoPortBase   <integer> = 0x0000000000000000 (0)
00:00:00.130841   Serial1Irq          <integer> = 0x0000000000000000 (0)
00:00:00.130842   ShowCpu             <integer> = 0x0000000000000001 (1)
00:00:00.130842   ShowRtc             <integer> = 0x0000000000000000 (0)
00:00:00.130843   SmcEnabled          <integer> = 0x0000000000000000 (0)
00:00:00.130844 
00:00:00.130844 [/Devices/acpi/0/LUN#0/] (level 4)
00:00:00.130845   Driver <string>  = "ACPIHost" (cb=9)
00:00:00.130845 
00:00:00.130845 [/Devices/acpi/0/LUN#0/Config/] (level 5)
00:00:00.130846 
00:00:00.130847 [/Devices/ahci/] (level 2)
00:00:00.130847 
00:00:00.130848 [/Devices/ahci/0/] (level 3)
00:00:00.130848   PCIBusNo      <integer> = 0x0000000000000000 (0)
00:00:00.130849   PCIDeviceNo   <integer> = 0x000000000000000d (13)
00:00:00.130850   PCIFunctionNo <integer> = 0x0000000000000000 (0)
00:00:00.130850   Trusted       <integer> = 0x0000000000000001 (1)
00:00:00.130851 
00:00:00.130851 [/Devices/ahci/0/Config/] (level 4)
00:00:00.130852   Bootable  <integer> = 0x0000000000000001 (1)
00:00:00.130852   PortCount <integer> = 0x0000000000000001 (1)
00:00:00.130853 
00:00:00.130853 [/Devices/ahci/0/Config/Port0/] (level 5)
00:00:00.130854   Hotpluggable <integer> = 0x0000000000000000 (0)
00:00:00.130855 
00:00:00.130855 [/Devices/ahci/0/LUN#0/] (level 4)
00:00:00.130856   Driver <string>  = "VD" (cb=3)
00:00:00.130856 
00:00:00.130856 [/Devices/ahci/0/LUN#0/Config/] (level 5)
00:00:00.130858   BlockCache <integer> = 0x0000000000000001 (1)
00:00:00.130858   Format     <string>  = "VDI" (cb=4)
00:00:00.130859   Mountable  <integer> = 0x0000000000000000 (0)
00:00:00.130860   Path       <string>  = "/home/vamsi/Documents/Acads/Sem 7/Computer Networks/Lab/Lab8/lab8_network/VMImages/h3/Snapshots/{02ffefb6-eda2-4ed4-8873-dda50f8bdeb1}.vdi" (cb=139)
00:00:00.130860   Type       <string>  = "HardDisk" (cb=9)
00:00:00.130861   UseNewIo   <integer> = 0x0000000000000001 (1)
00:00:00.130861 
00:00:00.130862 [/Devices/ahci/0/LUN#0/Config/Parent/] (level 6)
00:00:00.130863   Format <string>  = "VDI" (cb=4)
00:00:00.130863   Path   <string>  = "/home/vamsi/Documents/Acads/Sem 7/Computer Networks/Lab/Lab8/lab8_network/VMImages/base/Snapshots/{ca230307-de07-4ee1-b500-8daa8ed4ebc4}.vdi" (cb=141)
00:00:00.130864 
00:00:00.130864 [/Devices/ahci/0/LUN#0/Config/Parent/Parent/] (level 7)
00:00:00.130865   Format <string>  = "VDI" (cb=4)
00:00:00.130866   Path   <string>  = "/home/vamsi/Documents/Acads/Sem 7/Computer Networks/Lab/Lab8/lab8_network/VMImages/base/Snapshots/{8f83ab64-891d-4e29-8532-09d2e668c3dd}.vdi" (cb=141)
00:00:00.130866 
00:00:00.130867 [/Devices/ahci/0/LUN#0/Config/Parent/Parent/Parent/] (level 8)
00:00:00.130868   Format <string>  = "VDI" (cb=4)
00:00:00.130868   Path   <string>  = "/home/vamsi/Documents/Acads/Sem 7/Computer Networks/Lab/Lab8/lab8_network/VMImages/base/base.vdi" (cb=97)
00:00:00.130869 
00:00:00.130869 [/Devices/ahci/0/LUN#0/Config/Parent/Parent/Parent/VDConfig/] (level 9)
00:00:00.130871   AllocationBlockSize <string>  = "1048576" (cb=8)
00:00:00.130871 
00:00:00.130871 [/Devices/ahci/0/LUN#0/Config/Parent/Parent/VDConfig/] (level 8)
00:00:00.130873   AllocationBlockSize <string>  = "1048576" (cb=8)
00:00:00.130873 
00:00:00.130873 [/Devices/ahci/0/LUN#0/Config/Parent/VDConfig/] (level 7)
00:00:00.130874   AllocationBlockSize <string>  = "1048576" (cb=8)
00:00:00.130875 
00:00:00.130875 [/Devices/ahci/0/LUN#0/Config/VDConfig/] (level 6)
00:00:00.130876   AllocationBlockSize <string>  = "1048576" (cb=8)
00:00:00.130876 
00:00:00.130877 [/Devices/ahci/0/LUN#999/] (level 4)
00:00:00.130877   Driver <string>  = "MainStatus" (cb=11)
00:00:00.130878 
00:00:00.130878 [/Devices/ahci/0/LUN#999/Config/] (level 5)
00:00:00.130879   DeviceInstance        <string>  = "ahci/0" (cb=7)
00:00:00.130880   First                 <integer> = 0x0000000000000000 (0)
00:00:00.130881   Last                  <integer> = 0x0000000000000000 (0)
00:00:00.130881   pConsole              <integer> = 0x00007fdd240013e0 (140 587 768 484 832)
00:00:00.130883   papLeds               <integer> = 0x00007fdd24001bc0 (140 587 768 486 848)
00:00:00.130884   pmapMediumAttachments <integer> = 0x00007fdd240027d8 (140 587 768 489 944)
00:00:00.130885 
00:00:00.130885 [/Devices/apic/] (level 2)
00:00:00.130886 
00:00:00.130886 [/Devices/apic/0/] (level 3)
00:00:00.130887   Trusted <integer> = 0x0000000000000001 (1)
00:00:00.130888 
00:00:00.130888 [/Devices/apic/0/Config/] (level 4)
00:00:00.130889   IOAPIC  <integer> = 0x0000000000000001 (1)
00:00:00.130889   Mode    <integer> = 0x0000000000000003 (3)
00:00:00.130890   NumCPUs <integer> = 0x0000000000000001 (1)
00:00:00.130890 
00:00:00.130891 [/Devices/e1000/] (level 2)
00:00:00.130891 
00:00:00.130892 [/Devices/e1000/0/] (level 3)
00:00:00.130892   PCIBusNo      <integer> = 0x0000000000000000 (0)
00:00:00.130893   PCIDeviceNo   <integer> = 0x0000000000000003 (3)
00:00:00.130893   PCIFunctionNo <integer> = 0x0000000000000000 (0)
00:00:00.130894   Trusted       <integer> = 0x0000000000000001 (1)
00:00:00.130895 
00:00:00.130895 [/Devices/e1000/0/Config/] (level 4)
00:00:00.130896   AdapterType    <integer> = 0x0000000000000000 (0)
00:00:00.130896   CableConnected <integer> = 0x0000000000000001 (1)
00:00:00.130897   LineSpeed      <integer> = 0x0000000000000000 (0)
00:00:00.130897   MAC            <bytes>   = "08 00 27 86 f0 a4" (cb=6)
00:00:00.130898 
00:00:00.130899 [/Devices/e1000/0/LUN#0/] (level 4)
00:00:00.130900   Driver <string>  = "NAT" (cb=4)
00:00:00.130900 
00:00:00.130900 [/Devices/e1000/0/LUN#0/Config/] (level 5)
00:00:00.130901   AliasMode       <integer> = 0x0000000000000000 (0)
00:00:00.130902   BootFile        <string>  = "h3.pxe" (cb=7)
00:00:00.130903   DNSProxy        <integer> = 0x0000000000000000 (0)
00:00:00.130903   Network         <string>  = "10.0.2.0/24" (cb=12)
00:00:00.130904   PassDomain      <integer> = 0x0000000000000001 (1)
00:00:00.130904   TFTPPrefix      <string>  = "/home/vamsi/.config/VirtualBox/TFTP" (cb=36)
00:00:00.130905   UseHostResolver <integer> = 0x0000000000000000 (0)
00:00:00.130905 
00:00:00.130906 [/Devices/e1000/0/LUN#0/Config/PortForwarding/] (level 6)
00:00:00.130907 
00:00:00.130907 [/Devices/e1000/0/LUN#0/Config/PortForwarding/0/] (level 7)
00:00:00.130908   GuestPort <integer> = 0x0000000000000016 (22)
00:00:00.130909   HostPort  <integer> = 0x00000000000038a7 (14 503)
00:00:00.130910   Name      <string>  = "ssh" (cb=4)
00:00:00.130910   Protocol  <string>  = "TCP" (cb=4)
00:00:00.130911 
00:00:00.130911 [/Devices/e1000/0/LUN#999/] (level 4)
00:00:00.130912   Driver <string>  = "MainStatus" (cb=11)
00:00:00.130912 
00:00:00.130913 [/Devices/e1000/0/LUN#999/Config/] (level 5)
00:00:00.130914   First   <integer> = 0x0000000000000000 (0)
00:00:00.130914   Last    <integer> = 0x0000000000000000 (0)
00:00:00.130915   papLeds <integer> = 0x00007fdd24002698 (140 587 768 489 624)
00:00:00.130916 
00:00:00.130916 [/Devices/e1000/1/] (level 3)
00:00:00.130917   PCIBusNo      <integer> = 0x0000000000000000 (0)
00:00:00.130917   PCIDeviceNo   <integer> = 0x0000000000000008 (8)
00:00:00.130918   PCIFunctionNo <integer> = 0x0000000000000000 (0)
00:00:00.130919   Trusted       <integer> = 0x0000000000000001 (1)
00:00:00.130919 
00:00:00.130919 [/Devices/e1000/1/Config/] (level 4)
00:00:00.130921   AdapterType    <integer> = 0x0000000000000000 (0)
00:00:00.130921   CableConnected <integer> = 0x0000000000000001 (1)
00:00:00.130922   LineSpeed      <integer> = 0x0000000000000000 (0)
00:00:00.130922   MAC            <bytes>   = "08 00 27 47 0d b8" (cb=6)
00:00:00.130923 
00:00:00.130924 [/Devices/e1000/1/LUN#0/] (level 4)
00:00:00.130924   Driver <string>  = "IntNet" (cb=7)
00:00:00.130925 
00:00:00.130925 [/Devices/e1000/1/LUN#0/Config/] (level 5)
00:00:00.130926   IfPolicyPromisc <string>  = "deny" (cb=5)
00:00:00.130927   Network         <string>  = "intnet1" (cb=8)
00:00:00.130927   TrunkType       <integer> = 0x0000000000000002 (2)
00:00:00.130928 
00:00:00.130928 [/Devices/e1000/1/LUN#999/] (level 4)
00:00:00.130929   Driver <string>  = "MainStatus" (cb=11)
00:00:00.130929 
00:00:00.130929 [/Devices/e1000/1/LUN#999/Config/] (level 5)
00:00:00.130930   First   <integer> = 0x0000000000000000 (0)
00:00:00.130931   Last    <integer> = 0x0000000000000000 (0)
00:00:00.130931   papLeds <integer> = 0x00007fdd240026a0 (140 587 768 489 632)
00:00:00.130932 
00:00:00.130933 [/Devices/i8254/] (level 2)
00:00:00.130933 
00:00:00.130934 [/Devices/i8254/0/] (level 3)
00:00:00.130934 
00:00:00.130935 [/Devices/i8254/0/Config/] (level 4)
00:00:00.130935 
00:00:00.130936 [/Devices/i8259/] (level 2)
00:00:00.130936 
00:00:00.130937 [/Devices/i8259/0/] (level 3)
00:00:00.130937   Trusted <integer> = 0x0000000000000001 (1)
00:00:00.130938 
00:00:00.130938 [/Devices/i8259/0/Config/] (level 4)
00:00:00.130939 
00:00:00.130939 [/Devices/ichac97/] (level 2)
00:00:00.130940 
00:00:00.130940 [/Devices/ichac97/0/] (level 3)
00:00:00.130941   PCIBusNo      <integer> = 0x0000000000000000 (0)
00:00:00.130942   PCIDeviceNo   <integer> = 0x0000000000000005 (5)
00:00:00.130942   PCIFunctionNo <integer> = 0x0000000000000000 (0)
00:00:00.130943   Trusted       <integer> = 0x0000000000000001 (1)
00:00:00.130943 
00:00:00.130943 [/Devices/ichac97/0/AudioConfig/] (level 4)
00:00:00.130944 
00:00:00.130945 [/Devices/ichac97/0/Config/] (level 4)
00:00:00.130945   Codec        <string>  = "AD1980" (cb=7)
00:00:00.130946   DebugEnabled <integer> = 0x0000000000000000 (0)
00:00:00.130946 
00:00:00.130947 [/Devices/ichac97/0/LUN#0/] (level 4)
00:00:00.130947   Driver <string>  = "AUDIO" (cb=6)
00:00:00.130948 
00:00:00.130948 [/Devices/ichac97/0/LUN#0/AttachedDriver/] (level 5)
00:00:00.130949   Driver <string>  = "PulseAudio" (cb=11)
00:00:00.130950 
00:00:00.130950 [/Devices/ichac97/0/LUN#0/AttachedDriver/Config/] (level 6)
00:00:00.130951   VmName <string>  = "h3" (cb=3)
00:00:00.130952 
00:00:00.130952 [/Devices/ichac97/0/LUN#0/Config/] (level 5)
00:00:00.130953   DriverName    <string>  = "PulseAudio" (cb=11)
00:00:00.130953   InputEnabled  <integer> = 0x0000000000000000 (0)
00:00:00.130954   OutputEnabled <integer> = 0x0000000000000001 (1)
00:00:00.130954 
00:00:00.130955 [/Devices/ichac97/0/LUN#1/] (level 4)
00:00:00.130956   Driver <string>  = "AUDIO" (cb=6)
00:00:00.130956 
00:00:00.130956 [/Devices/ichac97/0/LUN#2/] (level 4)
00:00:00.130957   Driver <string>  = "AUDIO" (cb=6)
00:00:00.130957 
00:00:00.130958 [/Devices/ioapic/] (level 2)
00:00:00.130958 
00:00:00.130959 [/Devices/ioapic/0/] (level 3)
00:00:00.130959   Trusted <integer> = 0x0000000000000001 (1)
00:00:00.130960 
00:00:00.130960 [/Devices/ioapic/0/Config/] (level 4)
00:00:00.130961   NumCPUs <integer> = 0x0000000000000001 (1)
00:00:00.130961 
00:00:00.130962 [/Devices/mc146818/] (level 2)
00:00:00.130962 
00:00:00.130963 [/Devices/mc146818/0/] (level 3)
00:00:00.130963 
00:00:00.130964 [/Devices/mc146818/0/Config/] (level 4)
00:00:00.130964   UseUTC <integer> = 0x0000000000000001 (1)
00:00:00.130965 
00:00:00.130965 [/Devices/parallel/] (level 2)
00:00:00.130966 
00:00:00.130966 [/Devices/pcarch/] (level 2)
00:00:00.130967 
00:00:00.130967 [/Devices/pcarch/0/] (level 3)
00:00:00.130968   Trusted <integer> = 0x0000000000000001 (1)
00:00:00.130968 
00:00:00.130968 [/Devices/pcarch/0/Config/] (level 4)
00:00:00.130969 
00:00:00.130970 [/Devices/pcbios/] (level 2)
00:00:00.130970 
00:00:00.130971 [/Devices/pcbios/0/] (level 3)
00:00:00.130971   Trusted <integer> = 0x0000000000000001 (1)
00:00:00.130972 
00:00:00.130972 [/Devices/pcbios/0/Config/] (level 4)
00:00:00.130973   APIC               <integer> = 0x0000000000000001 (1)
00:00:00.130974   BootDevice0        <string>  = "FLOPPY" (cb=7)
00:00:00.130974   BootDevice1        <string>  = "DVD" (cb=4)
00:00:00.130975   BootDevice2        <string>  = "IDE" (cb=4)
00:00:00.130975   BootDevice3        <string>  = "NONE" (cb=5)
00:00:00.130976   FloppyDevice       <string>  = "i82078" (cb=7)
00:00:00.130976   HardDiskDevice     <string>  = "piix3ide" (cb=9)
00:00:00.130977   IOAPIC             <integer> = 0x0000000000000001 (1)
00:00:00.130978   McfgBase           <integer> = 0x0000000000000000 (0)
00:00:00.130978   McfgLength         <integer> = 0x0000000000000000 (0)
00:00:00.130979   NumCPUs            <integer> = 0x0000000000000001 (1)
00:00:00.130979   PXEDebug           <integer> = 0x0000000000000000 (0)
00:00:00.130980   SataHardDiskDevice <string>  = "ahci" (cb=5)
00:00:00.130980   SataLUN1           <integer> = 0x0000000000000000 (0)
00:00:00.130981   UUID               <bytes>   = "db 10 f5 08 f7 c3 e1 4a 8a 97 0d 3a b3 64 9e 5e" (cb=16)
00:00:00.130983   UuidLe             <integer> = 0x0000000000000000 (0)
00:00:00.130983 
00:00:00.130984 [/Devices/pcbios/0/Config/NetBoot/] (level 5)
00:00:00.130985 
00:00:00.130985 [/Devices/pcbios/0/Config/NetBoot/0/] (level 6)
00:00:00.130986   NIC           <integer> = 0x0000000000000000 (0)
00:00:00.130987   PCIBusNo      <integer> = 0x0000000000000000 (0)
00:00:00.130987   PCIDeviceNo   <integer> = 0x0000000000000003 (3)
00:00:00.130988   PCIFunctionNo <integer> = 0x0000000000000000 (0)
00:00:00.130988 
00:00:00.130988 [/Devices/pci/] (level 2)
00:00:00.130989 
00:00:00.130989 [/Devices/pci/0/] (level 3)
00:00:00.130990   Trusted <integer> = 0x0000000000000001 (1)
00:00:00.130991 
00:00:00.130991 [/Devices/pci/0/Config/] (level 4)
00:00:00.130992   IOAPIC <integer> = 0x0000000000000001 (1)
00:00:00.130992 
00:00:00.130992 [/Devices/pcibridge/] (level 2)
00:00:00.130993 
00:00:00.130993 [/Devices/pckbd/] (level 2)
00:00:00.130994 
00:00:00.130994 [/Devices/pckbd/0/] (level 3)
00:00:00.130995   Trusted <integer> = 0x0000000000000001 (1)
00:00:00.130996 
00:00:00.130996 [/Devices/pckbd/0/Config/] (level 4)
00:00:00.130997 
00:00:00.130997 [/Devices/pckbd/0/LUN#0/] (level 4)
00:00:00.130998   Driver <string>  = "KeyboardQueue" (cb=14)
00:00:00.130998 
00:00:00.130998 [/Devices/pckbd/0/LUN#0/AttachedDriver/] (level 5)
00:00:00.130999   Driver <string>  = "MainKeyboard" (cb=13)
00:00:00.131000 
00:00:00.131000 [/Devices/pckbd/0/LUN#0/AttachedDriver/Config/] (level 6)
00:00:00.131001   Object <integer> = 0x0000561a51dddbc0 (94 671 042 632 640)
00:00:00.131002 
00:00:00.131003 [/Devices/pckbd/0/LUN#0/Config/] (level 5)
00:00:00.131003   QueueSize <integer> = 0x0000000000000040 (64)
00:00:00.131004 
00:00:00.131004 [/Devices/pckbd/0/LUN#1/] (level 4)
00:00:00.131005   Driver <string>  = "MouseQueue" (cb=11)
00:00:00.131006 
00:00:00.131006 [/Devices/pckbd/0/LUN#1/AttachedDriver/] (level 5)
00:00:00.131007   Driver <string>  = "MainMouse" (cb=10)
00:00:00.131007 
00:00:00.131008 [/Devices/pckbd/0/LUN#1/AttachedDriver/Config/] (level 6)
00:00:00.131009   Object <integer> = 0x00007fdd24006090 (140 587 768 504 464)
00:00:00.131010 
00:00:00.131010 [/Devices/pckbd/0/LUN#1/Config/] (level 5)
00:00:00.131011   QueueSize <integer> = 0x0000000000000080 (128)
00:00:00.131011 
00:00:00.131012 [/Devices/pcnet/] (level 2)
00:00:00.131012 
00:00:00.131013 [/Devices/piix3ide/] (level 2)
00:00:00.131013 
00:00:00.131013 [/Devices/piix3ide/0/] (level 3)
00:00:00.131014   PCIBusNo      <integer> = 0x0000000000000000 (0)
00:00:00.131015   PCIDeviceNo   <integer> = 0x0000000000000001 (1)
00:00:00.131015   PCIFunctionNo <integer> = 0x0000000000000001 (1)
00:00:00.131016   Trusted       <integer> = 0x0000000000000001 (1)
00:00:00.131016 
00:00:00.131017 [/Devices/piix3ide/0/Config/] (level 4)
00:00:00.131018   Type <string>  = "PIIX4" (cb=6)
00:00:00.131018 
00:00:00.131018 [/Devices/piix3ide/0/LUN#0/] (level 4)
00:00:00.131019   Driver <string>  = "VD" (cb=3)
00:00:00.131019 
00:00:00.131020 [/Devices/piix3ide/0/LUN#0/Config/] (level 5)
00:00:00.131021   EmptyDrive <integer> = 0x0000000000000001 (1)
00:00:00.131021   Mountable  <integer> = 0x0000000000000001 (1)
00:00:00.131022   Type       <string>  = "DVD" (cb=4)
00:00:00.131022 
00:00:00.131022 [/Devices/piix3ide/0/LUN#999/] (level 4)
00:00:00.131023   Driver <string>  = "MainStatus" (cb=11)
00:00:00.131024 
00:00:00.131024 [/Devices/piix3ide/0/LUN#999/Config/] (level 5)
00:00:00.131025   DeviceInstance        <string>  = "piix3ide/0" (cb=11)
00:00:00.131025   First                 <integer> = 0x0000000000000000 (0)
00:00:00.131026   Last                  <integer> = 0x0000000000000003 (3)
00:00:00.131027   pConsole              <integer> = 0x00007fdd240013e0 (140 587 768 484 832)
00:00:00.131028   papLeds               <integer> = 0x00007fdd24001ba0 (140 587 768 486 816)
00:00:00.131029   pmapMediumAttachments <integer> = 0x00007fdd240027d8 (140 587 768 489 944)
00:00:00.131030 
00:00:00.131030 [/Devices/serial/] (level 2)
00:00:00.131031 
00:00:00.131031 [/Devices/usb-ohci/] (level 2)
00:00:00.131032 
00:00:00.131032 [/Devices/usb-ohci/0/] (level 3)
00:00:00.131033   PCIBusNo      <integer> = 0x0000000000000000 (0)
00:00:00.131034   PCIDeviceNo   <integer> = 0x0000000000000006 (6)
00:00:00.131034   PCIFunctionNo <integer> = 0x0000000000000000 (0)
00:00:00.131035   Trusted       <integer> = 0x0000000000000001 (1)
00:00:00.131035 
00:00:00.131035 [/Devices/usb-ohci/0/Config/] (level 4)
00:00:00.131036 
00:00:00.131036 [/Devices/usb-ohci/0/LUN#0/] (level 4)
00:00:00.131037   Driver <string>  = "VUSBRootHub" (cb=12)
00:00:00.131038 
00:00:00.131038 [/Devices/usb-ohci/0/LUN#0/Config/] (level 5)
00:00:00.131039 
00:00:00.131039 [/Devices/usb-ohci/0/LUN#999/] (level 4)
00:00:00.131040   Driver <string>  = "MainStatus" (cb=11)
00:00:00.131040 
00:00:00.131041 [/Devices/usb-ohci/0/LUN#999/Config/] (level 5)
00:00:00.131041   First   <integer> = 0x0000000000000000 (0)
00:00:00.131042   Last    <integer> = 0x0000000000000000 (0)
00:00:00.131042   papLeds <integer> = 0x00007fdd240027c0 (140 587 768 489 920)
00:00:00.131043 
00:00:00.131044 [/Devices/vga/] (level 2)
00:00:00.131044 
00:00:00.131045 [/Devices/vga/0/] (level 3)
00:00:00.131045   PCIBusNo      <integer> = 0x0000000000000000 (0)
00:00:00.131046   PCIDeviceNo   <integer> = 0x0000000000000002 (2)
00:00:00.131046   PCIFunctionNo <integer> = 0x0000000000000000 (0)
00:00:00.131047   Trusted       <integer> = 0x0000000000000001 (1)
00:00:00.131047 
00:00:00.131048 [/Devices/vga/0/Config/] (level 4)
00:00:00.131049   3DEnabled          <integer> = 0x0000000000000000 (0)
00:00:00.131049   CustomVideoModes   <integer> = 0x0000000000000000 (0)
00:00:00.131050   FadeIn             <integer> = 0x0000000000000001 (1)
00:00:00.131051   FadeOut            <integer> = 0x0000000000000001 (1)
00:00:00.131051   HeightReduction    <integer> = 0x0000000000000000 (0)
00:00:00.131052   LogoFile           <string>  = "" (cb=1)
00:00:00.131052   LogoTime           <integer> = 0x0000000000000000 (0)
00:00:00.131053   MonitorCount       <integer> = 0x0000000000000001 (1)
00:00:00.131054   ShowBootMenu       <integer> = 0x0000000000000002 (2)
00:00:00.131054   VMSVGA3dEnabled    <integer> = 0x0000000000000000 (0)
00:00:00.131055   VMSVGAEnabled      <integer> = 0x0000000000000001 (1)
00:00:00.131055   VMSVGAPciBarLayout <integer> = 0x0000000000000001 (1)
00:00:00.131056   VMSVGAPciId        <integer> = 0x0000000000000001 (1)
00:00:00.131056   VRamSize           <integer> = 0x0000000001000000 (16 777 216, 16 MB)
00:00:00.131058 
00:00:00.131058 [/Devices/vga/0/LUN#0/] (level 4)
00:00:00.131059   Driver <string>  = "MainDisplay" (cb=12)
00:00:00.131059 
00:00:00.131059 [/Devices/vga/0/LUN#0/Config/] (level 5)
00:00:00.131060   Object <integer> = 0x00007fdd24006cd0 (140 587 768 507 600)
00:00:00.131061 
00:00:00.131062 [/Devices/vga/0/LUN#999/] (level 4)
00:00:00.131062   Driver <string>  = "MainStatus" (cb=11)
00:00:00.131063 
00:00:00.131063 [/Devices/vga/0/LUN#999/Config/] (level 5)
00:00:00.131064   First   <integer> = 0x0000000000000000 (0)
00:00:00.131065   Last    <integer> = 0x0000000000000000 (0)
00:00:00.131065   papLeds <integer> = 0x00007fdd240027d0 (140 587 768 489 936)
00:00:00.131066 
00:00:00.131066 [/Devices/virtio-net/] (level 2)
00:00:00.131067 
00:00:00.131067 [/EM/] (level 1)
00:00:00.131068   TripleFaultReset <integer> = 0x0000000000000000 (0)
00:00:00.131068 
00:00:00.131069 [/GIM/] (level 1)
00:00:00.131069   Provider <string>  = "KVM" (cb=4)
00:00:00.131070 
00:00:00.131070 [/HM/] (level 1)
00:00:00.131071   64bitEnabled            <integer> = 0x0000000000000001 (1)
00:00:00.131072   EnableLargePages        <integer> = 0x0000000000000000 (0)
00:00:00.131072   EnableNestedPaging      <integer> = 0x0000000000000001 (1)
00:00:00.131073   EnableUX                <integer> = 0x0000000000000001 (1)
00:00:00.131073   EnableVPID              <integer> = 0x0000000000000001 (1)
00:00:00.131074   Exclusive               <integer> = 0x0000000000000001 (1)
00:00:00.131075   HMForced                <integer> = 0x0000000000000001 (1)
00:00:00.131075   IBPBOnVMEntry           <integer> = 0x0000000000000000 (0)
00:00:00.131076   IBPBOnVMExit            <integer> = 0x0000000000000000 (0)
00:00:00.131077   L1DFlushOnSched         <integer> = 0x0000000000000001 (1)
00:00:00.131077   L1DFlushOnVMEntry       <integer> = 0x0000000000000000 (0)
00:00:00.131078   LovelyMesaDrvWorkaround <integer> = 0x0000000000000001 (1)
00:00:00.131078   MDSClearOnSched         <integer> = 0x0000000000000001 (1)
00:00:00.131079   MDSClearOnVMEntry       <integer> = 0x0000000000000000 (0)
00:00:00.131079   SpecCtrlByHost          <integer> = 0x0000000000000000 (0)
00:00:00.131080   UseNEMInstead           <integer> = 0x0000000000000000 (0)
00:00:00.131081 
00:00:00.131081 [/MM/] (level 1)
00:00:00.131081   CanUseLargerHeap <integer> = 0x0000000000000000 (0)
00:00:00.131082 
00:00:00.131082 [/NEM/] (level 1)
00:00:00.131083   Allow64BitGuests        <integer> = 0x0000000000000001 (1)
00:00:00.131084   LovelyMesaDrvWorkaround <integer> = 0x0000000000000001 (1)
00:00:00.131084 
00:00:00.131084 [/PDM/] (level 1)
00:00:00.131085 
00:00:00.131085 [/PDM/AsyncCompletion/] (level 2)
00:00:00.131086 
00:00:00.131086 [/PDM/AsyncCompletion/File/] (level 3)
00:00:00.131087 
00:00:00.131087 [/PDM/AsyncCompletion/File/BwGroups/] (level 4)
00:00:00.131088 
00:00:00.131088 [/PDM/BlkCache/] (level 2)
00:00:00.131089   CacheSize <integer> = 0x0000000000500000 (5 242 880, 5 MB)
00:00:00.131090 
00:00:00.131090 [/PDM/Devices/] (level 2)
00:00:00.131091 
00:00:00.131091 [/PDM/Drivers/] (level 2)
00:00:00.131092 
00:00:00.131092 [/PDM/Drivers/VBoxC/] (level 3)
00:00:00.131093   Path <string>  = "/usr/lib/virtualbox/components/VBoxC" (cb=37)
00:00:00.131093 
00:00:00.131094 [/PDM/NetworkShaper/] (level 2)
00:00:00.131094 
00:00:00.131095 [/PDM/NetworkShaper/BwGroups/] (level 3)
00:00:00.131095 
00:00:00.131096 [/TM/] (level 1)
00:00:00.131096   UTCOffset <integer> = 0x0000000000000000 (0)
00:00:00.131097 
00:00:00.131097 [/USB/] (level 1)
00:00:00.131098 
00:00:00.131098 [/USB/HidMouse/] (level 2)
00:00:00.131098 
00:00:00.131099 [/USB/HidMouse/0/] (level 3)
00:00:00.131099 
00:00:00.131100 [/USB/HidMouse/0/Config/] (level 4)
00:00:00.131100   Mode <string>  = "absolute" (cb=9)
00:00:00.131101 
00:00:00.131101 [/USB/HidMouse/0/LUN#0/] (level 4)
00:00:00.131102   Driver <string>  = "MouseQueue" (cb=11)
00:00:00.131102 
00:00:00.131103 [/USB/HidMouse/0/LUN#0/AttachedDriver/] (level 5)
00:00:00.131103   Driver <string>  = "MainMouse" (cb=10)
00:00:00.131104 
00:00:00.131104 [/USB/HidMouse/0/LUN#0/AttachedDriver/Config/] (level 6)
00:00:00.131105   Object <integer> = 0x00007fdd24006090 (140 587 768 504 464)
00:00:00.131106 
00:00:00.131106 [/USB/HidMouse/0/LUN#0/Config/] (level 5)
00:00:00.131107   QueueSize <integer> = 0x0000000000000080 (128)
00:00:00.131108 
00:00:00.131108 [/USB/USBProxy/] (level 2)
00:00:00.131109 
00:00:00.131109 [/USB/USBProxy/GlobalConfig/] (level 3)
00:00:00.131110 
00:00:00.131110 ********************* End of CFGM dump **********************
00:00:00.131173 HM: HMR3Init: VT-x w/ nested paging and unrestricted guest execution hw support
00:00:00.131883 MM: cbHyperHeap=0x200000 (2097152)
00:00:00.132721 CPUM: fXStateHostMask=0x7; initial: 0x7; host XCR0=0x1f
00:00:00.133530 CPUM: Matched host CPU INTEL 0x6/0x9e/0x9 Intel_Core7_KabyLake with CPU DB entry 'Intel Core i7-6700K' (INTEL 0x6/0x5e/0x3 Intel_Core7_Skylake)
00:00:00.133566 CPUM: MXCSR_MASK=0xffff (host: 0xffff)
00:00:00.133576 CPUM: Microcode revision 0x000000EA
00:00:00.133582 CPUM: Changing leaf 13[0]: EBX=0x440 -> 0x340, ECX=0x440 -> 0x340
00:00:00.133589 CPUM: MSR/CPUID reconciliation insert: 0x0000010b IA32_FLUSH_CMD
00:00:00.133673 PGM: Host paging mode: AMD64+PGE+NX
00:00:00.133680 PGM: PGMPool: cMaxPages=768 (u64MaxPages=545)
00:00:00.133683 PGM: pgmR3PoolInit: cMaxPages=0x300 cMaxUsers=0x600 cMaxPhysExts=0x600 fCacheEnable=true 
00:00:00.134137 PGM: /proc/sys/vm/max_map_count = 65530 (rc2=VWRN_TRAILING_CHARS); cGuessNeeded=16384
00:00:00.135484 TM: GIP - u32Mode=3 (Invariant) u32UpdateHz=62 u32UpdateIntervalNS=16000000 enmUseTscDelta=2 (Practically Zero) fGetGipCpu=0x1b cCpus=4
00:00:00.135511 TM: GIP - u64CpuHz=2 495 975 116 (0x94c58ecc)  SUPGetCpuHzFromGip => 2 495 975 116
00:00:00.135518 TM: GIP - CPU: iCpuSet=0x0 idCpu=0x0 idApic=0x0 iGipCpu=0x0 i64TSCDelta=0 enmState=3 u64CpuHz=2495975116(*) cErrors=0
00:00:00.135523 TM: GIP - CPU: iCpuSet=0x1 idCpu=0x1 idApic=0x2 iGipCpu=0x1 i64TSCDelta=0 enmState=3 u64CpuHz=2495974982(*) cErrors=0
00:00:00.135527 TM: GIP - CPU: iCpuSet=0x2 idCpu=0x2 idApic=0x4 iGipCpu=0x3 i64TSCDelta=0 enmState=3 u64CpuHz=2495975006(*) cErrors=0
00:00:00.135530 TM: GIP - CPU: iCpuSet=0x3 idCpu=0x3 idApic=0x6 iGipCpu=0x2 i64TSCDelta=0 enmState=3 u64CpuHz=2495974460(*) cErrors=0
00:00:00.135599 TM: cTSCTicksPerSecond=2 495 975 116 (0x94c58ecc) enmTSCMode=3 (Dynamic)
00:00:00.135601 TM: TSCTiedToExecution=false TSCNotTiedToHalt=false
00:00:00.135985 EMR3Init: fIemExecutesAll=false fGuruOnTripleFault=true 
00:00:00.136095 IEM: TargetCpu=CURRENT, Microarch=Intel_Core7_KabyLake
00:00:00.136151 GIM: Using provider 'KVM' (Implementation version: 0)
00:00:00.136157 CPUM: SetGuestCpuIdFeature: Enabled Hypervisor Present bit
00:00:00.170178 AIOMgr: Default manager type is 'Async'
00:00:00.170211 AIOMgr: Default file backend is 'NonBuffered'
00:00:00.170395 BlkCache: Cache successfully initialized. Cache size is 5242880 bytes
00:00:00.170402 BlkCache: Cache commit interval is 10000 ms
00:00:00.170404 BlkCache: Cache commit threshold is 2621440 bytes
00:00:00.171397 PcBios: [SMP] BIOS with 1 CPUs
00:00:00.171439 PcBios: Using the 386+ BIOS image.
00:00:00.171494 PcBios: MPS table at 000e1300
00:00:00.171829 PcBios: fCheckShutdownStatusForSoftReset=true   fClearShutdownStatusOnHardReset=true 
00:00:00.171984 SUP: Opened VBoxDDR0.r0 (/usr/lib/virtualbox/VBoxDDR0.r0) at 0xXXXXXXXXXXXXXXXX.
00:00:00.172139 CPUM: SetGuestCpuIdFeature: Enabled xAPIC
00:00:00.172144 CPUM: SetGuestCpuIdFeature: Enabled x2APIC
00:00:00.172327 IOAPIC: Using implementation 2.0! Chipset type ICH9
00:00:00.172374 PIT: mode=3 count=0x10000 (65536) - 18.20 Hz (ch=0)
00:00:00.172794 VMMDev: cbDefaultBudget: 261 373 696 (f943f00)
00:00:00.174522 Shared Folders service loaded
00:00:00.177325 Guest Control service loaded
00:00:00.182824 VGA: Using the 386+ BIOS image.
00:00:00.186756 DrvVD: Flushes will be ignored
00:00:00.187078 DrvVD: Async flushes will be passed to the disk
00:00:00.190216 VD: VDInit finished with VINF_SUCCESS
00:00:00.193811 AIOMgr: Endpoint for file '/home/vamsi/Documents/Acads/Sem 7/Computer Networks/Lab/Lab8/lab8_network/VMImages/base/base.vdi' (flags 000c0781) created successfully
00:00:00.214245 AIOMgr: Endpoint for file '/home/vamsi/Documents/Acads/Sem 7/Computer Networks/Lab/Lab8/lab8_network/VMImages/base/Snapshots/{8f83ab64-891d-4e29-8532-09d2e668c3dd}.vdi' (flags 000c0781) created successfully
00:00:00.236009 AIOMgr: Endpoint for file '/home/vamsi/Documents/Acads/Sem 7/Computer Networks/Lab/Lab8/lab8_network/VMImages/base/Snapshots/{ca230307-de07-4ee1-b500-8daa8ed4ebc4}.vdi' (flags 000c0781) created successfully
00:00:00.236678 AIOMgr: Endpoint for file '/home/vamsi/Documents/Acads/Sem 7/Computer Networks/Lab/Lab8/lab8_network/VMImages/h3/Snapshots/{02ffefb6-eda2-4ed4-8873-dda50f8bdeb1}.vdi' (flags 000c0723) created successfully
00:00:00.237062 VD: Opening the disk took 46937505 ns
00:00:00.237109 AHCI: LUN#0: disk, PCHS=2212/16/63, total number of sectors 2229702
00:00:00.237271 AHCI#0: Reset the HBA
00:00:00.237280 VD#0: Cancelling all active requests
00:00:00.237886 DrvVD: Flushes will be ignored
00:00:00.237895 DrvVD: Async flushes will be passed to the disk
00:00:00.237917 PIIX3 ATA: LUN#0: CD/DVD, total number of sectors 0, passthrough disabled
00:00:00.240030 PIIX3 ATA: LUN#1: no unit
00:00:00.240133 PIIX3 ATA: LUN#2: no unit
00:00:00.240138 PIIX3 ATA: LUN#3: no unit
00:00:00.240172 PIIX3 ATA: Ctl#0: finished processing RESET
00:00:00.241018 PIIX3 ATA: Ctl#1: finished processing RESET
00:00:00.241543 E1000#0: Chip=82540EM LinkUpDelay=3000ms EthernetCRC=on GSO=enabled Itr=disabled ItrRx=enabled TID=disabled R0=enabled RC=disabled
00:00:00.248113 NAT: Guest address guess set to 10.0.2.15 by initialization
00:00:00.248212 NAT: resolv.conf: nameserver 127.0.0.53
00:00:00.248224 NAT: DNS server 127.0.0.53 registration detected, switching to the DNS proxy
00:00:00.248227 NAT: DNS#0: 127.0.0.53
00:00:00.248269 NAT: Set redirect TCP 0.0.0.0:14503 -> 0.0.0.0:22
00:00:00.254404 E1000#1: Chip=82540EM LinkUpDelay=3000ms EthernetCRC=on GSO=enabled Itr=disabled ItrRx=enabled TID=disabled R0=enabled RC=disabled
00:00:00.254494 IntNet#0: szNetwork={intnet1} enmTrunkType=2 szTrunk={} fFlags=0x8000 cbRecv=325632 cbSend=196608 fIgnoreConnectFailure=false
00:00:00.254908 AC97: Using codec 'AD1980'
00:00:00.254951 Audio: Initializing PulseAudio driver
00:00:00.256643 PulseAudio: Using version 11.1.0
00:00:00.259551 PulseAudio: Retrieving server information ...
00:00:00.259874 Audio: Found 3 devices for driver 'PulseAudio'
00:00:00.259889 Audio: Device 'Built-in Audio Analog Stereo':
00:00:00.259890 Audio:   ID              = alsa_output.pci-0000_00_1f.3.analog-stereo
00:00:00.259890 Audio:   Usage           = output
00:00:00.259891 Audio:   Flags           = DEFAULT_OUT
00:00:00.259891 Audio:   Input channels  = 0
00:00:00.259892 Audio:   Output channels = 2
00:00:00.259894 Audio: Device 'Monitor of Built-in Audio Analog Stereo':
00:00:00.259895 Audio:   ID              = alsa_output.pci-0000_00_1f.3.analog-stereo.monitor
00:00:00.259895 Audio:   Usage           = input
00:00:00.259895 Audio:   Flags           = NONE
00:00:00.259896 Audio:   Input channels  = 2
00:00:00.259896 Audio:   Output channels = 0
00:00:00.259898 Audio: Device 'Built-in Audio Analog Stereo':
00:00:00.259899 Audio:   ID              = alsa_input.pci-0000_00_1f.3.analog-stereo
00:00:00.259899 Audio:   Usage           = input
00:00:00.259899 Audio:   Flags           = DEFAULT_IN
00:00:00.259899 Audio:   Input channels  = 2
00:00:00.259900 Audio:   Output channels = 0
00:00:00.259997 AC97: Reset
00:00:00.260001 AC97: Mixer reset (EAID=0x809, EACS=0x9)
00:00:00.260005 AC97: Record select to left=mic, right=mic
00:00:00.266242 VUSB: Attached 'HidMouse' to port 1 on RootHub#0 (FullSpeed)
00:00:00.266331 PGM: The CPU physical address width is 39 bits
00:00:00.266336 PGM: PGMR3InitFinalize: 4 MB PSE mask 0000007fffffffff -> VINF_SUCCESS
00:00:00.266359 TM: TMR3InitFinalize: fTSCModeSwitchAllowed=true 
00:00:00.266505 VMM: Enabled thread-context hooks
00:00:00.266509 VMM: RTThreadPreemptIsPending() can be trusted
00:00:00.266512 VMM: Kernel preemption is not possible it seems
00:00:00.266522 HM: fWorldSwitcher=0x0 (fIbpbOnVmExit=false fIbpbOnVmEntry=false fL1dFlushOnVmEntry=false); fL1dFlushOnSched=true  fMdsClearOnVmEntry=false
00:00:00.266526 HM: Using VT-x implementation 3.0
00:00:00.266527 HM: Max resume loops                  = 8192
00:00:00.266527 HM: Host CR4                          = 0x3606e0
00:00:00.266528 HM: Host EFER                         = 0xd01
00:00:00.266529 HM: MSR_IA32_SMM_MONITOR_CTL          = 0x0
00:00:00.266529 HM: MSR_IA32_FEATURE_CONTROL          = 0x5
00:00:00.266530 HM:   LOCK
00:00:00.266530 HM:   VMXON
00:00:00.266530 HM: MSR_IA32_VMX_BASIC                = 0xda040000000004
00:00:00.266531 HM:   VMCS id                           = 0x4
00:00:00.266531 HM:   VMCS size                         = 1024 bytes
00:00:00.266532 HM:   VMCS physical address limit       = None
00:00:00.266532 HM:   VMCS memory type                  = Write Back (WB)
00:00:00.266533 HM:   Dual-monitor treatment support    = true 
00:00:00.266546 HM:   OUTS & INS instruction-info       = true 
00:00:00.266546 HM:   Supports true-capability MSRs     = true 
00:00:00.266546 HM:   VM-entry Xcpt error-code optional = false
00:00:00.266547 HM: MSR_IA32_VMX_PINBASED_CTLS        = 0x7f00000016
00:00:00.266548 HM:   EXT_INT_EXIT
00:00:00.266548 HM:   NMI_EXIT
00:00:00.266548 HM:   VIRTUAL_NMI
00:00:00.266549 HM:   PREEMPT_TIMER
00:00:00.266549 HM:   POSTED_INT (must be cleared)
00:00:00.266549 HM: MSR_IA32_VMX_PROCBASED_CTLS       = 0xfff9fffe0401e172
00:00:00.266550 HM:   INT_WINDOW_EXIT
00:00:00.266551 HM:   USE_TSC_OFFSETTING
00:00:00.266551 HM:   HLT_EXIT
00:00:00.266551 HM:   INVLPG_EXIT
00:00:00.266552 HM:   MWAIT_EXIT
00:00:00.266552 HM:   RDPMC_EXIT
00:00:00.266552 HM:   RDTSC_EXIT
00:00:00.266552 HM:   CR3_LOAD_EXIT (must be set)
00:00:00.266553 HM:   CR3_STORE_EXIT (must be set)
00:00:00.266553 HM:   CR8_LOAD_EXIT
00:00:00.266553 HM:   CR8_STORE_EXIT
00:00:00.266554 HM:   USE_TPR_SHADOW
00:00:00.266572 HM:   NMI_WINDOW_EXIT
00:00:00.266572 HM:   MOV_DR_EXIT
00:00:00.266573 HM:   UNCOND_IO_EXIT
00:00:00.266573 HM:   USE_IO_BITMAPS
00:00:00.266573 HM:   MONITOR_TRAP_FLAG
00:00:00.266573 HM:   USE_MSR_BITMAPS
00:00:00.266574 HM:   MONITOR_EXIT
00:00:00.266574 HM:   PAUSE_EXIT
00:00:00.266574 HM:   USE_SECONDARY_CTLS
00:00:00.266575 HM: MSR_IA32_VMX_PROCBASED_CTLS2      = 0x5fbcff00000000
00:00:00.266575 HM:   VIRT_APIC_ACCESS
00:00:00.266576 HM:   EPT
00:00:00.266576 HM:   DESC_TABLE_EXIT
00:00:00.266576 HM:   RDTSCP
00:00:00.266577 HM:   VIRT_X2APIC_MODE
00:00:00.266577 HM:   VPID
00:00:00.266577 HM:   WBINVD_EXIT
00:00:00.266578 HM:   UNRESTRICTED_GUEST
00:00:00.266578 HM:   APIC_REG_VIRT (must be cleared)
00:00:00.266578 HM:   VIRT_INT_DELIVERY (must be cleared)
00:00:00.266579 HM:   PAUSE_LOOP_EXIT
00:00:00.266579 HM:   RDRAND_EXIT
00:00:00.266579 HM:   INVPCID
00:00:00.266580 HM:   VMFUNC
00:00:00.266580 HM:   VMCS_SHADOWING (must be cleared)
00:00:00.266580 HM:   ENCLS_EXIT
00:00:00.266581 HM:   RDSEED_EXIT
00:00:00.266581 HM:   PML
00:00:00.266581 HM:   EPT_VE
00:00:00.266581 HM:   CONCEAL_VMX_FROM_PT
00:00:00.266582 HM:   XSAVES_XRSTORS
00:00:00.266582 HM:   MODE_BASED_EPT_PERM
00:00:00.266582 HM:   SPPTP_EPT (must be cleared)
00:00:00.266582 HM:   PT_EPT (must be cleared)
00:00:00.266583 HM:   TSC_SCALING (must be cleared)
00:00:00.266583 HM:   USER_WAIT_PAUSE (must be cleared)
00:00:00.266583 HM:   ENCLV_EXIT (must be cleared)
00:00:00.266584 HM: MSR_IA32_VMX_ENTRY_CTLS           = 0x3ffff000011ff
00:00:00.266584 HM:   LOAD_DEBUG (must be set)
00:00:00.266585 HM:   IA32E_MODE_GUEST
00:00:00.266585 HM:   ENTRY_TO_SMM
00:00:00.266585 HM:   DEACTIVATE_DUAL_MON
00:00:00.266586 HM:   LOAD_PERF_MSR
00:00:00.266586 HM:   LOAD_PAT_MSR
00:00:00.266586 HM:   LOAD_EFER_MSR
00:00:00.266586 HM:   LOAD_BNDCFGS_MSR
00:00:00.266587 HM:   CONCEAL_VMX_FROM_PT
00:00:00.266587 HM:   LOAD_RTIT_CTL_MSR (must be cleared)
00:00:00.266587 HM: MSR_IA32_VMX_EXIT_CTLS            = 0x1ffffff00036dff
00:00:00.266588 HM:   SAVE_DEBUG (must be set)
00:00:00.266588 HM:   HOST_ADDR_SPACE_SIZE
00:00:00.266589 HM:   LOAD_PERF_MSR
00:00:00.266589 HM:   ACK_EXT_INT
00:00:00.266589 HM:   SAVE_PAT_MSR
00:00:00.266589 HM:   LOAD_PAT_MSR
00:00:00.266590 HM:   SAVE_EFER_MSR
00:00:00.266590 HM:   LOAD_EFER_MSR
00:00:00.266590 HM:   SAVE_PREEMPT_TIMER
00:00:00.266591 HM:   CLEAR_BNDCFGS_MSR
00:00:00.266591 HM:   CONCEAL_VMX_FROM_PT
00:00:00.266591 HM:   CLEAR_RTIT_CTL_MSR (must be cleared)
00:00:00.266591 HM: MSR_IA32_VMX_TRUE_PINBASED_CTLS   = 0x7f00000016
00:00:00.266592 HM: MSR_IA32_VMX_TRUE_PROCBASED_CTLS  = 0xfff9fffe04006172
00:00:00.266593 HM: MSR_IA32_VMX_TRUE_ENTRY_CTLS      = 0x3ffff000011fb
00:00:00.266598 HM: MSR_IA32_VMX_TRUE_EXIT_CTLS       = 0x1ffffff00036dfb
00:00:00.266599 HM: MSR_IA32_VMX_MISC                 = 0x7004c1e7
00:00:00.266600 HM:   PREEMPT_TIMER_TSC                 = 0x7
00:00:00.266600 HM:   EXIT_SAVE_EFER_LMA                = true 
00:00:00.266601 HM:   ACTIVITY_STATES                   = 0x7 ( HLT SHUTDOWN SIPI_WAIT )
00:00:00.266601 HM:   INTEL_PT                          = true 
00:00:00.266602 HM:   SMM_READ_SMBASE_MSR               = true 
00:00:00.266602 HM:   CR3_TARGET                        = 0x4
00:00:00.266603 HM:   MAX_MSR                           = 0x0 ( 512 )
00:00:00.266603 HM:   VMXOFF_BLOCK_SMI                  = true 
00:00:00.266603 HM:   VMWRITE_ALL                       = true 
00:00:00.266604 HM:   ENTRY_INJECT_SOFT_INT             = 0x1
00:00:00.266604 HM:   MSEG_ID                           = 0x0
00:00:00.266605 HM: MSR_IA32_VMX_VMCS_ENUM            = 0x2e
00:00:00.266605 HM:   HIGHEST_IDX                       = 0x17
00:00:00.266605 HM: MSR_IA32_VMX_EPT_VPID_CAP         = 0xf0106734141
00:00:00.266606 HM:   RWX_X_ONLY
00:00:00.266606 HM:   PAGE_WALK_LENGTH_4
00:00:00.266607 HM:   EMT_UC
00:00:00.266607 HM:   EMT_WB
00:00:00.266607 HM:   PDE_2M
00:00:00.266607 HM:   PDPTE_1G
00:00:00.266608 HM:   INVEPT
00:00:00.266608 HM:   EPT_ACCESS_DIRTY
00:00:00.266608 HM:   ADVEXITINFO_EPT
00:00:00.266608 HM:   INVEPT_SINGLE_CONTEXT
00:00:00.266609 HM:   INVEPT_ALL_CONTEXTS
00:00:00.266609 HM:   INVVPID
00:00:00.266609 HM:   INVVPID_INDIV_ADDR
00:00:00.266609 HM:   INVVPID_SINGLE_CONTEXT
00:00:00.266610 HM:   INVVPID_ALL_CONTEXTS
00:00:00.266610 HM:   INVVPID_SINGLE_CONTEXT_RETAIN_GLOBALS
00:00:00.266610 HM: MSR_IA32_VMX_VMFUNC               = 0x1
00:00:00.266611 HM:   EPTP_SWITCHING
00:00:00.266611 HM: MSR_IA32_VMX_CR0_FIXED0           = 0x80000021
00:00:00.266611 HM: MSR_IA32_VMX_CR0_FIXED1           = 0xffffffff
00:00:00.266612 HM: MSR_IA32_VMX_CR4_FIXED0           = 0x2000
00:00:00.266612 HM: MSR_IA32_VMX_CR4_FIXED1           = 0x3727ff
00:00:00.266613 HM: APIC-access page physaddr         = 0x00000002c872f000
00:00:00.266614 HM: VCPU  0: MSR bitmap physaddr      = 0x00000002c8733000
00:00:00.266615 HM: VCPU  0: VMCS physaddr            = 0x00000002c8730000
00:00:00.266628 HM: Guest support: 32-bit and 64-bit
00:00:00.266630 HM: Supports VMCS EFER fields         = true 
00:00:00.266631 HM: Enabled VMX
00:00:00.266633 CPUM: SetGuestCpuIdFeature: Enabled SYSENTER/EXIT
00:00:00.266634 CPUM: SetGuestCpuIdFeature: Enabled PAE
00:00:00.266634 CPUM: SetGuestCpuIdFeature: Enabled LONG MODE
00:00:00.266635 CPUM: SetGuestCpuIdFeature: Enabled SYSCALL/RET
00:00:00.266635 CPUM: SetGuestCpuIdFeature: Enabled LAHF/SAHF
00:00:00.266635 CPUM: SetGuestCpuIdFeature: Enabled NX
00:00:00.266636 HM: Enabled nested paging
00:00:00.266636 HM:   EPT flush type                  = Single context
00:00:00.266636 HM: Enabled unrestricted guest execution
00:00:00.266636 HM: Enabled VPID
00:00:00.266637 HM:   VPID flush type                 = Single context
00:00:00.266637 HM: Enabled VMX-preemption timer (cPreemptTimerShift=7)
00:00:00.266637 HM: VT-x/AMD-V init method: Global
00:00:00.266638 EM: Exit history optimizations: enabled=true  enabled-r0=true  enabled-r0-no-preemption=false
00:00:00.266666 PcBios: SATA LUN#0 LCHS=553/64/63
00:00:00.266677 APIC: fPostedIntrsEnabled=false fVirtApicRegsEnabled=false fSupportsTscDeadline=false
00:00:00.266683 TMR3UtcNow: nsNow=1 635 659 561 935 477 000 nsPrev=0 -> cNsDelta=1 635 659 561 935 477 000 (offLag=0 offVirtualSync=0 offVirtualSyncGivenUp=0, NowAgain=1 635 659 561 935 477 000)
00:00:00.266690 VMM: fUsePeriodicPreemptionTimers=false
00:00:00.266765 CPUM: Logical host processors: 4 present, 4 max, 4 online, online mask: 000000000000000f
00:00:00.266815 CPUM: Physical host cores: 4
00:00:00.266815 ************************* CPUID dump ************************
00:00:00.266840          Raw Standard CPUID Leaves
00:00:00.266840      Leaf/sub-leaf  eax      ebx      ecx      edx
00:00:00.266841 Gst: 00000000/0000  00000016 756e6547 6c65746e 49656e69
00:00:00.266842 Hst:                00000016 756e6547 6c65746e 49656e69
00:00:00.266843 Gst: 00000001/0000  000906e9 00010800 d6fa220b 178bfbff
00:00:00.266844 Hst:                000906e9 02100800 7ffafbbf bfebfbff
00:00:00.266845 Gst: 00000002/0000  76036301 00f0b6ff 00000000 00c30000
00:00:00.266846 Hst:                76036301 00f0b6ff 00000000 00c30000
00:00:00.266847 Gst: 00000003/0000  00000000 00000000 00000000 00000000
00:00:00.266847 Hst:                00000000 00000000 00000000 00000000
00:00:00.266848 Gst: 00000004/0000  00000121 01c0003f 0000003f 00000000
00:00:00.266849 Hst:                1c004121 01c0003f 0000003f 00000000
00:00:00.266850 Gst: 00000004/0001  00000122 01c0003f 0000003f 00000000
00:00:00.266850 Hst:                1c004122 01c0003f 0000003f 00000000
00:00:00.266851 Gst: 00000004/0002  00000143 00c0003f 000003ff 00000000
00:00:00.266852 Hst:                1c004143 00c0003f 000003ff 00000000
00:00:00.266852 Gst: 00000004/0003  00000163 02c0003f 00001fff 00000006
00:00:00.266853 Hst:                1c03c163 02c0003f 00001fff 00000006
00:00:00.266854 Gst: 00000004/0004  00000000 00000000 00000000 00000000
00:00:00.266854 Hst:                00000000 00000000 00000000 00000000
00:00:00.266855 Gst: 00000005/0000  00000040 00000040 00000000 00000000
00:00:00.266856 Hst:                00000040 00000040 00000003 11142120
00:00:00.266857 Gst: 00000006/0000  00000000 00000000 00000000 00000000
00:00:00.266857 Hst:                000027f7 00000002 00000009 00000000
00:00:00.266858 Gst: 00000007/0000  00000000 00842421 00000000 10000400
00:00:00.266859 Hst:                00000000 029c67af 00000000 9c002e00
00:00:00.266859 Gst: 00000007/0001  00000000 00000000 00000000 00000000
00:00:00.266860 Hst:                00000000 00000000 00000000 00000000
00:00:00.266861 Gst: 00000008/0000  00000000 00000000 00000000 00000000
00:00:00.266861 Hst:                00000000 00000000 00000000 00000000
00:00:00.266862 Gst: 00000009/0000  00000000 00000000 00000000 00000000
00:00:00.266862 Hst:                00000000 00000000 00000000 00000000
00:00:00.266863 Gst: 0000000a/0000  00000000 00000000 00000000 00000000
00:00:00.266863 Hst:                07300804 00000000 00000000 00000603
00:00:00.266864 Gst: 0000000b/0000  00000000 00000001 00000100 00000000
00:00:00.266864 Hst:                00000001 00000001 00000100 00000002
00:00:00.266865 Gst: 0000000b/0001  00000001 00000001 00000201 00000000
00:00:00.266865 Hst:                00000004 00000004 00000201 00000002
00:00:00.266866 Gst: 0000000b/0002  00000000 00000000 00000002 00000000
00:00:00.266867 Hst:                00000000 00000000 00000002 00000002
00:00:00.266867 Gst: 0000000c/0000  00000000 00000000 00000000 00000000
00:00:00.266868 Hst:                00000000 00000000 00000000 00000000
00:00:00.266868 Gst: 0000000d/0000  00000007 00000340 00000340 00000000
00:00:00.266869 Hst:                0000001f 00000440 00000440 00000000
00:00:00.266869 Gst: 0000000d/0001  00000000 000003c0 00000000 00000000
00:00:00.266870 Hst:                0000000f 000003c0 00000100 00000000
00:00:00.266870 Gst: 0000000d/0002  00000100 00000240 00000000 00000000
00:00:00.266871 Hst:                00000100 00000240 00000000 00000000
00:00:00.266872 Gst: 0000000d/0003  00000000 00000000 00000000 00000000
00:00:00.266872 Hst:                00000040 000003c0 00000000 00000000
00:00:00.266873 Gst: 0000000d/0004  00000000 00000000 00000000 00000000
00:00:00.266873 Hst:                00000040 00000400 00000000 00000000
00:00:00.266874 Gst: 0000000d/0005  00000000 00000000 00000000 00000000
00:00:00.266874 Hst:                00000000 00000000 00000000 00000000
00:00:00.266875 Gst: 0000000d/0006  00000000 00000000 00000000 00000000
00:00:00.266875 Hst:                00000000 00000000 00000000 00000000
00:00:00.266876 Gst: 0000000d/0007  00000000 00000000 00000000 00000000
00:00:00.266877 Hst:                00000000 00000000 00000000 00000000
00:00:00.266877 Gst: 0000000d/0008  00000000 00000000 00000000 00000000
00:00:00.266878 Hst:                00000080 00000000 00000001 00000000
00:00:00.266878 Gst: 0000000d/0009  00000000 00000000 00000000 00000000
00:00:00.266879 Hst:                00000000 00000000 00000000 00000000
00:00:00.266909 Gst: 0000000e/0000  00000000 00000000 00000000 00000000
00:00:00.266910 Hst:                00000000 00000000 00000000 00000000
00:00:00.266910 Gst: 0000000f/0000  00000000 00000000 00000000 00000000
00:00:00.266911 Hst:                00000000 00000000 00000000 00000000
00:00:00.266911 Gst: 00000010/0000  00000000 00000000 00000000 00000000
00:00:00.266912 Hst:                00000000 00000000 00000000 00000000
00:00:00.266912 Gst: 00000011/0000  00000000 00000000 00000000 00000000
00:00:00.266913 Hst:                00000000 00000000 00000000 00000000
00:00:00.266913 Gst: 00000012/0000  00000000 00000000 00000000 00000000
00:00:00.266914 Hst:                00000000 00000000 00000000 00000000
00:00:00.266914 Gst: 00000013/0000  00000000 00000000 00000000 00000000
00:00:00.266915 Hst:                00000000 00000000 00000000 00000000
00:00:00.266915 Gst: 00000014/0000  00000000 00000000 00000000 00000000
00:00:00.266916 Hst:                00000001 0000000f 00000007 00000000
00:00:00.266917 Hst: 00000015/0000  00000002 000000d0 00000000 00000000
00:00:00.266918 Hst: 00000016/0000  000009c4 00000dac 00000064 00000000
00:00:00.266918                                Name: GenuineIntel
00:00:00.266919                            Supports: 0x00000000-0x00000016
00:00:00.266933                              Family:  6 	Extended: 0 	Effective: 6
00:00:00.266934                               Model: 14 	Extended: 9 	Effective: 158
00:00:00.266936                            Stepping: 9
00:00:00.266936                                Type: 0 (primary)
00:00:00.266937                             APIC ID: 0x00
00:00:00.266938                        Logical CPUs: 1
00:00:00.266938                        CLFLUSH Size: 8
00:00:00.266939                            Brand ID: 0x00
00:00:00.266940 Features
00:00:00.266940   Mnemonic - Description                                  = guest (host)
00:00:00.266941   FPU - x87 FPU on Chip                                   = 1 (1)
00:00:00.266942   VME - Virtual 8086 Mode Enhancements                    = 1 (1)
00:00:00.266943   DE - Debugging extensions                               = 1 (1)
00:00:00.266944   PSE - Page Size Extension                               = 1 (1)
00:00:00.266945   TSC - Time Stamp Counter                                = 1 (1)
00:00:00.266946   MSR - Model Specific Registers                          = 1 (1)
00:00:00.266946   PAE - Physical Address Extension                        = 1 (1)
00:00:00.266947   MCE - Machine Check Exception                           = 1 (1)
00:00:00.266948   CX8 - CMPXCHG8B instruction                             = 1 (1)
00:00:00.266949   APIC - APIC On-Chip                                     = 1 (1)
00:00:00.266950   SEP - SYSENTER and SYSEXIT Present                      = 1 (1)
00:00:00.266950   MTRR - Memory Type Range Registers                      = 1 (1)
00:00:00.266951   PGE - PTE Global Bit                                    = 1 (1)
00:00:00.266952   MCA - Machine Check Architecture                        = 1 (1)
00:00:00.266953   CMOV - Conditional Move instructions                    = 1 (1)
00:00:00.266953   PAT - Page Attribute Table                              = 1 (1)
00:00:00.266954   PSE-36 - 36-bit Page Size Extension                     = 1 (1)
00:00:00.266955   PSN - Processor Serial Number                           = 0 (0)
00:00:00.266956   CLFSH - CLFLUSH instruction                             = 1 (1)
00:00:00.266956   DS - Debug Store                                        = 0 (1)
00:00:00.266957   ACPI - Thermal Mon. & Soft. Clock Ctrl.                 = 0 (1)
00:00:00.266958   MMX - Intel MMX Technology                              = 1 (1)
00:00:00.266959   FXSR - FXSAVE and FXRSTOR instructions                  = 1 (1)
00:00:00.266960   SSE - SSE support                                       = 1 (1)
00:00:00.266961   SSE2 - SSE2 support                                     = 1 (1)
00:00:00.266961   SS - Self Snoop                                         = 0 (1)
00:00:00.266962   HTT - Hyper-Threading Technology                        = 1 (1)
00:00:00.266963   TM - Therm. Monitor                                     = 0 (1)
00:00:00.266964   PBE - Pending Break Enabled                             = 0 (1)
00:00:00.266965   SSE3 - SSE3 support                                     = 1 (1)
00:00:00.266966   PCLMUL - PCLMULQDQ support (for AES-GCM)                = 1 (1)
00:00:00.266966   DTES64 - DS Area 64-bit Layout                          = 0 (1)
00:00:00.266967   MONITOR - MONITOR/MWAIT instructions                    = 1 (1)
00:00:00.266968   CPL-DS - CPL Qualified Debug Store                      = 0 (1)
00:00:00.266969   VMX - Virtual Machine Extensions                        = 0 (1)
00:00:00.266969   SMX - Safer Mode Extensions                             = 0 (0)
00:00:00.266970   EST - Enhanced SpeedStep Technology                     = 0 (1)
00:00:00.266971   TM2 - Terminal Monitor 2                                = 0 (1)
00:00:00.266972   SSSE3 - Supplemental Streaming SIMD Extensions 3        = 1 (1)
00:00:00.266972   CNTX-ID - L1 Context ID                                 = 0 (0)
00:00:00.266973   SDBG - Silicon Debug interface                          = 0 (1)
00:00:00.266974   FMA - Fused Multiply Add extensions                     = 0 (1)
00:00:00.266975   CX16 - CMPXCHG16B instruction                           = 1 (1)
00:00:00.266975   TPRUPDATE - xTPR Update Control                         = 0 (1)
00:00:00.266976   PDCM - Perf/Debug Capability MSR                        = 0 (1)
00:00:00.266977   PCID - Process Context Identifiers                      = 1 (1)
00:00:00.266978   DCA - Direct Cache Access                               = 0 (0)
00:00:00.266979   SSE4_1 - SSE4_1 support                                 = 1 (1)
00:00:00.266979   SSE4_2 - SSE4_2 support                                 = 1 (1)
00:00:00.266980   X2APIC - x2APIC support                                 = 1 (1)
00:00:00.266981   MOVBE - MOVBE instruction                               = 1 (1)
00:00:00.266982   POPCNT - POPCNT instruction                             = 1 (1)
00:00:00.266983   TSCDEADL - Time Stamp Counter Deadline                  = 0 (1)
00:00:00.266983   AES - AES instructions                                  = 1 (1)
00:00:00.266984   XSAVE - XSAVE instruction                               = 1 (1)
00:00:00.266985   OSXSAVE - OSXSAVE instruction                           = 0 (1)
00:00:00.266986   AVX - AVX support                                       = 1 (1)
00:00:00.266987   F16C - 16-bit floating point conversion instructions    = 0 (1)
00:00:00.266987   RDRAND - RDRAND instruction                             = 1 (1)
00:00:00.266988   HVP - Hypervisor Present (we're a guest)                = 1 (0)
00:00:00.266989 Structured Extended Feature Flags Enumeration (leaf 7):
00:00:00.266990   Mnemonic - Description                                  = guest (host)
00:00:00.266990   FSGSBASE - RDFSBASE/RDGSBASE/WRFSBASE/WRGSBASE instr.   = 1 (1)
00:00:00.266991   TSCADJUST - Supports MSR_IA32_TSC_ADJUST                = 0 (1)
00:00:00.266991   SGX - Supports Software Guard Extensions                = 0 (1)
00:00:00.266992   BMI1 - Advanced Bit Manipulation extension 1            = 0 (1)
00:00:00.266992   HLE - Hardware Lock Elision                             = 0 (0)
00:00:00.266993   AVX2 - Advanced Vector Extensions 2                     = 1 (1)
00:00:00.266994   FDP_EXCPTN_ONLY - FPU DP only updated on exceptions     = 0 (0)
00:00:00.266995   SMEP - Supervisor Mode Execution Prevention             = 0 (1)
00:00:00.266995   BMI2 - Advanced Bit Manipulation extension 2            = 0 (1)
00:00:00.266996   ERMS - Enhanced REP MOVSB/STOSB instructions            = 0 (1)
00:00:00.266996   INVPCID - INVPCID instruction                           = 1 (1)
00:00:00.266997   RTM - Restricted Transactional Memory                   = 0 (0)
00:00:00.266998   PQM - Platform Quality of Service Monitoring            = 0 (0)
00:00:00.266998   DEPFPU_CS_DS - Deprecates FPU CS, FPU DS values if set  = 1 (1)
00:00:00.266999   MPE - Intel Memory Protection Extensions                = 0 (1)
00:00:00.267000   PQE - Platform Quality of Service Enforcement           = 0 (0)
00:00:00.267000   AVX512F - AVX512 Foundation instructions                = 0 (0)
00:00:00.267001   RDSEED - RDSEED instruction                             = 1 (1)
00:00:00.267002   ADX - ADCX/ADOX instructions                            = 0 (1)
00:00:00.267003   SMAP - Supervisor Mode Access Prevention                = 0 (1)
00:00:00.267003   CLFLUSHOPT - CLFLUSHOPT (Cache Line Flush) instruction  = 1 (1)
00:00:00.267004   INTEL_PT - Intel Processor Trace                        = 0 (1)
00:00:00.267005   AVX512PF - AVX512 Prefetch instructions                 = 0 (0)
00:00:00.267005   AVX512ER - AVX512 Exponential & Reciprocal instructions = 0 (0)
00:00:00.267006   AVX512CD - AVX512 Conflict Detection instructions       = 0 (0)
00:00:00.267006   SHA - Secure Hash Algorithm extensions                  = 0 (0)
00:00:00.267007   PREFETCHWT1 - PREFETCHWT1 instruction                   = 0 (0)
00:00:00.267008   UMIP - User mode insturction prevention                 = 0 (0)
00:00:00.267009   PKU - Protection Key for Usermode pages                 = 0 (0)
00:00:00.267009   OSPKE - CR4.PKU mirror                                  = 0 (0)
00:00:00.267010   MAWAU - Value used by BNDLDX & BNDSTX                   = 0x0 (0x0)
00:00:00.267011   RDPID - Read processor ID support                       = 0 (0)
00:00:00.267012   SGX_LC - Supports SGX Launch Configuration              = 0 (0)
00:00:00.267013    9 - Reserved                                           = 0 (1)
00:00:00.267014   MD_CLEAR - Supports MDS related buffer clearing         = 1 (1)
00:00:00.267015   11 - Reserved                                           = 0 (1)
00:00:00.267016   13 - Reserved                                           = 0 (1)
00:00:00.267017   IBRS_IBPB - IA32_SPEC_CTRL.IBRS and IA32_PRED_CMD.IBPB  = 0 (1)
00:00:00.267017   STIBP - Supports IA32_SPEC_CTRL.STIBP                   = 0 (1)
00:00:00.267018   FLUSH_CMD - Supports IA32_FLUSH_CMD                     = 1 (1)
00:00:00.267019   ARCHCAP - Supports IA32_ARCH_CAP                        = 0 (0)
00:00:00.267019   CORECAP - Supports IA32_CORE_CAP                        = 0 (0)
00:00:00.267020   SSBD - Supports IA32_SPEC_CTRL.SSBD                     = 0 (1)
00:00:00.267021 Processor Extended State Enumeration (leaf 0xd):
00:00:00.267022    XSAVE area cur/max size by XCR0, guest: 0x340/0x340
00:00:00.267023     XSAVE area cur/max size by XCR0, host: 0x440/0x440
00:00:00.267023                    Valid XCR0 bits, guest: 0x00000000`00000007 ( x87 SSE YMM_Hi128 )
00:00:00.267025                     Valid XCR0 bits, host: 0x00000000`0000001f ( x87 SSE YMM_Hi128 BNDREGS BNDCSR )
00:00:00.267027                     XSAVE features, guest:
00:00:00.267027                      XSAVE features, host: XSAVEOPT XSAVEC XGETBC1 XSAVES
00:00:00.267029       XSAVE area cur size XCR0|XSS, guest: 0x3c0
00:00:00.267029        XSAVE area cur size XCR0|XSS, host: 0x3c0
00:00:00.267030                Valid IA32_XSS bits, guest: 0x00000000`00000000
00:00:00.267030                 Valid IA32_XSS bits, host: 0x00000100`00000000 ( 40 )
00:00:00.267032   State #2, guest: off=0x0240, cb=0x0100 IA32_XSS-bit -- YMM_Hi128
00:00:00.267033   State #2, host:  off=0x0240, cb=0x0100 IA32_XSS-bit -- YMM_Hi128
00:00:00.267034   State #3, host:  off=0x03c0, cb=0x0040 IA32_XSS-bit -- BNDREGS
00:00:00.267035   State #4, host:  off=0x0400, cb=0x0040 IA32_XSS-bit -- BNDCSR
00:00:00.267037   State #8, host:  off=0x0000, cb=0x0080 XCR0-bit -- 8
00:00:00.267046          Unknown CPUID Leaves
00:00:00.267046      Leaf/sub-leaf  eax      ebx      ecx      edx
00:00:00.267047 Gst: 00000014/0001  00000000 00000000 00000000 00000000
00:00:00.267047 Hst:                02490002 003f3fff 00000000 00000000
00:00:00.267048 Gst: 00000014/0002  00000000 00000000 00000000 00000000
00:00:00.267049 Hst:                00000000 00000000 00000000 00000000
00:00:00.267050 Gst: 00000015/0000  00000000 00000000 00000000 00000000
00:00:00.267050 Hst:                00000002 000000d0 00000000 00000000
00:00:00.267051 Gst: 00000016/0000  00000000 00000000 00000000 00000000
00:00:00.267051 Hst:                000009c4 00000dac 00000064 00000000
00:00:00.267052          Raw Hypervisor CPUID Leaves
00:00:00.267053      Leaf/sub-leaf  eax      ebx      ecx      edx
00:00:00.267053 Gst: 40000000/0000  40000001 4b4d564b 564b4d56 0000004d
00:00:00.267054 Hst:                000009c4 00000dac 00000064 00000000
00:00:00.267055 Gst: 40000001/0000  01000089 00000000 00000000 00000000
00:00:00.267056 Hst:                000009c4 00000dac 00000064 00000000
00:00:00.267057          Raw Extended CPUID Leaves
00:00:00.267057      Leaf/sub-leaf  eax      ebx      ecx      edx
00:00:00.267057 Gst: 80000000/0000  80000008 00000000 00000000 00000000
00:00:00.267058 Hst:                80000008 00000000 00000000 00000000
00:00:00.267059 Gst: 80000001/0000  00000000 00000000 00000121 28100800
00:00:00.267059 Hst:                00000000 00000000 00000121 2c100800
00:00:00.267060 Gst: 80000002/0000  65746e49 2952286c 726f4320 4d542865
00:00:00.267061 Hst:                65746e49 2952286c 726f4320 4d542865
00:00:00.267063 Gst: 80000003/0000  35692029 3033372d 20514830 20555043
00:00:00.267064 Hst:                35692029 3033372d 20514830 20555043
00:00:00.267065 Gst: 80000004/0000  2e322040 48473035 0000007a 00000000
00:00:00.267066 Hst:                2e322040 48473035 0000007a 00000000
00:00:00.267066 Gst: 80000005/0000  00000000 00000000 00000000 00000000
00:00:00.267067 Hst:                00000000 00000000 00000000 00000000
00:00:00.267067 Gst: 80000006/0000  00000000 00000000 01006040 00000000
00:00:00.267068 Hst:                00000000 00000000 01006040 00000000
00:00:00.267069 Gst: 80000007/0000  00000000 00000000 00000000 00000100
00:00:00.267069 Hst:                00000000 00000000 00000000 00000100
00:00:00.267070 Gst: 80000008/0000  00003027 00000000 00000000 00000000
00:00:00.267071 Hst:                00003027 00000000 00000000 00000000
00:00:00.267071 Ext Name:                        
00:00:00.267072 Ext Supports:                    0x80000000-0x80000008
00:00:00.267072 Family:                          0  	Extended: 0 	Effective: 0
00:00:00.267073 Model:                           0  	Extended: 0 	Effective: 0
00:00:00.267073 Stepping:                        0
00:00:00.267074 Brand ID:                        0x000
00:00:00.267074 Ext Features
00:00:00.267074   Mnemonic - Description                                  = guest (host)
00:00:00.267075   FPU - x87 FPU on Chip                                   = 0 (0)
00:00:00.267076   VME - Virtual 8086 Mode Enhancements                    = 0 (0)
00:00:00.267076   DE - Debugging extensions                               = 0 (0)
00:00:00.267077   PSE - Page Size Extension                               = 0 (0)
00:00:00.267078   TSC - Time Stamp Counter                                = 0 (0)
00:00:00.267079   MSR - K86 Model Specific Registers                      = 0 (0)
00:00:00.267080   PAE - Physical Address Extension                        = 0 (0)
00:00:00.267080   MCE - Machine Check Exception                           = 0 (0)
00:00:00.267081   CX8 - CMPXCHG8B instruction                             = 0 (0)
00:00:00.267082   APIC - APIC On-Chip                                     = 0 (0)
00:00:00.267083   SEP - SYSCALL/SYSRET                                    = 1 (1)
00:00:00.267084   MTRR - Memory Type Range Registers                      = 0 (0)
00:00:00.267084   PGE - PTE Global Bit                                    = 0 (0)
00:00:00.267085   MCA - Machine Check Architecture                        = 0 (0)
00:00:00.267086   CMOV - Conditional Move instructions                    = 0 (0)
00:00:00.267087   PAT - Page Attribute Table                              = 0 (0)
00:00:00.267087   PSE-36 - 36-bit Page Size Extension                     = 0 (0)
00:00:00.267088   NX - No-Execute/Execute-Disable                         = 1 (1)
00:00:00.267089   AXMMX - AMD Extensions to MMX instructions              = 0 (0)
00:00:00.267090   MMX - Intel MMX Technology                              = 0 (0)
00:00:00.267090   FXSR - FXSAVE and FXRSTOR Instructions                  = 0 (0)
00:00:00.267091   FFXSR - AMD fast FXSAVE and FXRSTOR instructions        = 0 (0)
00:00:00.267092   Page1GB - 1 GB large page                               = 0 (1)
00:00:00.267092   RDTSCP - RDTSCP instruction                             = 1 (1)
00:00:00.267093   LM - AMD64 Long Mode                                    = 1 (1)
00:00:00.267094   3DNOWEXT - AMD Extensions to 3DNow                      = 0 (0)
00:00:00.267095   3DNOW - AMD 3DNow                                       = 0 (0)
00:00:00.267096   LahfSahf - LAHF/SAHF support in 64-bit mode             = 1 (1)
00:00:00.267096   CmpLegacy - Core multi-processing legacy mode           = 0 (0)
00:00:00.267097   SVM - AMD Secure Virtual Machine extensions             = 0 (0)
00:00:00.267098   EXTAPIC - AMD Extended APIC registers                   = 0 (0)
00:00:00.267098   CR8L - AMD LOCK MOV CR0 means MOV CR8                   = 0 (0)
00:00:00.267099   ABM - AMD Advanced Bit Manipulation                     = 1 (1)
00:00:00.267100   SSE4A - SSE4A instructions                              = 0 (0)
00:00:00.267101   MISALIGNSSE - AMD Misaligned SSE mode                   = 0 (0)
00:00:00.267101   3DNOWPRF - AMD PREFETCH and PREFETCHW instructions      = 1 (1)
00:00:00.267102   OSVW - AMD OS Visible Workaround                        = 0 (0)
00:00:00.267103   IBS - Instruct Based Sampling                           = 0 (0)
00:00:00.267103   XOP - Extended Operation support                        = 0 (0)
00:00:00.267104   SKINIT - SKINIT, STGI, and DEV support                  = 0 (0)
00:00:00.267105   WDT - AMD Watchdog Timer support                        = 0 (0)
00:00:00.267106   LWP - Lightweight Profiling support                     = 0 (0)
00:00:00.267106   FMA4 - Four operand FMA instruction support             = 0 (0)
00:00:00.267107   NodeId - NodeId in MSR C001_100C                        = 0 (0)
00:00:00.267108   TBM - Trailing Bit Manipulation instructions            = 0 (0)
00:00:00.267109   TOPOEXT - Topology Extensions                           = 0 (0)
00:00:00.267109   PRFEXTCORE - Performance Counter Extensions support     = 0 (0)
00:00:00.267110   PRFEXTNB - NB Performance Counter Extensions support    = 0 (0)
00:00:00.267110   DATABPEXT - Data-access Breakpoint Extension            = 0 (0)
00:00:00.267111   PERFTSC - Performance Time Stamp Counter                = 0 (0)
00:00:00.267112   PCX_L2I - L2I/L3 Performance Counter Extensions         = 0 (0)
00:00:00.267112   MWAITX - MWAITX and MONITORX instructions               = 0 (0)
00:00:00.267113 Full Name:                       "Intel(R) Core(TM) i5-7300HQ CPU @ 2.50GHz"
00:00:00.267114 TLB 2/4M Instr/Uni:              res0     0 entries
00:00:00.267114 TLB 2/4M Data:                   res0     0 entries
00:00:00.267115 TLB 4K Instr/Uni:                res0     0 entries
00:00:00.267115 TLB 4K Data:                     res0     0 entries
00:00:00.267116 L1 Instr Cache Line Size:        0 bytes
00:00:00.267116 L1 Instr Cache Lines Per Tag:    0
00:00:00.267116 L1 Instr Cache Associativity:    res0  
00:00:00.267117 L1 Instr Cache Size:             0 KB
00:00:00.267117 L1 Data Cache Line Size:         0 bytes
00:00:00.267117 L1 Data Cache Lines Per Tag:     0
00:00:00.267118 L1 Data Cache Associativity:     res0  
00:00:00.267118 L1 Data Cache Size:              0 KB
00:00:00.267118 L2 TLB 2/4M Instr/Uni:           off       0 entries
00:00:00.267119 L2 TLB 2/4M Data:                off       0 entries
00:00:00.267119 L2 TLB 4K Instr/Uni:             off       0 entries
00:00:00.267120 L2 TLB 4K Data:                  off       0 entries
00:00:00.267120 L2 Cache Line Size:              0 bytes
00:00:00.267120 L2 Cache Lines Per Tag:          0
00:00:00.267121 L2 Cache Associativity:          off   
00:00:00.267121 L2 Cache Size:                   0 KB
00:00:00.267121   TS - Temperature Sensor                                 = 0 (0)
00:00:00.267122   FID - Frequency ID control                              = 0 (0)
00:00:00.267123   VID - Voltage ID control                                = 0 (0)
00:00:00.267124   TscInvariant - Invariant Time Stamp Counter             = 1 (1)
00:00:00.267125   CBP - Core Performance Boost                            = 0 (0)
00:00:00.267126   EffFreqRO - Read-only Effective Frequency Interface     = 0 (0)
00:00:00.267126   ProcFdbkIf - Processor Feedback Interface               = 0 (0)
00:00:00.267127   ProcPwrRep - Core power reporting interface support     = 0 (0)
00:00:00.267128 Physical Address Width:          39 bits
00:00:00.267128 Virtual Address Width:           48 bits
00:00:00.267128 Guest Physical Address Width:    0 bits
00:00:00.267129 Physical Core Count:             1
00:00:00.267130 
00:00:00.267130 ******************** End of CPUID dump **********************
00:00:00.267131 *********************** VT-x features ***********************
00:00:00.267132 Nested hardware virtualization - VMX features
00:00:00.267132   Mnemonic - Description                                  = guest (host)
00:00:00.267132   VMX - Virtual-Machine Extensions                        = 0 (1)
00:00:00.267133   InsOutInfo - INS/OUTS instruction info.                 = 0 (1)
00:00:00.267133   ExtIntExit - External interrupt exiting                 = 0 (1)
00:00:00.267134   NmiExit - NMI exiting                                   = 0 (1)
00:00:00.267134   VirtNmi - Virtual NMIs                                  = 0 (1)
00:00:00.267135   PreemptTimer - VMX preemption timer                     = 0 (1)
00:00:00.267135   PostedInt - Posted interrupts                           = 0 (0)
00:00:00.267135   IntWindowExit - Interrupt-window exiting                = 0 (1)
00:00:00.267136   TscOffsetting - TSC offsetting                          = 0 (1)
00:00:00.267136   HltExit - HLT exiting                                   = 0 (1)
00:00:00.267137   InvlpgExit - INVLPG exiting                             = 0 (1)
00:00:00.267137   MwaitExit - MWAIT exiting                               = 0 (1)
00:00:00.267137   RdpmcExit - RDPMC exiting                               = 0 (1)
00:00:00.267138   RdtscExit - RDTSC exiting                               = 0 (1)
00:00:00.267138   Cr3LoadExit - CR3-load exiting                          = 0 (1)
00:00:00.267139   Cr3StoreExit - CR3-store exiting                        = 0 (1)
00:00:00.267139   Cr8LoadExit  - CR8-load exiting                         = 0 (1)
00:00:00.267139   Cr8StoreExit - CR8-store exiting                        = 0 (1)
00:00:00.267140   UseTprShadow - Use TPR shadow                           = 0 (1)
00:00:00.267140   NmiWindowExit - NMI-window exiting                      = 0 (1)
00:00:00.267141   MovDRxExit - Mov-DR exiting                             = 0 (1)
00:00:00.267141   UncondIoExit - Unconditional I/O exiting                = 0 (1)
00:00:00.267141   UseIoBitmaps - Use I/O bitmaps                          = 0 (1)
00:00:00.267142   MonitorTrapFlag - Monitor Trap Flag                     = 0 (1)
00:00:00.267142   UseMsrBitmaps - MSR bitmaps                             = 0 (1)
00:00:00.267143   MonitorExit - MONITOR exiting                           = 0 (1)
00:00:00.267143   PauseExit - PAUSE exiting                               = 0 (1)
00:00:00.267143   SecondaryExecCtl - Activate secondary controls          = 0 (1)
00:00:00.267144   VirtApic - Virtualize-APIC accesses                     = 0 (1)
00:00:00.267144   Ept - Extended Page Tables                              = 0 (1)
00:00:00.267144   DescTableExit - Descriptor-table exiting                = 0 (1)
00:00:00.267145   Rdtscp - Enable RDTSCP                                  = 0 (1)
00:00:00.267145   VirtX2ApicMode - Virtualize-x2APIC mode                 = 0 (1)
00:00:00.267146   Vpid - Enable VPID                                      = 0 (1)
00:00:00.267146   WbinvdExit - WBINVD exiting                             = 0 (1)
00:00:00.267146   UnrestrictedGuest - Unrestricted guest                  = 0 (1)
00:00:00.267147   ApicRegVirt - APIC-register virtualization              = 0 (0)
00:00:00.267147   VirtIntDelivery - Virtual-interrupt delivery            = 0 (0)
00:00:00.267148   PauseLoopExit - PAUSE-loop exiting                      = 0 (1)
00:00:00.267148   RdrandExit - RDRAND exiting                             = 0 (1)
00:00:00.267148   Invpcid - Enable INVPCID                                = 0 (1)
00:00:00.267149   VmFuncs - Enable VM Functions                           = 0 (1)
00:00:00.267149   VmcsShadowing - VMCS shadowing                          = 0 (0)
00:00:00.267150   RdseedExiting - RDSEED exiting                          = 0 (1)
00:00:00.267150   PML - Page-Modification Log (PML)                       = 0 (1)
00:00:00.267150   EptVe - EPT violations can cause #VE                    = 0 (1)
00:00:00.267151   XsavesXRstors - Enable XSAVES/XRSTORS                   = 0 (1)
00:00:00.267151   EntryLoadDebugCtls - Load debug controls on VM-entry    = 0 (1)
00:00:00.267151   Ia32eModeGuest - IA-32e mode guest                      = 0 (1)
00:00:00.267152   EntryLoadEferMsr - Load IA32_EFER MSR on VM-entry       = 0 (1)
00:00:00.267152   EntryLoadPatMsr - Load IA32_PAT MSR on VM-entry         = 0 (1)
00:00:00.267153   ExitSaveDebugCtls - Save debug controls on VM-exit      = 0 (1)
00:00:00.267153   HostAddrSpaceSize - Host address-space size             = 0 (1)
00:00:00.267153   ExitAckExtInt - Acknowledge interrupt on VM-exit        = 0 (1)
00:00:00.267154   ExitSavePatMsr - Save IA32_PAT MSR on VM-exit           = 0 (1)
00:00:00.267154   ExitLoadPatMsr - Load IA32_PAT MSR on VM-exit           = 0 (1)
00:00:00.267155   ExitSaveEferMsr - Save IA32_EFER MSR on VM-exit         = 0 (1)
00:00:00.267155   ExitLoadEferMsr - Load IA32_EFER MSR on VM-exit         = 0 (1)
00:00:00.267155   SavePreemptTimer - Save VMX-preemption timer            = 0 (1)
00:00:00.267156   ExitSaveEferLma - Save IA32_EFER.LMA on VM-exit         = 0 (1)
00:00:00.267156   IntelPt - Intel PT (Processor Trace) in VMX operation   = 0 (1)
00:00:00.267157   VmwriteAll - VMWRITE to any supported VMCS field        = 0 (1)
00:00:00.267157   EntryInjectSoftInt - Inject softint. with 0-len instr.  = 0 (1)
00:00:00.267157 
00:00:00.267158 ******************* End of VT-x features ********************
00:00:00.267175 VMEmt: Halt method global1 (5)
00:00:00.267203 VMEmt: HaltedGlobal1 config: cNsSpinBlockThresholdCfg=2000
00:00:00.267208 Changing the VM state from 'CREATING' to 'CREATED'
00:00:00.269697 Changing the VM state from 'CREATED' to 'POWERING_ON'
00:00:00.269740 AIOMgr: Endpoints without assigned bandwidth groups:
00:00:00.269745 AIOMgr:     /home/vamsi/Documents/Acads/Sem 7/Computer Networks/Lab/Lab8/lab8_network/VMImages/h3/Snapshots/{02ffefb6-eda2-4ed4-8873-dda50f8bdeb1}.vdi
00:00:00.269748 AIOMgr:     /home/vamsi/Documents/Acads/Sem 7/Computer Networks/Lab/Lab8/lab8_network/VMImages/base/Snapshots/{ca230307-de07-4ee1-b500-8daa8ed4ebc4}.vdi
00:00:00.269750 AIOMgr:     /home/vamsi/Documents/Acads/Sem 7/Computer Networks/Lab/Lab8/lab8_network/VMImages/base/Snapshots/{8f83ab64-891d-4e29-8532-09d2e668c3dd}.vdi
00:00:00.269753 AIOMgr:     /home/vamsi/Documents/Acads/Sem 7/Computer Networks/Lab/Lab8/lab8_network/VMImages/base/base.vdi
00:00:00.270703 Changing the VM state from 'POWERING_ON' to 'RUNNING'
00:00:00.270717 Console: Machine state changed to 'Running'
00:00:00.271731 VBoxHeadless: starting event loop
00:00:00.272742 VMMDev: Guest Log: BIOS: VirtualBox 6.1.26
00:00:00.272800 PCI: Setting up resources and interrupts
00:00:00.273037 PIT: mode=2 count=0x10000 (65536) - 18.20 Hz (ch=0)
00:00:00.293573 Display::i_handleDisplayResize: uScreenId=0 pvVRAM=0000000000000000 w=720 h=400 bpp=0 cbLine=0x0 flags=0x0 origin=0,0
00:00:00.293907 VMMDev: Guest Log: CPUID EDX: 0x178bfbff
00:00:00.293965 PIIX3 ATA: Ctl#0: RESET, DevSel=0 AIOIf=0 CmdIf0=0x00 (-1 usec ago) CmdIf1=0x00 (-1 usec ago)
00:00:00.295132 PIIX3 ATA: Ctl#0: finished processing RESET
00:00:00.295845 AHCI#0: Reset the HBA
00:00:00.295852 VD#0: Cancelling all active requests
00:00:00.295910 AHCI#0: Port 0 reset
00:00:00.295927 VD#0: Cancelling all active requests
00:00:00.296450 VMMDev: Guest Log: BIOS: AHCI 0-P#0: PCHS=2212/16/63 LCHS=553/64/63 0x00000000002205c6 sectors
00:00:00.297626 PIT: mode=2 count=0x48d3 (18643) - 64.00 Hz (ch=0)
00:00:00.313306 Display::i_handleDisplayResize: uScreenId=0 pvVRAM=00007fdd106c0000 w=640 h=480 bpp=32 cbLine=0xA00 flags=0x0 origin=0,0
00:00:02.778858 PIT: mode=2 count=0x10000 (65536) - 18.20 Hz (ch=0)
00:00:02.779207 VMMDev: Guest Log: BIOS: Boot : bseqnr=1, bootseq=0231
00:00:02.779484 VMMDev: Guest Log: BIOS: Boot from Floppy 0 failed
00:00:02.779790 VMMDev: Guest Log: BIOS: Boot : bseqnr=2, bootseq=0023
00:00:02.780384 VMMDev: Guest Log: BIOS: CDROM boot failure code : 0003
00:00:02.780910 VMMDev: Guest Log: BIOS: Boot from CD-ROM failed
00:00:02.781223 VMMDev: Guest Log: BIOS: Boot : bseqnr=3, bootseq=0002
00:00:02.839848 Display::i_handleDisplayResize: uScreenId=0 pvVRAM=0000000000000000 w=720 h=400 bpp=0 cbLine=0x0 flags=0x0 origin=0,0
00:00:03.349799 VMMDev: Guest Log: BIOS: Booting from Hard Disk...
00:00:08.484011 VMMDev: Guest Log: BIOS: KBD: unsupported int 16h function 03
00:00:08.484224 VMMDev: Guest Log: BIOS: AX=0305 BX=0000 CX=0000 DX=0000 
00:00:08.591512 GIM: KVM: VCPU  0: Enabled system-time struct. at 0x00000000008d1000 - u32TscScale=0xcd215813 i8TscShift=-1 uVersion=2 fFlags=0x1 uTsc=0x4d5c3d021 uVirtNanoTS=0x1efe782e0 TscKHz=2495974
00:00:08.591554 TM: Switching TSC mode from 'Dynamic' to 'RealTscOffset'
00:00:08.614019 GIM: KVM: Enabled wall-clock struct. at 0x00000000008d0004 - u32Sec=1635659570 u32Nano=282307883 uVersion=2
00:00:08.621163 PIT: mode=2 count=0xf89 (3977) - 300.02 Hz (ch=0)
00:00:08.734364 PIT: mode=0 count=0x10000 (65536) - 18.20 Hz (ch=0)
00:00:08.804434 OHCI: Software reset
00:00:08.960382 AHCI#0: Reset the HBA
00:00:08.960402 VD#0: Cancelling all active requests
00:00:08.961167 AHCI#0: Port 0 reset
00:00:08.962223 OHCI: USB Reset
00:00:08.962223 PIIX3 ATA: Ctl#0: RESET, DevSel=0 AIOIf=0 CmdIf0=0xa0 (-1 usec ago) CmdIf1=0x00 (-1 usec ago)
00:00:08.962223 PIIX3 ATA: Ctl#0: finished processing RESET
00:00:09.008023 VD#0: Cancelling all active requests
00:00:09.052127 OHCI: Software reset
00:00:09.052417 OHCI: USB Operational
00:00:09.567413 VMMDev: Guest Log: vboxguest: host-version: 6.1.26r145957 0x8000000f
00:00:09.567657 VMMDev: Guest Additions information report: Version 5.2.0 r68940 '5.2.0'
00:00:09.567682 VMMDev: Guest Additions information report: Interface = 0x00010004 osType = 0x00053000 (Linux >= 2.6, 32-bit)
00:00:09.567747 VMMDev: Guest Additions capability report: (0x0 -> 0x0) seamless: no, hostWindowMapping: no, graphics: no
00:00:09.567784 VMMDev: vmmDevReqHandler_HeartbeatConfigure: No change (fHeartbeatActive=false)
00:00:09.567807 VMMDev: Heartbeat flatline timer set to trigger after 4 000 000 000 ns
00:00:09.568243 VMMDev: Guest Log: vbg_heartbeat_init: Setting up heartbeat to trigger every 2000 milliseconds
00:00:09.568823 VMMDev: Guest Log: vboxguest: misc device minor 56, IRQ 20, I/O port d040, MMIO at 0xf0400000 (size 0x00400000)
00:00:12.994401 NAT: Link up
00:00:13.567811 VMMDev: vmmDevHeartbeatFlatlinedTimer: Guest seems to be unresponsive. Last heartbeat received 4 seconds ago
00:00:33.855249 NAT: Old socket recv size: 128KB
00:00:33.855281 NAT: Old socket send size: 128KB
00:05:22.382698 VMMDev: GuestHeartBeat: Guest is alive (gone 312 814 891 714 ns)
