00:00:00.013806 VirtualBox VM 6.1.26 r145957 linux.amd64 (Jul 28 2021 20:08:35) release log
00:00:00.013807 Log opened 2021-10-31T05:52:30.750383000Z
00:00:00.013808 Build Type: release
00:00:00.013811 OS Product: Linux
00:00:00.013812 OS Release: 5.4.0-89-generic
00:00:00.013813 OS Version: #100~18.04.1-Ubuntu SMP Wed Sep 29 10:59:42 UTC 2021
00:00:00.013829 DMI Product Name: Predator G9-593
00:00:00.013835 DMI Product Version: V1.13
00:00:00.013840 Firmware type: UEFI
00:00:00.014501 Secure Boot: Disabled
00:00:00.014574 Host RAM: 15952MB (15.5GB) total, 11563MB (11.2GB) available
00:00:00.014578 Executable: /usr/lib/virtualbox/VBoxHeadless
00:00:00.014578 Process ID: 30214
00:00:00.014578 Package type: LINUX_64BITS_UBUNTU_18_04
00:00:00.277452 Installed Extension Packs:
00:00:00.277477   None installed!
00:00:00.279233 Console: Machine state changed to 'Starting'
00:00:00.586926 SUP: Opened VMMR0.r0 (/usr/lib/virtualbox/VMMR0.r0) at 0xXXXXXXXXXXXXXXXX.
00:00:00.590201 Guest OS type: 'Ubuntu_64'
00:00:00.594756 fHMForced=true - No raw-mode support in this build!
00:00:00.612226 File system of '/home/vamsi/Documents/Acads/Sem 7/Computer Networks/Lab/Lab8/lab8_network/VMImages/h2/Snapshots' (snapshots) is ext4
00:00:00.612251 File system of '/home/vamsi/Documents/Acads/Sem 7/Computer Networks/Lab/Lab8/lab8_network/VMImages/h2/Snapshots/{a52678ea-7277-4541-8ef7-7de3ae5f7645}.vdi' is ext4
00:00:00.644795 Shared Clipboard: Service loaded
00:00:00.644824 Shared Clipboard: Mode: Off
00:00:00.644873 Shared Clipboard: Service running in headless mode
00:00:00.646318 Drag and drop service loaded
00:00:00.646330 Drag and drop mode: Off
00:00:00.646354 ************************* CFGM dump *************************
00:00:00.646354 [/] (level 0)
00:00:00.646354   CpuExecutionCap   <integer> = 0x0000000000000064 (100)
00:00:00.646354   EnablePAE         <integer> = 0x0000000000000000 (0)
00:00:00.646354   HMEnabled         <integer> = 0x0000000000000001 (1)
00:00:00.646354   MemBalloonSize    <integer> = 0x0000000000000000 (0)
00:00:00.646354   Name              <string>  = "h2" (cb=3)
00:00:00.646354   NumCPUs           <integer> = 0x0000000000000001 (1)
00:00:00.646354   PageFusionAllowed <integer> = 0x0000000000000000 (0)
00:00:00.646354   RamHoleSize       <integer> = 0x0000000020000000 (536 870 912, 512 MB)
00:00:00.646355   RamSize           <integer> = 0x0000000040000000 (1 073 741 824, 1 024 MB)
00:00:00.646355   TimerMillies      <integer> = 0x000000000000000a (10)
00:00:00.646355   UUID              <bytes>   = "d8 f3 b6 31 8c fc 42 43 b5 38 30 2e bd 8a 1e 4e" (cb=16)
00:00:00.646355 
00:00:00.646355 [/CPUM/] (level 1)
00:00:00.646355   GuestCpuName       <string>  = "host" (cb=5)
00:00:00.646355   NestedHWVirt       <integer> = 0x0000000000000000 (0)
00:00:00.646355   PortableCpuIdLevel <integer> = 0x0000000000000000 (0)
00:00:00.646355   SpecCtrl           <integer> = 0x0000000000000000 (0)
00:00:00.646355 
00:00:00.646355 [/CPUM/IsaExts/] (level 2)
00:00:00.646355 
00:00:00.646355 [/DBGC/] (level 1)
00:00:00.646355   GlobalInitScript <string>  = "/home/vamsi/.config/VirtualBox/dbgc-init" (cb=41)
00:00:00.646355   HistoryFile      <string>  = "/home/vamsi/.config/VirtualBox/dbgc-history" (cb=44)
00:00:00.646355   LocalInitScript  <string>  = "/home/vamsi/Documents/Acads/Sem 7/Computer Networks/Lab/Lab8/lab8_network/VMImages/h2/dbgc-init" (cb=96)
00:00:00.646355 
00:00:00.646355 [/DBGF/] (level 1)
00:00:00.646355   Path <string>  = "/home/vamsi/Documents/Acads/Sem 7/Computer Networks/Lab/Lab8/lab8_network/VMImages/h2/debug/;/home/vamsi/Documents/Acads/Sem 7/Computer Networks/Lab/Lab8/lab8_network/VMImages/h2/;cache*/home/vamsi/Documents/Acads/Sem 7/Computer Networks/Lab/Lab8/lab8_network/VMImages/h2/dbgcache/;/home/vamsi/" (cb=295)
00:00:00.646355 
00:00:00.646355 [/Devices/] (level 1)
00:00:00.646355 
00:00:00.646355 [/Devices/8237A/] (level 2)
00:00:00.646355 
00:00:00.646355 [/Devices/8237A/0/] (level 3)
00:00:00.646355   Trusted <integer> = 0x0000000000000001 (1)
00:00:00.646355 
00:00:00.646355 [/Devices/GIMDev/] (level 2)
00:00:00.646355 
00:00:00.646355 [/Devices/GIMDev/0/] (level 3)
00:00:00.646355   Trusted <integer> = 0x0000000000000001 (1)
00:00:00.646355 
00:00:00.646355 [/Devices/VMMDev/] (level 2)
00:00:00.646355 
00:00:00.646355 [/Devices/VMMDev/0/] (level 3)
00:00:00.646355   PCIBusNo      <integer> = 0x0000000000000000 (0)
00:00:00.646355   PCIDeviceNo   <integer> = 0x0000000000000004 (4)
00:00:00.646355   PCIFunctionNo <integer> = 0x0000000000000000 (0)
00:00:00.646355   Trusted       <integer> = 0x0000000000000001 (1)
00:00:00.646355 
00:00:00.646355 [/Devices/VMMDev/0/Config/] (level 4)
00:00:00.646355   GuestCoreDumpDir <string>  = "/home/vamsi/Documents/Acads/Sem 7/Computer Networks/Lab/Lab8/lab8_network/VMImages/h2/Snapshots" (cb=96)
00:00:00.646355 
00:00:00.646355 [/Devices/VMMDev/0/LUN#0/] (level 4)
00:00:00.646355   Driver <string>  = "HGCM" (cb=5)
00:00:00.646355 
00:00:00.646355 [/Devices/VMMDev/0/LUN#0/Config/] (level 5)
00:00:00.646355   Object <integer> = 0x00007fc440000b70 (140 480 864 062 320)
00:00:00.646355 
00:00:00.646355 [/Devices/VMMDev/0/LUN#999/] (level 4)
00:00:00.646355   Driver <string>  = "MainStatus" (cb=11)
00:00:00.646355 
00:00:00.646355 [/Devices/VMMDev/0/LUN#999/Config/] (level 5)
00:00:00.646355   First   <integer> = 0x0000000000000000 (0)
00:00:00.646355   Last    <integer> = 0x0000000000000000 (0)
00:00:00.646355   papLeds <integer> = 0x00007fc44c0028e8 (140 481 065 396 456)
00:00:00.646355 
00:00:00.646355 [/Devices/acpi/] (level 2)
00:00:00.646355 
00:00:00.646355 [/Devices/acpi/0/] (level 3)
00:00:00.646355   PCIBusNo      <integer> = 0x0000000000000000 (0)
00:00:00.646355   PCIDeviceNo   <integer> = 0x0000000000000007 (7)
00:00:00.646355   PCIFunctionNo <integer> = 0x0000000000000000 (0)
00:00:00.646355   Trusted       <integer> = 0x0000000000000001 (1)
00:00:00.646355 
00:00:00.646355 [/Devices/acpi/0/Config/] (level 4)
00:00:00.646355   CpuHotPlug          <integer> = 0x0000000000000000 (0)
00:00:00.646355   FdcEnabled          <integer> = 0x0000000000000000 (0)
00:00:00.646355   HostBusPciAddress   <integer> = 0x0000000000000000 (0)
00:00:00.646355   HpetEnabled         <integer> = 0x0000000000000000 (0)
00:00:00.646355   IOAPIC              <integer> = 0x0000000000000001 (1)
00:00:00.646355   IocPciAddress       <integer> = 0x0000000000010000 (65 536)
00:00:00.646355   NumCPUs             <integer> = 0x0000000000000001 (1)
00:00:00.646355   Parallel0IoPortBase <integer> = 0x0000000000000000 (0)
00:00:00.646355   Parallel0Irq        <integer> = 0x0000000000000000 (0)
00:00:00.646355   Parallel1IoPortBase <integer> = 0x0000000000000000 (0)
00:00:00.646355   Parallel1Irq        <integer> = 0x0000000000000000 (0)
00:00:00.646355   Serial0IoPortBase   <integer> = 0x0000000000000000 (0)
00:00:00.646355   Serial0Irq          <integer> = 0x0000000000000000 (0)
00:00:00.646355   Serial1IoPortBase   <integer> = 0x0000000000000000 (0)
00:00:00.646355   Serial1Irq          <integer> = 0x0000000000000000 (0)
00:00:00.646355   ShowCpu             <integer> = 0x0000000000000001 (1)
00:00:00.646355   ShowRtc             <integer> = 0x0000000000000000 (0)
00:00:00.646355   SmcEnabled          <integer> = 0x0000000000000000 (0)
00:00:00.646355 
00:00:00.646355 [/Devices/acpi/0/LUN#0/] (level 4)
00:00:00.646355   Driver <string>  = "ACPIHost" (cb=9)
00:00:00.646355 
00:00:00.646355 [/Devices/acpi/0/LUN#0/Config/] (level 5)
00:00:00.646355 
00:00:00.646355 [/Devices/ahci/] (level 2)
00:00:00.646355 
00:00:00.646355 [/Devices/ahci/0/] (level 3)
00:00:00.646355   PCIBusNo      <integer> = 0x0000000000000000 (0)
00:00:00.646355   PCIDeviceNo   <integer> = 0x000000000000000d (13)
00:00:00.646355   PCIFunctionNo <integer> = 0x0000000000000000 (0)
00:00:00.646355   Trusted       <integer> = 0x0000000000000001 (1)
00:00:00.646355 
00:00:00.646355 [/Devices/ahci/0/Config/] (level 4)
00:00:00.646355   Bootable  <integer> = 0x0000000000000001 (1)
00:00:00.646355   PortCount <integer> = 0x0000000000000001 (1)
00:00:00.646355 
00:00:00.646355 [/Devices/ahci/0/Config/Port0/] (level 5)
00:00:00.646355   Hotpluggable <integer> = 0x0000000000000000 (0)
00:00:00.646355 
00:00:00.646355 [/Devices/ahci/0/LUN#0/] (level 4)
00:00:00.646355   Driver <string>  = "VD" (cb=3)
00:00:00.646355 
00:00:00.646355 [/Devices/ahci/0/LUN#0/Config/] (level 5)
00:00:00.646355   BlockCache <integer> = 0x0000000000000001 (1)
00:00:00.646355   Format     <string>  = "VDI" (cb=4)
00:00:00.646355   Mountable  <integer> = 0x0000000000000000 (0)
00:00:00.646355   Path       <string>  = "/home/vamsi/Documents/Acads/Sem 7/Computer Networks/Lab/Lab8/lab8_network/VMImages/h2/Snapshots/{a52678ea-7277-4541-8ef7-7de3ae5f7645}.vdi" (cb=139)
00:00:00.646355   Type       <string>  = "HardDisk" (cb=9)
00:00:00.646355   UseNewIo   <integer> = 0x0000000000000001 (1)
00:00:00.646355 
00:00:00.646355 [/Devices/ahci/0/LUN#0/Config/Parent/] (level 6)
00:00:00.646355   Format <string>  = "VDI" (cb=4)
00:00:00.646355   Path   <string>  = "/home/vamsi/Documents/Acads/Sem 7/Computer Networks/Lab/Lab8/lab8_network/VMImages/base/Snapshots/{8f83ab64-891d-4e29-8532-09d2e668c3dd}.vdi" (cb=141)
00:00:00.646355 
00:00:00.646355 [/Devices/ahci/0/LUN#0/Config/Parent/Parent/] (level 7)
00:00:00.646355   Format <string>  = "VDI" (cb=4)
00:00:00.646355   Path   <string>  = "/home/vamsi/Documents/Acads/Sem 7/Computer Networks/Lab/Lab8/lab8_network/VMImages/base/base.vdi" (cb=97)
00:00:00.646355 
00:00:00.646355 [/Devices/ahci/0/LUN#0/Config/Parent/Parent/VDConfig/] (level 8)
00:00:00.646355   AllocationBlockSize <string>  = "1048576" (cb=8)
00:00:00.646355 
00:00:00.646355 [/Devices/ahci/0/LUN#0/Config/Parent/VDConfig/] (level 7)
00:00:00.646355   AllocationBlockSize <string>  = "1048576" (cb=8)
00:00:00.646355 
00:00:00.646355 [/Devices/ahci/0/LUN#0/Config/VDConfig/] (level 6)
00:00:00.646355   AllocationBlockSize <string>  = "1048576" (cb=8)
00:00:00.646355 
00:00:00.646355 [/Devices/ahci/0/LUN#999/] (level 4)
00:00:00.646355   Driver <string>  = "MainStatus" (cb=11)
00:00:00.646355 
00:00:00.646355 [/Devices/ahci/0/LUN#999/Config/] (level 5)
00:00:00.646355   DeviceInstance        <string>  = "ahci/0" (cb=7)
00:00:00.646355   First                 <integer> = 0x0000000000000000 (0)
00:00:00.646355   Last                  <integer> = 0x0000000000000000 (0)
00:00:00.646355   pConsole              <integer> = 0x00007fc44c001510 (140 481 065 391 376)
00:00:00.646355   papLeds               <integer> = 0x00007fc44c001cf0 (140 481 065 393 392)
00:00:00.646355   pmapMediumAttachments <integer> = 0x00007fc44c002908 (140 481 065 396 488)
00:00:00.646355 
00:00:00.646355 [/Devices/apic/] (level 2)
00:00:00.646355 
00:00:00.646355 [/Devices/apic/0/] (level 3)
00:00:00.646355   Trusted <integer> = 0x0000000000000001 (1)
00:00:00.646355 
00:00:00.646355 [/Devices/apic/0/Config/] (level 4)
00:00:00.646355   IOAPIC  <integer> = 0x0000000000000001 (1)
00:00:00.646355   Mode    <integer> = 0x0000000000000003 (3)
00:00:00.646355   NumCPUs <integer> = 0x0000000000000001 (1)
00:00:00.646355 
00:00:00.646355 [/Devices/e1000/] (level 2)
00:00:00.646355 
00:00:00.646355 [/Devices/e1000/0/] (level 3)
00:00:00.646355   PCIBusNo      <integer> = 0x0000000000000000 (0)
00:00:00.646355   PCIDeviceNo   <integer> = 0x0000000000000003 (3)
00:00:00.646355   PCIFunctionNo <integer> = 0x0000000000000000 (0)
00:00:00.646355   Trusted       <integer> = 0x0000000000000001 (1)
00:00:00.646355 
00:00:00.646355 [/Devices/e1000/0/Config/] (level 4)
00:00:00.646355   AdapterType    <integer> = 0x0000000000000000 (0)
00:00:00.646355   CableConnected <integer> = 0x0000000000000001 (1)
00:00:00.646355   LineSpeed      <integer> = 0x0000000000000000 (0)
00:00:00.646355   MAC            <bytes>   = "08 00 27 18 c9 6b" (cb=6)
00:00:00.646355 
00:00:00.646355 [/Devices/e1000/0/LUN#0/] (level 4)
00:00:00.646355   Driver <string>  = "NAT" (cb=4)
00:00:00.646355 
00:00:00.646355 [/Devices/e1000/0/LUN#0/Config/] (level 5)
00:00:00.646355   AliasMode       <integer> = 0x0000000000000000 (0)
00:00:00.646355   BootFile        <string>  = "h2.pxe" (cb=7)
00:00:00.646355   DNSProxy        <integer> = 0x0000000000000000 (0)
00:00:00.646355   Network         <string>  = "10.0.2.0/24" (cb=12)
00:00:00.646355   PassDomain      <integer> = 0x0000000000000001 (1)
00:00:00.646355   TFTPPrefix      <string>  = "/home/vamsi/.config/VirtualBox/TFTP" (cb=36)
00:00:00.646355   UseHostResolver <integer> = 0x0000000000000000 (0)
00:00:00.646355 
00:00:00.646355 [/Devices/e1000/0/LUN#0/Config/PortForwarding/] (level 6)
00:00:00.646355 
00:00:00.646355 [/Devices/e1000/0/LUN#0/Config/PortForwarding/0/] (level 7)
00:00:00.646355   GuestPort <integer> = 0x0000000000000016 (22)
00:00:00.646355   HostPort  <integer> = 0x00000000000038a6 (14 502)
00:00:00.646355   Name      <string>  = "ssh" (cb=4)
00:00:00.646355   Protocol  <string>  = "TCP" (cb=4)
00:00:00.646355 
00:00:00.646355 [/Devices/e1000/0/LUN#999/] (level 4)
00:00:00.646355   Driver <string>  = "MainStatus" (cb=11)
00:00:00.646355 
00:00:00.646355 [/Devices/e1000/0/LUN#999/Config/] (level 5)
00:00:00.646355   First   <integer> = 0x0000000000000000 (0)
00:00:00.646355   Last    <integer> = 0x0000000000000000 (0)
00:00:00.646355   papLeds <integer> = 0x00007fc44c0027c8 (140 481 065 396 168)
00:00:00.646355 
00:00:00.646355 [/Devices/e1000/1/] (level 3)
00:00:00.646355   PCIBusNo      <integer> = 0x0000000000000000 (0)
00:00:00.646355   PCIDeviceNo   <integer> = 0x0000000000000008 (8)
00:00:00.646355   PCIFunctionNo <integer> = 0x0000000000000000 (0)
00:00:00.646355   Trusted       <integer> = 0x0000000000000001 (1)
00:00:00.646355 
00:00:00.646355 [/Devices/e1000/1/Config/] (level 4)
00:00:00.646355   AdapterType    <integer> = 0x0000000000000000 (0)
00:00:00.646355   CableConnected <integer> = 0x0000000000000001 (1)
00:00:00.646355   LineSpeed      <integer> = 0x0000000000000000 (0)
00:00:00.646355   MAC            <bytes>   = "08 00 27 fb 88 e4" (cb=6)
00:00:00.646355 
00:00:00.646355 [/Devices/e1000/1/LUN#0/] (level 4)
00:00:00.646355   Driver <string>  = "IntNet" (cb=7)
00:00:00.646355 
00:00:00.646355 [/Devices/e1000/1/LUN#0/Config/] (level 5)
00:00:00.646355   IfPolicyPromisc <string>  = "deny" (cb=5)
00:00:00.646355   Network         <string>  = "intnet1" (cb=8)
00:00:00.646355   TrunkType       <integer> = 0x0000000000000002 (2)
00:00:00.646355 
00:00:00.646355 [/Devices/e1000/1/LUN#999/] (level 4)
00:00:00.646355   Driver <string>  = "MainStatus" (cb=11)
00:00:00.646355 
00:00:00.646355 [/Devices/e1000/1/LUN#999/Config/] (level 5)
00:00:00.646355   First   <integer> = 0x0000000000000000 (0)
00:00:00.646355   Last    <integer> = 0x0000000000000000 (0)
00:00:00.646355   papLeds <integer> = 0x00007fc44c0027d0 (140 481 065 396 176)
00:00:00.646355 
00:00:00.646355 [/Devices/i8254/] (level 2)
00:00:00.646355 
00:00:00.646355 [/Devices/i8254/0/] (level 3)
00:00:00.646355 
00:00:00.646355 [/Devices/i8254/0/Config/] (level 4)
00:00:00.646355 
00:00:00.646355 [/Devices/i8259/] (level 2)
00:00:00.646355 
00:00:00.646355 [/Devices/i8259/0/] (level 3)
00:00:00.646355   Trusted <integer> = 0x0000000000000001 (1)
00:00:00.646355 
00:00:00.646355 [/Devices/i8259/0/Config/] (level 4)
00:00:00.646355 
00:00:00.646355 [/Devices/ichac97/] (level 2)
00:00:00.646355 
00:00:00.646355 [/Devices/ichac97/0/] (level 3)
00:00:00.646355   PCIBusNo      <integer> = 0x0000000000000000 (0)
00:00:00.646355   PCIDeviceNo   <integer> = 0x0000000000000005 (5)
00:00:00.646355   PCIFunctionNo <integer> = 0x0000000000000000 (0)
00:00:00.646355   Trusted       <integer> = 0x0000000000000001 (1)
00:00:00.646355 
00:00:00.646355 [/Devices/ichac97/0/AudioConfig/] (level 4)
00:00:00.646355 
00:00:00.646355 [/Devices/ichac97/0/Config/] (level 4)
00:00:00.646355   Codec        <string>  = "AD1980" (cb=7)
00:00:00.646355   DebugEnabled <integer> = 0x0000000000000000 (0)
00:00:00.646355 
00:00:00.646355 [/Devices/ichac97/0/LUN#0/] (level 4)
00:00:00.646355   Driver <string>  = "AUDIO" (cb=6)
00:00:00.646355 
00:00:00.646355 [/Devices/ichac97/0/LUN#0/AttachedDriver/] (level 5)
00:00:00.646355   Driver <string>  = "PulseAudio" (cb=11)
00:00:00.646355 
00:00:00.646355 [/Devices/ichac97/0/LUN#0/AttachedDriver/Config/] (level 6)
00:00:00.646355   VmName <string>  = "h2" (cb=3)
00:00:00.646355 
00:00:00.646355 [/Devices/ichac97/0/LUN#0/Config/] (level 5)
00:00:00.646355   DriverName    <string>  = "PulseAudio" (cb=11)
00:00:00.646355   InputEnabled  <integer> = 0x0000000000000000 (0)
00:00:00.646355   OutputEnabled <integer> = 0x0000000000000001 (1)
00:00:00.646355 
00:00:00.646355 [/Devices/ichac97/0/LUN#1/] (level 4)
00:00:00.646355   Driver <string>  = "AUDIO" (cb=6)
00:00:00.646355 
00:00:00.646355 [/Devices/ichac97/0/LUN#2/] (level 4)
00:00:00.646355   Driver <string>  = "AUDIO" (cb=6)
00:00:00.646355 
00:00:00.646355 [/Devices/ioapic/] (level 2)
00:00:00.646355 
00:00:00.646355 [/Devices/ioapic/0/] (level 3)
00:00:00.646355   Trusted <integer> = 0x0000000000000001 (1)
00:00:00.646355 
00:00:00.646355 [/Devices/ioapic/0/Config/] (level 4)
00:00:00.646355   NumCPUs <integer> = 0x0000000000000001 (1)
00:00:00.646355 
00:00:00.646355 [/Devices/mc146818/] (level 2)
00:00:00.646355 
00:00:00.646355 [/Devices/mc146818/0/] (level 3)
00:00:00.646355 
00:00:00.646355 [/Devices/mc146818/0/Config/] (level 4)
00:00:00.646355   UseUTC <integer> = 0x0000000000000001 (1)
00:00:00.646355 
00:00:00.646355 [/Devices/parallel/] (level 2)
00:00:00.646355 
00:00:00.646355 [/Devices/pcarch/] (level 2)
00:00:00.646355 
00:00:00.646355 [/Devices/pcarch/0/] (level 3)
00:00:00.646355   Trusted <integer> = 0x0000000000000001 (1)
00:00:00.646355 
00:00:00.646355 [/Devices/pcarch/0/Config/] (level 4)
00:00:00.646355 
00:00:00.646355 [/Devices/pcbios/] (level 2)
00:00:00.646355 
00:00:00.646355 [/Devices/pcbios/0/] (level 3)
00:00:00.646355   Trusted <integer> = 0x0000000000000001 (1)
00:00:00.646355 
00:00:00.646355 [/Devices/pcbios/0/Config/] (level 4)
00:00:00.646355   APIC               <integer> = 0x0000000000000001 (1)
00:00:00.646355   BootDevice0        <string>  = "FLOPPY" (cb=7)
00:00:00.646355   BootDevice1        <string>  = "DVD" (cb=4)
00:00:00.646355   BootDevice2        <string>  = "IDE" (cb=4)
00:00:00.646355   BootDevice3        <string>  = "NONE" (cb=5)
00:00:00.646355   FloppyDevice       <string>  = "i82078" (cb=7)
00:00:00.646355   HardDiskDevice     <string>  = "piix3ide" (cb=9)
00:00:00.646355   IOAPIC             <integer> = 0x0000000000000001 (1)
00:00:00.646355   McfgBase           <integer> = 0x0000000000000000 (0)
00:00:00.646355   McfgLength         <integer> = 0x0000000000000000 (0)
00:00:00.646355   NumCPUs            <integer> = 0x0000000000000001 (1)
00:00:00.646355   PXEDebug           <integer> = 0x0000000000000000 (0)
00:00:00.646355   SataHardDiskDevice <string>  = "ahci" (cb=5)
00:00:00.646355   SataLUN1           <integer> = 0x0000000000000000 (0)
00:00:00.646355   UUID               <bytes>   = "d8 f3 b6 31 8c fc 42 43 b5 38 30 2e bd 8a 1e 4e" (cb=16)
00:00:00.646355   UuidLe             <integer> = 0x0000000000000000 (0)
00:00:00.646355 
00:00:00.646355 [/Devices/pcbios/0/Config/NetBoot/] (level 5)
00:00:00.646355 
00:00:00.646355 [/Devices/pcbios/0/Config/NetBoot/0/] (level 6)
00:00:00.646355   NIC           <integer> = 0x0000000000000000 (0)
00:00:00.646355   PCIBusNo      <integer> = 0x0000000000000000 (0)
00:00:00.646355   PCIDeviceNo   <integer> = 0x0000000000000003 (3)
00:00:00.646355   PCIFunctionNo <integer> = 0x0000000000000000 (0)
00:00:00.646355 
00:00:00.646355 [/Devices/pci/] (level 2)
00:00:00.646355 
00:00:00.646355 [/Devices/pci/0/] (level 3)
00:00:00.646355   Trusted <integer> = 0x0000000000000001 (1)
00:00:00.646355 
00:00:00.646355 [/Devices/pci/0/Config/] (level 4)
00:00:00.646355   IOAPIC <integer> = 0x0000000000000001 (1)
00:00:00.646355 
00:00:00.646355 [/Devices/pcibridge/] (level 2)
00:00:00.646355 
00:00:00.646355 [/Devices/pckbd/] (level 2)
00:00:00.646355 
00:00:00.646355 [/Devices/pckbd/0/] (level 3)
00:00:00.646355   Trusted <integer> = 0x0000000000000001 (1)
00:00:00.646355 
00:00:00.646355 [/Devices/pckbd/0/Config/] (level 4)
00:00:00.646355 
00:00:00.646355 [/Devices/pckbd/0/LUN#0/] (level 4)
00:00:00.646355   Driver <string>  = "KeyboardQueue" (cb=14)
00:00:00.646355 
00:00:00.646355 [/Devices/pckbd/0/LUN#0/AttachedDriver/] (level 5)
00:00:00.646355   Driver <string>  = "MainKeyboard" (cb=13)
00:00:00.646355 
00:00:00.646355 [/Devices/pckbd/0/LUN#0/AttachedDriver/Config/] (level 6)
00:00:00.646355   Object <integer> = 0x000055eed0463bc0 (94 484 184 841 152)
00:00:00.646355 
00:00:00.646355 [/Devices/pckbd/0/LUN#0/Config/] (level 5)
00:00:00.646355   QueueSize <integer> = 0x0000000000000040 (64)
00:00:00.646355 
00:00:00.646355 [/Devices/pckbd/0/LUN#1/] (level 4)
00:00:00.646355   Driver <string>  = "MouseQueue" (cb=11)
00:00:00.646355 
00:00:00.646355 [/Devices/pckbd/0/LUN#1/AttachedDriver/] (level 5)
00:00:00.646355   Driver <string>  = "MainMouse" (cb=10)
00:00:00.646355 
00:00:00.646355 [/Devices/pckbd/0/LUN#1/AttachedDriver/Config/] (level 6)
00:00:00.646355   Object <integer> = 0x00007fc44c0061c0 (140 481 065 411 008)
00:00:00.646355 
00:00:00.646355 [/Devices/pckbd/0/LUN#1/Config/] (level 5)
00:00:00.646355   QueueSize <integer> = 0x0000000000000080 (128)
00:00:00.646355 
00:00:00.646355 [/Devices/pcnet/] (level 2)
00:00:00.646355 
00:00:00.646355 [/Devices/piix3ide/] (level 2)
00:00:00.646355 
00:00:00.646355 [/Devices/piix3ide/0/] (level 3)
00:00:00.646355   PCIBusNo      <integer> = 0x0000000000000000 (0)
00:00:00.646355   PCIDeviceNo   <integer> = 0x0000000000000001 (1)
00:00:00.646355   PCIFunctionNo <integer> = 0x0000000000000001 (1)
00:00:00.646355   Trusted       <integer> = 0x0000000000000001 (1)
00:00:00.646355 
00:00:00.646355 [/Devices/piix3ide/0/Config/] (level 4)
00:00:00.646355   Type <string>  = "PIIX4" (cb=6)
00:00:00.646355 
00:00:00.646355 [/Devices/piix3ide/0/LUN#0/] (level 4)
00:00:00.646355   Driver <string>  = "VD" (cb=3)
00:00:00.646355 
00:00:00.646355 [/Devices/piix3ide/0/LUN#0/Config/] (level 5)
00:00:00.646355   EmptyDrive <integer> = 0x0000000000000001 (1)
00:00:00.646355   Mountable  <integer> = 0x0000000000000001 (1)
00:00:00.646355   Type       <string>  = "DVD" (cb=4)
00:00:00.646355 
00:00:00.646355 [/Devices/piix3ide/0/LUN#999/] (level 4)
00:00:00.646355   Driver <string>  = "MainStatus" (cb=11)
00:00:00.646355 
00:00:00.646355 [/Devices/piix3ide/0/LUN#999/Config/] (level 5)
00:00:00.646355   DeviceInstance        <string>  = "piix3ide/0" (cb=11)
00:00:00.646355   First                 <integer> = 0x0000000000000000 (0)
00:00:00.646355   Last                  <integer> = 0x0000000000000003 (3)
00:00:00.646355   pConsole              <integer> = 0x00007fc44c001510 (140 481 065 391 376)
00:00:00.646355   papLeds               <integer> = 0x00007fc44c001cd0 (140 481 065 393 360)
00:00:00.646355   pmapMediumAttachments <integer> = 0x00007fc44c002908 (140 481 065 396 488)
00:00:00.646355 
00:00:00.646355 [/Devices/serial/] (level 2)
00:00:00.646355 
00:00:00.646355 [/Devices/usb-ohci/] (level 2)
00:00:00.646355 
00:00:00.646355 [/Devices/usb-ohci/0/] (level 3)
00:00:00.646355   PCIBusNo      <integer> = 0x0000000000000000 (0)
00:00:00.646355   PCIDeviceNo   <integer> = 0x0000000000000006 (6)
00:00:00.646355   PCIFunctionNo <integer> = 0x0000000000000000 (0)
00:00:00.646355   Trusted       <integer> = 0x0000000000000001 (1)
00:00:00.646355 
00:00:00.646355 [/Devices/usb-ohci/0/Config/] (level 4)
00:00:00.646355 
00:00:00.646355 [/Devices/usb-ohci/0/LUN#0/] (level 4)
00:00:00.646355   Driver <string>  = "VUSBRootHub" (cb=12)
00:00:00.646355 
00:00:00.646355 [/Devices/usb-ohci/0/LUN#0/Config/] (level 5)
00:00:00.646355 
00:00:00.646355 [/Devices/usb-ohci/0/LUN#999/] (level 4)
00:00:00.646355   Driver <string>  = "MainStatus" (cb=11)
00:00:00.646355 
00:00:00.646355 [/Devices/usb-ohci/0/LUN#999/Config/] (level 5)
00:00:00.646355   First   <integer> = 0x0000000000000000 (0)
00:00:00.646355   Last    <integer> = 0x0000000000000000 (0)
00:00:00.646355   papLeds <integer> = 0x00007fc44c0028f0 (140 481 065 396 464)
00:00:00.646355 
00:00:00.646355 [/Devices/vga/] (level 2)
00:00:00.646355 
00:00:00.646355 [/Devices/vga/0/] (level 3)
00:00:00.646355   PCIBusNo      <integer> = 0x0000000000000000 (0)
00:00:00.646355   PCIDeviceNo   <integer> = 0x0000000000000002 (2)
00:00:00.646355   PCIFunctionNo <integer> = 0x0000000000000000 (0)
00:00:00.646355   Trusted       <integer> = 0x0000000000000001 (1)
00:00:00.646355 
00:00:00.646355 [/Devices/vga/0/Config/] (level 4)
00:00:00.646355   3DEnabled          <integer> = 0x0000000000000000 (0)
00:00:00.646355   CustomVideoModes   <integer> = 0x0000000000000000 (0)
00:00:00.646355   FadeIn             <integer> = 0x0000000000000001 (1)
00:00:00.646355   FadeOut            <integer> = 0x0000000000000001 (1)
00:00:00.646355   HeightReduction    <integer> = 0x0000000000000000 (0)
00:00:00.646355   LogoFile           <string>  = "" (cb=1)
00:00:00.646355   LogoTime           <integer> = 0x0000000000000000 (0)
00:00:00.646355   MonitorCount       <integer> = 0x0000000000000001 (1)
00:00:00.646355   ShowBootMenu       <integer> = 0x0000000000000002 (2)
00:00:00.646355   VMSVGA3dEnabled    <integer> = 0x0000000000000000 (0)
00:00:00.646355   VMSVGAEnabled      <integer> = 0x0000000000000001 (1)
00:00:00.646355   VMSVGAPciBarLayout <integer> = 0x0000000000000001 (1)
00:00:00.646355   VMSVGAPciId        <integer> = 0x0000000000000001 (1)
00:00:00.646355   VRamSize           <integer> = 0x0000000001000000 (16 777 216, 16 MB)
00:00:00.646355 
00:00:00.646355 [/Devices/vga/0/LUN#0/] (level 4)
00:00:00.646355   Driver <string>  = "MainDisplay" (cb=12)
00:00:00.646355 
00:00:00.646355 [/Devices/vga/0/LUN#0/Config/] (level 5)
00:00:00.646355   Object <integer> = 0x00007fc44c006e00 (140 481 065 414 144)
00:00:00.646355 
00:00:00.646355 [/Devices/vga/0/LUN#999/] (level 4)
00:00:00.646355   Driver <string>  = "MainStatus" (cb=11)
00:00:00.646355 
00:00:00.646355 [/Devices/vga/0/LUN#999/Config/] (level 5)
00:00:00.646355   First   <integer> = 0x0000000000000000 (0)
00:00:00.646355   Last    <integer> = 0x0000000000000000 (0)
00:00:00.646355   papLeds <integer> = 0x00007fc44c002900 (140 481 065 396 480)
00:00:00.646355 
00:00:00.646355 [/Devices/virtio-net/] (level 2)
00:00:00.646355 
00:00:00.646355 [/EM/] (level 1)
00:00:00.646355   TripleFaultReset <integer> = 0x0000000000000000 (0)
00:00:00.646355 
00:00:00.646355 [/GIM/] (level 1)
00:00:00.646355   Provider <string>  = "KVM" (cb=4)
00:00:00.646355 
00:00:00.646355 [/HM/] (level 1)
00:00:00.646355   64bitEnabled            <integer> = 0x0000000000000001 (1)
00:00:00.646355   EnableLargePages        <integer> = 0x0000000000000000 (0)
00:00:00.646355   EnableNestedPaging      <integer> = 0x0000000000000001 (1)
00:00:00.646355   EnableUX                <integer> = 0x0000000000000001 (1)
00:00:00.646355   EnableVPID              <integer> = 0x0000000000000001 (1)
00:00:00.646355   Exclusive               <integer> = 0x0000000000000001 (1)
00:00:00.646355   HMForced                <integer> = 0x0000000000000001 (1)
00:00:00.646355   IBPBOnVMEntry           <integer> = 0x0000000000000000 (0)
00:00:00.646355   IBPBOnVMExit            <integer> = 0x0000000000000000 (0)
00:00:00.646355   L1DFlushOnSched         <integer> = 0x0000000000000001 (1)
00:00:00.646355   L1DFlushOnVMEntry       <integer> = 0x0000000000000000 (0)
00:00:00.646355   LovelyMesaDrvWorkaround <integer> = 0x0000000000000001 (1)
00:00:00.646355   MDSClearOnSched         <integer> = 0x0000000000000001 (1)
00:00:00.646355   MDSClearOnVMEntry       <integer> = 0x0000000000000000 (0)
00:00:00.646355   SpecCtrlByHost          <integer> = 0x0000000000000000 (0)
00:00:00.646355   UseNEMInstead           <integer> = 0x0000000000000000 (0)
00:00:00.646355 
00:00:00.646355 [/MM/] (level 1)
00:00:00.646355   CanUseLargerHeap <integer> = 0x0000000000000000 (0)
00:00:00.646355 
00:00:00.646355 [/NEM/] (level 1)
00:00:00.646355   Allow64BitGuests        <integer> = 0x0000000000000001 (1)
00:00:00.646355   LovelyMesaDrvWorkaround <integer> = 0x0000000000000001 (1)
00:00:00.646355 
00:00:00.646355 [/PDM/] (level 1)
00:00:00.646355 
00:00:00.646355 [/PDM/AsyncCompletion/] (level 2)
00:00:00.646355 
00:00:00.646355 [/PDM/AsyncCompletion/File/] (level 3)
00:00:00.646355 
00:00:00.646355 [/PDM/AsyncCompletion/File/BwGroups/] (level 4)
00:00:00.646355 
00:00:00.646355 [/PDM/BlkCache/] (level 2)
00:00:00.646355   CacheSize <integer> = 0x0000000000500000 (5 242 880, 5 MB)
00:00:00.646355 
00:00:00.646355 [/PDM/Devices/] (level 2)
00:00:00.646355 
00:00:00.646355 [/PDM/Drivers/] (level 2)
00:00:00.646355 
00:00:00.646355 [/PDM/Drivers/VBoxC/] (level 3)
00:00:00.646355   Path <string>  = "/usr/lib/virtualbox/components/VBoxC" (cb=37)
00:00:00.646355 
00:00:00.646355 [/PDM/NetworkShaper/] (level 2)
00:00:00.646355 
00:00:00.646355 [/PDM/NetworkShaper/BwGroups/] (level 3)
00:00:00.646355 
00:00:00.646355 [/TM/] (level 1)
00:00:00.646355   UTCOffset <integer> = 0x0000000000000000 (0)
00:00:00.646355 
00:00:00.646355 [/USB/] (level 1)
00:00:00.646355 
00:00:00.646355 [/USB/HidMouse/] (level 2)
00:00:00.646355 
00:00:00.646355 [/USB/HidMouse/0/] (level 3)
00:00:00.646355 
00:00:00.646355 [/USB/HidMouse/0/Config/] (level 4)
00:00:00.646355   Mode <string>  = "absolute" (cb=9)
00:00:00.646355 
00:00:00.646355 [/USB/HidMouse/0/LUN#0/] (level 4)
00:00:00.646355   Driver <string>  = "MouseQueue" (cb=11)
00:00:00.646355 
00:00:00.646355 [/USB/HidMouse/0/LUN#0/AttachedDriver/] (level 5)
00:00:00.646355   Driver <string>  = "MainMouse" (cb=10)
00:00:00.646355 
00:00:00.646355 [/USB/HidMouse/0/LUN#0/AttachedDriver/Config/] (level 6)
00:00:00.646355   Object <integer> = 0x00007fc44c0061c0 (140 481 065 411 008)
00:00:00.646355 
00:00:00.646355 [/USB/HidMouse/0/LUN#0/Config/] (level 5)
00:00:00.646355   QueueSize <integer> = 0x0000000000000080 (128)
00:00:00.646355 
00:00:00.646355 [/USB/USBProxy/] (level 2)
00:00:00.646355 
00:00:00.646355 [/USB/USBProxy/GlobalConfig/] (level 3)
00:00:00.646355 
00:00:00.646355 ********************* End of CFGM dump **********************
00:00:00.646355 HM: HMR3Init: VT-x w/ nested paging and unrestricted guest execution hw support
00:00:00.646355 MM: cbHyperHeap=0x200000 (2097152)
00:00:00.646355 CPUM: fXStateHostMask=0x7; initial: 0x7; host XCR0=0x1f
00:00:00.646355 CPUM: Matched host CPU INTEL 0x6/0x9e/0x9 Intel_Core7_KabyLake with CPU DB entry 'Intel Core i7-6700K' (INTEL 0x6/0x5e/0x3 Intel_Core7_Skylake)
00:00:00.646355 CPUM: MXCSR_MASK=0xffff (host: 0xffff)
00:00:00.646355 CPUM: Microcode revision 0x000000EA
00:00:00.646355 CPUM: Changing leaf 13[0]: EBX=0x440 -> 0x340, ECX=0x440 -> 0x340
00:00:00.646355 CPUM: MSR/CPUID reconciliation insert: 0x0000010b IA32_FLUSH_CMD
00:00:00.646355 PGM: Host paging mode: AMD64+PGE+NX
00:00:00.646355 PGM: PGMPool: cMaxPages=768 (u64MaxPages=545)
00:00:00.646355 PGM: pgmR3PoolInit: cMaxPages=0x300 cMaxUsers=0x600 cMaxPhysExts=0x600 fCacheEnable=true 
00:00:00.650508 PGM: /proc/sys/vm/max_map_count = 65530 (rc2=VWRN_TRAILING_CHARS); cGuessNeeded=16384
00:00:00.652057 TM: GIP - u32Mode=3 (Invariant) u32UpdateHz=62 u32UpdateIntervalNS=16000000 enmUseTscDelta=2 (Practically Zero) fGetGipCpu=0x1b cCpus=4
00:00:00.652076 TM: GIP - u64CpuHz=2 495 975 116 (0x94c58ecc)  SUPGetCpuHzFromGip => 2 495 975 116
00:00:00.652082 TM: GIP - CPU: iCpuSet=0x0 idCpu=0x0 idApic=0x0 iGipCpu=0x0 i64TSCDelta=0 enmState=3 u64CpuHz=2495975116(*) cErrors=0
00:00:00.652087 TM: GIP - CPU: iCpuSet=0x1 idCpu=0x1 idApic=0x2 iGipCpu=0x1 i64TSCDelta=0 enmState=3 u64CpuHz=2495974982(*) cErrors=0
00:00:00.652090 TM: GIP - CPU: iCpuSet=0x2 idCpu=0x2 idApic=0x4 iGipCpu=0x3 i64TSCDelta=0 enmState=3 u64CpuHz=2495975006(*) cErrors=0
00:00:00.652094 TM: GIP - CPU: iCpuSet=0x3 idCpu=0x3 idApic=0x6 iGipCpu=0x2 i64TSCDelta=0 enmState=3 u64CpuHz=2495974460(*) cErrors=0
00:00:00.652157 TM: cTSCTicksPerSecond=2 495 975 116 (0x94c58ecc) enmTSCMode=3 (Dynamic)
00:00:00.652158 TM: TSCTiedToExecution=false TSCNotTiedToHalt=false
00:00:00.654165 EMR3Init: fIemExecutesAll=false fGuruOnTripleFault=true 
00:00:00.655031 IEM: TargetCpu=CURRENT, Microarch=Intel_Core7_KabyLake
00:00:00.655106 GIM: Using provider 'KVM' (Implementation version: 0)
00:00:00.655113 CPUM: SetGuestCpuIdFeature: Enabled Hypervisor Present bit
00:00:00.686355 AIOMgr: Default manager type is 'Async'
00:00:00.686385 AIOMgr: Default file backend is 'NonBuffered'
00:00:00.686605 BlkCache: Cache successfully initialized. Cache size is 5242880 bytes
00:00:00.686616 BlkCache: Cache commit interval is 10000 ms
00:00:00.686630 BlkCache: Cache commit threshold is 2621440 bytes
00:00:00.688299 PcBios: [SMP] BIOS with 1 CPUs
00:00:00.688374 PcBios: Using the 386+ BIOS image.
00:00:00.688468 PcBios: MPS table at 000e1300
00:00:00.689016 PcBios: fCheckShutdownStatusForSoftReset=true   fClearShutdownStatusOnHardReset=true 
00:00:00.689243 SUP: Opened VBoxDDR0.r0 (/usr/lib/virtualbox/VBoxDDR0.r0) at 0xXXXXXXXXXXXXXXXX.
00:00:00.689496 CPUM: SetGuestCpuIdFeature: Enabled xAPIC
00:00:00.689505 CPUM: SetGuestCpuIdFeature: Enabled x2APIC
00:00:00.689778 IOAPIC: Using implementation 2.0! Chipset type ICH9
00:00:00.689850 PIT: mode=3 count=0x10000 (65536) - 18.20 Hz (ch=0)
00:00:00.690522 VMMDev: cbDefaultBudget: 261 373 696 (f943f00)
00:00:00.693000 Shared Folders service loaded
00:00:00.695198 Guest Control service loaded
00:00:00.703097 VGA: Using the 386+ BIOS image.
00:00:00.704677 DrvVD: Flushes will be ignored
00:00:00.704696 DrvVD: Async flushes will be passed to the disk
00:00:00.708316 VD: VDInit finished with VINF_SUCCESS
00:00:00.708688 AIOMgr: Endpoint for file '/home/vamsi/Documents/Acads/Sem 7/Computer Networks/Lab/Lab8/lab8_network/VMImages/base/base.vdi' (flags 000c0781) created successfully
00:00:00.745995 AIOMgr: Endpoint for file '/home/vamsi/Documents/Acads/Sem 7/Computer Networks/Lab/Lab8/lab8_network/VMImages/base/Snapshots/{8f83ab64-891d-4e29-8532-09d2e668c3dd}.vdi' (flags 000c0781) created successfully
00:00:00.756887 AIOMgr: Endpoint for file '/home/vamsi/Documents/Acads/Sem 7/Computer Networks/Lab/Lab8/lab8_network/VMImages/h2/Snapshots/{a52678ea-7277-4541-8ef7-7de3ae5f7645}.vdi' (flags 000c0723) created successfully
00:00:00.786225 VD: Opening the disk took 78027180 ns
00:00:00.787131 AHCI: LUN#0: disk, PCHS=2212/16/63, total number of sectors 2229702
00:00:00.788906 AHCI#0: Reset the HBA
00:00:00.788934 VD#0: Cancelling all active requests
00:00:00.789836 DrvVD: Flushes will be ignored
00:00:00.789855 DrvVD: Async flushes will be passed to the disk
00:00:00.789891 PIIX3 ATA: LUN#0: CD/DVD, total number of sectors 0, passthrough disabled
00:00:00.792998 PIIX3 ATA: LUN#1: no unit
00:00:00.793106 PIIX3 ATA: LUN#2: no unit
00:00:00.793113 PIIX3 ATA: LUN#3: no unit
00:00:00.793186 PIIX3 ATA: Ctl#1: finished processing RESET
00:00:00.794343 PIIX3 ATA: Ctl#0: finished processing RESET
00:00:00.794537 E1000#0: Chip=82540EM LinkUpDelay=3000ms EthernetCRC=on GSO=enabled Itr=disabled ItrRx=enabled TID=disabled R0=enabled RC=disabled
00:00:00.804023 NAT: Guest address guess set to 10.0.2.15 by initialization
00:00:00.804202 NAT: resolv.conf: nameserver 127.0.0.53
00:00:00.804220 NAT: DNS server 127.0.0.53 registration detected, switching to the DNS proxy
00:00:00.804225 NAT: DNS#0: 127.0.0.53
00:00:00.804267 NAT: Set redirect TCP 0.0.0.0:14502 -> 0.0.0.0:22
00:00:00.810640 E1000#1: Chip=82540EM LinkUpDelay=3000ms EthernetCRC=on GSO=enabled Itr=disabled ItrRx=enabled TID=disabled R0=enabled RC=disabled
00:00:00.810712 IntNet#0: szNetwork={intnet1} enmTrunkType=2 szTrunk={} fFlags=0x8000 cbRecv=325632 cbSend=196608 fIgnoreConnectFailure=false
00:00:00.814466 AC97: Using codec 'AD1980'
00:00:00.814527 Audio: Initializing PulseAudio driver
00:00:00.816224 PulseAudio: Using version 11.1.0
00:00:00.838352 PulseAudio: Retrieving server information ...
00:00:00.838352 Audio: Found 3 devices for driver 'PulseAudio'
00:00:00.838352 Audio: Device 'Built-in Audio Analog Stereo':
00:00:00.838352 Audio:   ID              = alsa_output.pci-0000_00_1f.3.analog-stereo
00:00:00.838352 Audio:   Usage           = output
00:00:00.838352 Audio:   Flags           = DEFAULT_OUT
00:00:00.838352 Audio:   Input channels  = 0
00:00:00.838352 Audio:   Output channels = 2
00:00:00.838352 Audio: Device 'Monitor of Built-in Audio Analog Stereo':
00:00:00.838352 Audio:   ID              = alsa_output.pci-0000_00_1f.3.analog-stereo.monitor
00:00:00.838352 Audio:   Usage           = input
00:00:00.838352 Audio:   Flags           = NONE
00:00:00.838352 Audio:   Input channels  = 2
00:00:00.838352 Audio:   Output channels = 0
00:00:00.838352 Audio: Device 'Built-in Audio Analog Stereo':
00:00:00.838352 Audio:   ID              = alsa_input.pci-0000_00_1f.3.analog-stereo
00:00:00.838352 Audio:   Usage           = input
00:00:00.838352 Audio:   Flags           = DEFAULT_IN
00:00:00.838352 Audio:   Input channels  = 2
00:00:00.838352 Audio:   Output channels = 0
00:00:00.838352 AC97: Reset
00:00:00.838352 AC97: Mixer reset (EAID=0x809, EACS=0x9)
00:00:00.838352 AC97: Record select to left=mic, right=mic
00:00:00.838352 VUSB: Attached 'HidMouse' to port 1 on RootHub#0 (FullSpeed)
00:00:00.838352 PGM: The CPU physical address width is 39 bits
00:00:00.838352 PGM: PGMR3InitFinalize: 4 MB PSE mask 0000007fffffffff -> VINF_SUCCESS
00:00:00.838352 TM: TMR3InitFinalize: fTSCModeSwitchAllowed=true 
00:00:00.838352 VMM: Enabled thread-context hooks
00:00:00.838352 VMM: RTThreadPreemptIsPending() can be trusted
00:00:00.838352 VMM: Kernel preemption is not possible it seems
00:00:00.838352 HM: fWorldSwitcher=0x0 (fIbpbOnVmExit=false fIbpbOnVmEntry=false fL1dFlushOnVmEntry=false); fL1dFlushOnSched=true  fMdsClearOnVmEntry=false
00:00:00.838352 HM: Using VT-x implementation 3.0
00:00:00.838352 HM: Max resume loops                  = 8192
00:00:00.838352 HM: Host CR4                          = 0x3606e0
00:00:00.838352 HM: Host EFER                         = 0xd01
00:00:00.838352 HM: MSR_IA32_SMM_MONITOR_CTL          = 0x0
00:00:00.838352 HM: MSR_IA32_FEATURE_CONTROL          = 0x5
00:00:00.838352 HM:   LOCK
00:00:00.838352 HM:   VMXON
00:00:00.838352 HM: MSR_IA32_VMX_BASIC                = 0xda040000000004
00:00:00.838352 HM:   VMCS id                           = 0x4
00:00:00.838352 HM:   VMCS size                         = 1024 bytes
00:00:00.838352 HM:   VMCS physical address limit       = None
00:00:00.838352 HM:   VMCS memory type                  = Write Back (WB)
00:00:00.838352 HM:   Dual-monitor treatment support    = true 
00:00:00.838352 HM:   OUTS & INS instruction-info       = true 
00:00:00.838352 HM:   Supports true-capability MSRs     = true 
00:00:00.838352 HM:   VM-entry Xcpt error-code optional = false
00:00:00.838352 HM: MSR_IA32_VMX_PINBASED_CTLS        = 0x7f00000016
00:00:00.838352 HM:   EXT_INT_EXIT
00:00:00.838352 HM:   NMI_EXIT
00:00:00.838352 HM:   VIRTUAL_NMI
00:00:00.838352 HM:   PREEMPT_TIMER
00:00:00.838352 HM:   POSTED_INT (must be cleared)
00:00:00.838352 HM: MSR_IA32_VMX_PROCBASED_CTLS       = 0xfff9fffe0401e172
00:00:00.838352 HM:   INT_WINDOW_EXIT
00:00:00.838352 HM:   USE_TSC_OFFSETTING
00:00:00.838353 HM:   HLT_EXIT
00:00:00.838353 HM:   INVLPG_EXIT
00:00:00.838353 HM:   MWAIT_EXIT
00:00:00.838353 HM:   RDPMC_EXIT
00:00:00.838353 HM:   RDTSC_EXIT
00:00:00.838353 HM:   CR3_LOAD_EXIT (must be set)
00:00:00.838353 HM:   CR3_STORE_EXIT (must be set)
00:00:00.838353 HM:   CR8_LOAD_EXIT
00:00:00.838353 HM:   CR8_STORE_EXIT
00:00:00.838353 HM:   USE_TPR_SHADOW
00:00:00.838353 HM:   NMI_WINDOW_EXIT
00:00:00.838353 HM:   MOV_DR_EXIT
00:00:00.838353 HM:   UNCOND_IO_EXIT
00:00:00.838353 HM:   USE_IO_BITMAPS
00:00:00.838353 HM:   MONITOR_TRAP_FLAG
00:00:00.838353 HM:   USE_MSR_BITMAPS
00:00:00.838353 HM:   MONITOR_EXIT
00:00:00.838353 HM:   PAUSE_EXIT
00:00:00.838353 HM:   USE_SECONDARY_CTLS
00:00:00.838353 HM: MSR_IA32_VMX_PROCBASED_CTLS2      = 0x5fbcff00000000
00:00:00.838353 HM:   VIRT_APIC_ACCESS
00:00:00.838353 HM:   EPT
00:00:00.838353 HM:   DESC_TABLE_EXIT
00:00:00.838353 HM:   RDTSCP
00:00:00.838353 HM:   VIRT_X2APIC_MODE
00:00:00.838353 HM:   VPID
00:00:00.838353 HM:   WBINVD_EXIT
00:00:00.838353 HM:   UNRESTRICTED_GUEST
00:00:00.838353 HM:   APIC_REG_VIRT (must be cleared)
00:00:00.838353 HM:   VIRT_INT_DELIVERY (must be cleared)
00:00:00.838353 HM:   PAUSE_LOOP_EXIT
00:00:00.838353 HM:   RDRAND_EXIT
00:00:00.838353 HM:   INVPCID
00:00:00.838353 HM:   VMFUNC
00:00:00.838353 HM:   VMCS_SHADOWING (must be cleared)
00:00:00.838353 HM:   ENCLS_EXIT
00:00:00.838353 HM:   RDSEED_EXIT
00:00:00.838353 HM:   PML
00:00:00.838353 HM:   EPT_VE
00:00:00.838353 HM:   CONCEAL_VMX_FROM_PT
00:00:00.838353 HM:   XSAVES_XRSTORS
00:00:00.838353 HM:   MODE_BASED_EPT_PERM
00:00:00.838353 HM:   SPPTP_EPT (must be cleared)
00:00:00.838353 HM:   PT_EPT (must be cleared)
00:00:00.838353 HM:   TSC_SCALING (must be cleared)
00:00:00.838353 HM:   USER_WAIT_PAUSE (must be cleared)
00:00:00.838353 HM:   ENCLV_EXIT (must be cleared)
00:00:00.838353 HM: MSR_IA32_VMX_ENTRY_CTLS           = 0x3ffff000011ff
00:00:00.838353 HM:   LOAD_DEBUG (must be set)
00:00:00.838353 HM:   IA32E_MODE_GUEST
00:00:00.838353 HM:   ENTRY_TO_SMM
00:00:00.838353 HM:   DEACTIVATE_DUAL_MON
00:00:00.838353 HM:   LOAD_PERF_MSR
00:00:00.838353 HM:   LOAD_PAT_MSR
00:00:00.838353 HM:   LOAD_EFER_MSR
00:00:00.838353 HM:   LOAD_BNDCFGS_MSR
00:00:00.838353 HM:   CONCEAL_VMX_FROM_PT
00:00:00.838353 HM:   LOAD_RTIT_CTL_MSR (must be cleared)
00:00:00.838353 HM: MSR_IA32_VMX_EXIT_CTLS            = 0x1ffffff00036dff
00:00:00.838353 HM:   SAVE_DEBUG (must be set)
00:00:00.838353 HM:   HOST_ADDR_SPACE_SIZE
00:00:00.838353 HM:   LOAD_PERF_MSR
00:00:00.838353 HM:   ACK_EXT_INT
00:00:00.838353 HM:   SAVE_PAT_MSR
00:00:00.838353 HM:   LOAD_PAT_MSR
00:00:00.838353 HM:   SAVE_EFER_MSR
00:00:00.838353 HM:   LOAD_EFER_MSR
00:00:00.838353 HM:   SAVE_PREEMPT_TIMER
00:00:00.838353 HM:   CLEAR_BNDCFGS_MSR
00:00:00.838353 HM:   CONCEAL_VMX_FROM_PT
00:00:00.838353 HM:   CLEAR_RTIT_CTL_MSR (must be cleared)
00:00:00.838353 HM: MSR_IA32_VMX_TRUE_PINBASED_CTLS   = 0x7f00000016
00:00:00.838353 HM: MSR_IA32_VMX_TRUE_PROCBASED_CTLS  = 0xfff9fffe04006172
00:00:00.838353 HM: MSR_IA32_VMX_TRUE_ENTRY_CTLS      = 0x3ffff000011fb
00:00:00.838353 HM: MSR_IA32_VMX_TRUE_EXIT_CTLS       = 0x1ffffff00036dfb
00:00:00.838353 HM: MSR_IA32_VMX_MISC                 = 0x7004c1e7
00:00:00.838353 HM:   PREEMPT_TIMER_TSC                 = 0x7
00:00:00.838353 HM:   EXIT_SAVE_EFER_LMA                = true 
00:00:00.838353 HM:   ACTIVITY_STATES                   = 0x7 ( HLT SHUTDOWN SIPI_WAIT )
00:00:00.838353 HM:   INTEL_PT                          = true 
00:00:00.838353 HM:   SMM_READ_SMBASE_MSR               = true 
00:00:00.838353 HM:   CR3_TARGET                        = 0x4
00:00:00.838353 HM:   MAX_MSR                           = 0x0 ( 512 )
00:00:00.838353 HM:   VMXOFF_BLOCK_SMI                  = true 
00:00:00.838353 HM:   VMWRITE_ALL                       = true 
00:00:00.838353 HM:   ENTRY_INJECT_SOFT_INT             = 0x1
00:00:00.838353 HM:   MSEG_ID                           = 0x0
00:00:00.838353 HM: MSR_IA32_VMX_VMCS_ENUM            = 0x2e
00:00:00.838353 HM:   HIGHEST_IDX                       = 0x17
00:00:00.838353 HM: MSR_IA32_VMX_EPT_VPID_CAP         = 0xf0106734141
00:00:00.838353 HM:   RWX_X_ONLY
00:00:00.838353 HM:   PAGE_WALK_LENGTH_4
00:00:00.838353 HM:   EMT_UC
00:00:00.838353 HM:   EMT_WB
00:00:00.838353 HM:   PDE_2M
00:00:00.838353 HM:   PDPTE_1G
00:00:00.838353 HM:   INVEPT
00:00:00.838353 HM:   EPT_ACCESS_DIRTY
00:00:00.838353 HM:   ADVEXITINFO_EPT
00:00:00.838353 HM:   INVEPT_SINGLE_CONTEXT
00:00:00.838353 HM:   INVEPT_ALL_CONTEXTS
00:00:00.838353 HM:   INVVPID
00:00:00.838353 HM:   INVVPID_INDIV_ADDR
00:00:00.838353 HM:   INVVPID_SINGLE_CONTEXT
00:00:00.838353 HM:   INVVPID_ALL_CONTEXTS
00:00:00.838353 HM:   INVVPID_SINGLE_CONTEXT_RETAIN_GLOBALS
00:00:00.838353 HM: MSR_IA32_VMX_VMFUNC               = 0x1
00:00:00.838353 HM:   EPTP_SWITCHING
00:00:00.838353 HM: MSR_IA32_VMX_CR0_FIXED0           = 0x80000021
00:00:00.838353 HM: MSR_IA32_VMX_CR0_FIXED1           = 0xffffffff
00:00:00.838353 HM: MSR_IA32_VMX_CR4_FIXED0           = 0x2000
00:00:00.838353 HM: MSR_IA32_VMX_CR4_FIXED1           = 0x3727ff
00:00:00.838353 HM: APIC-access page physaddr         = 0x00000002e196c000
00:00:00.838353 HM: VCPU  0: MSR bitmap physaddr      = 0x00000002e1970000
00:00:00.838353 HM: VCPU  0: VMCS physaddr            = 0x00000002e196d000
00:00:00.838353 HM: Guest support: 32-bit and 64-bit
00:00:00.838353 HM: Supports VMCS EFER fields         = true 
00:00:00.838353 HM: Enabled VMX
00:00:00.838353 CPUM: SetGuestCpuIdFeature: Enabled SYSENTER/EXIT
00:00:00.838353 CPUM: SetGuestCpuIdFeature: Enabled PAE
00:00:00.838353 CPUM: SetGuestCpuIdFeature: Enabled LONG MODE
00:00:00.838353 CPUM: SetGuestCpuIdFeature: Enabled SYSCALL/RET
00:00:00.838353 CPUM: SetGuestCpuIdFeature: Enabled LAHF/SAHF
00:00:00.838353 CPUM: SetGuestCpuIdFeature: Enabled NX
00:00:00.838353 HM: Enabled nested paging
00:00:00.838353 HM:   EPT flush type                  = Single context
00:00:00.838353 HM: Enabled unrestricted guest execution
00:00:00.838353 HM: Enabled VPID
00:00:00.838353 HM:   VPID flush type                 = Single context
00:00:00.838353 HM: Enabled VMX-preemption timer (cPreemptTimerShift=7)
00:00:00.838353 HM: VT-x/AMD-V init method: Global
00:00:00.838353 EM: Exit history optimizations: enabled=true  enabled-r0=true  enabled-r0-no-preemption=false
00:00:00.838353 PcBios: SATA LUN#0 LCHS=553/64/63
00:00:00.838353 APIC: fPostedIntrsEnabled=false fVirtApicRegsEnabled=false fSupportsTscDeadline=false
00:00:00.838353 TMR3UtcNow: nsNow=1 635 659 551 578 471 000 nsPrev=0 -> cNsDelta=1 635 659 551 578 471 000 (offLag=0 offVirtualSync=0 offVirtualSyncGivenUp=0, NowAgain=1 635 659 551 578 471 000)
00:00:00.838353 VMM: fUsePeriodicPreemptionTimers=false
00:00:00.838353 CPUM: Logical host processors: 4 present, 4 max, 4 online, online mask: 000000000000000f
00:00:00.838353 CPUM: Physical host cores: 4
00:00:00.838353 ************************* CPUID dump ************************
00:00:00.838353          Raw Standard CPUID Leaves
00:00:00.838353      Leaf/sub-leaf  eax      ebx      ecx      edx
00:00:00.838353 Gst: 00000000/0000  00000016 756e6547 6c65746e 49656e69
00:00:00.838353 Hst:                00000016 756e6547 6c65746e 49656e69
00:00:00.838353 Gst: 00000001/0000  000906e9 00010800 d6fa220b 178bfbff
00:00:00.838353 Hst:                000906e9 00100800 7ffafbbf bfebfbff
00:00:00.838353 Gst: 00000002/0000  76036301 00f0b6ff 00000000 00c30000
00:00:00.838353 Hst:                76036301 00f0b6ff 00000000 00c30000
00:00:00.838353 Gst: 00000003/0000  00000000 00000000 00000000 00000000
00:00:00.838353 Hst:                00000000 00000000 00000000 00000000
00:00:00.838353 Gst: 00000004/0000  00000121 01c0003f 0000003f 00000000
00:00:00.838353 Hst:                1c004121 01c0003f 0000003f 00000000
00:00:00.838353 Gst: 00000004/0001  00000122 01c0003f 0000003f 00000000
00:00:00.838353 Hst:                1c004122 01c0003f 0000003f 00000000
00:00:00.838353 Gst: 00000004/0002  00000143 00c0003f 000003ff 00000000
00:00:00.838353 Hst:                1c004143 00c0003f 000003ff 00000000
00:00:00.838353 Gst: 00000004/0003  00000163 02c0003f 00001fff 00000006
00:00:00.838353 Hst:                1c03c163 02c0003f 00001fff 00000006
00:00:00.838353 Gst: 00000004/0004  00000000 00000000 00000000 00000000
00:00:00.838353 Hst:                00000000 00000000 00000000 00000000
00:00:00.838353 Gst: 00000005/0000  00000040 00000040 00000000 00000000
00:00:00.838353 Hst:                00000040 00000040 00000003 11142120
00:00:00.838353 Gst: 00000006/0000  00000000 00000000 00000000 00000000
00:00:00.838353 Hst:                000027f7 00000002 00000009 00000000
00:00:00.838353 Gst: 00000007/0000  00000000 00842421 00000000 10000400
00:00:00.838353 Hst:                00000000 029c67af 00000000 9c002e00
00:00:00.838353 Gst: 00000007/0001  00000000 00000000 00000000 00000000
00:00:00.838353 Hst:                00000000 00000000 00000000 00000000
00:00:00.838353 Gst: 00000008/0000  00000000 00000000 00000000 00000000
00:00:00.838353 Hst:                00000000 00000000 00000000 00000000
00:00:00.838353 Gst: 00000009/0000  00000000 00000000 00000000 00000000
00:00:00.838353 Hst:                00000000 00000000 00000000 00000000
00:00:00.838353 Gst: 0000000a/0000  00000000 00000000 00000000 00000000
00:00:00.838353 Hst:                07300804 00000000 00000000 00000603
00:00:00.838353 Gst: 0000000b/0000  00000000 00000001 00000100 00000000
00:00:00.838353 Hst:                00000001 00000001 00000100 00000000
00:00:00.838353 Gst: 0000000b/0001  00000001 00000001 00000201 00000000
00:00:00.838353 Hst:                00000004 00000004 00000201 00000000
00:00:00.838353 Gst: 0000000b/0002  00000000 00000000 00000002 00000000
00:00:00.838353 Hst:                00000000 00000000 00000002 00000000
00:00:00.838353 Gst: 0000000c/0000  00000000 00000000 00000000 00000000
00:00:00.838353 Hst:                00000000 00000000 00000000 00000000
00:00:00.838353 Gst: 0000000d/0000  00000007 00000340 00000340 00000000
00:00:00.838353 Hst:                0000001f 00000440 00000440 00000000
00:00:00.838353 Gst: 0000000d/0001  00000000 000003c0 00000000 00000000
00:00:00.838353 Hst:                0000000f 000003c0 00000100 00000000
00:00:00.838353 Gst: 0000000d/0002  00000100 00000240 00000000 00000000
00:00:00.838353 Hst:                00000100 00000240 00000000 00000000
00:00:00.838353 Gst: 0000000d/0003  00000000 00000000 00000000 00000000
00:00:00.838353 Hst:                00000040 000003c0 00000000 00000000
00:00:00.838353 Gst: 0000000d/0004  00000000 00000000 00000000 00000000
00:00:00.838353 Hst:                00000040 00000400 00000000 00000000
00:00:00.838353 Gst: 0000000d/0005  00000000 00000000 00000000 00000000
00:00:00.838353 Hst:                00000000 00000000 00000000 00000000
00:00:00.838353 Gst: 0000000d/0006  00000000 00000000 00000000 00000000
00:00:00.838353 Hst:                00000000 00000000 00000000 00000000
00:00:00.838353 Gst: 0000000d/0007  00000000 00000000 00000000 00000000
00:00:00.838353 Hst:                00000000 00000000 00000000 00000000
00:00:00.838353 Gst: 0000000d/0008  00000000 00000000 00000000 00000000
00:00:00.838353 Hst:                00000080 00000000 00000001 00000000
00:00:00.838353 Gst: 0000000d/0009  00000000 00000000 00000000 00000000
00:00:00.838353 Hst:                00000000 00000000 00000000 00000000
00:00:00.838353 Gst: 0000000e/0000  00000000 00000000 00000000 00000000
00:00:00.838353 Hst:                00000000 00000000 00000000 00000000
00:00:00.838353 Gst: 0000000f/0000  00000000 00000000 00000000 00000000
00:00:00.838353 Hst:                00000000 00000000 00000000 00000000
00:00:00.838353 Gst: 00000010/0000  00000000 00000000 00000000 00000000
00:00:00.838353 Hst:                00000000 00000000 00000000 00000000
00:00:00.838353 Gst: 00000011/0000  00000000 00000000 00000000 00000000
00:00:00.838353 Hst:                00000000 00000000 00000000 00000000
00:00:00.838353 Gst: 00000012/0000  00000000 00000000 00000000 00000000
00:00:00.838353 Hst:                00000000 00000000 00000000 00000000
00:00:00.838353 Gst: 00000013/0000  00000000 00000000 00000000 00000000
00:00:00.838353 Hst:                00000000 00000000 00000000 00000000
00:00:00.838353 Gst: 00000014/0000  00000000 00000000 00000000 00000000
00:00:00.838353 Hst:                00000001 0000000f 00000007 00000000
00:00:00.838353 Hst: 00000015/0000  00000002 000000d0 00000000 00000000
00:00:00.838353 Hst: 00000016/0000  000009c4 00000dac 00000064 00000000
00:00:00.838353                                Name: GenuineIntel
00:00:00.838353                            Supports: 0x00000000-0x00000016
00:00:00.838353                              Family:  6 	Extended: 0 	Effective: 6
00:00:00.838353                               Model: 14 	Extended: 9 	Effective: 158
00:00:00.838353                            Stepping: 9
00:00:00.838353                                Type: 0 (primary)
00:00:00.838353                             APIC ID: 0x00
00:00:00.838353                        Logical CPUs: 1
00:00:00.838353                        CLFLUSH Size: 8
00:00:00.838353                            Brand ID: 0x00
00:00:00.838353 Features
00:00:00.838353   Mnemonic - Description                                  = guest (host)
00:00:00.838353   FPU - x87 FPU on Chip                                   = 1 (1)
00:00:00.838353   VME - Virtual 8086 Mode Enhancements                    = 1 (1)
00:00:00.838353   DE - Debugging extensions                               = 1 (1)
00:00:00.838353   PSE - Page Size Extension                               = 1 (1)
00:00:00.838353   TSC - Time Stamp Counter                                = 1 (1)
00:00:00.838353   MSR - Model Specific Registers                          = 1 (1)
00:00:00.838353   PAE - Physical Address Extension                        = 1 (1)
00:00:00.838353   MCE - Machine Check Exception                           = 1 (1)
00:00:00.838353   CX8 - CMPXCHG8B instruction                             = 1 (1)
00:00:00.838353   APIC - APIC On-Chip                                     = 1 (1)
00:00:00.838353   SEP - SYSENTER and SYSEXIT Present                      = 1 (1)
00:00:00.838353   MTRR - Memory Type Range Registers                      = 1 (1)
00:00:00.838353   PGE - PTE Global Bit                                    = 1 (1)
00:00:00.838353   MCA - Machine Check Architecture                        = 1 (1)
00:00:00.838353   CMOV - Conditional Move instructions                    = 1 (1)
00:00:00.838353   PAT - Page Attribute Table                              = 1 (1)
00:00:00.838353   PSE-36 - 36-bit Page Size Extension                     = 1 (1)
00:00:00.838353   PSN - Processor Serial Number                           = 0 (0)
00:00:00.838353   CLFSH - CLFLUSH instruction                             = 1 (1)
00:00:00.838353   DS - Debug Store                                        = 0 (1)
00:00:00.838353   ACPI - Thermal Mon. & Soft. Clock Ctrl.                 = 0 (1)
00:00:00.838353   MMX - Intel MMX Technology                              = 1 (1)
00:00:00.838353   FXSR - FXSAVE and FXRSTOR instructions                  = 1 (1)
00:00:00.838353   SSE - SSE support                                       = 1 (1)
00:00:00.838353   SSE2 - SSE2 support                                     = 1 (1)
00:00:00.838353   SS - Self Snoop                                         = 0 (1)
00:00:00.838353   HTT - Hyper-Threading Technology                        = 1 (1)
00:00:00.838353   TM - Therm. Monitor                                     = 0 (1)
00:00:00.838353   PBE - Pending Break Enabled                             = 0 (1)
00:00:00.838353   SSE3 - SSE3 support                                     = 1 (1)
00:00:00.838353   PCLMUL - PCLMULQDQ support (for AES-GCM)                = 1 (1)
00:00:00.838353   DTES64 - DS Area 64-bit Layout                          = 0 (1)
00:00:00.838353   MONITOR - MONITOR/MWAIT instructions                    = 1 (1)
00:00:00.838353   CPL-DS - CPL Qualified Debug Store                      = 0 (1)
00:00:00.838353   VMX - Virtual Machine Extensions                        = 0 (1)
00:00:00.838353   SMX - Safer Mode Extensions                             = 0 (0)
00:00:00.838353   EST - Enhanced SpeedStep Technology                     = 0 (1)
00:00:00.838353   TM2 - Terminal Monitor 2                                = 0 (1)
00:00:00.838353   SSSE3 - Supplemental Streaming SIMD Extensions 3        = 1 (1)
00:00:00.838353   CNTX-ID - L1 Context ID                                 = 0 (0)
00:00:00.838353   SDBG - Silicon Debug interface                          = 0 (1)
00:00:00.838353   FMA - Fused Multiply Add extensions                     = 0 (1)
00:00:00.838353   CX16 - CMPXCHG16B instruction                           = 1 (1)
00:00:00.838353   TPRUPDATE - xTPR Update Control                         = 0 (1)
00:00:00.838353   PDCM - Perf/Debug Capability MSR                        = 0 (1)
00:00:00.838353   PCID - Process Context Identifiers                      = 1 (1)
00:00:00.838353   DCA - Direct Cache Access                               = 0 (0)
00:00:00.838353   SSE4_1 - SSE4_1 support                                 = 1 (1)
00:00:00.838353   SSE4_2 - SSE4_2 support                                 = 1 (1)
00:00:00.838353   X2APIC - x2APIC support                                 = 1 (1)
00:00:00.838353   MOVBE - MOVBE instruction                               = 1 (1)
00:00:00.838353   POPCNT - POPCNT instruction                             = 1 (1)
00:00:00.838353   TSCDEADL - Time Stamp Counter Deadline                  = 0 (1)
00:00:00.838353   AES - AES instructions                                  = 1 (1)
00:00:00.838353   XSAVE - XSAVE instruction                               = 1 (1)
00:00:00.838353   OSXSAVE - OSXSAVE instruction                           = 0 (1)
00:00:00.838353   AVX - AVX support                                       = 1 (1)
00:00:00.838353   F16C - 16-bit floating point conversion instructions    = 0 (1)
00:00:00.838353   RDRAND - RDRAND instruction                             = 1 (1)
00:00:00.838353   HVP - Hypervisor Present (we're a guest)                = 1 (0)
00:00:00.838353 Structured Extended Feature Flags Enumeration (leaf 7):
00:00:00.838353   Mnemonic - Description                                  = guest (host)
00:00:00.838353   FSGSBASE - RDFSBASE/RDGSBASE/WRFSBASE/WRGSBASE instr.   = 1 (1)
00:00:00.838353   TSCADJUST - Supports MSR_IA32_TSC_ADJUST                = 0 (1)
00:00:00.838353   SGX - Supports Software Guard Extensions                = 0 (1)
00:00:00.838353   BMI1 - Advanced Bit Manipulation extension 1            = 0 (1)
00:00:00.838353   HLE - Hardware Lock Elision                             = 0 (0)
00:00:00.838353   AVX2 - Advanced Vector Extensions 2                     = 1 (1)
00:00:00.838353   FDP_EXCPTN_ONLY - FPU DP only updated on exceptions     = 0 (0)
00:00:00.838353   SMEP - Supervisor Mode Execution Prevention             = 0 (1)
00:00:00.838353   BMI2 - Advanced Bit Manipulation extension 2            = 0 (1)
00:00:00.838353   ERMS - Enhanced REP MOVSB/STOSB instructions            = 0 (1)
00:00:00.838353   INVPCID - INVPCID instruction                           = 1 (1)
00:00:00.838353   RTM - Restricted Transactional Memory                   = 0 (0)
00:00:00.838353   PQM - Platform Quality of Service Monitoring            = 0 (0)
00:00:00.838353   DEPFPU_CS_DS - Deprecates FPU CS, FPU DS values if set  = 1 (1)
00:00:00.838353   MPE - Intel Memory Protection Extensions                = 0 (1)
00:00:00.838353   PQE - Platform Quality of Service Enforcement           = 0 (0)
00:00:00.838353   AVX512F - AVX512 Foundation instructions                = 0 (0)
00:00:00.838353   RDSEED - RDSEED instruction                             = 1 (1)
00:00:00.838353   ADX - ADCX/ADOX instructions                            = 0 (1)
00:00:00.838353   SMAP - Supervisor Mode Access Prevention                = 0 (1)
00:00:00.838353   CLFLUSHOPT - CLFLUSHOPT (Cache Line Flush) instruction  = 1 (1)
00:00:00.838353   INTEL_PT - Intel Processor Trace                        = 0 (1)
00:00:00.838353   AVX512PF - AVX512 Prefetch instructions                 = 0 (0)
00:00:00.838353   AVX512ER - AVX512 Exponential & Reciprocal instructions = 0 (0)
00:00:00.838353   AVX512CD - AVX512 Conflict Detection instructions       = 0 (0)
00:00:00.838353   SHA - Secure Hash Algorithm extensions                  = 0 (0)
00:00:00.838353   PREFETCHWT1 - PREFETCHWT1 instruction                   = 0 (0)
00:00:00.838353   UMIP - User mode insturction prevention                 = 0 (0)
00:00:00.838353   PKU - Protection Key for Usermode pages                 = 0 (0)
00:00:00.838353   OSPKE - CR4.PKU mirror                                  = 0 (0)
00:00:00.838353   MAWAU - Value used by BNDLDX & BNDSTX                   = 0x0 (0x0)
00:00:00.838353   RDPID - Read processor ID support                       = 0 (0)
00:00:00.838353   SGX_LC - Supports SGX Launch Configuration              = 0 (0)
00:00:00.838353    9 - Reserved                                           = 0 (1)
00:00:00.838353   MD_CLEAR - Supports MDS related buffer clearing         = 1 (1)
00:00:00.838353   11 - Reserved                                           = 0 (1)
00:00:00.838353   13 - Reserved                                           = 0 (1)
00:00:00.838353   IBRS_IBPB - IA32_SPEC_CTRL.IBRS and IA32_PRED_CMD.IBPB  = 0 (1)
00:00:00.838353   STIBP - Supports IA32_SPEC_CTRL.STIBP                   = 0 (1)
00:00:00.838353   FLUSH_CMD - Supports IA32_FLUSH_CMD                     = 1 (1)
00:00:00.838353   ARCHCAP - Supports IA32_ARCH_CAP                        = 0 (0)
00:00:00.838353   CORECAP - Supports IA32_CORE_CAP                        = 0 (0)
00:00:00.838353   SSBD - Supports IA32_SPEC_CTRL.SSBD                     = 0 (1)
00:00:00.838353 Processor Extended State Enumeration (leaf 0xd):
00:00:00.838353    XSAVE area cur/max size by XCR0, guest: 0x340/0x340
00:00:00.838353     XSAVE area cur/max size by XCR0, host: 0x440/0x440
00:00:00.838353                    Valid XCR0 bits, guest: 0x00000000`00000007 ( x87 SSE YMM_Hi128 )
00:00:00.838353                     Valid XCR0 bits, host: 0x00000000`0000001f ( x87 SSE YMM_Hi128 BNDREGS BNDCSR )
00:00:00.838353                     XSAVE features, guest:
00:00:00.838353                      XSAVE features, host: XSAVEOPT XSAVEC XGETBC1 XSAVES
00:00:00.838353       XSAVE area cur size XCR0|XSS, guest: 0x3c0
00:00:00.838353        XSAVE area cur size XCR0|XSS, host: 0x3c0
00:00:00.838353                Valid IA32_XSS bits, guest: 0x00000000`00000000
00:00:00.838353                 Valid IA32_XSS bits, host: 0x00000100`00000000 ( 40 )
00:00:00.838353   State #2, guest: off=0x0240, cb=0x0100 IA32_XSS-bit -- YMM_Hi128
00:00:00.838353   State #2, host:  off=0x0240, cb=0x0100 IA32_XSS-bit -- YMM_Hi128
00:00:00.838353   State #3, host:  off=0x03c0, cb=0x0040 IA32_XSS-bit -- BNDREGS
00:00:00.838353   State #4, host:  off=0x0400, cb=0x0040 IA32_XSS-bit -- BNDCSR
00:00:00.838353   State #8, host:  off=0x0000, cb=0x0080 XCR0-bit -- 8
00:00:00.838353          Unknown CPUID Leaves
00:00:00.838353      Leaf/sub-leaf  eax      ebx      ecx      edx
00:00:00.838353 Gst: 00000014/0001  00000000 00000000 00000000 00000000
00:00:00.838353 Hst:                02490002 003f3fff 00000000 00000000
00:00:00.838353 Gst: 00000014/0002  00000000 00000000 00000000 00000000
00:00:00.838353 Hst:                00000000 00000000 00000000 00000000
00:00:00.838353 Gst: 00000015/0000  00000000 00000000 00000000 00000000
00:00:00.838353 Hst:                00000002 000000d0 00000000 00000000
00:00:00.838353 Gst: 00000016/0000  00000000 00000000 00000000 00000000
00:00:00.838353 Hst:                000009c4 00000dac 00000064 00000000
00:00:00.838353          Raw Hypervisor CPUID Leaves
00:00:00.838353      Leaf/sub-leaf  eax      ebx      ecx      edx
00:00:00.838353 Gst: 40000000/0000  40000001 4b4d564b 564b4d56 0000004d
00:00:00.838353 Hst:                000009c4 00000dac 00000064 00000000
00:00:00.838353 Gst: 40000001/0000  01000089 00000000 00000000 00000000
00:00:00.838353 Hst:                000009c4 00000dac 00000064 00000000
00:00:00.838353          Raw Extended CPUID Leaves
00:00:00.838353      Leaf/sub-leaf  eax      ebx      ecx      edx
00:00:00.838353 Gst: 80000000/0000  80000008 00000000 00000000 00000000
00:00:00.838353 Hst:                80000008 00000000 00000000 00000000
00:00:00.838353 Gst: 80000001/0000  00000000 00000000 00000121 28100800
00:00:00.838353 Hst:                00000000 00000000 00000121 2c100800
00:00:00.838353 Gst: 80000002/0000  65746e49 2952286c 726f4320 4d542865
00:00:00.838353 Hst:                65746e49 2952286c 726f4320 4d542865
00:00:00.838353 Gst: 80000003/0000  35692029 3033372d 20514830 20555043
00:00:00.838353 Hst:                35692029 3033372d 20514830 20555043
00:00:00.838353 Gst: 80000004/0000  2e322040 48473035 0000007a 00000000
00:00:00.838353 Hst:                2e322040 48473035 0000007a 00000000
00:00:00.838353 Gst: 80000005/0000  00000000 00000000 00000000 00000000
00:00:00.838353 Hst:                00000000 00000000 00000000 00000000
00:00:00.838353 Gst: 80000006/0000  00000000 00000000 01006040 00000000
00:00:00.838353 Hst:                00000000 00000000 01006040 00000000
00:00:00.838353 Gst: 80000007/0000  00000000 00000000 00000000 00000100
00:00:00.838353 Hst:                00000000 00000000 00000000 00000100
00:00:00.838353 Gst: 80000008/0000  00003027 00000000 00000000 00000000
00:00:00.838353 Hst:                00003027 00000000 00000000 00000000
00:00:00.838353 Ext Name:                        
00:00:00.838353 Ext Supports:                    0x80000000-0x80000008
00:00:00.838353 Family:                          0  	Extended: 0 	Effective: 0
00:00:00.838353 Model:                           0  	Extended: 0 	Effective: 0
00:00:00.838353 Stepping:                        0
00:00:00.838353 Brand ID:                        0x000
00:00:00.838353 Ext Features
00:00:00.838353   Mnemonic - Description                                  = guest (host)
00:00:00.838353   FPU - x87 FPU on Chip                                   = 0 (0)
00:00:00.838353   VME - Virtual 8086 Mode Enhancements                    = 0 (0)
00:00:00.838353   DE - Debugging extensions                               = 0 (0)
00:00:00.838353   PSE - Page Size Extension                               = 0 (0)
00:00:00.838353   TSC - Time Stamp Counter                                = 0 (0)
00:00:00.838353   MSR - K86 Model Specific Registers                      = 0 (0)
00:00:00.838353   PAE - Physical Address Extension                        = 0 (0)
00:00:00.838353   MCE - Machine Check Exception                           = 0 (0)
00:00:00.838353   CX8 - CMPXCHG8B instruction                             = 0 (0)
00:00:00.838353   APIC - APIC On-Chip                                     = 0 (0)
00:00:00.838353   SEP - SYSCALL/SYSRET                                    = 1 (1)
00:00:00.838353   MTRR - Memory Type Range Registers                      = 0 (0)
00:00:00.838353   PGE - PTE Global Bit                                    = 0 (0)
00:00:00.838353   MCA - Machine Check Architecture                        = 0 (0)
00:00:00.838353   CMOV - Conditional Move instructions                    = 0 (0)
00:00:00.838353   PAT - Page Attribute Table                              = 0 (0)
00:00:00.838353   PSE-36 - 36-bit Page Size Extension                     = 0 (0)
00:00:00.838353   NX - No-Execute/Execute-Disable                         = 1 (1)
00:00:00.838353   AXMMX - AMD Extensions to MMX instructions              = 0 (0)
00:00:00.838353   MMX - Intel MMX Technology                              = 0 (0)
00:00:00.838353   FXSR - FXSAVE and FXRSTOR Instructions                  = 0 (0)
00:00:00.838353   FFXSR - AMD fast FXSAVE and FXRSTOR instructions        = 0 (0)
00:00:00.838353   Page1GB - 1 GB large page                               = 0 (1)
00:00:00.838353   RDTSCP - RDTSCP instruction                             = 1 (1)
00:00:00.838353   LM - AMD64 Long Mode                                    = 1 (1)
00:00:00.838353   3DNOWEXT - AMD Extensions to 3DNow                      = 0 (0)
00:00:00.838353   3DNOW - AMD 3DNow                                       = 0 (0)
00:00:00.838353   LahfSahf - LAHF/SAHF support in 64-bit mode             = 1 (1)
00:00:00.838353   CmpLegacy - Core multi-processing legacy mode           = 0 (0)
00:00:00.838353   SVM - AMD Secure Virtual Machine extensions             = 0 (0)
00:00:00.838353   EXTAPIC - AMD Extended APIC registers                   = 0 (0)
00:00:00.838353   CR8L - AMD LOCK MOV CR0 means MOV CR8                   = 0 (0)
00:00:00.838353   ABM - AMD Advanced Bit Manipulation                     = 1 (1)
00:00:00.838353   SSE4A - SSE4A instructions                              = 0 (0)
00:00:00.838353   MISALIGNSSE - AMD Misaligned SSE mode                   = 0 (0)
00:00:00.838353   3DNOWPRF - AMD PREFETCH and PREFETCHW instructions      = 1 (1)
00:00:00.838353   OSVW - AMD OS Visible Workaround                        = 0 (0)
00:00:00.838353   IBS - Instruct Based Sampling                           = 0 (0)
00:00:00.838353   XOP - Extended Operation support                        = 0 (0)
00:00:00.838353   SKINIT - SKINIT, STGI, and DEV support                  = 0 (0)
00:00:00.838353   WDT - AMD Watchdog Timer support                        = 0 (0)
00:00:00.838353   LWP - Lightweight Profiling support                     = 0 (0)
00:00:00.838353   FMA4 - Four operand FMA instruction support             = 0 (0)
00:00:00.838353   NodeId - NodeId in MSR C001_100C                        = 0 (0)
00:00:00.838353   TBM - Trailing Bit Manipulation instructions            = 0 (0)
00:00:00.838353   TOPOEXT - Topology Extensions                           = 0 (0)
00:00:00.838353   PRFEXTCORE - Performance Counter Extensions support     = 0 (0)
00:00:00.838353   PRFEXTNB - NB Performance Counter Extensions support    = 0 (0)
00:00:00.838353   DATABPEXT - Data-access Breakpoint Extension            = 0 (0)
00:00:00.838353   PERFTSC - Performance Time Stamp Counter                = 0 (0)
00:00:00.838353   PCX_L2I - L2I/L3 Performance Counter Extensions         = 0 (0)
00:00:00.838353   MWAITX - MWAITX and MONITORX instructions               = 0 (0)
00:00:00.838353 Full Name:                       "Intel(R) Core(TM) i5-7300HQ CPU @ 2.50GHz"
00:00:00.838353 TLB 2/4M Instr/Uni:              res0     0 entries
00:00:00.838353 TLB 2/4M Data:                   res0     0 entries
00:00:00.838353 TLB 4K Instr/Uni:                res0     0 entries
00:00:00.838353 TLB 4K Data:                     res0     0 entries
00:00:00.838353 L1 Instr Cache Line Size:        0 bytes
00:00:00.838353 L1 Instr Cache Lines Per Tag:    0
00:00:00.838353 L1 Instr Cache Associativity:    res0  
00:00:00.838353 L1 Instr Cache Size:             0 KB
00:00:00.838353 L1 Data Cache Line Size:         0 bytes
00:00:00.838353 L1 Data Cache Lines Per Tag:     0
00:00:00.838353 L1 Data Cache Associativity:     res0  
00:00:00.838353 L1 Data Cache Size:              0 KB
00:00:00.838353 L2 TLB 2/4M Instr/Uni:           off       0 entries
00:00:00.838353 L2 TLB 2/4M Data:                off       0 entries
00:00:00.838353 L2 TLB 4K Instr/Uni:             off       0 entries
00:00:00.838353 L2 TLB 4K Data:                  off       0 entries
00:00:00.838353 L2 Cache Line Size:              0 bytes
00:00:00.838353 L2 Cache Lines Per Tag:          0
00:00:00.838353 L2 Cache Associativity:          off   
00:00:00.838353 L2 Cache Size:                   0 KB
00:00:00.838353   TS - Temperature Sensor                                 = 0 (0)
00:00:00.838353   FID - Frequency ID control                              = 0 (0)
00:00:00.838353   VID - Voltage ID control                                = 0 (0)
00:00:00.838353   TscInvariant - Invariant Time Stamp Counter             = 1 (1)
00:00:00.838353   CBP - Core Performance Boost                            = 0 (0)
00:00:00.838353   EffFreqRO - Read-only Effective Frequency Interface     = 0 (0)
00:00:00.838353   ProcFdbkIf - Processor Feedback Interface               = 0 (0)
00:00:00.838353   ProcPwrRep - Core power reporting interface support     = 0 (0)
00:00:00.838353 Physical Address Width:          39 bits
00:00:00.838353 Virtual Address Width:           48 bits
00:00:00.838353 Guest Physical Address Width:    0 bits
00:00:00.838353 Physical Core Count:             1
00:00:00.838353 
00:00:00.838353 ******************** End of CPUID dump **********************
00:00:00.838353 *********************** VT-x features ***********************
00:00:00.838353 Nested hardware virtualization - VMX features
00:00:00.838353   Mnemonic - Description                                  = guest (host)
00:00:00.838353   VMX - Virtual-Machine Extensions                        = 0 (1)
00:00:00.838353   InsOutInfo - INS/OUTS instruction info.                 = 0 (1)
00:00:00.838353   ExtIntExit - External interrupt exiting                 = 0 (1)
00:00:00.838353   NmiExit - NMI exiting                                   = 0 (1)
00:00:00.838353   VirtNmi - Virtual NMIs                                  = 0 (1)
00:00:00.838353   PreemptTimer - VMX preemption timer                     = 0 (1)
00:00:00.838353   PostedInt - Posted interrupts                           = 0 (0)
00:00:00.838353   IntWindowExit - Interrupt-window exiting                = 0 (1)
00:00:00.838353   TscOffsetting - TSC offsetting                          = 0 (1)
00:00:00.838353   HltExit - HLT exiting                                   = 0 (1)
00:00:00.838353   InvlpgExit - INVLPG exiting                             = 0 (1)
00:00:00.838353   MwaitExit - MWAIT exiting                               = 0 (1)
00:00:00.838353   RdpmcExit - RDPMC exiting                               = 0 (1)
00:00:00.838353   RdtscExit - RDTSC exiting                               = 0 (1)
00:00:00.838353   Cr3LoadExit - CR3-load exiting                          = 0 (1)
00:00:00.838353   Cr3StoreExit - CR3-store exiting                        = 0 (1)
00:00:00.838353   Cr8LoadExit  - CR8-load exiting                         = 0 (1)
00:00:00.838353   Cr8StoreExit - CR8-store exiting                        = 0 (1)
00:00:00.838353   UseTprShadow - Use TPR shadow                           = 0 (1)
00:00:00.838353   NmiWindowExit - NMI-window exiting                      = 0 (1)
00:00:00.838353   MovDRxExit - Mov-DR exiting                             = 0 (1)
00:00:00.838353   UncondIoExit - Unconditional I/O exiting                = 0 (1)
00:00:00.838353   UseIoBitmaps - Use I/O bitmaps                          = 0 (1)
00:00:00.838353   MonitorTrapFlag - Monitor Trap Flag                     = 0 (1)
00:00:00.838353   UseMsrBitmaps - MSR bitmaps                             = 0 (1)
00:00:00.838353   MonitorExit - MONITOR exiting                           = 0 (1)
00:00:00.838353   PauseExit - PAUSE exiting                               = 0 (1)
00:00:00.838353   SecondaryExecCtl - Activate secondary controls          = 0 (1)
00:00:00.838353   VirtApic - Virtualize-APIC accesses                     = 0 (1)
00:00:00.838353   Ept - Extended Page Tables                              = 0 (1)
00:00:00.838353   DescTableExit - Descriptor-table exiting                = 0 (1)
00:00:00.838353   Rdtscp - Enable RDTSCP                                  = 0 (1)
00:00:00.838353   VirtX2ApicMode - Virtualize-x2APIC mode                 = 0 (1)
00:00:00.838353   Vpid - Enable VPID                                      = 0 (1)
00:00:00.838353   WbinvdExit - WBINVD exiting                             = 0 (1)
00:00:00.838353   UnrestrictedGuest - Unrestricted guest                  = 0 (1)
00:00:00.838353   ApicRegVirt - APIC-register virtualization              = 0 (0)
00:00:00.838353   VirtIntDelivery - Virtual-interrupt delivery            = 0 (0)
00:00:00.838353   PauseLoopExit - PAUSE-loop exiting                      = 0 (1)
00:00:00.838353   RdrandExit - RDRAND exiting                             = 0 (1)
00:00:00.838353   Invpcid - Enable INVPCID                                = 0 (1)
00:00:00.838353   VmFuncs - Enable VM Functions                           = 0 (1)
00:00:00.838353   VmcsShadowing - VMCS shadowing                          = 0 (0)
00:00:00.838353   RdseedExiting - RDSEED exiting                          = 0 (1)
00:00:00.838353   PML - Page-Modification Log (PML)                       = 0 (1)
00:00:00.838353   EptVe - EPT violations can cause #VE                    = 0 (1)
00:00:00.838353   XsavesXRstors - Enable XSAVES/XRSTORS                   = 0 (1)
00:00:00.838353   EntryLoadDebugCtls - Load debug controls on VM-entry    = 0 (1)
00:00:00.838353   Ia32eModeGuest - IA-32e mode guest                      = 0 (1)
00:00:00.838353   EntryLoadEferMsr - Load IA32_EFER MSR on VM-entry       = 0 (1)
00:00:00.838353   EntryLoadPatMsr - Load IA32_PAT MSR on VM-entry         = 0 (1)
00:00:00.838353   ExitSaveDebugCtls - Save debug controls on VM-exit      = 0 (1)
00:00:00.838353   HostAddrSpaceSize - Host address-space size             = 0 (1)
00:00:00.838353   ExitAckExtInt - Acknowledge interrupt on VM-exit        = 0 (1)
00:00:00.838353   ExitSavePatMsr - Save IA32_PAT MSR on VM-exit           = 0 (1)
00:00:00.838353   ExitLoadPatMsr - Load IA32_PAT MSR on VM-exit           = 0 (1)
00:00:00.838353   ExitSaveEferMsr - Save IA32_EFER MSR on VM-exit         = 0 (1)
00:00:00.838353   ExitLoadEferMsr - Load IA32_EFER MSR on VM-exit         = 0 (1)
00:00:00.838353   SavePreemptTimer - Save VMX-preemption timer            = 0 (1)
00:00:00.838353   ExitSaveEferLma - Save IA32_EFER.LMA on VM-exit         = 0 (1)
00:00:00.838353   IntelPt - Intel PT (Processor Trace) in VMX operation   = 0 (1)
00:00:00.838353   VmwriteAll - VMWRITE to any supported VMCS field        = 0 (1)
00:00:00.838353   EntryInjectSoftInt - Inject softint. with 0-len instr.  = 0 (1)
00:00:00.838353 
00:00:00.838353 ******************* End of VT-x features ********************
00:00:00.842383 VMEmt: Halt method global1 (5)
00:00:00.842412 VMEmt: HaltedGlobal1 config: cNsSpinBlockThresholdCfg=2000
00:00:00.842417 Changing the VM state from 'CREATING' to 'CREATED'
00:00:00.846802 Changing the VM state from 'CREATED' to 'POWERING_ON'
00:00:00.846853 AIOMgr: Endpoints without assigned bandwidth groups:
00:00:00.846857 AIOMgr:     /home/vamsi/Documents/Acads/Sem 7/Computer Networks/Lab/Lab8/lab8_network/VMImages/h2/Snapshots/{a52678ea-7277-4541-8ef7-7de3ae5f7645}.vdi
00:00:00.846860 AIOMgr:     /home/vamsi/Documents/Acads/Sem 7/Computer Networks/Lab/Lab8/lab8_network/VMImages/base/Snapshots/{8f83ab64-891d-4e29-8532-09d2e668c3dd}.vdi
00:00:00.846862 AIOMgr:     /home/vamsi/Documents/Acads/Sem 7/Computer Networks/Lab/Lab8/lab8_network/VMImages/base/base.vdi
00:00:00.852520 Changing the VM state from 'POWERING_ON' to 'RUNNING'
00:00:00.852544 Console: Machine state changed to 'Running'
00:00:00.854153 VMMDev: Guest Log: BIOS: VirtualBox 6.1.26
00:00:00.854232 PCI: Setting up resources and interrupts
00:00:00.854600 PIT: mode=2 count=0x10000 (65536) - 18.20 Hz (ch=0)
00:00:00.856085 VBoxHeadless: starting event loop
00:00:00.872048 Display::i_handleDisplayResize: uScreenId=0 pvVRAM=0000000000000000 w=720 h=400 bpp=0 cbLine=0x0 flags=0x0 origin=0,0
00:00:00.872376 VMMDev: Guest Log: CPUID EDX: 0x178bfbff
00:00:00.872430 PIIX3 ATA: Ctl#0: RESET, DevSel=0 AIOIf=0 CmdIf0=0x00 (-1 usec ago) CmdIf1=0x00 (-1 usec ago)
00:00:00.872457 PIIX3 ATA: Ctl#0: finished processing RESET
00:00:00.873251 AHCI#0: Reset the HBA
00:00:00.873259 VD#0: Cancelling all active requests
00:00:00.873299 AHCI#0: Port 0 reset
00:00:00.873350 VD#0: Cancelling all active requests
00:00:00.873855 VMMDev: Guest Log: BIOS: AHCI 0-P#0: PCHS=2212/16/63 LCHS=553/64/63 0x00000000002205c6 sectors
00:00:00.874913 PIT: mode=2 count=0x48d3 (18643) - 64.00 Hz (ch=0)
00:00:00.906166 Display::i_handleDisplayResize: uScreenId=0 pvVRAM=00007fc43235d000 w=640 h=480 bpp=32 cbLine=0xA00 flags=0x0 origin=0,0
00:00:03.351110 PIT: mode=2 count=0x10000 (65536) - 18.20 Hz (ch=0)
00:00:03.351330 VMMDev: Guest Log: BIOS: Boot : bseqnr=1, bootseq=0231
00:00:03.351570 VMMDev: Guest Log: BIOS: Boot from Floppy 0 failed
00:00:03.351802 VMMDev: Guest Log: BIOS: Boot : bseqnr=2, bootseq=0023
00:00:03.352270 VMMDev: Guest Log: BIOS: CDROM boot failure code : 0003
00:00:03.352446 VMMDev: Guest Log: BIOS: Boot from CD-ROM failed
00:00:03.352637 VMMDev: Guest Log: BIOS: Boot : bseqnr=3, bootseq=0002
00:00:03.370910 VMMDev: Guest Log: BIOS: Booting from Hard Disk...
00:00:03.411427 Display::i_handleDisplayResize: uScreenId=0 pvVRAM=0000000000000000 w=720 h=400 bpp=0 cbLine=0x0 flags=0x0 origin=0,0
00:00:08.212085 VMMDev: Guest Log: BIOS: KBD: unsupported int 16h function 03
00:00:08.212359 VMMDev: Guest Log: BIOS: AX=0305 BX=0000 CX=0000 DX=0000 
00:00:08.321653 GIM: KVM: VCPU  0: Enabled system-time struct. at 0x00000000008d1000 - u32TscScale=0xcd215813 i8TscShift=-1 uVersion=2 fFlags=0x1 uTsc=0x4571bc5ca uVirtNanoTS=0x1bd28fb1e TscKHz=2495974
00:00:08.321678 TM: Switching TSC mode from 'Dynamic' to 'RealTscOffset'
00:00:08.342537 GIM: KVM: Enabled wall-clock struct. at 0x00000000008d0004 - u32Sec=1635659559 u32Nano=78806742 uVersion=2
00:00:08.350059 PIT: mode=2 count=0xf89 (3977) - 300.02 Hz (ch=0)
00:00:08.463335 PIT: mode=0 count=0x10000 (65536) - 18.20 Hz (ch=0)
00:00:08.533145 OHCI: Software reset
00:00:08.690340 AHCI#0: Reset the HBA
00:00:08.690358 VD#0: Cancelling all active requests
00:00:08.690976 AHCI#0: Port 0 reset
00:00:08.692054 OHCI: USB Reset
00:00:08.692159 VD#0: Cancelling all active requests
00:00:08.692340 PIIX3 ATA: Ctl#0: RESET, DevSel=0 AIOIf=0 CmdIf0=0xa0 (-1 usec ago) CmdIf1=0x00 (-1 usec ago)
00:00:08.692385 PIIX3 ATA: Ctl#0: finished processing RESET
00:00:08.781064 OHCI: Software reset
00:00:08.781161 OHCI: USB Operational
00:00:09.347601 VMMDev: Guest Log: vboxguest: host-version: 6.1.26r145957 0x8000000f
00:00:09.348287 VMMDev: Guest Additions information report: Version 5.2.0 r68940 '5.2.0'
00:00:09.348750 VMMDev: Guest Additions information report: Interface = 0x00010004 osType = 0x00053000 (Linux >= 2.6, 32-bit)
00:00:09.349235 VMMDev: Guest Additions capability report: (0x0 -> 0x0) seamless: no, hostWindowMapping: no, graphics: no
00:00:09.380484 VMMDev: vmmDevReqHandler_HeartbeatConfigure: No change (fHeartbeatActive=false)
00:00:09.381195 VMMDev: Heartbeat flatline timer set to trigger after 4 000 000 000 ns
00:00:09.382080 VMMDev: Guest Log: vbg_heartbeat_init: Setting up heartbeat to trigger every 2000 milliseconds
00:00:09.383358 VMMDev: Guest Log: vboxguest: misc device minor 56, IRQ 20, I/O port d040, MMIO at 0xf0400000 (size 0x00400000)
00:00:12.813419 NAT: Link up
00:00:13.381210 VMMDev: vmmDevHeartbeatFlatlinedTimer: Guest seems to be unresponsive. Last heartbeat received 4 seconds ago
00:00:40.318012 NAT: Old socket recv size: 128KB
00:00:40.318046 NAT: Old socket send size: 128KB
00:05:22.111879 VMMDev: GuestHeartBeat: Guest is alive (gone 312 730 687 721 ns)
