00:00:00.028773 main     VirtualBox XPCOM Server 6.0.6_Ubuntu r129722 linux.amd64 (Apr 16 2019 22:08:12) release log
00:00:00.028777 main     Log opened 2019-08-05T07:56:31.878542000Z
00:00:00.028778 main     Build Type: release
00:00:00.028783 main     OS Product: Linux
00:00:00.028784 main     OS Release: 5.0.0-23-generic
00:00:00.028785 main     OS Version: #24-Ubuntu SMP Mon Jul 29 15:36:44 UTC 2019
00:00:00.028825 main     DMI Product Name: K55VM
00:00:00.028833 main     DMI Product Version: 1.0       
00:00:00.028891 main     Host RAM: 7859MB (7.6GB) total, 4050MB (3.9GB) available
00:00:00.028895 main     Executable: /usr/lib/virtualbox/VBoxSVC
00:00:00.028895 main     Process ID: 17978
00:00:00.028895 main     Package type: LINUX_64BITS_GENERIC (OSE)
00:00:00.030329 main     IPC socket path: /tmp/.vbox-albert-ipc/ipcd
00:00:00.175917 nspr-2   VirtualBox: object creation starts
00:00:00.182975 nspr-2   Home directory: '/home/albert/.config/VirtualBox'
00:00:00.245951 nspr-2   Loading settings file "/home/albert/.config/VirtualBox/VirtualBox.xml" with version "1.12-linux"
00:00:00.296459 nspr-2   NetIfAdpCtlOut: VBoxNetAdpCtl: Error while retrieving link speed for wlp3s0: VBoxNetAdpCtl: ioctl failed: Operation not supported
00:00:00.322343 nspr-2   NAT: resolv.conf: nameserver 127.0.0.53
00:00:00.322398 nspr-2   NAT: resolv.conf: ignoring "options edns0"
00:00:00.322477 nspr-2   HostDnsMonitor::updateInfo
00:00:00.322528 nspr-2   HostDnsMonitor: old information
00:00:00.322538 nspr-2     no server entries
00:00:00.322545 nspr-2     no domain set
00:00:00.322552 nspr-2     no search string entries
00:00:00.322559 nspr-2   HostDnsMonitor: new information
00:00:00.322565 nspr-2     server 1: 127.0.0.53
00:00:00.322573 nspr-2     no domain set
00:00:00.322580 nspr-2     no search string entries
00:00:00.360022 nspr-2   VD: VDInit finished with VINF_SUCCESS
00:00:00.377251 nspr-2   ERROR [COM]: aRC=NS_ERROR_FAILURE (0x80004005) aIID={d55176e5-6730-4e9e-fc1f-a59b1f44f78f} aComponent={SystemPropertiesWrap} aText={Cannot determine default Guest Additions ISO location. Most likely they are not available}, preserve=false aResultDetail=0
00:00:00.442382 nspr-2   Loading settings file "/home/albert/Documents/computer_networks_lab_aug_2019/lab2/lab2_network/VMImages/base/base.vbox" with version "1.16-linux"
00:00:00.487682 nspr-2   Loading settings file "/home/albert/Documents/computer_networks_lab_aug_2019/lab2/lab2_network/VMImages/h1/h1.vbox" with version "1.16-linux"
00:00:00.488370 nspr-2   Loading settings file "/home/albert/Documents/computer_networks_lab_aug_2019/lab2/lab2_network/VMImages/h2/h2.vbox" with version "1.16-linux"
00:00:00.493722 nspr-2   Loading settings file "/home/albert/Documents/computer_networks_lab_aug_2019/lab2/lab2_network/VMImages/h3/h3.vbox" with version "1.16-linux"
00:00:00.512415 nspr-2   Loading settings file "/home/albert/Documents/computer_networks_lab_aug_2019/lab2/lab2_network/VMImages/h4/h4.vbox" with version "1.16-linux"
00:00:00.522750 nspr-2   Loading settings file "/home/albert/Documents/computer_networks_lab_aug_2019/lab2/lab2_network/VMImages/h5/h5.vbox" with version "1.16-linux"
00:00:00.531621 nspr-2   Loading settings file "/home/albert/Documents/computer_networks_lab_aug_2019/lab2/lab2_network/VMImages/r1/r1.vbox" with version "1.16-linux"
00:00:00.538859 nspr-2   Loading settings file "/home/albert/Documents/computer_networks_lab_aug_2019/lab2/lab2_network/VMImages/r2/r2.vbox" with version "1.16-linux"
00:00:00.551153 nspr-2   Loading settings file "/home/albert/Documents/computer_networks_lab_aug_2019/lab2/lab2_network/VMImages/r3/r3.vbox" with version "1.16-linux"
00:00:00.551771 nspr-2   VirtualBox: object created
00:00:03.342355 nspr-3   WARNING [COM]: aRC=NS_ERROR_FAILURE (0x80004005) aIID={dbe11e5f-7f10-46e7-94c4-1e95bf4b6627} aComponent={HostWrap} aText={VirtualBox is not currently allowed to access USB devices.  You can change this by adding your user to the 'vboxusers' group.  Please see the user manual for a more detailed explanation}, preserve=true  aResultDetail=0
00:00:03.450703 nspr-4   WARNING [COM]: aRC=NS_ERROR_FAILURE (0x80004005) aIID={dbe11e5f-7f10-46e7-94c4-1e95bf4b6627} aComponent={HostWrap} aText={VirtualBox is not currently allowed to access USB devices.  You can change this by adding your user to the 'vboxusers' group.  Please see the user manual for a more detailed explanation}, preserve=true  aResultDetail=0
00:00:03.451804 nspr-6   WARNING [COM]: aRC=NS_ERROR_FAILURE (0x80004005) aIID={dbe11e5f-7f10-46e7-94c4-1e95bf4b6627} aComponent={HostWrap} aText={VirtualBox is not currently allowed to access USB devices.  You can change this by adding your user to the 'vboxusers' group.  Please see the user manual for a more detailed explanation}, preserve=true  aResultDetail=0
00:00:09.588732 nspr-2   Saving settings file "/home/albert/.config/VirtualBox/VirtualBox.xml" with version "1.12-linux"
00:00:09.660423 nspr-4   Saving settings file "/home/albert/.config/VirtualBox/VirtualBox.xml" with version "1.12-linux"
00:00:15.230461 main     VirtualBox: object deletion starts
00:00:15.230568 main     ERROR [COM]: aRC=VBOX_E_OBJECT_IN_USE (0x80bb000c) aIID={ad47ad09-787b-44ab-b343-a082a3f2dfb1} aComponent={MediumWrap} aText={Medium '/home/albert/Documents/computer_networks_lab_aug_2019/lab2/lab2_network/VMImages/base/Snapshots/{479754c4-647e-4522-9089-09b3db326b8a}.vdi' cannot be closed because it is still attached to 1 virtual machines}, preserve=false aResultDetail=0
00:00:15.230628 main     ERROR [COM]: aRC=VBOX_E_OBJECT_IN_USE (0x80bb000c) aIID={ad47ad09-787b-44ab-b343-a082a3f2dfb1} aComponent={MediumWrap} aText={Medium '/home/albert/Documents/computer_networks_lab_aug_2019/lab2/lab2_network/VMImages/r3/Snapshots/{28461364-3f3e-41e2-84ec-08f166b423dc}.vdi' cannot be closed because it is still attached to 1 virtual machines}, preserve=false aResultDetail=0
00:00:15.230658 main     ERROR [COM]: aRC=VBOX_E_OBJECT_IN_USE (0x80bb000c) aIID={ad47ad09-787b-44ab-b343-a082a3f2dfb1} aComponent={MediumWrap} aText={Medium '/home/albert/Documents/computer_networks_lab_aug_2019/lab2/lab2_network/VMImages/base/Snapshots/{de61f8ab-48fc-4083-8012-37d3dccc097c}.vdi' cannot be closed because it is still attached to 1 virtual machines}, preserve=false aResultDetail=0
00:00:15.230683 main     ERROR [COM]: aRC=VBOX_E_OBJECT_IN_USE (0x80bb000c) aIID={ad47ad09-787b-44ab-b343-a082a3f2dfb1} aComponent={MediumWrap} aText={Medium '/home/albert/Documents/computer_networks_lab_aug_2019/lab2/lab2_network/VMImages/r2/Snapshots/{32c91fb6-605c-48f1-87f6-6cef9d384abb}.vdi' cannot be closed because it is still attached to 1 virtual machines}, preserve=false aResultDetail=0
00:00:15.230708 main     ERROR [COM]: aRC=VBOX_E_OBJECT_IN_USE (0x80bb000c) aIID={ad47ad09-787b-44ab-b343-a082a3f2dfb1} aComponent={MediumWrap} aText={Medium '/home/albert/Documents/computer_networks_lab_aug_2019/lab2/lab2_network/VMImages/base/Snapshots/{e22e9aa4-80c9-4e03-93d6-0caee39f6838}.vdi' cannot be closed because it is still attached to 1 virtual machines}, preserve=false aResultDetail=0
00:00:15.230734 main     ERROR [COM]: aRC=VBOX_E_OBJECT_IN_USE (0x80bb000c) aIID={ad47ad09-787b-44ab-b343-a082a3f2dfb1} aComponent={MediumWrap} aText={Medium '/home/albert/Documents/computer_networks_lab_aug_2019/lab2/lab2_network/VMImages/r1/Snapshots/{1c9dd3cb-ae1e-4b51-b440-277139231194}.vdi' cannot be closed because it is still attached to 1 virtual machines}, preserve=false aResultDetail=0
00:00:15.230759 main     ERROR [COM]: aRC=VBOX_E_OBJECT_IN_USE (0x80bb000c) aIID={ad47ad09-787b-44ab-b343-a082a3f2dfb1} aComponent={MediumWrap} aText={Medium '/home/albert/Documents/computer_networks_lab_aug_2019/lab2/lab2_network/VMImages/base/Snapshots/{9cf32156-823d-496b-b336-6898fee923b5}.vdi' cannot be closed because it is still attached to 1 virtual machines}, preserve=false aResultDetail=0
00:00:15.230784 main     ERROR [COM]: aRC=VBOX_E_OBJECT_IN_USE (0x80bb000c) aIID={ad47ad09-787b-44ab-b343-a082a3f2dfb1} aComponent={MediumWrap} aText={Medium '/home/albert/Documents/computer_networks_lab_aug_2019/lab2/lab2_network/VMImages/h5/Snapshots/{6db50129-4705-4920-a100-eeedc5eb8090}.vdi' cannot be closed because it is still attached to 1 virtual machines}, preserve=false aResultDetail=0
00:00:15.230833 main     ERROR [COM]: aRC=VBOX_E_OBJECT_IN_USE (0x80bb000c) aIID={ad47ad09-787b-44ab-b343-a082a3f2dfb1} aComponent={MediumWrap} aText={Medium '/home/albert/Documents/computer_networks_lab_aug_2019/lab2/lab2_network/VMImages/base/Snapshots/{460704c9-eba7-45f7-8877-3bd6e52bdccc}.vdi' cannot be closed because it is still attached to 1 virtual machines}, preserve=false aResultDetail=0
00:00:15.230859 main     ERROR [COM]: aRC=VBOX_E_OBJECT_IN_USE (0x80bb000c) aIID={ad47ad09-787b-44ab-b343-a082a3f2dfb1} aComponent={MediumWrap} aText={Medium '/home/albert/Documents/computer_networks_lab_aug_2019/lab2/lab2_network/VMImages/h4/Snapshots/{170081f4-e4b5-4d8a-9667-6e495138442b}.vdi' cannot be closed because it is still attached to 1 virtual machines}, preserve=false aResultDetail=0
00:00:15.230883 main     ERROR [COM]: aRC=VBOX_E_OBJECT_IN_USE (0x80bb000c) aIID={ad47ad09-787b-44ab-b343-a082a3f2dfb1} aComponent={MediumWrap} aText={Medium '/home/albert/Documents/computer_networks_lab_aug_2019/lab2/lab2_network/VMImages/base/Snapshots/{ccd6ab89-9973-43d9-b6e3-1bbb050f93f6}.vdi' cannot be closed because it is still attached to 1 virtual machines}, preserve=false aResultDetail=0
00:00:15.230908 main     ERROR [COM]: aRC=VBOX_E_OBJECT_IN_USE (0x80bb000c) aIID={ad47ad09-787b-44ab-b343-a082a3f2dfb1} aComponent={MediumWrap} aText={Medium '/home/albert/Documents/computer_networks_lab_aug_2019/lab2/lab2_network/VMImages/h3/Snapshots/{02ffefb6-eda2-4ed4-8873-dda50f8bdeb1}.vdi' cannot be closed because it is still attached to 1 virtual machines}, preserve=false aResultDetail=0
00:00:15.230933 main     ERROR [COM]: aRC=VBOX_E_OBJECT_IN_USE (0x80bb000c) aIID={ad47ad09-787b-44ab-b343-a082a3f2dfb1} aComponent={MediumWrap} aText={Medium '/home/albert/Documents/computer_networks_lab_aug_2019/lab2/lab2_network/VMImages/base/Snapshots/{ca230307-de07-4ee1-b500-8daa8ed4ebc4}.vdi' cannot be closed because it is still attached to 1 virtual machines}, preserve=false aResultDetail=0
00:00:15.230974 main     ERROR [COM]: aRC=VBOX_E_OBJECT_IN_USE (0x80bb000c) aIID={ad47ad09-787b-44ab-b343-a082a3f2dfb1} aComponent={MediumWrap} aText={Medium '/home/albert/Documents/computer_networks_lab_aug_2019/lab2/lab2_network/VMImages/h2/Snapshots/{a52678ea-7277-4541-8ef7-7de3ae5f7645}.vdi' cannot be closed because it is still attached to 1 virtual machines}, preserve=false aResultDetail=0
00:00:15.231019 main     ERROR [COM]: aRC=VBOX_E_OBJECT_IN_USE (0x80bb000c) aIID={ad47ad09-787b-44ab-b343-a082a3f2dfb1} aComponent={MediumWrap} aText={Medium '/home/albert/Documents/computer_networks_lab_aug_2019/lab2/lab2_network/VMImages/base/Snapshots/{8f83ab64-891d-4e29-8532-09d2e668c3dd}.vdi' cannot be closed because it is still attached to 1 virtual machines}, preserve=false aResultDetail=0
00:00:15.231066 main     ERROR [COM]: aRC=VBOX_E_OBJECT_IN_USE (0x80bb000c) aIID={ad47ad09-787b-44ab-b343-a082a3f2dfb1} aComponent={MediumWrap} aText={Medium '/home/albert/Documents/computer_networks_lab_aug_2019/lab2/lab2_network/VMImages/h1/Snapshots/{7d7fa6f6-1a12-4a0e-b1df-878a902151ed}.vdi' cannot be closed because it is still attached to 1 virtual machines}, preserve=false aResultDetail=0
00:00:15.231109 main     ERROR [COM]: aRC=VBOX_E_OBJECT_IN_USE (0x80bb000c) aIID={ad47ad09-787b-44ab-b343-a082a3f2dfb1} aComponent={MediumWrap} aText={Medium '/home/albert/Documents/computer_networks_lab_aug_2019/lab2/lab2_network/VMImages/base/base.vdi' cannot be closed because it is still attached to 1 virtual machines}, preserve=false aResultDetail=0
00:00:15.554600 Watcher  ERROR [COM]: aRC=E_ACCESSDENIED (0x80070005) aIID={d0a0163f-e254-4e5b-a1f2-011cf991c38d} aComponent={VirtualBoxWrap} aText={The object is not ready}, preserve=false aResultDetail=0
00:00:20.234306 main     {00007f39c8018290} HostPowerServiceLinux::~HostPowerServiceLinux: RTThreadWait() for 5000 ms failed with VERR_TIMEOUT
00:00:20.234806 main     VirtualBox: object deleted
