00:00:00.015565 VirtualBox VM 6.1.26 r145957 linux.amd64 (Jul 28 2021 20:08:35) release log
00:00:00.015567 Log opened 2021-08-29T06:26:32.564803000Z
00:00:00.015568 Build Type: release
00:00:00.015571 OS Product: Linux
00:00:00.015572 OS Release: 5.4.0-81-generic
00:00:00.015573 OS Version: #91~18.04.1-Ubuntu SMP Fri Jul 23 13:36:29 UTC 2021
00:00:00.015592 DMI Product Name: Predator G9-593
00:00:00.015599 DMI Product Version: V1.13
00:00:00.015606 Firmware type: UEFI
00:00:00.016391 Secure Boot: Disabled
00:00:00.016450 Host RAM: 15952MB (15.5GB) total, 11220MB (10.9GB) available
00:00:00.016454 Executable: /usr/lib/virtualbox/VBoxHeadless
00:00:00.016455 Process ID: 22858
00:00:00.016455 Package type: LINUX_64BITS_UBUNTU_18_04
00:00:00.044281 Installed Extension Packs:
00:00:00.044301   None installed!
00:00:00.045219 Console: Machine state changed to 'Starting'
00:00:00.077921 SUP: Opened VMMR0.r0 (/usr/lib/virtualbox/VMMR0.r0) at 0xXXXXXXXXXXXXXXXX.
00:00:00.079840 Guest OS type: 'Ubuntu_64'
00:00:00.082854 fHMForced=true - No raw-mode support in this build!
00:00:00.094130 File system of '/home/vamsi/Documents/Acads/Sem 7/Computer Networks/Lab/Lab1/lab1_network/VMImages/r2/Snapshots' (snapshots) is ext4
00:00:00.094141 File system of '/home/vamsi/Documents/Acads/Sem 7/Computer Networks/Lab/Lab1/lab1_network/VMImages/r2/Snapshots/{32c91fb6-605c-48f1-87f6-6cef9d384abb}.vdi' is ext4
00:00:00.135633 Shared Clipboard: Service loaded
00:00:00.135650 Shared Clipboard: Mode: Off
00:00:00.135699 Shared Clipboard: Service running in headless mode
00:00:00.136609 Drag and drop service loaded
00:00:00.136623 Drag and drop mode: Off
00:00:00.138818 ************************* CFGM dump *************************
00:00:00.138822 [/] (level 0)
00:00:00.138837   CpuExecutionCap   <integer> = 0x0000000000000064 (100)
00:00:00.138846   EnablePAE         <integer> = 0x0000000000000000 (0)
00:00:00.138848   HMEnabled         <integer> = 0x0000000000000001 (1)
00:00:00.138849   MemBalloonSize    <integer> = 0x0000000000000000 (0)
00:00:00.138850   Name              <string>  = "r2" (cb=3)
00:00:00.138852   NumCPUs           <integer> = 0x0000000000000001 (1)
00:00:00.138853   PageFusionAllowed <integer> = 0x0000000000000000 (0)
00:00:00.138854   RamHoleSize       <integer> = 0x0000000020000000 (536 870 912, 512 MB)
00:00:00.138856   RamSize           <integer> = 0x0000000040000000 (1 073 741 824, 1 024 MB)
00:00:00.138858   TimerMillies      <integer> = 0x000000000000000a (10)
00:00:00.138860   UUID              <bytes>   = "ae 67 be 62 70 f9 88 4f bd f6 ba b4 bf 94 65 2f" (cb=16)
00:00:00.138864 
00:00:00.138866 [/CPUM/] (level 1)
00:00:00.138868   GuestCpuName       <string>  = "host" (cb=5)
00:00:00.138869   NestedHWVirt       <integer> = 0x0000000000000000 (0)
00:00:00.138870   PortableCpuIdLevel <integer> = 0x0000000000000000 (0)
00:00:00.138871   SpecCtrl           <integer> = 0x0000000000000000 (0)
00:00:00.138872 
00:00:00.138872 [/CPUM/IsaExts/] (level 2)
00:00:00.138874 
00:00:00.138876 [/DBGC/] (level 1)
00:00:00.138877   GlobalInitScript <string>  = "/home/vamsi/.config/VirtualBox/dbgc-init" (cb=41)
00:00:00.138879   HistoryFile      <string>  = "/home/vamsi/.config/VirtualBox/dbgc-history" (cb=44)
00:00:00.138879   LocalInitScript  <string>  = "/home/vamsi/Documents/Acads/Sem 7/Computer Networks/Lab/Lab1/lab1_network/VMImages/r2/dbgc-init" (cb=96)
00:00:00.138881 
00:00:00.138881 [/DBGF/] (level 1)
00:00:00.138882   Path <string>  = "/home/vamsi/Documents/Acads/Sem 7/Computer Networks/Lab/Lab1/lab1_network/VMImages/r2/debug/;/home/vamsi/Documents/Acads/Sem 7/Computer Networks/Lab/Lab1/lab1_network/VMImages/r2/;cache*/home/vamsi/Documents/Acads/Sem 7/Computer Networks/Lab/Lab1/lab1_network/VMImages/r2/dbgcache/;/home/vamsi/" (cb=295)
00:00:00.138883 
00:00:00.138884 [/Devices/] (level 1)
00:00:00.138885 
00:00:00.138885 [/Devices/8237A/] (level 2)
00:00:00.138886 
00:00:00.138887 [/Devices/8237A/0/] (level 3)
00:00:00.138888   Trusted <integer> = 0x0000000000000001 (1)
00:00:00.138889 
00:00:00.138889 [/Devices/GIMDev/] (level 2)
00:00:00.138890 
00:00:00.138891 [/Devices/GIMDev/0/] (level 3)
00:00:00.138892   Trusted <integer> = 0x0000000000000001 (1)
00:00:00.138893 
00:00:00.138893 [/Devices/VMMDev/] (level 2)
00:00:00.138894 
00:00:00.138895 [/Devices/VMMDev/0/] (level 3)
00:00:00.138896   PCIBusNo      <integer> = 0x0000000000000000 (0)
00:00:00.138897   PCIDeviceNo   <integer> = 0x0000000000000004 (4)
00:00:00.138898   PCIFunctionNo <integer> = 0x0000000000000000 (0)
00:00:00.138899   Trusted       <integer> = 0x0000000000000001 (1)
00:00:00.138900 
00:00:00.138900 [/Devices/VMMDev/0/Config/] (level 4)
00:00:00.138902   GuestCoreDumpDir <string>  = "/home/vamsi/Documents/Acads/Sem 7/Computer Networks/Lab/Lab1/lab1_network/VMImages/r2/Snapshots" (cb=96)
00:00:00.138903 
00:00:00.138903 [/Devices/VMMDev/0/LUN#0/] (level 4)
00:00:00.138904   Driver <string>  = "HGCM" (cb=5)
00:00:00.138905 
00:00:00.138906 [/Devices/VMMDev/0/LUN#0/Config/] (level 5)
00:00:00.138907   Object <integer> = 0x00007f33c0000b70 (139 860 241 288 048)
00:00:00.138909 
00:00:00.138910 [/Devices/VMMDev/0/LUN#999/] (level 4)
00:00:00.138911   Driver <string>  = "MainStatus" (cb=11)
00:00:00.138912 
00:00:00.138912 [/Devices/VMMDev/0/LUN#999/Config/] (level 5)
00:00:00.138914   First   <integer> = 0x0000000000000000 (0)
00:00:00.138915   Last    <integer> = 0x0000000000000000 (0)
00:00:00.138916   papLeds <integer> = 0x00007f33cc0027b8 (139 860 442 621 880)
00:00:00.138918 
00:00:00.138918 [/Devices/acpi/] (level 2)
00:00:00.138919 
00:00:00.138919 [/Devices/acpi/0/] (level 3)
00:00:00.138921   PCIBusNo      <integer> = 0x0000000000000000 (0)
00:00:00.138922   PCIDeviceNo   <integer> = 0x0000000000000007 (7)
00:00:00.138922   PCIFunctionNo <integer> = 0x0000000000000000 (0)
00:00:00.138923   Trusted       <integer> = 0x0000000000000001 (1)
00:00:00.138924 
00:00:00.138925 [/Devices/acpi/0/Config/] (level 4)
00:00:00.138926   CpuHotPlug          <integer> = 0x0000000000000000 (0)
00:00:00.138927   FdcEnabled          <integer> = 0x0000000000000000 (0)
00:00:00.138928   HostBusPciAddress   <integer> = 0x0000000000000000 (0)
00:00:00.138929   HpetEnabled         <integer> = 0x0000000000000000 (0)
00:00:00.138930   IOAPIC              <integer> = 0x0000000000000001 (1)
00:00:00.138931   IocPciAddress       <integer> = 0x0000000000010000 (65 536)
00:00:00.138933   NumCPUs             <integer> = 0x0000000000000001 (1)
00:00:00.138934   Parallel0IoPortBase <integer> = 0x0000000000000000 (0)
00:00:00.138935   Parallel0Irq        <integer> = 0x0000000000000000 (0)
00:00:00.138936   Parallel1IoPortBase <integer> = 0x0000000000000000 (0)
00:00:00.138937   Parallel1Irq        <integer> = 0x0000000000000000 (0)
00:00:00.138937   Serial0IoPortBase   <integer> = 0x0000000000000000 (0)
00:00:00.138938   Serial0Irq          <integer> = 0x0000000000000000 (0)
00:00:00.138939   Serial1IoPortBase   <integer> = 0x0000000000000000 (0)
00:00:00.138940   Serial1Irq          <integer> = 0x0000000000000000 (0)
00:00:00.138941   ShowCpu             <integer> = 0x0000000000000001 (1)
00:00:00.138942   ShowRtc             <integer> = 0x0000000000000000 (0)
00:00:00.138943   SmcEnabled          <integer> = 0x0000000000000000 (0)
00:00:00.138944 
00:00:00.138944 [/Devices/acpi/0/LUN#0/] (level 4)
00:00:00.138946   Driver <string>  = "ACPIHost" (cb=9)
00:00:00.138946 
00:00:00.138947 [/Devices/acpi/0/LUN#0/Config/] (level 5)
00:00:00.138948 
00:00:00.138949 [/Devices/ahci/] (level 2)
00:00:00.138950 
00:00:00.138950 [/Devices/ahci/0/] (level 3)
00:00:00.138952   PCIBusNo      <integer> = 0x0000000000000000 (0)
00:00:00.138952   PCIDeviceNo   <integer> = 0x000000000000000d (13)
00:00:00.138953   PCIFunctionNo <integer> = 0x0000000000000000 (0)
00:00:00.138954   Trusted       <integer> = 0x0000000000000001 (1)
00:00:00.138955 
00:00:00.138956 [/Devices/ahci/0/Config/] (level 4)
00:00:00.138957   Bootable  <integer> = 0x0000000000000001 (1)
00:00:00.138958   PortCount <integer> = 0x0000000000000001 (1)
00:00:00.138959 
00:00:00.138959 [/Devices/ahci/0/Config/Port0/] (level 5)
00:00:00.138961   Hotpluggable <integer> = 0x0000000000000000 (0)
00:00:00.138962 
00:00:00.138962 [/Devices/ahci/0/LUN#0/] (level 4)
00:00:00.138963   Driver <string>  = "VD" (cb=3)
00:00:00.138964 
00:00:00.138965 [/Devices/ahci/0/LUN#0/Config/] (level 5)
00:00:00.138966   BlockCache <integer> = 0x0000000000000001 (1)
00:00:00.138967   Format     <string>  = "VDI" (cb=4)
00:00:00.138968   Mountable  <integer> = 0x0000000000000000 (0)
00:00:00.138969   Path       <string>  = "/home/vamsi/Documents/Acads/Sem 7/Computer Networks/Lab/Lab1/lab1_network/VMImages/r2/Snapshots/{32c91fb6-605c-48f1-87f6-6cef9d384abb}.vdi" (cb=139)
00:00:00.138970   Type       <string>  = "HardDisk" (cb=9)
00:00:00.138971   UseNewIo   <integer> = 0x0000000000000001 (1)
00:00:00.138972 
00:00:00.138972 [/Devices/ahci/0/LUN#0/Config/Parent/] (level 6)
00:00:00.138974   Format <string>  = "VDI" (cb=4)
00:00:00.138975   Path   <string>  = "/home/vamsi/Documents/Acads/Sem 7/Computer Networks/Lab/Lab1/lab1_network/VMImages/base/Snapshots/{e22e9aa4-80c9-4e03-93d6-0caee39f6838}.vdi" (cb=141)
00:00:00.138976 
00:00:00.138976 [/Devices/ahci/0/LUN#0/Config/Parent/Parent/] (level 7)
00:00:00.138978   Format <string>  = "VDI" (cb=4)
00:00:00.138979   Path   <string>  = "/home/vamsi/Documents/Acads/Sem 7/Computer Networks/Lab/Lab1/lab1_network/VMImages/base/Snapshots/{9cf32156-823d-496b-b336-6898fee923b5}.vdi" (cb=141)
00:00:00.138980 
00:00:00.138980 [/Devices/ahci/0/LUN#0/Config/Parent/Parent/Parent/] (level 8)
00:00:00.138982   Format <string>  = "VDI" (cb=4)
00:00:00.138983   Path   <string>  = "/home/vamsi/Documents/Acads/Sem 7/Computer Networks/Lab/Lab1/lab1_network/VMImages/base/Snapshots/{460704c9-eba7-45f7-8877-3bd6e52bdccc}.vdi" (cb=141)
00:00:00.138983 
00:00:00.138984 [/Devices/ahci/0/LUN#0/Config/Parent/Parent/Parent/Parent/] (level 9)
00:00:00.138986   Format <string>  = "VDI" (cb=4)
00:00:00.138987   Path   <string>  = "/home/vamsi/Documents/Acads/Sem 7/Computer Networks/Lab/Lab1/lab1_network/VMImages/base/Snapshots/{ccd6ab89-9973-43d9-b6e3-1bbb050f93f6}.vdi" (cb=141)
00:00:00.138988 
00:00:00.138988 [/Devices/ahci/0/LUN#0/Config/Parent/Parent/Parent/Parent/Parent/] (level 10)
00:00:00.138991   Format <string>  = "VDI" (cb=4)
00:00:00.138991   Path   <string>  = "/home/vamsi/Documents/Acads/Sem 7/Computer Networks/Lab/Lab1/lab1_network/VMImages/base/Snapshots/{ca230307-de07-4ee1-b500-8daa8ed4ebc4}.vdi" (cb=141)
00:00:00.138992 
00:00:00.138992 [/Devices/ahci/0/LUN#0/Config/Parent/Parent/Parent/Parent/Parent/Parent/] (level 11)
00:00:00.138995   Format <string>  = "VDI" (cb=4)
00:00:00.138995   Path   <string>  = "/home/vamsi/Documents/Acads/Sem 7/Computer Networks/Lab/Lab1/lab1_network/VMImages/base/Snapshots/{8f83ab64-891d-4e29-8532-09d2e668c3dd}.vdi" (cb=141)
00:00:00.138996 
00:00:00.138997 [/Devices/ahci/0/LUN#0/Config/Parent/Parent/Parent/Parent/Parent/Parent/Parent/] (level 12)
00:00:00.138999   Format <string>  = "VDI" (cb=4)
00:00:00.139000   Path   <string>  = "/home/vamsi/Documents/Acads/Sem 7/Computer Networks/Lab/Lab1/lab1_network/VMImages/base/base.vdi" (cb=97)
00:00:00.139001 
00:00:00.139001 [/Devices/ahci/0/LUN#0/Config/Parent/Parent/Parent/Parent/Parent/Parent/Parent/VDConfig/] (level 13)
00:00:00.139004   AllocationBlockSize <string>  = "1048576" (cb=8)
00:00:00.139005 
00:00:00.139005 [/Devices/ahci/0/LUN#0/Config/Parent/Parent/Parent/Parent/Parent/Parent/VDConfig/] (level 12)
00:00:00.139008   AllocationBlockSize <string>  = "1048576" (cb=8)
00:00:00.139009 
00:00:00.139009 [/Devices/ahci/0/LUN#0/Config/Parent/Parent/Parent/Parent/Parent/VDConfig/] (level 11)
00:00:00.139011   AllocationBlockSize <string>  = "1048576" (cb=8)
00:00:00.139012 
00:00:00.139012 [/Devices/ahci/0/LUN#0/Config/Parent/Parent/Parent/Parent/VDConfig/] (level 10)
00:00:00.139015   AllocationBlockSize <string>  = "1048576" (cb=8)
00:00:00.139015 
00:00:00.139016 [/Devices/ahci/0/LUN#0/Config/Parent/Parent/Parent/VDConfig/] (level 9)
00:00:00.139018   AllocationBlockSize <string>  = "1048576" (cb=8)
00:00:00.139018 
00:00:00.139019 [/Devices/ahci/0/LUN#0/Config/Parent/Parent/VDConfig/] (level 8)
00:00:00.139021   AllocationBlockSize <string>  = "1048576" (cb=8)
00:00:00.139021 
00:00:00.139022 [/Devices/ahci/0/LUN#0/Config/Parent/VDConfig/] (level 7)
00:00:00.139024   AllocationBlockSize <string>  = "1048576" (cb=8)
00:00:00.139024 
00:00:00.139025 [/Devices/ahci/0/LUN#0/Config/VDConfig/] (level 6)
00:00:00.139026   AllocationBlockSize <string>  = "1048576" (cb=8)
00:00:00.139027 
00:00:00.139027 [/Devices/ahci/0/LUN#999/] (level 4)
00:00:00.139029   Driver <string>  = "MainStatus" (cb=11)
00:00:00.139030 
00:00:00.139030 [/Devices/ahci/0/LUN#999/Config/] (level 5)
00:00:00.139032   DeviceInstance        <string>  = "ahci/0" (cb=7)
00:00:00.139033   First                 <integer> = 0x0000000000000000 (0)
00:00:00.139034   Last                  <integer> = 0x0000000000000000 (0)
00:00:00.139035   pConsole              <integer> = 0x00007f33cc0013e0 (139 860 442 616 800)
00:00:00.139037   papLeds               <integer> = 0x00007f33cc001bc0 (139 860 442 618 816)
00:00:00.139039   pmapMediumAttachments <integer> = 0x00007f33cc0027d8 (139 860 442 621 912)
00:00:00.139040 
00:00:00.139041 [/Devices/apic/] (level 2)
00:00:00.139042 
00:00:00.139042 [/Devices/apic/0/] (level 3)
00:00:00.139044   Trusted <integer> = 0x0000000000000001 (1)
00:00:00.139044 
00:00:00.139045 [/Devices/apic/0/Config/] (level 4)
00:00:00.139046   IOAPIC  <integer> = 0x0000000000000001 (1)
00:00:00.139047   Mode    <integer> = 0x0000000000000003 (3)
00:00:00.139048   NumCPUs <integer> = 0x0000000000000001 (1)
00:00:00.139049 
00:00:00.139049 [/Devices/e1000/] (level 2)
00:00:00.139050 
00:00:00.139051 [/Devices/e1000/0/] (level 3)
00:00:00.139052   PCIBusNo      <integer> = 0x0000000000000000 (0)
00:00:00.139053   PCIDeviceNo   <integer> = 0x0000000000000003 (3)
00:00:00.139054   PCIFunctionNo <integer> = 0x0000000000000000 (0)
00:00:00.139055   Trusted       <integer> = 0x0000000000000001 (1)
00:00:00.139056 
00:00:00.139056 [/Devices/e1000/0/Config/] (level 4)
00:00:00.139057   AdapterType    <integer> = 0x0000000000000000 (0)
00:00:00.139058   CableConnected <integer> = 0x0000000000000001 (1)
00:00:00.139059   LineSpeed      <integer> = 0x0000000000000000 (0)
00:00:00.139060   MAC            <bytes>   = "08 00 27 24 97 41" (cb=6)
00:00:00.139062 
00:00:00.139063 [/Devices/e1000/0/LUN#0/] (level 4)
00:00:00.139064   Driver <string>  = "NAT" (cb=4)
00:00:00.139065 
00:00:00.139065 [/Devices/e1000/0/LUN#0/Config/] (level 5)
00:00:00.139067   AliasMode       <integer> = 0x0000000000000000 (0)
00:00:00.139068   BootFile        <string>  = "r2.pxe" (cb=7)
00:00:00.139069   DNSProxy        <integer> = 0x0000000000000000 (0)
00:00:00.139070   Network         <string>  = "10.0.2.0/24" (cb=12)
00:00:00.139071   PassDomain      <integer> = 0x0000000000000001 (1)
00:00:00.139072   TFTPPrefix      <string>  = "/home/vamsi/.config/VirtualBox/TFTP" (cb=36)
00:00:00.139073   UseHostResolver <integer> = 0x0000000000000000 (0)
00:00:00.139073 
00:00:00.139074 [/Devices/e1000/0/LUN#0/Config/PortForwarding/] (level 6)
00:00:00.139076 
00:00:00.139076 [/Devices/e1000/0/LUN#0/Config/PortForwarding/0/] (level 7)
00:00:00.139078   GuestPort <integer> = 0x0000000000000016 (22)
00:00:00.139079   HostPort  <integer> = 0x000000000000390a (14 602)
00:00:00.139080   Name      <string>  = "ssh" (cb=4)
00:00:00.139081   Protocol  <string>  = "TCP" (cb=4)
00:00:00.139082 
00:00:00.139082 [/Devices/e1000/0/LUN#999/] (level 4)
00:00:00.139084   Driver <string>  = "MainStatus" (cb=11)
00:00:00.139084 
00:00:00.139085 [/Devices/e1000/0/LUN#999/Config/] (level 5)
00:00:00.139086   First   <integer> = 0x0000000000000000 (0)
00:00:00.139087   Last    <integer> = 0x0000000000000000 (0)
00:00:00.139088   papLeds <integer> = 0x00007f33cc002698 (139 860 442 621 592)
00:00:00.139090 
00:00:00.139090 [/Devices/e1000/1/] (level 3)
00:00:00.139091   PCIBusNo      <integer> = 0x0000000000000000 (0)
00:00:00.139092   PCIDeviceNo   <integer> = 0x0000000000000008 (8)
00:00:00.139093   PCIFunctionNo <integer> = 0x0000000000000000 (0)
00:00:00.139094   Trusted       <integer> = 0x0000000000000001 (1)
00:00:00.139095 
00:00:00.139095 [/Devices/e1000/1/Config/] (level 4)
00:00:00.139097   AdapterType    <integer> = 0x0000000000000000 (0)
00:00:00.139097   CableConnected <integer> = 0x0000000000000001 (1)
00:00:00.139098   LineSpeed      <integer> = 0x0000000000000000 (0)
00:00:00.139099   MAC            <bytes>   = "08 00 27 03 03 21" (cb=6)
00:00:00.139101 
00:00:00.139101 [/Devices/e1000/1/LUN#0/] (level 4)
00:00:00.139103   Driver <string>  = "IntNet" (cb=7)
00:00:00.139104 
00:00:00.139104 [/Devices/e1000/1/LUN#0/Config/] (level 5)
00:00:00.139106   IfPolicyPromisc <string>  = "deny" (cb=5)
00:00:00.139106   Network         <string>  = "intnet2" (cb=8)
00:00:00.139107   TrunkType       <integer> = 0x0000000000000002 (2)
00:00:00.139108 
00:00:00.139109 [/Devices/e1000/1/LUN#999/] (level 4)
00:00:00.139110   Driver <string>  = "MainStatus" (cb=11)
00:00:00.139111 
00:00:00.139111 [/Devices/e1000/1/LUN#999/Config/] (level 5)
00:00:00.139113   First   <integer> = 0x0000000000000000 (0)
00:00:00.139113   Last    <integer> = 0x0000000000000000 (0)
00:00:00.139114   papLeds <integer> = 0x00007f33cc0026a0 (139 860 442 621 600)
00:00:00.139116 
00:00:00.139116 [/Devices/e1000/2/] (level 3)
00:00:00.139117   PCIBusNo      <integer> = 0x0000000000000000 (0)
00:00:00.139118   PCIDeviceNo   <integer> = 0x0000000000000009 (9)
00:00:00.139119   PCIFunctionNo <integer> = 0x0000000000000000 (0)
00:00:00.139120   Trusted       <integer> = 0x0000000000000001 (1)
00:00:00.139121 
00:00:00.139121 [/Devices/e1000/2/Config/] (level 4)
00:00:00.139123   AdapterType    <integer> = 0x0000000000000000 (0)
00:00:00.139124   CableConnected <integer> = 0x0000000000000001 (1)
00:00:00.139124   LineSpeed      <integer> = 0x0000000000000000 (0)
00:00:00.139125   MAC            <bytes>   = "08 00 27 a6 ef 5d" (cb=6)
00:00:00.139127 
00:00:00.139127 [/Devices/e1000/2/LUN#0/] (level 4)
00:00:00.139129   Driver <string>  = "IntNet" (cb=7)
00:00:00.139129 
00:00:00.139130 [/Devices/e1000/2/LUN#0/Config/] (level 5)
00:00:00.139131   IfPolicyPromisc <string>  = "deny" (cb=5)
00:00:00.139132   Network         <string>  = "intnet101" (cb=10)
00:00:00.139133   TrunkType       <integer> = 0x0000000000000002 (2)
00:00:00.139134 
00:00:00.139134 [/Devices/e1000/2/LUN#999/] (level 4)
00:00:00.139136   Driver <string>  = "MainStatus" (cb=11)
00:00:00.139136 
00:00:00.139137 [/Devices/e1000/2/LUN#999/Config/] (level 5)
00:00:00.139138   First   <integer> = 0x0000000000000000 (0)
00:00:00.139139   Last    <integer> = 0x0000000000000000 (0)
00:00:00.139140   papLeds <integer> = 0x00007f33cc0026a8 (139 860 442 621 608)
00:00:00.139141 
00:00:00.139142 [/Devices/e1000/3/] (level 3)
00:00:00.139143   PCIBusNo      <integer> = 0x0000000000000000 (0)
00:00:00.139144   PCIDeviceNo   <integer> = 0x000000000000000a (10)
00:00:00.139145   PCIFunctionNo <integer> = 0x0000000000000000 (0)
00:00:00.139146   Trusted       <integer> = 0x0000000000000001 (1)
00:00:00.139147 
00:00:00.139147 [/Devices/e1000/3/Config/] (level 4)
00:00:00.139148   AdapterType    <integer> = 0x0000000000000000 (0)
00:00:00.139149   CableConnected <integer> = 0x0000000000000001 (1)
00:00:00.139150   LineSpeed      <integer> = 0x0000000000000000 (0)
00:00:00.139151   MAC            <bytes>   = "08 00 27 c4 f2 be" (cb=6)
00:00:00.139153 
00:00:00.139153 [/Devices/e1000/3/LUN#0/] (level 4)
00:00:00.139154   Driver <string>  = "IntNet" (cb=7)
00:00:00.139155 
00:00:00.139155 [/Devices/e1000/3/LUN#0/Config/] (level 5)
00:00:00.139157   IfPolicyPromisc <string>  = "deny" (cb=5)
00:00:00.139158   Network         <string>  = "intnet103" (cb=10)
00:00:00.139159   TrunkType       <integer> = 0x0000000000000002 (2)
00:00:00.139160 
00:00:00.139160 [/Devices/e1000/3/LUN#999/] (level 4)
00:00:00.139161   Driver <string>  = "MainStatus" (cb=11)
00:00:00.139162 
00:00:00.139162 [/Devices/e1000/3/LUN#999/Config/] (level 5)
00:00:00.139164   First   <integer> = 0x0000000000000000 (0)
00:00:00.139165   Last    <integer> = 0x0000000000000000 (0)
00:00:00.139166   papLeds <integer> = 0x00007f33cc0026b0 (139 860 442 621 616)
00:00:00.139167 
00:00:00.139168 [/Devices/i8254/] (level 2)
00:00:00.139169 
00:00:00.139169 [/Devices/i8254/0/] (level 3)
00:00:00.139170 
00:00:00.139171 [/Devices/i8254/0/Config/] (level 4)
00:00:00.139172 
00:00:00.139172 [/Devices/i8259/] (level 2)
00:00:00.139173 
00:00:00.139174 [/Devices/i8259/0/] (level 3)
00:00:00.139175   Trusted <integer> = 0x0000000000000001 (1)
00:00:00.139176 
00:00:00.139176 [/Devices/i8259/0/Config/] (level 4)
00:00:00.139177 
00:00:00.139178 [/Devices/ichac97/] (level 2)
00:00:00.139179 
00:00:00.139179 [/Devices/ichac97/0/] (level 3)
00:00:00.139181   PCIBusNo      <integer> = 0x0000000000000000 (0)
00:00:00.139181   PCIDeviceNo   <integer> = 0x0000000000000005 (5)
00:00:00.139182   PCIFunctionNo <integer> = 0x0000000000000000 (0)
00:00:00.139183   Trusted       <integer> = 0x0000000000000001 (1)
00:00:00.139184 
00:00:00.139184 [/Devices/ichac97/0/AudioConfig/] (level 4)
00:00:00.139186 
00:00:00.139186 [/Devices/ichac97/0/Config/] (level 4)
00:00:00.139188   Codec        <string>  = "AD1980" (cb=7)
00:00:00.139189   DebugEnabled <integer> = 0x0000000000000000 (0)
00:00:00.139189 
00:00:00.139190 [/Devices/ichac97/0/LUN#0/] (level 4)
00:00:00.139191   Driver <string>  = "AUDIO" (cb=6)
00:00:00.139192 
00:00:00.139192 [/Devices/ichac97/0/LUN#0/AttachedDriver/] (level 5)
00:00:00.139194   Driver <string>  = "PulseAudio" (cb=11)
00:00:00.139195 
00:00:00.139195 [/Devices/ichac97/0/LUN#0/AttachedDriver/Config/] (level 6)
00:00:00.139197   VmName <string>  = "r2" (cb=3)
00:00:00.139198 
00:00:00.139198 [/Devices/ichac97/0/LUN#0/Config/] (level 5)
00:00:00.139200   DriverName    <string>  = "PulseAudio" (cb=11)
00:00:00.139200   InputEnabled  <integer> = 0x0000000000000000 (0)
00:00:00.139201   OutputEnabled <integer> = 0x0000000000000001 (1)
00:00:00.139202 
00:00:00.139202 [/Devices/ichac97/0/LUN#1/] (level 4)
00:00:00.139204   Driver <string>  = "AUDIO" (cb=6)
00:00:00.139205 
00:00:00.139205 [/Devices/ichac97/0/LUN#2/] (level 4)
00:00:00.139206   Driver <string>  = "AUDIO" (cb=6)
00:00:00.139207 
00:00:00.139207 [/Devices/ioapic/] (level 2)
00:00:00.139208 
00:00:00.139209 [/Devices/ioapic/0/] (level 3)
00:00:00.139210   Trusted <integer> = 0x0000000000000001 (1)
00:00:00.139211 
00:00:00.139211 [/Devices/ioapic/0/Config/] (level 4)
00:00:00.139213   NumCPUs <integer> = 0x0000000000000001 (1)
00:00:00.139213 
00:00:00.139214 [/Devices/mc146818/] (level 2)
00:00:00.139215 
00:00:00.139215 [/Devices/mc146818/0/] (level 3)
00:00:00.139217 
00:00:00.139217 [/Devices/mc146818/0/Config/] (level 4)
00:00:00.139218   UseUTC <integer> = 0x0000000000000001 (1)
00:00:00.139219 
00:00:00.139220 [/Devices/parallel/] (level 2)
00:00:00.139221 
00:00:00.139221 [/Devices/pcarch/] (level 2)
00:00:00.139222 
00:00:00.139222 [/Devices/pcarch/0/] (level 3)
00:00:00.139224   Trusted <integer> = 0x0000000000000001 (1)
00:00:00.139224 
00:00:00.139225 [/Devices/pcarch/0/Config/] (level 4)
00:00:00.139226 
00:00:00.139227 [/Devices/pcbios/] (level 2)
00:00:00.139228 
00:00:00.139228 [/Devices/pcbios/0/] (level 3)
00:00:00.139229   Trusted <integer> = 0x0000000000000001 (1)
00:00:00.139230 
00:00:00.139230 [/Devices/pcbios/0/Config/] (level 4)
00:00:00.139232   APIC               <integer> = 0x0000000000000001 (1)
00:00:00.139233   BootDevice0        <string>  = "FLOPPY" (cb=7)
00:00:00.139234   BootDevice1        <string>  = "DVD" (cb=4)
00:00:00.139235   BootDevice2        <string>  = "IDE" (cb=4)
00:00:00.139236   BootDevice3        <string>  = "NONE" (cb=5)
00:00:00.139237   FloppyDevice       <string>  = "i82078" (cb=7)
00:00:00.139238   HardDiskDevice     <string>  = "piix3ide" (cb=9)
00:00:00.139238   IOAPIC             <integer> = 0x0000000000000001 (1)
00:00:00.139239   McfgBase           <integer> = 0x0000000000000000 (0)
00:00:00.139241   McfgLength         <integer> = 0x0000000000000000 (0)
00:00:00.139241   NumCPUs            <integer> = 0x0000000000000001 (1)
00:00:00.139242   PXEDebug           <integer> = 0x0000000000000000 (0)
00:00:00.139243   SataHardDiskDevice <string>  = "ahci" (cb=5)
00:00:00.139244   SataLUN1           <integer> = 0x0000000000000000 (0)
00:00:00.139245   UUID               <bytes>   = "ae 67 be 62 70 f9 88 4f bd f6 ba b4 bf 94 65 2f" (cb=16)
00:00:00.139248   UuidLe             <integer> = 0x0000000000000000 (0)
00:00:00.139249 
00:00:00.139249 [/Devices/pcbios/0/Config/NetBoot/] (level 5)
00:00:00.139251 
00:00:00.139251 [/Devices/pcbios/0/Config/NetBoot/0/] (level 6)
00:00:00.139253   NIC           <integer> = 0x0000000000000000 (0)
00:00:00.139254   PCIBusNo      <integer> = 0x0000000000000000 (0)
00:00:00.139255   PCIDeviceNo   <integer> = 0x0000000000000003 (3)
00:00:00.139256   PCIFunctionNo <integer> = 0x0000000000000000 (0)
00:00:00.139256 
00:00:00.139257 [/Devices/pci/] (level 2)
00:00:00.139258 
00:00:00.139258 [/Devices/pci/0/] (level 3)
00:00:00.139260   Trusted <integer> = 0x0000000000000001 (1)
00:00:00.139260 
00:00:00.139261 [/Devices/pci/0/Config/] (level 4)
00:00:00.139262   IOAPIC <integer> = 0x0000000000000001 (1)
00:00:00.139263 
00:00:00.139263 [/Devices/pcibridge/] (level 2)
00:00:00.139264 
00:00:00.139265 [/Devices/pckbd/] (level 2)
00:00:00.139266 
00:00:00.139266 [/Devices/pckbd/0/] (level 3)
00:00:00.139267   Trusted <integer> = 0x0000000000000001 (1)
00:00:00.139268 
00:00:00.139269 [/Devices/pckbd/0/Config/] (level 4)
00:00:00.139270 
00:00:00.139270 [/Devices/pckbd/0/LUN#0/] (level 4)
00:00:00.139272   Driver <string>  = "KeyboardQueue" (cb=14)
00:00:00.139272 
00:00:00.139273 [/Devices/pckbd/0/LUN#0/AttachedDriver/] (level 5)
00:00:00.139274   Driver <string>  = "MainKeyboard" (cb=13)
00:00:00.139275 
00:00:00.139276 [/Devices/pckbd/0/LUN#0/AttachedDriver/Config/] (level 6)
00:00:00.139277   Object <integer> = 0x000055abeee9abc0 (94 196 936 059 840)
00:00:00.139279 
00:00:00.139279 [/Devices/pckbd/0/LUN#0/Config/] (level 5)
00:00:00.139281   QueueSize <integer> = 0x0000000000000040 (64)
00:00:00.139282 
00:00:00.139282 [/Devices/pckbd/0/LUN#1/] (level 4)
00:00:00.139284   Driver <string>  = "MouseQueue" (cb=11)
00:00:00.139284 
00:00:00.139285 [/Devices/pckbd/0/LUN#1/AttachedDriver/] (level 5)
00:00:00.139286   Driver <string>  = "MainMouse" (cb=10)
00:00:00.139287 
00:00:00.139287 [/Devices/pckbd/0/LUN#1/AttachedDriver/Config/] (level 6)
00:00:00.139289   Object <integer> = 0x00007f33cc006090 (139 860 442 636 432)
00:00:00.139291 
00:00:00.139291 [/Devices/pckbd/0/LUN#1/Config/] (level 5)
00:00:00.139292   QueueSize <integer> = 0x0000000000000080 (128)
00:00:00.139293 
00:00:00.139294 [/Devices/pcnet/] (level 2)
00:00:00.139295 
00:00:00.139295 [/Devices/piix3ide/] (level 2)
00:00:00.139297 
00:00:00.139297 [/Devices/piix3ide/0/] (level 3)
00:00:00.139298   PCIBusNo      <integer> = 0x0000000000000000 (0)
00:00:00.139299   PCIDeviceNo   <integer> = 0x0000000000000001 (1)
00:00:00.139300   PCIFunctionNo <integer> = 0x0000000000000001 (1)
00:00:00.139301   Trusted       <integer> = 0x0000000000000001 (1)
00:00:00.139302 
00:00:00.139302 [/Devices/piix3ide/0/Config/] (level 4)
00:00:00.139303   Type <string>  = "PIIX4" (cb=6)
00:00:00.139304 
00:00:00.139305 [/Devices/piix3ide/0/LUN#0/] (level 4)
00:00:00.139306   Driver <string>  = "VD" (cb=3)
00:00:00.139306 
00:00:00.139307 [/Devices/piix3ide/0/LUN#0/Config/] (level 5)
00:00:00.139308   EmptyDrive <integer> = 0x0000000000000001 (1)
00:00:00.139309   Mountable  <integer> = 0x0000000000000001 (1)
00:00:00.139310   Type       <string>  = "DVD" (cb=4)
00:00:00.139311 
00:00:00.139311 [/Devices/piix3ide/0/LUN#999/] (level 4)
00:00:00.139313   Driver <string>  = "MainStatus" (cb=11)
00:00:00.139313 
00:00:00.139314 [/Devices/piix3ide/0/LUN#999/Config/] (level 5)
00:00:00.139315   DeviceInstance        <string>  = "piix3ide/0" (cb=11)
00:00:00.139316   First                 <integer> = 0x0000000000000000 (0)
00:00:00.139317   Last                  <integer> = 0x0000000000000003 (3)
00:00:00.139318   pConsole              <integer> = 0x00007f33cc0013e0 (139 860 442 616 800)
00:00:00.139320   papLeds               <integer> = 0x00007f33cc001ba0 (139 860 442 618 784)
00:00:00.139322   pmapMediumAttachments <integer> = 0x00007f33cc0027d8 (139 860 442 621 912)
00:00:00.139324 
00:00:00.139324 [/Devices/serial/] (level 2)
00:00:00.139325 
00:00:00.139325 [/Devices/usb-ohci/] (level 2)
00:00:00.139327 
00:00:00.139327 [/Devices/usb-ohci/0/] (level 3)
00:00:00.139328   PCIBusNo      <integer> = 0x0000000000000000 (0)
00:00:00.139329   PCIDeviceNo   <integer> = 0x0000000000000006 (6)
00:00:00.139330   PCIFunctionNo <integer> = 0x0000000000000000 (0)
00:00:00.139331   Trusted       <integer> = 0x0000000000000001 (1)
00:00:00.139332 
00:00:00.139332 [/Devices/usb-ohci/0/Config/] (level 4)
00:00:00.139333 
00:00:00.139334 [/Devices/usb-ohci/0/LUN#0/] (level 4)
00:00:00.139335   Driver <string>  = "VUSBRootHub" (cb=12)
00:00:00.139336 
00:00:00.139336 [/Devices/usb-ohci/0/LUN#0/Config/] (level 5)
00:00:00.139338 
00:00:00.139338 [/Devices/usb-ohci/0/LUN#999/] (level 4)
00:00:00.139339   Driver <string>  = "MainStatus" (cb=11)
00:00:00.139340 
00:00:00.139340 [/Devices/usb-ohci/0/LUN#999/Config/] (level 5)
00:00:00.139342   First   <integer> = 0x0000000000000000 (0)
00:00:00.139343   Last    <integer> = 0x0000000000000000 (0)
00:00:00.139343   papLeds <integer> = 0x00007f33cc0027c0 (139 860 442 621 888)
00:00:00.139345 
00:00:00.139345 [/Devices/vga/] (level 2)
00:00:00.139347 
00:00:00.139347 [/Devices/vga/0/] (level 3)
00:00:00.139348   PCIBusNo      <integer> = 0x0000000000000000 (0)
00:00:00.139349   PCIDeviceNo   <integer> = 0x0000000000000002 (2)
00:00:00.139350   PCIFunctionNo <integer> = 0x0000000000000000 (0)
00:00:00.139351   Trusted       <integer> = 0x0000000000000001 (1)
00:00:00.139352 
00:00:00.139352 [/Devices/vga/0/Config/] (level 4)
00:00:00.139354   3DEnabled          <integer> = 0x0000000000000000 (0)
00:00:00.139355   CustomVideoModes   <integer> = 0x0000000000000000 (0)
00:00:00.139356   FadeIn             <integer> = 0x0000000000000001 (1)
00:00:00.139357   FadeOut            <integer> = 0x0000000000000001 (1)
00:00:00.139358   HeightReduction    <integer> = 0x0000000000000000 (0)
00:00:00.139359   LogoFile           <string>  = "" (cb=1)
00:00:00.139360   LogoTime           <integer> = 0x0000000000000000 (0)
00:00:00.139361   MonitorCount       <integer> = 0x0000000000000001 (1)
00:00:00.139361   ShowBootMenu       <integer> = 0x0000000000000002 (2)
00:00:00.139362   VMSVGA3dEnabled    <integer> = 0x0000000000000000 (0)
00:00:00.139363   VMSVGAEnabled      <integer> = 0x0000000000000001 (1)
00:00:00.139364   VMSVGAPciBarLayout <integer> = 0x0000000000000001 (1)
00:00:00.139365   VMSVGAPciId        <integer> = 0x0000000000000001 (1)
00:00:00.139366   VRamSize           <integer> = 0x0000000001000000 (16 777 216, 16 MB)
00:00:00.139368 
00:00:00.139368 [/Devices/vga/0/LUN#0/] (level 4)
00:00:00.139370   Driver <string>  = "MainDisplay" (cb=12)
00:00:00.139371 
00:00:00.139371 [/Devices/vga/0/LUN#0/Config/] (level 5)
00:00:00.139372   Object <integer> = 0x00007f33cc006cd0 (139 860 442 639 568)
00:00:00.139374 
00:00:00.139374 [/Devices/vga/0/LUN#999/] (level 4)
00:00:00.139376   Driver <string>  = "MainStatus" (cb=11)
00:00:00.139376 
00:00:00.139377 [/Devices/vga/0/LUN#999/Config/] (level 5)
00:00:00.139378   First   <integer> = 0x0000000000000000 (0)
00:00:00.139379   Last    <integer> = 0x0000000000000000 (0)
00:00:00.139380   papLeds <integer> = 0x00007f33cc0027d0 (139 860 442 621 904)
00:00:00.139382 
00:00:00.139382 [/Devices/virtio-net/] (level 2)
00:00:00.139383 
00:00:00.139384 [/EM/] (level 1)
00:00:00.139385   TripleFaultReset <integer> = 0x0000000000000000 (0)
00:00:00.139385 
00:00:00.139386 [/GIM/] (level 1)
00:00:00.139387   Provider <string>  = "KVM" (cb=4)
00:00:00.139388 
00:00:00.139388 [/HM/] (level 1)
00:00:00.139389   64bitEnabled            <integer> = 0x0000000000000001 (1)
00:00:00.139390   EnableLargePages        <integer> = 0x0000000000000000 (0)
00:00:00.139391   EnableNestedPaging      <integer> = 0x0000000000000001 (1)
00:00:00.139392   EnableUX                <integer> = 0x0000000000000001 (1)
00:00:00.139393   EnableVPID              <integer> = 0x0000000000000001 (1)
00:00:00.139394   Exclusive               <integer> = 0x0000000000000001 (1)
00:00:00.139395   HMForced                <integer> = 0x0000000000000001 (1)
00:00:00.139396   IBPBOnVMEntry           <integer> = 0x0000000000000000 (0)
00:00:00.139397   IBPBOnVMExit            <integer> = 0x0000000000000000 (0)
00:00:00.139398   L1DFlushOnSched         <integer> = 0x0000000000000001 (1)
00:00:00.139399   L1DFlushOnVMEntry       <integer> = 0x0000000000000000 (0)
00:00:00.139400   LovelyMesaDrvWorkaround <integer> = 0x0000000000000001 (1)
00:00:00.139401   MDSClearOnSched         <integer> = 0x0000000000000001 (1)
00:00:00.139402   MDSClearOnVMEntry       <integer> = 0x0000000000000000 (0)
00:00:00.139403   SpecCtrlByHost          <integer> = 0x0000000000000000 (0)
00:00:00.139404   UseNEMInstead           <integer> = 0x0000000000000000 (0)
00:00:00.139405 
00:00:00.139405 [/MM/] (level 1)
00:00:00.139406   CanUseLargerHeap <integer> = 0x0000000000000000 (0)
00:00:00.139407 
00:00:00.139408 [/NEM/] (level 1)
00:00:00.139409   Allow64BitGuests        <integer> = 0x0000000000000001 (1)
00:00:00.139410   LovelyMesaDrvWorkaround <integer> = 0x0000000000000001 (1)
00:00:00.139410 
00:00:00.139411 [/PDM/] (level 1)
00:00:00.139412 
00:00:00.139412 [/PDM/AsyncCompletion/] (level 2)
00:00:00.139413 
00:00:00.139414 [/PDM/AsyncCompletion/File/] (level 3)
00:00:00.139415 
00:00:00.139415 [/PDM/AsyncCompletion/File/BwGroups/] (level 4)
00:00:00.139417 
00:00:00.139417 [/PDM/BlkCache/] (level 2)
00:00:00.139418   CacheSize <integer> = 0x0000000000500000 (5 242 880, 5 MB)
00:00:00.139420 
00:00:00.139420 [/PDM/Devices/] (level 2)
00:00:00.139421 
00:00:00.139422 [/PDM/Drivers/] (level 2)
00:00:00.139423 
00:00:00.139423 [/PDM/Drivers/VBoxC/] (level 3)
00:00:00.139425   Path <string>  = "/usr/lib/virtualbox/components/VBoxC" (cb=37)
00:00:00.139425 
00:00:00.139426 [/PDM/NetworkShaper/] (level 2)
00:00:00.139427 
00:00:00.139427 [/PDM/NetworkShaper/BwGroups/] (level 3)
00:00:00.139429 
00:00:00.139429 [/TM/] (level 1)
00:00:00.139430   UTCOffset <integer> = 0x0000000000000000 (0)
00:00:00.139431 
00:00:00.139431 [/USB/] (level 1)
00:00:00.139432 
00:00:00.139432 [/USB/HidMouse/] (level 2)
00:00:00.139433 
00:00:00.139434 [/USB/HidMouse/0/] (level 3)
00:00:00.139435 
00:00:00.139435 [/USB/HidMouse/0/Config/] (level 4)
00:00:00.139437   Mode <string>  = "absolute" (cb=9)
00:00:00.139437 
00:00:00.139438 [/USB/HidMouse/0/LUN#0/] (level 4)
00:00:00.139439   Driver <string>  = "MouseQueue" (cb=11)
00:00:00.139440 
00:00:00.139440 [/USB/HidMouse/0/LUN#0/AttachedDriver/] (level 5)
00:00:00.139442   Driver <string>  = "MainMouse" (cb=10)
00:00:00.139442 
00:00:00.139443 [/USB/HidMouse/0/LUN#0/AttachedDriver/Config/] (level 6)
00:00:00.139444   Object <integer> = 0x00007f33cc006090 (139 860 442 636 432)
00:00:00.139446 
00:00:00.139446 [/USB/HidMouse/0/LUN#0/Config/] (level 5)
00:00:00.139448   QueueSize <integer> = 0x0000000000000080 (128)
00:00:00.139449 
00:00:00.139449 [/USB/USBProxy/] (level 2)
00:00:00.139450 
00:00:00.139451 [/USB/USBProxy/GlobalConfig/] (level 3)
00:00:00.139452 
00:00:00.139453 ********************* End of CFGM dump **********************
00:00:00.139526 HM: HMR3Init: VT-x w/ nested paging and unrestricted guest execution hw support
00:00:00.139573 MM: cbHyperHeap=0x200000 (2097152)
00:00:00.140772 CPUM: fXStateHostMask=0x7; initial: 0x7; host XCR0=0x1f
00:00:00.141879 CPUM: Matched host CPU INTEL 0x6/0x9e/0x9 Intel_Core7_KabyLake with CPU DB entry 'Intel Core i7-6700K' (INTEL 0x6/0x5e/0x3 Intel_Core7_Skylake)
00:00:00.141925 CPUM: MXCSR_MASK=0xffff (host: 0xffff)
00:00:00.141938 CPUM: Microcode revision 0x000000EA
00:00:00.141947 CPUM: Changing leaf 13[0]: EBX=0x440 -> 0x340, ECX=0x440 -> 0x340
00:00:00.141957 CPUM: MSR/CPUID reconciliation insert: 0x0000010b IA32_FLUSH_CMD
00:00:00.142070 PGM: Host paging mode: AMD64+PGE+NX
00:00:00.142078 PGM: PGMPool: cMaxPages=768 (u64MaxPages=545)
00:00:00.142082 PGM: pgmR3PoolInit: cMaxPages=0x300 cMaxUsers=0x600 cMaxPhysExts=0x600 fCacheEnable=true 
00:00:00.142620 PGM: /proc/sys/vm/max_map_count = 65530 (rc2=VWRN_TRAILING_CHARS); cGuessNeeded=16384
00:00:00.144472 TM: GIP - u32Mode=3 (Invariant) u32UpdateHz=62 u32UpdateIntervalNS=16000000 enmUseTscDelta=2 (Practically Zero) fGetGipCpu=0x1b cCpus=4
00:00:00.144484 TM: GIP - u64CpuHz=2 475 657 078 (0x938f8776)  SUPGetCpuHzFromGip => 2 475 657 078
00:00:00.144491 TM: GIP - CPU: iCpuSet=0x0 idCpu=0x0 idApic=0x0 iGipCpu=0x3 i64TSCDelta=0 enmState=3 u64CpuHz=2495975039(*) cErrors=0
00:00:00.144496 TM: GIP - CPU: iCpuSet=0x1 idCpu=0x1 idApic=0x2 iGipCpu=0x0 i64TSCDelta=0 enmState=3 u64CpuHz=2475657078(*) cErrors=0
00:00:00.144501 TM: GIP - CPU: iCpuSet=0x2 idCpu=0x2 idApic=0x4 iGipCpu=0x2 i64TSCDelta=0 enmState=3 u64CpuHz=2495975139(*) cErrors=0
00:00:00.144505 TM: GIP - CPU: iCpuSet=0x3 idCpu=0x3 idApic=0x6 iGipCpu=0x1 i64TSCDelta=0 enmState=3 u64CpuHz=2495974769(*) cErrors=0
00:00:00.144550 TM: cTSCTicksPerSecond=2 475 657 078 (0x938f8776) enmTSCMode=3 (Dynamic)
00:00:00.144553 TM: TSCTiedToExecution=false TSCNotTiedToHalt=false
00:00:00.144911 EMR3Init: fIemExecutesAll=false fGuruOnTripleFault=true 
00:00:00.145041 IEM: TargetCpu=CURRENT, Microarch=Intel_Core7_KabyLake
00:00:00.145117 GIM: Using provider 'KVM' (Implementation version: 0)
00:00:00.145123 CPUM: SetGuestCpuIdFeature: Enabled Hypervisor Present bit
00:00:00.180105 AIOMgr: Default manager type is 'Async'
00:00:00.180131 AIOMgr: Default file backend is 'NonBuffered'
00:00:00.180476 BlkCache: Cache successfully initialized. Cache size is 5242880 bytes
00:00:00.180491 BlkCache: Cache commit interval is 10000 ms
00:00:00.180495 BlkCache: Cache commit threshold is 2621440 bytes
00:00:00.181939 PcBios: [SMP] BIOS with 1 CPUs
00:00:00.181970 PcBios: Using the 386+ BIOS image.
00:00:00.182058 PcBios: MPS table at 000e1300
00:00:00.182578 PcBios: fCheckShutdownStatusForSoftReset=true   fClearShutdownStatusOnHardReset=true 
00:00:00.182793 SUP: Opened VBoxDDR0.r0 (/usr/lib/virtualbox/VBoxDDR0.r0) at 0xXXXXXXXXXXXXXXXX.
00:00:00.183017 CPUM: SetGuestCpuIdFeature: Enabled xAPIC
00:00:00.183024 CPUM: SetGuestCpuIdFeature: Enabled x2APIC
00:00:00.183277 IOAPIC: Using implementation 2.0! Chipset type ICH9
00:00:00.183335 PIT: mode=3 count=0x10000 (65536) - 18.20 Hz (ch=0)
00:00:00.183998 VMMDev: cbDefaultBudget: 261 373 696 (f943f00)
00:00:00.186403 Shared Folders service loaded
00:00:00.187284 Guest Control service loaded
00:00:00.192035 VGA: Using the 386+ BIOS image.
00:00:00.196215 DrvVD: Flushes will be ignored
00:00:00.196226 DrvVD: Async flushes will be passed to the disk
00:00:00.199866 VD: VDInit finished with VINF_SUCCESS
00:00:00.200208 AIOMgr: Endpoint for file '/home/vamsi/Documents/Acads/Sem 7/Computer Networks/Lab/Lab1/lab1_network/VMImages/base/base.vdi' (flags 000c0781) created successfully
00:00:00.201252 AIOMgr: Endpoint for file '/home/vamsi/Documents/Acads/Sem 7/Computer Networks/Lab/Lab1/lab1_network/VMImages/base/Snapshots/{8f83ab64-891d-4e29-8532-09d2e668c3dd}.vdi' (flags 000c0781) created successfully
00:00:00.202190 AIOMgr: Endpoint for file '/home/vamsi/Documents/Acads/Sem 7/Computer Networks/Lab/Lab1/lab1_network/VMImages/base/Snapshots/{ca230307-de07-4ee1-b500-8daa8ed4ebc4}.vdi' (flags 000c0781) created successfully
00:00:00.202711 AIOMgr: Endpoint for file '/home/vamsi/Documents/Acads/Sem 7/Computer Networks/Lab/Lab1/lab1_network/VMImages/base/Snapshots/{ccd6ab89-9973-43d9-b6e3-1bbb050f93f6}.vdi' (flags 000c0781) created successfully
00:00:00.203224 AIOMgr: Endpoint for file '/home/vamsi/Documents/Acads/Sem 7/Computer Networks/Lab/Lab1/lab1_network/VMImages/base/Snapshots/{460704c9-eba7-45f7-8877-3bd6e52bdccc}.vdi' (flags 000c0781) created successfully
00:00:00.203767 AIOMgr: Endpoint for file '/home/vamsi/Documents/Acads/Sem 7/Computer Networks/Lab/Lab1/lab1_network/VMImages/base/Snapshots/{9cf32156-823d-496b-b336-6898fee923b5}.vdi' (flags 000c0781) created successfully
00:00:00.204459 AIOMgr: Endpoint for file '/home/vamsi/Documents/Acads/Sem 7/Computer Networks/Lab/Lab1/lab1_network/VMImages/base/Snapshots/{e22e9aa4-80c9-4e03-93d6-0caee39f6838}.vdi' (flags 000c0781) created successfully
00:00:00.205283 AIOMgr: Endpoint for file '/home/vamsi/Documents/Acads/Sem 7/Computer Networks/Lab/Lab1/lab1_network/VMImages/r2/Snapshots/{32c91fb6-605c-48f1-87f6-6cef9d384abb}.vdi' (flags 000c0723) created successfully
00:00:00.205672 VD: Opening the disk took 5927430 ns
00:00:00.205726 AHCI: LUN#0: disk, PCHS=2212/16/63, total number of sectors 2229702
00:00:00.205915 AHCI#0: Reset the HBA
00:00:00.205921 VD#0: Cancelling all active requests
00:00:00.206723 DrvVD: Flushes will be ignored
00:00:00.206730 DrvVD: Async flushes will be passed to the disk
00:00:00.206755 PIIX3 ATA: LUN#0: CD/DVD, total number of sectors 0, passthrough disabled
00:00:00.209780 PIIX3 ATA: LUN#1: no unit
00:00:00.209876 PIIX3 ATA: LUN#2: no unit
00:00:00.209881 PIIX3 ATA: LUN#3: no unit
00:00:00.209911 PIIX3 ATA: Ctl#1: finished processing RESET
00:00:00.209942 PIIX3 ATA: Ctl#0: finished processing RESET
00:00:00.210028 E1000#0: Chip=82540EM LinkUpDelay=3000ms EthernetCRC=on GSO=enabled Itr=disabled ItrRx=enabled TID=disabled R0=enabled RC=disabled
00:00:00.220436 NAT: Guest address guess set to 10.0.2.15 by initialization
00:00:00.220555 NAT: resolv.conf: nameserver 127.0.0.53
00:00:00.220569 NAT: DNS server 127.0.0.53 registration detected, switching to the DNS proxy
00:00:00.220573 NAT: DNS#0: 127.0.0.53
00:00:00.220617 NAT: Set redirect TCP 0.0.0.0:14602 -> 0.0.0.0:22
00:00:00.221564 E1000#1: Chip=82540EM LinkUpDelay=3000ms EthernetCRC=on GSO=enabled Itr=disabled ItrRx=enabled TID=disabled R0=enabled RC=disabled
00:00:00.221646 IntNet#0: szNetwork={intnet2} enmTrunkType=2 szTrunk={} fFlags=0x8000 cbRecv=325632 cbSend=196608 fIgnoreConnectFailure=false
00:00:00.222247 E1000#2: Chip=82540EM LinkUpDelay=3000ms EthernetCRC=on GSO=enabled Itr=disabled ItrRx=enabled TID=disabled R0=enabled RC=disabled
00:00:00.222317 IntNet#1: szNetwork={intnet101} enmTrunkType=2 szTrunk={} fFlags=0x8000 cbRecv=325632 cbSend=196608 fIgnoreConnectFailure=false
00:00:00.223002 E1000#3: Chip=82540EM LinkUpDelay=3000ms EthernetCRC=on GSO=enabled Itr=disabled ItrRx=enabled TID=disabled R0=enabled RC=disabled
00:00:00.223073 IntNet#2: szNetwork={intnet103} enmTrunkType=2 szTrunk={} fFlags=0x8000 cbRecv=325632 cbSend=196608 fIgnoreConnectFailure=false
00:00:00.223754 AC97: Using codec 'AD1980'
00:00:00.223824 Audio: Initializing PulseAudio driver
00:00:00.226539 PulseAudio: Using version 11.1.0
00:00:00.228651 PulseAudio: Retrieving server information ...
00:00:00.229366 Audio: Found 3 devices for driver 'PulseAudio'
00:00:00.229373 Audio: Device 'Built-in Audio Analog Stereo':
00:00:00.229374 Audio:   ID              = alsa_output.pci-0000_00_1f.3.analog-stereo
00:00:00.229374 Audio:   Usage           = output
00:00:00.229375 Audio:   Flags           = DEFAULT_OUT
00:00:00.229375 Audio:   Input channels  = 0
00:00:00.229376 Audio:   Output channels = 2
00:00:00.229380 Audio: Device 'Monitor of Built-in Audio Analog Stereo':
00:00:00.229380 Audio:   ID              = alsa_output.pci-0000_00_1f.3.analog-stereo.monitor
00:00:00.229381 Audio:   Usage           = input
00:00:00.229381 Audio:   Flags           = NONE
00:00:00.229381 Audio:   Input channels  = 2
00:00:00.229382 Audio:   Output channels = 0
00:00:00.229385 Audio: Device 'Built-in Audio Analog Stereo':
00:00:00.229386 Audio:   ID              = alsa_input.pci-0000_00_1f.3.analog-stereo
00:00:00.229386 Audio:   Usage           = input
00:00:00.229387 Audio:   Flags           = DEFAULT_IN
00:00:00.229387 Audio:   Input channels  = 2
00:00:00.229388 Audio:   Output channels = 0
00:00:00.229470 AC97: Reset
00:00:00.229476 AC97: Mixer reset (EAID=0x809, EACS=0x9)
00:00:00.229480 AC97: Record select to left=mic, right=mic
00:00:00.230501 VUSB: Attached 'HidMouse' to port 1 on RootHub#0 (FullSpeed)
00:00:00.230533 PGM: The CPU physical address width is 39 bits
00:00:00.230539 PGM: PGMR3InitFinalize: 4 MB PSE mask 0000007fffffffff -> VINF_SUCCESS
00:00:00.230566 TM: TMR3InitFinalize: fTSCModeSwitchAllowed=true 
00:00:00.230731 VMM: Enabled thread-context hooks
00:00:00.230737 VMM: RTThreadPreemptIsPending() can be trusted
00:00:00.230748 VMM: Kernel preemption is not possible it seems
00:00:00.230761 HM: fWorldSwitcher=0x0 (fIbpbOnVmExit=false fIbpbOnVmEntry=false fL1dFlushOnVmEntry=false); fL1dFlushOnSched=true  fMdsClearOnVmEntry=false
00:00:00.230768 HM: Using VT-x implementation 3.0
00:00:00.230775 HM: Max resume loops                  = 8192
00:00:00.230776 HM: Host CR4                          = 0x3606e0
00:00:00.230778 HM: Host EFER                         = 0xd01
00:00:00.230778 HM: MSR_IA32_SMM_MONITOR_CTL          = 0x0
00:00:00.230779 HM: MSR_IA32_FEATURE_CONTROL          = 0x5
00:00:00.230780 HM:   LOCK
00:00:00.230781 HM:   VMXON
00:00:00.230781 HM: MSR_IA32_VMX_BASIC                = 0xda040000000004
00:00:00.230782 HM:   VMCS id                           = 0x4
00:00:00.230783 HM:   VMCS size                         = 1024 bytes
00:00:00.230784 HM:   VMCS physical address limit       = None
00:00:00.230784 HM:   VMCS memory type                  = Write Back (WB)
00:00:00.230785 HM:   Dual-monitor treatment support    = true 
00:00:00.230786 HM:   OUTS & INS instruction-info       = true 
00:00:00.230786 HM:   Supports true-capability MSRs     = true 
00:00:00.230787 HM:   VM-entry Xcpt error-code optional = false
00:00:00.230788 HM: MSR_IA32_VMX_PINBASED_CTLS        = 0x7f00000016
00:00:00.230789 HM:   EXT_INT_EXIT
00:00:00.230789 HM:   NMI_EXIT
00:00:00.230790 HM:   VIRTUAL_NMI
00:00:00.230790 HM:   PREEMPT_TIMER
00:00:00.230791 HM:   POSTED_INT (must be cleared)
00:00:00.230792 HM: MSR_IA32_VMX_PROCBASED_CTLS       = 0xfff9fffe0401e172
00:00:00.230793 HM:   INT_WINDOW_EXIT
00:00:00.230794 HM:   USE_TSC_OFFSETTING
00:00:00.230794 HM:   HLT_EXIT
00:00:00.230795 HM:   INVLPG_EXIT
00:00:00.230795 HM:   MWAIT_EXIT
00:00:00.230796 HM:   RDPMC_EXIT
00:00:00.230797 HM:   RDTSC_EXIT
00:00:00.230797 HM:   CR3_LOAD_EXIT (must be set)
00:00:00.230798 HM:   CR3_STORE_EXIT (must be set)
00:00:00.230798 HM:   CR8_LOAD_EXIT
00:00:00.230799 HM:   CR8_STORE_EXIT
00:00:00.230799 HM:   USE_TPR_SHADOW
00:00:00.230800 HM:   NMI_WINDOW_EXIT
00:00:00.230800 HM:   MOV_DR_EXIT
00:00:00.230801 HM:   UNCOND_IO_EXIT
00:00:00.230801 HM:   USE_IO_BITMAPS
00:00:00.230802 HM:   MONITOR_TRAP_FLAG
00:00:00.230802 HM:   USE_MSR_BITMAPS
00:00:00.230803 HM:   MONITOR_EXIT
00:00:00.230803 HM:   PAUSE_EXIT
00:00:00.230803 HM:   USE_SECONDARY_CTLS
00:00:00.230804 HM: MSR_IA32_VMX_PROCBASED_CTLS2      = 0x5fbcff00000000
00:00:00.230805 HM:   VIRT_APIC_ACCESS
00:00:00.230806 HM:   EPT
00:00:00.230806 HM:   DESC_TABLE_EXIT
00:00:00.230807 HM:   RDTSCP
00:00:00.230807 HM:   VIRT_X2APIC_MODE
00:00:00.230808 HM:   VPID
00:00:00.230808 HM:   WBINVD_EXIT
00:00:00.230809 HM:   UNRESTRICTED_GUEST
00:00:00.230809 HM:   APIC_REG_VIRT (must be cleared)
00:00:00.230810 HM:   VIRT_INT_DELIVERY (must be cleared)
00:00:00.230811 HM:   PAUSE_LOOP_EXIT
00:00:00.230811 HM:   RDRAND_EXIT
00:00:00.230812 HM:   INVPCID
00:00:00.230812 HM:   VMFUNC
00:00:00.230813 HM:   VMCS_SHADOWING (must be cleared)
00:00:00.230813 HM:   ENCLS_EXIT
00:00:00.230814 HM:   RDSEED_EXIT
00:00:00.230814 HM:   PML
00:00:00.230815 HM:   EPT_VE
00:00:00.230815 HM:   CONCEAL_VMX_FROM_PT
00:00:00.230815 HM:   XSAVES_XRSTORS
00:00:00.230816 HM:   MODE_BASED_EPT_PERM
00:00:00.230816 HM:   SPPTP_EPT (must be cleared)
00:00:00.230817 HM:   PT_EPT (must be cleared)
00:00:00.230817 HM:   TSC_SCALING (must be cleared)
00:00:00.230818 HM:   USER_WAIT_PAUSE (must be cleared)
00:00:00.230818 HM:   ENCLV_EXIT (must be cleared)
00:00:00.230818 HM: MSR_IA32_VMX_ENTRY_CTLS           = 0x3ffff000011ff
00:00:00.230820 HM:   LOAD_DEBUG (must be set)
00:00:00.230820 HM:   IA32E_MODE_GUEST
00:00:00.230821 HM:   ENTRY_TO_SMM
00:00:00.230821 HM:   DEACTIVATE_DUAL_MON
00:00:00.230822 HM:   LOAD_PERF_MSR
00:00:00.230822 HM:   LOAD_PAT_MSR
00:00:00.230823 HM:   LOAD_EFER_MSR
00:00:00.230823 HM:   LOAD_BNDCFGS_MSR
00:00:00.230823 HM:   CONCEAL_VMX_FROM_PT
00:00:00.230824 HM:   LOAD_RTIT_CTL_MSR (must be cleared)
00:00:00.230824 HM: MSR_IA32_VMX_EXIT_CTLS            = 0x1ffffff00036dff
00:00:00.230826 HM:   SAVE_DEBUG (must be set)
00:00:00.230826 HM:   HOST_ADDR_SPACE_SIZE
00:00:00.230827 HM:   LOAD_PERF_MSR
00:00:00.230827 HM:   ACK_EXT_INT
00:00:00.230827 HM:   SAVE_PAT_MSR
00:00:00.230828 HM:   LOAD_PAT_MSR
00:00:00.230828 HM:   SAVE_EFER_MSR
00:00:00.230829 HM:   LOAD_EFER_MSR
00:00:00.230829 HM:   SAVE_PREEMPT_TIMER
00:00:00.230830 HM:   CLEAR_BNDCFGS_MSR
00:00:00.230830 HM:   CONCEAL_VMX_FROM_PT
00:00:00.230831 HM:   CLEAR_RTIT_CTL_MSR (must be cleared)
00:00:00.230831 HM: MSR_IA32_VMX_TRUE_PINBASED_CTLS   = 0x7f00000016
00:00:00.230832 HM: MSR_IA32_VMX_TRUE_PROCBASED_CTLS  = 0xfff9fffe04006172
00:00:00.230833 HM: MSR_IA32_VMX_TRUE_ENTRY_CTLS      = 0x3ffff000011fb
00:00:00.230834 HM: MSR_IA32_VMX_TRUE_EXIT_CTLS       = 0x1ffffff00036dfb
00:00:00.230836 HM: MSR_IA32_VMX_MISC                 = 0x7004c1e7
00:00:00.230837 HM:   PREEMPT_TIMER_TSC                 = 0x7
00:00:00.230837 HM:   EXIT_SAVE_EFER_LMA                = true 
00:00:00.230838 HM:   ACTIVITY_STATES                   = 0x7 ( HLT SHUTDOWN SIPI_WAIT )
00:00:00.230839 HM:   INTEL_PT                          = true 
00:00:00.230839 HM:   SMM_READ_SMBASE_MSR               = true 
00:00:00.230840 HM:   CR3_TARGET                        = 0x4
00:00:00.230841 HM:   MAX_MSR                           = 0x0 ( 512 )
00:00:00.230841 HM:   VMXOFF_BLOCK_SMI                  = true 
00:00:00.230842 HM:   VMWRITE_ALL                       = true 
00:00:00.230843 HM:   ENTRY_INJECT_SOFT_INT             = 0x1
00:00:00.230843 HM:   MSEG_ID                           = 0x0
00:00:00.230844 HM: MSR_IA32_VMX_VMCS_ENUM            = 0x2e
00:00:00.230845 HM:   HIGHEST_IDX                       = 0x17
00:00:00.230845 HM: MSR_IA32_VMX_EPT_VPID_CAP         = 0xf0106734141
00:00:00.230846 HM:   RWX_X_ONLY
00:00:00.230847 HM:   PAGE_WALK_LENGTH_4
00:00:00.230847 HM:   EMT_UC
00:00:00.230848 HM:   EMT_WB
00:00:00.230848 HM:   PDE_2M
00:00:00.230848 HM:   PDPTE_1G
00:00:00.230849 HM:   INVEPT
00:00:00.230849 HM:   EPT_ACCESS_DIRTY
00:00:00.230850 HM:   ADVEXITINFO_EPT
00:00:00.230850 HM:   INVEPT_SINGLE_CONTEXT
00:00:00.230850 HM:   INVEPT_ALL_CONTEXTS
00:00:00.230851 HM:   INVVPID
00:00:00.230851 HM:   INVVPID_INDIV_ADDR
00:00:00.230852 HM:   INVVPID_SINGLE_CONTEXT
00:00:00.230852 HM:   INVVPID_ALL_CONTEXTS
00:00:00.230853 HM:   INVVPID_SINGLE_CONTEXT_RETAIN_GLOBALS
00:00:00.230853 HM: MSR_IA32_VMX_VMFUNC               = 0x1
00:00:00.230854 HM:   EPTP_SWITCHING
00:00:00.230854 HM: MSR_IA32_VMX_CR0_FIXED0           = 0x80000021
00:00:00.230855 HM: MSR_IA32_VMX_CR0_FIXED1           = 0xffffffff
00:00:00.230856 HM: MSR_IA32_VMX_CR4_FIXED0           = 0x2000
00:00:00.230857 HM: MSR_IA32_VMX_CR4_FIXED1           = 0x3727ff
00:00:00.230858 HM: APIC-access page physaddr         = 0x0000000241c07000
00:00:00.230859 HM: VCPU  0: MSR bitmap physaddr      = 0x000000024186f000
00:00:00.230860 HM: VCPU  0: VMCS physaddr            = 0x0000000241c08000
00:00:00.230861 HM: Guest support: 32-bit and 64-bit
00:00:00.230866 HM: Supports VMCS EFER fields         = true 
00:00:00.230867 HM: Enabled VMX
00:00:00.230870 CPUM: SetGuestCpuIdFeature: Enabled SYSENTER/EXIT
00:00:00.230870 CPUM: SetGuestCpuIdFeature: Enabled PAE
00:00:00.230871 CPUM: SetGuestCpuIdFeature: Enabled LONG MODE
00:00:00.230872 CPUM: SetGuestCpuIdFeature: Enabled SYSCALL/RET
00:00:00.230872 CPUM: SetGuestCpuIdFeature: Enabled LAHF/SAHF
00:00:00.230873 CPUM: SetGuestCpuIdFeature: Enabled NX
00:00:00.230873 HM: Enabled nested paging
00:00:00.230873 HM:   EPT flush type                  = Single context
00:00:00.230874 HM: Enabled unrestricted guest execution
00:00:00.230874 HM: Enabled VPID
00:00:00.230875 HM:   VPID flush type                 = Single context
00:00:00.230875 HM: Enabled VMX-preemption timer (cPreemptTimerShift=7)
00:00:00.230876 HM: VT-x/AMD-V init method: Global
00:00:00.230877 EM: Exit history optimizations: enabled=true  enabled-r0=true  enabled-r0-no-preemption=false
00:00:00.230907 PcBios: SATA LUN#0 LCHS=553/64/63
00:00:00.230922 APIC: fPostedIntrsEnabled=false fVirtApicRegsEnabled=false fSupportsTscDeadline=false
00:00:00.230933 TMR3UtcNow: nsNow=1 630 218 392 780 142 000 nsPrev=0 -> cNsDelta=1 630 218 392 780 142 000 (offLag=0 offVirtualSync=0 offVirtualSyncGivenUp=0, NowAgain=1 630 218 392 780 142 000)
00:00:00.230943 VMM: fUsePeriodicPreemptionTimers=false
00:00:00.231059 CPUM: Logical host processors: 4 present, 4 max, 4 online, online mask: 000000000000000f
00:00:00.231135 CPUM: Physical host cores: 4
00:00:00.231136 ************************* CPUID dump ************************
00:00:00.231145          Raw Standard CPUID Leaves
00:00:00.231145      Leaf/sub-leaf  eax      ebx      ecx      edx
00:00:00.231146 Gst: 00000000/0000  00000016 756e6547 6c65746e 49656e69
00:00:00.231148 Hst:                00000016 756e6547 6c65746e 49656e69
00:00:00.231150 Gst: 00000001/0000  000906e9 00010800 d6fa220b 178bfbff
00:00:00.231152 Hst:                000906e9 06100800 7ffafbbf bfebfbff
00:00:00.231153 Gst: 00000002/0000  76036301 00f0b6ff 00000000 00c30000
00:00:00.231155 Hst:                76036301 00f0b6ff 00000000 00c30000
00:00:00.231156 Gst: 00000003/0000  00000000 00000000 00000000 00000000
00:00:00.231157 Hst:                00000000 00000000 00000000 00000000
00:00:00.231158 Gst: 00000004/0000  00000121 01c0003f 0000003f 00000000
00:00:00.231159 Hst:                1c004121 01c0003f 0000003f 00000000
00:00:00.231160 Gst: 00000004/0001  00000122 01c0003f 0000003f 00000000
00:00:00.231161 Hst:                1c004122 01c0003f 0000003f 00000000
00:00:00.231163 Gst: 00000004/0002  00000143 00c0003f 000003ff 00000000
00:00:00.231164 Hst:                1c004143 00c0003f 000003ff 00000000
00:00:00.231165 Gst: 00000004/0003  00000163 02c0003f 00001fff 00000006
00:00:00.231166 Hst:                1c03c163 02c0003f 00001fff 00000006
00:00:00.231167 Gst: 00000004/0004  00000000 00000000 00000000 00000000
00:00:00.231168 Hst:                00000000 00000000 00000000 00000000
00:00:00.231169 Gst: 00000005/0000  00000040 00000040 00000000 00000000
00:00:00.231170 Hst:                00000040 00000040 00000003 11142120
00:00:00.231172 Gst: 00000006/0000  00000000 00000000 00000000 00000000
00:00:00.231173 Hst:                000027f7 00000002 00000009 00000000
00:00:00.231174 Gst: 00000007/0000  00000000 00842421 00000000 10000400
00:00:00.231175 Hst:                00000000 029c67af 00000000 9c002e00
00:00:00.231176 Gst: 00000007/0001  00000000 00000000 00000000 00000000
00:00:00.231177 Hst:                00000000 00000000 00000000 00000000
00:00:00.231178 Gst: 00000008/0000  00000000 00000000 00000000 00000000
00:00:00.231179 Hst:                00000000 00000000 00000000 00000000
00:00:00.231180 Gst: 00000009/0000  00000000 00000000 00000000 00000000
00:00:00.231181 Hst:                00000000 00000000 00000000 00000000
00:00:00.231182 Gst: 0000000a/0000  00000000 00000000 00000000 00000000
00:00:00.231182 Hst:                07300804 00000000 00000000 00000603
00:00:00.231184 Gst: 0000000b/0000  00000000 00000001 00000100 00000000
00:00:00.231184 Hst:                00000001 00000001 00000100 00000006
00:00:00.231185 Gst: 0000000b/0001  00000001 00000001 00000201 00000000
00:00:00.231186 Hst:                00000004 00000004 00000201 00000006
00:00:00.231187 Gst: 0000000b/0002  00000000 00000000 00000002 00000000
00:00:00.231188 Hst:                00000000 00000000 00000002 00000006
00:00:00.231189 Gst: 0000000c/0000  00000000 00000000 00000000 00000000
00:00:00.231190 Hst:                00000000 00000000 00000000 00000000
00:00:00.231191 Gst: 0000000d/0000  00000007 00000340 00000340 00000000
00:00:00.231192 Hst:                0000001f 00000440 00000440 00000000
00:00:00.231193 Gst: 0000000d/0001  00000000 000003c0 00000000 00000000
00:00:00.231194 Hst:                0000000f 000003c0 00000100 00000000
00:00:00.231195 Gst: 0000000d/0002  00000100 00000240 00000000 00000000
00:00:00.231196 Hst:                00000100 00000240 00000000 00000000
00:00:00.231197 Gst: 0000000d/0003  00000000 00000000 00000000 00000000
00:00:00.231197 Hst:                00000040 000003c0 00000000 00000000
00:00:00.231198 Gst: 0000000d/0004  00000000 00000000 00000000 00000000
00:00:00.231199 Hst:                00000040 00000400 00000000 00000000
00:00:00.231200 Gst: 0000000d/0005  00000000 00000000 00000000 00000000
00:00:00.231201 Hst:                00000000 00000000 00000000 00000000
00:00:00.231202 Gst: 0000000d/0006  00000000 00000000 00000000 00000000
00:00:00.231203 Hst:                00000000 00000000 00000000 00000000
00:00:00.231204 Gst: 0000000d/0007  00000000 00000000 00000000 00000000
00:00:00.231204 Hst:                00000000 00000000 00000000 00000000
00:00:00.231205 Gst: 0000000d/0008  00000000 00000000 00000000 00000000
00:00:00.231206 Hst:                00000080 00000000 00000001 00000000
00:00:00.231207 Gst: 0000000d/0009  00000000 00000000 00000000 00000000
00:00:00.231208 Hst:                00000000 00000000 00000000 00000000
00:00:00.231238 Gst: 0000000e/0000  00000000 00000000 00000000 00000000
00:00:00.231239 Hst:                00000000 00000000 00000000 00000000
00:00:00.231240 Gst: 0000000f/0000  00000000 00000000 00000000 00000000
00:00:00.231241 Hst:                00000000 00000000 00000000 00000000
00:00:00.231242 Gst: 00000010/0000  00000000 00000000 00000000 00000000
00:00:00.231243 Hst:                00000000 00000000 00000000 00000000
00:00:00.231244 Gst: 00000011/0000  00000000 00000000 00000000 00000000
00:00:00.231244 Hst:                00000000 00000000 00000000 00000000
00:00:00.231245 Gst: 00000012/0000  00000000 00000000 00000000 00000000
00:00:00.231246 Hst:                00000000 00000000 00000000 00000000
00:00:00.231247 Gst: 00000013/0000  00000000 00000000 00000000 00000000
00:00:00.231248 Hst:                00000000 00000000 00000000 00000000
00:00:00.231249 Gst: 00000014/0000  00000000 00000000 00000000 00000000
00:00:00.231250 Hst:                00000001 0000000f 00000007 00000000
00:00:00.231251 Hst: 00000015/0000  00000002 000000d0 00000000 00000000
00:00:00.231252 Hst: 00000016/0000  000009c4 00000dac 00000064 00000000
00:00:00.231254                                Name: GenuineIntel
00:00:00.231255                            Supports: 0x00000000-0x00000016
00:00:00.231257                              Family:  6 	Extended: 0 	Effective: 6
00:00:00.231259                               Model: 14 	Extended: 9 	Effective: 158
00:00:00.231260                            Stepping: 9
00:00:00.231262                                Type: 0 (primary)
00:00:00.231263                             APIC ID: 0x00
00:00:00.231264                        Logical CPUs: 1
00:00:00.231265                        CLFLUSH Size: 8
00:00:00.231266                            Brand ID: 0x00
00:00:00.231267 Features
00:00:00.231268   Mnemonic - Description                                  = guest (host)
00:00:00.231269   FPU - x87 FPU on Chip                                   = 1 (1)
00:00:00.231271   VME - Virtual 8086 Mode Enhancements                    = 1 (1)
00:00:00.231273   DE - Debugging extensions                               = 1 (1)
00:00:00.231274   PSE - Page Size Extension                               = 1 (1)
00:00:00.231275   TSC - Time Stamp Counter                                = 1 (1)
00:00:00.231277   MSR - Model Specific Registers                          = 1 (1)
00:00:00.231278   PAE - Physical Address Extension                        = 1 (1)
00:00:00.231279   MCE - Machine Check Exception                           = 1 (1)
00:00:00.231281   CX8 - CMPXCHG8B instruction                             = 1 (1)
00:00:00.231282   APIC - APIC On-Chip                                     = 1 (1)
00:00:00.231283   SEP - SYSENTER and SYSEXIT Present                      = 1 (1)
00:00:00.231285   MTRR - Memory Type Range Registers                      = 1 (1)
00:00:00.231286   PGE - PTE Global Bit                                    = 1 (1)
00:00:00.231287   MCA - Machine Check Architecture                        = 1 (1)
00:00:00.231288   CMOV - Conditional Move instructions                    = 1 (1)
00:00:00.231290   PAT - Page Attribute Table                              = 1 (1)
00:00:00.231291   PSE-36 - 36-bit Page Size Extension                     = 1 (1)
00:00:00.231292   PSN - Processor Serial Number                           = 0 (0)
00:00:00.231293   CLFSH - CLFLUSH instruction                             = 1 (1)
00:00:00.231295   DS - Debug Store                                        = 0 (1)
00:00:00.231296   ACPI - Thermal Mon. & Soft. Clock Ctrl.                 = 0 (1)
00:00:00.231297   MMX - Intel MMX Technology                              = 1 (1)
00:00:00.231299   FXSR - FXSAVE and FXRSTOR instructions                  = 1 (1)
00:00:00.231300   SSE - SSE support                                       = 1 (1)
00:00:00.231301   SSE2 - SSE2 support                                     = 1 (1)
00:00:00.231303   SS - Self Snoop                                         = 0 (1)
00:00:00.231304   HTT - Hyper-Threading Technology                        = 1 (1)
00:00:00.231305   TM - Therm. Monitor                                     = 0 (1)
00:00:00.231307   PBE - Pending Break Enabled                             = 0 (1)
00:00:00.231308   SSE3 - SSE3 support                                     = 1 (1)
00:00:00.231310   PCLMUL - PCLMULQDQ support (for AES-GCM)                = 1 (1)
00:00:00.231311   DTES64 - DS Area 64-bit Layout                          = 0 (1)
00:00:00.231312   MONITOR - MONITOR/MWAIT instructions                    = 1 (1)
00:00:00.231313   CPL-DS - CPL Qualified Debug Store                      = 0 (1)
00:00:00.231314   VMX - Virtual Machine Extensions                        = 0 (1)
00:00:00.231316   SMX - Safer Mode Extensions                             = 0 (0)
00:00:00.231317   EST - Enhanced SpeedStep Technology                     = 0 (1)
00:00:00.231318   TM2 - Terminal Monitor 2                                = 0 (1)
00:00:00.231319   SSSE3 - Supplemental Streaming SIMD Extensions 3        = 1 (1)
00:00:00.231320   CNTX-ID - L1 Context ID                                 = 0 (0)
00:00:00.231322   SDBG - Silicon Debug interface                          = 0 (1)
00:00:00.231323   FMA - Fused Multiply Add extensions                     = 0 (1)
00:00:00.231324   CX16 - CMPXCHG16B instruction                           = 1 (1)
00:00:00.231326   TPRUPDATE - xTPR Update Control                         = 0 (1)
00:00:00.231327   PDCM - Perf/Debug Capability MSR                        = 0 (1)
00:00:00.231328   PCID - Process Context Identifiers                      = 1 (1)
00:00:00.231329   DCA - Direct Cache Access                               = 0 (0)
00:00:00.231331   SSE4_1 - SSE4_1 support                                 = 1 (1)
00:00:00.231332   SSE4_2 - SSE4_2 support                                 = 1 (1)
00:00:00.231333   X2APIC - x2APIC support                                 = 1 (1)
00:00:00.231335   MOVBE - MOVBE instruction                               = 1 (1)
00:00:00.231336   POPCNT - POPCNT instruction                             = 1 (1)
00:00:00.231337   TSCDEADL - Time Stamp Counter Deadline                  = 0 (1)
00:00:00.231338   AES - AES instructions                                  = 1 (1)
00:00:00.231340   XSAVE - XSAVE instruction                               = 1 (1)
00:00:00.231341   OSXSAVE - OSXSAVE instruction                           = 0 (1)
00:00:00.231342   AVX - AVX support                                       = 1 (1)
00:00:00.231344   F16C - 16-bit floating point conversion instructions    = 0 (1)
00:00:00.231345   RDRAND - RDRAND instruction                             = 1 (1)
00:00:00.231346   HVP - Hypervisor Present (we're a guest)                = 1 (0)
00:00:00.231348 Structured Extended Feature Flags Enumeration (leaf 7):
00:00:00.231348   Mnemonic - Description                                  = guest (host)
00:00:00.231349   FSGSBASE - RDFSBASE/RDGSBASE/WRFSBASE/WRGSBASE instr.   = 1 (1)
00:00:00.231350   TSCADJUST - Supports MSR_IA32_TSC_ADJUST                = 0 (1)
00:00:00.231351   SGX - Supports Software Guard Extensions                = 0 (1)
00:00:00.231352   BMI1 - Advanced Bit Manipulation extension 1            = 0 (1)
00:00:00.231353   HLE - Hardware Lock Elision                             = 0 (0)
00:00:00.231354   AVX2 - Advanced Vector Extensions 2                     = 1 (1)
00:00:00.231355   FDP_EXCPTN_ONLY - FPU DP only updated on exceptions     = 0 (0)
00:00:00.231356   SMEP - Supervisor Mode Execution Prevention             = 0 (1)
00:00:00.231357   BMI2 - Advanced Bit Manipulation extension 2            = 0 (1)
00:00:00.231358   ERMS - Enhanced REP MOVSB/STOSB instructions            = 0 (1)
00:00:00.231359   INVPCID - INVPCID instruction                           = 1 (1)
00:00:00.231361   RTM - Restricted Transactional Memory                   = 0 (0)
00:00:00.231362   PQM - Platform Quality of Service Monitoring            = 0 (0)
00:00:00.231363   DEPFPU_CS_DS - Deprecates FPU CS, FPU DS values if set  = 1 (1)
00:00:00.231364   MPE - Intel Memory Protection Extensions                = 0 (1)
00:00:00.231365   PQE - Platform Quality of Service Enforcement           = 0 (0)
00:00:00.231366   AVX512F - AVX512 Foundation instructions                = 0 (0)
00:00:00.231367   RDSEED - RDSEED instruction                             = 1 (1)
00:00:00.231368   ADX - ADCX/ADOX instructions                            = 0 (1)
00:00:00.231369   SMAP - Supervisor Mode Access Prevention                = 0 (1)
00:00:00.231371   CLFLUSHOPT - CLFLUSHOPT (Cache Line Flush) instruction  = 1 (1)
00:00:00.231371   INTEL_PT - Intel Processor Trace                        = 0 (1)
00:00:00.231373   AVX512PF - AVX512 Prefetch instructions                 = 0 (0)
00:00:00.231374   AVX512ER - AVX512 Exponential & Reciprocal instructions = 0 (0)
00:00:00.231375   AVX512CD - AVX512 Conflict Detection instructions       = 0 (0)
00:00:00.231376   SHA - Secure Hash Algorithm extensions                  = 0 (0)
00:00:00.231377   PREFETCHWT1 - PREFETCHWT1 instruction                   = 0 (0)
00:00:00.231378   UMIP - User mode insturction prevention                 = 0 (0)
00:00:00.231379   PKU - Protection Key for Usermode pages                 = 0 (0)
00:00:00.231380   OSPKE - CR4.PKU mirror                                  = 0 (0)
00:00:00.231382   MAWAU - Value used by BNDLDX & BNDSTX                   = 0x0 (0x0)
00:00:00.231383   RDPID - Read processor ID support                       = 0 (0)
00:00:00.231384   SGX_LC - Supports SGX Launch Configuration              = 0 (0)
00:00:00.231386    9 - Reserved                                           = 0 (1)
00:00:00.231387   MD_CLEAR - Supports MDS related buffer clearing         = 1 (1)
00:00:00.231388   11 - Reserved                                           = 0 (1)
00:00:00.231390   13 - Reserved                                           = 0 (1)
00:00:00.231392   IBRS_IBPB - IA32_SPEC_CTRL.IBRS and IA32_PRED_CMD.IBPB  = 0 (1)
00:00:00.231393   STIBP - Supports IA32_SPEC_CTRL.STIBP                   = 0 (1)
00:00:00.231394   FLUSH_CMD - Supports IA32_FLUSH_CMD                     = 1 (1)
00:00:00.231395   ARCHCAP - Supports IA32_ARCH_CAP                        = 0 (0)
00:00:00.231396   CORECAP - Supports IA32_CORE_CAP                        = 0 (0)
00:00:00.231397   SSBD - Supports IA32_SPEC_CTRL.SSBD                     = 0 (1)
00:00:00.231399 Processor Extended State Enumeration (leaf 0xd):
00:00:00.231400    XSAVE area cur/max size by XCR0, guest: 0x340/0x340
00:00:00.231401     XSAVE area cur/max size by XCR0, host: 0x440/0x440
00:00:00.231402                    Valid XCR0 bits, guest: 0x00000000`00000007 ( x87 SSE YMM_Hi128 )
00:00:00.231405                     Valid XCR0 bits, host: 0x00000000`0000001f ( x87 SSE YMM_Hi128 BNDREGS BNDCSR )
00:00:00.231408                     XSAVE features, guest:
00:00:00.231409                      XSAVE features, host: XSAVEOPT XSAVEC XGETBC1 XSAVES
00:00:00.231411       XSAVE area cur size XCR0|XSS, guest: 0x3c0
00:00:00.231412        XSAVE area cur size XCR0|XSS, host: 0x3c0
00:00:00.231413                Valid IA32_XSS bits, guest: 0x00000000`00000000
00:00:00.231414                 Valid IA32_XSS bits, host: 0x00000100`00000000 ( 40 )
00:00:00.231416   State #2, guest: off=0x0240, cb=0x0100 IA32_XSS-bit -- YMM_Hi128
00:00:00.231418   State #2, host:  off=0x0240, cb=0x0100 IA32_XSS-bit -- YMM_Hi128
00:00:00.231420   State #3, host:  off=0x03c0, cb=0x0040 IA32_XSS-bit -- BNDREGS
00:00:00.231422   State #4, host:  off=0x0400, cb=0x0040 IA32_XSS-bit -- BNDCSR
00:00:00.231424   State #8, host:  off=0x0000, cb=0x0080 XCR0-bit -- 8
00:00:00.231439          Unknown CPUID Leaves
00:00:00.231440      Leaf/sub-leaf  eax      ebx      ecx      edx
00:00:00.231441 Gst: 00000014/0001  00000000 00000000 00000000 00000000
00:00:00.231442 Hst:                02490002 003f3fff 00000000 00000000
00:00:00.231443 Gst: 00000014/0002  00000000 00000000 00000000 00000000
00:00:00.231444 Hst:                00000000 00000000 00000000 00000000
00:00:00.231445 Gst: 00000015/0000  00000000 00000000 00000000 00000000
00:00:00.231446 Hst:                00000002 000000d0 00000000 00000000
00:00:00.231447 Gst: 00000016/0000  00000000 00000000 00000000 00000000
00:00:00.231448 Hst:                000009c4 00000dac 00000064 00000000
00:00:00.231450          Raw Hypervisor CPUID Leaves
00:00:00.231450      Leaf/sub-leaf  eax      ebx      ecx      edx
00:00:00.231451 Gst: 40000000/0000  40000001 4b4d564b 564b4d56 0000004d
00:00:00.231453 Hst:                000009c4 00000dac 00000064 00000000
00:00:00.231454 Gst: 40000001/0000  01000089 00000000 00000000 00000000
00:00:00.231455 Hst:                000009c4 00000dac 00000064 00000000
00:00:00.231456          Raw Extended CPUID Leaves
00:00:00.231457      Leaf/sub-leaf  eax      ebx      ecx      edx
00:00:00.231457 Gst: 80000000/0000  80000008 00000000 00000000 00000000
00:00:00.231458 Hst:                80000008 00000000 00000000 00000000
00:00:00.231460 Gst: 80000001/0000  00000000 00000000 00000121 28100800
00:00:00.231461 Hst:                00000000 00000000 00000121 2c100800
00:00:00.231463 Gst: 80000002/0000  65746e49 2952286c 726f4320 4d542865
00:00:00.231464 Hst:                65746e49 2952286c 726f4320 4d542865
00:00:00.231466 Gst: 80000003/0000  35692029 3033372d 20514830 20555043
00:00:00.231468 Hst:                35692029 3033372d 20514830 20555043
00:00:00.231469 Gst: 80000004/0000  2e322040 48473035 0000007a 00000000
00:00:00.231471 Hst:                2e322040 48473035 0000007a 00000000
00:00:00.231472 Gst: 80000005/0000  00000000 00000000 00000000 00000000
00:00:00.231473 Hst:                00000000 00000000 00000000 00000000
00:00:00.231474 Gst: 80000006/0000  00000000 00000000 01006040 00000000
00:00:00.231475 Hst:                00000000 00000000 01006040 00000000
00:00:00.231476 Gst: 80000007/0000  00000000 00000000 00000000 00000100
00:00:00.231477 Hst:                00000000 00000000 00000000 00000100
00:00:00.231478 Gst: 80000008/0000  00003027 00000000 00000000 00000000
00:00:00.231479 Hst:                00003027 00000000 00000000 00000000
00:00:00.231480 Ext Name:                        
00:00:00.231481 Ext Supports:                    0x80000000-0x80000008
00:00:00.231482 Family:                          0  	Extended: 0 	Effective: 0
00:00:00.231482 Model:                           0  	Extended: 0 	Effective: 0
00:00:00.231483 Stepping:                        0
00:00:00.231484 Brand ID:                        0x000
00:00:00.231485 Ext Features
00:00:00.231485   Mnemonic - Description                                  = guest (host)
00:00:00.231486   FPU - x87 FPU on Chip                                   = 0 (0)
00:00:00.231487   VME - Virtual 8086 Mode Enhancements                    = 0 (0)
00:00:00.231488   DE - Debugging extensions                               = 0 (0)
00:00:00.231490   PSE - Page Size Extension                               = 0 (0)
00:00:00.231491   TSC - Time Stamp Counter                                = 0 (0)
00:00:00.231492   MSR - K86 Model Specific Registers                      = 0 (0)
00:00:00.231494   PAE - Physical Address Extension                        = 0 (0)
00:00:00.231495   MCE - Machine Check Exception                           = 0 (0)
00:00:00.231496   CX8 - CMPXCHG8B instruction                             = 0 (0)
00:00:00.231497   APIC - APIC On-Chip                                     = 0 (0)
00:00:00.231499   SEP - SYSCALL/SYSRET                                    = 1 (1)
00:00:00.231500   MTRR - Memory Type Range Registers                      = 0 (0)
00:00:00.231501   PGE - PTE Global Bit                                    = 0 (0)
00:00:00.231503   MCA - Machine Check Architecture                        = 0 (0)
00:00:00.231504   CMOV - Conditional Move instructions                    = 0 (0)
00:00:00.231505   PAT - Page Attribute Table                              = 0 (0)
00:00:00.231506   PSE-36 - 36-bit Page Size Extension                     = 0 (0)
00:00:00.231508   NX - No-Execute/Execute-Disable                         = 1 (1)
00:00:00.231509   AXMMX - AMD Extensions to MMX instructions              = 0 (0)
00:00:00.231510   MMX - Intel MMX Technology                              = 0 (0)
00:00:00.231511   FXSR - FXSAVE and FXRSTOR Instructions                  = 0 (0)
00:00:00.231519   FFXSR - AMD fast FXSAVE and FXRSTOR instructions        = 0 (0)
00:00:00.231520   Page1GB - 1 GB large page                               = 0 (1)
00:00:00.231522   RDTSCP - RDTSCP instruction                             = 1 (1)
00:00:00.231523   LM - AMD64 Long Mode                                    = 1 (1)
00:00:00.231525   3DNOWEXT - AMD Extensions to 3DNow                      = 0 (0)
00:00:00.231526   3DNOW - AMD 3DNow                                       = 0 (0)
00:00:00.231527   LahfSahf - LAHF/SAHF support in 64-bit mode             = 1 (1)
00:00:00.231528   CmpLegacy - Core multi-processing legacy mode           = 0 (0)
00:00:00.231529   SVM - AMD Secure Virtual Machine extensions             = 0 (0)
00:00:00.231531   EXTAPIC - AMD Extended APIC registers                   = 0 (0)
00:00:00.231532   CR8L - AMD LOCK MOV CR0 means MOV CR8                   = 0 (0)
00:00:00.231533   ABM - AMD Advanced Bit Manipulation                     = 1 (1)
00:00:00.231534   SSE4A - SSE4A instructions                              = 0 (0)
00:00:00.231535   MISALIGNSSE - AMD Misaligned SSE mode                   = 0 (0)
00:00:00.231536   3DNOWPRF - AMD PREFETCH and PREFETCHW instructions      = 1 (1)
00:00:00.231537   OSVW - AMD OS Visible Workaround                        = 0 (0)
00:00:00.231538   IBS - Instruct Based Sampling                           = 0 (0)
00:00:00.231540   XOP - Extended Operation support                        = 0 (0)
00:00:00.231541   SKINIT - SKINIT, STGI, and DEV support                  = 0 (0)
00:00:00.231542   WDT - AMD Watchdog Timer support                        = 0 (0)
00:00:00.231543   LWP - Lightweight Profiling support                     = 0 (0)
00:00:00.231544   FMA4 - Four operand FMA instruction support             = 0 (0)
00:00:00.231545   NodeId - NodeId in MSR C001_100C                        = 0 (0)
00:00:00.231547   TBM - Trailing Bit Manipulation instructions            = 0 (0)
00:00:00.231548   TOPOEXT - Topology Extensions                           = 0 (0)
00:00:00.231549   PRFEXTCORE - Performance Counter Extensions support     = 0 (0)
00:00:00.231550   PRFEXTNB - NB Performance Counter Extensions support    = 0 (0)
00:00:00.231551   DATABPEXT - Data-access Breakpoint Extension            = 0 (0)
00:00:00.231552   PERFTSC - Performance Time Stamp Counter                = 0 (0)
00:00:00.231553   PCX_L2I - L2I/L3 Performance Counter Extensions         = 0 (0)
00:00:00.231554   MWAITX - MWAITX and MONITORX instructions               = 0 (0)
00:00:00.231555 Full Name:                       "Intel(R) Core(TM) i5-7300HQ CPU @ 2.50GHz"
00:00:00.231556 TLB 2/4M Instr/Uni:              res0     0 entries
00:00:00.231557 TLB 2/4M Data:                   res0     0 entries
00:00:00.231558 TLB 4K Instr/Uni:                res0     0 entries
00:00:00.231559 TLB 4K Data:                     res0     0 entries
00:00:00.231559 L1 Instr Cache Line Size:        0 bytes
00:00:00.231560 L1 Instr Cache Lines Per Tag:    0
00:00:00.231561 L1 Instr Cache Associativity:    res0  
00:00:00.231561 L1 Instr Cache Size:             0 KB
00:00:00.231562 L1 Data Cache Line Size:         0 bytes
00:00:00.231562 L1 Data Cache Lines Per Tag:     0
00:00:00.231562 L1 Data Cache Associativity:     res0  
00:00:00.231563 L1 Data Cache Size:              0 KB
00:00:00.231564 L2 TLB 2/4M Instr/Uni:           off       0 entries
00:00:00.231565 L2 TLB 2/4M Data:                off       0 entries
00:00:00.231565 L2 TLB 4K Instr/Uni:             off       0 entries
00:00:00.231566 L2 TLB 4K Data:                  off       0 entries
00:00:00.231567 L2 Cache Line Size:              0 bytes
00:00:00.231567 L2 Cache Lines Per Tag:          0
00:00:00.231568 L2 Cache Associativity:          off   
00:00:00.231568 L2 Cache Size:                   0 KB
00:00:00.231569   TS - Temperature Sensor                                 = 0 (0)
00:00:00.231570   FID - Frequency ID control                              = 0 (0)
00:00:00.231572   VID - Voltage ID control                                = 0 (0)
00:00:00.231573   TscInvariant - Invariant Time Stamp Counter             = 1 (1)
00:00:00.231574   CBP - Core Performance Boost                            = 0 (0)
00:00:00.231576   EffFreqRO - Read-only Effective Frequency Interface     = 0 (0)
00:00:00.231577   ProcFdbkIf - Processor Feedback Interface               = 0 (0)
00:00:00.231578   ProcPwrRep - Core power reporting interface support     = 0 (0)
00:00:00.231579 Physical Address Width:          39 bits
00:00:00.231580 Virtual Address Width:           48 bits
00:00:00.231580 Guest Physical Address Width:    0 bits
00:00:00.231581 Physical Core Count:             1
00:00:00.231583 
00:00:00.231584 ******************** End of CPUID dump **********************
00:00:00.231584 *********************** VT-x features ***********************
00:00:00.231586 Nested hardware virtualization - VMX features
00:00:00.231586   Mnemonic - Description                                  = guest (host)
00:00:00.231586   VMX - Virtual-Machine Extensions                        = 0 (1)
00:00:00.231587   InsOutInfo - INS/OUTS instruction info.                 = 0 (1)
00:00:00.231588   ExtIntExit - External interrupt exiting                 = 0 (1)
00:00:00.231589   NmiExit - NMI exiting                                   = 0 (1)
00:00:00.231590   VirtNmi - Virtual NMIs                                  = 0 (1)
00:00:00.231590   PreemptTimer - VMX preemption timer                     = 0 (1)
00:00:00.231591   PostedInt - Posted interrupts                           = 0 (0)
00:00:00.231592   IntWindowExit - Interrupt-window exiting                = 0 (1)
00:00:00.231592   TscOffsetting - TSC offsetting                          = 0 (1)
00:00:00.231593   HltExit - HLT exiting                                   = 0 (1)
00:00:00.231594   InvlpgExit - INVLPG exiting                             = 0 (1)
00:00:00.231594   MwaitExit - MWAIT exiting                               = 0 (1)
00:00:00.231595   RdpmcExit - RDPMC exiting                               = 0 (1)
00:00:00.231595   RdtscExit - RDTSC exiting                               = 0 (1)
00:00:00.231596   Cr3LoadExit - CR3-load exiting                          = 0 (1)
00:00:00.231597   Cr3StoreExit - CR3-store exiting                        = 0 (1)
00:00:00.231598   Cr8LoadExit  - CR8-load exiting                         = 0 (1)
00:00:00.231598   Cr8StoreExit - CR8-store exiting                        = 0 (1)
00:00:00.231599   UseTprShadow - Use TPR shadow                           = 0 (1)
00:00:00.231600   NmiWindowExit - NMI-window exiting                      = 0 (1)
00:00:00.231600   MovDRxExit - Mov-DR exiting                             = 0 (1)
00:00:00.231601   UncondIoExit - Unconditional I/O exiting                = 0 (1)
00:00:00.231601   UseIoBitmaps - Use I/O bitmaps                          = 0 (1)
00:00:00.231602   MonitorTrapFlag - Monitor Trap Flag                     = 0 (1)
00:00:00.231603   UseMsrBitmaps - MSR bitmaps                             = 0 (1)
00:00:00.231603   MonitorExit - MONITOR exiting                           = 0 (1)
00:00:00.231604   PauseExit - PAUSE exiting                               = 0 (1)
00:00:00.231605   SecondaryExecCtl - Activate secondary controls          = 0 (1)
00:00:00.231605   VirtApic - Virtualize-APIC accesses                     = 0 (1)
00:00:00.231606   Ept - Extended Page Tables                              = 0 (1)
00:00:00.231607   DescTableExit - Descriptor-table exiting                = 0 (1)
00:00:00.231607   Rdtscp - Enable RDTSCP                                  = 0 (1)
00:00:00.231608   VirtX2ApicMode - Virtualize-x2APIC mode                 = 0 (1)
00:00:00.231608   Vpid - Enable VPID                                      = 0 (1)
00:00:00.231609   WbinvdExit - WBINVD exiting                             = 0 (1)
00:00:00.231610   UnrestrictedGuest - Unrestricted guest                  = 0 (1)
00:00:00.231610   ApicRegVirt - APIC-register virtualization              = 0 (0)
00:00:00.231611   VirtIntDelivery - Virtual-interrupt delivery            = 0 (0)
00:00:00.231612   PauseLoopExit - PAUSE-loop exiting                      = 0 (1)
00:00:00.231612   RdrandExit - RDRAND exiting                             = 0 (1)
00:00:00.231613   Invpcid - Enable INVPCID                                = 0 (1)
00:00:00.231614   VmFuncs - Enable VM Functions                           = 0 (1)
00:00:00.231614   VmcsShadowing - VMCS shadowing                          = 0 (0)
00:00:00.231615   RdseedExiting - RDSEED exiting                          = 0 (1)
00:00:00.231615   PML - Page-Modification Log (PML)                       = 0 (1)
00:00:00.231616   EptVe - EPT violations can cause #VE                    = 0 (1)
00:00:00.231617   XsavesXRstors - Enable XSAVES/XRSTORS                   = 0 (1)
00:00:00.231617   EntryLoadDebugCtls - Load debug controls on VM-entry    = 0 (1)
00:00:00.231618   Ia32eModeGuest - IA-32e mode guest                      = 0 (1)
00:00:00.231619   EntryLoadEferMsr - Load IA32_EFER MSR on VM-entry       = 0 (1)
00:00:00.231619   EntryLoadPatMsr - Load IA32_PAT MSR on VM-entry         = 0 (1)
00:00:00.231620   ExitSaveDebugCtls - Save debug controls on VM-exit      = 0 (1)
00:00:00.231621   HostAddrSpaceSize - Host address-space size             = 0 (1)
00:00:00.231621   ExitAckExtInt - Acknowledge interrupt on VM-exit        = 0 (1)
00:00:00.231622   ExitSavePatMsr - Save IA32_PAT MSR on VM-exit           = 0 (1)
00:00:00.231622   ExitLoadPatMsr - Load IA32_PAT MSR on VM-exit           = 0 (1)
00:00:00.231623   ExitSaveEferMsr - Save IA32_EFER MSR on VM-exit         = 0 (1)
00:00:00.231624   ExitLoadEferMsr - Load IA32_EFER MSR on VM-exit         = 0 (1)
00:00:00.231624   SavePreemptTimer - Save VMX-preemption timer            = 0 (1)
00:00:00.231625   ExitSaveEferLma - Save IA32_EFER.LMA on VM-exit         = 0 (1)
00:00:00.231626   IntelPt - Intel PT (Processor Trace) in VMX operation   = 0 (1)
00:00:00.231626   VmwriteAll - VMWRITE to any supported VMCS field        = 0 (1)
00:00:00.231627   EntryInjectSoftInt - Inject softint. with 0-len instr.  = 0 (1)
00:00:00.231628 
00:00:00.231628 ******************* End of VT-x features ********************
00:00:00.231651 VMEmt: Halt method global1 (5)
00:00:00.231688 VMEmt: HaltedGlobal1 config: cNsSpinBlockThresholdCfg=2000
00:00:00.231695 Changing the VM state from 'CREATING' to 'CREATED'
00:00:00.235081 Changing the VM state from 'CREATED' to 'POWERING_ON'
00:00:00.235190 AIOMgr: Endpoints without assigned bandwidth groups:
00:00:00.235195 AIOMgr:     /home/vamsi/Documents/Acads/Sem 7/Computer Networks/Lab/Lab1/lab1_network/VMImages/r2/Snapshots/{32c91fb6-605c-48f1-87f6-6cef9d384abb}.vdi
00:00:00.235199 AIOMgr:     /home/vamsi/Documents/Acads/Sem 7/Computer Networks/Lab/Lab1/lab1_network/VMImages/base/Snapshots/{e22e9aa4-80c9-4e03-93d6-0caee39f6838}.vdi
00:00:00.235202 AIOMgr:     /home/vamsi/Documents/Acads/Sem 7/Computer Networks/Lab/Lab1/lab1_network/VMImages/base/Snapshots/{9cf32156-823d-496b-b336-6898fee923b5}.vdi
00:00:00.235206 AIOMgr:     /home/vamsi/Documents/Acads/Sem 7/Computer Networks/Lab/Lab1/lab1_network/VMImages/base/Snapshots/{460704c9-eba7-45f7-8877-3bd6e52bdccc}.vdi
00:00:00.235209 AIOMgr:     /home/vamsi/Documents/Acads/Sem 7/Computer Networks/Lab/Lab1/lab1_network/VMImages/base/Snapshots/{ccd6ab89-9973-43d9-b6e3-1bbb050f93f6}.vdi
00:00:00.235219 AIOMgr:     /home/vamsi/Documents/Acads/Sem 7/Computer Networks/Lab/Lab1/lab1_network/VMImages/base/Snapshots/{ca230307-de07-4ee1-b500-8daa8ed4ebc4}.vdi
00:00:00.235223 AIOMgr:     /home/vamsi/Documents/Acads/Sem 7/Computer Networks/Lab/Lab1/lab1_network/VMImages/base/Snapshots/{8f83ab64-891d-4e29-8532-09d2e668c3dd}.vdi
00:00:00.235226 AIOMgr:     /home/vamsi/Documents/Acads/Sem 7/Computer Networks/Lab/Lab1/lab1_network/VMImages/base/base.vdi
00:00:00.235505 Changing the VM state from 'POWERING_ON' to 'RUNNING'
00:00:00.235513 Console: Machine state changed to 'Running'
00:00:00.236082 VBoxHeadless: starting event loop
00:00:00.237363 VMMDev: Guest Log: BIOS: VirtualBox 6.1.26
00:00:00.237439 PCI: Setting up resources and interrupts
00:00:00.237822 PIT: mode=2 count=0x10000 (65536) - 18.20 Hz (ch=0)
00:00:00.261919 Display::i_handleDisplayResize: uScreenId=0 pvVRAM=0000000000000000 w=720 h=400 bpp=0 cbLine=0x0 flags=0x0 origin=0,0
00:00:00.262185 VMMDev: Guest Log: CPUID EDX: 0x178bfbff
00:00:00.262234 PIIX3 ATA: Ctl#0: RESET, DevSel=0 AIOIf=0 CmdIf0=0x00 (-1 usec ago) CmdIf1=0x00 (-1 usec ago)
00:00:00.262281 PIIX3 ATA: Ctl#0: finished processing RESET
00:00:00.262993 AHCI#0: Reset the HBA
00:00:00.262997 VD#0: Cancelling all active requests
00:00:00.263036 AHCI#0: Port 0 reset
00:00:00.263058 VD#0: Cancelling all active requests
00:00:00.263637 VMMDev: Guest Log: BIOS: AHCI 0-P#0: PCHS=2212/16/63 LCHS=553/64/63 0x00000000002205c6 sectors
00:00:00.264695 PIT: mode=2 count=0x48d3 (18643) - 64.00 Hz (ch=0)
00:00:00.296127 Display::i_handleDisplayResize: uScreenId=0 pvVRAM=00007f33a7000000 w=640 h=480 bpp=32 cbLine=0xA00 flags=0x0 origin=0,0
00:00:02.740966 PIT: mode=2 count=0x10000 (65536) - 18.20 Hz (ch=0)
00:00:02.741210 VMMDev: Guest Log: BIOS: Boot : bseqnr=1, bootseq=0231
00:00:02.741408 VMMDev: Guest Log: BIOS: Boot from Floppy 0 failed
00:00:02.741622 VMMDev: Guest Log: BIOS: Boot : bseqnr=2, bootseq=0023
00:00:02.742259 VMMDev: Guest Log: BIOS: CDROM boot failure code : 0003
00:00:02.742413 VMMDev: Guest Log: BIOS: Boot from CD-ROM failed
00:00:02.742642 VMMDev: Guest Log: BIOS: Boot : bseqnr=3, bootseq=0002
00:00:02.764793 VMMDev: Guest Log: BIOS: Booting from Hard Disk...
00:00:02.800155 Display::i_handleDisplayResize: uScreenId=0 pvVRAM=0000000000000000 w=720 h=400 bpp=0 cbLine=0x0 flags=0x0 origin=0,0
00:00:03.121473 VMMDev: Guest Log: BIOS: KBD: unsupported int 16h function 03
00:00:03.121678 VMMDev: Guest Log: BIOS: AX=0305 BX=0000 CX=0000 DX=0000 
00:00:03.226894 GIM: KVM: VCPU  0: Enabled system-time struct. at 0x00000000008d1000 - u32TscScale=0xced053ee i8TscShift=-1 uVersion=2 fFlags=0x1 uTsc=0x1b94c60c7 uVirtNanoTS=0xb2414a4e TscKHz=2475656
00:00:03.226915 TM: Switching TSC mode from 'Dynamic' to 'RealTscOffset'
00:00:03.248250 GIM: KVM: Enabled wall-clock struct. at 0x00000000008d0004 - u32Sec=1630218395 u32Nano=796685392 uVersion=2
00:00:03.255073 PIT: mode=2 count=0xf89 (3977) - 300.02 Hz (ch=0)
00:00:03.367999 PIT: mode=0 count=0x10000 (65536) - 18.20 Hz (ch=0)
00:00:03.440877 OHCI: Software reset
00:00:03.593817 AHCI#0: Reset the HBA
00:00:03.593832 VD#0: Cancelling all active requests
00:00:03.594349 AHCI#0: Port 0 reset
00:00:03.595249 OHCI: USB Reset
00:00:03.595557 PIIX3 ATA: Ctl#0: RESET, DevSel=0 AIOIf=0 CmdIf0=0xa0 (-1 usec ago) CmdIf1=0x00 (-1 usec ago)
00:00:03.595668 PIIX3 ATA: Ctl#0: finished processing RESET
00:00:03.595699 VD#0: Cancelling all active requests
00:00:03.683417 OHCI: Software reset
00:00:03.683680 OHCI: USB Operational
00:00:04.136951 VMMDev: Guest Log: vboxguest: host-version: 6.1.26r145957 0x8000000f
00:00:04.137055 VMMDev: Guest Additions information report: Version 5.2.0 r68940 '5.2.0'
00:00:04.137075 VMMDev: Guest Additions information report: Interface = 0x00010004 osType = 0x00053000 (Linux >= 2.6, 32-bit)
00:00:04.137137 VMMDev: Guest Additions capability report: (0x0 -> 0x0) seamless: no, hostWindowMapping: no, graphics: no
00:00:04.137180 VMMDev: vmmDevReqHandler_HeartbeatConfigure: No change (fHeartbeatActive=false)
00:00:04.137202 VMMDev: Heartbeat flatline timer set to trigger after 4 000 000 000 ns
00:00:04.137558 VMMDev: Guest Log: vbg_heartbeat_init: Setting up heartbeat to trigger every 2000 milliseconds
00:00:04.138121 VMMDev: Guest Log: vboxguest: misc device minor 56, IRQ 20, I/O port d040, MMIO at 0xf0400000 (size 0x00400000)
00:00:07.561333 NAT: Link up
00:00:08.137252 VMMDev: vmmDevHeartbeatFlatlinedTimer: Guest seems to be unresponsive. Last heartbeat received 4 seconds ago
00:00:12.107161 NAT: resolv.conf: nameserver 127.0.0.53
00:00:12.107190 NAT: DNS server 127.0.0.53 registration detected, switching to the DNS proxy
00:00:12.107194 NAT: DNS#0: 127.0.0.53
00:00:12.107198 NAT: DHCP offered IP address 10.0.2.15
00:00:12.107465 NAT: DHCP offered IP address 10.0.2.15
00:05:14.460606 VMMDev: GuestHeartBeat: Guest is alive (gone 310 323 404 057 ns)
