00:00:00.028626 VirtualBox VM 6.1.26 r145957 linux.amd64 (Jul 28 2021 20:08:35) release log
00:00:00.028627 Log opened 2021-08-29T06:26:40.189062000Z
00:00:00.028628 Build Type: release
00:00:00.028630 OS Product: Linux
00:00:00.028631 OS Release: 5.4.0-81-generic
00:00:00.028632 OS Version: #91~18.04.1-Ubuntu SMP Fri Jul 23 13:36:29 UTC 2021
00:00:00.028648 DMI Product Name: Predator G9-593
00:00:00.028653 DMI Product Version: V1.13
00:00:00.028659 Firmware type: UEFI
00:00:00.029216 Secure Boot: Disabled
00:00:00.029276 Host RAM: 15952MB (15.5GB) total, 10735MB (10.4GB) available
00:00:00.029280 Executable: /usr/lib/virtualbox/VBoxHeadless
00:00:00.029281 Process ID: 23048
00:00:00.029281 Package type: LINUX_64BITS_UBUNTU_18_04
00:00:00.079770 Installed Extension Packs:
00:00:00.079783   None installed!
00:00:00.080333 Console: Machine state changed to 'Starting'
00:00:00.127822 SUP: Opened VMMR0.r0 (/usr/lib/virtualbox/VMMR0.r0) at 0xXXXXXXXXXXXXXXXX.
00:00:00.129541 Guest OS type: 'Ubuntu_64'
00:00:00.131290 fHMForced=true - No raw-mode support in this build!
00:00:00.139808 File system of '/home/vamsi/Documents/Acads/Sem 7/Computer Networks/Lab/Lab1/lab1_network/VMImages/h2/Snapshots' (snapshots) is ext4
00:00:00.139816 File system of '/home/vamsi/Documents/Acads/Sem 7/Computer Networks/Lab/Lab1/lab1_network/VMImages/h2/Snapshots/{a52678ea-7277-4541-8ef7-7de3ae5f7645}.vdi' is ext4
00:00:00.158961 Shared Clipboard: Service loaded
00:00:00.158970 Shared Clipboard: Mode: Off
00:00:00.158999 Shared Clipboard: Service running in headless mode
00:00:00.159524 Drag and drop service loaded
00:00:00.159530 Drag and drop mode: Off
00:00:00.161728 ************************* CFGM dump *************************
00:00:00.161731 [/] (level 0)
00:00:00.161737   CpuExecutionCap   <integer> = 0x0000000000000064 (100)
00:00:00.161744   EnablePAE         <integer> = 0x0000000000000000 (0)
00:00:00.161746   HMEnabled         <integer> = 0x0000000000000001 (1)
00:00:00.161746   MemBalloonSize    <integer> = 0x0000000000000000 (0)
00:00:00.161747   Name              <string>  = "h2" (cb=3)
00:00:00.161748   NumCPUs           <integer> = 0x0000000000000001 (1)
00:00:00.161748   PageFusionAllowed <integer> = 0x0000000000000000 (0)
00:00:00.161749   RamHoleSize       <integer> = 0x0000000020000000 (536 870 912, 512 MB)
00:00:00.161750   RamSize           <integer> = 0x0000000040000000 (1 073 741 824, 1 024 MB)
00:00:00.161752   TimerMillies      <integer> = 0x000000000000000a (10)
00:00:00.161753   UUID              <bytes>   = "d8 f3 b6 31 8c fc 42 43 b5 38 30 2e bd 8a 1e 4e" (cb=16)
00:00:00.161755 
00:00:00.161757 [/CPUM/] (level 1)
00:00:00.161758   GuestCpuName       <string>  = "host" (cb=5)
00:00:00.161758   NestedHWVirt       <integer> = 0x0000000000000000 (0)
00:00:00.161759   PortableCpuIdLevel <integer> = 0x0000000000000000 (0)
00:00:00.161760   SpecCtrl           <integer> = 0x0000000000000000 (0)
00:00:00.161760 
00:00:00.161760 [/CPUM/IsaExts/] (level 2)
00:00:00.161761 
00:00:00.161763 [/DBGC/] (level 1)
00:00:00.161763   GlobalInitScript <string>  = "/home/vamsi/.config/VirtualBox/dbgc-init" (cb=41)
00:00:00.161764   HistoryFile      <string>  = "/home/vamsi/.config/VirtualBox/dbgc-history" (cb=44)
00:00:00.161765   LocalInitScript  <string>  = "/home/vamsi/Documents/Acads/Sem 7/Computer Networks/Lab/Lab1/lab1_network/VMImages/h2/dbgc-init" (cb=96)
00:00:00.161765 
00:00:00.161766 [/DBGF/] (level 1)
00:00:00.161766   Path <string>  = "/home/vamsi/Documents/Acads/Sem 7/Computer Networks/Lab/Lab1/lab1_network/VMImages/h2/debug/;/home/vamsi/Documents/Acads/Sem 7/Computer Networks/Lab/Lab1/lab1_network/VMImages/h2/;cache*/home/vamsi/Documents/Acads/Sem 7/Computer Networks/Lab/Lab1/lab1_network/VMImages/h2/dbgcache/;/home/vamsi/" (cb=295)
00:00:00.161767 
00:00:00.161767 [/Devices/] (level 1)
00:00:00.161768 
00:00:00.161768 [/Devices/8237A/] (level 2)
00:00:00.161769 
00:00:00.161769 [/Devices/8237A/0/] (level 3)
00:00:00.161770   Trusted <integer> = 0x0000000000000001 (1)
00:00:00.161771 
00:00:00.161771 [/Devices/GIMDev/] (level 2)
00:00:00.161772 
00:00:00.161772 [/Devices/GIMDev/0/] (level 3)
00:00:00.161773   Trusted <integer> = 0x0000000000000001 (1)
00:00:00.161773 
00:00:00.161773 [/Devices/VMMDev/] (level 2)
00:00:00.161774 
00:00:00.161774 [/Devices/VMMDev/0/] (level 3)
00:00:00.161775   PCIBusNo      <integer> = 0x0000000000000000 (0)
00:00:00.161776   PCIDeviceNo   <integer> = 0x0000000000000004 (4)
00:00:00.161776   PCIFunctionNo <integer> = 0x0000000000000000 (0)
00:00:00.161777   Trusted       <integer> = 0x0000000000000001 (1)
00:00:00.161777 
00:00:00.161778 [/Devices/VMMDev/0/Config/] (level 4)
00:00:00.161779   GuestCoreDumpDir <string>  = "/home/vamsi/Documents/Acads/Sem 7/Computer Networks/Lab/Lab1/lab1_network/VMImages/h2/Snapshots" (cb=96)
00:00:00.161779 
00:00:00.161780 [/Devices/VMMDev/0/LUN#0/] (level 4)
00:00:00.161780   Driver <string>  = "HGCM" (cb=5)
00:00:00.161781 
00:00:00.161781 [/Devices/VMMDev/0/LUN#0/Config/] (level 5)
00:00:00.161782   Object <integer> = 0x00007f6ab0000b70 (140 096 196 053 872)
00:00:00.161783 
00:00:00.161784 [/Devices/VMMDev/0/LUN#999/] (level 4)
00:00:00.161785   Driver <string>  = "MainStatus" (cb=11)
00:00:00.161785 
00:00:00.161785 [/Devices/VMMDev/0/LUN#999/Config/] (level 5)
00:00:00.161786   First   <integer> = 0x0000000000000000 (0)
00:00:00.161787   Last    <integer> = 0x0000000000000000 (0)
00:00:00.161787   papLeds <integer> = 0x00007f6ab80027b8 (140 096 330 278 840)
00:00:00.161789 
00:00:00.161789 [/Devices/acpi/] (level 2)
00:00:00.161789 
00:00:00.161790 [/Devices/acpi/0/] (level 3)
00:00:00.161791   PCIBusNo      <integer> = 0x0000000000000000 (0)
00:00:00.161791   PCIDeviceNo   <integer> = 0x0000000000000007 (7)
00:00:00.161792   PCIFunctionNo <integer> = 0x0000000000000000 (0)
00:00:00.161792   Trusted       <integer> = 0x0000000000000001 (1)
00:00:00.161793 
00:00:00.161793 [/Devices/acpi/0/Config/] (level 4)
00:00:00.161794   CpuHotPlug          <integer> = 0x0000000000000000 (0)
00:00:00.161795   FdcEnabled          <integer> = 0x0000000000000000 (0)
00:00:00.161795   HostBusPciAddress   <integer> = 0x0000000000000000 (0)
00:00:00.161796   HpetEnabled         <integer> = 0x0000000000000000 (0)
00:00:00.161796   IOAPIC              <integer> = 0x0000000000000001 (1)
00:00:00.161797   IocPciAddress       <integer> = 0x0000000000010000 (65 536)
00:00:00.161798   NumCPUs             <integer> = 0x0000000000000001 (1)
00:00:00.161799   Parallel0IoPortBase <integer> = 0x0000000000000000 (0)
00:00:00.161799   Parallel0Irq        <integer> = 0x0000000000000000 (0)
00:00:00.161800   Parallel1IoPortBase <integer> = 0x0000000000000000 (0)
00:00:00.161800   Parallel1Irq        <integer> = 0x0000000000000000 (0)
00:00:00.161801   Serial0IoPortBase   <integer> = 0x0000000000000000 (0)
00:00:00.161801   Serial0Irq          <integer> = 0x0000000000000000 (0)
00:00:00.161802   Serial1IoPortBase   <integer> = 0x0000000000000000 (0)
00:00:00.161803   Serial1Irq          <integer> = 0x0000000000000000 (0)
00:00:00.161803   ShowCpu             <integer> = 0x0000000000000001 (1)
00:00:00.161804   ShowRtc             <integer> = 0x0000000000000000 (0)
00:00:00.161804   SmcEnabled          <integer> = 0x0000000000000000 (0)
00:00:00.161805 
00:00:00.161805 [/Devices/acpi/0/LUN#0/] (level 4)
00:00:00.161806   Driver <string>  = "ACPIHost" (cb=9)
00:00:00.161807 
00:00:00.161807 [/Devices/acpi/0/LUN#0/Config/] (level 5)
00:00:00.161808 
00:00:00.161808 [/Devices/ahci/] (level 2)
00:00:00.161809 
00:00:00.161809 [/Devices/ahci/0/] (level 3)
00:00:00.161810   PCIBusNo      <integer> = 0x0000000000000000 (0)
00:00:00.161810   PCIDeviceNo   <integer> = 0x000000000000000d (13)
00:00:00.161811   PCIFunctionNo <integer> = 0x0000000000000000 (0)
00:00:00.161812   Trusted       <integer> = 0x0000000000000001 (1)
00:00:00.161812 
00:00:00.161812 [/Devices/ahci/0/Config/] (level 4)
00:00:00.161813   Bootable  <integer> = 0x0000000000000001 (1)
00:00:00.161814   PortCount <integer> = 0x0000000000000001 (1)
00:00:00.161814 
00:00:00.161815 [/Devices/ahci/0/Config/Port0/] (level 5)
00:00:00.161816   Hotpluggable <integer> = 0x0000000000000000 (0)
00:00:00.161816 
00:00:00.161816 [/Devices/ahci/0/LUN#0/] (level 4)
00:00:00.161817   Driver <string>  = "VD" (cb=3)
00:00:00.161818 
00:00:00.161818 [/Devices/ahci/0/LUN#0/Config/] (level 5)
00:00:00.161819   BlockCache <integer> = 0x0000000000000001 (1)
00:00:00.161820   Format     <string>  = "VDI" (cb=4)
00:00:00.161820   Mountable  <integer> = 0x0000000000000000 (0)
00:00:00.161821   Path       <string>  = "/home/vamsi/Documents/Acads/Sem 7/Computer Networks/Lab/Lab1/lab1_network/VMImages/h2/Snapshots/{a52678ea-7277-4541-8ef7-7de3ae5f7645}.vdi" (cb=139)
00:00:00.161822   Type       <string>  = "HardDisk" (cb=9)
00:00:00.161822   UseNewIo   <integer> = 0x0000000000000001 (1)
00:00:00.161823 
00:00:00.161823 [/Devices/ahci/0/LUN#0/Config/Parent/] (level 6)
00:00:00.161824   Format <string>  = "VDI" (cb=4)
00:00:00.161825   Path   <string>  = "/home/vamsi/Documents/Acads/Sem 7/Computer Networks/Lab/Lab1/lab1_network/VMImages/base/Snapshots/{8f83ab64-891d-4e29-8532-09d2e668c3dd}.vdi" (cb=141)
00:00:00.161825 
00:00:00.161825 [/Devices/ahci/0/LUN#0/Config/Parent/Parent/] (level 7)
00:00:00.161827   Format <string>  = "VDI" (cb=4)
00:00:00.161827   Path   <string>  = "/home/vamsi/Documents/Acads/Sem 7/Computer Networks/Lab/Lab1/lab1_network/VMImages/base/base.vdi" (cb=97)
00:00:00.161828 
00:00:00.161828 [/Devices/ahci/0/LUN#0/Config/Parent/Parent/VDConfig/] (level 8)
00:00:00.161829   AllocationBlockSize <string>  = "1048576" (cb=8)
00:00:00.161830 
00:00:00.161830 [/Devices/ahci/0/LUN#0/Config/Parent/VDConfig/] (level 7)
00:00:00.161831   AllocationBlockSize <string>  = "1048576" (cb=8)
00:00:00.161831 
00:00:00.161832 [/Devices/ahci/0/LUN#0/Config/VDConfig/] (level 6)
00:00:00.161833   AllocationBlockSize <string>  = "1048576" (cb=8)
00:00:00.161833 
00:00:00.161833 [/Devices/ahci/0/LUN#999/] (level 4)
00:00:00.161834   Driver <string>  = "MainStatus" (cb=11)
00:00:00.161835 
00:00:00.161835 [/Devices/ahci/0/LUN#999/Config/] (level 5)
00:00:00.161836   DeviceInstance        <string>  = "ahci/0" (cb=7)
00:00:00.161837   First                 <integer> = 0x0000000000000000 (0)
00:00:00.161837   Last                  <integer> = 0x0000000000000000 (0)
00:00:00.161838   pConsole              <integer> = 0x00007f6ab80013e0 (140 096 330 273 760)
00:00:00.161839   papLeds               <integer> = 0x00007f6ab8001bc0 (140 096 330 275 776)
00:00:00.161840   pmapMediumAttachments <integer> = 0x00007f6ab80027d8 (140 096 330 278 872)
00:00:00.161841 
00:00:00.161842 [/Devices/apic/] (level 2)
00:00:00.161842 
00:00:00.161843 [/Devices/apic/0/] (level 3)
00:00:00.161843   Trusted <integer> = 0x0000000000000001 (1)
00:00:00.161844 
00:00:00.161844 [/Devices/apic/0/Config/] (level 4)
00:00:00.161845   IOAPIC  <integer> = 0x0000000000000001 (1)
00:00:00.161846   Mode    <integer> = 0x0000000000000003 (3)
00:00:00.161846   NumCPUs <integer> = 0x0000000000000001 (1)
00:00:00.161847 
00:00:00.161847 [/Devices/e1000/] (level 2)
00:00:00.161848 
00:00:00.161848 [/Devices/e1000/0/] (level 3)
00:00:00.161849   PCIBusNo      <integer> = 0x0000000000000000 (0)
00:00:00.161849   PCIDeviceNo   <integer> = 0x0000000000000003 (3)
00:00:00.161850   PCIFunctionNo <integer> = 0x0000000000000000 (0)
00:00:00.161850   Trusted       <integer> = 0x0000000000000001 (1)
00:00:00.161851 
00:00:00.161851 [/Devices/e1000/0/Config/] (level 4)
00:00:00.161852   AdapterType    <integer> = 0x0000000000000000 (0)
00:00:00.161853   CableConnected <integer> = 0x0000000000000001 (1)
00:00:00.161853   LineSpeed      <integer> = 0x0000000000000000 (0)
00:00:00.161854   MAC            <bytes>   = "08 00 27 18 c9 6b" (cb=6)
00:00:00.161855 
00:00:00.161855 [/Devices/e1000/0/LUN#0/] (level 4)
00:00:00.161856   Driver <string>  = "NAT" (cb=4)
00:00:00.161856 
00:00:00.161857 [/Devices/e1000/0/LUN#0/Config/] (level 5)
00:00:00.161858   AliasMode       <integer> = 0x0000000000000000 (0)
00:00:00.161858   BootFile        <string>  = "h2.pxe" (cb=7)
00:00:00.161859   DNSProxy        <integer> = 0x0000000000000000 (0)
00:00:00.161859   Network         <string>  = "10.0.2.0/24" (cb=12)
00:00:00.161860   PassDomain      <integer> = 0x0000000000000001 (1)
00:00:00.161860   TFTPPrefix      <string>  = "/home/vamsi/.config/VirtualBox/TFTP" (cb=36)
00:00:00.161861   UseHostResolver <integer> = 0x0000000000000000 (0)
00:00:00.161862 
00:00:00.161862 [/Devices/e1000/0/LUN#0/Config/PortForwarding/] (level 6)
00:00:00.161863 
00:00:00.161863 [/Devices/e1000/0/LUN#0/Config/PortForwarding/0/] (level 7)
00:00:00.161864   GuestPort <integer> = 0x0000000000000016 (22)
00:00:00.161865   HostPort  <integer> = 0x00000000000038a6 (14 502)
00:00:00.161866   Name      <string>  = "ssh" (cb=4)
00:00:00.161866   Protocol  <string>  = "TCP" (cb=4)
00:00:00.161867 
00:00:00.161867 [/Devices/e1000/0/LUN#999/] (level 4)
00:00:00.161868   Driver <string>  = "MainStatus" (cb=11)
00:00:00.161868 
00:00:00.161869 [/Devices/e1000/0/LUN#999/Config/] (level 5)
00:00:00.161870   First   <integer> = 0x0000000000000000 (0)
00:00:00.161870   Last    <integer> = 0x0000000000000000 (0)
00:00:00.161871   papLeds <integer> = 0x00007f6ab8002698 (140 096 330 278 552)
00:00:00.161872 
00:00:00.161872 [/Devices/e1000/1/] (level 3)
00:00:00.161873   PCIBusNo      <integer> = 0x0000000000000000 (0)
00:00:00.161873   PCIDeviceNo   <integer> = 0x0000000000000008 (8)
00:00:00.161874   PCIFunctionNo <integer> = 0x0000000000000000 (0)
00:00:00.161874   Trusted       <integer> = 0x0000000000000001 (1)
00:00:00.161875 
00:00:00.161875 [/Devices/e1000/1/Config/] (level 4)
00:00:00.161876   AdapterType    <integer> = 0x0000000000000000 (0)
00:00:00.161877   CableConnected <integer> = 0x0000000000000001 (1)
00:00:00.161877   LineSpeed      <integer> = 0x0000000000000000 (0)
00:00:00.161878   MAC            <bytes>   = "08 00 27 fb 88 e4" (cb=6)
00:00:00.161879 
00:00:00.161879 [/Devices/e1000/1/LUN#0/] (level 4)
00:00:00.161880   Driver <string>  = "IntNet" (cb=7)
00:00:00.161880 
00:00:00.161880 [/Devices/e1000/1/LUN#0/Config/] (level 5)
00:00:00.161881   IfPolicyPromisc <string>  = "deny" (cb=5)
00:00:00.161882   Network         <string>  = "intnet1" (cb=8)
00:00:00.161882   TrunkType       <integer> = 0x0000000000000002 (2)
00:00:00.161883 
00:00:00.161883 [/Devices/e1000/1/LUN#999/] (level 4)
00:00:00.161884   Driver <string>  = "MainStatus" (cb=11)
00:00:00.161885 
00:00:00.161885 [/Devices/e1000/1/LUN#999/Config/] (level 5)
00:00:00.161886   First   <integer> = 0x0000000000000000 (0)
00:00:00.161886   Last    <integer> = 0x0000000000000000 (0)
00:00:00.161887   papLeds <integer> = 0x00007f6ab80026a0 (140 096 330 278 560)
00:00:00.161888 
00:00:00.161888 [/Devices/i8254/] (level 2)
00:00:00.161889 
00:00:00.161889 [/Devices/i8254/0/] (level 3)
00:00:00.161890 
00:00:00.161890 [/Devices/i8254/0/Config/] (level 4)
00:00:00.161891 
00:00:00.161891 [/Devices/i8259/] (level 2)
00:00:00.161892 
00:00:00.161892 [/Devices/i8259/0/] (level 3)
00:00:00.161893   Trusted <integer> = 0x0000000000000001 (1)
00:00:00.161893 
00:00:00.161893 [/Devices/i8259/0/Config/] (level 4)
00:00:00.161894 
00:00:00.161895 [/Devices/ichac97/] (level 2)
00:00:00.161895 
00:00:00.161896 [/Devices/ichac97/0/] (level 3)
00:00:00.161897   PCIBusNo      <integer> = 0x0000000000000000 (0)
00:00:00.161897   PCIDeviceNo   <integer> = 0x0000000000000005 (5)
00:00:00.161898   PCIFunctionNo <integer> = 0x0000000000000000 (0)
00:00:00.161898   Trusted       <integer> = 0x0000000000000001 (1)
00:00:00.161899 
00:00:00.161899 [/Devices/ichac97/0/AudioConfig/] (level 4)
00:00:00.161900 
00:00:00.161900 [/Devices/ichac97/0/Config/] (level 4)
00:00:00.161901   Codec        <string>  = "AD1980" (cb=7)
00:00:00.161902   DebugEnabled <integer> = 0x0000000000000000 (0)
00:00:00.161902 
00:00:00.161902 [/Devices/ichac97/0/LUN#0/] (level 4)
00:00:00.161903   Driver <string>  = "AUDIO" (cb=6)
00:00:00.161904 
00:00:00.161904 [/Devices/ichac97/0/LUN#0/AttachedDriver/] (level 5)
00:00:00.161905   Driver <string>  = "PulseAudio" (cb=11)
00:00:00.161905 
00:00:00.161906 [/Devices/ichac97/0/LUN#0/AttachedDriver/Config/] (level 6)
00:00:00.161907   VmName <string>  = "h2" (cb=3)
00:00:00.161907 
00:00:00.161907 [/Devices/ichac97/0/LUN#0/Config/] (level 5)
00:00:00.161908   DriverName    <string>  = "PulseAudio" (cb=11)
00:00:00.161909   InputEnabled  <integer> = 0x0000000000000000 (0)
00:00:00.161909   OutputEnabled <integer> = 0x0000000000000001 (1)
00:00:00.161910 
00:00:00.161910 [/Devices/ichac97/0/LUN#1/] (level 4)
00:00:00.161911   Driver <string>  = "AUDIO" (cb=6)
00:00:00.161911 
00:00:00.161912 [/Devices/ichac97/0/LUN#2/] (level 4)
00:00:00.161912   Driver <string>  = "AUDIO" (cb=6)
00:00:00.161913 
00:00:00.161913 [/Devices/ioapic/] (level 2)
00:00:00.161914 
00:00:00.161914 [/Devices/ioapic/0/] (level 3)
00:00:00.161915   Trusted <integer> = 0x0000000000000001 (1)
00:00:00.161915 
00:00:00.161915 [/Devices/ioapic/0/Config/] (level 4)
00:00:00.161916   NumCPUs <integer> = 0x0000000000000001 (1)
00:00:00.161917 
00:00:00.161917 [/Devices/mc146818/] (level 2)
00:00:00.161918 
00:00:00.161918 [/Devices/mc146818/0/] (level 3)
00:00:00.161919 
00:00:00.161919 [/Devices/mc146818/0/Config/] (level 4)
00:00:00.161920   UseUTC <integer> = 0x0000000000000001 (1)
00:00:00.161920 
00:00:00.161921 [/Devices/parallel/] (level 2)
00:00:00.161921 
00:00:00.161922 [/Devices/pcarch/] (level 2)
00:00:00.161922 
00:00:00.161922 [/Devices/pcarch/0/] (level 3)
00:00:00.161923   Trusted <integer> = 0x0000000000000001 (1)
00:00:00.161924 
00:00:00.161924 [/Devices/pcarch/0/Config/] (level 4)
00:00:00.161925 
00:00:00.161925 [/Devices/pcbios/] (level 2)
00:00:00.161926 
00:00:00.161926 [/Devices/pcbios/0/] (level 3)
00:00:00.161927   Trusted <integer> = 0x0000000000000001 (1)
00:00:00.161927 
00:00:00.161927 [/Devices/pcbios/0/Config/] (level 4)
00:00:00.161928   APIC               <integer> = 0x0000000000000001 (1)
00:00:00.161929   BootDevice0        <string>  = "FLOPPY" (cb=7)
00:00:00.161930   BootDevice1        <string>  = "DVD" (cb=4)
00:00:00.161930   BootDevice2        <string>  = "IDE" (cb=4)
00:00:00.161931   BootDevice3        <string>  = "NONE" (cb=5)
00:00:00.161931   FloppyDevice       <string>  = "i82078" (cb=7)
00:00:00.161932   HardDiskDevice     <string>  = "piix3ide" (cb=9)
00:00:00.161932   IOAPIC             <integer> = 0x0000000000000001 (1)
00:00:00.161933   McfgBase           <integer> = 0x0000000000000000 (0)
00:00:00.161933   McfgLength         <integer> = 0x0000000000000000 (0)
00:00:00.161934   NumCPUs            <integer> = 0x0000000000000001 (1)
00:00:00.161935   PXEDebug           <integer> = 0x0000000000000000 (0)
00:00:00.161935   SataHardDiskDevice <string>  = "ahci" (cb=5)
00:00:00.161936   SataLUN1           <integer> = 0x0000000000000000 (0)
00:00:00.161936   UUID               <bytes>   = "d8 f3 b6 31 8c fc 42 43 b5 38 30 2e bd 8a 1e 4e" (cb=16)
00:00:00.161938   UuidLe             <integer> = 0x0000000000000000 (0)
00:00:00.161939 
00:00:00.161939 [/Devices/pcbios/0/Config/NetBoot/] (level 5)
00:00:00.161940 
00:00:00.161940 [/Devices/pcbios/0/Config/NetBoot/0/] (level 6)
00:00:00.161941   NIC           <integer> = 0x0000000000000000 (0)
00:00:00.161942   PCIBusNo      <integer> = 0x0000000000000000 (0)
00:00:00.161942   PCIDeviceNo   <integer> = 0x0000000000000003 (3)
00:00:00.161943   PCIFunctionNo <integer> = 0x0000000000000000 (0)
00:00:00.161943 
00:00:00.161944 [/Devices/pci/] (level 2)
00:00:00.161944 
00:00:00.161945 [/Devices/pci/0/] (level 3)
00:00:00.161945   Trusted <integer> = 0x0000000000000001 (1)
00:00:00.161946 
00:00:00.161946 [/Devices/pci/0/Config/] (level 4)
00:00:00.161947   IOAPIC <integer> = 0x0000000000000001 (1)
00:00:00.161947 
00:00:00.161948 [/Devices/pcibridge/] (level 2)
00:00:00.161948 
00:00:00.161949 [/Devices/pckbd/] (level 2)
00:00:00.161949 
00:00:00.161950 [/Devices/pckbd/0/] (level 3)
00:00:00.161950   Trusted <integer> = 0x0000000000000001 (1)
00:00:00.161951 
00:00:00.161951 [/Devices/pckbd/0/Config/] (level 4)
00:00:00.161952 
00:00:00.161952 [/Devices/pckbd/0/LUN#0/] (level 4)
00:00:00.161953   Driver <string>  = "KeyboardQueue" (cb=14)
00:00:00.161953 
00:00:00.161954 [/Devices/pckbd/0/LUN#0/AttachedDriver/] (level 5)
00:00:00.161955   Driver <string>  = "MainKeyboard" (cb=13)
00:00:00.161955 
00:00:00.161955 [/Devices/pckbd/0/LUN#0/AttachedDriver/Config/] (level 6)
00:00:00.161956   Object <integer> = 0x000055fd7cbbebc0 (94 547 207 777 216)
00:00:00.161958 
00:00:00.161958 [/Devices/pckbd/0/LUN#0/Config/] (level 5)
00:00:00.161959   QueueSize <integer> = 0x0000000000000040 (64)
00:00:00.161959 
00:00:00.161960 [/Devices/pckbd/0/LUN#1/] (level 4)
00:00:00.161960   Driver <string>  = "MouseQueue" (cb=11)
00:00:00.161961 
00:00:00.161961 [/Devices/pckbd/0/LUN#1/AttachedDriver/] (level 5)
00:00:00.161962   Driver <string>  = "MainMouse" (cb=10)
00:00:00.161962 
00:00:00.161963 [/Devices/pckbd/0/LUN#1/AttachedDriver/Config/] (level 6)
00:00:00.161964   Object <integer> = 0x00007f6ab8006090 (140 096 330 293 392)
00:00:00.161965 
00:00:00.161965 [/Devices/pckbd/0/LUN#1/Config/] (level 5)
00:00:00.161966   QueueSize <integer> = 0x0000000000000080 (128)
00:00:00.161966 
00:00:00.161967 [/Devices/pcnet/] (level 2)
00:00:00.161967 
00:00:00.161968 [/Devices/piix3ide/] (level 2)
00:00:00.161968 
00:00:00.161969 [/Devices/piix3ide/0/] (level 3)
00:00:00.161969   PCIBusNo      <integer> = 0x0000000000000000 (0)
00:00:00.161970   PCIDeviceNo   <integer> = 0x0000000000000001 (1)
00:00:00.161970   PCIFunctionNo <integer> = 0x0000000000000001 (1)
00:00:00.161971   Trusted       <integer> = 0x0000000000000001 (1)
00:00:00.161972 
00:00:00.161972 [/Devices/piix3ide/0/Config/] (level 4)
00:00:00.161973   Type <string>  = "PIIX4" (cb=6)
00:00:00.161973 
00:00:00.161973 [/Devices/piix3ide/0/LUN#0/] (level 4)
00:00:00.161974   Driver <string>  = "VD" (cb=3)
00:00:00.161974 
00:00:00.161975 [/Devices/piix3ide/0/LUN#0/Config/] (level 5)
00:00:00.161976   EmptyDrive <integer> = 0x0000000000000001 (1)
00:00:00.161976   Mountable  <integer> = 0x0000000000000001 (1)
00:00:00.161977   Type       <string>  = "DVD" (cb=4)
00:00:00.161977 
00:00:00.161977 [/Devices/piix3ide/0/LUN#999/] (level 4)
00:00:00.161978   Driver <string>  = "MainStatus" (cb=11)
00:00:00.161979 
00:00:00.161979 [/Devices/piix3ide/0/LUN#999/Config/] (level 5)
00:00:00.161980   DeviceInstance        <string>  = "piix3ide/0" (cb=11)
00:00:00.161981   First                 <integer> = 0x0000000000000000 (0)
00:00:00.161981   Last                  <integer> = 0x0000000000000003 (3)
00:00:00.161982   pConsole              <integer> = 0x00007f6ab80013e0 (140 096 330 273 760)
00:00:00.161983   papLeds               <integer> = 0x00007f6ab8001ba0 (140 096 330 275 744)
00:00:00.161984   pmapMediumAttachments <integer> = 0x00007f6ab80027d8 (140 096 330 278 872)
00:00:00.161985 
00:00:00.161985 [/Devices/serial/] (level 2)
00:00:00.161986 
00:00:00.161986 [/Devices/usb-ohci/] (level 2)
00:00:00.161987 
00:00:00.161987 [/Devices/usb-ohci/0/] (level 3)
00:00:00.161988   PCIBusNo      <integer> = 0x0000000000000000 (0)
00:00:00.161989   PCIDeviceNo   <integer> = 0x0000000000000006 (6)
00:00:00.161989   PCIFunctionNo <integer> = 0x0000000000000000 (0)
00:00:00.161990   Trusted       <integer> = 0x0000000000000001 (1)
00:00:00.161990 
00:00:00.161990 [/Devices/usb-ohci/0/Config/] (level 4)
00:00:00.161991 
00:00:00.161991 [/Devices/usb-ohci/0/LUN#0/] (level 4)
00:00:00.161992   Driver <string>  = "VUSBRootHub" (cb=12)
00:00:00.161993 
00:00:00.161993 [/Devices/usb-ohci/0/LUN#0/Config/] (level 5)
00:00:00.161994 
00:00:00.161994 [/Devices/usb-ohci/0/LUN#999/] (level 4)
00:00:00.161995   Driver <string>  = "MainStatus" (cb=11)
00:00:00.161995 
00:00:00.161995 [/Devices/usb-ohci/0/LUN#999/Config/] (level 5)
00:00:00.161996   First   <integer> = 0x0000000000000000 (0)
00:00:00.161997   Last    <integer> = 0x0000000000000000 (0)
00:00:00.161997   papLeds <integer> = 0x00007f6ab80027c0 (140 096 330 278 848)
00:00:00.161998 
00:00:00.161999 [/Devices/vga/] (level 2)
00:00:00.161999 
00:00:00.162000 [/Devices/vga/0/] (level 3)
00:00:00.162000   PCIBusNo      <integer> = 0x0000000000000000 (0)
00:00:00.162001   PCIDeviceNo   <integer> = 0x0000000000000002 (2)
00:00:00.162002   PCIFunctionNo <integer> = 0x0000000000000000 (0)
00:00:00.162002   Trusted       <integer> = 0x0000000000000001 (1)
00:00:00.162003 
00:00:00.162003 [/Devices/vga/0/Config/] (level 4)
00:00:00.162004   3DEnabled          <integer> = 0x0000000000000000 (0)
00:00:00.162005   CustomVideoModes   <integer> = 0x0000000000000000 (0)
00:00:00.162005   FadeIn             <integer> = 0x0000000000000001 (1)
00:00:00.162006   FadeOut            <integer> = 0x0000000000000001 (1)
00:00:00.162006   HeightReduction    <integer> = 0x0000000000000000 (0)
00:00:00.162007   LogoFile           <string>  = "" (cb=1)
00:00:00.162008   LogoTime           <integer> = 0x0000000000000000 (0)
00:00:00.162008   MonitorCount       <integer> = 0x0000000000000001 (1)
00:00:00.162009   ShowBootMenu       <integer> = 0x0000000000000002 (2)
00:00:00.162009   VMSVGA3dEnabled    <integer> = 0x0000000000000000 (0)
00:00:00.162010   VMSVGAEnabled      <integer> = 0x0000000000000001 (1)
00:00:00.162010   VMSVGAPciBarLayout <integer> = 0x0000000000000001 (1)
00:00:00.162011   VMSVGAPciId        <integer> = 0x0000000000000001 (1)
00:00:00.162012   VRamSize           <integer> = 0x0000000001000000 (16 777 216, 16 MB)
00:00:00.162013 
00:00:00.162013 [/Devices/vga/0/LUN#0/] (level 4)
00:00:00.162014   Driver <string>  = "MainDisplay" (cb=12)
00:00:00.162014 
00:00:00.162015 [/Devices/vga/0/LUN#0/Config/] (level 5)
00:00:00.162016   Object <integer> = 0x00007f6ab8006cd0 (140 096 330 296 528)
00:00:00.162017 
00:00:00.162017 [/Devices/vga/0/LUN#999/] (level 4)
00:00:00.162018   Driver <string>  = "MainStatus" (cb=11)
00:00:00.162018 
00:00:00.162018 [/Devices/vga/0/LUN#999/Config/] (level 5)
00:00:00.162019   First   <integer> = 0x0000000000000000 (0)
00:00:00.162020   Last    <integer> = 0x0000000000000000 (0)
00:00:00.162020   papLeds <integer> = 0x00007f6ab80027d0 (140 096 330 278 864)
00:00:00.162021 
00:00:00.162022 [/Devices/virtio-net/] (level 2)
00:00:00.162022 
00:00:00.162023 [/EM/] (level 1)
00:00:00.162023   TripleFaultReset <integer> = 0x0000000000000000 (0)
00:00:00.162024 
00:00:00.162024 [/GIM/] (level 1)
00:00:00.162025   Provider <string>  = "KVM" (cb=4)
00:00:00.162025 
00:00:00.162026 [/HM/] (level 1)
00:00:00.162026   64bitEnabled            <integer> = 0x0000000000000001 (1)
00:00:00.162027   EnableLargePages        <integer> = 0x0000000000000000 (0)
00:00:00.162028   EnableNestedPaging      <integer> = 0x0000000000000001 (1)
00:00:00.162028   EnableUX                <integer> = 0x0000000000000001 (1)
00:00:00.162029   EnableVPID              <integer> = 0x0000000000000001 (1)
00:00:00.162029   Exclusive               <integer> = 0x0000000000000001 (1)
00:00:00.162030   HMForced                <integer> = 0x0000000000000001 (1)
00:00:00.162031   IBPBOnVMEntry           <integer> = 0x0000000000000000 (0)
00:00:00.162031   IBPBOnVMExit            <integer> = 0x0000000000000000 (0)
00:00:00.162032   L1DFlushOnSched         <integer> = 0x0000000000000001 (1)
00:00:00.162033   L1DFlushOnVMEntry       <integer> = 0x0000000000000000 (0)
00:00:00.162033   LovelyMesaDrvWorkaround <integer> = 0x0000000000000001 (1)
00:00:00.162034   MDSClearOnSched         <integer> = 0x0000000000000001 (1)
00:00:00.162034   MDSClearOnVMEntry       <integer> = 0x0000000000000000 (0)
00:00:00.162035   SpecCtrlByHost          <integer> = 0x0000000000000000 (0)
00:00:00.162035   UseNEMInstead           <integer> = 0x0000000000000000 (0)
00:00:00.162036 
00:00:00.162036 [/MM/] (level 1)
00:00:00.162037   CanUseLargerHeap <integer> = 0x0000000000000000 (0)
00:00:00.162037 
00:00:00.162038 [/NEM/] (level 1)
00:00:00.162038   Allow64BitGuests        <integer> = 0x0000000000000001 (1)
00:00:00.162039   LovelyMesaDrvWorkaround <integer> = 0x0000000000000001 (1)
00:00:00.162039 
00:00:00.162040 [/PDM/] (level 1)
00:00:00.162040 
00:00:00.162040 [/PDM/AsyncCompletion/] (level 2)
00:00:00.162041 
00:00:00.162041 [/PDM/AsyncCompletion/File/] (level 3)
00:00:00.162042 
00:00:00.162042 [/PDM/AsyncCompletion/File/BwGroups/] (level 4)
00:00:00.162043 
00:00:00.162043 [/PDM/BlkCache/] (level 2)
00:00:00.162044   CacheSize <integer> = 0x0000000000500000 (5 242 880, 5 MB)
00:00:00.162045 
00:00:00.162046 [/PDM/Devices/] (level 2)
00:00:00.162046 
00:00:00.162046 [/PDM/Drivers/] (level 2)
00:00:00.162047 
00:00:00.162047 [/PDM/Drivers/VBoxC/] (level 3)
00:00:00.162048   Path <string>  = "/usr/lib/virtualbox/components/VBoxC" (cb=37)
00:00:00.162049 
00:00:00.162049 [/PDM/NetworkShaper/] (level 2)
00:00:00.162050 
00:00:00.162050 [/PDM/NetworkShaper/BwGroups/] (level 3)
00:00:00.162051 
00:00:00.162051 [/TM/] (level 1)
00:00:00.162051   UTCOffset <integer> = 0x0000000000000000 (0)
00:00:00.162052 
00:00:00.162052 [/USB/] (level 1)
00:00:00.162053 
00:00:00.162053 [/USB/HidMouse/] (level 2)
00:00:00.162054 
00:00:00.162054 [/USB/HidMouse/0/] (level 3)
00:00:00.162055 
00:00:00.162055 [/USB/HidMouse/0/Config/] (level 4)
00:00:00.162056   Mode <string>  = "absolute" (cb=9)
00:00:00.162056 
00:00:00.162056 [/USB/HidMouse/0/LUN#0/] (level 4)
00:00:00.162057   Driver <string>  = "MouseQueue" (cb=11)
00:00:00.162057 
00:00:00.162058 [/USB/HidMouse/0/LUN#0/AttachedDriver/] (level 5)
00:00:00.162059   Driver <string>  = "MainMouse" (cb=10)
00:00:00.162059 
00:00:00.162059 [/USB/HidMouse/0/LUN#0/AttachedDriver/Config/] (level 6)
00:00:00.162060   Object <integer> = 0x00007f6ab8006090 (140 096 330 293 392)
00:00:00.162061 
00:00:00.162062 [/USB/HidMouse/0/LUN#0/Config/] (level 5)
00:00:00.162062   QueueSize <integer> = 0x0000000000000080 (128)
00:00:00.162063 
00:00:00.162063 [/USB/USBProxy/] (level 2)
00:00:00.162064 
00:00:00.162064 [/USB/USBProxy/GlobalConfig/] (level 3)
00:00:00.162065 
00:00:00.162065 ********************* End of CFGM dump **********************
00:00:00.162121 HM: HMR3Init: VT-x w/ nested paging and unrestricted guest execution hw support
00:00:00.162151 MM: cbHyperHeap=0x200000 (2097152)
00:00:00.162894 CPUM: fXStateHostMask=0x7; initial: 0x7; host XCR0=0x1f
00:00:00.163588 CPUM: Matched host CPU INTEL 0x6/0x9e/0x9 Intel_Core7_KabyLake with CPU DB entry 'Intel Core i7-6700K' (INTEL 0x6/0x5e/0x3 Intel_Core7_Skylake)
00:00:00.163620 CPUM: MXCSR_MASK=0xffff (host: 0xffff)
00:00:00.163628 CPUM: Microcode revision 0x000000EA
00:00:00.163634 CPUM: Changing leaf 13[0]: EBX=0x440 -> 0x340, ECX=0x440 -> 0x340
00:00:00.163640 CPUM: MSR/CPUID reconciliation insert: 0x0000010b IA32_FLUSH_CMD
00:00:00.163710 PGM: Host paging mode: AMD64+PGE+NX
00:00:00.163715 PGM: PGMPool: cMaxPages=768 (u64MaxPages=545)
00:00:00.163717 PGM: pgmR3PoolInit: cMaxPages=0x300 cMaxUsers=0x600 cMaxPhysExts=0x600 fCacheEnable=true 
00:00:00.164051 PGM: /proc/sys/vm/max_map_count = 65530 (rc2=VWRN_TRAILING_CHARS); cGuessNeeded=16384
00:00:00.165271 TM: GIP - u32Mode=3 (Invariant) u32UpdateHz=62 u32UpdateIntervalNS=16000000 enmUseTscDelta=2 (Practically Zero) fGetGipCpu=0x1b cCpus=4
00:00:00.165280 TM: GIP - u64CpuHz=2 475 657 078 (0x938f8776)  SUPGetCpuHzFromGip => 2 475 657 078
00:00:00.165284 TM: GIP - CPU: iCpuSet=0x0 idCpu=0x0 idApic=0x0 iGipCpu=0x3 i64TSCDelta=0 enmState=3 u64CpuHz=2495975039(*) cErrors=0
00:00:00.165288 TM: GIP - CPU: iCpuSet=0x1 idCpu=0x1 idApic=0x2 iGipCpu=0x0 i64TSCDelta=0 enmState=3 u64CpuHz=2475657078(*) cErrors=0
00:00:00.165290 TM: GIP - CPU: iCpuSet=0x2 idCpu=0x2 idApic=0x4 iGipCpu=0x2 i64TSCDelta=0 enmState=3 u64CpuHz=2495975139(*) cErrors=0
00:00:00.165293 TM: GIP - CPU: iCpuSet=0x3 idCpu=0x3 idApic=0x6 iGipCpu=0x1 i64TSCDelta=0 enmState=3 u64CpuHz=2495974769(*) cErrors=0
00:00:00.165325 TM: cTSCTicksPerSecond=2 475 657 078 (0x938f8776) enmTSCMode=3 (Dynamic)
00:00:00.165327 TM: TSCTiedToExecution=false TSCNotTiedToHalt=false
00:00:00.166908 EMR3Init: fIemExecutesAll=false fGuruOnTripleFault=true 
00:00:00.166997 IEM: TargetCpu=CURRENT, Microarch=Intel_Core7_KabyLake
00:00:00.167053 GIM: Using provider 'KVM' (Implementation version: 0)
00:00:00.167058 CPUM: SetGuestCpuIdFeature: Enabled Hypervisor Present bit
00:00:00.216766 AIOMgr: Default manager type is 'Async'
00:00:00.216798 AIOMgr: Default file backend is 'NonBuffered'
00:00:00.217291 BlkCache: Cache successfully initialized. Cache size is 5242880 bytes
00:00:00.217298 BlkCache: Cache commit interval is 10000 ms
00:00:00.217307 BlkCache: Cache commit threshold is 2621440 bytes
00:00:00.218235 PcBios: [SMP] BIOS with 1 CPUs
00:00:00.218254 PcBios: Using the 386+ BIOS image.
00:00:00.218306 PcBios: MPS table at 000e1300
00:00:00.218611 PcBios: fCheckShutdownStatusForSoftReset=true   fClearShutdownStatusOnHardReset=true 
00:00:00.218742 SUP: Opened VBoxDDR0.r0 (/usr/lib/virtualbox/VBoxDDR0.r0) at 0xXXXXXXXXXXXXXXXX.
00:00:00.218875 CPUM: SetGuestCpuIdFeature: Enabled xAPIC
00:00:00.218879 CPUM: SetGuestCpuIdFeature: Enabled x2APIC
00:00:00.219042 IOAPIC: Using implementation 2.0! Chipset type ICH9
00:00:00.219081 PIT: mode=3 count=0x10000 (65536) - 18.20 Hz (ch=0)
00:00:00.219465 VMMDev: cbDefaultBudget: 261 373 696 (f943f00)
00:00:00.220959 Shared Folders service loaded
00:00:00.221711 Guest Control service loaded
00:00:00.229845 VGA: Using the 386+ BIOS image.
00:00:00.231023 DrvVD: Flushes will be ignored
00:00:00.231041 DrvVD: Async flushes will be passed to the disk
00:00:00.233301 VD: VDInit finished with VINF_SUCCESS
00:00:00.233631 AIOMgr: Endpoint for file '/home/vamsi/Documents/Acads/Sem 7/Computer Networks/Lab/Lab1/lab1_network/VMImages/base/base.vdi' (flags 000c0781) created successfully
00:00:00.438843 AIOMgr: Endpoint for file '/home/vamsi/Documents/Acads/Sem 7/Computer Networks/Lab/Lab1/lab1_network/VMImages/base/Snapshots/{8f83ab64-891d-4e29-8532-09d2e668c3dd}.vdi' (flags 000c0781) created successfully
00:00:00.523919 AIOMgr: Endpoint for file '/home/vamsi/Documents/Acads/Sem 7/Computer Networks/Lab/Lab1/lab1_network/VMImages/h2/Snapshots/{a52678ea-7277-4541-8ef7-7de3ae5f7645}.vdi' (flags 000c0723) created successfully
00:00:00.575703 VD: Opening the disk took 342469900 ns
00:00:00.575759 AHCI: LUN#0: disk, PCHS=2212/16/63, total number of sectors 2229702
00:00:00.576047 AHCI#0: Reset the HBA
00:00:00.576054 VD#0: Cancelling all active requests
00:00:00.576583 DrvVD: Flushes will be ignored
00:00:00.576590 DrvVD: Async flushes will be passed to the disk
00:00:00.576610 PIIX3 ATA: LUN#0: CD/DVD, total number of sectors 0, passthrough disabled
00:00:00.578536 PIIX3 ATA: LUN#1: no unit
00:00:00.578662 PIIX3 ATA: LUN#2: no unit
00:00:00.578669 PIIX3 ATA: LUN#3: no unit
00:00:00.578716 PIIX3 ATA: Ctl#1: finished processing RESET
00:00:00.578744 PIIX3 ATA: Ctl#0: finished processing RESET
00:00:00.578849 E1000#0: Chip=82540EM LinkUpDelay=3000ms EthernetCRC=on GSO=enabled Itr=disabled ItrRx=enabled TID=disabled R0=enabled RC=disabled
00:00:00.587050 NAT: Guest address guess set to 10.0.2.15 by initialization
00:00:00.587131 NAT: resolv.conf: nameserver 127.0.0.53
00:00:00.587141 NAT: DNS server 127.0.0.53 registration detected, switching to the DNS proxy
00:00:00.587144 NAT: DNS#0: 127.0.0.53
00:00:00.587176 NAT: Set redirect TCP 0.0.0.0:14502 -> 0.0.0.0:22
00:00:00.592682 E1000#1: Chip=82540EM LinkUpDelay=3000ms EthernetCRC=on GSO=enabled Itr=disabled ItrRx=enabled TID=disabled R0=enabled RC=disabled
00:00:00.592753 IntNet#0: szNetwork={intnet1} enmTrunkType=2 szTrunk={} fFlags=0x8000 cbRecv=325632 cbSend=196608 fIgnoreConnectFailure=false
00:00:00.595802 AC97: Using codec 'AD1980'
00:00:00.595844 Audio: Initializing PulseAudio driver
00:00:00.597627 PulseAudio: Using version 11.1.0
00:00:00.601623 PulseAudio: Retrieving server information ...
00:00:00.601987 Audio: Found 3 devices for driver 'PulseAudio'
00:00:00.601995 Audio: Device 'Built-in Audio Analog Stereo':
00:00:00.601996 Audio:   ID              = alsa_output.pci-0000_00_1f.3.analog-stereo
00:00:00.601996 Audio:   Usage           = output
00:00:00.601997 Audio:   Flags           = DEFAULT_OUT
00:00:00.601997 Audio:   Input channels  = 0
00:00:00.601998 Audio:   Output channels = 2
00:00:00.602000 Audio: Device 'Monitor of Built-in Audio Analog Stereo':
00:00:00.602000 Audio:   ID              = alsa_output.pci-0000_00_1f.3.analog-stereo.monitor
00:00:00.602000 Audio:   Usage           = input
00:00:00.602001 Audio:   Flags           = NONE
00:00:00.602001 Audio:   Input channels  = 2
00:00:00.602001 Audio:   Output channels = 0
00:00:00.602009 Audio: Device 'Built-in Audio Analog Stereo':
00:00:00.602009 Audio:   ID              = alsa_input.pci-0000_00_1f.3.analog-stereo
00:00:00.602010 Audio:   Usage           = input
00:00:00.602010 Audio:   Flags           = DEFAULT_IN
00:00:00.602010 Audio:   Input channels  = 2
00:00:00.602010 Audio:   Output channels = 0
00:00:00.602072 AC97: Reset
00:00:00.602075 AC97: Mixer reset (EAID=0x809, EACS=0x9)
00:00:00.602077 AC97: Record select to left=mic, right=mic
00:00:00.608098 VUSB: Attached 'HidMouse' to port 1 on RootHub#0 (FullSpeed)
00:00:00.608146 PGM: The CPU physical address width is 39 bits
00:00:00.608150 PGM: PGMR3InitFinalize: 4 MB PSE mask 0000007fffffffff -> VINF_SUCCESS
00:00:00.608167 TM: TMR3InitFinalize: fTSCModeSwitchAllowed=true 
00:00:00.608285 VMM: Enabled thread-context hooks
00:00:00.608288 VMM: RTThreadPreemptIsPending() can be trusted
00:00:00.608290 VMM: Kernel preemption is not possible it seems
00:00:00.608311 HM: fWorldSwitcher=0x0 (fIbpbOnVmExit=false fIbpbOnVmEntry=false fL1dFlushOnVmEntry=false); fL1dFlushOnSched=true  fMdsClearOnVmEntry=false
00:00:00.608315 HM: Using VT-x implementation 3.0
00:00:00.608315 HM: Max resume loops                  = 8192
00:00:00.608316 HM: Host CR4                          = 0x3606e0
00:00:00.608317 HM: Host EFER                         = 0xd01
00:00:00.608317 HM: MSR_IA32_SMM_MONITOR_CTL          = 0x0
00:00:00.608318 HM: MSR_IA32_FEATURE_CONTROL          = 0x5
00:00:00.608318 HM:   LOCK
00:00:00.608318 HM:   VMXON
00:00:00.608319 HM: MSR_IA32_VMX_BASIC                = 0xda040000000004
00:00:00.608319 HM:   VMCS id                           = 0x4
00:00:00.608320 HM:   VMCS size                         = 1024 bytes
00:00:00.608320 HM:   VMCS physical address limit       = None
00:00:00.608321 HM:   VMCS memory type                  = Write Back (WB)
00:00:00.608321 HM:   Dual-monitor treatment support    = true 
00:00:00.608322 HM:   OUTS & INS instruction-info       = true 
00:00:00.608322 HM:   Supports true-capability MSRs     = true 
00:00:00.608322 HM:   VM-entry Xcpt error-code optional = false
00:00:00.608323 HM: MSR_IA32_VMX_PINBASED_CTLS        = 0x7f00000016
00:00:00.608323 HM:   EXT_INT_EXIT
00:00:00.608324 HM:   NMI_EXIT
00:00:00.608324 HM:   VIRTUAL_NMI
00:00:00.608324 HM:   PREEMPT_TIMER
00:00:00.608325 HM:   POSTED_INT (must be cleared)
00:00:00.608325 HM: MSR_IA32_VMX_PROCBASED_CTLS       = 0xfff9fffe0401e172
00:00:00.608326 HM:   INT_WINDOW_EXIT
00:00:00.608326 HM:   USE_TSC_OFFSETTING
00:00:00.608327 HM:   HLT_EXIT
00:00:00.608327 HM:   INVLPG_EXIT
00:00:00.608328 HM:   MWAIT_EXIT
00:00:00.608328 HM:   RDPMC_EXIT
00:00:00.608328 HM:   RDTSC_EXIT
00:00:00.608329 HM:   CR3_LOAD_EXIT (must be set)
00:00:00.608329 HM:   CR3_STORE_EXIT (must be set)
00:00:00.608329 HM:   CR8_LOAD_EXIT
00:00:00.608329 HM:   CR8_STORE_EXIT
00:00:00.608330 HM:   USE_TPR_SHADOW
00:00:00.608330 HM:   NMI_WINDOW_EXIT
00:00:00.608330 HM:   MOV_DR_EXIT
00:00:00.608330 HM:   UNCOND_IO_EXIT
00:00:00.608331 HM:   USE_IO_BITMAPS
00:00:00.608331 HM:   MONITOR_TRAP_FLAG
00:00:00.608331 HM:   USE_MSR_BITMAPS
00:00:00.608331 HM:   MONITOR_EXIT
00:00:00.608332 HM:   PAUSE_EXIT
00:00:00.608332 HM:   USE_SECONDARY_CTLS
00:00:00.608332 HM: MSR_IA32_VMX_PROCBASED_CTLS2      = 0x5fbcff00000000
00:00:00.608333 HM:   VIRT_APIC_ACCESS
00:00:00.608333 HM:   EPT
00:00:00.608334 HM:   DESC_TABLE_EXIT
00:00:00.608334 HM:   RDTSCP
00:00:00.608334 HM:   VIRT_X2APIC_MODE
00:00:00.608334 HM:   VPID
00:00:00.608335 HM:   WBINVD_EXIT
00:00:00.608335 HM:   UNRESTRICTED_GUEST
00:00:00.608336 HM:   APIC_REG_VIRT (must be cleared)
00:00:00.608336 HM:   VIRT_INT_DELIVERY (must be cleared)
00:00:00.608336 HM:   PAUSE_LOOP_EXIT
00:00:00.608337 HM:   RDRAND_EXIT
00:00:00.608337 HM:   INVPCID
00:00:00.608337 HM:   VMFUNC
00:00:00.608338 HM:   VMCS_SHADOWING (must be cleared)
00:00:00.608338 HM:   ENCLS_EXIT
00:00:00.608338 HM:   RDSEED_EXIT
00:00:00.608338 HM:   PML
00:00:00.608339 HM:   EPT_VE
00:00:00.608339 HM:   CONCEAL_VMX_FROM_PT
00:00:00.608339 HM:   XSAVES_XRSTORS
00:00:00.608339 HM:   MODE_BASED_EPT_PERM
00:00:00.608340 HM:   SPPTP_EPT (must be cleared)
00:00:00.608340 HM:   PT_EPT (must be cleared)
00:00:00.608340 HM:   TSC_SCALING (must be cleared)
00:00:00.608340 HM:   USER_WAIT_PAUSE (must be cleared)
00:00:00.608341 HM:   ENCLV_EXIT (must be cleared)
00:00:00.608341 HM: MSR_IA32_VMX_ENTRY_CTLS           = 0x3ffff000011ff
00:00:00.608342 HM:   LOAD_DEBUG (must be set)
00:00:00.608342 HM:   IA32E_MODE_GUEST
00:00:00.608342 HM:   ENTRY_TO_SMM
00:00:00.608343 HM:   DEACTIVATE_DUAL_MON
00:00:00.608343 HM:   LOAD_PERF_MSR
00:00:00.608343 HM:   LOAD_PAT_MSR
00:00:00.608344 HM:   LOAD_EFER_MSR
00:00:00.608344 HM:   LOAD_BNDCFGS_MSR
00:00:00.608344 HM:   CONCEAL_VMX_FROM_PT
00:00:00.608344 HM:   LOAD_RTIT_CTL_MSR (must be cleared)
00:00:00.608345 HM: MSR_IA32_VMX_EXIT_CTLS            = 0x1ffffff00036dff
00:00:00.608345 HM:   SAVE_DEBUG (must be set)
00:00:00.608346 HM:   HOST_ADDR_SPACE_SIZE
00:00:00.608346 HM:   LOAD_PERF_MSR
00:00:00.608346 HM:   ACK_EXT_INT
00:00:00.608346 HM:   SAVE_PAT_MSR
00:00:00.608347 HM:   LOAD_PAT_MSR
00:00:00.608347 HM:   SAVE_EFER_MSR
00:00:00.608347 HM:   LOAD_EFER_MSR
00:00:00.608347 HM:   SAVE_PREEMPT_TIMER
00:00:00.608348 HM:   CLEAR_BNDCFGS_MSR
00:00:00.608348 HM:   CONCEAL_VMX_FROM_PT
00:00:00.608348 HM:   CLEAR_RTIT_CTL_MSR (must be cleared)
00:00:00.608349 HM: MSR_IA32_VMX_TRUE_PINBASED_CTLS   = 0x7f00000016
00:00:00.608349 HM: MSR_IA32_VMX_TRUE_PROCBASED_CTLS  = 0xfff9fffe04006172
00:00:00.608350 HM: MSR_IA32_VMX_TRUE_ENTRY_CTLS      = 0x3ffff000011fb
00:00:00.608351 HM: MSR_IA32_VMX_TRUE_EXIT_CTLS       = 0x1ffffff00036dfb
00:00:00.608351 HM: MSR_IA32_VMX_MISC                 = 0x7004c1e7
00:00:00.608352 HM:   PREEMPT_TIMER_TSC                 = 0x7
00:00:00.608352 HM:   EXIT_SAVE_EFER_LMA                = true 
00:00:00.608353 HM:   ACTIVITY_STATES                   = 0x7 ( HLT SHUTDOWN SIPI_WAIT )
00:00:00.608353 HM:   INTEL_PT                          = true 
00:00:00.608354 HM:   SMM_READ_SMBASE_MSR               = true 
00:00:00.608354 HM:   CR3_TARGET                        = 0x4
00:00:00.608355 HM:   MAX_MSR                           = 0x0 ( 512 )
00:00:00.608355 HM:   VMXOFF_BLOCK_SMI                  = true 
00:00:00.608355 HM:   VMWRITE_ALL                       = true 
00:00:00.608356 HM:   ENTRY_INJECT_SOFT_INT             = 0x1
00:00:00.608356 HM:   MSEG_ID                           = 0x0
00:00:00.608356 HM: MSR_IA32_VMX_VMCS_ENUM            = 0x2e
00:00:00.608357 HM:   HIGHEST_IDX                       = 0x17
00:00:00.608357 HM: MSR_IA32_VMX_EPT_VPID_CAP         = 0xf0106734141
00:00:00.608358 HM:   RWX_X_ONLY
00:00:00.608358 HM:   PAGE_WALK_LENGTH_4
00:00:00.608359 HM:   EMT_UC
00:00:00.608359 HM:   EMT_WB
00:00:00.608359 HM:   PDE_2M
00:00:00.608359 HM:   PDPTE_1G
00:00:00.608360 HM:   INVEPT
00:00:00.608360 HM:   EPT_ACCESS_DIRTY
00:00:00.608360 HM:   ADVEXITINFO_EPT
00:00:00.608360 HM:   INVEPT_SINGLE_CONTEXT
00:00:00.608360 HM:   INVEPT_ALL_CONTEXTS
00:00:00.608361 HM:   INVVPID
00:00:00.608361 HM:   INVVPID_INDIV_ADDR
00:00:00.608361 HM:   INVVPID_SINGLE_CONTEXT
00:00:00.608361 HM:   INVVPID_ALL_CONTEXTS
00:00:00.608362 HM:   INVVPID_SINGLE_CONTEXT_RETAIN_GLOBALS
00:00:00.608362 HM: MSR_IA32_VMX_VMFUNC               = 0x1
00:00:00.608362 HM:   EPTP_SWITCHING
00:00:00.608363 HM: MSR_IA32_VMX_CR0_FIXED0           = 0x80000021
00:00:00.608363 HM: MSR_IA32_VMX_CR0_FIXED1           = 0xffffffff
00:00:00.608364 HM: MSR_IA32_VMX_CR4_FIXED0           = 0x2000
00:00:00.608364 HM: MSR_IA32_VMX_CR4_FIXED1           = 0x3727ff
00:00:00.608365 HM: APIC-access page physaddr         = 0x00000002284d7000
00:00:00.608366 HM: VCPU  0: MSR bitmap physaddr      = 0x00000002284db000
00:00:00.608366 HM: VCPU  0: VMCS physaddr            = 0x00000002284d8000
00:00:00.608367 HM: Guest support: 32-bit and 64-bit
00:00:00.608370 HM: Supports VMCS EFER fields         = true 
00:00:00.608370 HM: Enabled VMX
00:00:00.608373 CPUM: SetGuestCpuIdFeature: Enabled SYSENTER/EXIT
00:00:00.608373 CPUM: SetGuestCpuIdFeature: Enabled PAE
00:00:00.608373 CPUM: SetGuestCpuIdFeature: Enabled LONG MODE
00:00:00.608374 CPUM: SetGuestCpuIdFeature: Enabled SYSCALL/RET
00:00:00.608374 CPUM: SetGuestCpuIdFeature: Enabled LAHF/SAHF
00:00:00.608374 CPUM: SetGuestCpuIdFeature: Enabled NX
00:00:00.608375 HM: Enabled nested paging
00:00:00.608375 HM:   EPT flush type                  = Single context
00:00:00.608375 HM: Enabled unrestricted guest execution
00:00:00.608375 HM: Enabled VPID
00:00:00.608376 HM:   VPID flush type                 = Single context
00:00:00.608376 HM: Enabled VMX-preemption timer (cPreemptTimerShift=7)
00:00:00.608376 HM: VT-x/AMD-V init method: Global
00:00:00.608377 EM: Exit history optimizations: enabled=true  enabled-r0=true  enabled-r0-no-preemption=false
00:00:00.608403 PcBios: SATA LUN#0 LCHS=553/64/63
00:00:00.608413 APIC: fPostedIntrsEnabled=false fVirtApicRegsEnabled=false fSupportsTscDeadline=false
00:00:00.608418 TMR3UtcNow: nsNow=1 630 218 400 768 893 000 nsPrev=0 -> cNsDelta=1 630 218 400 768 893 000 (offLag=0 offVirtualSync=0 offVirtualSyncGivenUp=0, NowAgain=1 630 218 400 768 894 000)
00:00:00.608424 VMM: fUsePeriodicPreemptionTimers=false
00:00:00.608501 CPUM: Logical host processors: 4 present, 4 max, 4 online, online mask: 000000000000000f
00:00:00.608547 CPUM: Physical host cores: 4
00:00:00.608548 ************************* CPUID dump ************************
00:00:00.608554          Raw Standard CPUID Leaves
00:00:00.608555      Leaf/sub-leaf  eax      ebx      ecx      edx
00:00:00.608555 Gst: 00000000/0000  00000016 756e6547 6c65746e 49656e69
00:00:00.608556 Hst:                00000016 756e6547 6c65746e 49656e69
00:00:00.608558 Gst: 00000001/0000  000906e9 00010800 d6fa220b 178bfbff
00:00:00.608558 Hst:                000906e9 00100800 7ffafbbf bfebfbff
00:00:00.608559 Gst: 00000002/0000  76036301 00f0b6ff 00000000 00c30000
00:00:00.608560 Hst:                76036301 00f0b6ff 00000000 00c30000
00:00:00.608561 Gst: 00000003/0000  00000000 00000000 00000000 00000000
00:00:00.608561 Hst:                00000000 00000000 00000000 00000000
00:00:00.608562 Gst: 00000004/0000  00000121 01c0003f 0000003f 00000000
00:00:00.608563 Hst:                1c004121 01c0003f 0000003f 00000000
00:00:00.608564 Gst: 00000004/0001  00000122 01c0003f 0000003f 00000000
00:00:00.608564 Hst:                1c004122 01c0003f 0000003f 00000000
00:00:00.608565 Gst: 00000004/0002  00000143 00c0003f 000003ff 00000000
00:00:00.608566 Hst:                1c004143 00c0003f 000003ff 00000000
00:00:00.608566 Gst: 00000004/0003  00000163 02c0003f 00001fff 00000006
00:00:00.608567 Hst:                1c03c163 02c0003f 00001fff 00000006
00:00:00.608568 Gst: 00000004/0004  00000000 00000000 00000000 00000000
00:00:00.608568 Hst:                00000000 00000000 00000000 00000000
00:00:00.608569 Gst: 00000005/0000  00000040 00000040 00000000 00000000
00:00:00.608569 Hst:                00000040 00000040 00000003 11142120
00:00:00.608570 Gst: 00000006/0000  00000000 00000000 00000000 00000000
00:00:00.608571 Hst:                000027f7 00000002 00000009 00000000
00:00:00.608572 Gst: 00000007/0000  00000000 00842421 00000000 10000400
00:00:00.608572 Hst:                00000000 029c67af 00000000 9c002e00
00:00:00.608573 Gst: 00000007/0001  00000000 00000000 00000000 00000000
00:00:00.608574 Hst:                00000000 00000000 00000000 00000000
00:00:00.608574 Gst: 00000008/0000  00000000 00000000 00000000 00000000
00:00:00.608575 Hst:                00000000 00000000 00000000 00000000
00:00:00.608575 Gst: 00000009/0000  00000000 00000000 00000000 00000000
00:00:00.608576 Hst:                00000000 00000000 00000000 00000000
00:00:00.608576 Gst: 0000000a/0000  00000000 00000000 00000000 00000000
00:00:00.608577 Hst:                07300804 00000000 00000000 00000603
00:00:00.608577 Gst: 0000000b/0000  00000000 00000001 00000100 00000000
00:00:00.608578 Hst:                00000001 00000001 00000100 00000000
00:00:00.608578 Gst: 0000000b/0001  00000001 00000001 00000201 00000000
00:00:00.608579 Hst:                00000004 00000004 00000201 00000000
00:00:00.608580 Gst: 0000000b/0002  00000000 00000000 00000002 00000000
00:00:00.608580 Hst:                00000000 00000000 00000002 00000000
00:00:00.608581 Gst: 0000000c/0000  00000000 00000000 00000000 00000000
00:00:00.608581 Hst:                00000000 00000000 00000000 00000000
00:00:00.608582 Gst: 0000000d/0000  00000007 00000340 00000340 00000000
00:00:00.608582 Hst:                0000001f 00000440 00000440 00000000
00:00:00.608583 Gst: 0000000d/0001  00000000 000003c0 00000000 00000000
00:00:00.608583 Hst:                0000000f 000003c0 00000100 00000000
00:00:00.608584 Gst: 0000000d/0002  00000100 00000240 00000000 00000000
00:00:00.608584 Hst:                00000100 00000240 00000000 00000000
00:00:00.608585 Gst: 0000000d/0003  00000000 00000000 00000000 00000000
00:00:00.608585 Hst:                00000040 000003c0 00000000 00000000
00:00:00.608586 Gst: 0000000d/0004  00000000 00000000 00000000 00000000
00:00:00.608587 Hst:                00000040 00000400 00000000 00000000
00:00:00.608587 Gst: 0000000d/0005  00000000 00000000 00000000 00000000
00:00:00.608588 Hst:                00000000 00000000 00000000 00000000
00:00:00.608588 Gst: 0000000d/0006  00000000 00000000 00000000 00000000
00:00:00.608589 Hst:                00000000 00000000 00000000 00000000
00:00:00.608589 Gst: 0000000d/0007  00000000 00000000 00000000 00000000
00:00:00.608590 Hst:                00000000 00000000 00000000 00000000
00:00:00.608590 Gst: 0000000d/0008  00000000 00000000 00000000 00000000
00:00:00.608591 Hst:                00000080 00000000 00000001 00000000
00:00:00.608591 Gst: 0000000d/0009  00000000 00000000 00000000 00000000
00:00:00.608592 Hst:                00000000 00000000 00000000 00000000
00:00:00.608610 Gst: 0000000e/0000  00000000 00000000 00000000 00000000
00:00:00.608610 Hst:                00000000 00000000 00000000 00000000
00:00:00.608611 Gst: 0000000f/0000  00000000 00000000 00000000 00000000
00:00:00.608611 Hst:                00000000 00000000 00000000 00000000
00:00:00.608612 Gst: 00000010/0000  00000000 00000000 00000000 00000000
00:00:00.608613 Hst:                00000000 00000000 00000000 00000000
00:00:00.608613 Gst: 00000011/0000  00000000 00000000 00000000 00000000
00:00:00.608614 Hst:                00000000 00000000 00000000 00000000
00:00:00.608614 Gst: 00000012/0000  00000000 00000000 00000000 00000000
00:00:00.608615 Hst:                00000000 00000000 00000000 00000000
00:00:00.608615 Gst: 00000013/0000  00000000 00000000 00000000 00000000
00:00:00.608616 Hst:                00000000 00000000 00000000 00000000
00:00:00.608616 Gst: 00000014/0000  00000000 00000000 00000000 00000000
00:00:00.608617 Hst:                00000001 0000000f 00000007 00000000
00:00:00.608617 Hst: 00000015/0000  00000002 000000d0 00000000 00000000
00:00:00.608618 Hst: 00000016/0000  000009c4 00000dac 00000064 00000000
00:00:00.608619                                Name: GenuineIntel
00:00:00.608620                            Supports: 0x00000000-0x00000016
00:00:00.608621                              Family:  6 	Extended: 0 	Effective: 6
00:00:00.608622                               Model: 14 	Extended: 9 	Effective: 158
00:00:00.608623                            Stepping: 9
00:00:00.608624                                Type: 0 (primary)
00:00:00.608625                             APIC ID: 0x00
00:00:00.608625                        Logical CPUs: 1
00:00:00.608626                        CLFLUSH Size: 8
00:00:00.608626                            Brand ID: 0x00
00:00:00.608627 Features
00:00:00.608628   Mnemonic - Description                                  = guest (host)
00:00:00.608628   FPU - x87 FPU on Chip                                   = 1 (1)
00:00:00.608629   VME - Virtual 8086 Mode Enhancements                    = 1 (1)
00:00:00.608630   DE - Debugging extensions                               = 1 (1)
00:00:00.608631   PSE - Page Size Extension                               = 1 (1)
00:00:00.608632   TSC - Time Stamp Counter                                = 1 (1)
00:00:00.608633   MSR - Model Specific Registers                          = 1 (1)
00:00:00.608634   PAE - Physical Address Extension                        = 1 (1)
00:00:00.608634   MCE - Machine Check Exception                           = 1 (1)
00:00:00.608635   CX8 - CMPXCHG8B instruction                             = 1 (1)
00:00:00.608636   APIC - APIC On-Chip                                     = 1 (1)
00:00:00.608637   SEP - SYSENTER and SYSEXIT Present                      = 1 (1)
00:00:00.608637   MTRR - Memory Type Range Registers                      = 1 (1)
00:00:00.608638   PGE - PTE Global Bit                                    = 1 (1)
00:00:00.608639   MCA - Machine Check Architecture                        = 1 (1)
00:00:00.608640   CMOV - Conditional Move instructions                    = 1 (1)
00:00:00.608640   PAT - Page Attribute Table                              = 1 (1)
00:00:00.608641   PSE-36 - 36-bit Page Size Extension                     = 1 (1)
00:00:00.608642   PSN - Processor Serial Number                           = 0 (0)
00:00:00.608643   CLFSH - CLFLUSH instruction                             = 1 (1)
00:00:00.608644   DS - Debug Store                                        = 0 (1)
00:00:00.608760   ACPI - Thermal Mon. & Soft. Clock Ctrl.                 = 0 (1)
00:00:00.608762   MMX - Intel MMX Technology                              = 1 (1)
00:00:00.608762   FXSR - FXSAVE and FXRSTOR instructions                  = 1 (1)
00:00:00.608763   SSE - SSE support                                       = 1 (1)
00:00:00.608764   SSE2 - SSE2 support                                     = 1 (1)
00:00:00.608765   SS - Self Snoop                                         = 0 (1)
00:00:00.608766   HTT - Hyper-Threading Technology                        = 1 (1)
00:00:00.608767   TM - Therm. Monitor                                     = 0 (1)
00:00:00.608768   PBE - Pending Break Enabled                             = 0 (1)
00:00:00.608769   SSE3 - SSE3 support                                     = 1 (1)
00:00:00.608770   PCLMUL - PCLMULQDQ support (for AES-GCM)                = 1 (1)
00:00:00.608771   DTES64 - DS Area 64-bit Layout                          = 0 (1)
00:00:00.608771   MONITOR - MONITOR/MWAIT instructions                    = 1 (1)
00:00:00.608772   CPL-DS - CPL Qualified Debug Store                      = 0 (1)
00:00:00.608773   VMX - Virtual Machine Extensions                        = 0 (1)
00:00:00.608774   SMX - Safer Mode Extensions                             = 0 (0)
00:00:00.608775   EST - Enhanced SpeedStep Technology                     = 0 (1)
00:00:00.608775   TM2 - Terminal Monitor 2                                = 0 (1)
00:00:00.608776   SSSE3 - Supplemental Streaming SIMD Extensions 3        = 1 (1)
00:00:00.608777   CNTX-ID - L1 Context ID                                 = 0 (0)
00:00:00.608778   SDBG - Silicon Debug interface                          = 0 (1)
00:00:00.608779   FMA - Fused Multiply Add extensions                     = 0 (1)
00:00:00.608780   CX16 - CMPXCHG16B instruction                           = 1 (1)
00:00:00.608780   TPRUPDATE - xTPR Update Control                         = 0 (1)
00:00:00.608781   PDCM - Perf/Debug Capability MSR                        = 0 (1)
00:00:00.608782   PCID - Process Context Identifiers                      = 1 (1)
00:00:00.608783   DCA - Direct Cache Access                               = 0 (0)
00:00:00.608784   SSE4_1 - SSE4_1 support                                 = 1 (1)
00:00:00.608784   SSE4_2 - SSE4_2 support                                 = 1 (1)
00:00:00.608785   X2APIC - x2APIC support                                 = 1 (1)
00:00:00.608786   MOVBE - MOVBE instruction                               = 1 (1)
00:00:00.608787   POPCNT - POPCNT instruction                             = 1 (1)
00:00:00.608788   TSCDEADL - Time Stamp Counter Deadline                  = 0 (1)
00:00:00.608789   AES - AES instructions                                  = 1 (1)
00:00:00.608789   XSAVE - XSAVE instruction                               = 1 (1)
00:00:00.608790   OSXSAVE - OSXSAVE instruction                           = 0 (1)
00:00:00.608791   AVX - AVX support                                       = 1 (1)
00:00:00.608792   F16C - 16-bit floating point conversion instructions    = 0 (1)
00:00:00.608793   RDRAND - RDRAND instruction                             = 1 (1)
00:00:00.608794   HVP - Hypervisor Present (we're a guest)                = 1 (0)
00:00:00.608795 Structured Extended Feature Flags Enumeration (leaf 7):
00:00:00.608795   Mnemonic - Description                                  = guest (host)
00:00:00.608795   FSGSBASE - RDFSBASE/RDGSBASE/WRFSBASE/WRGSBASE instr.   = 1 (1)
00:00:00.608796   TSCADJUST - Supports MSR_IA32_TSC_ADJUST                = 0 (1)
00:00:00.608797   SGX - Supports Software Guard Extensions                = 0 (1)
00:00:00.608798   BMI1 - Advanced Bit Manipulation extension 1            = 0 (1)
00:00:00.608798   HLE - Hardware Lock Elision                             = 0 (0)
00:00:00.608799   AVX2 - Advanced Vector Extensions 2                     = 1 (1)
00:00:00.608800   FDP_EXCPTN_ONLY - FPU DP only updated on exceptions     = 0 (0)
00:00:00.608801   SMEP - Supervisor Mode Execution Prevention             = 0 (1)
00:00:00.608801   BMI2 - Advanced Bit Manipulation extension 2            = 0 (1)
00:00:00.608802   ERMS - Enhanced REP MOVSB/STOSB instructions            = 0 (1)
00:00:00.608803   INVPCID - INVPCID instruction                           = 1 (1)
00:00:00.608803   RTM - Restricted Transactional Memory                   = 0 (0)
00:00:00.608804   PQM - Platform Quality of Service Monitoring            = 0 (0)
00:00:00.608805   DEPFPU_CS_DS - Deprecates FPU CS, FPU DS values if set  = 1 (1)
00:00:00.608805   MPE - Intel Memory Protection Extensions                = 0 (1)
00:00:00.608806   PQE - Platform Quality of Service Enforcement           = 0 (0)
00:00:00.608807   AVX512F - AVX512 Foundation instructions                = 0 (0)
00:00:00.608808   RDSEED - RDSEED instruction                             = 1 (1)
00:00:00.608808   ADX - ADCX/ADOX instructions                            = 0 (1)
00:00:00.608809   SMAP - Supervisor Mode Access Prevention                = 0 (1)
00:00:00.608810   CLFLUSHOPT - CLFLUSHOPT (Cache Line Flush) instruction  = 1 (1)
00:00:00.608811   INTEL_PT - Intel Processor Trace                        = 0 (1)
00:00:00.608811   AVX512PF - AVX512 Prefetch instructions                 = 0 (0)
00:00:00.608812   AVX512ER - AVX512 Exponential & Reciprocal instructions = 0 (0)
00:00:00.608813   AVX512CD - AVX512 Conflict Detection instructions       = 0 (0)
00:00:00.608813   SHA - Secure Hash Algorithm extensions                  = 0 (0)
00:00:00.608814   PREFETCHWT1 - PREFETCHWT1 instruction                   = 0 (0)
00:00:00.608815   UMIP - User mode insturction prevention                 = 0 (0)
00:00:00.608816   PKU - Protection Key for Usermode pages                 = 0 (0)
00:00:00.608816   OSPKE - CR4.PKU mirror                                  = 0 (0)
00:00:00.608817   MAWAU - Value used by BNDLDX & BNDSTX                   = 0x0 (0x0)
00:00:00.608818   RDPID - Read processor ID support                       = 0 (0)
00:00:00.608819   SGX_LC - Supports SGX Launch Configuration              = 0 (0)
00:00:00.608820    9 - Reserved                                           = 0 (1)
00:00:00.608821   MD_CLEAR - Supports MDS related buffer clearing         = 1 (1)
00:00:00.608822   11 - Reserved                                           = 0 (1)
00:00:00.608823   13 - Reserved                                           = 0 (1)
00:00:00.608824   IBRS_IBPB - IA32_SPEC_CTRL.IBRS and IA32_PRED_CMD.IBPB  = 0 (1)
00:00:00.608824   STIBP - Supports IA32_SPEC_CTRL.STIBP                   = 0 (1)
00:00:00.608825   FLUSH_CMD - Supports IA32_FLUSH_CMD                     = 1 (1)
00:00:00.608826   ARCHCAP - Supports IA32_ARCH_CAP                        = 0 (0)
00:00:00.608826   CORECAP - Supports IA32_CORE_CAP                        = 0 (0)
00:00:00.608827   SSBD - Supports IA32_SPEC_CTRL.SSBD                     = 0 (1)
00:00:00.608828 Processor Extended State Enumeration (leaf 0xd):
00:00:00.608829    XSAVE area cur/max size by XCR0, guest: 0x340/0x340
00:00:00.608830     XSAVE area cur/max size by XCR0, host: 0x440/0x440
00:00:00.608830                    Valid XCR0 bits, guest: 0x00000000`00000007 ( x87 SSE YMM_Hi128 )
00:00:00.608832                     Valid XCR0 bits, host: 0x00000000`0000001f ( x87 SSE YMM_Hi128 BNDREGS BNDCSR )
00:00:00.608834                     XSAVE features, guest:
00:00:00.608835                      XSAVE features, host: XSAVEOPT XSAVEC XGETBC1 XSAVES
00:00:00.608836       XSAVE area cur size XCR0|XSS, guest: 0x3c0
00:00:00.608837        XSAVE area cur size XCR0|XSS, host: 0x3c0
00:00:00.608838                Valid IA32_XSS bits, guest: 0x00000000`00000000
00:00:00.608838                 Valid IA32_XSS bits, host: 0x00000100`00000000 ( 40 )
00:00:00.608840   State #2, guest: off=0x0240, cb=0x0100 IA32_XSS-bit -- YMM_Hi128
00:00:00.608841   State #2, host:  off=0x0240, cb=0x0100 IA32_XSS-bit -- YMM_Hi128
00:00:00.608842   State #3, host:  off=0x03c0, cb=0x0040 IA32_XSS-bit -- BNDREGS
00:00:00.608844   State #4, host:  off=0x0400, cb=0x0040 IA32_XSS-bit -- BNDCSR
00:00:00.608845   State #8, host:  off=0x0000, cb=0x0080 XCR0-bit -- 8
00:00:00.608855          Unknown CPUID Leaves
00:00:00.608855      Leaf/sub-leaf  eax      ebx      ecx      edx
00:00:00.608855 Gst: 00000014/0001  00000000 00000000 00000000 00000000
00:00:00.608856 Hst:                02490002 003f3fff 00000000 00000000
00:00:00.608857 Gst: 00000014/0002  00000000 00000000 00000000 00000000
00:00:00.608858 Hst:                00000000 00000000 00000000 00000000
00:00:00.608858 Gst: 00000015/0000  00000000 00000000 00000000 00000000
00:00:00.608859 Hst:                00000002 000000d0 00000000 00000000
00:00:00.608860 Gst: 00000016/0000  00000000 00000000 00000000 00000000
00:00:00.608861 Hst:                000009c4 00000dac 00000064 00000000
00:00:00.608862          Raw Hypervisor CPUID Leaves
00:00:00.608862      Leaf/sub-leaf  eax      ebx      ecx      edx
00:00:00.608863 Gst: 40000000/0000  40000001 4b4d564b 564b4d56 0000004d
00:00:00.608864 Hst:                000009c4 00000dac 00000064 00000000
00:00:00.608865 Gst: 40000001/0000  01000089 00000000 00000000 00000000
00:00:00.608866 Hst:                000009c4 00000dac 00000064 00000000
00:00:00.608866          Raw Extended CPUID Leaves
00:00:00.608866      Leaf/sub-leaf  eax      ebx      ecx      edx
00:00:00.608871 Gst: 80000000/0000  80000008 00000000 00000000 00000000
00:00:00.608872 Hst:                80000008 00000000 00000000 00000000
00:00:00.608873 Gst: 80000001/0000  00000000 00000000 00000121 28100800
00:00:00.608874 Hst:                00000000 00000000 00000121 2c100800
00:00:00.608875 Gst: 80000002/0000  65746e49 2952286c 726f4320 4d542865
00:00:00.608876 Hst:                65746e49 2952286c 726f4320 4d542865
00:00:00.608877 Gst: 80000003/0000  35692029 3033372d 20514830 20555043
00:00:00.608878 Hst:                35692029 3033372d 20514830 20555043
00:00:00.608880 Gst: 80000004/0000  2e322040 48473035 0000007a 00000000
00:00:00.608880 Hst:                2e322040 48473035 0000007a 00000000
00:00:00.608881 Gst: 80000005/0000  00000000 00000000 00000000 00000000
00:00:00.608882 Hst:                00000000 00000000 00000000 00000000
00:00:00.608883 Gst: 80000006/0000  00000000 00000000 01006040 00000000
00:00:00.608883 Hst:                00000000 00000000 01006040 00000000
00:00:00.608884 Gst: 80000007/0000  00000000 00000000 00000000 00000100
00:00:00.608885 Hst:                00000000 00000000 00000000 00000100
00:00:00.608885 Gst: 80000008/0000  00003027 00000000 00000000 00000000
00:00:00.608886 Hst:                00003027 00000000 00000000 00000000
00:00:00.608887 Ext Name:                        
00:00:00.608887 Ext Supports:                    0x80000000-0x80000008
00:00:00.608888 Family:                          0  	Extended: 0 	Effective: 0
00:00:00.608889 Model:                           0  	Extended: 0 	Effective: 0
00:00:00.608889 Stepping:                        0
00:00:00.608889 Brand ID:                        0x000
00:00:00.608890 Ext Features
00:00:00.608890   Mnemonic - Description                                  = guest (host)
00:00:00.608891   FPU - x87 FPU on Chip                                   = 0 (0)
00:00:00.608892   VME - Virtual 8086 Mode Enhancements                    = 0 (0)
00:00:00.608892   DE - Debugging extensions                               = 0 (0)
00:00:00.608893   PSE - Page Size Extension                               = 0 (0)
00:00:00.608894   TSC - Time Stamp Counter                                = 0 (0)
00:00:00.608895   MSR - K86 Model Specific Registers                      = 0 (0)
00:00:00.608896   PAE - Physical Address Extension                        = 0 (0)
00:00:00.608897   MCE - Machine Check Exception                           = 0 (0)
00:00:00.608897   CX8 - CMPXCHG8B instruction                             = 0 (0)
00:00:00.608898   APIC - APIC On-Chip                                     = 0 (0)
00:00:00.608899   SEP - SYSCALL/SYSRET                                    = 1 (1)
00:00:00.608900   MTRR - Memory Type Range Registers                      = 0 (0)
00:00:00.608901   PGE - PTE Global Bit                                    = 0 (0)
00:00:00.608902   MCA - Machine Check Architecture                        = 0 (0)
00:00:00.608903   CMOV - Conditional Move instructions                    = 0 (0)
00:00:00.608903   PAT - Page Attribute Table                              = 0 (0)
00:00:00.608904   PSE-36 - 36-bit Page Size Extension                     = 0 (0)
00:00:00.608905   NX - No-Execute/Execute-Disable                         = 1 (1)
00:00:00.608906   AXMMX - AMD Extensions to MMX instructions              = 0 (0)
00:00:00.608907   MMX - Intel MMX Technology                              = 0 (0)
00:00:00.608907   FXSR - FXSAVE and FXRSTOR Instructions                  = 0 (0)
00:00:00.608908   FFXSR - AMD fast FXSAVE and FXRSTOR instructions        = 0 (0)
00:00:00.608909   Page1GB - 1 GB large page                               = 0 (1)
00:00:00.608910   RDTSCP - RDTSCP instruction                             = 1 (1)
00:00:00.608911   LM - AMD64 Long Mode                                    = 1 (1)
00:00:00.608911   3DNOWEXT - AMD Extensions to 3DNow                      = 0 (0)
00:00:00.608912   3DNOW - AMD 3DNow                                       = 0 (0)
00:00:00.608913   LahfSahf - LAHF/SAHF support in 64-bit mode             = 1 (1)
00:00:00.608914   CmpLegacy - Core multi-processing legacy mode           = 0 (0)
00:00:00.608915   SVM - AMD Secure Virtual Machine extensions             = 0 (0)
00:00:00.608915   EXTAPIC - AMD Extended APIC registers                   = 0 (0)
00:00:00.608916   CR8L - AMD LOCK MOV CR0 means MOV CR8                   = 0 (0)
00:00:00.608917   ABM - AMD Advanced Bit Manipulation                     = 1 (1)
00:00:00.608918   SSE4A - SSE4A instructions                              = 0 (0)
00:00:00.608918   MISALIGNSSE - AMD Misaligned SSE mode                   = 0 (0)
00:00:00.608919   3DNOWPRF - AMD PREFETCH and PREFETCHW instructions      = 1 (1)
00:00:00.608920   OSVW - AMD OS Visible Workaround                        = 0 (0)
00:00:00.608921   IBS - Instruct Based Sampling                           = 0 (0)
00:00:00.608921   XOP - Extended Operation support                        = 0 (0)
00:00:00.608922   SKINIT - SKINIT, STGI, and DEV support                  = 0 (0)
00:00:00.608923   WDT - AMD Watchdog Timer support                        = 0 (0)
00:00:00.608924   LWP - Lightweight Profiling support                     = 0 (0)
00:00:00.608924   FMA4 - Four operand FMA instruction support             = 0 (0)
00:00:00.608925   NodeId - NodeId in MSR C001_100C                        = 0 (0)
00:00:00.608926   TBM - Trailing Bit Manipulation instructions            = 0 (0)
00:00:00.608927   TOPOEXT - Topology Extensions                           = 0 (0)
00:00:00.608927   PRFEXTCORE - Performance Counter Extensions support     = 0 (0)
00:00:00.608928   PRFEXTNB - NB Performance Counter Extensions support    = 0 (0)
00:00:00.608929   DATABPEXT - Data-access Breakpoint Extension            = 0 (0)
00:00:00.608929   PERFTSC - Performance Time Stamp Counter                = 0 (0)
00:00:00.608930   PCX_L2I - L2I/L3 Performance Counter Extensions         = 0 (0)
00:00:00.608931   MWAITX - MWAITX and MONITORX instructions               = 0 (0)
00:00:00.608932 Full Name:                       "Intel(R) Core(TM) i5-7300HQ CPU @ 2.50GHz"
00:00:00.608933 TLB 2/4M Instr/Uni:              res0     0 entries
00:00:00.608933 TLB 2/4M Data:                   res0     0 entries
00:00:00.608934 TLB 4K Instr/Uni:                res0     0 entries
00:00:00.608934 TLB 4K Data:                     res0     0 entries
00:00:00.608935 L1 Instr Cache Line Size:        0 bytes
00:00:00.608935 L1 Instr Cache Lines Per Tag:    0
00:00:00.608935 L1 Instr Cache Associativity:    res0  
00:00:00.608935 L1 Instr Cache Size:             0 KB
00:00:00.608936 L1 Data Cache Line Size:         0 bytes
00:00:00.608936 L1 Data Cache Lines Per Tag:     0
00:00:00.608936 L1 Data Cache Associativity:     res0  
00:00:00.608937 L1 Data Cache Size:              0 KB
00:00:00.608937 L2 TLB 2/4M Instr/Uni:           off       0 entries
00:00:00.608937 L2 TLB 2/4M Data:                off       0 entries
00:00:00.608938 L2 TLB 4K Instr/Uni:             off       0 entries
00:00:00.608938 L2 TLB 4K Data:                  off       0 entries
00:00:00.608939 L2 Cache Line Size:              0 bytes
00:00:00.608939 L2 Cache Lines Per Tag:          0
00:00:00.608939 L2 Cache Associativity:          off   
00:00:00.608940 L2 Cache Size:                   0 KB
00:00:00.608940   TS - Temperature Sensor                                 = 0 (0)
00:00:00.608941   FID - Frequency ID control                              = 0 (0)
00:00:00.608942   VID - Voltage ID control                                = 0 (0)
00:00:00.608943   TscInvariant - Invariant Time Stamp Counter             = 1 (1)
00:00:00.608944   CBP - Core Performance Boost                            = 0 (0)
00:00:00.608945   EffFreqRO - Read-only Effective Frequency Interface     = 0 (0)
00:00:00.608945   ProcFdbkIf - Processor Feedback Interface               = 0 (0)
00:00:00.608946   ProcPwrRep - Core power reporting interface support     = 0 (0)
00:00:00.608947 Physical Address Width:          39 bits
00:00:00.608947 Virtual Address Width:           48 bits
00:00:00.608948 Guest Physical Address Width:    0 bits
00:00:00.608948 Physical Core Count:             1
00:00:00.608950 
00:00:00.608950 ******************** End of CPUID dump **********************
00:00:00.608951 *********************** VT-x features ***********************
00:00:00.608952 Nested hardware virtualization - VMX features
00:00:00.608952   Mnemonic - Description                                  = guest (host)
00:00:00.608952   VMX - Virtual-Machine Extensions                        = 0 (1)
00:00:00.608953   InsOutInfo - INS/OUTS instruction info.                 = 0 (1)
00:00:00.608954   ExtIntExit - External interrupt exiting                 = 0 (1)
00:00:00.608954   NmiExit - NMI exiting                                   = 0 (1)
00:00:00.608955   VirtNmi - Virtual NMIs                                  = 0 (1)
00:00:00.608955   PreemptTimer - VMX preemption timer                     = 0 (1)
00:00:00.608956   PostedInt - Posted interrupts                           = 0 (0)
00:00:00.608956   IntWindowExit - Interrupt-window exiting                = 0 (1)
00:00:00.608956   TscOffsetting - TSC offsetting                          = 0 (1)
00:00:00.608957   HltExit - HLT exiting                                   = 0 (1)
00:00:00.608957   InvlpgExit - INVLPG exiting                             = 0 (1)
00:00:00.608958   MwaitExit - MWAIT exiting                               = 0 (1)
00:00:00.608958   RdpmcExit - RDPMC exiting                               = 0 (1)
00:00:00.608959   RdtscExit - RDTSC exiting                               = 0 (1)
00:00:00.608959   Cr3LoadExit - CR3-load exiting                          = 0 (1)
00:00:00.608959   Cr3StoreExit - CR3-store exiting                        = 0 (1)
00:00:00.608960   Cr8LoadExit  - CR8-load exiting                         = 0 (1)
00:00:00.608960   Cr8StoreExit - CR8-store exiting                        = 0 (1)
00:00:00.608961   UseTprShadow - Use TPR shadow                           = 0 (1)
00:00:00.608961   NmiWindowExit - NMI-window exiting                      = 0 (1)
00:00:00.608962   MovDRxExit - Mov-DR exiting                             = 0 (1)
00:00:00.608962   UncondIoExit - Unconditional I/O exiting                = 0 (1)
00:00:00.608962   UseIoBitmaps - Use I/O bitmaps                          = 0 (1)
00:00:00.608963   MonitorTrapFlag - Monitor Trap Flag                     = 0 (1)
00:00:00.608963   UseMsrBitmaps - MSR bitmaps                             = 0 (1)
00:00:00.608964   MonitorExit - MONITOR exiting                           = 0 (1)
00:00:00.608964   PauseExit - PAUSE exiting                               = 0 (1)
00:00:00.608965   SecondaryExecCtl - Activate secondary controls          = 0 (1)
00:00:00.608965   VirtApic - Virtualize-APIC accesses                     = 0 (1)
00:00:00.608965   Ept - Extended Page Tables                              = 0 (1)
00:00:00.608966   DescTableExit - Descriptor-table exiting                = 0 (1)
00:00:00.608966   Rdtscp - Enable RDTSCP                                  = 0 (1)
00:00:00.608967   VirtX2ApicMode - Virtualize-x2APIC mode                 = 0 (1)
00:00:00.608967   Vpid - Enable VPID                                      = 0 (1)
00:00:00.608967   WbinvdExit - WBINVD exiting                             = 0 (1)
00:00:00.608968   UnrestrictedGuest - Unrestricted guest                  = 0 (1)
00:00:00.608968   ApicRegVirt - APIC-register virtualization              = 0 (0)
00:00:00.608969   VirtIntDelivery - Virtual-interrupt delivery            = 0 (0)
00:00:00.608969   PauseLoopExit - PAUSE-loop exiting                      = 0 (1)
00:00:00.608970   RdrandExit - RDRAND exiting                             = 0 (1)
00:00:00.608970   Invpcid - Enable INVPCID                                = 0 (1)
00:00:00.608970   VmFuncs - Enable VM Functions                           = 0 (1)
00:00:00.608971   VmcsShadowing - VMCS shadowing                          = 0 (0)
00:00:00.608971   RdseedExiting - RDSEED exiting                          = 0 (1)
00:00:00.608972   PML - Page-Modification Log (PML)                       = 0 (1)
00:00:00.608972   EptVe - EPT violations can cause #VE                    = 0 (1)
00:00:00.608973   XsavesXRstors - Enable XSAVES/XRSTORS                   = 0 (1)
00:00:00.608973   EntryLoadDebugCtls - Load debug controls on VM-entry    = 0 (1)
00:00:00.608973   Ia32eModeGuest - IA-32e mode guest                      = 0 (1)
00:00:00.608974   EntryLoadEferMsr - Load IA32_EFER MSR on VM-entry       = 0 (1)
00:00:00.608974   EntryLoadPatMsr - Load IA32_PAT MSR on VM-entry         = 0 (1)
00:00:00.608975   ExitSaveDebugCtls - Save debug controls on VM-exit      = 0 (1)
00:00:00.608975   HostAddrSpaceSize - Host address-space size             = 0 (1)
00:00:00.608975   ExitAckExtInt - Acknowledge interrupt on VM-exit        = 0 (1)
00:00:00.608976   ExitSavePatMsr - Save IA32_PAT MSR on VM-exit           = 0 (1)
00:00:00.608976   ExitLoadPatMsr - Load IA32_PAT MSR on VM-exit           = 0 (1)
00:00:00.608977   ExitSaveEferMsr - Save IA32_EFER MSR on VM-exit         = 0 (1)
00:00:00.608977   ExitLoadEferMsr - Load IA32_EFER MSR on VM-exit         = 0 (1)
00:00:00.608978   SavePreemptTimer - Save VMX-preemption timer            = 0 (1)
00:00:00.608978   ExitSaveEferLma - Save IA32_EFER.LMA on VM-exit         = 0 (1)
00:00:00.608978   IntelPt - Intel PT (Processor Trace) in VMX operation   = 0 (1)
00:00:00.608979   VmwriteAll - VMWRITE to any supported VMCS field        = 0 (1)
00:00:00.608979   EntryInjectSoftInt - Inject softint. with 0-len instr.  = 0 (1)
00:00:00.608980 
00:00:00.608980 ******************* End of VT-x features ********************
00:00:00.608998 VMEmt: Halt method global1 (5)
00:00:00.609026 VMEmt: HaltedGlobal1 config: cNsSpinBlockThresholdCfg=2000
00:00:00.609031 Changing the VM state from 'CREATING' to 'CREATED'
00:00:00.611541 Changing the VM state from 'CREATED' to 'POWERING_ON'
00:00:00.611613 AIOMgr: Endpoints without assigned bandwidth groups:
00:00:00.611617 AIOMgr:     /home/vamsi/Documents/Acads/Sem 7/Computer Networks/Lab/Lab1/lab1_network/VMImages/h2/Snapshots/{a52678ea-7277-4541-8ef7-7de3ae5f7645}.vdi
00:00:00.611620 AIOMgr:     /home/vamsi/Documents/Acads/Sem 7/Computer Networks/Lab/Lab1/lab1_network/VMImages/base/Snapshots/{8f83ab64-891d-4e29-8532-09d2e668c3dd}.vdi
00:00:00.611622 AIOMgr:     /home/vamsi/Documents/Acads/Sem 7/Computer Networks/Lab/Lab1/lab1_network/VMImages/base/base.vdi
00:00:00.612080 Changing the VM state from 'POWERING_ON' to 'RUNNING'
00:00:00.612089 Console: Machine state changed to 'Running'
00:00:00.612764 VMMDev: Guest Log: BIOS: VirtualBox 6.1.26
00:00:00.612764 PCI: Setting up resources and interrupts
00:00:00.612764 PIT: mode=2 count=0x10000 (65536) - 18.20 Hz (ch=0)
00:00:00.617033 VBoxHeadless: starting event loop
00:00:00.632805 Display::i_handleDisplayResize: uScreenId=0 pvVRAM=0000000000000000 w=720 h=400 bpp=0 cbLine=0x0 flags=0x0 origin=0,0
00:00:00.633089 VMMDev: Guest Log: CPUID EDX: 0x178bfbff
00:00:00.633140 PIIX3 ATA: Ctl#0: RESET, DevSel=0 AIOIf=0 CmdIf0=0x00 (-1 usec ago) CmdIf1=0x00 (-1 usec ago)
00:00:00.633504 PIIX3 ATA: Ctl#0: finished processing RESET
00:00:00.634555 AHCI#0: Reset the HBA
00:00:00.634565 VD#0: Cancelling all active requests
00:00:00.634607 AHCI#0: Port 0 reset
00:00:00.634626 VD#0: Cancelling all active requests
00:00:00.635100 VMMDev: Guest Log: BIOS: AHCI 0-P#0: PCHS=2212/16/63 LCHS=553/64/63 0x00000000002205c6 sectors
00:00:00.636232 PIT: mode=2 count=0x48d3 (18643) - 64.00 Hz (ch=0)
00:00:00.651927 Display::i_handleDisplayResize: uScreenId=0 pvVRAM=00007f6aa4bac000 w=640 h=480 bpp=32 cbLine=0xA00 flags=0x0 origin=0,0
00:00:03.117432 PIT: mode=2 count=0x10000 (65536) - 18.20 Hz (ch=0)
00:00:03.117775 VMMDev: Guest Log: BIOS: Boot : bseqnr=1, bootseq=0231
00:00:03.118055 VMMDev: Guest Log: BIOS: Boot from Floppy 0 failed
00:00:03.118364 VMMDev: Guest Log: BIOS: Boot : bseqnr=2, bootseq=0023
00:00:03.119094 VMMDev: Guest Log: BIOS: CDROM boot failure code : 0003
00:00:03.119344 VMMDev: Guest Log: BIOS: Boot from CD-ROM failed
00:00:03.119655 VMMDev: Guest Log: BIOS: Boot : bseqnr=3, bootseq=0002
00:00:03.145893 VMMDev: Guest Log: BIOS: Booting from Hard Disk...
00:00:03.166659 Display::i_handleDisplayResize: uScreenId=0 pvVRAM=0000000000000000 w=720 h=400 bpp=0 cbLine=0x0 flags=0x0 origin=0,0
00:00:04.443686 VMMDev: Guest Log: BIOS: KBD: unsupported int 16h function 03
00:00:04.443894 VMMDev: Guest Log: BIOS: AX=0305 BX=0000 CX=0000 DX=0000 
00:00:04.553172 GIM: KVM: VCPU  0: Enabled system-time struct. at 0x00000000008d1000 - u32TscScale=0xced053ee i8TscShift=-1 uVersion=2 fFlags=0x1 uTsc=0x245793e94 uVirtNanoTS=0xeae060c0 TscKHz=2475656
00:00:04.553192 TM: Switching TSC mode from 'Dynamic' to 'RealTscOffset'
00:00:04.574400 GIM: KVM: Enabled wall-clock struct. at 0x00000000008d0004 - u32Sec=1630218404 u32Nano=734574339 uVersion=2
00:00:04.581944 PIT: mode=2 count=0xf89 (3977) - 300.02 Hz (ch=0)
00:00:04.695728 PIT: mode=0 count=0x10000 (65536) - 18.20 Hz (ch=0)
00:00:04.762174 OHCI: Software reset
00:00:04.912156 AHCI#0: Reset the HBA
00:00:04.912171 VD#0: Cancelling all active requests
00:00:04.912807 AHCI#0: Port 0 reset
00:00:04.913704 OHCI: USB Reset
00:00:04.913981 PIIX3 ATA: Ctl#0: RESET, DevSel=0 AIOIf=0 CmdIf0=0xa0 (-1 usec ago) CmdIf1=0x00 (-1 usec ago)
00:00:04.914114 PIIX3 ATA: Ctl#0: finished processing RESET
00:00:04.914123 VD#0: Cancelling all active requests
00:00:05.001663 OHCI: Software reset
00:00:05.001767 OHCI: USB Operational
00:00:05.452997 VMMDev: Guest Log: vboxguest: host-version: 6.1.26r145957 0x8000000f
00:00:05.453028 VMMDev: Guest Additions information report: Version 5.2.0 r68940 '5.2.0'
00:00:05.453048 VMMDev: Guest Additions information report: Interface = 0x00010004 osType = 0x00053000 (Linux >= 2.6, 32-bit)
00:00:05.453101 VMMDev: Guest Additions capability report: (0x0 -> 0x0) seamless: no, hostWindowMapping: no, graphics: no
00:00:05.453145 VMMDev: vmmDevReqHandler_HeartbeatConfigure: No change (fHeartbeatActive=false)
00:00:05.453167 VMMDev: Heartbeat flatline timer set to trigger after 4 000 000 000 ns
00:00:05.453542 VMMDev: Guest Log: vbg_heartbeat_init: Setting up heartbeat to trigger every 2000 milliseconds
00:00:05.462399 VMMDev: Guest Log: vboxguest: misc device minor 56, IRQ 20, I/O port d040, MMIO at 0xf0400000 (size 0x00400000)
00:00:08.847713 NAT: Link up
00:00:09.453214 VMMDev: vmmDevHeartbeatFlatlinedTimer: Guest seems to be unresponsive. Last heartbeat received 4 seconds ago
00:01:19.185674 NAT: Old socket recv size: 128KB
00:01:19.185697 NAT: Old socket send size: 128KB
00:05:15.785996 VMMDev: GuestHeartBeat: Guest is alive (gone 310 332 829 314 ns)
